
          -------------------------------------------------------
          Amber 16 PMEMD                              2016
          -------------------------------------------------------

| PMEMD implementation of SANDER, Release 16

| Run on 05/03/2018 at 21:28:32

|   Executable path: pmemd
| Working directory: /home/german/lbp/run/1ure/mhe/m
|          Hostname: Unknown
  [-O]verwriting output

File Assignments:
|   MDIN: min.in                                                                
|  MDOUT: min.out                                                               
| INPCRD: 1ure.rst7                                                             
|   PARM: /home/german/lbp/top_files/1ure.prmtop                                
| RESTRT: m1ure.rst7                                                            
|   REFC: 1ure.rst7                                                             
|  MDVEL: mdvel                                                                 
|   MDEN: mden                                                                  
|  MDCRD: mdcrd                                                                 
| MDINFO: mdinfo                                                                
|  MDFRC: mdfrc                                                                 


 Here is the input file:

Minimization with Cartesian restraints                                         
&cntrl                                                                         
imin=1,                                                                        
ntmin=1,                                ! Steepest Descent, then Conjugate Grad
ncyc=100,                               ! 100 steps of Steepest Descent        
maxcyc=500,                             ! 400 steps of Conjugate Gradient      
ntpr=5,                                                                        
ntr=1,                                  ! Use restraints                       
restraint_wt=10.0,                      ! 10 Kcal/mol                          
restraintmask=':1-132',                 ! Apply restraints on whole molecule.  
&end                                                                           


Note: ig = -1. Setting random seed to   133663 based on wallclock time in 
      microseconds.
 
 
| Conditional Compilation Defines Used:
| PUBFFT
| BINTRAJ
| EMIL

| Largest sphere to fit in unit cell has radius =    25.541

| New format PARM file being parsed.
| Version =    1.000 Date = 05/03/18 Time = 18:00:41

| Note: 1-4 EEL scale factors are being read from the topology file.

| Note: 1-4 VDW scale factors are being read from the topology file.
| Duplicated    0 dihedrals

| Duplicated    0 dihedrals

--------------------------------------------------------------------------------
   1.  RESOURCE   USE: 
--------------------------------------------------------------------------------

 getting new box info from bottom of inpcrd
 NATOM  =   16143 NTYPES =      16 NBONH =   15068 MBONA  =    1090
 NTHETH =    2483 MTHETA =    1455 NPHIH =    4974 MPHIA  =    4545
 NHPARM =       0 NPARM  =       0 NNB   =   30550 NRES   =    4792
 NBONA  =    1090 NTHETA =    1455 NPHIA =    4545 NUMBND =      69
 NUMANG =     150 NPTRA  =     181 NATYP =      39 NPHB   =       1
 IFBOX  =       2 NMXRS  =      50 IFCAP =       0 NEXTRA =       0
 NCOPY  =       0

| Coordinate Index Table dimensions:    12   12   12
| Direct force subcell size =     5.2135    5.2135    5.2135

     BOX TYPE: TRUNCATED OCTAHEDRON

--------------------------------------------------------------------------------
   2.  CONTROL  DATA  FOR  THE  RUN
--------------------------------------------------------------------------------

default_name                                                                    

General flags:
     imin    =       1, nmropt  =       0

Nature and format of input:
     ntx     =       1, irest   =       0, ntrx    =       1

Nature and format of output:
     ntxo    =       2, ntpr    =       5, ntrx    =       1, ntwr    =       1
     iwrap   =       0, ntwx    =       0, ntwv    =       0, ntwe    =       0
     ioutfm  =       1, ntwprt  =       0, idecomp =       0, rbornstat=      0

Potential function:
     ntf     =       1, ntb     =       1, igb     =       0, nsnb    =      25
     ipol    =       0, gbsa    =       0, iesp    =       0
     dielc   =   1.00000, cut     =   8.00000, intdiel =   1.00000

Frozen or restrained atoms:
     ibelly  =       0, ntr     =       1
     restraint_wt =  10.00000

Energy minimization:
     maxcyc  =     500, ncyc    =     100, ntmin   =       1
     dx0     =   0.01000, drms    =   0.00010

| Intermolecular bonds treatment:
|     no_intermolecular_bonds =       1

| Energy averages sample interval:
|     ene_avg_sampling =       1

Ewald parameters:
     verbose =       0, ew_type =       0, nbflag  =       1, use_pme =       1
     vdwmeth =       1, eedmeth =       1, netfrc  =       0
     Box X =   62.563   Box Y =   62.563   Box Z =   62.563
     Alpha =  109.471   Beta  =  109.471   Gamma =  109.471
     NFFT1 =   64       NFFT2 =   64       NFFT3 =   64
     Cutoff=    8.000   Tol   =0.100E-04
     Ewald Coefficient =  0.34864
     Interpolation order =    4

    LOADING THE CONSTRAINED ATOMS AS GROUPS


   5.  REFERENCE ATOM COORDINATES

  default_name                                                                    
     Mask :1-132; matches  2163 atoms

--------------------------------------------------------------------------------
   3.  ATOMIC COORDINATES AND VELOCITIES
--------------------------------------------------------------------------------

default_name                                                                    
 begin time read from input coords =     0.000 ps

 
 Number of triangulated 3-point waters found:     4660

     Sum of charges from parm topology file =  -0.00200004
     Forcing neutrality...

| Dynamic Memory, Types Used:
| Reals              544942
| Integers           566839

| Nonbonded Pairs Initial Allocation:     2696284

--------------------------------------------------------------------------------
   4.  RESULTS
--------------------------------------------------------------------------------

 ---------------------------------------------------
 APPROXIMATING switch and d/dx switch using CUBIC SPLINE INTERPOLATION
 using   5000.0 points per unit in tabled values
 TESTING RELATIVE ERROR over r ranging from 0.0 to cutoff
| CHECK switch(x): max rel err =   0.2738E-14   at   2.422500
| CHECK d/dx switch(x): max rel err =   0.8332E-11   at   2.782960
 ---------------------------------------------------
|---------------------------------------------------
| APPROXIMATING direct energy using CUBIC SPLINE INTERPOLATION
|  with   50.0 points per unit in tabled values
| Relative Error Limit not exceeded for r .gt.   2.47
| APPROXIMATING direct force using CUBIC SPLINE INTERPOLATION
|  with   50.0 points per unit in tabled values
| Relative Error Limit not exceeded for r .gt.   2.89
|---------------------------------------------------


   NSTEP       ENERGY          RMS            GMAX         NAME    NUMBER
      1      -3.7516E+04     2.7071E+01     1.9070E+03     O        9442

 BOND    =      192.6322  ANGLE   =      682.8695  DIHED      =     1721.2056
 VDWAALS =     5867.6458  EEL     =   -52938.1479  HBOND      =        0.0000
 1-4 VDW =      784.7317  1-4 EEL =     6172.7156  RESTRAINT  =        0.0000


   NSTEP       ENERGY          RMS            GMAX         NAME    NUMBER
      5      -3.7865E+04     2.2479E+01     1.4439E+03     O        9442

 BOND    =      184.3518  ANGLE   =      676.4175  DIHED      =     1721.0165
 VDWAALS =     5606.8013  EEL     =   -53010.1347  HBOND      =        0.0000
 1-4 VDW =      784.0955  1-4 EEL =     6172.1963  RESTRAINT  =        0.0055
 EAMBER  =   -37865.2558


   NSTEP       ENERGY          RMS            GMAX         NAME    NUMBER
     10      -3.8624E+04     1.5860E+01     7.5990E+02     O        9442

 BOND    =      176.5029  ANGLE   =      654.0261  DIHED      =     1720.3819
 VDWAALS =     5139.6806  EEL     =   -53267.1480  HBOND      =        0.0000
 1-4 VDW =      781.7779  1-4 EEL =     6170.2434  RESTRAINT  =        0.1000
 EAMBER  =   -38624.5351


   NSTEP       ENERGY          RMS            GMAX         NAME    NUMBER
     15      -3.9901E+04     1.0341E+01     2.9351E+02     O        9442

 BOND    =      299.2927  ANGLE   =      592.0075  DIHED      =     1718.7754
 VDWAALS =     4620.4367  EEL     =   -54070.3715  HBOND      =        0.0000
 1-4 VDW =      774.2637  1-4 EEL =     6163.2155  RESTRAINT  =        0.9532
 EAMBER  =   -39902.3799


   NSTEP       ENERGY          RMS            GMAX         NAME    NUMBER
     20      -4.1808E+04     5.6578E+00     9.0548E+01     O       14074

 BOND    =     1095.1993  ANGLE   =      477.4282  DIHED      =     1718.7619
 VDWAALS =     4098.7359  EEL     =   -56094.0688  HBOND      =        0.0000
 1-4 VDW =      752.8873  1-4 EEL =     6136.4745  RESTRAINT  =        6.3019
 EAMBER  =   -41814.5818


   NSTEP       ENERGY          RMS            GMAX         NAME    NUMBER
     25      -4.4205E+04     2.9614E+00     3.5294E+01     O        8110

 BOND    =     2321.1305  ANGLE   =      357.3887  DIHED      =     1739.1819
 VDWAALS =     3663.2412  EEL     =   -59074.9954  HBOND      =        0.0000
 1-4 VDW =      703.0473  1-4 EEL =     6048.9054  RESTRAINT  =       37.2530
 EAMBER  =   -44242.1005


   NSTEP       ENERGY          RMS            GMAX         NAME    NUMBER
     30      -4.6177E+04     6.8326E+00     2.4591E+02     CD       2108

 BOND    =     2780.8175  ANGLE   =      333.7656  DIHED      =     1748.3523
 VDWAALS =     3584.7650  EEL     =   -61350.1891  HBOND      =        0.0000
 1-4 VDW =      653.1486  1-4 EEL =     5970.9551  RESTRAINT  =      101.1265
 EAMBER  =   -46278.3850


   NSTEP       ENERGY          RMS            GMAX         NAME    NUMBER
     35      -4.7016E+04     2.1407E+00     3.8260E+01     CD       1710

 BOND    =     2530.2878  ANGLE   =      301.8909  DIHED      =     1747.9746
 VDWAALS =     3589.4354  EEL     =   -61902.1824  HBOND      =        0.0000
 1-4 VDW =      641.9014  1-4 EEL =     5958.4059  RESTRAINT  =      116.6318
 EAMBER  =   -47132.2864


   NSTEP       ENERGY          RMS            GMAX         NAME    NUMBER
     40      -4.7482E+04     1.7707E+00     2.0985E+01     CD       1710

 BOND    =     2566.1044  ANGLE   =      295.7913  DIHED      =     1747.2867
 VDWAALS =     3607.0728  EEL     =   -62414.3674  HBOND      =        0.0000
 1-4 VDW =      633.2759  1-4 EEL =     5949.3230  RESTRAINT  =      133.5890
 EAMBER  =   -47615.5134


   NSTEP       ENERGY          RMS            GMAX         NAME    NUMBER
     45      -4.7941E+04     3.0611E+00     9.5718E+01     CD       1607

 BOND    =     2626.0284  ANGLE   =      294.1846  DIHED      =     1746.2496
 VDWAALS =     3635.0433  EEL     =   -62960.6688  HBOND      =        0.0000
 1-4 VDW =      624.2270  1-4 EEL =     5940.3747  RESTRAINT  =      153.4656
 EAMBER  =   -48094.5613


   NSTEP       ENERGY          RMS            GMAX         NAME    NUMBER
     50      -4.8318E+04     2.1869E+00     6.4776E+01     CD       1607

 BOND    =     2642.6073  ANGLE   =      287.8528  DIHED      =     1745.3683
 VDWAALS =     3660.7809  EEL     =   -63376.2379  HBOND      =        0.0000
 1-4 VDW =      618.4089  1-4 EEL =     5935.0608  RESTRAINT  =      168.3209
 EAMBER  =   -48486.1590


   NSTEP       ENERGY          RMS            GMAX         NAME    NUMBER
     55      -4.8589E+04     3.6787E+00     1.3823E+02     CD       1607

 BOND    =     2710.2828  ANGLE   =      289.7893  DIHED      =     1744.4544
 VDWAALS =     3691.8017  EEL     =   -63751.3127  HBOND      =        0.0000
 1-4 VDW =      613.2224  1-4 EEL =     5930.1612  RESTRAINT  =      182.7531
 EAMBER  =   -48771.6009


   NSTEP       ENERGY          RMS            GMAX         NAME    NUMBER
     60      -4.8869E+04     3.9661E+00     1.5299E+02     CD       1607

 BOND    =     2745.8236  ANGLE   =      289.0550  DIHED      =     1743.5124
 VDWAALS =     3725.4884  EEL     =   -64104.2004  HBOND      =        0.0000
 1-4 VDW =      608.7318  1-4 EEL =     5926.2932  RESTRAINT  =      196.1181
 EAMBER  =   -49065.2960


   NSTEP       ENERGY          RMS            GMAX         NAME    NUMBER
     65      -4.9115E+04     3.8323E+00     1.5365E+02     CD       1607

 BOND    =     2767.2523  ANGLE   =      286.9884  DIHED      =     1742.6940
 VDWAALS =     3757.3257  EEL     =   -64405.1902  HBOND      =        0.0000
 1-4 VDW =      605.3996  1-4 EEL =     5923.4380  RESTRAINT  =      207.0169
 EAMBER  =   -49322.0921


   NSTEP       ENERGY          RMS            GMAX         NAME    NUMBER
     70      -4.9350E+04     3.9024E+00     1.6390E+02     CD       1607

 BOND    =     2791.8184  ANGLE   =      285.2302  DIHED      =     1741.8510
 VDWAALS =     3794.1677  EEL     =   -64704.3121  HBOND      =        0.0000
 1-4 VDW =      602.2612  1-4 EEL =     5920.8074  RESTRAINT  =      217.9704
 EAMBER  =   -49568.1762


   NSTEP       ENERGY          RMS            GMAX         NAME    NUMBER
     75      -4.9639E+04     1.2396E+00     2.3876E+01     H1      13946

 BOND    =     2783.9765  ANGLE   =      276.9997  DIHED      =     1741.0065
 VDWAALS =     3827.3716  EEL     =   -65015.0648  HBOND      =        0.0000
 1-4 VDW =      599.6207  1-4 EEL =     5919.2402  RESTRAINT  =      227.4654
 EAMBER  =   -49866.8495


   NSTEP       ENERGY          RMS            GMAX         NAME    NUMBER
     80      -4.9720E+04     4.3535E+00     1.9863E+02     CD       1607

 BOND    =     2856.8352  ANGLE   =      285.2695  DIHED      =     1740.4009
 VDWAALS =     3866.4868  EEL     =   -65219.4982  HBOND      =        0.0000
 1-4 VDW =      597.6004  1-4 EEL =     5916.8424  RESTRAINT  =      235.7969
 EAMBER  =   -49956.0630


   NSTEP       ENERGY          RMS            GMAX         NAME    NUMBER
     85      -5.0026E+04     1.2526E+00     3.5115E+01     H1      13946

 BOND    =     2831.4427  ANGLE   =      274.5317  DIHED      =     1739.5283
 VDWAALS =     3905.6645  EEL     =   -65532.7677  HBOND      =        0.0000
 1-4 VDW =      595.3413  1-4 EEL =     5915.7151  RESTRAINT  =      244.6362
 EAMBER  =   -50270.5441


   NSTEP       ENERGY          RMS            GMAX         NAME    NUMBER
     90      -5.0183E+04     1.0396E+00     1.8082E+01     H1      13946

 BOND    =     2837.0436  ANGLE   =      274.0057  DIHED      =     1738.9544
 VDWAALS =     3941.3873  EEL     =   -65733.7340  HBOND      =        0.0000
 1-4 VDW =      593.7965  1-4 EEL =     5914.4761  RESTRAINT  =      251.1461
 EAMBER  =   -50434.0704


   NSTEP       ENERGY          RMS            GMAX         NAME    NUMBER
     95      -5.0352E+04     1.0106E+00     1.9380E+01     H1      13946

 BOND    =     2856.4905  ANGLE   =      273.2252  DIHED      =     1738.3029
 VDWAALS =     3983.5961  EEL     =   -65966.8497  HBOND      =        0.0000
 1-4 VDW =      592.2276  1-4 EEL =     5913.2191  RESTRAINT  =      258.1539
 EAMBER  =   -50609.7883


   NSTEP       ENERGY          RMS            GMAX         NAME    NUMBER
    100      -5.0519E+04     1.7308E+00     8.0015E+01     H1      13946

 BOND    =     2920.4661  ANGLE   =      272.2690  DIHED      =     1737.5883
 VDWAALS =     4032.4401  EEL     =   -66250.0172  HBOND      =        0.0000
 1-4 VDW =      590.7050  1-4 EEL =     5911.9166  RESTRAINT  =      265.5046
 EAMBER  =   -50784.6320


   NSTEP       ENERGY          RMS            GMAX         NAME    NUMBER
    105      -5.0594E+04     9.7000E-01     1.9784E+01     H1      13946

 BOND    =     2884.5347  ANGLE   =      272.1330  DIHED      =     1737.3662
 VDWAALS =     4050.3456  EEL     =   -66308.4078  HBOND      =        0.0000
 1-4 VDW =      590.1787  1-4 EEL =     5911.6196  RESTRAINT  =      267.8149
 EAMBER  =   -50862.2301


   NSTEP       ENERGY          RMS            GMAX         NAME    NUMBER
    110      -5.2023E+04     4.8876E+00     2.7976E+02     O       11056

 BOND    =     3675.8280  ANGLE   =      265.1491  DIHED      =     1728.9824
 VDWAALS =     5005.6679  EEL     =   -69543.1003  HBOND      =        0.0000
 1-4 VDW =      571.3380  1-4 EEL =     5897.5679  RESTRAINT  =      375.9466
 EAMBER  =   -52398.5670


   NSTEP       ENERGY          RMS            GMAX         NAME    NUMBER
    115      -5.2416E+04     1.3093E+00     8.0915E+01     O       11056

 BOND    =     3148.5152  ANGLE   =      264.2132  DIHED      =     1727.8842
 VDWAALS =     5121.6465  EEL     =   -69530.0518  HBOND      =        0.0000
 1-4 VDW =      570.4703  1-4 EEL =     5896.3438  RESTRAINT  =      385.2263
 EAMBER  =   -52800.9786


   NSTEP       ENERGY          RMS            GMAX         NAME    NUMBER
    120      -5.2958E+04     5.7967E+00     1.5353E+02     H2      11109

 BOND    =     3859.5202  ANGLE   =      269.8322  DIHED      =     1725.9533
 VDWAALS =     5588.6901  EEL     =   -71241.1300  HBOND      =        0.0000
 1-4 VDW =      579.7353  1-4 EEL =     5900.6957  RESTRAINT  =      358.3886
 EAMBER  =   -53316.7031


   NSTEP       ENERGY          RMS            GMAX         NAME    NUMBER
    125      -5.3314E+04     1.9801E+00     1.0274E+02     CD       1607

 BOND    =     3329.9389  ANGLE   =      268.3172  DIHED      =     1725.3057
 VDWAALS =     5683.8016  EEL     =   -71156.2454  HBOND      =        0.0000
 1-4 VDW =      580.4344  1-4 EEL =     5902.0774  RESTRAINT  =      352.5108
 EAMBER  =   -53666.3703


   NSTEP       ENERGY          RMS            GMAX         NAME    NUMBER
    130      -5.3317E+04     1.8975E+00     9.6725E+01     CD       1607

 BOND    =     3330.2879  ANGLE   =      268.1835  DIHED      =     1725.3017
 VDWAALS =     5684.0269  EEL     =   -71159.7044  HBOND      =        0.0000
 1-4 VDW =      580.4201  1-4 EEL =     5902.0970  RESTRAINT  =      352.5133
 EAMBER  =   -53669.3872


   NSTEP       ENERGY          RMS            GMAX         NAME    NUMBER
    135      -5.3529E+04     1.2925E+00     6.5180E+01     O       11056

 BOND    =     3322.1690  ANGLE   =      262.4063  DIHED      =     1727.2866
 VDWAALS =     5736.9510  EEL     =   -71411.1371  HBOND      =        0.0000
 1-4 VDW =      577.4417  1-4 EEL =     5905.1705  RESTRAINT  =      350.2219
 EAMBER  =   -53879.7119


   NSTEP       ENERGY          RMS            GMAX         NAME    NUMBER
    140      -5.3649E+04     1.0711E+00     1.9683E+01     O        3823

 BOND    =     3433.4588  ANGLE   =      263.4376  DIHED      =     1729.7184
 VDWAALS =     5839.4193  EEL     =   -71745.6477  HBOND      =        0.0000
 1-4 VDW =      576.7364  1-4 EEL =     5906.7615  RESTRAINT  =      346.8482
 EAMBER  =   -53996.1157


   NSTEP       ENERGY          RMS            GMAX         NAME    NUMBER
    145      -5.3932E+04     1.7770E+00     7.1712E+01     O       11056

 BOND    =     3427.1548  ANGLE   =      288.5787  DIHED      =     1738.9347
 VDWAALS =     5985.8201  EEL     =   -72191.5103  HBOND      =        0.0000
 1-4 VDW =      581.8928  1-4 EEL =     5899.9076  RESTRAINT  =      336.9425
 EAMBER  =   -54269.2216


   NSTEP       ENERGY          RMS            GMAX         NAME    NUMBER
    150      -5.4213E+04     1.8941E+00     8.3345E+01     O       11056

 BOND    =     3649.6533  ANGLE   =      287.3172  DIHED      =     1738.9668
 VDWAALS =     6266.3264  EEL     =   -72952.7405  HBOND      =        0.0000
 1-4 VDW =      579.1225  1-4 EEL =     5893.0982  RESTRAINT  =      325.0082
 EAMBER  =   -54538.2561


   NSTEP       ENERGY          RMS            GMAX         NAME    NUMBER
    155      -5.4217E+04     1.8261E+00     8.1596E+01     O       11056

 BOND    =     3640.1927  ANGLE   =      287.1038  DIHED      =     1738.8826
 VDWAALS =     6266.2149  EEL     =   -72946.6677  HBOND      =        0.0000
 1-4 VDW =      579.0993  1-4 EEL =     5893.1394  RESTRAINT  =      324.9820
 EAMBER  =   -54542.0350


   NSTEP       ENERGY          RMS            GMAX         NAME    NUMBER
    160      -5.4409E+04     1.9446E+00     8.6352E+01     O       11056

 BOND    =     3431.9225  ANGLE   =      272.0664  DIHED      =     1732.4850
 VDWAALS =     6211.6367  EEL     =   -72860.1948  HBOND      =        0.0000
 1-4 VDW =      576.9902  1-4 EEL =     5903.7458  RESTRAINT  =      321.8851
 EAMBER  =   -54731.3480


   NSTEP       ENERGY          RMS            GMAX         NAME    NUMBER
    165      -5.4528E+04     1.2810E+00     4.5097E+01     O       11056

 BOND    =     3563.1628  ANGLE   =      272.1606  DIHED      =     1734.2783
 VDWAALS =     6211.6961  EEL     =   -73117.7229  HBOND      =        0.0000
 1-4 VDW =      578.2179  1-4 EEL =     5909.3334  RESTRAINT  =      321.1908
 EAMBER  =   -54848.8739


   NSTEP       ENERGY          RMS            GMAX         NAME    NUMBER
    170      -5.4670E+04     1.5264E+00     8.4033E+01     H2      11058

 BOND    =     3556.6233  ANGLE   =      288.6099  DIHED      =     1738.0277
 VDWAALS =     6294.0727  EEL     =   -73357.6834  HBOND      =        0.0000
 1-4 VDW =      583.9970  1-4 EEL =     5903.2499  RESTRAINT  =      323.2876
 EAMBER  =   -54993.1030


   NSTEP       ENERGY          RMS            GMAX         NAME    NUMBER
    175      -5.4794E+04     1.6029E+00     9.6077E+01     ND2      1369

 BOND    =     3637.8927  ANGLE   =      299.3474  DIHED      =     1730.0261
 VDWAALS =     6454.5096  EEL     =   -73722.7576  HBOND      =        0.0000
 1-4 VDW =      581.3354  1-4 EEL =     5895.8424  RESTRAINT  =      329.8688
 EAMBER  =   -55123.8041


   NSTEP       ENERGY          RMS            GMAX         NAME    NUMBER
    180      -5.4798E+04     1.5142E+00     8.7710E+01     ND2      1369

 BOND    =     3631.1481  ANGLE   =      298.3625  DIHED      =     1729.9987
 VDWAALS =     6454.6559  EEL     =   -73719.3612  HBOND      =        0.0000
 1-4 VDW =      581.2846  1-4 EEL =     5895.9481  RESTRAINT  =      329.8107
 EAMBER  =   -55127.9632


   NSTEP       ENERGY          RMS            GMAX         NAME    NUMBER
    185      -5.4905E+04     1.3888E+00     8.4528E+01     ND2      1369

 BOND    =     3520.7366  ANGLE   =      271.8248  DIHED      =     1729.3695
 VDWAALS =     6472.5865  EEL     =   -73713.8115  HBOND      =        0.0000
 1-4 VDW =      580.4813  1-4 EEL =     5905.0732  RESTRAINT  =      328.3383
 EAMBER  =   -55233.7396


   NSTEP       ENERGY          RMS            GMAX         NAME    NUMBER
    190      -5.4952E+04     9.4746E-01     4.5007E+01     H2      11058

 BOND    =     3600.7138  ANGLE   =      271.9543  DIHED      =     1730.2957
 VDWAALS =     6502.6381  EEL     =   -73876.1477  HBOND      =        0.0000
 1-4 VDW =      579.7601  1-4 EEL =     5908.6660  RESTRAINT  =      329.7740
 EAMBER  =   -55282.1197


   NSTEP       ENERGY          RMS            GMAX         NAME    NUMBER
    195      -5.5132E+04     1.6422E+00     6.9021E+01     ND2      1369

 BOND    =     3648.4571  ANGLE   =      292.6190  DIHED      =     1734.9895
 VDWAALS =     6771.6962  EEL     =   -74401.0595  HBOND      =        0.0000
 1-4 VDW =      576.3834  1-4 EEL =     5904.4948  RESTRAINT  =      340.1679
 EAMBER  =   -55472.4195


   NSTEP       ENERGY          RMS            GMAX         NAME    NUMBER
    200      -5.5352E+04     2.4220E+00     7.5218E+01     CG       1549

 BOND    =     3736.7008  ANGLE   =      306.1300  DIHED      =     1738.8768
 VDWAALS =     7095.7081  EEL     =   -75053.1013  HBOND      =        0.0000
 1-4 VDW =      578.1056  1-4 EEL =     5896.1790  RESTRAINT  =      349.8376
 EAMBER  =   -55701.4010


   NSTEP       ENERGY          RMS            GMAX         NAME    NUMBER
    205      -5.5356E+04     2.3452E+00     7.1144E+01     CG       1549

 BOND    =     3731.0980  ANGLE   =      305.4974  DIHED      =     1738.7599
 VDWAALS =     7095.5685  EEL     =   -75050.9453  HBOND      =        0.0000
 1-4 VDW =      578.0715  1-4 EEL =     5896.1945  RESTRAINT  =      349.7720
 EAMBER  =   -55705.7554


   NSTEP       ENERGY          RMS            GMAX         NAME    NUMBER
    210      -5.5526E+04     1.1796E+00     5.4848E+01     CG       1367

 BOND    =     3757.5740  ANGLE   =      272.3703  DIHED      =     1729.8850
 VDWAALS =     7069.3310  EEL     =   -75173.5833  HBOND      =        0.0000
 1-4 VDW =      574.6326  1-4 EEL =     5900.5962  RESTRAINT  =      343.1747
 EAMBER  =   -55869.1943


   NSTEP       ENERGY          RMS            GMAX         NAME    NUMBER
    215      -5.5598E+04     1.0539E+00     3.1362E+01     CG       1367

 BOND    =     3709.7481  ANGLE   =      276.0231  DIHED      =     1730.8632
 VDWAALS =     7055.1215  EEL     =   -75187.4624  HBOND      =        0.0000
 1-4 VDW =      575.9336  1-4 EEL =     5902.1980  RESTRAINT  =      339.8628
 EAMBER  =   -55937.5750


   NSTEP       ENERGY          RMS            GMAX         NAME    NUMBER
    220      -5.5694E+04     1.5192E+00     6.7503E+01     CG         40

 BOND    =     3769.2619  ANGLE   =      273.4990  DIHED      =     1732.1055
 VDWAALS =     7089.6774  EEL     =   -75374.2441  HBOND      =        0.0000
 1-4 VDW =      581.6552  1-4 EEL =     5903.4962  RESTRAINT  =      330.7570
 EAMBER  =   -56024.5490


   NSTEP       ENERGY          RMS            GMAX         NAME    NUMBER
    225      -5.5747E+04     1.0503E+00     5.8259E+01     ND2      1369

 BOND    =     3731.0319  ANGLE   =      275.0735  DIHED      =     1730.3105
 VDWAALS =     7127.0122  EEL     =   -75424.3554  HBOND      =        0.0000
 1-4 VDW =      580.5864  1-4 EEL =     5904.8748  RESTRAINT  =      328.9067
 EAMBER  =   -56075.4662


   NSTEP       ENERGY          RMS            GMAX         NAME    NUMBER
    230      -5.5749E+04     9.6093E-01     5.0256E+01     ND2      1369

 BOND    =     3727.6305  ANGLE   =      274.5794  DIHED      =     1730.2749
 VDWAALS =     7127.2094  EEL     =   -75423.1940  HBOND      =        0.0000
 1-4 VDW =      580.5652  1-4 EEL =     5904.9161  RESTRAINT  =      328.9026
 EAMBER  =   -56078.0184


   NSTEP       ENERGY          RMS            GMAX         NAME    NUMBER
    235      -5.5803E+04     8.5086E-01     5.4940E+01     ND2      1369

 BOND    =     3708.9917  ANGLE   =      268.9371  DIHED      =     1729.9548
 VDWAALS =     7146.6159  EEL     =   -75471.1618  HBOND      =        0.0000
 1-4 VDW =      579.4723  1-4 EEL =     5904.1020  RESTRAINT  =      330.1226
 EAMBER  =   -56133.0880


   NSTEP       ENERGY          RMS            GMAX         NAME    NUMBER
    240      -5.5856E+04     1.0300E+00     3.1695E+01     H2      11058

 BOND    =     3765.0333  ANGLE   =      277.7944  DIHED      =     1729.4158
 VDWAALS =     7206.8929  EEL     =   -75652.4430  HBOND      =        0.0000
 1-4 VDW =      578.2879  1-4 EEL =     5904.9981  RESTRAINT  =      333.9990
 EAMBER  =   -56190.0205


   NSTEP       ENERGY          RMS            GMAX         NAME    NUMBER
    245      -5.5974E+04     1.2360E+00     5.4205E+01     CG       1549

 BOND    =     3773.3701  ANGLE   =      275.7783  DIHED      =     1730.8116
 VDWAALS =     7400.5161  EEL     =   -75971.0391  HBOND      =        0.0000
 1-4 VDW =      576.7566  1-4 EEL =     5900.5538  RESTRAINT  =      339.7312
 EAMBER  =   -56313.2525


   NSTEP       ENERGY          RMS            GMAX         NAME    NUMBER
    250      -5.6061E+04     1.7026E+00     6.5006E+01     CG       1549

 BOND    =     3827.0500  ANGLE   =      288.5120  DIHED      =     1733.9855
 VDWAALS =     7532.2841  EEL     =   -76259.7021  HBOND      =        0.0000
 1-4 VDW =      577.1754  1-4 EEL =     5896.4101  RESTRAINT  =      343.1566
 EAMBER  =   -56404.2848


   NSTEP       ENERGY          RMS            GMAX         NAME    NUMBER
    255      -5.6065E+04     1.6282E+00     5.9376E+01     CG       1549

 BOND    =     3822.8112  ANGLE   =      288.0197  DIHED      =     1733.8734
 VDWAALS =     7532.1089  EEL     =   -76258.0818  HBOND      =        0.0000
 1-4 VDW =      577.1434  1-4 EEL =     5896.4538  RESTRAINT  =      343.0924
 EAMBER  =   -56407.6715


   NSTEP       ENERGY          RMS            GMAX         NAME    NUMBER
    260      -5.6168E+04     9.4442E-01     4.1354E+01     CG       1367

 BOND    =     3822.6392  ANGLE   =      271.1632  DIHED      =     1730.1347
 VDWAALS =     7507.6032  EEL     =   -76316.2890  HBOND      =        0.0000
 1-4 VDW =      576.2483  1-4 EEL =     5901.8559  RESTRAINT  =      338.7506
 EAMBER  =   -56506.6445


   NSTEP       ENERGY          RMS            GMAX         NAME    NUMBER
    265      -5.6221E+04     9.2612E-01     2.7458E+01     CG         40

 BOND    =     3814.1113  ANGLE   =      276.6000  DIHED      =     1729.6808
 VDWAALS =     7497.6909  EEL     =   -76355.7958  HBOND      =        0.0000
 1-4 VDW =      577.5008  1-4 EEL =     5903.2486  RESTRAINT  =      335.9446
 EAMBER  =   -56556.9634


   NSTEP       ENERGY          RMS            GMAX         NAME    NUMBER
    270      -5.6292E+04     1.4410E+00     1.1690E+02     CG       1549

 BOND    =     3844.5731  ANGLE   =      270.6087  DIHED      =     1729.5851
 VDWAALS =     7535.5217  EEL     =   -76483.9134  HBOND      =        0.0000
 1-4 VDW =      579.5417  1-4 EEL =     5903.4580  RESTRAINT  =      328.9196
 EAMBER  =   -56620.6253


   NSTEP       ENERGY          RMS            GMAX         NAME    NUMBER
    275      -5.6330E+04     1.0444E+00     7.8008E+01     ND2      1369

 BOND    =     3815.9126  ANGLE   =      274.2538  DIHED      =     1729.4073
 VDWAALS =     7564.5147  EEL     =   -76526.4773  HBOND      =        0.0000
 1-4 VDW =      579.9660  1-4 EEL =     5904.5164  RESTRAINT  =      328.0317
 EAMBER  =   -56657.9066


   NSTEP       ENERGY          RMS            GMAX         NAME    NUMBER
    280      -5.6333E+04     9.3492E-01     6.5859E+01     ND2      1369

 BOND    =     3814.0159  ANGLE   =      273.6525  DIHED      =     1729.3820
 VDWAALS =     7564.7109  EEL     =   -76526.9835  HBOND      =        0.0000
 1-4 VDW =      579.9357  1-4 EEL =     5904.5850  RESTRAINT  =      328.0292
 EAMBER  =   -56660.7015


   NSTEP       ENERGY          RMS            GMAX         NAME    NUMBER
    285      -5.6378E+04     9.1537E-01     6.5492E+01     ND2      1369

 BOND    =     3827.8917  ANGLE   =      270.1965  DIHED      =     1729.9799
 VDWAALS =     7583.9441  EEL     =   -76603.3344  HBOND      =        0.0000
 1-4 VDW =      579.4389  1-4 EEL =     5904.2827  RESTRAINT  =      329.4338
 EAMBER  =   -56707.6005


   NSTEP       ENERGY          RMS            GMAX         NAME    NUMBER
    290      -5.6421E+04     9.2519E-01     2.8921E+01     CG         40

 BOND    =     3837.1851  ANGLE   =      275.9804  DIHED      =     1729.1210
 VDWAALS =     7633.3181  EEL     =   -76711.9936  HBOND      =        0.0000
 1-4 VDW =      578.2241  1-4 EEL =     5904.5136  RESTRAINT  =      332.3813
 EAMBER  =   -56753.6514


   NSTEP       ENERGY          RMS            GMAX         NAME    NUMBER
    295      -5.6506E+04     8.4655E-01     3.6104E+01     CG       1549

 BOND    =     3856.1893  ANGLE   =      271.0754  DIHED      =     1729.4336
 VDWAALS =     7771.8382  EEL     =   -76948.6778  HBOND      =        0.0000
 1-4 VDW =      576.5858  1-4 EEL =     5900.9348  RESTRAINT  =      336.1892
 EAMBER  =   -56842.6206


   NSTEP       ENERGY          RMS            GMAX         NAME    NUMBER
    300      -5.6570E+04     1.4120E+00     6.4329E+01     CG       1549

 BOND    =     3891.2964  ANGLE   =      282.0392  DIHED      =     1733.0611
 VDWAALS =     7885.8276  EEL     =   -77176.3270  HBOND      =        0.0000
 1-4 VDW =      577.6048  1-4 EEL =     5897.5249  RESTRAINT  =      339.0776
 EAMBER  =   -56908.9731


   NSTEP       ENERGY          RMS            GMAX         NAME    NUMBER
    305      -5.6573E+04     1.3436E+00     5.7382E+01     CG       1549

 BOND    =     3889.1959  ANGLE   =      281.6112  DIHED      =     1732.9340
 VDWAALS =     7885.6543  EEL     =   -77176.3724  HBOND      =        0.0000
 1-4 VDW =      577.5610  1-4 EEL =     5897.5723  RESTRAINT  =      339.0194
 EAMBER  =   -56911.8437


   NSTEP       ENERGY          RMS            GMAX         NAME    NUMBER
    310      -5.6652E+04     7.5810E-01     2.9456E+01     CG       1367

 BOND    =     3886.2224  ANGLE   =      270.1003  DIHED      =     1729.7561
 VDWAALS =     7865.2992  EEL     =   -77217.4165  HBOND      =        0.0000
 1-4 VDW =      576.6205  1-4 EEL =     5901.9144  RESTRAINT  =      335.9963
 EAMBER  =   -56987.5035


   NSTEP       ENERGY          RMS            GMAX         NAME    NUMBER
    315      -5.6698E+04     8.5325E-01     2.6905E+01     CG         40

 BOND    =     3889.1538  ANGLE   =      274.8051  DIHED      =     1729.2879
 VDWAALS =     7855.8013  EEL     =   -77261.8164  HBOND      =        0.0000
 1-4 VDW =      577.6686  1-4 EEL =     5903.3916  RESTRAINT  =      333.4843
 EAMBER  =   -57031.7080


   NSTEP       ENERGY          RMS            GMAX         NAME    NUMBER
    320      -5.6749E+04     1.3063E+00     1.1005E+02     CG       1549

 BOND    =     3895.0155  ANGLE   =      269.3684  DIHED      =     1729.2883
 VDWAALS =     7887.0726  EEL     =   -77341.1823  HBOND      =        0.0000
 1-4 VDW =      579.0663  1-4 EEL =     5903.5492  RESTRAINT  =      328.6840
 EAMBER  =   -57077.8220


   NSTEP       ENERGY          RMS            GMAX         NAME    NUMBER
    325      -5.6781E+04     1.0542E+00     8.5137E+01     ND2      1369

 BOND    =     3899.4737  ANGLE   =      273.7827  DIHED      =     1729.2770
 VDWAALS =     7917.5916  EEL     =   -77413.2517  HBOND      =        0.0000
 1-4 VDW =      579.4172  1-4 EEL =     5904.1842  RESTRAINT  =      328.0596
 EAMBER  =   -57109.5254


   NSTEP       ENERGY          RMS            GMAX         NAME    NUMBER
    330      -5.6785E+04     9.2177E-01     7.0490E+01     ND2      1369

 BOND    =     3897.1757  ANGLE   =      273.0516  DIHED      =     1729.2471
 VDWAALS =     7917.7379  EEL     =   -77413.5049  HBOND      =        0.0000
 1-4 VDW =      579.3841  1-4 EEL =     5904.2503  RESTRAINT  =      328.0537
 EAMBER  =   -57112.6581


   NSTEP       ENERGY          RMS            GMAX         NAME    NUMBER
    335      -5.6822E+04     8.3810E-01     5.4160E+01     ND2      1369

 BOND    =     3905.1309  ANGLE   =      270.1583  DIHED      =     1729.5847
 VDWAALS =     7934.5609  EEL     =   -77474.0210  HBOND      =        0.0000
 1-4 VDW =      579.0178  1-4 EEL =     5904.1656  RESTRAINT  =      329.2085
 EAMBER  =   -57151.4028


   NSTEP       ENERGY          RMS            GMAX         NAME    NUMBER
    340      -5.6855E+04     8.0955E-01     2.6153E+01     CG         40

 BOND    =     3917.6604  ANGLE   =      274.1916  DIHED      =     1728.9482
 VDWAALS =     7974.7072  EEL     =   -77564.6390  HBOND      =        0.0000
 1-4 VDW =      578.0437  1-4 EEL =     5904.1231  RESTRAINT  =      331.4698
 EAMBER  =   -57186.9649


   NSTEP       ENERGY          RMS            GMAX         NAME    NUMBER
    345      -5.6922E+04     7.4152E-01     3.1440E+01     CG       1549

 BOND    =     3932.1049  ANGLE   =      269.9885  DIHED      =     1729.2372
 VDWAALS =     8091.4318  EEL     =   -77757.3731  HBOND      =        0.0000
 1-4 VDW =      576.7917  1-4 EEL =     5901.4161  RESTRAINT  =      334.4865
 EAMBER  =   -57256.4029


   NSTEP       ENERGY          RMS            GMAX         NAME    NUMBER
    350      -5.6973E+04     1.2433E+00     6.1630E+01     CG       1549

 BOND    =     3957.2472  ANGLE   =      279.2098  DIHED      =     1732.0923
 VDWAALS =     8189.3127  EEL     =   -77943.0109  HBOND      =        0.0000
 1-4 VDW =      577.4078  1-4 EEL =     5898.4730  RESTRAINT  =      336.7608
 EAMBER  =   -57309.2683


   NSTEP       ENERGY          RMS            GMAX         NAME    NUMBER
    355      -5.6975E+04     1.1730E+00     5.3728E+01     CG       1549

 BOND    =     3955.2519  ANGLE   =      278.7710  DIHED      =     1731.9804
 VDWAALS =     8189.0943  EEL     =   -77942.8773  HBOND      =        0.0000
 1-4 VDW =      577.3751  1-4 EEL =     5898.5211  RESTRAINT  =      336.7058
 EAMBER  =   -57311.8835


   NSTEP       ENERGY          RMS            GMAX         NAME    NUMBER
    360      -5.7037E+04     6.7295E-01     2.6978E+01     CG       1367

 BOND    =     3954.6074  ANGLE   =      269.7527  DIHED      =     1729.6360
 VDWAALS =     8171.6857  EEL     =   -77975.7604  HBOND      =        0.0000
 1-4 VDW =      576.7514  1-4 EEL =     5902.0628  RESTRAINT  =      334.3864
 EAMBER  =   -57371.2643


   NSTEP       ENERGY          RMS            GMAX         NAME    NUMBER
    365      -5.7077E+04     7.6582E-01     2.5422E+01     CG         40

 BOND    =     3960.2535  ANGLE   =      273.7252  DIHED      =     1729.1569
 VDWAALS =     8160.2087  EEL     =   -78013.8098  HBOND      =        0.0000
 1-4 VDW =      577.6880  1-4 EEL =     5903.5395  RESTRAINT  =      332.1260
 EAMBER  =   -57409.2380


   NSTEP       ENERGY          RMS            GMAX         NAME    NUMBER
    370      -5.7117E+04     9.7968E-01     7.1169E+01     CG       1549

 BOND    =     3961.5219  ANGLE   =      268.3959  DIHED      =     1729.2156
 VDWAALS =     8183.1160  EEL     =   -78070.2698  HBOND      =        0.0000
 1-4 VDW =      578.6222  1-4 EEL =     5903.5848  RESTRAINT  =      328.5196
 EAMBER  =   -57445.8134


   NSTEP       ENERGY          RMS            GMAX         NAME    NUMBER
    375      -5.7141E+04     8.8924E-01     5.2340E+01     ND2      1369

 BOND    =     3962.9944  ANGLE   =      272.7670  DIHED      =     1729.1424
 VDWAALS =     8210.0925  EEL     =   -78127.2918  HBOND      =        0.0000
 1-4 VDW =      579.0283  1-4 EEL =     5904.0088  RESTRAINT  =      327.9113
 EAMBER  =   -57469.2586


   NSTEP       ENERGY          RMS            GMAX         NAME    NUMBER
    380      -5.7144E+04     7.7618E-01     4.2548E+01     ND2      1369

 BOND    =     3961.3292  ANGLE   =      272.2340  DIHED      =     1729.1164
 VDWAALS =     8210.2232  EEL     =   -78127.6755  HBOND      =        0.0000
 1-4 VDW =      578.9958  1-4 EEL =     5904.0745  RESTRAINT  =      327.9086
 EAMBER  =   -57471.7024


   NSTEP       ENERGY          RMS            GMAX         NAME    NUMBER
    385      -5.7175E+04     7.3204E-01     4.0635E+01     ND2      1369

 BOND    =     3967.1602  ANGLE   =      269.8236  DIHED      =     1729.4110
 VDWAALS =     8223.9467  EEL     =   -78177.3953  HBOND      =        0.0000
 1-4 VDW =      578.7811  1-4 EEL =     5904.0600  RESTRAINT  =      328.8752
 EAMBER  =   -57504.2127


   NSTEP       ENERGY          RMS            GMAX         NAME    NUMBER
    390      -5.7201E+04     7.4261E-01     2.3665E+01     CG         40

 BOND    =     3977.4559  ANGLE   =      273.4248  DIHED      =     1728.8802
 VDWAALS =     8256.2746  EEL     =   -78249.9775  HBOND      =        0.0000
 1-4 VDW =      577.9060  1-4 EEL =     5904.0580  RESTRAINT  =      330.7337
 EAMBER  =   -57531.9781


   NSTEP       ENERGY          RMS            GMAX         NAME    NUMBER
    395      -5.7255E+04     7.7886E-01     3.8828E+01     CG       1549

 BOND    =     3991.0195  ANGLE   =      269.9905  DIHED      =     1729.0947
 VDWAALS =     8357.7625  EEL     =   -78414.9702  HBOND      =        0.0000
 1-4 VDW =      576.7933  1-4 EEL =     5901.5794  RESTRAINT  =      333.3409
 EAMBER  =   -57588.7303


   NSTEP       ENERGY          RMS            GMAX         NAME    NUMBER
    400      -5.7297E+04     1.1572E+00     6.3597E+01     CG       1549

 BOND    =     4007.9654  ANGLE   =      277.5034  DIHED      =     1731.5853
 VDWAALS =     8432.8842  EEL     =   -78559.2301  HBOND      =        0.0000
 1-4 VDW =      577.5546  1-4 EEL =     5899.3532  RESTRAINT  =      335.0882
 EAMBER  =   -57632.3839


   NSTEP       ENERGY          RMS            GMAX         NAME    NUMBER
    405      -5.7300E+04     1.0802E+00     5.4256E+01     CG       1549

 BOND    =     4006.2977  ANGLE   =      277.0760  DIHED      =     1731.4679
 VDWAALS =     8432.6859  EEL     =   -78559.4090  HBOND      =        0.0000
 1-4 VDW =      577.5162  1-4 EEL =     5899.3947  RESTRAINT  =      335.0347
 EAMBER  =   -57634.9706


   NSTEP       ENERGY          RMS            GMAX         NAME    NUMBER
    410      -5.7352E+04     6.6131E-01     2.9785E+01     CG       1367

 BOND    =     4010.1891  ANGLE   =      269.3983  DIHED      =     1729.5014
 VDWAALS =     8417.1115  EEL     =   -78590.8474  HBOND      =        0.0000
 1-4 VDW =      576.9078  1-4 EEL =     5902.4192  RESTRAINT  =      333.0894
 EAMBER  =   -57685.3200


   NSTEP       ENERGY          RMS            GMAX         NAME    NUMBER
    415      -5.7386E+04     7.0815E-01     2.6259E+01     CG       1367

 BOND    =     4011.1900  ANGLE   =      272.9276  DIHED      =     1729.0183
 VDWAALS =     8406.2012  EEL     =   -78618.1245  HBOND      =        0.0000
 1-4 VDW =      577.6960  1-4 EEL =     5903.6026  RESTRAINT  =      331.2355
 EAMBER  =   -57717.4888


   NSTEP       ENERGY          RMS            GMAX         NAME    NUMBER
    420      -5.7421E+04     7.3590E-01     4.2789E+01     CG         40

 BOND    =     4011.4293  ANGLE   =      268.1138  DIHED      =     1729.0728
 VDWAALS =     8422.7799  EEL     =   -78662.6790  HBOND      =        0.0000
 1-4 VDW =      578.5745  1-4 EEL =     5903.6057  RESTRAINT  =      328.2851
 EAMBER  =   -57749.1030


   NSTEP       ENERGY          RMS            GMAX         NAME    NUMBER
    425      -5.7440E+04     7.7087E-01     3.3868E+01     CG       1549

 BOND    =     4015.0833  ANGLE   =      272.1332  DIHED      =     1728.9022
 VDWAALS =     8445.5696  EEL     =   -78712.0560  HBOND      =        0.0000
 1-4 VDW =      578.6537  1-4 EEL =     5904.1966  RESTRAINT  =      327.7299
 EAMBER  =   -57767.5174


   NSTEP       ENERGY          RMS            GMAX         NAME    NUMBER
    430      -5.7442E+04     6.7071E-01     2.5365E+01     CG       1367

 BOND    =     4013.6244  ANGLE   =      271.6579  DIHED      =     1728.8845
 VDWAALS =     8445.6737  EEL     =   -78712.2764  HBOND      =        0.0000
 1-4 VDW =      578.6502  1-4 EEL =     5904.2273  RESTRAINT  =      327.7276
 EAMBER  =   -57769.5581


   NSTEP       ENERGY          RMS            GMAX         NAME    NUMBER
    435      -5.7469E+04     6.6549E-01     4.7725E+01     ND2      1369

 BOND    =     4020.0642  ANGLE   =      269.5676  DIHED      =     1729.0985
 VDWAALS =     8457.2691  EEL     =   -78755.9698  HBOND      =        0.0000
 1-4 VDW =      578.5706  1-4 EEL =     5904.1671  RESTRAINT  =      328.5326
 EAMBER  =   -57797.2328


   NSTEP       ENERGY          RMS            GMAX         NAME    NUMBER
    440      -5.7503E+04     6.0744E-01     3.3960E+01     CG       1367

 BOND    =     4025.1662  ANGLE   =      269.2026  DIHED      =     1729.0009
 VDWAALS =     8495.6559  EEL     =   -78833.5163  HBOND      =        0.0000
 1-4 VDW =      577.9168  1-4 EEL =     5903.7058  RESTRAINT  =      330.1234
 EAMBER  =   -57832.8681


   NSTEP       ENERGY          RMS            GMAX         NAME    NUMBER
    445      -5.7534E+04     7.3191E-01     3.1343E+01     CG       1549

 BOND    =     4038.8488  ANGLE   =      271.2174  DIHED      =     1728.8821
 VDWAALS =     8550.0773  EEL     =   -78933.8486  HBOND      =        0.0000
 1-4 VDW =      577.1700  1-4 EEL =     5902.2363  RESTRAINT  =      331.6485
 EAMBER  =   -57865.4168


   NSTEP       ENERGY          RMS            GMAX         NAME    NUMBER
    450      -5.7606E+04     1.0419E+00     3.5959E+01     CG       1549

 BOND    =     4061.4556  ANGLE   =      274.7915  DIHED      =     1730.6745
 VDWAALS =     8629.9109  EEL     =   -79114.7469  HBOND      =        0.0000
 1-4 VDW =      577.8664  1-4 EEL =     5900.8744  RESTRAINT  =      332.7291
 EAMBER  =   -57939.1737


   NSTEP       ENERGY          RMS            GMAX         NAME    NUMBER
    455      -5.7608E+04     9.7492E-01     3.1447E+01     HD21     1370

 BOND    =     4059.6775  ANGLE   =      274.5041  DIHED      =     1730.5897
 VDWAALS =     8629.8040  EEL     =   -79114.4153  HBOND      =        0.0000
 1-4 VDW =      577.8394  1-4 EEL =     5900.8957  RESTRAINT  =      332.6948
 EAMBER  =   -57941.1048


   NSTEP       ENERGY          RMS            GMAX         NAME    NUMBER
    460      -5.7640E+04     4.8509E-01     2.3169E+01     CG       1367

 BOND    =     4053.2892  ANGLE   =      268.3513  DIHED      =     1728.9228
 VDWAALS =     8624.6572  EEL     =   -79126.8901  HBOND      =        0.0000
 1-4 VDW =      577.1793  1-4 EEL =     5902.7231  RESTRAINT  =      331.5607
 EAMBER  =   -57971.7673


   NSTEP       ENERGY          RMS            GMAX         NAME    NUMBER
    465      -5.7662E+04     6.5216E-01     2.5619E+01     CG         40

 BOND    =     4060.0916  ANGLE   =      271.5523  DIHED      =     1728.8296
 VDWAALS =     8622.5252  EEL     =   -79156.4188  HBOND      =        0.0000
 1-4 VDW =      577.6524  1-4 EEL =     5903.7629  RESTRAINT  =      330.3801
 EAMBER  =   -57992.0048


   NSTEP       ENERGY          RMS            GMAX         NAME    NUMBER
    470      -5.7699E+04     6.5196E-01     2.6601E+01     CG       1549

 BOND    =     4062.6234  ANGLE   =      268.8697  DIHED      =     1728.8563
 VDWAALS =     8644.9323  EEL     =   -79215.2441  HBOND      =        0.0000
 1-4 VDW =      578.7713  1-4 EEL =     5904.2599  RESTRAINT  =      327.4494
 EAMBER  =   -58026.9311


   NSTEP       ENERGY          RMS            GMAX         NAME    NUMBER
    475      -5.7725E+04     7.3687E-01     4.4679E+01     CG       1549

 BOND    =     4066.1088  ANGLE   =      272.1601  DIHED      =     1728.4657
 VDWAALS =     8680.9317  EEL     =   -79283.0915  HBOND      =        0.0000
 1-4 VDW =      578.9639  1-4 EEL =     5904.9650  RESTRAINT  =      326.3043
 EAMBER  =   -58051.4964


   NSTEP       ENERGY          RMS            GMAX         NAME    NUMBER
    480      -5.7727E+04     6.5520E-01     3.3528E+01     CG       1549

 BOND    =     4064.9323  ANGLE   =      271.7681  DIHED      =     1728.4516
 VDWAALS =     8680.9970  EEL     =   -79283.3843  HBOND      =        0.0000
 1-4 VDW =      578.9601  1-4 EEL =     5905.0073  RESTRAINT  =      326.3089
 EAMBER  =   -58053.2678


   NSTEP       ENERGY          RMS            GMAX         NAME    NUMBER
    485      -5.7763E+04     7.6379E-01     5.8432E+01     ND2      1369

 BOND    =     4078.0509  ANGLE   =      271.7416  DIHED      =     1729.0233
 VDWAALS =     8695.1107  EEL     =   -79348.5439  HBOND      =        0.0000
 1-4 VDW =      578.6522  1-4 EEL =     5904.4493  RESTRAINT  =      328.0845
 EAMBER  =   -58091.5160


   NSTEP       ENERGY          RMS            GMAX         NAME    NUMBER
    490      -5.7785E+04     6.4620E-01     2.5522E+01     CG         40

 BOND    =     4082.6481  ANGLE   =      270.9312  DIHED      =     1728.5351
 VDWAALS =     8716.9153  EEL     =   -79395.5888  HBOND      =        0.0000
 1-4 VDW =      577.8536  1-4 EEL =     5904.1581  RESTRAINT  =      329.4179
 EAMBER  =   -58114.5474


   NSTEP       ENERGY          RMS            GMAX         NAME    NUMBER
    495      -5.7812E+04     5.0273E-01     2.5362E+01     CG       1549

 BOND    =     4084.0953  ANGLE   =      268.6045  DIHED      =     1728.5447
 VDWAALS =     8760.9720  EEL     =   -79465.1958  HBOND      =        0.0000
 1-4 VDW =      577.2713  1-4 EEL =     5902.6142  RESTRAINT  =      330.8811
 EAMBER  =   -58143.0938


   NSTEP       ENERGY          RMS            GMAX         NAME    NUMBER
    500      -5.7837E+04     9.6970E-01     3.5823E+01     CG       1549

 BOND    =     4101.0713  ANGLE   =      274.5000  DIHED      =     1730.2177
 VDWAALS =     8803.1771  EEL     =   -79557.1735  HBOND      =        0.0000
 1-4 VDW =      577.9534  1-4 EEL =     5901.1436  RESTRAINT  =      332.0806
 EAMBER  =   -58169.1105


  Maximum number of minimization cycles reached.


                    FINAL RESULTS



   NSTEP       ENERGY          RMS            GMAX         NAME    NUMBER
    500      -5.7837E+04     9.6970E-01     3.5823E+01     CG       1549

 BOND    =     4101.0713  ANGLE   =      274.5000  DIHED      =     1730.2177
 VDWAALS =     8803.1771  EEL     =   -79557.1735  HBOND      =        0.0000
 1-4 VDW =      577.9534  1-4 EEL =     5901.1436  RESTRAINT  =      332.0806
 EAMBER  =   -58169.1105
--------------------------------------------------------------------------------
   5.  TIMINGS
--------------------------------------------------------------------------------

|  NonSetup CPU Time in Major Routines:
|
|     Routine           Sec        %
|     ------------------------------
|     Nonbond          27.34   96.40
|     Bond              0.06    0.20
|     Angle             0.10    0.35
|     Dihedral          0.70    2.47
|     Shake             0.00    0.00
|     Other             0.16    0.58
|     ------------------------------
|     Total            28.36

|  PME Nonbond Pairlist CPU Time:
|
|     Routine              Sec        %
|     ---------------------------------
|     Set Up Cit           0.00    0.01
|     Build List           0.42    1.48
|     ---------------------------------
|     Total                0.42    1.50

|  PME Direct Force CPU Time:
|
|     Routine              Sec        %
|     ---------------------------------
|     NonBonded Calc      18.42   64.95
|     Exclude Masked       0.50    1.75
|     Other                0.12    0.44
|     ---------------------------------
|     Total               19.04   67.14

|  PME Reciprocal Force CPU Time:
|
|     Routine              Sec        %
|     ---------------------------------
|     1D bspline           0.36    1.26
|     Grid Charges         0.58    2.06
|     Scalar Sum           2.89   10.18
|     Gradient Sum         0.88    3.10
|     FFT                  3.15   11.10
|     ---------------------------------
|     Total                7.86   27.70

|  Setup CPU time:            0.16 seconds
|  NonSetup CPU time:        28.36 seconds
|  Total CPU time:           28.52 seconds     0.01 hours

|  Setup wall time:           0    seconds
|  NonSetup wall time:       29    seconds
|  Total wall time:          29    seconds     0.01 hours
