
          -------------------------------------------------------
          Amber 16 PMEMD                              2016
          -------------------------------------------------------

| PMEMD implementation of SANDER, Release 16

| Run on 05/03/2018 at 21:29:11

|   Executable path: pmemd
| Working directory: /home/german/lbp/run/1ure/mhe/m
|          Hostname: Unknown
  [-O]verwriting output

File Assignments:
|   MDIN: mmin.in                                                               
|  MDOUT: mmin.out                                                              
| INPCRD: m1ure.rst7                                                            
|   PARM: /home/german/lbp/top_files/1ure.prmtop                                
| RESTRT: mm1ure.rst7                                                           
|   REFC: 1ure.rst7                                                             
|  MDVEL: mdvel                                                                 
|   MDEN: mden                                                                  
|  MDCRD: mdcrd                                                                 
| MDINFO: mdinfo                                                                
|  MDFRC: mdfrc                                                                 


 Here is the input file:

Minimization with Cartesian restraints                                         
&cntrl                                                                         
imin=1,                                                                        
ntmin=1,                                ! Steepest Descent, then Conjugate Grad
ncyc=100,                               ! 100 steps of Steepest Descent        
maxcyc=500,                             ! 400 steps of Conjugate Gradient      
ntpr=5,                                                                        
&end                                                                           


Note: ig = -1. Setting random seed to   475881 based on wallclock time in 
      microseconds.
 
 
| Conditional Compilation Defines Used:
| PUBFFT
| BINTRAJ
| EMIL

| Largest sphere to fit in unit cell has radius =    25.541

| New format PARM file being parsed.
| Version =    1.000 Date = 05/03/18 Time = 18:00:41

| Note: 1-4 EEL scale factors are being read from the topology file.

| Note: 1-4 VDW scale factors are being read from the topology file.
| Duplicated    0 dihedrals

| Duplicated    0 dihedrals

--------------------------------------------------------------------------------
   1.  RESOURCE   USE: 
--------------------------------------------------------------------------------

 getting box info from netcdf restart file
 NATOM  =   16143 NTYPES =      16 NBONH =   15068 MBONA  =    1090
 NTHETH =    2483 MTHETA =    1455 NPHIH =    4974 MPHIA  =    4545
 NHPARM =       0 NPARM  =       0 NNB   =   30550 NRES   =    4792
 NBONA  =    1090 NTHETA =    1455 NPHIA =    4545 NUMBND =      69
 NUMANG =     150 NPTRA  =     181 NATYP =      39 NPHB   =       1
 IFBOX  =       2 NMXRS  =      50 IFCAP =       0 NEXTRA =       0
 NCOPY  =       0

| Coordinate Index Table dimensions:    12   12   12
| Direct force subcell size =     5.2135    5.2135    5.2135

     BOX TYPE: TRUNCATED OCTAHEDRON

--------------------------------------------------------------------------------
   2.  CONTROL  DATA  FOR  THE  RUN
--------------------------------------------------------------------------------

default_name                                                                    

General flags:
     imin    =       1, nmropt  =       0

Nature and format of input:
     ntx     =       1, irest   =       0, ntrx    =       1

Nature and format of output:
     ntxo    =       2, ntpr    =       5, ntrx    =       1, ntwr    =       1
     iwrap   =       0, ntwx    =       0, ntwv    =       0, ntwe    =       0
     ioutfm  =       1, ntwprt  =       0, idecomp =       0, rbornstat=      0

Potential function:
     ntf     =       1, ntb     =       1, igb     =       0, nsnb    =      25
     ipol    =       0, gbsa    =       0, iesp    =       0
     dielc   =   1.00000, cut     =   8.00000, intdiel =   1.00000

Frozen or restrained atoms:
     ibelly  =       0, ntr     =       0

Energy minimization:
     maxcyc  =     500, ncyc    =     100, ntmin   =       1
     dx0     =   0.01000, drms    =   0.00010

| Intermolecular bonds treatment:
|     no_intermolecular_bonds =       1

| Energy averages sample interval:
|     ene_avg_sampling =       1

Ewald parameters:
     verbose =       0, ew_type =       0, nbflag  =       1, use_pme =       1
     vdwmeth =       1, eedmeth =       1, netfrc  =       0
     Box X =   62.563   Box Y =   62.563   Box Z =   62.563
     Alpha =  109.471   Beta  =  109.471   Gamma =  109.471
     NFFT1 =   64       NFFT2 =   64       NFFT3 =   64
     Cutoff=    8.000   Tol   =0.100E-04
     Ewald Coefficient =  0.34864
     Interpolation order =    4

--------------------------------------------------------------------------------
   3.  ATOMIC COORDINATES AND VELOCITIES
--------------------------------------------------------------------------------

default_name                                                                    
 begin time read from input coords =     0.000 ps

 
 Number of triangulated 3-point waters found:     4660

     Sum of charges from parm topology file =  -0.00200004
     Forcing neutrality...

| Dynamic Memory, Types Used:
| Reals              480370
| Integers           550696

| Nonbonded Pairs Initial Allocation:     2696284

--------------------------------------------------------------------------------
   4.  RESULTS
--------------------------------------------------------------------------------

 ---------------------------------------------------
 APPROXIMATING switch and d/dx switch using CUBIC SPLINE INTERPOLATION
 using   5000.0 points per unit in tabled values
 TESTING RELATIVE ERROR over r ranging from 0.0 to cutoff
| CHECK switch(x): max rel err =   0.2738E-14   at   2.422500
| CHECK d/dx switch(x): max rel err =   0.8332E-11   at   2.782960
 ---------------------------------------------------
|---------------------------------------------------
| APPROXIMATING direct energy using CUBIC SPLINE INTERPOLATION
|  with   50.0 points per unit in tabled values
| Relative Error Limit not exceeded for r .gt.   2.47
| APPROXIMATING direct force using CUBIC SPLINE INTERPOLATION
|  with   50.0 points per unit in tabled values
| Relative Error Limit not exceeded for r .gt.   2.89
|---------------------------------------------------


   NSTEP       ENERGY          RMS            GMAX         NAME    NUMBER
      1      -5.8169E+04     1.0868E+00     3.6193E+01     CG       1549

 BOND    =     4101.0713  ANGLE   =      274.5000  DIHED      =     1730.2177
 VDWAALS =     8803.1771  EEL     =   -79557.1735  HBOND      =        0.0000
 1-4 VDW =      577.9534  1-4 EEL =     5901.1436  RESTRAINT  =        0.0000


   NSTEP       ENERGY          RMS            GMAX         NAME    NUMBER
      5      -5.8182E+04     8.0981E-01     2.2121E+01     HD21     1370

 BOND    =     4093.3899  ANGLE   =      273.0349  DIHED      =     1730.1520
 VDWAALS =     8800.7680  EEL     =   -79556.2608  HBOND      =        0.0000
 1-4 VDW =      576.9344  1-4 EEL =     5899.7058  RESTRAINT  =        0.0000


   NSTEP       ENERGY          RMS            GMAX         NAME    NUMBER
     10      -5.8210E+04     5.9297E-01     9.9136E+00     C1       2114

 BOND    =     4090.6549  ANGLE   =      271.2955  DIHED      =     1730.6079
 VDWAALS =     8792.5361  EEL     =   -79562.4454  HBOND      =        0.0000
 1-4 VDW =      573.5080  1-4 EEL =     5894.2901  RESTRAINT  =        0.0000


   NSTEP       ENERGY          RMS            GMAX         NAME    NUMBER
     15      -5.8263E+04     4.9471E-01     6.9143E+00     OD1       557

 BOND    =     4093.6712  ANGLE   =      273.6019  DIHED      =     1732.3874
 VDWAALS =     8775.1608  EEL     =   -79583.4839  HBOND      =        0.0000
 1-4 VDW =      564.8117  1-4 EEL =     5880.3929  RESTRAINT  =        0.0000


   NSTEP       ENERGY          RMS            GMAX         NAME    NUMBER
     20      -5.8262E+04     3.7665E+00     3.5907E+02     CG       1549

 BOND    =     4185.4911  ANGLE   =      285.0944  DIHED      =     1732.5389
 VDWAALS =     8755.1826  EEL     =   -79629.0332  HBOND      =        0.0000
 1-4 VDW =      548.5813  1-4 EEL =     5859.9546  RESTRAINT  =        0.0000


   NSTEP       ENERGY          RMS            GMAX         NAME    NUMBER
     25      -5.8373E+04     1.2771E+00     1.1149E+02     CG       1549

 BOND    =     4110.4631  ANGLE   =      279.3339  DIHED      =     1732.5573
 VDWAALS =     8753.4277  EEL     =   -79648.4029  HBOND      =        0.0000
 1-4 VDW =      544.3303  1-4 EEL =     5855.4265  RESTRAINT  =        0.0000


   NSTEP       ENERGY          RMS            GMAX         NAME    NUMBER
     30      -5.8400E+04     1.2212E+00     1.1074E+02     CG       1549

 BOND    =     4110.9843  ANGLE   =      280.0377  DIHED      =     1732.0552
 VDWAALS =     8751.3264  EEL     =   -79665.3206  HBOND      =        0.0000
 1-4 VDW =      540.0763  1-4 EEL =     5851.0756  RESTRAINT  =        0.0000


   NSTEP       ENERGY          RMS            GMAX         NAME    NUMBER
     35      -5.8426E+04     1.2678E+00     1.1294E+02     CG       1549

 BOND    =     4113.9169  ANGLE   =      280.6780  DIHED      =     1731.4051
 VDWAALS =     8749.8414  EEL     =   -79684.5247  HBOND      =        0.0000
 1-4 VDW =      535.7029  1-4 EEL =     5846.6848  RESTRAINT  =        0.0000


   NSTEP       ENERGY          RMS            GMAX         NAME    NUMBER
     40      -5.8453E+04     1.2676E+00     9.9094E+01     CG       1549

 BOND    =     4116.4128  ANGLE   =      281.1407  DIHED      =     1730.6558
 VDWAALS =     8749.1275  EEL     =   -79704.2182  HBOND      =        0.0000
 1-4 VDW =      531.5946  1-4 EEL =     5842.6226  RESTRAINT  =        0.0000


   NSTEP       ENERGY          RMS            GMAX         NAME    NUMBER
     45      -5.8486E+04     4.0135E-01     7.7967E+00     OD2      1551

 BOND    =     4106.7262  ANGLE   =      281.4296  DIHED      =     1729.8857
 VDWAALS =     8748.8353  EEL     =   -79720.1235  HBOND      =        0.0000
 1-4 VDW =      528.1776  1-4 EEL =     5839.3374  RESTRAINT  =        0.0000


   NSTEP       ENERGY          RMS            GMAX         NAME    NUMBER
     50      -5.8498E+04     1.3727E+00     7.2989E+01     CG       1549

 BOND    =     4122.6716  ANGLE   =      282.1022  DIHED      =     1729.0929
 VDWAALS =     8749.4847  EEL     =   -79741.6321  HBOND      =        0.0000
 1-4 VDW =      524.6409  1-4 EEL =     5835.8203  RESTRAINT  =        0.0000


   NSTEP       ENERGY          RMS            GMAX         NAME    NUMBER
     55      -5.8521E+04     1.4006E+00     2.0187E+01     H1       5345

 BOND    =     4125.7678  ANGLE   =      282.4736  DIHED      =     1728.1888
 VDWAALS =     8750.2487  EEL     =   -79761.6375  HBOND      =        0.0000
 1-4 VDW =      521.2981  1-4 EEL =     5832.6130  RESTRAINT  =        0.0000


   NSTEP       ENERGY          RMS            GMAX         NAME    NUMBER
     60      -5.8543E+04     1.4624E+00     2.1439E+01     H1       5345

 BOND    =     4129.1676  ANGLE   =      282.9921  DIHED      =     1727.2628
 VDWAALS =     8751.6128  EEL     =   -79782.1572  HBOND      =        0.0000
 1-4 VDW =      518.1098  1-4 EEL =     5829.5299  RESTRAINT  =        0.0000


   NSTEP       ENERGY          RMS            GMAX         NAME    NUMBER
     65      -5.8579E+04     4.6456E-01     6.8749E+00     OD2      1551

 BOND    =     4113.8915  ANGLE   =      283.5604  DIHED      =     1726.3348
 VDWAALS =     8753.1932  EEL     =   -79798.3473  HBOND      =        0.0000
 1-4 VDW =      515.2575  1-4 EEL =     5826.6126  RESTRAINT  =        0.0000


   NSTEP       ENERGY          RMS            GMAX         NAME    NUMBER
     70      -5.8598E+04     3.4901E-01     6.8214E+00     OD2      1551

 BOND    =     4115.0703  ANGLE   =      283.8722  DIHED      =     1725.5758
 VDWAALS =     8754.6994  EEL     =   -79814.5462  HBOND      =        0.0000
 1-4 VDW =      513.0309  1-4 EEL =     5824.4160  RESTRAINT  =        0.0000


   NSTEP       ENERGY          RMS            GMAX         NAME    NUMBER
     75      -5.8619E+04     3.4486E-01     6.8231E+00     OD2      1551

 BOND    =     4116.7937  ANGLE   =      284.3020  DIHED      =     1724.6267
 VDWAALS =     8756.8330  EEL     =   -79833.9564  HBOND      =        0.0000
 1-4 VDW =      510.4263  1-4 EEL =     5821.8169  RESTRAINT  =        0.0000


   NSTEP       ENERGY          RMS            GMAX         NAME    NUMBER
     80      -5.8640E+04     3.5037E-01     6.8117E+00     OD2      1551

 BOND    =     4118.5116  ANGLE   =      284.7118  DIHED      =     1723.6648
 VDWAALS =     8759.2265  EEL     =   -79853.3510  HBOND      =        0.0000
 1-4 VDW =      507.9570  1-4 EEL =     5819.3368  RESTRAINT  =        0.0000


   NSTEP       ENERGY          RMS            GMAX         NAME    NUMBER
     85      -5.8659E+04     7.0737E-01     1.3005E+01     C        1429

 BOND    =     4122.0101  ANGLE   =      285.2705  DIHED      =     1722.6199
 VDWAALS =     8762.0329  EEL     =   -79873.0901  HBOND      =        0.0000
 1-4 VDW =      505.4601  1-4 EEL =     5816.7776  RESTRAINT  =        0.0000


   NSTEP       ENERGY          RMS            GMAX         NAME    NUMBER
     90      -5.8679E+04     4.3051E-01     6.7521E+00     OD2      1551

 BOND    =     4121.9826  ANGLE   =      285.4594  DIHED      =     1721.7765
 VDWAALS =     8764.4747  EEL     =   -79890.6698  HBOND      =        0.0000
 1-4 VDW =      503.5263  1-4 EEL =     5814.8428  RESTRAINT  =        0.0000


   NSTEP       ENERGY          RMS            GMAX         NAME    NUMBER
     95      -5.8698E+04     4.5610E-01     8.1050E+00     C        1429

 BOND    =     4123.7519  ANGLE   =      285.8038  DIHED      =     1720.8044
 VDWAALS =     8767.3803  EEL     =   -79909.7642  HBOND      =        0.0000
 1-4 VDW =      501.4219  1-4 EEL =     5812.6925  RESTRAINT  =        0.0000


   NSTEP       ENERGY          RMS            GMAX         NAME    NUMBER
    100      -5.8713E+04     8.1626E-01     1.8125E+01     C        1429

 BOND    =     4127.7078  ANGLE   =      286.2975  DIHED      =     1719.8373
 VDWAALS =     8770.4106  EEL     =   -79927.6608  HBOND      =        0.0000
 1-4 VDW =      499.4487  1-4 EEL =     5810.6275  RESTRAINT  =        0.0000


   NSTEP       ENERGY          RMS            GMAX         NAME    NUMBER
    105      -5.8738E+04     3.2494E-01     6.5509E+00     OD2      1551

 BOND    =     4127.1445  ANGLE   =      286.3971  DIHED      =     1718.7714
 VDWAALS =     8773.9804  EEL     =   -79950.4446  HBOND      =        0.0000
 1-4 VDW =      497.3001  1-4 EEL =     5808.4761  RESTRAINT  =        0.0000


   NSTEP       ENERGY          RMS            GMAX         NAME    NUMBER
    110      -5.9069E+04     2.4671E+00     1.9568E+02     OG        851

 BOND    =     4312.5164  ANGLE   =      311.5479  DIHED      =     1703.9092
 VDWAALS =     8969.7113  EEL     =   -80559.4881  HBOND      =        0.0000
 1-4 VDW =      437.0211  1-4 EEL =     5755.4589  RESTRAINT  =        0.0000


   NSTEP       ENERGY          RMS            GMAX         NAME    NUMBER
    115      -5.9264E+04     1.5037E+00     8.2205E+01     CG       1549

 BOND    =     4236.0949  ANGLE   =      377.1484  DIHED      =     1702.6951
 VDWAALS =     9048.9165  EEL     =   -80764.7806  HBOND      =        0.0000
 1-4 VDW =      419.7862  1-4 EEL =     5716.4587  RESTRAINT  =        0.0000


   NSTEP       ENERGY          RMS            GMAX         NAME    NUMBER
    120      -5.9317E+04     1.1514E+00     4.4936E+01     OG        851

 BOND    =     4261.9493  ANGLE   =      384.1964  DIHED      =     1702.1829
 VDWAALS =     9051.7423  EEL     =   -80845.8099  HBOND      =        0.0000
 1-4 VDW =      422.5154  1-4 EEL =     5706.0913  RESTRAINT  =        0.0000


   NSTEP       ENERGY          RMS            GMAX         NAME    NUMBER
    125      -5.9400E+04     1.1493E+00     5.8362E+01     CG       1549

 BOND    =     4281.3098  ANGLE   =      345.9586  DIHED      =     1698.8958
 VDWAALS =     9083.3830  EEL     =   -80927.8869  HBOND      =        0.0000
 1-4 VDW =      422.3564  1-4 EEL =     5695.5021  RESTRAINT  =        0.0000


   NSTEP       ENERGY          RMS            GMAX         NAME    NUMBER
    130      -5.9403E+04     1.0514E+00     5.4423E+01     CG       1549

 BOND    =     4276.3713  ANGLE   =      345.8194  DIHED      =     1698.8229
 VDWAALS =     9083.3155  EEL     =   -80925.2294  HBOND      =        0.0000
 1-4 VDW =      422.3818  1-4 EEL =     5695.5986  RESTRAINT  =        0.0000


   NSTEP       ENERGY          RMS            GMAX         NAME    NUMBER
    135      -5.9435E+04     8.6049E-01     4.2311E+01     CD        839

 BOND    =     4244.2267  ANGLE   =      351.0576  DIHED      =     1693.6813
 VDWAALS =     9073.7798  EEL     =   -80925.0021  HBOND      =        0.0000
 1-4 VDW =      424.8429  1-4 EEL =     5702.2381  RESTRAINT  =        0.0000


   NSTEP       ENERGY          RMS            GMAX         NAME    NUMBER
    140      -5.9475E+04     1.0012E+00     5.8486E+01     CB       1546

 BOND    =     4256.0939  ANGLE   =      345.1854  DIHED      =     1688.3085
 VDWAALS =     9084.7510  EEL     =   -80992.8804  HBOND      =        0.0000
 1-4 VDW =      427.9134  1-4 EEL =     5715.7721  RESTRAINT  =        0.0000


   NSTEP       ENERGY          RMS            GMAX         NAME    NUMBER
    145      -5.9560E+04     8.3085E-01     4.0999E+01     OG        851

 BOND    =     4259.1462  ANGLE   =      306.4193  DIHED      =     1676.1364
 VDWAALS =     9120.1845  EEL     =   -81095.3879  HBOND      =        0.0000
 1-4 VDW =      437.7969  1-4 EEL =     5736.1897  RESTRAINT  =        0.0000


   NSTEP       ENERGY          RMS            GMAX         NAME    NUMBER
    150      -5.9619E+04     9.8660E-01     3.6938E+01     CD        839

 BOND    =     4260.8298  ANGLE   =      290.0443  DIHED      =     1665.7387
 VDWAALS =     9145.0999  EEL     =   -81173.0467  HBOND      =        0.0000
 1-4 VDW =      451.0437  1-4 EEL =     5741.6359  RESTRAINT  =        0.0000


   NSTEP       ENERGY          RMS            GMAX         NAME    NUMBER
    155      -5.9621E+04     9.0189E-01     3.1193E+01     CD        839

 BOND    =     4257.6737  ANGLE   =      289.8901  DIHED      =     1665.6878
 VDWAALS =     9144.9592  EEL     =   -81171.9787  HBOND      =        0.0000
 1-4 VDW =      451.0300  1-4 EEL =     5741.7108  RESTRAINT  =        0.0000


   NSTEP       ENERGY          RMS            GMAX         NAME    NUMBER
    160      -5.9656E+04     5.8816E-01     3.3217E+01     CD        839

 BOND    =     4237.8113  ANGLE   =      291.6271  DIHED      =     1664.4405
 VDWAALS =     9134.8995  EEL     =   -81177.0684  HBOND      =        0.0000
 1-4 VDW =      449.3563  1-4 EEL =     5742.8990  RESTRAINT  =        0.0000


   NSTEP       ENERGY          RMS            GMAX         NAME    NUMBER
    165      -5.9674E+04     7.5423E-01     4.9224E+01     CD        839

 BOND    =     4247.0328  ANGLE   =      292.2636  DIHED      =     1664.2912
 VDWAALS =     9137.0637  EEL     =   -81203.0897  HBOND      =        0.0000
 1-4 VDW =      445.2019  1-4 EEL =     5742.9132  RESTRAINT  =        0.0000


   NSTEP       ENERGY          RMS            GMAX         NAME    NUMBER
    170      -5.9726E+04     6.9661E-01     4.0713E+01     CB        848

 BOND    =     4258.7237  ANGLE   =      289.0414  DIHED      =     1664.4618
 VDWAALS =     9162.4684  EEL     =   -81273.2710  HBOND      =        0.0000
 1-4 VDW =      435.3664  1-4 EEL =     5736.9924  RESTRAINT  =        0.0000


   NSTEP       ENERGY          RMS            GMAX         NAME    NUMBER
    175      -5.9761E+04     7.4570E-01     2.4629E+01     CB        848

 BOND    =     4266.8475  ANGLE   =      309.6116  DIHED      =     1664.1065
 VDWAALS =     9184.3460  EEL     =   -81348.7157  HBOND      =        0.0000
 1-4 VDW =      433.6470  1-4 EEL =     5729.6314  RESTRAINT  =        0.0000


   NSTEP       ENERGY          RMS            GMAX         NAME    NUMBER
    180      -5.9763E+04     6.4985E-01     2.0755E+01     CB        848

 BOND    =     4263.5485  ANGLE   =      308.8504  DIHED      =     1664.0402
 VDWAALS =     9184.5283  EEL     =   -81346.8827  HBOND      =        0.0000
 1-4 VDW =      433.6015  1-4 EEL =     5729.7835  RESTRAINT  =        0.0000


   NSTEP       ENERGY          RMS            GMAX         NAME    NUMBER
    185      -5.9792E+04     5.9552E-01     2.1798E+01     OG        851

 BOND    =     4267.8797  ANGLE   =      291.4891  DIHED      =     1661.7314
 VDWAALS =     9195.6387  EEL     =   -81376.7669  HBOND      =        0.0000
 1-4 VDW =      431.5018  1-4 EEL =     5736.9819  RESTRAINT  =        0.0000


   NSTEP       ENERGY          RMS            GMAX         NAME    NUMBER
    190      -5.9825E+04     5.1702E-01     2.2786E+01     CA        846

 BOND    =     4256.7273  ANGLE   =      297.3711  DIHED      =     1658.1748
 VDWAALS =     9205.3680  EEL     =   -81415.8486  HBOND      =        0.0000
 1-4 VDW =      435.3932  1-4 EEL =     5738.2110  RESTRAINT  =        0.0000


   NSTEP       ENERGY          RMS            GMAX         NAME    NUMBER
    195      -5.9845E+04     6.2808E-01     2.7623E+01     C1       2114

 BOND    =     4268.9865  ANGLE   =      294.9453  DIHED      =     1655.3741
 VDWAALS =     9225.2996  EEL     =   -81467.4819  HBOND      =        0.0000
 1-4 VDW =      439.3229  1-4 EEL =     5738.5221  RESTRAINT  =        0.0000


   NSTEP       ENERGY          RMS            GMAX         NAME    NUMBER
    200      -5.9885E+04     6.7438E-01     2.1858E+01     OG        851

 BOND    =     4275.5454  ANGLE   =      286.9616  DIHED      =     1653.4950
 VDWAALS =     9253.5742  EEL     =   -81532.2206  HBOND      =        0.0000
 1-4 VDW =      440.9410  1-4 EEL =     5736.8419  RESTRAINT  =        0.0000


   NSTEP       ENERGY          RMS            GMAX         NAME    NUMBER
    205      -5.9887E+04     6.0237E-01     1.7984E+01     CG       1549

 BOND    =     4273.4613  ANGLE   =      286.8932  DIHED      =     1653.4090
 VDWAALS =     9253.4262  EEL     =   -81531.6039  HBOND      =        0.0000
 1-4 VDW =      440.9142  1-4 EEL =     5736.9545  RESTRAINT  =        0.0000


   NSTEP       ENERGY          RMS            GMAX         NAME    NUMBER
    210      -5.9906E+04     4.7402E-01     1.6717E+01     OG        851

 BOND    =     4261.4824  ANGLE   =      290.8246  DIHED      =     1651.8533
 VDWAALS =     9246.5635  EEL     =   -81534.7103  HBOND      =        0.0000
 1-4 VDW =      439.7263  1-4 EEL =     5738.6569  RESTRAINT  =        0.0000


   NSTEP       ENERGY          RMS            GMAX         NAME    NUMBER
    215      -5.9921E+04     6.6754E-01     2.9360E+01     CD       1916

 BOND    =     4268.6662  ANGLE   =      290.6075  DIHED      =     1651.4857
 VDWAALS =     9250.0725  EEL     =   -81558.5210  HBOND      =        0.0000
 1-4 VDW =      436.0124  1-4 EEL =     5740.5077  RESTRAINT  =        0.0000


   NSTEP       ENERGY          RMS            GMAX         NAME    NUMBER
    220      -5.9964E+04     7.4467E-01     3.9986E+01     CB        848

 BOND    =     4283.5494  ANGLE   =      287.6296  DIHED      =     1651.9016
 VDWAALS =     9282.1723  EEL     =   -81639.1594  HBOND      =        0.0000
 1-4 VDW =      429.7476  1-4 EEL =     5739.9260  RESTRAINT  =        0.0000


   NSTEP       ENERGY          RMS            GMAX         NAME    NUMBER
    225      -6.0000E+04     7.3927E-01     3.0700E+01     CG       1549

 BOND    =     4290.3230  ANGLE   =      309.3998  DIHED      =     1651.8250
 VDWAALS =     9314.7103  EEL     =   -81728.5996  HBOND      =        0.0000
 1-4 VDW =      428.4135  1-4 EEL =     5734.3828  RESTRAINT  =        0.0000


   NSTEP       ENERGY          RMS            GMAX         NAME    NUMBER
    230      -6.0001E+04     6.6630E-01     2.5689E+01     CG       1549

 BOND    =     4289.9363  ANGLE   =      308.5380  DIHED      =     1651.7146
 VDWAALS =     9314.6856  EEL     =   -81729.0808  HBOND      =        0.0000
 1-4 VDW =      428.3851  1-4 EEL =     5734.4086  RESTRAINT  =        0.0000


   NSTEP       ENERGY          RMS            GMAX         NAME    NUMBER
    235      -6.0041E+04     7.5812E-01     2.7248E+01     CD       1916

 BOND    =     4293.0021  ANGLE   =      289.5872  DIHED      =     1649.2184
 VDWAALS =     9320.7357  EEL     =   -81758.6278  HBOND      =        0.0000
 1-4 VDW =      427.9495  1-4 EEL =     5737.5067  RESTRAINT  =        0.0000


   NSTEP       ENERGY          RMS            GMAX         NAME    NUMBER
    240      -6.0073E+04     6.7312E-01     3.5316E+01     CD       1916

 BOND    =     4295.6457  ANGLE   =      287.5609  DIHED      =     1644.7405
 VDWAALS =     9329.7311  EEL     =   -81800.3042  HBOND      =        0.0000
 1-4 VDW =      432.1502  1-4 EEL =     5737.3539  RESTRAINT  =        0.0000


   NSTEP       ENERGY          RMS            GMAX         NAME    NUMBER
    245      -6.0091E+04     7.1390E-01     3.3038E+01     C1       2114

 BOND    =     4288.8579  ANGLE   =      289.9397  DIHED      =     1642.5785
 VDWAALS =     9344.1585  EEL     =   -81828.9616  HBOND      =        0.0000
 1-4 VDW =      435.9693  1-4 EEL =     5736.0545  RESTRAINT  =        0.0000


   NSTEP       ENERGY          RMS            GMAX         NAME    NUMBER
    250      -6.0109E+04     6.2008E-01     2.5018E+01     C        2111

 BOND    =     4298.4905  ANGLE   =      289.0040  DIHED      =     1642.9279
 VDWAALS =     9361.8676  EEL     =   -81873.8599  HBOND      =        0.0000
 1-4 VDW =      437.5461  1-4 EEL =     5735.2801  RESTRAINT  =        0.0000


   NSTEP       ENERGY          RMS            GMAX         NAME    NUMBER
    255      -6.0111E+04     5.2619E-01     1.6359E+01     OG        851

 BOND    =     4297.6975  ANGLE   =      288.7629  DIHED      =     1642.8148
 VDWAALS =     9361.6394  EEL     =   -81874.3561  HBOND      =        0.0000
 1-4 VDW =      437.4841  1-4 EEL =     5735.3643  RESTRAINT  =        0.0000


   NSTEP       ENERGY          RMS            GMAX         NAME    NUMBER
    260      -6.0128E+04     4.8011E-01     2.3910E+01     C        2111

 BOND    =     4290.8965  ANGLE   =      288.5254  DIHED      =     1641.3934
 VDWAALS =     9355.5475  EEL     =   -81875.9204  HBOND      =        0.0000
 1-4 VDW =      435.4831  1-4 EEL =     5736.3421  RESTRAINT  =        0.0000


   NSTEP       ENERGY          RMS            GMAX         NAME    NUMBER
    265      -6.0150E+04     4.4163E-01     1.9211E+01     CB        848

 BOND    =     4302.5621  ANGLE   =      284.1876  DIHED      =     1641.0545
 VDWAALS =     9359.4818  EEL     =   -81907.4609  HBOND      =        0.0000
 1-4 VDW =      432.1934  1-4 EEL =     5737.9547  RESTRAINT  =        0.0000


   NSTEP       ENERGY          RMS            GMAX         NAME    NUMBER
    270      -6.0176E+04     6.7820E-01     5.8086E+01     CB        848

 BOND    =     4303.3433  ANGLE   =      287.1871  DIHED      =     1641.8236
 VDWAALS =     9376.9058  EEL     =   -81950.0835  HBOND      =        0.0000
 1-4 VDW =      429.1971  1-4 EEL =     5735.6758  RESTRAINT  =        0.0000


   NSTEP       ENERGY          RMS            GMAX         NAME    NUMBER
    275      -6.0213E+04     6.2169E-01     2.8854E+01     CA        846

 BOND    =     4314.5105  ANGLE   =      298.8271  DIHED      =     1641.1251
 VDWAALS =     9401.4565  EEL     =   -82031.0883  HBOND      =        0.0000
 1-4 VDW =      428.1392  1-4 EEL =     5733.5989  RESTRAINT  =        0.0000


   NSTEP       ENERGY          RMS            GMAX         NAME    NUMBER
    280      -6.0215E+04     5.5495E-01     2.3836E+01     CA        846

 BOND    =     4313.8079  ANGLE   =      298.0459  DIHED      =     1641.0272
 VDWAALS =     9401.5031  EEL     =   -82031.2415  HBOND      =        0.0000
 1-4 VDW =      428.0879  1-4 EEL =     5733.6566  RESTRAINT  =        0.0000


   NSTEP       ENERGY          RMS            GMAX         NAME    NUMBER
    285      -6.0240E+04     6.6385E-01     2.6632E+01     CA        846

 BOND    =     4313.6203  ANGLE   =      285.2660  DIHED      =     1639.1521
 VDWAALS =     9408.1567  EEL     =   -82050.4267  HBOND      =        0.0000
 1-4 VDW =      427.1635  1-4 EEL =     5736.9031  RESTRAINT  =        0.0000


   NSTEP       ENERGY          RMS            GMAX         NAME    NUMBER
    290      -6.0260E+04     5.7071E-01     2.3738E+01     O        7513

 BOND    =     4319.8589  ANGLE   =      287.0449  DIHED      =     1636.9206
 VDWAALS =     9415.3587  EEL     =   -82084.7256  HBOND      =        0.0000
 1-4 VDW =      429.2031  1-4 EEL =     5736.8148  RESTRAINT  =        0.0000


   NSTEP       ENERGY          RMS            GMAX         NAME    NUMBER
    295      -6.0281E+04     5.3484E-01     2.3089E+01     C        2111

 BOND    =     4312.6491  ANGLE   =      290.2268  DIHED      =     1635.2000
 VDWAALS =     9433.2948  EEL     =   -82119.8660  HBOND      =        0.0000
 1-4 VDW =      432.7769  1-4 EEL =     5734.8646  RESTRAINT  =        0.0000


   NSTEP       ENERGY          RMS            GMAX         NAME    NUMBER
    300      -6.0295E+04     5.5525E-01     1.8400E+01     N         844

 BOND    =     4320.8656  ANGLE   =      289.3743  DIHED      =     1635.6904
 VDWAALS =     9449.4726  EEL     =   -82157.8698  HBOND      =        0.0000
 1-4 VDW =      433.9419  1-4 EEL =     5733.4143  RESTRAINT  =        0.0000


   NSTEP       ENERGY          RMS            GMAX         NAME    NUMBER
    305      -6.0297E+04     4.7238E-01     1.3415E+01     N         844

 BOND    =     4320.0401  ANGLE   =      289.0951  DIHED      =     1635.5791
 VDWAALS =     9449.2454  EEL     =   -82158.1522  HBOND      =        0.0000
 1-4 VDW =      433.8818  1-4 EEL =     5733.5096  RESTRAINT  =        0.0000


   NSTEP       ENERGY          RMS            GMAX         NAME    NUMBER
    310      -6.0314E+04     4.6399E-01     2.5268E+01     C        2111

 BOND    =     4316.8384  ANGLE   =      288.5630  DIHED      =     1634.3951
 VDWAALS =     9443.5513  EEL     =   -82163.8569  HBOND      =        0.0000
 1-4 VDW =      431.8149  1-4 EEL =     5734.9557  RESTRAINT  =        0.0000


   NSTEP       ENERGY          RMS            GMAX         NAME    NUMBER
    315      -6.0335E+04     4.7162E-01     2.5763E+01     CB        848

 BOND    =     4325.1592  ANGLE   =      283.4212  DIHED      =     1634.3170
 VDWAALS =     9447.8834  EEL     =   -82190.4570  HBOND      =        0.0000
 1-4 VDW =      428.7306  1-4 EEL =     5736.3872  RESTRAINT  =        0.0000


   NSTEP       ENERGY          RMS            GMAX         NAME    NUMBER
    320      -6.0356E+04     6.1977E-01     4.3758E+01     CB        848

 BOND    =     4328.0003  ANGLE   =      285.9843  DIHED      =     1634.7415
 VDWAALS =     9461.9915  EEL     =   -82227.7487  HBOND      =        0.0000
 1-4 VDW =      427.0406  1-4 EEL =     5734.3002  RESTRAINT  =        0.0000


   NSTEP       ENERGY          RMS            GMAX         NAME    NUMBER
    325      -6.0388E+04     5.9297E-01     2.0788E+01     CA        846

 BOND    =     4334.8644  ANGLE   =      295.2058  DIHED      =     1634.4085
 VDWAALS =     9483.2722  EEL     =   -82294.4332  HBOND      =        0.0000
 1-4 VDW =      426.3090  1-4 EEL =     5732.5134  RESTRAINT  =        0.0000


   NSTEP       ENERGY          RMS            GMAX         NAME    NUMBER
    330      -6.0389E+04     5.2437E-01     1.6599E+01     CA        846

 BOND    =     4334.1460  ANGLE   =      294.5361  DIHED      =     1634.3123
 VDWAALS =     9483.3114  EEL     =   -82294.6252  HBOND      =        0.0000
 1-4 VDW =      426.2663  1-4 EEL =     5732.5769  RESTRAINT  =        0.0000


   NSTEP       ENERGY          RMS            GMAX         NAME    NUMBER
    335      -6.0412E+04     5.7252E-01     2.6743E+01     CA        846

 BOND    =     4335.4907  ANGLE   =      283.5144  DIHED      =     1632.6303
 VDWAALS =     9489.3445  EEL     =   -82313.6590  HBOND      =        0.0000
 1-4 VDW =      425.4639  1-4 EEL =     5735.3393  RESTRAINT  =        0.0000


   NSTEP       ENERGY          RMS            GMAX         NAME    NUMBER
    340      -6.0435E+04     4.9058E-01     2.5656E+01     C        2111

 BOND    =     4334.5239  ANGLE   =      288.4211  DIHED      =     1630.7213
 VDWAALS =     9498.6043  EEL     =   -82349.8804  HBOND      =        0.0000
 1-4 VDW =      427.8460  1-4 EEL =     5734.5631  RESTRAINT  =        0.0000


   NSTEP       ENERGY          RMS            GMAX         NAME    NUMBER
    345      -6.0446E+04     5.0066E-01     2.5799E+01     CB        848

 BOND    =     4334.9891  ANGLE   =      288.0362  DIHED      =     1629.6861
 VDWAALS =     9508.8323  EEL     =   -82370.5892  HBOND      =        0.0000
 1-4 VDW =      429.3091  1-4 EEL =     5733.4024  RESTRAINT  =        0.0000


   NSTEP       ENERGY          RMS            GMAX         NAME    NUMBER
    350      -6.0468E+04     4.8078E-01     1.5801E+01     O        7513

 BOND    =     4342.9515  ANGLE   =      285.9996  DIHED      =     1629.6432
 VDWAALS =     9525.9776  EEL     =   -82414.6221  HBOND      =        0.0000
 1-4 VDW =      429.8171  1-4 EEL =     5732.0463  RESTRAINT  =        0.0000


   NSTEP       ENERGY          RMS            GMAX         NAME    NUMBER
    355      -6.0470E+04     4.0251E-01     1.3459E+01     O        7513

 BOND    =     4341.8610  ANGLE   =      285.8461  DIHED      =     1629.5409
 VDWAALS =     9525.9169  EEL     =   -82414.8075  HBOND      =        0.0000
 1-4 VDW =      429.7659  1-4 EEL =     5732.1739  RESTRAINT  =        0.0000


   NSTEP       ENERGY          RMS            GMAX         NAME    NUMBER
    360      -6.0481E+04     3.8989E-01     1.9030E+01     C        2111

 BOND    =     4338.2106  ANGLE   =      285.2189  DIHED      =     1628.6092
 VDWAALS =     9524.1610  EEL     =   -82420.1703  HBOND      =        0.0000
 1-4 VDW =      428.4530  1-4 EEL =     5734.0935  RESTRAINT  =        0.0000


   NSTEP       ENERGY          RMS            GMAX         NAME    NUMBER
    365      -6.0496E+04     4.1913E-01     1.7712E+01     O        7513

 BOND    =     4345.8515  ANGLE   =      284.3301  DIHED      =     1628.3714
 VDWAALS =     9529.9753  EEL     =   -82446.8870  HBOND      =        0.0000
 1-4 VDW =      426.6218  1-4 EEL =     5735.4176  RESTRAINT  =        0.0000


   NSTEP       ENERGY          RMS            GMAX         NAME    NUMBER
    370      -6.0541E+04     8.6994E-01     2.9283E+01     CE2      1295

 BOND    =     4364.1335  ANGLE   =      289.0259  DIHED      =     1630.2378
 VDWAALS =     9575.8060  EEL     =   -82557.1557  HBOND      =        0.0000
 1-4 VDW =      422.7647  1-4 EEL =     5733.8598  RESTRAINT  =        0.0000


   NSTEP       ENERGY          RMS            GMAX         NAME    NUMBER
    375      -6.0593E+04     6.3740E-01     1.7755E+01     OXT      2113

 BOND    =     4370.2925  ANGLE   =      305.2359  DIHED      =     1629.7219
 VDWAALS =     9622.6004  EEL     =   -82673.1498  HBOND      =        0.0000
 1-4 VDW =      422.2149  1-4 EEL =     5730.3175  RESTRAINT  =        0.0000


   NSTEP       ENERGY          RMS            GMAX         NAME    NUMBER
    380      -6.0595E+04     5.9938E-01     1.6553E+01     OXT      2113

 BOND    =     4370.0469  ANGLE   =      304.3920  DIHED      =     1629.5842
 VDWAALS =     9622.5426  EEL     =   -82673.6277  HBOND      =        0.0000
 1-4 VDW =      422.1740  1-4 EEL =     5730.3665  RESTRAINT  =        0.0000


   NSTEP       ENERGY          RMS            GMAX         NAME    NUMBER
    385      -6.0644E+04     7.1220E-01     3.3220E+01     C        2111

 BOND    =     4372.1110  ANGLE   =      284.7600  DIHED      =     1626.0129
 VDWAALS =     9624.3416  EEL     =   -82706.4347  HBOND      =        0.0000
 1-4 VDW =      421.3294  1-4 EEL =     5733.3821  RESTRAINT  =        0.0000


   NSTEP       ENERGY          RMS            GMAX         NAME    NUMBER
    390      -6.0672E+04     5.5285E-01     2.4547E+01     C        2111

 BOND    =     4370.5344  ANGLE   =      283.3345  DIHED      =     1622.7758
 VDWAALS =     9628.2738  EEL     =   -82733.3885  HBOND      =        0.0000
 1-4 VDW =      423.8454  1-4 EEL =     5732.9161  RESTRAINT  =        0.0000


   NSTEP       ENERGY          RMS            GMAX         NAME    NUMBER
    395      -6.0686E+04     3.7295E-01     1.8277E+01     C1       2114

 BOND    =     4367.0926  ANGLE   =      282.8902  DIHED      =     1621.9687
 VDWAALS =     9638.4512  EEL     =   -82753.8639  HBOND      =        0.0000
 1-4 VDW =      425.8598  1-4 EEL =     5731.3807  RESTRAINT  =        0.0000


   NSTEP       ENERGY          RMS            GMAX         NAME    NUMBER
    400      -6.0694E+04     4.2237E-01     1.0533E+01     CD       1776

 BOND    =     4372.2428  ANGLE   =      282.2752  DIHED      =     1622.2039
 VDWAALS =     9648.3996  EEL     =   -82775.9595  HBOND      =        0.0000
 1-4 VDW =      426.3662  1-4 EEL =     5730.4995  RESTRAINT  =        0.0000


   NSTEP       ENERGY          RMS            GMAX         NAME    NUMBER
    405      -6.0696E+04     3.2096E-01     7.4184E+00     O        7513

 BOND    =     4371.5119  ANGLE   =      282.2614  DIHED      =     1622.0661
 VDWAALS =     9648.3083  EEL     =   -82776.6469  HBOND      =        0.0000
 1-4 VDW =      426.3268  1-4 EEL =     5730.6094  RESTRAINT  =        0.0000


   NSTEP       ENERGY          RMS            GMAX         NAME    NUMBER
    410      -6.0704E+04     3.4570E-01     1.0133E+01     C        2111

 BOND    =     4368.8315  ANGLE   =      282.5091  DIHED      =     1621.4396
 VDWAALS =     9647.0267  EEL     =   -82781.1378  HBOND      =        0.0000
 1-4 VDW =      425.5884  1-4 EEL =     5731.7924  RESTRAINT  =        0.0000


   NSTEP       ENERGY          RMS            GMAX         NAME    NUMBER
    415      -6.0721E+04     4.4076E-01     1.2770E+01     CG       1549

 BOND    =     4379.1541  ANGLE   =      279.6654  DIHED      =     1621.1897
 VDWAALS =     9656.6648  EEL     =   -82814.9661  HBOND      =        0.0000
 1-4 VDW =      423.7670  1-4 EEL =     5733.1173  RESTRAINT  =        0.0000


   NSTEP       ENERGY          RMS            GMAX         NAME    NUMBER
    420      -6.0752E+04     7.6928E-01     4.5334E+01     C        2111

 BOND    =     4387.2589  ANGLE   =      282.4415  DIHED      =     1621.8599
 VDWAALS =     9687.3121  EEL     =   -82884.1437  HBOND      =        0.0000
 1-4 VDW =      422.2522  1-4 EEL =     5731.5158  RESTRAINT  =        0.0000


   NSTEP       ENERGY          RMS            GMAX         NAME    NUMBER
    425      -6.0796E+04     6.3872E-01     2.1387E+01     OXT      2113

 BOND    =     4391.7914  ANGLE   =      296.9753  DIHED      =     1621.3709
 VDWAALS =     9718.6338  EEL     =   -82975.7185  HBOND      =        0.0000
 1-4 VDW =      422.3984  1-4 EEL =     5728.7787  RESTRAINT  =        0.0000


   NSTEP       ENERGY          RMS            GMAX         NAME    NUMBER
    430      -6.0797E+04     5.9003E-01     2.0086E+01     OXT      2113

 BOND    =     4391.9968  ANGLE   =      296.1137  DIHED      =     1621.2546
 VDWAALS =     9718.6057  EEL     =   -82976.5789  HBOND      =        0.0000
 1-4 VDW =      422.3524  1-4 EEL =     5728.8074  RESTRAINT  =        0.0000


   NSTEP       ENERGY          RMS            GMAX         NAME    NUMBER
    435      -6.0832E+04     7.0466E-01     5.0636E+01     C        2111

 BOND    =     4396.6698  ANGLE   =      280.8713  DIHED      =     1618.7045
 VDWAALS =     9721.6747  EEL     =   -83002.0315  HBOND      =        0.0000
 1-4 VDW =      420.9263  1-4 EEL =     5731.0000  RESTRAINT  =        0.0000


   NSTEP       ENERGY          RMS            GMAX         NAME    NUMBER
    440      -6.0851E+04     4.9694E-01     2.5876E+01     C        2111

 BOND    =     4391.3884  ANGLE   =      280.0027  DIHED      =     1616.6111
 VDWAALS =     9723.6961  EEL     =   -83015.1307  HBOND      =        0.0000
 1-4 VDW =      422.1987  1-4 EEL =     5730.6503  RESTRAINT  =        0.0000


   NSTEP       ENERGY          RMS            GMAX         NAME    NUMBER
    445      -6.0863E+04     3.2143E-01     1.3245E+01     CD       1607

 BOND    =     4392.4496  ANGLE   =      280.4932  DIHED      =     1615.9817
 VDWAALS =     9732.6399  EEL     =   -83038.3822  HBOND      =        0.0000
 1-4 VDW =      423.8885  1-4 EEL =     5729.7323  RESTRAINT  =        0.0000


   NSTEP       ENERGY          RMS            GMAX         NAME    NUMBER
    450      -6.0870E+04     3.8171E-01     1.4388E+01     CD       1607

 BOND    =     4394.6899  ANGLE   =      279.8902  DIHED      =     1616.2673
 VDWAALS =     9740.8094  EEL     =   -83054.7671  HBOND      =        0.0000
 1-4 VDW =      424.4246  1-4 EEL =     5729.0210  RESTRAINT  =        0.0000


   NSTEP       ENERGY          RMS            GMAX         NAME    NUMBER
    455      -6.0871E+04     2.9155E-01     5.9431E+00     O       11014

 BOND    =     4394.9056  ANGLE   =      279.8498  DIHED      =     1616.1347
 VDWAALS =     9740.7387  EEL     =   -83056.2261  HBOND      =        0.0000
 1-4 VDW =      424.4031  1-4 EEL =     5729.0992  RESTRAINT  =        0.0000


   NSTEP       ENERGY          RMS            GMAX         NAME    NUMBER
    460      -6.0879E+04     3.4483E-01     1.3414E+01     CD       1607

 BOND    =     4392.3725  ANGLE   =      280.5499  DIHED      =     1615.6609
 VDWAALS =     9739.1917  EEL     =   -83060.6149  HBOND      =        0.0000
 1-4 VDW =      423.5690  1-4 EEL =     5730.1760  RESTRAINT  =        0.0000


   NSTEP       ENERGY          RMS            GMAX         NAME    NUMBER
    465      -6.0895E+04     4.1456E-01     1.1066E+01     CG       1549

 BOND    =     4403.7580  ANGLE   =      278.0430  DIHED      =     1615.4164
 VDWAALS =     9747.8612  EEL     =   -83092.8552  HBOND      =        0.0000
 1-4 VDW =      421.6875  1-4 EEL =     5731.1535  RESTRAINT  =        0.0000


   NSTEP       ENERGY          RMS            GMAX         NAME    NUMBER
    470      -6.0917E+04     6.7402E-01     5.1802E+01     C        2111

 BOND    =     4407.6505  ANGLE   =      280.2635  DIHED      =     1616.0499
 VDWAALS =     9771.8550  EEL     =   -83142.6694  HBOND      =        0.0000
 1-4 VDW =      420.8007  1-4 EEL =     5729.4445  RESTRAINT  =        0.0000


   NSTEP       ENERGY          RMS            GMAX         NAME    NUMBER
    475      -6.0952E+04     6.0727E-01     2.3680E+01     OXT      2113

 BOND    =     4411.6637  ANGLE   =      293.6039  DIHED      =     1615.9965
 VDWAALS =     9797.6675  EEL     =   -83218.9840  HBOND      =        0.0000
 1-4 VDW =      421.3131  1-4 EEL =     5726.7696  RESTRAINT  =        0.0000


   NSTEP       ENERGY          RMS            GMAX         NAME    NUMBER
    480      -6.0954E+04     5.5687E-01     2.1538E+01     OXT      2113

 BOND    =     4411.9403  ANGLE   =      292.6704  DIHED      =     1615.8671
 VDWAALS =     9797.6899  EEL     =   -83219.8747  HBOND      =        0.0000
 1-4 VDW =      421.2543  1-4 EEL =     5726.7922  RESTRAINT  =        0.0000


   NSTEP       ENERGY          RMS            GMAX         NAME    NUMBER
    485      -6.0983E+04     5.6949E-01     2.8491E+01     C        2111

 BOND    =     4413.6607  ANGLE   =      277.8258  DIHED      =     1613.6397
 VDWAALS =     9802.3571  EEL     =   -83239.1044  HBOND      =        0.0000
 1-4 VDW =      419.8575  1-4 EEL =     5728.5282  RESTRAINT  =        0.0000


   NSTEP       ENERGY          RMS            GMAX         NAME    NUMBER
    490      -6.1001E+04     4.4447E-01     1.8110E+01     C        2111

 BOND    =     4410.0627  ANGLE   =      277.8063  DIHED      =     1611.4643
 VDWAALS =     9805.1443  EEL     =   -83255.4014  HBOND      =        0.0000
 1-4 VDW =      420.9993  1-4 EEL =     5728.6295  RESTRAINT  =        0.0000


   NSTEP       ENERGY          RMS            GMAX         NAME    NUMBER
    495      -6.1011E+04     3.6837E-01     2.3586E+01     CD       1607

 BOND    =     4411.9237  ANGLE   =      278.2713  DIHED      =     1611.0351
 VDWAALS =     9813.9528  EEL     =   -83276.5713  HBOND      =        0.0000
 1-4 VDW =      422.3747  1-4 EEL =     5727.8764  RESTRAINT  =        0.0000


   NSTEP       ENERGY          RMS            GMAX         NAME    NUMBER
    500      -6.1017E+04     3.5563E-01     9.5779E+00     O       11014

 BOND    =     4414.9786  ANGLE   =      277.8324  DIHED      =     1611.2958
 VDWAALS =     9821.9701  EEL     =   -83292.9731  HBOND      =        0.0000
 1-4 VDW =      422.8233  1-4 EEL =     5727.1403  RESTRAINT  =        0.0000


  Maximum number of minimization cycles reached.


                    FINAL RESULTS



   NSTEP       ENERGY          RMS            GMAX         NAME    NUMBER
    500      -6.1017E+04     3.5563E-01     9.5779E+00     O       11014

 BOND    =     4414.9786  ANGLE   =      277.8324  DIHED      =     1611.2958
 VDWAALS =     9821.9701  EEL     =   -83292.9731  HBOND      =        0.0000
 1-4 VDW =      422.8233  1-4 EEL =     5727.1403  RESTRAINT  =        0.0000
--------------------------------------------------------------------------------
   5.  TIMINGS
--------------------------------------------------------------------------------

|  NonSetup CPU Time in Major Routines:
|
|     Routine           Sec        %
|     ------------------------------
|     Nonbond          28.06   95.95
|     Bond              0.12    0.41
|     Angle             0.09    0.31
|     Dihedral          0.81    2.78
|     Shake             0.00    0.00
|     Other             0.16    0.55
|     ------------------------------
|     Total            29.24

|  PME Nonbond Pairlist CPU Time:
|
|     Routine              Sec        %
|     ---------------------------------
|     Set Up Cit           0.00    0.01
|     Build List           0.38    1.29
|     ---------------------------------
|     Total                0.38    1.30

|  PME Direct Force CPU Time:
|
|     Routine              Sec        %
|     ---------------------------------
|     NonBonded Calc      18.66   63.82
|     Exclude Masked       0.42    1.42
|     Other                0.15    0.51
|     ---------------------------------
|     Total               19.23   65.75

|  PME Reciprocal Force CPU Time:
|
|     Routine              Sec        %
|     ---------------------------------
|     1D bspline           0.32    1.08
|     Grid Charges         0.79    2.71
|     Scalar Sum           3.01   10.29
|     Gradient Sum         0.98    3.36
|     FFT                  3.34   11.41
|     ---------------------------------
|     Total                8.44   28.85

|  Setup CPU time:            0.13 seconds
|  NonSetup CPU time:        29.24 seconds
|  Total CPU time:           29.38 seconds     0.01 hours

|  Setup wall time:           1    seconds
|  NonSetup wall time:       29    seconds
|  Total wall time:          30    seconds     0.01 hours
