
          -------------------------------------------------------
          Amber 16 PMEMD                              2016
          -------------------------------------------------------

| PMEMD implementation of SANDER, Release 16

| Run on 11/07/2018 at 11:53:28

|   Executable path: pmemd.cuda
| Working directory: /home/german/lbp/run/1ifb/mhe/e
|          Hostname: Unknown
  [-O]verwriting output

File Assignments:
|   MDIN: 43equ.in                                                              
|  MDOUT: 43equ.out                                                             
| INPCRD: 42e1ifb.rst7                                                          
|   PARM: /home/german/lbp/top_files/1ifb.prmtop                                
| RESTRT: 43e1ifb.rst7                                                          
|   REFC: 42e1ifb.rst7                                                          
|  MDVEL: mdvel                                                                 
|   MDEN: mden                                                                  
|  MDCRD: 43e1ifb.nc                                                            
| MDINFO: mdinfo                                                                
|  MDFRC: mdfrc                                                                 


 Here is the input file:

Equilibration with solute restrictions                                         
&cntrl                                                                         
imin = 0,                           ! No Minimization                          
nmropt = 0,                         ! No NMR restraints read                   
                                                                               
! Nature and format of the input                                               
ntx = 5,                            ! Coordinates but no velocities will be rea
irest = 1,                          ! Do not run a new simulation              
                                                                               
! Nature and format of the output                                              
ntxo = 1,                           ! rstrt file in ASCII format               
ntpr = 500,                         ! inf in output every ntpr steps           
ntwr = 500,                         ! rstrt file every ntwr steps              
ntwx = 500,                         ! mdcrd file every ntwx steps              
ntwv = 0,                           ! mdvel without velocities                 
ntwe = 0,                           ! Do not write energies and temperatures   
idecomp = 0,                        ! No energy decomposition                  
iwrap = 1,                          ! Coordinates of the restart and mdcrd file
                                                                               
! Frozen or restrained atoms                                                   
ibelly = 0,                         ! No frozen atoms                          
ntr=1,                              ! Harmonic potential restraints            
restraint_wt = 0.08,                ! The weight for the positional restraints 
restraintmask = ':1-131@N,CA,C,O',  ! restrained residues                      
                                                                               
! Molecular dynamics                                                           
nstlim = 50000,                     ! Number of MD-steps                       
dt = 0.002,                         ! Time step                                
                                                                               
! Temperature regulation                                                       
ntt = 3,                            ! Langevin thermostat                      
gamma_ln = 5,                       ! Gamma constant for Langevin              
temp0 = 300.0,                      ! Reference T at which the system is to be 
tempi = 300.0,                      ! Initial T                                
ig = -1,                            ! Seed for the RNG                         
                                                                               
! P and V regulation                                                           
ntp = 1,                            ! constant P                               
barostat = 1,                       ! Berendsen barostat                       
taup = 1,                           ! Pressure relaxation time                 
ntb = 2,                            ! Periodic box for constant P              
                                                                               
! SHAKE variables                                                              
ntc = 2,                            ! Bonds involving H are constrained        
ntf = 2,                            ! Bond interaction involving H are ommited.
                                                                               
cut = 10.0,                         ! Nonbonded cutoff                         
/                                                                              
&end                                                                           


Note: ig = -1. Setting random seed to    65769 based on wallclock time in 
      microseconds.
 
|--------------------- INFORMATION ----------------------
| GPU (CUDA) Version of PMEMD in use: NVIDIA GPU IN USE.
|                    Version 16.0.0
| 
|                      02/25/2016
| 
| Implementation by:
|                    Ross C. Walker     (SDSC)
|                    Scott Le Grand     (nVIDIA)
| 
| Precision model in use:
|      [SPFP] - Single Precision Forces, 64-bit Fixed Point
|               Accumulation. (Default)
| 
|--------------------------------------------------------
 
|----------------- CITATION INFORMATION -----------------
|
|    When publishing work that utilized the CUDA version
|    of AMBER, please cite the following in addition to
|    the regular AMBER citations:
|
|  - Romelia Salomon-Ferrer; Andreas W. Goetz; Duncan
|    Poole; Scott Le Grand; Ross C. Walker "Routine
|    microsecond molecular dynamics simulations with
|    AMBER - Part II: Particle Mesh Ewald", J. Chem.
|    Theory Comput., 2013, 9 (9), pp3878-3888,
|    DOI: 10.1021/ct400314y.
|
|  - Andreas W. Goetz; Mark J. Williamson; Dong Xu;
|    Duncan Poole; Scott Le Grand; Ross C. Walker
|    "Routine microsecond molecular dynamics simulations
|    with AMBER - Part I: Generalized Born", J. Chem.
|    Theory Comput., 2012, 8 (5), pp1542-1555.
|
|  - Scott Le Grand; Andreas W. Goetz; Ross C. Walker
|    "SPFP: Speed without compromise - a mixed precision
|    model for GPU accelerated molecular dynamics
|    simulations.", Comp. Phys. Comm., 2013, 184
|    pp374-380, DOI: 10.1016/j.cpc.2012.09.022
|
|--------------------------------------------------------
 
|------------------- GPU DEVICE INFO --------------------
|
|            CUDA_VISIBLE_DEVICES: 0
|   CUDA Capable Devices Detected:      1
|           CUDA Device ID in use:      0
|                CUDA Device Name: GeForce GTX 1060 6GB
|     CUDA Device Global Mem Size:   6072 MB
| CUDA Device Num Multiprocessors:     10
|           CUDA Device Core Freq:   1.76 GHz
|
|--------------------------------------------------------
 
 
| Conditional Compilation Defines Used:
| PUBFFT
| BINTRAJ
| CUDA
| EMIL

| Largest sphere to fit in unit cell has radius =    23.846

| New format PARM file being parsed.
| Version =    1.000 Date = 11/06/18 Time = 18:32:20

| Note: 1-4 EEL scale factors are being read from the topology file.

| Note: 1-4 VDW scale factors are being read from the topology file.
| Duplicated    0 dihedrals

| Duplicated    0 dihedrals

--------------------------------------------------------------------------------
   1.  RESOURCE   USE: 
--------------------------------------------------------------------------------

 getting new box info from bottom of inpcrd
 NATOM  =   15502 NTYPES =      16 NBONH =   14445 MBONA  =    1073
 NTHETH =    2406 MTHETA =    1438 NPHIH =    4850 MPHIA  =    4505
 NHPARM =       0 NPARM  =       0 NNB   =   29483 NRES   =    4594
 NBONA  =    1073 NTHETA =    1438 NPHIA =    4505 NUMBND =      63
 NUMANG =     141 NPTRA  =     178 NATYP =      33 NPHB   =       1
 IFBOX  =       2 NMXRS  =      24 IFCAP =       0 NEXTRA =       0
 NCOPY  =       0

| Coordinate Index Table dimensions:     9    9    9
| Direct force subcell size =     6.4901    6.4901    6.4901

     BOX TYPE: TRUNCATED OCTAHEDRON

--------------------------------------------------------------------------------
   2.  CONTROL  DATA  FOR  THE  RUN
--------------------------------------------------------------------------------

default_name                                                                    

General flags:
     imin    =       0, nmropt  =       0

Nature and format of input:
     ntx     =       5, irest   =       1, ntrx    =       1

Nature and format of output:
     ntxo    =       1, ntpr    =     500, ntrx    =       1, ntwr    =     500
     iwrap   =       1, ntwx    =     500, ntwv    =       0, ntwe    =       0
     ioutfm  =       1, ntwprt  =       0, idecomp =       0, rbornstat=      0

Potential function:
     ntf     =       2, ntb     =       2, igb     =       0, nsnb    =      25
     ipol    =       0, gbsa    =       0, iesp    =       0
     dielc   =   1.00000, cut     =  10.00000, intdiel =   1.00000

Frozen or restrained atoms:
     ibelly  =       0, ntr     =       1
     restraint_wt =   0.08000

Molecular dynamics:
     nstlim  =     50000, nscm    =         0, nrespa  =         1
     t       =   0.00000, dt      =   0.00200, vlimit  =  -1.00000

Langevin dynamics temperature regulation:
     ig      =   65769
     temp0   = 300.00000, tempi   = 300.00000, gamma_ln=   5.00000

Pressure regulation:
     ntp     =       1
     pres0   =   1.00000, comp    =  44.60000, taup    =   1.00000

SHAKE:
     ntc     =       2, jfastw  =       0
     tol     =   0.00001

| Intermolecular bonds treatment:
|     no_intermolecular_bonds =       1

| Energy averages sample interval:
|     ene_avg_sampling =     500

Ewald parameters:
     verbose =       0, ew_type =       0, nbflag  =       1, use_pme =       1
     vdwmeth =       1, eedmeth =       1, netfrc  =       1
     Box X =   58.411   Box Y =   58.411   Box Z =   58.411
     Alpha =  109.471   Beta  =  109.471   Gamma =  109.471
     NFFT1 =   64       NFFT2 =   64       NFFT3 =   64
     Cutoff=   10.000   Tol   =0.100E-04
     Ewald Coefficient =  0.27511
     Interpolation order =    4

    LOADING THE CONSTRAINED ATOMS AS GROUPS


   5.  REFERENCE ATOM COORDINATES

  default_name                                                                    
     Mask :1-131@N,CA,C,O; matches   524 atoms

--------------------------------------------------------------------------------
   3.  ATOMIC COORDINATES AND VELOCITIES
--------------------------------------------------------------------------------

default_name                                                                    
 begin time read from input coords =  4600.000 ps

 
 Number of triangulated 3-point waters found:     4463

     Sum of charges from parm topology file =  -0.00000004
     Forcing neutrality...

| Dynamic Memory, Types Used:
| Reals              802718
| Integers           588273

| Nonbonded Pairs Initial Allocation:     4688967

| GPU memory information (estimate):
| KB of GPU memory in use:    126899
| KB of CPU memory in use:     25907

--------------------------------------------------------------------------------
   4.  RESULTS
--------------------------------------------------------------------------------

 ---------------------------------------------------
 APPROXIMATING switch and d/dx switch using CUBIC SPLINE INTERPOLATION
 using   5000.0 points per unit in tabled values
 TESTING RELATIVE ERROR over r ranging from 0.0 to cutoff
| CHECK switch(x): max rel err =   0.2738E-14   at   2.422500
| CHECK d/dx switch(x): max rel err =   0.8314E-11   at   2.736960
 ---------------------------------------------------
|---------------------------------------------------
| APPROXIMATING direct energy using CUBIC SPLINE INTERPOLATION
|  with   50.0 points per unit in tabled values
| Relative Error Limit not exceeded for r .gt.   2.33
| APPROXIMATING direct force using CUBIC SPLINE INTERPOLATION
|  with   50.0 points per unit in tabled values
| Relative Error Limit not exceeded for r .gt.   2.80
|---------------------------------------------------
wrapping first mol.:       19.46126       27.52238       47.67015
wrapping first mol.:       19.46126       27.52238       47.67015

 NSTEP =      500   TIME(PS) =    4601.000  TEMP(K) =   298.97  PRESS =   246.1
 Etot   =    -37349.6328  EKtot   =      9523.8506  EPtot      =    -46873.4833
 BOND   =       410.1266  ANGLE   =      1055.6931  DIHED      =      1625.2243
 1-4 NB =       468.6011  1-4 EEL =      5734.4139  VDWAALS    =      5130.1451
 EELEC  =    -61304.2483  EHBOND  =         0.0000  RESTRAINT  =         6.5609
 EAMBER (non-restraint)  =    -46880.0442
 EKCMT  =      3924.5594  VIRIAL  =      3110.4454  VOLUME     =    153195.1800
                                                    Density    =         1.0341
 ------------------------------------------------------------------------------

wrapping first mol.:       19.47659       27.54406       47.70770
wrapping first mol.:       19.47659       27.54406       47.70770

 NSTEP =     1000   TIME(PS) =    4602.000  TEMP(K) =   298.30  PRESS =   -12.1
 Etot   =    -37525.5979  EKtot   =      9502.4922  EPtot      =    -47028.0901
 BOND   =       403.6727  ANGLE   =      1010.0404  DIHED      =      1630.5817
 1-4 NB =       476.9777  1-4 EEL =      5809.9242  VDWAALS    =      5193.9424
 EELEC  =    -61562.9539  EHBOND  =         0.0000  RESTRAINT  =         9.7247
 EAMBER (non-restraint)  =    -47037.8148
 EKCMT  =      3938.0566  VIRIAL  =      3978.2349  VOLUME     =    153561.0045
                                                    Density    =         1.0316
 ------------------------------------------------------------------------------

wrapping first mol.:       19.48155       27.55107       47.71985
wrapping first mol.:       19.48155       27.55107       47.71985

 NSTEP =     1500   TIME(PS) =    4603.000  TEMP(K) =   298.64  PRESS =   336.5
 Etot   =    -37394.6768  EKtot   =      9513.5381  EPtot      =    -46908.2149
 BOND   =       423.0368  ANGLE   =      1043.5602  DIHED      =      1629.3034
 1-4 NB =       473.7340  1-4 EEL =      5771.5084  VDWAALS    =      5192.7004
 EELEC  =    -61450.2221  EHBOND  =         0.0000  RESTRAINT  =         8.1640
 EAMBER (non-restraint)  =    -46916.3789
 EKCMT  =      3969.3297  VIRIAL  =      2852.7618  VOLUME     =    153673.5387
                                                    Density    =         1.0309
 ------------------------------------------------------------------------------

wrapping first mol.:       19.46392       27.52614       47.67667
wrapping first mol.:       19.46392       27.52614       47.67667

 NSTEP =     2000   TIME(PS) =    4604.000  TEMP(K) =   298.43  PRESS =   134.8
 Etot   =    -37508.6124  EKtot   =      9506.6152  EPtot      =    -47015.2276
 BOND   =       394.4130  ANGLE   =       990.1726  DIHED      =      1609.7758
 1-4 NB =       467.5758  1-4 EEL =      5749.9452  VDWAALS    =      5197.5569
 EELEC  =    -61435.5193  EHBOND  =         0.0000  RESTRAINT  =        10.8524
 EAMBER (non-restraint)  =    -47026.0801
 EKCMT  =      3974.0701  VIRIAL  =      3527.9898  VOLUME     =    153259.5693
                                                    Density    =         1.0336
 ------------------------------------------------------------------------------

wrapping first mol.:       19.46800       27.53191       47.68666
wrapping first mol.:       19.46800       27.53191       47.68666

 NSTEP =     2500   TIME(PS) =    4605.000  TEMP(K) =   299.94  PRESS =    -6.0
 Etot   =    -37255.7911  EKtot   =      9554.8203  EPtot      =    -46810.6114
 BOND   =       395.6651  ANGLE   =      1036.3106  DIHED      =      1631.0096
 1-4 NB =       463.7402  1-4 EEL =      5728.5776  VDWAALS    =      4981.0726
 EELEC  =    -61057.2863  EHBOND  =         0.0000  RESTRAINT  =        10.2991
 EAMBER (non-restraint)  =    -46820.9105
 EKCMT  =      3972.0797  VIRIAL  =      3991.9108  VOLUME     =    153357.7976
                                                    Density    =         1.0330
 ------------------------------------------------------------------------------

wrapping first mol.:       19.49529       27.57050       47.75350
wrapping first mol.:       19.49529       27.57050       47.75350

 NSTEP =     3000   TIME(PS) =    4606.000  TEMP(K) =   303.06  PRESS =   372.6
 Etot   =    -37193.9045  EKtot   =      9654.3369  EPtot      =    -46848.2415
 BOND   =       393.8324  ANGLE   =      1052.5835  DIHED      =      1611.7040
 1-4 NB =       466.0140  1-4 EEL =      5764.9212  VDWAALS    =      5079.4446
 EELEC  =    -61228.2134  EHBOND  =         0.0000  RESTRAINT  =        11.4724
 EAMBER (non-restraint)  =    -46859.7138
 EKCMT  =      4091.1644  VIRIAL  =      2852.3313  VOLUME     =    153998.3634
                                                    Density    =         1.0287
 ------------------------------------------------------------------------------

wrapping first mol.:       19.46790       27.53177       47.68642
wrapping first mol.:       19.46790       27.53177       47.68642

 NSTEP =     3500   TIME(PS) =    4607.000  TEMP(K) =   298.94  PRESS =    60.3
 Etot   =    -37360.2481  EKtot   =      9522.9170  EPtot      =    -46883.1651
 BOND   =       389.4421  ANGLE   =      1005.4680  DIHED      =      1618.3429
 1-4 NB =       479.8211  1-4 EEL =      5751.4461  VDWAALS    =      4955.1708
 EELEC  =    -61092.5270  EHBOND  =         0.0000  RESTRAINT  =         9.6710
 EAMBER (non-restraint)  =    -46892.8361
 EKCMT  =      3929.0103  VIRIAL  =      3729.4777  VOLUME     =    153354.5815
                                                    Density    =         1.0330
 ------------------------------------------------------------------------------

wrapping first mol.:       19.47601       27.54324       47.70628
wrapping first mol.:       19.47601       27.54324       47.70628

 NSTEP =     4000   TIME(PS) =    4608.000  TEMP(K) =   299.97  PRESS =   125.0
 Etot   =    -37257.6554  EKtot   =      9555.6533  EPtot      =    -46813.3088
 BOND   =       377.1137  ANGLE   =      1058.2628  DIHED      =      1632.0527
 1-4 NB =       459.9923  1-4 EEL =      5692.1314  VDWAALS    =      5088.8383
 EELEC  =    -61134.9512  EHBOND  =         0.0000  RESTRAINT  =        13.2513
 EAMBER (non-restraint)  =    -46826.5600
 EKCMT  =      3945.6189  VIRIAL  =      3531.3541  VOLUME     =    153545.3890
                                                    Density    =         1.0317
 ------------------------------------------------------------------------------

wrapping first mol.:       19.47411       27.54055       47.70164
wrapping first mol.:       19.47411       27.54055       47.70164

 NSTEP =     4500   TIME(PS) =    4609.000  TEMP(K) =   296.56  PRESS =   394.7
 Etot   =    -37575.7838  EKtot   =      9446.9707  EPtot      =    -47022.7545
 BOND   =       407.0324  ANGLE   =      1013.7476  DIHED      =      1619.0914
 1-4 NB =       462.0216  1-4 EEL =      5707.5821  VDWAALS    =      5325.4701
 EELEC  =    -61570.7746  EHBOND  =         0.0000  RESTRAINT  =        13.0750
 EAMBER (non-restraint)  =    -47035.8295
 EKCMT  =      3924.8269  VIRIAL  =      2616.8433  VOLUME     =    153496.8668
                                                    Density    =         1.0320
 ------------------------------------------------------------------------------

wrapping first mol.:       19.48624       27.55770       47.73133
wrapping first mol.:       19.48624       27.55770       47.73133

 NSTEP =     5000   TIME(PS) =    4610.000  TEMP(K) =   296.63  PRESS =  -222.2
 Etot   =    -37488.5643  EKtot   =      9449.3506  EPtot      =    -46937.9149
 BOND   =       387.3609  ANGLE   =      1009.5939  DIHED      =      1632.4413
 1-4 NB =       474.3809  1-4 EEL =      5742.9024  VDWAALS    =      5009.1765
 EELEC  =    -61207.6092  EHBOND  =         0.0000  RESTRAINT  =        13.8384
 EAMBER (non-restraint)  =    -46951.7533
 EKCMT  =      3926.3886  VIRIAL  =      4664.1850  VOLUME     =    153792.1598
                                                    Density    =         1.0301
 ------------------------------------------------------------------------------

wrapping first mol.:       19.48028       27.54927       47.71673
wrapping first mol.:       19.48028       27.54927       47.71673

 NSTEP =     5500   TIME(PS) =    4611.000  TEMP(K) =   301.58  PRESS =  -374.7
 Etot   =    -37362.2196  EKtot   =      9606.8916  EPtot      =    -46969.1112
 BOND   =       407.9521  ANGLE   =      1025.1811  DIHED      =      1604.6146
 1-4 NB =       466.0354  1-4 EEL =      5707.9539  VDWAALS    =      5048.2552
 EELEC  =    -61240.7209  EHBOND  =         0.0000  RESTRAINT  =        11.6174
 EAMBER (non-restraint)  =    -46980.7286
 EKCMT  =      3994.9581  VIRIAL  =      5237.9924  VOLUME     =    153653.1893
                                                    Density    =         1.0310
 ------------------------------------------------------------------------------

wrapping first mol.:       19.47642       27.54382       47.70730
wrapping first mol.:       19.47642       27.54382       47.70730

 NSTEP =     6000   TIME(PS) =    4612.000  TEMP(K) =   298.23  PRESS =  -221.8
 Etot   =    -37449.6944  EKtot   =      9500.1650  EPtot      =    -46949.8595
 BOND   =       390.8103  ANGLE   =      1032.3697  DIHED      =      1608.6679
 1-4 NB =       475.4200  1-4 EEL =      5709.6087  VDWAALS    =      5068.2083
 EELEC  =    -61247.8480  EHBOND  =         0.0000  RESTRAINT  =        12.9035
 EAMBER (non-restraint)  =    -46962.7630
 EKCMT  =      3929.1613  VIRIAL  =      4664.6237  VOLUME     =    153559.9772
                                                    Density    =         1.0316
 ------------------------------------------------------------------------------

wrapping first mol.:       19.46175       27.52307       47.67134
wrapping first mol.:       19.46175       27.52307       47.67134

 NSTEP =     6500   TIME(PS) =    4613.000  TEMP(K) =   301.66  PRESS =  -113.2
 Etot   =    -37299.6149  EKtot   =      9609.4463  EPtot      =    -46909.0612
 BOND   =       411.8635  ANGLE   =      1012.5805  DIHED      =      1602.6527
 1-4 NB =       480.5799  1-4 EEL =      5718.6834  VDWAALS    =      5016.1799
 EELEC  =    -61165.5281  EHBOND  =         0.0000  RESTRAINT  =        13.9269
 EAMBER (non-restraint)  =    -46922.9881
 EKCMT  =      3977.9315  VIRIAL  =      4352.4971  VOLUME     =    153211.5675
                                                    Density    =         1.0340
 ------------------------------------------------------------------------------

wrapping first mol.:       19.46427       27.52663       47.67752
wrapping first mol.:       19.46427       27.52663       47.67752

 NSTEP =     7000   TIME(PS) =    4614.000  TEMP(K) =   302.08  PRESS =   -46.1
 Etot   =    -37249.8432  EKtot   =      9622.8223  EPtot      =    -46872.6655
 BOND   =       402.9688  ANGLE   =      1014.3998  DIHED      =      1613.5677
 1-4 NB =       468.3839  1-4 EEL =      5739.6009  VDWAALS    =      5015.6987
 EELEC  =    -61138.3558  EHBOND  =         0.0000  RESTRAINT  =        11.0705
 EAMBER (non-restraint)  =    -46883.7360
 EKCMT  =      4035.8423  VIRIAL  =      4188.5094  VOLUME     =    153270.1995
                                                    Density    =         1.0336
 ------------------------------------------------------------------------------

wrapping first mol.:       19.46104       27.52207       47.66962
wrapping first mol.:       19.46104       27.52207       47.66962

 NSTEP =     7500   TIME(PS) =    4615.000  TEMP(K) =   299.95  PRESS =  -346.0
 Etot   =    -37324.6669  EKtot   =      9555.1855  EPtot      =    -46879.8525
 BOND   =       399.5070  ANGLE   =      1051.1005  DIHED      =      1634.7611
 1-4 NB =       461.8297  1-4 EEL =      5694.0968  VDWAALS    =      4982.6732
 EELEC  =    -61115.0366  EHBOND  =         0.0000  RESTRAINT  =        11.2158
 EAMBER (non-restraint)  =    -46891.0683
 EKCMT  =      3969.7187  VIRIAL  =      5114.1014  VOLUME     =    153198.1545
                                                    Density    =         1.0341
 ------------------------------------------------------------------------------

wrapping first mol.:       19.47667       27.54417       47.70790
wrapping first mol.:       19.47667       27.54417       47.70790

 NSTEP =     8000   TIME(PS) =    4616.000  TEMP(K) =   298.58  PRESS =  -148.2
 Etot   =    -37315.3254  EKtot   =      9511.5723  EPtot      =    -46826.8977
 BOND   =       400.5744  ANGLE   =      1028.0087  DIHED      =      1598.6643
 1-4 NB =       472.1436  1-4 EEL =      5738.4657  VDWAALS    =      4939.0108
 EELEC  =    -61016.5766  EHBOND  =         0.0000  RESTRAINT  =        12.8113
 EAMBER (non-restraint)  =    -46839.7090
 EKCMT  =      3930.1083  VIRIAL  =      4421.4719  VOLUME     =    153564.8178
                                                    Density    =         1.0316
 ------------------------------------------------------------------------------

wrapping first mol.:       19.50627       27.58604       47.78041
wrapping first mol.:       19.50627       27.58604       47.78041

 NSTEP =     8500   TIME(PS) =    4617.000  TEMP(K) =   303.91  PRESS =   215.7
 Etot   =    -37102.8817  EKtot   =      9681.0996  EPtot      =    -46783.9813
 BOND   =       421.8125  ANGLE   =       984.3135  DIHED      =      1624.0903
 1-4 NB =       458.0328  1-4 EEL =      5736.6980  VDWAALS    =      5206.5348
 EELEC  =    -61226.0461  EHBOND  =         0.0000  RESTRAINT  =        10.5828
 EAMBER (non-restraint)  =    -46794.5642
 EKCMT  =      4097.6754  VIRIAL  =      3379.4065  VOLUME     =    154261.0610
                                                    Density    =         1.0269
 ------------------------------------------------------------------------------

wrapping first mol.:       19.50728       27.58746       47.78288
wrapping first mol.:       19.50728       27.58746       47.78288

 NSTEP =     9000   TIME(PS) =    4618.000  TEMP(K) =   302.66  PRESS =  -142.7
 Etot   =    -37138.7601  EKtot   =      9641.5000  EPtot      =    -46780.2601
 BOND   =       432.8179  ANGLE   =      1040.6118  DIHED      =      1614.6954
 1-4 NB =       455.2224  1-4 EEL =      5697.5773  VDWAALS    =      4936.9051
 EELEC  =    -60970.3442  EHBOND  =         0.0000  RESTRAINT  =        12.2543
 EAMBER (non-restraint)  =    -46792.5143
 EKCMT  =      4040.2234  VIRIAL  =      4515.5263  VOLUME     =    154289.9344
                                                    Density    =         1.0267
 ------------------------------------------------------------------------------

wrapping first mol.:       19.49509       27.57023       47.75303
wrapping first mol.:       19.49509       27.57023       47.75303

 NSTEP =     9500   TIME(PS) =    4619.000  TEMP(K) =   303.85  PRESS =   127.3
 Etot   =    -37444.7155  EKtot   =      9679.4590  EPtot      =    -47124.1745
 BOND   =       406.2132  ANGLE   =      1026.8722  DIHED      =      1604.0559
 1-4 NB =       462.6466  1-4 EEL =      5738.6187  VDWAALS    =      5255.1084
 EELEC  =    -61631.0033  EHBOND  =         0.0000  RESTRAINT  =        13.3138
 EAMBER (non-restraint)  =    -47137.4883
 EKCMT  =      4038.1889  VIRIAL  =      3615.0457  VOLUME     =    153997.2005
                                                    Density    =         1.0287
 ------------------------------------------------------------------------------

wrapping first mol.:       19.47646       27.54387       47.70738
wrapping first mol.:       19.47646       27.54387       47.70738

 NSTEP =    10000   TIME(PS) =    4620.000  TEMP(K) =   302.89  PRESS =    55.9
 Etot   =    -37390.5130  EKtot   =      9648.6416  EPtot      =    -47039.1546
 BOND   =       391.4727  ANGLE   =       993.2333  DIHED      =      1647.6349
 1-4 NB =       464.6305  1-4 EEL =      5744.4022  VDWAALS    =      5093.9260
 EELEC  =    -61384.6002  EHBOND  =         0.0000  RESTRAINT  =        10.1459
 EAMBER (non-restraint)  =    -47049.3005
 EKCMT  =      4060.3664  VIRIAL  =      3874.9988  VOLUME     =    153556.9421
                                                    Density    =         1.0316
 ------------------------------------------------------------------------------

wrapping first mol.:       19.47237       27.53809       47.69737
wrapping first mol.:       19.47237       27.53809       47.69737

 NSTEP =    10500   TIME(PS) =    4621.000  TEMP(K) =   297.54  PRESS =   234.3
 Etot   =    -37287.6331  EKtot   =      9478.3721  EPtot      =    -46766.0051
 BOND   =       393.0566  ANGLE   =      1080.0121  DIHED      =      1612.3816
 1-4 NB =       450.1180  1-4 EEL =      5743.9083  VDWAALS    =      5146.7826
 EELEC  =    -61203.5059  EHBOND  =         0.0000  RESTRAINT  =        11.2416
 EAMBER (non-restraint)  =    -46777.2468
 EKCMT  =      3939.7289  VIRIAL  =      3163.3123  VOLUME     =    153457.8733
                                                    Density    =         1.0323
 ------------------------------------------------------------------------------

wrapping first mol.:       19.48161       27.55116       47.72000
wrapping first mol.:       19.48161       27.55116       47.72000

 NSTEP =    11000   TIME(PS) =    4622.000  TEMP(K) =   300.09  PRESS =   172.8
 Etot   =    -37295.4127  EKtot   =      9559.5430  EPtot      =    -46854.9557
 BOND   =       406.8929  ANGLE   =      1038.1994  DIHED      =      1631.4211
 1-4 NB =       463.0459  1-4 EEL =      5674.8734  VDWAALS    =      5102.7396
 EELEC  =    -61184.0370  EHBOND  =         0.0000  RESTRAINT  =        11.9089
 EAMBER (non-restraint)  =    -46866.8646
 EKCMT  =      4010.0133  VIRIAL  =      3436.7875  VOLUME     =    153677.2855
                                                    Density    =         1.0308
 ------------------------------------------------------------------------------

wrapping first mol.:       19.47845       27.54668       47.71225
wrapping first mol.:       19.47845       27.54668       47.71225

 NSTEP =    11500   TIME(PS) =    4623.000  TEMP(K) =   297.47  PRESS =    -9.1
 Etot   =    -37430.1608  EKtot   =      9476.2422  EPtot      =    -46906.4030
 BOND   =       405.1403  ANGLE   =      1020.1828  DIHED      =      1624.9852
 1-4 NB =       467.6098  1-4 EEL =      5712.4066  VDWAALS    =      5065.5912
 EELEC  =    -61216.2952  EHBOND  =         0.0000  RESTRAINT  =        13.9762
 EAMBER (non-restraint)  =    -46920.3792
 EKCMT  =      3990.2821  VIRIAL  =      4020.3431  VOLUME     =    153604.9112
                                                    Density    =         1.0313
 ------------------------------------------------------------------------------

wrapping first mol.:       19.47881       27.54720       47.71314
wrapping first mol.:       19.47881       27.54720       47.71314

 NSTEP =    12000   TIME(PS) =    4624.000  TEMP(K) =   296.88  PRESS =   126.1
 Etot   =    -37391.8128  EKtot   =      9457.2139  EPtot      =    -46849.0267
 BOND   =       397.2582  ANGLE   =      1017.0548  DIHED      =      1608.1835
 1-4 NB =       463.7927  1-4 EEL =      5751.4009  VDWAALS    =      5160.5410
 EELEC  =    -61258.5261  EHBOND  =         0.0000  RESTRAINT  =        11.2684
 EAMBER (non-restraint)  =    -46860.2951
 EKCMT  =      3987.3775  VIRIAL  =      3569.1280  VOLUME     =    153611.6718
                                                    Density    =         1.0313
 ------------------------------------------------------------------------------

wrapping first mol.:       19.47289       27.53882       47.69864
wrapping first mol.:       19.47289       27.53882       47.69864

 NSTEP =    12500   TIME(PS) =    4625.000  TEMP(K) =   301.22  PRESS =   432.6
 Etot   =    -37232.0308  EKtot   =      9595.6191  EPtot      =    -46827.6500
 BOND   =       408.4514  ANGLE   =       968.5794  DIHED      =      1601.5678
 1-4 NB =       477.3286  1-4 EEL =      5737.9740  VDWAALS    =      5136.1529
 EELEC  =    -61166.8209  EHBOND  =         0.0000  RESTRAINT  =         9.1168
 EAMBER (non-restraint)  =    -46836.7667
 EKCMT  =      4031.3118  VIRIAL  =      2597.7924  VOLUME     =    153467.3979
                                                    Density    =         1.0322
 ------------------------------------------------------------------------------

wrapping first mol.:       19.48339       27.55368       47.72436
wrapping first mol.:       19.48339       27.55368       47.72436

 NSTEP =    13000   TIME(PS) =    4626.000  TEMP(K) =   300.59  PRESS =   -66.5
 Etot   =    -37349.8011  EKtot   =      9575.3750  EPtot      =    -46925.1761
 BOND   =       408.3033  ANGLE   =      1042.3794  DIHED      =      1632.6749
 1-4 NB =       480.1994  1-4 EEL =      5702.7584  VDWAALS    =      5103.6892
 EELEC  =    -61305.0521  EHBOND  =         0.0000  RESTRAINT  =         9.8715
 EAMBER (non-restraint)  =    -46935.0475
 EKCMT  =      4052.6572  VIRIAL  =      4273.4168  VOLUME     =    153722.7075
                                                    Density    =         1.0305
 ------------------------------------------------------------------------------

wrapping first mol.:       19.45611       27.51510       47.65755
wrapping first mol.:       19.45611       27.51510       47.65755

 NSTEP =    13500   TIME(PS) =    4627.000  TEMP(K) =   298.18  PRESS =  -174.9
 Etot   =    -37374.2094  EKtot   =      9498.7656  EPtot      =    -46872.9750
 BOND   =       370.5109  ANGLE   =      1009.1063  DIHED      =      1639.7843
 1-4 NB =       468.5101  1-4 EEL =      5689.3905  VDWAALS    =      5007.5167
 EELEC  =    -61066.3728  EHBOND  =         0.0000  RESTRAINT  =         8.5789
 EAMBER (non-restraint)  =    -46881.5539
 EKCMT  =      3960.7918  VIRIAL  =      4538.8661  VOLUME     =    153079.4327
                                                    Density    =         1.0349
 ------------------------------------------------------------------------------

wrapping first mol.:       19.46031       27.52103       47.66782
wrapping first mol.:       19.46031       27.52103       47.66782

 NSTEP =    14000   TIME(PS) =    4628.000  TEMP(K) =   300.79  PRESS =   -10.6
 Etot   =    -37331.8252  EKtot   =      9581.9248  EPtot      =    -46913.7500
 BOND   =       388.8587  ANGLE   =      1067.0003  DIHED      =      1619.5260
 1-4 NB =       468.8976  1-4 EEL =      5699.2886  VDWAALS    =      5104.5834
 EELEC  =    -61271.9123  EHBOND  =         0.0000  RESTRAINT  =        10.0078
 EAMBER (non-restraint)  =    -46923.7578
 EKCMT  =      4024.6483  VIRIAL  =      4059.6666  VOLUME     =    153176.2375
                                                    Density    =         1.0342
 ------------------------------------------------------------------------------

wrapping first mol.:       19.46610       27.52922       47.68200
wrapping first mol.:       19.46610       27.52922       47.68200

 NSTEP =    14500   TIME(PS) =    4629.000  TEMP(K) =   299.32  PRESS =  -128.1
 Etot   =    -37461.7493  EKtot   =      9535.1396  EPtot      =    -46996.8889
 BOND   =       407.0327  ANGLE   =      1003.0302  DIHED      =      1608.0769
 1-4 NB =       471.7477  1-4 EEL =      5686.2595  VDWAALS    =      4985.6229
 EELEC  =    -61170.9996  EHBOND  =         0.0000  RESTRAINT  =        12.3408
 EAMBER (non-restraint)  =    -47009.2297
 EKCMT  =      4065.7195  VIRIAL  =      4489.9252  VOLUME     =    153314.5761
                                                    Density    =         1.0333
 ------------------------------------------------------------------------------

wrapping first mol.:       19.46449       27.52695       47.67806
wrapping first mol.:       19.46449       27.52695       47.67806

 NSTEP =    15000   TIME(PS) =    4630.000  TEMP(K) =   303.42  PRESS =    95.5
 Etot   =    -37437.1691  EKtot   =      9665.6885  EPtot      =    -47102.8576
 BOND   =       390.6712  ANGLE   =      1046.0467  DIHED      =      1626.2796
 1-4 NB =       465.4090  1-4 EEL =      5738.8033  VDWAALS    =      5146.0813
 EELEC  =    -61527.9819  EHBOND  =         0.0000  RESTRAINT  =        11.8332
 EAMBER (non-restraint)  =    -47114.6908
 EKCMT  =      4021.0459  VIRIAL  =      3704.8676  VOLUME     =    153273.5204
                                                    Density    =         1.0335
 ------------------------------------------------------------------------------

wrapping first mol.:       19.47192       27.53746       47.69627
wrapping first mol.:       19.47192       27.53746       47.69627

 NSTEP =    15500   TIME(PS) =    4631.000  TEMP(K) =   301.41  PRESS =    13.9
 Etot   =    -37282.4303  EKtot   =      9601.7510  EPtot      =    -46884.1813
 BOND   =       425.0015  ANGLE   =      1037.3804  DIHED      =      1605.8986
 1-4 NB =       453.8561  1-4 EEL =      5737.8322  VDWAALS    =      5129.0044
 EELEC  =    -61285.8213  EHBOND  =         0.0000  RESTRAINT  =        12.6668
 EAMBER (non-restraint)  =    -46896.8482
 EKCMT  =      4003.0725  VIRIAL  =      3956.8812  VOLUME     =    153450.2951
                                                    Density    =         1.0324
 ------------------------------------------------------------------------------

wrapping first mol.:       19.47936       27.54798       47.71449
wrapping first mol.:       19.47936       27.54798       47.71449

 NSTEP =    16000   TIME(PS) =    4632.000  TEMP(K) =   298.63  PRESS =  -343.2
 Etot   =    -37576.4702  EKtot   =      9513.1162  EPtot      =    -47089.5864
 BOND   =       393.0028  ANGLE   =      1027.1742  DIHED      =      1641.1850
 1-4 NB =       462.7264  1-4 EEL =      5709.1745  VDWAALS    =      5028.3794
 EELEC  =    -61363.9428  EHBOND  =         0.0000  RESTRAINT  =        12.7141
 EAMBER (non-restraint)  =    -47102.3006
 EKCMT  =      3956.5095  VIRIAL  =      5094.8452  VOLUME     =    153631.1137
                                                    Density    =         1.0311
 ------------------------------------------------------------------------------

wrapping first mol.:       19.48117       27.55053       47.71892
wrapping first mol.:       19.48117       27.55053       47.71892

 NSTEP =    16500   TIME(PS) =    4633.000  TEMP(K) =   299.60  PRESS =    53.8
 Etot   =    -37604.1174  EKtot   =      9544.0449  EPtot      =    -47148.1623
 BOND   =       414.9935  ANGLE   =      1025.3591  DIHED      =      1639.7336
 1-4 NB =       482.6834  1-4 EEL =      5743.4239  VDWAALS    =      5196.3725
 EELEC  =    -61664.8241  EHBOND  =         0.0000  RESTRAINT  =        14.0958
 EAMBER (non-restraint)  =    -47162.2581
 EKCMT  =      3985.4180  VIRIAL  =      3806.8887  VOLUME     =    153668.4736
                                                    Density    =         1.0309
 ------------------------------------------------------------------------------

wrapping first mol.:       19.49017       27.56326       47.74096
wrapping first mol.:       19.49017       27.56326       47.74096

 NSTEP =    17000   TIME(PS) =    4634.000  TEMP(K) =   297.02  PRESS =   -48.5
 Etot   =    -37307.2603  EKtot   =      9461.7549  EPtot      =    -46769.0152
 BOND   =       395.3183  ANGLE   =      1027.3480  DIHED      =      1635.6454
 1-4 NB =       462.4537  1-4 EEL =      5676.4795  VDWAALS    =      5235.3373
 EELEC  =    -61214.3720  EHBOND  =         0.0000  RESTRAINT  =        12.7746
 EAMBER (non-restraint)  =    -46781.7898
 EKCMT  =      3976.2645  VIRIAL  =      4137.5149  VOLUME     =    153882.8555
                                                    Density    =         1.0295
 ------------------------------------------------------------------------------

wrapping first mol.:       19.48010       27.54903       47.71631
wrapping first mol.:       19.48010       27.54903       47.71631

 NSTEP =    17500   TIME(PS) =    4635.000  TEMP(K) =   300.81  PRESS =    77.2
 Etot   =    -37197.3428  EKtot   =      9582.4600  EPtot      =    -46779.8028
 BOND   =       424.6022  ANGLE   =      1041.7156  DIHED      =      1612.3000
 1-4 NB =       479.1643  1-4 EEL =      5754.1729  VDWAALS    =      5222.8740
 EELEC  =    -61326.1037  EHBOND  =         0.0000  RESTRAINT  =        11.4718
 EAMBER (non-restraint)  =    -46791.2746
 EKCMT  =      4018.8388  VIRIAL  =      3762.8804  VOLUME     =    153642.9124
                                                    Density    =         1.0311
 ------------------------------------------------------------------------------

wrapping first mol.:       19.47315       27.53919       47.69927
wrapping first mol.:       19.47315       27.53919       47.69927

 NSTEP =    18000   TIME(PS) =    4636.000  TEMP(K) =   298.32  PRESS =  -207.3
 Etot   =    -37630.1283  EKtot   =      9503.2451  EPtot      =    -47133.3735
 BOND   =       395.1070  ANGLE   =      1082.8307  DIHED      =      1604.1105
 1-4 NB =       466.9736  1-4 EEL =      5693.8366  VDWAALS    =      5108.5823
 EELEC  =    -61494.1135  EHBOND  =         0.0000  RESTRAINT  =         9.2993
 EAMBER (non-restraint)  =    -47142.6728
 EKCMT  =      3921.9591  VIRIAL  =      4609.0845  VOLUME     =    153482.2412
                                                    Density    =         1.0321
 ------------------------------------------------------------------------------

wrapping first mol.:       19.47037       27.53526       47.69246
wrapping first mol.:       19.47037       27.53526       47.69246

 NSTEP =    18500   TIME(PS) =    4637.000  TEMP(K) =   300.70  PRESS =  -206.6
 Etot   =    -37428.4314  EKtot   =      9579.1162  EPtot      =    -47007.5476
 BOND   =       379.5634  ANGLE   =      1058.5941  DIHED      =      1616.8833
 1-4 NB =       467.5507  1-4 EEL =      5702.1874  VDWAALS    =      5062.8261
 EELEC  =    -61308.9428  EHBOND  =         0.0000  RESTRAINT  =        13.7901
 EAMBER (non-restraint)  =    -47021.3377
 EKCMT  =      3995.9894  VIRIAL  =      4680.4176  VOLUME     =    153416.5688
                                                    Density    =         1.0326
 ------------------------------------------------------------------------------

wrapping first mol.:       19.47277       27.53866       47.69835
wrapping first mol.:       19.47277       27.53866       47.69835

 NSTEP =    19000   TIME(PS) =    4638.000  TEMP(K) =   297.79  PRESS =   412.4
 Etot   =    -37321.4395  EKtot   =      9486.4043  EPtot      =    -46807.8438
 BOND   =       423.0214  ANGLE   =       996.4471  DIHED      =      1616.1846
 1-4 NB =       464.9424  1-4 EEL =      5740.5236  VDWAALS    =      5208.4190
 EELEC  =    -61267.8492  EHBOND  =         0.0000  RESTRAINT  =        10.4672
 EAMBER (non-restraint)  =    -46818.3110
 EKCMT  =      3992.5773  VIRIAL  =      2626.0808  VOLUME     =    153464.9138
                                                    Density    =         1.0323
 ------------------------------------------------------------------------------

wrapping first mol.:       19.48788       27.56003       47.73536
wrapping first mol.:       19.48788       27.56003       47.73536

 NSTEP =    19500   TIME(PS) =    4639.000  TEMP(K) =   297.29  PRESS =    26.1
 Etot   =    -37547.3792  EKtot   =      9470.2881  EPtot      =    -47017.6673
 BOND   =       397.1847  ANGLE   =      1032.6334  DIHED      =      1630.4207
 1-4 NB =       469.7166  1-4 EEL =      5724.6034  VDWAALS    =      5085.3551
 EELEC  =    -61368.7107  EHBOND  =         0.0000  RESTRAINT  =        11.1295
 EAMBER (non-restraint)  =    -47028.7968
 EKCMT  =      3985.8950  VIRIAL  =      3899.1573  VOLUME     =    153827.7256
                                                    Density    =         1.0298
 ------------------------------------------------------------------------------

wrapping first mol.:       19.48241       27.55229       47.72197
wrapping first mol.:       19.48241       27.55229       47.72197

 NSTEP =    20000   TIME(PS) =    4640.000  TEMP(K) =   300.04  PRESS =     3.6
 Etot   =    -37444.9281  EKtot   =      9557.8223  EPtot      =    -47002.7504
 BOND   =       370.0481  ANGLE   =      1061.8735  DIHED      =      1598.5079
 1-4 NB =       472.0367  1-4 EEL =      5705.7055  VDWAALS    =      5061.2712
 EELEC  =    -61284.2988  EHBOND  =         0.0000  RESTRAINT  =        12.1056
 EAMBER (non-restraint)  =    -47014.8560
 EKCMT  =      4037.1004  VIRIAL  =      4024.9926  VOLUME     =    153698.5884
                                                    Density    =         1.0307
 ------------------------------------------------------------------------------

wrapping first mol.:       19.49519       27.57035       47.75325
wrapping first mol.:       19.49519       27.57035       47.75325

 NSTEP =    20500   TIME(PS) =    4641.000  TEMP(K) =   296.74  PRESS =   -18.1
 Etot   =    -37401.0192  EKtot   =      9452.8379  EPtot      =    -46853.8571
 BOND   =       430.1551  ANGLE   =      1009.3473  DIHED      =      1623.6050
 1-4 NB =       470.1989  1-4 EEL =      5693.5338  VDWAALS    =      5028.3611
 EELEC  =    -61120.4761  EHBOND  =         0.0000  RESTRAINT  =        11.4177
 EAMBER (non-restraint)  =    -46865.2749
 EKCMT  =      3894.1443  VIRIAL  =      3954.3640  VOLUME     =    154001.3505
                                                    Density    =         1.0287
 ------------------------------------------------------------------------------

wrapping first mol.:       19.48639       27.55792       47.73171
wrapping first mol.:       19.48639       27.55792       47.73171

 NSTEP =    21000   TIME(PS) =    4642.000  TEMP(K) =   300.87  PRESS =    56.8
 Etot   =    -37477.4952  EKtot   =      9584.2773  EPtot      =    -47061.7726
 BOND   =       390.4982  ANGLE   =      1020.2517  DIHED      =      1587.8988
 1-4 NB =       480.4138  1-4 EEL =      5721.1248  VDWAALS    =      5139.5619
 EELEC  =    -61413.4328  EHBOND  =         0.0000  RESTRAINT  =        11.9110
 EAMBER (non-restraint)  =    -47073.6836
 EKCMT  =      4008.4858  VIRIAL  =      3819.8256  VOLUME     =    153792.0589
                                                    Density    =         1.0301
 ------------------------------------------------------------------------------

wrapping first mol.:       19.47402       27.54042       47.70140
wrapping first mol.:       19.47402       27.54042       47.70140

 NSTEP =    21500   TIME(PS) =    4643.000  TEMP(K) =   296.42  PRESS =  -219.1
 Etot   =    -37621.2029  EKtot   =      9442.5234  EPtot      =    -47063.7264
 BOND   =       401.8058  ANGLE   =      1026.4599  DIHED      =      1642.8027
 1-4 NB =       460.5719  1-4 EEL =      5691.1966  VDWAALS    =      4999.8163
 EELEC  =    -61296.2447  EHBOND  =         0.0000  RESTRAINT  =         9.8651
 EAMBER (non-restraint)  =    -47073.5914
 EKCMT  =      3886.4746  VIRIAL  =      4612.7056  VOLUME     =    153503.0406
                                                    Density    =         1.0320
 ------------------------------------------------------------------------------

wrapping first mol.:       19.48606       27.55745       47.73090
wrapping first mol.:       19.48606       27.55745       47.73090

 NSTEP =    22000   TIME(PS) =    4644.000  TEMP(K) =   301.86  PRESS =   -58.9
 Etot   =    -37174.5643  EKtot   =      9615.8936  EPtot      =    -46790.4578
 BOND   =       414.8237  ANGLE   =      1015.3277  DIHED      =      1620.1860
 1-4 NB =       477.3932  1-4 EEL =      5689.4184  VDWAALS    =      4978.2896
 EELEC  =    -60996.8601  EHBOND  =         0.0000  RESTRAINT  =        10.9636
 EAMBER (non-restraint)  =    -46801.4214
 EKCMT  =      3994.4621  VIRIAL  =      4189.9751  VOLUME     =    153785.7492
                                                    Density    =         1.0301
 ------------------------------------------------------------------------------

wrapping first mol.:       19.48266       27.55264       47.72258
wrapping first mol.:       19.48266       27.55264       47.72258

 NSTEP =    22500   TIME(PS) =    4645.000  TEMP(K) =   301.51  PRESS =  -209.1
 Etot   =    -37243.7483  EKtot   =      9604.9424  EPtot      =    -46848.6907
 BOND   =       428.5412  ANGLE   =      1028.7147  DIHED      =      1637.0554
 1-4 NB =       470.1274  1-4 EEL =      5624.5130  VDWAALS    =      5061.5005
 EELEC  =    -61110.7209  EHBOND  =         0.0000  RESTRAINT  =        11.5780
 EAMBER (non-restraint)  =    -46860.2687
 EKCMT  =      4033.4655  VIRIAL  =      4727.5640  VOLUME     =    153707.3926
                                                    Density    =         1.0306
 ------------------------------------------------------------------------------

wrapping first mol.:       19.46311       27.52500       47.67469
wrapping first mol.:       19.46311       27.52500       47.67469

 NSTEP =    23000   TIME(PS) =    4646.000  TEMP(K) =   298.72  PRESS =   168.6
 Etot   =    -37338.8229  EKtot   =      9515.9492  EPtot      =    -46854.7721
 BOND   =       408.9266  ANGLE   =      1033.8862  DIHED      =      1635.4038
 1-4 NB =       459.1439  1-4 EEL =      5689.6967  VDWAALS    =      5020.6672
 EELEC  =    -61113.9276  EHBOND  =         0.0000  RESTRAINT  =        11.4311
 EAMBER (non-restraint)  =    -46866.2031
 EKCMT  =      4037.1154  VIRIAL  =      3479.1732  VOLUME     =    153239.9541
                                                    Density    =         1.0338
 ------------------------------------------------------------------------------

wrapping first mol.:       19.47059       27.53557       47.69301
wrapping first mol.:       19.47059       27.53557       47.69301

 NSTEP =    23500   TIME(PS) =    4647.000  TEMP(K) =   297.62  PRESS =  -235.1
 Etot   =    -37489.3327  EKtot   =      9480.7510  EPtot      =    -46970.0837
 BOND   =       412.4717  ANGLE   =      1033.7976  DIHED      =      1624.6364
 1-4 NB =       465.2820  1-4 EEL =      5698.4590  VDWAALS    =      4942.7710
 EELEC  =    -61159.1454  EHBOND  =         0.0000  RESTRAINT  =        11.6440
 EAMBER (non-restraint)  =    -46981.7276
 EKCMT  =      4062.6766  VIRIAL  =      4841.4309  VOLUME     =    153422.2002
                                                    Density    =         1.0325
 ------------------------------------------------------------------------------

wrapping first mol.:       19.45542       27.51412       47.65585
wrapping first mol.:       19.45542       27.51412       47.65585

 NSTEP =    24000   TIME(PS) =    4648.000  TEMP(K) =   300.53  PRESS =    -0.5
 Etot   =    -37457.1337  EKtot   =      9573.5312  EPtot      =    -47030.6649
 BOND   =       434.5563  ANGLE   =      1031.2202  DIHED      =      1631.9404
 1-4 NB =       463.9643  1-4 EEL =      5708.5057  VDWAALS    =      5203.3963
 EELEC  =    -61515.0724  EHBOND  =         0.0000  RESTRAINT  =        10.8242
 EAMBER (non-restraint)  =    -47041.4891
 EKCMT  =      4009.3637  VIRIAL  =      4011.0497  VOLUME     =    153060.6667
                                                    Density    =         1.0350
 ------------------------------------------------------------------------------

wrapping first mol.:       19.45780       27.51749       47.66168
wrapping first mol.:       19.45780       27.51749       47.66168

 NSTEP =    24500   TIME(PS) =    4649.000  TEMP(K) =   299.34  PRESS =    15.0
 Etot   =    -37526.5462  EKtot   =      9535.7969  EPtot      =    -47062.3431
 BOND   =       388.1980  ANGLE   =      1070.4899  DIHED      =      1625.4939
 1-4 NB =       482.1730  1-4 EEL =      5722.8610  VDWAALS    =      5056.6067
 EELEC  =    -61419.0549  EHBOND  =         0.0000  RESTRAINT  =        10.8894
 EAMBER (non-restraint)  =    -47073.2325
 EKCMT  =      3937.7853  VIRIAL  =      3888.2336  VOLUME     =    153116.7071
                                                    Density    =         1.0346
 ------------------------------------------------------------------------------

wrapping first mol.:       19.47041       27.53531       47.69256
wrapping first mol.:       19.47041       27.53531       47.69256

 NSTEP =    25000   TIME(PS) =    4650.000  TEMP(K) =   299.02  PRESS =   -90.2
 Etot   =    -37268.0266  EKtot   =      9525.3291  EPtot      =    -46793.3557
 BOND   =       393.0276  ANGLE   =       992.5888  DIHED      =      1639.7602
 1-4 NB =       466.1642  1-4 EEL =      5752.1907  VDWAALS    =      4977.8502
 EELEC  =    -61027.4930  EHBOND  =         0.0000  RESTRAINT  =        12.5558
 EAMBER (non-restraint)  =    -46805.9114
 EKCMT  =      3908.8622  VIRIAL  =      4207.6510  VOLUME     =    153415.8643
                                                    Density    =         1.0326
 ------------------------------------------------------------------------------

wrapping first mol.:       19.47551       27.54254       47.70507
wrapping first mol.:       19.47551       27.54254       47.70507

 NSTEP =    25500   TIME(PS) =    4651.000  TEMP(K) =   300.02  PRESS =     8.8
 Etot   =    -37417.6969  EKtot   =      9557.4453  EPtot      =    -46975.1422
 BOND   =       408.3970  ANGLE   =      1010.6012  DIHED      =      1651.8663
 1-4 NB =       472.3746  1-4 EEL =      5721.0328  VDWAALS    =      5226.4689
 EELEC  =    -61479.8917  EHBOND  =         0.0000  RESTRAINT  =        14.0087
 EAMBER (non-restraint)  =    -46989.1509
 EKCMT  =      4013.8862  VIRIAL  =      3984.7491  VOLUME     =    153535.2732
                                                    Density    =         1.0318
 ------------------------------------------------------------------------------

wrapping first mol.:       19.48779       27.55990       47.73515
wrapping first mol.:       19.48779       27.55990       47.73515

 NSTEP =    26000   TIME(PS) =    4652.000  TEMP(K) =   301.72  PRESS =   145.3
 Etot   =    -37181.1939  EKtot   =      9611.6426  EPtot      =    -46792.8365
 BOND   =       410.3659  ANGLE   =      1063.1592  DIHED      =      1633.3794
 1-4 NB =       459.4367  1-4 EEL =      5667.3825  VDWAALS    =      5281.6777
 EELEC  =    -61321.0932  EHBOND  =         0.0000  RESTRAINT  =        12.8552
 EAMBER (non-restraint)  =    -46805.6917
 EKCMT  =      4023.1124  VIRIAL  =      3540.6830  VOLUME     =    153824.0303
                                                    Density    =         1.0298
 ------------------------------------------------------------------------------

wrapping first mol.:       19.49140       27.56500       47.74397
wrapping first mol.:       19.49140       27.56500       47.74397

 NSTEP =    26500   TIME(PS) =    4653.000  TEMP(K) =   301.08  PRESS =   -40.8
 Etot   =    -37059.3190  EKtot   =      9591.2539  EPtot      =    -46650.5729
 BOND   =       409.0087  ANGLE   =      1071.8801  DIHED      =      1616.7102
 1-4 NB =       469.7496  1-4 EEL =      5754.7977  VDWAALS    =      5034.0991
 EELEC  =    -61018.9540  EHBOND  =         0.0000  RESTRAINT  =        12.1356
 EAMBER (non-restraint)  =    -46662.7086
 EKCMT  =      3931.2939  VIRIAL  =      4066.8097  VOLUME     =    153911.9050
                                                    Density    =         1.0293
 ------------------------------------------------------------------------------

wrapping first mol.:       19.47451       27.54111       47.70260
wrapping first mol.:       19.47451       27.54111       47.70260

 NSTEP =    27000   TIME(PS) =    4654.000  TEMP(K) =   302.71  PRESS =  -374.0
 Etot   =    -37292.0542  EKtot   =      9643.0977  EPtot      =    -46935.1518
 BOND   =       412.3931  ANGLE   =      1017.3977  DIHED      =      1609.6823
 1-4 NB =       474.2148  1-4 EEL =      5748.3347  VDWAALS    =      4910.0005
 EELEC  =    -61122.4608  EHBOND  =         0.0000  RESTRAINT  =        15.2859
 EAMBER (non-restraint)  =    -46950.4377
 EKCMT  =      4108.2453  VIRIAL  =      5348.0454  VOLUME     =    153516.7365
                                                    Density    =         1.0319
 ------------------------------------------------------------------------------

wrapping first mol.:       19.47825       27.54641       47.71178
wrapping first mol.:       19.47825       27.54641       47.71178

 NSTEP =    27500   TIME(PS) =    4655.000  TEMP(K) =   299.59  PRESS =  -210.9
 Etot   =    -37399.1465  EKtot   =      9543.6455  EPtot      =    -46942.7920
 BOND   =       379.0000  ANGLE   =      1058.7702  DIHED      =      1613.7116
 1-4 NB =       466.3246  1-4 EEL =      5775.7612  VDWAALS    =      4992.0875
 EELEC  =    -61244.9570  EHBOND  =         0.0000  RESTRAINT  =        16.5100
 EAMBER (non-restraint)  =    -46959.3020
 EKCMT  =      3979.6672  VIRIAL  =      4679.0209  VOLUME     =    153603.0761
                                                    Density    =         1.0313
 ------------------------------------------------------------------------------

wrapping first mol.:       19.47060       27.53559       47.69303
wrapping first mol.:       19.47060       27.53559       47.69303

 NSTEP =    28000   TIME(PS) =    4656.000  TEMP(K) =   299.38  PRESS =   107.5
 Etot   =    -37427.0069  EKtot   =      9536.9141  EPtot      =    -46963.9210
 BOND   =       396.4576  ANGLE   =      1007.2654  DIHED      =      1617.1772
 1-4 NB =       476.8519  1-4 EEL =      5724.5692  VDWAALS    =      5072.4622
 EELEC  =    -61275.4321  EHBOND  =         0.0000  RESTRAINT  =        16.7276
 EAMBER (non-restraint)  =    -46980.6486
 EKCMT  =      3946.4089  VIRIAL  =      3590.3698  VOLUME     =    153417.7780
                                                    Density    =         1.0326
 ------------------------------------------------------------------------------

wrapping first mol.:       19.48421       27.55483       47.72637
wrapping first mol.:       19.48421       27.55483       47.72637

 NSTEP =    28500   TIME(PS) =    4657.000  TEMP(K) =   303.41  PRESS =   461.2
 Etot   =    -37198.0121  EKtot   =      9665.4658  EPtot      =    -46863.4779
 BOND   =       366.2548  ANGLE   =      1030.2353  DIHED      =      1601.7919
 1-4 NB =       472.8588  1-4 EEL =      5704.4684  VDWAALS    =      5281.3917
 EELEC  =    -61334.2068  EHBOND  =         0.0000  RESTRAINT  =        13.7280
 EAMBER (non-restraint)  =    -46877.2059
 EKCMT  =      4028.7634  VIRIAL  =      2497.9833  VOLUME     =    153734.8123
                                                    Density    =         1.0304
 ------------------------------------------------------------------------------

wrapping first mol.:       19.48239       27.55226       47.72191
wrapping first mol.:       19.48239       27.55226       47.72191

 NSTEP =    29000   TIME(PS) =    4658.000  TEMP(K) =   306.88  PRESS =    30.1
 Etot   =    -37149.0438  EKtot   =      9775.7344  EPtot      =    -46924.7781
 BOND   =       379.0431  ANGLE   =       990.8297  DIHED      =      1624.2666
 1-4 NB =       466.7176  1-4 EEL =      5758.9525  VDWAALS    =      5133.5813
 EELEC  =    -61290.3650  EHBOND  =         0.0000  RESTRAINT  =        12.1961
 EAMBER (non-restraint)  =    -46936.9742
 EKCMT  =      4066.4018  VIRIAL  =      3966.4496  VOLUME     =    153697.6353
                                                    Density    =         1.0307
 ------------------------------------------------------------------------------

wrapping first mol.:       19.48450       27.55525       47.72709
wrapping first mol.:       19.48450       27.55525       47.72709

 NSTEP =    29500   TIME(PS) =    4659.000  TEMP(K) =   300.75  PRESS =   357.1
 Etot   =    -37270.7496  EKtot   =      9580.4873  EPtot      =    -46851.2369
 BOND   =       408.3392  ANGLE   =      1024.5971  DIHED      =      1616.6967
 1-4 NB =       469.0605  1-4 EEL =      5724.1014  VDWAALS    =      5123.4521
 EELEC  =    -61232.0161  EHBOND  =         0.0000  RESTRAINT  =        14.5323
 EAMBER (non-restraint)  =    -46865.7692
 EKCMT  =      4004.2524  VIRIAL  =      2818.7734  VOLUME     =    153743.1948
                                                    Density    =         1.0304
 ------------------------------------------------------------------------------

wrapping first mol.:       19.48434       27.55502       47.72669
wrapping first mol.:       19.48434       27.55502       47.72669

 NSTEP =    30000   TIME(PS) =    4660.000  TEMP(K) =   298.19  PRESS =    67.4
 Etot   =    -37509.0790  EKtot   =      9499.0879  EPtot      =    -47008.1669
 BOND   =       399.4460  ANGLE   =       990.4367  DIHED      =      1609.5375
 1-4 NB =       471.9096  1-4 EEL =      5782.4475  VDWAALS    =      4962.6531
 EELEC  =    -61238.0979  EHBOND  =         0.0000  RESTRAINT  =        13.5006
 EAMBER (non-restraint)  =    -47021.6675
 EKCMT  =      4012.3707  VIRIAL  =      3788.6457  VOLUME     =    153743.3672
                                                    Density    =         1.0304
 ------------------------------------------------------------------------------

wrapping first mol.:       19.47955       27.54825       47.71496
wrapping first mol.:       19.47955       27.54825       47.71496

 NSTEP =    30500   TIME(PS) =    4661.000  TEMP(K) =   298.67  PRESS =   -75.0
 Etot   =    -37491.7631  EKtot   =      9514.2158  EPtot      =    -47005.9790
 BOND   =       419.0096  ANGLE   =      1065.7064  DIHED      =      1616.5267
 1-4 NB =       455.4932  1-4 EEL =      5678.5163  VDWAALS    =      5066.7257
 EELEC  =    -61320.4271  EHBOND  =         0.0000  RESTRAINT  =        12.4703
 EAMBER (non-restraint)  =    -47018.4492
 EKCMT  =      3972.4947  VIRIAL  =      4221.3419  VOLUME     =    153631.9416
                                                    Density    =         1.0311
 ------------------------------------------------------------------------------

wrapping first mol.:       19.47658       27.54404       47.70768
wrapping first mol.:       19.47658       27.54404       47.70768

 NSTEP =    31000   TIME(PS) =    4662.000  TEMP(K) =   299.83  PRESS =    57.5
 Etot   =    -37439.6831  EKtot   =      9551.1650  EPtot      =    -46990.8481
 BOND   =       405.4695  ANGLE   =       990.4710  DIHED      =      1650.7593
 1-4 NB =       473.8467  1-4 EEL =      5735.6450  VDWAALS    =      5179.3061
 EELEC  =    -61438.9926  EHBOND  =         0.0000  RESTRAINT  =        12.6468
 EAMBER (non-restraint)  =    -47003.4949
 EKCMT  =      4039.9437  VIRIAL  =      3849.1424  VOLUME     =    153559.8050
                                                    Density    =         1.0316
 ------------------------------------------------------------------------------

wrapping first mol.:       19.50064       27.57806       47.76661
wrapping first mol.:       19.50064       27.57806       47.76661

 NSTEP =    31500   TIME(PS) =    4663.000  TEMP(K) =   298.54  PRESS =   143.9
 Etot   =    -37320.7175  EKtot   =      9510.3223  EPtot      =    -46831.0398
 BOND   =       441.8978  ANGLE   =      1045.6226  DIHED      =      1620.9415
 1-4 NB =       470.7928  1-4 EEL =      5733.0032  VDWAALS    =      5179.5573
 EELEC  =    -61334.9488  EHBOND  =         0.0000  RESTRAINT  =        12.0939
 EAMBER (non-restraint)  =    -46843.1337
 EKCMT  =      3981.0286  VIRIAL  =      3502.1226  VOLUME     =    154128.3617
                                                    Density    =         1.0278
 ------------------------------------------------------------------------------

wrapping first mol.:       19.50422       27.58313       47.77538
wrapping first mol.:       19.50422       27.58313       47.77538

 NSTEP =    32000   TIME(PS) =    4664.000  TEMP(K) =   300.55  PRESS =  -171.6
 Etot   =    -37392.9061  EKtot   =      9574.1406  EPtot      =    -46967.0468
 BOND   =       413.5446  ANGLE   =       992.5606  DIHED      =      1628.7876
 1-4 NB =       471.0816  1-4 EEL =      5713.7554  VDWAALS    =      5009.6079
 EELEC  =    -61207.8626  EHBOND  =         0.0000  RESTRAINT  =        11.4781
 EAMBER (non-restraint)  =    -46978.5249
 EKCMT  =      3944.3962  VIRIAL  =      4515.7591  VOLUME     =    154217.6657
                                                    Density    =         1.0272
 ------------------------------------------------------------------------------

wrapping first mol.:       19.51081       27.59246       47.79153
wrapping first mol.:       19.51081       27.59246       47.79153

 NSTEP =    32500   TIME(PS) =    4665.000  TEMP(K) =   296.60  PRESS =    36.0
 Etot   =    -37621.3473  EKtot   =      9448.3545  EPtot      =    -47069.7018
 BOND   =       439.0727  ANGLE   =      1004.2765  DIHED      =      1615.9080
 1-4 NB =       451.2130  1-4 EEL =      5689.4295  VDWAALS    =      5171.7902
 EELEC  =    -61454.5285  EHBOND  =         0.0000  RESTRAINT  =        13.1367
 EAMBER (non-restraint)  =    -47082.8385
 EKCMT  =      3972.3801  VIRIAL  =      3852.4327  VOLUME     =    154371.2773
                                                    Density    =         1.0262
 ------------------------------------------------------------------------------

wrapping first mol.:       19.49220       27.56613       47.74593
wrapping first mol.:       19.49220       27.56613       47.74593

 NSTEP =    33000   TIME(PS) =    4666.000  TEMP(K) =   301.71  PRESS =   -92.2
 Etot   =    -37079.5629  EKtot   =      9611.1211  EPtot      =    -46690.6840
 BOND   =       425.6722  ANGLE   =      1051.0970  DIHED      =      1641.2573
 1-4 NB =       458.2947  1-4 EEL =      5700.0764  VDWAALS    =      5091.8316
 EELEC  =    -61069.4923  EHBOND  =         0.0000  RESTRAINT  =        10.5791
 EAMBER (non-restraint)  =    -46701.2631
 EKCMT  =      4041.2572  VIRIAL  =      4347.6142  VOLUME     =    153931.5570
                                                    Density    =         1.0291
 ------------------------------------------------------------------------------

wrapping first mol.:       19.48664       27.55827       47.73233
wrapping first mol.:       19.48664       27.55827       47.73233

 NSTEP =    33500   TIME(PS) =    4667.000  TEMP(K) =   300.83  PRESS =   -51.2
 Etot   =    -37206.2236  EKtot   =      9583.0967  EPtot      =    -46789.3203
 BOND   =       387.7028  ANGLE   =      1032.3573  DIHED      =      1644.3762
 1-4 NB =       461.5370  1-4 EEL =      5699.5827  VDWAALS    =      5082.5310
 EELEC  =    -61109.9393  EHBOND  =         0.0000  RESTRAINT  =        12.5320
 EAMBER (non-restraint)  =    -46801.8523
 EKCMT  =      3958.8456  VIRIAL  =      4128.7289  VOLUME     =    153799.4701
                                                    Density    =         1.0300
 ------------------------------------------------------------------------------

wrapping first mol.:       19.47089       27.53599       47.69374
wrapping first mol.:       19.47089       27.53599       47.69374

 NSTEP =    34000   TIME(PS) =    4668.000  TEMP(K) =   301.79  PRESS =   -43.1
 Etot   =    -37332.1086  EKtot   =      9613.6484  EPtot      =    -46945.7570
 BOND   =       383.8845  ANGLE   =       998.0236  DIHED      =      1620.6656
 1-4 NB =       482.9520  1-4 EEL =      5757.2964  VDWAALS    =      5121.1983
 EELEC  =    -61321.1400  EHBOND  =         0.0000  RESTRAINT  =        11.3626
 EAMBER (non-restraint)  =    -46957.1196
 EKCMT  =      4008.9553  VIRIAL  =      4151.7940  VOLUME     =    153426.6161
                                                    Density    =         1.0325
 ------------------------------------------------------------------------------

wrapping first mol.:       19.49625       27.57186       47.75586
wrapping first mol.:       19.49625       27.57186       47.75586

 NSTEP =    34500   TIME(PS) =    4669.000  TEMP(K) =   304.33  PRESS =    65.8
 Etot   =    -37195.7079  EKtot   =      9694.5488  EPtot      =    -46890.2568
 BOND   =       429.3436  ANGLE   =      1048.4182  DIHED      =      1639.8929
 1-4 NB =       473.4833  1-4 EEL =      5719.1232  VDWAALS    =      5181.1572
 EELEC  =    -61392.6954  EHBOND  =         0.0000  RESTRAINT  =        11.0203
 EAMBER (non-restraint)  =    -46901.2770
 EKCMT  =      4027.7318  VIRIAL  =      3808.9184  VOLUME     =    154025.4860
                                                    Density    =         1.0285
 ------------------------------------------------------------------------------

wrapping first mol.:       19.50848       27.58916       47.78582
wrapping first mol.:       19.50848       27.58916       47.78582

 NSTEP =    35000   TIME(PS) =    4670.000  TEMP(K) =   301.02  PRESS =   -30.1
 Etot   =    -37208.7777  EKtot   =      9589.3369  EPtot      =    -46798.1146
 BOND   =       369.5604  ANGLE   =      1009.6382  DIHED      =      1630.4132
 1-4 NB =       475.6150  1-4 EEL =      5743.0401  VDWAALS    =      5138.4580
 EELEC  =    -61176.0330  EHBOND  =         0.0000  RESTRAINT  =        11.1934
 EAMBER (non-restraint)  =    -46809.3080
 EKCMT  =      3998.4018  VIRIAL  =      4098.6858  VOLUME     =    154316.8558
                                                    Density    =         1.0266
 ------------------------------------------------------------------------------

wrapping first mol.:       19.48207       27.55181       47.72114
wrapping first mol.:       19.48207       27.55181       47.72114

 NSTEP =    35500   TIME(PS) =    4671.000  TEMP(K) =   297.04  PRESS =    -4.2
 Etot   =    -37415.4296  EKtot   =      9462.5547  EPtot      =    -46877.9843
 BOND   =       437.8142  ANGLE   =      1054.4406  DIHED      =      1623.3913
 1-4 NB =       480.2261  1-4 EEL =      5789.0276  VDWAALS    =      5162.2344
 EELEC  =    -61438.3422  EHBOND  =         0.0000  RESTRAINT  =        13.2236
 EAMBER (non-restraint)  =    -46891.2079
 EKCMT  =      3947.2636  VIRIAL  =      3961.1682  VOLUME     =    153690.6564
                                                    Density    =         1.0307
 ------------------------------------------------------------------------------

wrapping first mol.:       19.47345       27.53962       47.70002
wrapping first mol.:       19.47345       27.53962       47.70002

 NSTEP =    36000   TIME(PS) =    4672.000  TEMP(K) =   295.99  PRESS =     0.2
 Etot   =    -37695.4609  EKtot   =      9429.0537  EPtot      =    -47124.5146
 BOND   =       383.7151  ANGLE   =      1001.5405  DIHED      =      1614.7063
 1-4 NB =       475.5002  1-4 EEL =      5786.8748  VDWAALS    =      5116.5512
 EELEC  =    -61515.8777  EHBOND  =         0.0000  RESTRAINT  =        12.4750
 EAMBER (non-restraint)  =    -47136.9896
 EKCMT  =      3977.4423  VIRIAL  =      3976.8467  VOLUME     =    153486.6341
                                                    Density    =         1.0321
 ------------------------------------------------------------------------------

wrapping first mol.:       19.47030       27.53516       47.69229
wrapping first mol.:       19.47030       27.53516       47.69229

 NSTEP =    36500   TIME(PS) =    4673.000  TEMP(K) =   300.58  PRESS =  -330.7
 Etot   =    -37416.8855  EKtot   =      9575.1895  EPtot      =    -46992.0749
 BOND   =       399.9835  ANGLE   =      1073.7849  DIHED      =      1646.0149
 1-4 NB =       456.0043  1-4 EEL =      5707.8038  VDWAALS    =      5020.0168
 EELEC  =    -61310.2451  EHBOND  =         0.0000  RESTRAINT  =        14.5620
 EAMBER (non-restraint)  =    -47006.6369
 EKCMT  =      3995.4404  VIRIAL  =      5090.9160  VOLUME     =    153416.5538
                                                    Density    =         1.0326
 ------------------------------------------------------------------------------

wrapping first mol.:       19.47375       27.54005       47.70076
wrapping first mol.:       19.47375       27.54005       47.70076

 NSTEP =    37000   TIME(PS) =    4674.000  TEMP(K) =   301.07  PRESS =   198.2
 Etot   =    -37417.1160  EKtot   =      9590.8584  EPtot      =    -47007.9744
 BOND   =       401.3755  ANGLE   =      1041.2824  DIHED      =      1615.5324
 1-4 NB =       481.4620  1-4 EEL =      5764.6304  VDWAALS    =      5098.0124
 EELEC  =    -61424.8369  EHBOND  =         0.0000  RESTRAINT  =        14.5675
 EAMBER (non-restraint)  =    -47022.5419
 EKCMT  =      4018.1704  VIRIAL  =      3361.2746  VOLUME     =    153491.0576
                                                    Density    =         1.0321
 ------------------------------------------------------------------------------

wrapping first mol.:       19.46363       27.52573       47.67596
wrapping first mol.:       19.46363       27.52573       47.67596

 NSTEP =    37500   TIME(PS) =    4675.000  TEMP(K) =   297.70  PRESS =  -263.2
 Etot   =    -37522.3037  EKtot   =      9483.4209  EPtot      =    -47005.7246
 BOND   =       413.7097  ANGLE   =      1062.8409  DIHED      =      1614.5598
 1-4 NB =       448.2471  1-4 EEL =      5718.5010  VDWAALS    =      5147.0554
 EELEC  =    -61422.3188  EHBOND  =         0.0000  RESTRAINT  =        11.6803
 EAMBER (non-restraint)  =    -47017.4049
 EKCMT  =      3979.3080  VIRIAL  =      4850.4109  VOLUME     =    153258.1130
                                                    Density    =         1.0337
 ------------------------------------------------------------------------------

wrapping first mol.:       19.48207       27.55181       47.72113
wrapping first mol.:       19.48207       27.55181       47.72113

 NSTEP =    38000   TIME(PS) =    4676.000  TEMP(K) =   299.51  PRESS =    64.6
 Etot   =    -37259.4523  EKtot   =      9541.0332  EPtot      =    -46800.4855
 BOND   =       440.6304  ANGLE   =      1039.6552  DIHED      =      1624.2791
 1-4 NB =       484.5132  1-4 EEL =      5721.2021  VDWAALS    =      4941.9656
 EELEC  =    -61065.0424  EHBOND  =         0.0000  RESTRAINT  =        12.3111
 EAMBER (non-restraint)  =    -46812.7966
 EKCMT  =      3979.9083  VIRIAL  =      3765.5624  VOLUME     =    153689.6335
                                                    Density    =         1.0308
 ------------------------------------------------------------------------------

wrapping first mol.:       19.47353       27.53973       47.70022
wrapping first mol.:       19.47353       27.53973       47.70022

 NSTEP =    38500   TIME(PS) =    4677.000  TEMP(K) =   299.21  PRESS =   193.7
 Etot   =    -37438.7086  EKtot   =      9531.6807  EPtot      =    -46970.3893
 BOND   =       394.3897  ANGLE   =      1030.3271  DIHED      =      1624.7769
 1-4 NB =       474.2910  1-4 EEL =      5722.5849  VDWAALS    =      5271.1042
 EELEC  =    -61500.8688  EHBOND  =         0.0000  RESTRAINT  =        13.0056
 EAMBER (non-restraint)  =    -46983.3949
 EKCMT  =      3978.3517  VIRIAL  =      3336.4863  VOLUME     =    153485.9093
                                                    Density    =         1.0321
 ------------------------------------------------------------------------------

wrapping first mol.:       19.45891       27.51905       47.66439
wrapping first mol.:       19.45891       27.51905       47.66439

 NSTEP =    39000   TIME(PS) =    4678.000  TEMP(K) =   297.54  PRESS =  -155.0
 Etot   =    -37580.9776  EKtot   =      9478.4883  EPtot      =    -47059.4659
 BOND   =       407.8393  ANGLE   =       989.9120  DIHED      =      1595.4226
 1-4 NB =       476.6419  1-4 EEL =      5765.2734  VDWAALS    =      5192.6855
 EELEC  =    -61500.3105  EHBOND  =         0.0000  RESTRAINT  =        13.0699
 EAMBER (non-restraint)  =    -47072.5358
 EKCMT  =      3961.0503  VIRIAL  =      4473.5287  VOLUME     =    153145.1412
                                                    Density    =         1.0344
 ------------------------------------------------------------------------------

wrapping first mol.:       19.47553       27.54256       47.70511
wrapping first mol.:       19.47553       27.54256       47.70511

 NSTEP =    39500   TIME(PS) =    4679.000  TEMP(K) =   295.55  PRESS =  -143.3
 Etot   =    -37674.7015  EKtot   =      9415.0908  EPtot      =    -47089.7923
 BOND   =       389.4345  ANGLE   =      1049.7864  DIHED      =      1601.1120
 1-4 NB =       469.1760  1-4 EEL =      5698.9416  VDWAALS    =      5149.2807
 EELEC  =    -61458.7670  EHBOND  =         0.0000  RESTRAINT  =        11.2435
 EAMBER (non-restraint)  =    -47101.0358
 EKCMT  =      3918.4693  VIRIAL  =      4393.4568  VOLUME     =    153537.8186
                                                    Density    =         1.0318
 ------------------------------------------------------------------------------

wrapping first mol.:       19.47699       27.54462       47.70867
wrapping first mol.:       19.47699       27.54462       47.70867

 NSTEP =    40000   TIME(PS) =    4680.000  TEMP(K) =   297.80  PRESS =    48.7
 Etot   =    -37340.3235  EKtot   =      9486.5518  EPtot      =    -46826.8752
 BOND   =       396.3935  ANGLE   =      1007.8492  DIHED      =      1602.3644
 1-4 NB =       464.1156  1-4 EEL =      5713.7674  VDWAALS    =      5158.9786
 EELEC  =    -61183.2364  EHBOND  =         0.0000  RESTRAINT  =        12.8924
 EAMBER (non-restraint)  =    -46839.7677
 EKCMT  =      3972.0673  VIRIAL  =      3810.4358  VOLUME     =    153569.5677
                                                    Density    =         1.0316
 ------------------------------------------------------------------------------

wrapping first mol.:       19.47614       27.54342       47.70661
wrapping first mol.:       19.47614       27.54342       47.70661

 NSTEP =    40500   TIME(PS) =    4681.000  TEMP(K) =   302.46  PRESS =   352.6
 Etot   =    -37307.5620  EKtot   =      9635.0859  EPtot      =    -46942.6479
 BOND   =       386.8511  ANGLE   =      1000.8412  DIHED      =      1632.6373
 1-4 NB =       469.4634  1-4 EEL =      5727.8987  VDWAALS    =      5153.3474
 EELEC  =    -61325.3881  EHBOND  =         0.0000  RESTRAINT  =        11.7011
 EAMBER (non-restraint)  =    -46954.3490
 EKCMT  =      4021.7225  VIRIAL  =      2852.7815  VOLUME     =    153545.4441
                                                    Density    =         1.0317
 ------------------------------------------------------------------------------

wrapping first mol.:       19.49389       27.56852       47.75007
wrapping first mol.:       19.49389       27.56852       47.75007

 NSTEP =    41000   TIME(PS) =    4682.000  TEMP(K) =   300.19  PRESS =    -4.1
 Etot   =    -37363.9263  EKtot   =      9562.7090  EPtot      =    -46926.6353
 BOND   =       402.9442  ANGLE   =      1035.2970  DIHED      =      1619.7405
 1-4 NB =       462.8746  1-4 EEL =      5736.6082  VDWAALS    =      5230.3618
 EELEC  =    -61426.3091  EHBOND  =         0.0000  RESTRAINT  =        11.8475
 EAMBER (non-restraint)  =    -46938.4828
 EKCMT  =      4033.1843  VIRIAL  =      4046.9431  VOLUME     =    153970.4058
                                                    Density    =         1.0289
 ------------------------------------------------------------------------------

wrapping first mol.:       19.48174       27.55133       47.72031
wrapping first mol.:       19.48174       27.55133       47.72031

 NSTEP =    41500   TIME(PS) =    4683.000  TEMP(K) =   300.40  PRESS =   -31.5
 Etot   =    -37362.7007  EKtot   =      9569.3887  EPtot      =    -46932.0894
 BOND   =       421.4056  ANGLE   =      1032.2429  DIHED      =      1633.1196
 1-4 NB =       446.4416  1-4 EEL =      5749.5099  VDWAALS    =      5040.3551
 EELEC  =    -61267.7028  EHBOND  =         0.0000  RESTRAINT  =        12.5387
 EAMBER (non-restraint)  =    -46944.6281
 EKCMT  =      4027.8026  VIRIAL  =      4132.4794  VOLUME     =    153683.0340
                                                    Density    =         1.0308
 ------------------------------------------------------------------------------

wrapping first mol.:       19.48309       27.55325       47.72362
wrapping first mol.:       19.48309       27.55325       47.72362

 NSTEP =    42000   TIME(PS) =    4684.000  TEMP(K) =   298.66  PRESS =   232.6
 Etot   =    -37367.1594  EKtot   =      9514.1553  EPtot      =    -46881.3147
 BOND   =       405.0848  ANGLE   =      1030.1598  DIHED      =      1634.2486
 1-4 NB =       476.5366  1-4 EEL =      5684.4230  VDWAALS    =      5127.3209
 EELEC  =    -61256.3933  EHBOND  =         0.0000  RESTRAINT  =        17.3050
 EAMBER (non-restraint)  =    -46898.6197
 EKCMT  =      4022.5583  VIRIAL  =      3250.4354  VOLUME     =    153711.4564
                                                    Density    =         1.0306
 ------------------------------------------------------------------------------

wrapping first mol.:       19.47541       27.54238       47.70480
wrapping first mol.:       19.47541       27.54238       47.70480

 NSTEP =    42500   TIME(PS) =    4685.000  TEMP(K) =   298.26  PRESS =  -132.3
 Etot   =    -37415.8615  EKtot   =      9501.1914  EPtot      =    -46917.0529
 BOND   =       379.4702  ANGLE   =      1016.2457  DIHED      =      1597.2411
 1-4 NB =       479.8601  1-4 EEL =      5779.9663  VDWAALS    =      5159.2318
 EELEC  =    -61343.3144  EHBOND  =         0.0000  RESTRAINT  =        14.2464
 EAMBER (non-restraint)  =    -46931.2992
 EKCMT  =      3968.8965  VIRIAL  =      4407.3997  VOLUME     =    153534.6734
                                                    Density    =         1.0318
 ------------------------------------------------------------------------------

wrapping first mol.:       19.50576       27.58531       47.77916
wrapping first mol.:       19.50576       27.58531       47.77916

 NSTEP =    43000   TIME(PS) =    4686.000  TEMP(K) =   299.91  PRESS =  -250.8
 Etot   =    -37346.5588  EKtot   =      9553.7100  EPtot      =    -46900.2687
 BOND   =       420.8911  ANGLE   =      1012.4203  DIHED      =      1592.5109
 1-4 NB =       465.1884  1-4 EEL =      5733.2561  VDWAALS    =      4975.2139
 EELEC  =    -61115.9058  EHBOND  =         0.0000  RESTRAINT  =        16.1564
 EAMBER (non-restraint)  =    -46916.4251
 EKCMT  =      3990.4917  VIRIAL  =      4825.9524  VOLUME     =    154255.3251
                                                    Density    =         1.0270
 ------------------------------------------------------------------------------

wrapping first mol.:       19.48726       27.55915       47.73384
wrapping first mol.:       19.48726       27.55915       47.73384

 NSTEP =    43500   TIME(PS) =    4687.000  TEMP(K) =   296.58  PRESS =    16.1
 Etot   =    -37606.3719  EKtot   =      9447.8789  EPtot      =    -47054.2508
 BOND   =       436.5085  ANGLE   =      1004.6829  DIHED      =      1615.2212
 1-4 NB =       462.8543  1-4 EEL =      5701.1509  VDWAALS    =      5269.1138
 EELEC  =    -61558.3327  EHBOND  =         0.0000  RESTRAINT  =        14.5503
 EAMBER (non-restraint)  =    -47068.8011
 EKCMT  =      4019.9223  VIRIAL  =      3966.4323  VOLUME     =    153813.1673
                                                    Density    =         1.0299
 ------------------------------------------------------------------------------

wrapping first mol.:       19.47903       27.54751       47.71369
wrapping first mol.:       19.47903       27.54751       47.71369

 NSTEP =    44000   TIME(PS) =    4688.000  TEMP(K) =   302.16  PRESS =   -89.6
 Etot   =    -37433.4837  EKtot   =      9625.4766  EPtot      =    -47058.9603
 BOND   =       365.7207  ANGLE   =      1001.9593  DIHED      =      1622.7815
 1-4 NB =       464.7715  1-4 EEL =      5688.9751  VDWAALS    =      4993.6790
 EELEC  =    -61209.3143  EHBOND  =         0.0000  RESTRAINT  =        12.4668
 EAMBER (non-restraint)  =    -47071.4271
 EKCMT  =      4007.8245  VIRIAL  =      4304.9712  VOLUME     =    153619.8751
                                                    Density    =         1.0312
 ------------------------------------------------------------------------------

wrapping first mol.:       19.47592       27.54311       47.70607
wrapping first mol.:       19.47592       27.54311       47.70607

 NSTEP =    44500   TIME(PS) =    4689.000  TEMP(K) =   299.68  PRESS =   -85.8
 Etot   =    -37427.0255  EKtot   =      9546.5234  EPtot      =    -46973.5489
 BOND   =       409.2315  ANGLE   =      1004.6822  DIHED      =      1599.6267
 1-4 NB =       461.7407  1-4 EEL =      5709.6400  VDWAALS    =      5149.7184
 EELEC  =    -61320.8037  EHBOND  =         0.0000  RESTRAINT  =        12.6153
 EAMBER (non-restraint)  =    -46986.1643
 EKCMT  =      3968.3627  VIRIAL  =      4252.9215  VOLUME     =    153546.2426
                                                    Density    =         1.0317
 ------------------------------------------------------------------------------

wrapping first mol.:       19.49005       27.56309       47.74067
wrapping first mol.:       19.49005       27.56309       47.74067

 NSTEP =    45000   TIME(PS) =    4690.000  TEMP(K) =   298.62  PRESS =   153.7
 Etot   =    -37432.4751  EKtot   =      9512.7930  EPtot      =    -46945.2680
 BOND   =       418.8250  ANGLE   =      1017.2391  DIHED      =      1602.4603
 1-4 NB =       466.1138  1-4 EEL =      5703.6244  VDWAALS    =      5237.0530
 EELEC  =    -61403.9704  EHBOND  =         0.0000  RESTRAINT  =        13.3866
 EAMBER (non-restraint)  =    -46958.6546
 EKCMT  =      4003.6329  VIRIAL  =      3492.8757  VOLUME     =    153877.3229
                                                    Density    =         1.0295
 ------------------------------------------------------------------------------

wrapping first mol.:       19.47828       27.54644       47.71184
wrapping first mol.:       19.47828       27.54644       47.71184

 NSTEP =    45500   TIME(PS) =    4691.000  TEMP(K) =   305.18  PRESS =    14.8
 Etot   =    -37190.6862  EKtot   =      9721.5977  EPtot      =    -46912.2839
 BOND   =       422.3345  ANGLE   =      1052.6374  DIHED      =      1627.0490
 1-4 NB =       477.9986  1-4 EEL =      5759.2463  VDWAALS    =      5120.6190
 EELEC  =    -61387.4052  EHBOND  =         0.0000  RESTRAINT  =        15.2367
 EAMBER (non-restraint)  =    -46927.5205
 EKCMT  =      4009.9004  VIRIAL  =      3960.9601  VOLUME     =    153600.5840
                                                    Density    =         1.0313
 ------------------------------------------------------------------------------

wrapping first mol.:       19.47691       27.54451       47.70848
wrapping first mol.:       19.47691       27.54451       47.70848

 NSTEP =    46000   TIME(PS) =    4692.000  TEMP(K) =   302.03  PRESS =  -398.1
 Etot   =    -37334.6885  EKtot   =      9621.3916  EPtot      =    -46956.0801
 BOND   =       399.0939  ANGLE   =      1010.0098  DIHED      =      1622.4579
 1-4 NB =       478.0450  1-4 EEL =      5667.5407  VDWAALS    =      5024.1677
 EELEC  =    -61170.7111  EHBOND  =         0.0000  RESTRAINT  =        13.3159
 EAMBER (non-restraint)  =    -46969.3961
 EKCMT  =      4080.8820  VIRIAL  =      5400.9791  VOLUME     =    153573.8436
                                                    Density    =         1.0315
 ------------------------------------------------------------------------------

wrapping first mol.:       19.48975       27.56267       47.73994
wrapping first mol.:       19.48975       27.56267       47.73994

 NSTEP =    46500   TIME(PS) =    4693.000  TEMP(K) =   306.52  PRESS =    85.3
 Etot   =    -37057.4483  EKtot   =      9764.4834  EPtot      =    -46821.9317
 BOND   =       385.5917  ANGLE   =      1005.2406  DIHED      =      1616.9264
 1-4 NB =       472.0829  1-4 EEL =      5727.4038  VDWAALS    =      5074.5476
 EELEC  =    -61114.0954  EHBOND  =         0.0000  RESTRAINT  =        10.3707
 EAMBER (non-restraint)  =    -46832.3024
 EKCMT  =      4104.3882  VIRIAL  =      3820.8664  VOLUME     =    153871.1876
                                                    Density    =         1.0295
 ------------------------------------------------------------------------------

wrapping first mol.:       19.50655       27.58643       47.78110
wrapping first mol.:       19.50655       27.58643       47.78110

 NSTEP =    47000   TIME(PS) =    4694.000  TEMP(K) =   299.71  PRESS =     0.1
 Etot   =    -37344.3001  EKtot   =      9547.4219  EPtot      =    -46891.7220
 BOND   =       401.6658  ANGLE   =      1043.2909  DIHED      =      1637.4638
 1-4 NB =       467.2294  1-4 EEL =      5699.3219  VDWAALS    =      5206.8822
 EELEC  =    -61358.1688  EHBOND  =         0.0000  RESTRAINT  =        10.5928
 EAMBER (non-restraint)  =    -46902.3148
 EKCMT  =      4013.7719  VIRIAL  =      4013.3706  VOLUME     =    154270.6737
                                                    Density    =         1.0269
 ------------------------------------------------------------------------------

wrapping first mol.:       19.49932       27.57620       47.76338
wrapping first mol.:       19.49932       27.57620       47.76338

 NSTEP =    47500   TIME(PS) =    4695.000  TEMP(K) =   302.91  PRESS =   283.8
 Etot   =    -37239.3948  EKtot   =      9649.2666  EPtot      =    -46888.6614
 BOND   =       397.6411  ANGLE   =      1033.6770  DIHED      =      1606.0442
 1-4 NB =       458.7403  1-4 EEL =      5728.0332  VDWAALS    =      5082.4616
 EELEC  =    -61207.5536  EHBOND  =         0.0000  RESTRAINT  =        12.2949
 EAMBER (non-restraint)  =    -46900.9563
 EKCMT  =      4023.1009  VIRIAL  =      3078.8846  VOLUME     =    154095.2286
                                                    Density    =         1.0280
 ------------------------------------------------------------------------------

wrapping first mol.:       19.50860       27.58933       47.78612
wrapping first mol.:       19.50860       27.58933       47.78612

 NSTEP =    48000   TIME(PS) =    4696.000  TEMP(K) =   300.68  PRESS =  -159.3
 Etot   =    -37254.3815  EKtot   =      9578.4033  EPtot      =    -46832.7848
 BOND   =       419.4683  ANGLE   =      1012.1344  DIHED      =      1631.6440
 1-4 NB =       465.8684  1-4 EEL =      5730.4764  VDWAALS    =      5147.3582
 EELEC  =    -61251.0838  EHBOND  =         0.0000  RESTRAINT  =        11.3493
 EAMBER (non-restraint)  =    -46844.1341
 EKCMT  =      4015.9309  VIRIAL  =      4546.7037  VOLUME     =    154321.5050
                                                    Density    =         1.0265
 ------------------------------------------------------------------------------

wrapping first mol.:       19.49558       27.57091       47.75421
wrapping first mol.:       19.49558       27.57091       47.75421

 NSTEP =    48500   TIME(PS) =    4697.000  TEMP(K) =   303.18  PRESS =   123.2
 Etot   =    -37254.7677  EKtot   =      9657.9160  EPtot      =    -46912.6837
 BOND   =       399.0292  ANGLE   =      1012.7715  DIHED      =      1608.9094
 1-4 NB =       461.3073  1-4 EEL =      5726.0262  VDWAALS    =      5087.3771
 EELEC  =    -61218.5456  EHBOND  =         0.0000  RESTRAINT  =        10.4412
 EAMBER (non-restraint)  =    -46923.1249
 EKCMT  =      4024.4257  VIRIAL  =      3614.5927  VOLUME     =    154008.6479
                                                    Density    =         1.0286
 ------------------------------------------------------------------------------

wrapping first mol.:       19.48800       27.56020       47.73566
wrapping first mol.:       19.48800       27.56020       47.73566

 NSTEP =    49000   TIME(PS) =    4698.000  TEMP(K) =   303.16  PRESS =   -59.1
 Etot   =    -37303.2027  EKtot   =      9657.3721  EPtot      =    -46960.5747
 BOND   =       425.3916  ANGLE   =      1029.3346  DIHED      =      1647.7798
 1-4 NB =       456.6018  1-4 EEL =      5710.1616  VDWAALS    =      5061.4027
 EELEC  =    -61301.5575  EHBOND  =         0.0000  RESTRAINT  =        10.3107
 EAMBER (non-restraint)  =    -46970.8854
 EKCMT  =      4011.4956  VIRIAL  =      4207.8060  VOLUME     =    153831.8015
                                                    Density    =         1.0298
 ------------------------------------------------------------------------------

wrapping first mol.:       19.49033       27.56349       47.74136
wrapping first mol.:       19.49033       27.56349       47.74136

 NSTEP =    49500   TIME(PS) =    4699.000  TEMP(K) =   303.59  PRESS =   -20.3
 Etot   =    -37237.7740  EKtot   =      9671.1260  EPtot      =    -46908.9000
 BOND   =       404.9186  ANGLE   =      1037.3025  DIHED      =      1599.2421
 1-4 NB =       458.1224  1-4 EEL =      5739.1892  VDWAALS    =      5070.3735
 EELEC  =    -61228.3424  EHBOND  =         0.0000  RESTRAINT  =        10.2941
 EAMBER (non-restraint)  =    -46919.1941
 EKCMT  =      4030.3071  VIRIAL  =      4097.6472  VOLUME     =    153886.3852
                                                    Density    =         1.0294
 ------------------------------------------------------------------------------

wrapping first mol.:       19.48223       27.55203       47.72152
wrapping first mol.:       19.48223       27.55203       47.72152

 NSTEP =    50000   TIME(PS) =    4700.000  TEMP(K) =   296.03  PRESS =   251.2
 Etot   =    -37494.8177  EKtot   =      9430.1211  EPtot      =    -46924.9388
 BOND   =       389.0452  ANGLE   =      1033.7540  DIHED      =      1619.4287
 1-4 NB =       467.4728  1-4 EEL =      5784.6085  VDWAALS    =      5110.9678
 EELEC  =    -61340.5185  EHBOND  =         0.0000  RESTRAINT  =        10.3028
 EAMBER (non-restraint)  =    -46935.2416
 EKCMT  =      4022.2987  VIRIAL  =      3188.8552  VOLUME     =    153690.8480
                                                    Density    =         1.0307
 ------------------------------------------------------------------------------


      A V E R A G E S   O V E R     100 S T E P S


 NSTEP =    50000   TIME(PS) =    4700.000  TEMP(K) =   300.04  PRESS =     5.8
 Etot   =    -37366.4637  EKtot   =      9557.9971  EPtot      =    -46924.4608
 BOND   =       403.8497  ANGLE   =      1027.0982  DIHED      =      1621.0051
 1-4 NB =       468.1528  1-4 EEL =      5724.0254  VDWAALS    =      5102.4204
 EELEC  =    -61283.1207  EHBOND  =         0.0000  RESTRAINT  =        12.1084
 EAMBER (non-restraint)  =    -46936.5691
 EKCMT  =      3995.8752  VIRIAL  =      3976.4654  VOLUME     =    153650.0936
                                                    Density    =         1.0310
 ------------------------------------------------------------------------------


      R M S  F L U C T U A T I O N S


 NSTEP =    50000   TIME(PS) =    4700.000  TEMP(K) =     2.35  PRESS =   187.4
 Etot   =       137.4645  EKtot   =        74.7867  EPtot      =       101.4157
 BOND   =        17.2783  ANGLE   =        23.8574  DIHED      =        14.3380
 1-4 NB =         8.2128  1-4 EEL =        30.9869  VDWAALS    =        91.0720
 EELEC  =       149.6918  EHBOND  =         0.0000  RESTRAINT  =         1.8023
 EAMBER (non-restraint)  =        99.6134
 EKCMT  =        45.9759  VIRIAL  =       617.2455  VOLUME     =       298.3380
                                                    Density    =         0.0020
 ------------------------------------------------------------------------------

--------------------------------------------------------------------------------
   5.  TIMINGS
--------------------------------------------------------------------------------

|  NonSetup CPU Time in Major Routines:
|
|     Routine           Sec        %
|     ------------------------------
|     Nonbond          97.16   89.68
|     Bond              0.00    0.00
|     Angle             0.00    0.00
|     Dihedral          0.00    0.00
|     Shake             0.29    0.27
|     RunMD            10.84   10.01
|     Other             0.04    0.04
|     ------------------------------
|     Total           108.34

|  PME Nonbond Pairlist CPU Time:
|
|     Routine              Sec        %
|     ---------------------------------
|     Set Up Cit           0.00    0.00
|     Build List           0.00    0.00
|     ---------------------------------
|     Total                0.00    0.00

|  PME Direct Force CPU Time:
|
|     Routine              Sec        %
|     ---------------------------------
|     NonBonded Calc       0.00    0.00
|     Exclude Masked       0.00    0.00
|     Other                0.02    0.02
|     ---------------------------------
|     Total                0.02    0.02

|  PME Reciprocal Force CPU Time:
|
|     Routine              Sec        %
|     ---------------------------------
|     1D bspline           0.00    0.00
|     Grid Charges         0.00    0.00
|     Scalar Sum           0.00    0.00
|     Gradient Sum         0.00    0.00
|     FFT                  0.00    0.00
|     ---------------------------------
|     Total                0.00    0.00

|  Final Performance Info:
|     -----------------------------------------------------
|     Average timings for last   22000 steps:
|     Elapsed(s) =      47.64 Per Step(ms) =       2.17
|         ns/day =      79.80   seconds/ns =    1082.75
|
|     Average timings for all steps:
|     Elapsed(s) =     108.34 Per Step(ms) =       2.17
|         ns/day =      79.75   seconds/ns =    1083.36
|     -----------------------------------------------------

|  Setup CPU time:            0.42 seconds
|  NonSetup CPU time:       108.34 seconds
|  Total CPU time:          108.76 seconds     0.03 hours

|  Setup wall time:           0    seconds
|  NonSetup wall time:      109    seconds
|  Total wall time:         109    seconds     0.03 hours
