
          -------------------------------------------------------
          Amber 16 PMEMD                              2016
          -------------------------------------------------------

| PMEMD implementation of SANDER, Release 16

| Run on 11/07/2018 at 12:00:43

|   Executable path: pmemd.cuda
| Working directory: /home/german/lbp/run/1ifb/mhe/e
|          Hostname: Unknown
  [-O]verwriting output

File Assignments:
|   MDIN: 47equ.in                                                              
|  MDOUT: 47equ.out                                                             
| INPCRD: 46e1ifb.rst7                                                          
|   PARM: /home/german/lbp/top_files/1ifb.prmtop                                
| RESTRT: 47e1ifb.rst7                                                          
|   REFC: 46e1ifb.rst7                                                          
|  MDVEL: mdvel                                                                 
|   MDEN: mden                                                                  
|  MDCRD: 47e1ifb.nc                                                            
| MDINFO: mdinfo                                                                
|  MDFRC: mdfrc                                                                 


 Here is the input file:

Equilibration with solute restrictions                                         
&cntrl                                                                         
imin = 0,                           ! No Minimization                          
nmropt = 0,                         ! No NMR restraints read                   
                                                                               
! Nature and format of the input                                               
ntx = 5,                            ! Coordinates but no velocities will be rea
irest = 1,                          ! Do not run a new simulation              
                                                                               
! Nature and format of the output                                              
ntxo = 1,                           ! rstrt file in ASCII format               
ntpr = 500,                         ! inf in output every ntpr steps           
ntwr = 500,                         ! rstrt file every ntwr steps              
ntwx = 500,                         ! mdcrd file every ntwx steps              
ntwv = 0,                           ! mdvel without velocities                 
ntwe = 0,                           ! Do not write energies and temperatures   
idecomp = 0,                        ! No energy decomposition                  
iwrap = 1,                          ! Coordinates of the restart and mdcrd file
                                                                               
! Frozen or restrained atoms                                                   
ibelly = 0,                         ! No frozen atoms                          
ntr=1,                              ! Harmonic potential restraints            
restraint_wt = 0.045,                ! The weight for the positional restraints
restraintmask = ':1-131@N,CA,C,O',  ! restrained residues                      
                                                                               
! Molecular dynamics                                                           
nstlim = 50000,                     ! Number of MD-steps                       
dt = 0.002,                         ! Time step                                
                                                                               
! Temperature regulation                                                       
ntt = 3,                            ! Langevin thermostat                      
gamma_ln = 5,                       ! Gamma constant for Langevin              
temp0 = 300.0,                      ! Reference T at which the system is to be 
tempi = 300.0,                      ! Initial T                                
ig = -1,                            ! Seed for the RNG                         
                                                                               
! P and V regulation                                                           
ntp = 1,                            ! constant P                               
barostat = 1,                       ! Berendsen barostat                       
taup = 1,                           ! Pressure relaxation time                 
ntb = 2,                            ! Periodic box for constant P              
                                                                               
! SHAKE variables                                                              
ntc = 2,                            ! Bonds involving H are constrained        
ntf = 2,                            ! Bond interaction involving H are ommited.
                                                                               
cut = 10.0,                         ! Nonbonded cutoff                         
/                                                                              
&end                                                                           


Note: ig = -1. Setting random seed to   481870 based on wallclock time in 
      microseconds.
 
|--------------------- INFORMATION ----------------------
| GPU (CUDA) Version of PMEMD in use: NVIDIA GPU IN USE.
|                    Version 16.0.0
| 
|                      02/25/2016
| 
| Implementation by:
|                    Ross C. Walker     (SDSC)
|                    Scott Le Grand     (nVIDIA)
| 
| Precision model in use:
|      [SPFP] - Single Precision Forces, 64-bit Fixed Point
|               Accumulation. (Default)
| 
|--------------------------------------------------------
 
|----------------- CITATION INFORMATION -----------------
|
|    When publishing work that utilized the CUDA version
|    of AMBER, please cite the following in addition to
|    the regular AMBER citations:
|
|  - Romelia Salomon-Ferrer; Andreas W. Goetz; Duncan
|    Poole; Scott Le Grand; Ross C. Walker "Routine
|    microsecond molecular dynamics simulations with
|    AMBER - Part II: Particle Mesh Ewald", J. Chem.
|    Theory Comput., 2013, 9 (9), pp3878-3888,
|    DOI: 10.1021/ct400314y.
|
|  - Andreas W. Goetz; Mark J. Williamson; Dong Xu;
|    Duncan Poole; Scott Le Grand; Ross C. Walker
|    "Routine microsecond molecular dynamics simulations
|    with AMBER - Part I: Generalized Born", J. Chem.
|    Theory Comput., 2012, 8 (5), pp1542-1555.
|
|  - Scott Le Grand; Andreas W. Goetz; Ross C. Walker
|    "SPFP: Speed without compromise - a mixed precision
|    model for GPU accelerated molecular dynamics
|    simulations.", Comp. Phys. Comm., 2013, 184
|    pp374-380, DOI: 10.1016/j.cpc.2012.09.022
|
|--------------------------------------------------------
 
|------------------- GPU DEVICE INFO --------------------
|
|            CUDA_VISIBLE_DEVICES: 0
|   CUDA Capable Devices Detected:      1
|           CUDA Device ID in use:      0
|                CUDA Device Name: GeForce GTX 1060 6GB
|     CUDA Device Global Mem Size:   6072 MB
| CUDA Device Num Multiprocessors:     10
|           CUDA Device Core Freq:   1.76 GHz
|
|--------------------------------------------------------
 
 
| Conditional Compilation Defines Used:
| PUBFFT
| BINTRAJ
| CUDA
| EMIL

| Largest sphere to fit in unit cell has radius =    23.851

| New format PARM file being parsed.
| Version =    1.000 Date = 11/06/18 Time = 18:32:20

| Note: 1-4 EEL scale factors are being read from the topology file.

| Note: 1-4 VDW scale factors are being read from the topology file.
| Duplicated    0 dihedrals

| Duplicated    0 dihedrals

--------------------------------------------------------------------------------
   1.  RESOURCE   USE: 
--------------------------------------------------------------------------------

 getting new box info from bottom of inpcrd
 NATOM  =   15502 NTYPES =      16 NBONH =   14445 MBONA  =    1073
 NTHETH =    2406 MTHETA =    1438 NPHIH =    4850 MPHIA  =    4505
 NHPARM =       0 NPARM  =       0 NNB   =   29483 NRES   =    4594
 NBONA  =    1073 NTHETA =    1438 NPHIA =    4505 NUMBND =      63
 NUMANG =     141 NPTRA  =     178 NATYP =      33 NPHB   =       1
 IFBOX  =       2 NMXRS  =      24 IFCAP =       0 NEXTRA =       0
 NCOPY  =       0

| Coordinate Index Table dimensions:     9    9    9
| Direct force subcell size =     6.4915    6.4915    6.4915

     BOX TYPE: TRUNCATED OCTAHEDRON

--------------------------------------------------------------------------------
   2.  CONTROL  DATA  FOR  THE  RUN
--------------------------------------------------------------------------------

default_name                                                                    

General flags:
     imin    =       0, nmropt  =       0

Nature and format of input:
     ntx     =       5, irest   =       1, ntrx    =       1

Nature and format of output:
     ntxo    =       1, ntpr    =     500, ntrx    =       1, ntwr    =     500
     iwrap   =       1, ntwx    =     500, ntwv    =       0, ntwe    =       0
     ioutfm  =       1, ntwprt  =       0, idecomp =       0, rbornstat=      0

Potential function:
     ntf     =       2, ntb     =       2, igb     =       0, nsnb    =      25
     ipol    =       0, gbsa    =       0, iesp    =       0
     dielc   =   1.00000, cut     =  10.00000, intdiel =   1.00000

Frozen or restrained atoms:
     ibelly  =       0, ntr     =       1
     restraint_wt =   0.04500

Molecular dynamics:
     nstlim  =     50000, nscm    =         0, nrespa  =         1
     t       =   0.00000, dt      =   0.00200, vlimit  =  -1.00000

Langevin dynamics temperature regulation:
     ig      =  481870
     temp0   = 300.00000, tempi   = 300.00000, gamma_ln=   5.00000

Pressure regulation:
     ntp     =       1
     pres0   =   1.00000, comp    =  44.60000, taup    =   1.00000

SHAKE:
     ntc     =       2, jfastw  =       0
     tol     =   0.00001

| Intermolecular bonds treatment:
|     no_intermolecular_bonds =       1

| Energy averages sample interval:
|     ene_avg_sampling =     500

Ewald parameters:
     verbose =       0, ew_type =       0, nbflag  =       1, use_pme =       1
     vdwmeth =       1, eedmeth =       1, netfrc  =       1
     Box X =   58.423   Box Y =   58.423   Box Z =   58.423
     Alpha =  109.471   Beta  =  109.471   Gamma =  109.471
     NFFT1 =   64       NFFT2 =   64       NFFT3 =   64
     Cutoff=   10.000   Tol   =0.100E-04
     Ewald Coefficient =  0.27511
     Interpolation order =    4

    LOADING THE CONSTRAINED ATOMS AS GROUPS


   5.  REFERENCE ATOM COORDINATES

  default_name                                                                    
     Mask :1-131@N,CA,C,O; matches   524 atoms

--------------------------------------------------------------------------------
   3.  ATOMIC COORDINATES AND VELOCITIES
--------------------------------------------------------------------------------

default_name                                                                    
 begin time read from input coords =  5000.000 ps

 
 Number of triangulated 3-point waters found:     4463

     Sum of charges from parm topology file =  -0.00000004
     Forcing neutrality...

| Dynamic Memory, Types Used:
| Reals              802718
| Integers           588273

| Nonbonded Pairs Initial Allocation:     4688967

| GPU memory information (estimate):
| KB of GPU memory in use:    126899
| KB of CPU memory in use:     25907

--------------------------------------------------------------------------------
   4.  RESULTS
--------------------------------------------------------------------------------

 ---------------------------------------------------
 APPROXIMATING switch and d/dx switch using CUBIC SPLINE INTERPOLATION
 using   5000.0 points per unit in tabled values
 TESTING RELATIVE ERROR over r ranging from 0.0 to cutoff
| CHECK switch(x): max rel err =   0.2738E-14   at   2.422500
| CHECK d/dx switch(x): max rel err =   0.8314E-11   at   2.736960
 ---------------------------------------------------
|---------------------------------------------------
| APPROXIMATING direct energy using CUBIC SPLINE INTERPOLATION
|  with   50.0 points per unit in tabled values
| Relative Error Limit not exceeded for r .gt.   2.33
| APPROXIMATING direct force using CUBIC SPLINE INTERPOLATION
|  with   50.0 points per unit in tabled values
| Relative Error Limit not exceeded for r .gt.   2.80
|---------------------------------------------------
wrapping first mol.:       19.46553       27.52841       47.68060
wrapping first mol.:       19.46553       27.52841       47.68060

 NSTEP =      500   TIME(PS) =    5001.000  TEMP(K) =   304.85  PRESS =    68.4
 Etot   =    -37248.2687  EKtot   =      9711.3369  EPtot      =    -46959.6056
 BOND   =       374.6574  ANGLE   =      1048.1953  DIHED      =      1645.9243
 1-4 NB =       475.3158  1-4 EEL =      5782.8751  VDWAALS    =      5130.1709
 EELEC  =    -61420.8990  EHBOND  =         0.0000  RESTRAINT  =         4.1545
 EAMBER (non-restraint)  =    -46963.7601
 EKCMT  =      4138.3891  VIRIAL  =      3911.8279  VOLUME     =    153298.3475
                                                    Density    =         1.0334
 ------------------------------------------------------------------------------

wrapping first mol.:       19.46720       27.53078       47.68470
wrapping first mol.:       19.46720       27.53078       47.68470

 NSTEP =     1000   TIME(PS) =    5002.000  TEMP(K) =   297.79  PRESS =    81.8
 Etot   =    -37644.4772  EKtot   =      9486.2119  EPtot      =    -47130.6891
 BOND   =       400.2371  ANGLE   =      1034.7072  DIHED      =      1618.3287
 1-4 NB =       469.1065  1-4 EEL =      5755.2564  VDWAALS    =      5134.9626
 EELEC  =    -61548.5957  EHBOND  =         0.0000  RESTRAINT  =         5.3080
 EAMBER (non-restraint)  =    -47135.9971
 EKCMT  =      3983.6043  VIRIAL  =      3712.8310  VOLUME     =    153337.7468
                                                    Density    =         1.0331
 ------------------------------------------------------------------------------

wrapping first mol.:       19.47740       27.54521       47.70970
wrapping first mol.:       19.47740       27.54521       47.70970

 NSTEP =     1500   TIME(PS) =    5003.000  TEMP(K) =   293.90  PRESS =    14.8
 Etot   =    -37472.1360  EKtot   =      9362.2793  EPtot      =    -46834.4153
 BOND   =       429.2748  ANGLE   =      1023.4716  DIHED      =      1638.1139
 1-4 NB =       468.9199  1-4 EEL =      5743.0174  VDWAALS    =      5207.7905
 EELEC  =    -61350.8746  EHBOND  =         0.0000  RESTRAINT  =         5.8712
 EAMBER (non-restraint)  =    -46840.2865
 EKCMT  =      3916.4675  VIRIAL  =      3867.2451  VOLUME     =    153579.8905
                                                    Density    =         1.0315
 ------------------------------------------------------------------------------

wrapping first mol.:       19.47325       27.53933       47.69951
wrapping first mol.:       19.47325       27.53933       47.69951

 NSTEP =     2000   TIME(PS) =    5004.000  TEMP(K) =   299.43  PRESS =   -22.7
 Etot   =    -37383.6878  EKtot   =      9538.4111  EPtot      =    -46922.0989
 BOND   =       435.6356  ANGLE   =       983.6690  DIHED      =      1602.1771
 1-4 NB =       469.3777  1-4 EEL =      5752.6754  VDWAALS    =      5077.1550
 EELEC  =    -61247.6575  EHBOND  =         0.0000  RESTRAINT  =         4.8689
 EAMBER (non-restraint)  =    -46926.9678
 EKCMT  =      4023.4257  VIRIAL  =      4098.5488  VOLUME     =    153482.0943
                                                    Density    =         1.0321
 ------------------------------------------------------------------------------

wrapping first mol.:       19.48231       27.55214       47.72170
wrapping first mol.:       19.48231       27.55214       47.72170

 NSTEP =     2500   TIME(PS) =    5005.000  TEMP(K) =   303.50  PRESS =   -51.2
 Etot   =    -37293.7877  EKtot   =      9668.1230  EPtot      =    -46961.9107
 BOND   =       403.2287  ANGLE   =      1013.5509  DIHED      =      1591.5980
 1-4 NB =       471.8746  1-4 EEL =      5743.4299  VDWAALS    =      5092.5956
 EELEC  =    -61283.8676  EHBOND  =         0.0000  RESTRAINT  =         5.6791
 EAMBER (non-restraint)  =    -46967.5898
 EKCMT  =      4105.2648  VIRIAL  =      4275.1716  VOLUME     =    153696.7728
                                                    Density    =         1.0307
 ------------------------------------------------------------------------------

wrapping first mol.:       19.48557       27.55676       47.72970
wrapping first mol.:       19.48557       27.55676       47.72970

 NSTEP =     3000   TIME(PS) =    5006.000  TEMP(K) =   298.29  PRESS =  -108.7
 Etot   =    -37480.3415  EKtot   =      9502.1074  EPtot      =    -46982.4490
 BOND   =       379.3418  ANGLE   =      1058.9557  DIHED      =      1613.7296
 1-4 NB =       451.8089  1-4 EEL =      5735.6768  VDWAALS    =      5116.6900
 EELEC  =    -61344.2674  EHBOND  =         0.0000  RESTRAINT  =         5.6156
 EAMBER (non-restraint)  =    -46988.0646
 EKCMT  =      3987.3547  VIRIAL  =      4348.2424  VOLUME     =    153774.8501
                                                    Density    =         1.0302
 ------------------------------------------------------------------------------

wrapping first mol.:       19.49047       27.56369       47.74170
wrapping first mol.:       19.49047       27.56369       47.74170

 NSTEP =     3500   TIME(PS) =    5007.000  TEMP(K) =   298.87  PRESS =    47.8
 Etot   =    -37267.1428  EKtot   =      9520.7764  EPtot      =    -46787.9192
 BOND   =       412.0631  ANGLE   =      1044.3743  DIHED      =      1637.6976
 1-4 NB =       472.3040  1-4 EEL =      5711.7641  VDWAALS    =      5063.0223
 EELEC  =    -61135.4390  EHBOND  =         0.0000  RESTRAINT  =         6.2943
 EAMBER (non-restraint)  =    -46794.2135
 EKCMT  =      3926.1878  VIRIAL  =      3767.3919  VOLUME     =    153888.7620
                                                    Density    =         1.0294
 ------------------------------------------------------------------------------

wrapping first mol.:       19.47745       27.54527       47.70980
wrapping first mol.:       19.47745       27.54527       47.70980

 NSTEP =     4000   TIME(PS) =    5008.000  TEMP(K) =   301.80  PRESS =   -81.6
 Etot   =    -37432.4310  EKtot   =      9613.9570  EPtot      =    -47046.3880
 BOND   =       431.4136  ANGLE   =      1056.4489  DIHED      =      1599.9300
 1-4 NB =       473.8273  1-4 EEL =      5695.7249  VDWAALS    =      5089.6036
 EELEC  =    -61400.4737  EHBOND  =         0.0000  RESTRAINT  =         7.1374
 EAMBER (non-restraint)  =    -47053.5254
 EKCMT  =      4027.3999  VIRIAL  =      4297.9150  VOLUME     =    153582.2033
                                                    Density    =         1.0315
 ------------------------------------------------------------------------------

wrapping first mol.:       19.47441       27.54097       47.70236
wrapping first mol.:       19.47441       27.54097       47.70236

 NSTEP =     4500   TIME(PS) =    5009.000  TEMP(K) =   301.44  PRESS =   -73.6
 Etot   =    -37300.3404  EKtot   =      9602.6426  EPtot      =    -46902.9830
 BOND   =       406.0273  ANGLE   =      1010.1157  DIHED      =      1644.0967
 1-4 NB =       450.5286  1-4 EEL =      5730.9540  VDWAALS    =      5100.1599
 EELEC  =    -61251.7922  EHBOND  =         0.0000  RESTRAINT  =         6.9269
 EAMBER (non-restraint)  =    -46909.9100
 EKCMT  =      4041.8204  VIRIAL  =      4285.7293  VOLUME     =    153510.2752
                                                    Density    =         1.0320
 ------------------------------------------------------------------------------

wrapping first mol.:       19.47593       27.54312       47.70607
wrapping first mol.:       19.47593       27.54312       47.70607

 NSTEP =     5000   TIME(PS) =    5010.000  TEMP(K) =   297.75  PRESS =   204.1
 Etot   =    -37436.8203  EKtot   =      9485.0303  EPtot      =    -46921.8506
 BOND   =       409.1622  ANGLE   =      1042.9561  DIHED      =      1615.7377
 1-4 NB =       461.3365  1-4 EEL =      5716.6416  VDWAALS    =      5159.8376
 EELEC  =    -61335.0799  EHBOND  =         0.0000  RESTRAINT  =         7.5576
 EAMBER (non-restraint)  =    -46929.4082
 EKCMT  =      4015.0815  VIRIAL  =      3338.5262  VOLUME     =    153542.3268
                                                    Density    =         1.0317
 ------------------------------------------------------------------------------

wrapping first mol.:       19.46633       27.52954       47.68257
wrapping first mol.:       19.46633       27.52954       47.68257

 NSTEP =     5500   TIME(PS) =    5011.000  TEMP(K) =   303.55  PRESS =   192.3
 Etot   =    -37259.7599  EKtot   =      9669.8438  EPtot      =    -46929.6036
 BOND   =       423.6187  ANGLE   =       993.7967  DIHED      =      1621.6985
 1-4 NB =       457.8707  1-4 EEL =      5721.6479  VDWAALS    =      5065.9299
 EELEC  =    -61220.6445  EHBOND  =         0.0000  RESTRAINT  =         6.4784
 EAMBER (non-restraint)  =    -46936.0820
 EKCMT  =      4084.5076  VIRIAL  =      3447.8255  VOLUME     =    153315.6235
                                                    Density    =         1.0333
 ------------------------------------------------------------------------------

wrapping first mol.:       19.47513       27.54199       47.70412
wrapping first mol.:       19.47513       27.54199       47.70412

 NSTEP =     6000   TIME(PS) =    5012.000  TEMP(K) =   301.26  PRESS =  -136.3
 Etot   =    -37348.7935  EKtot   =      9596.9521  EPtot      =    -46945.7457
 BOND   =       394.3639  ANGLE   =      1033.3994  DIHED      =      1611.2175
 1-4 NB =       455.7817  1-4 EEL =      5690.8119  VDWAALS    =      5039.1816
 EELEC  =    -61177.6103  EHBOND  =         0.0000  RESTRAINT  =         7.1087
 EAMBER (non-restraint)  =    -46952.8543
 EKCMT  =      3995.7306  VIRIAL  =      4447.5107  VOLUME     =    153528.1234
                                                    Density    =         1.0318
 ------------------------------------------------------------------------------

wrapping first mol.:       19.46635       27.52957       47.68261
wrapping first mol.:       19.46635       27.52957       47.68261

 NSTEP =     6500   TIME(PS) =    5013.000  TEMP(K) =   299.17  PRESS =   169.4
 Etot   =    -37482.3392  EKtot   =      9530.1416  EPtot      =    -47012.4808
 BOND   =       406.6228  ANGLE   =       992.8577  DIHED      =      1623.0638
 1-4 NB =       472.5997  1-4 EEL =      5798.5092  VDWAALS    =      5058.2243
 EELEC  =    -61370.2505  EHBOND  =         0.0000  RESTRAINT  =         5.8923
 EAMBER (non-restraint)  =    -47018.3731
 EKCMT  =      3979.5273  VIRIAL  =      3418.7517  VOLUME     =    153316.3779
                                                    Density    =         1.0333
 ------------------------------------------------------------------------------

wrapping first mol.:       19.48683       27.55854       47.73279
wrapping first mol.:       19.48683       27.55854       47.73279

 NSTEP =     7000   TIME(PS) =    5014.000  TEMP(K) =   306.27  PRESS =  -253.3
 Etot   =    -37179.1636  EKtot   =      9756.3740  EPtot      =    -46935.5376
 BOND   =       410.6659  ANGLE   =      1002.9817  DIHED      =      1626.3566
 1-4 NB =       467.4042  1-4 EEL =      5763.6522  VDWAALS    =      5024.8630
 EELEC  =    -61237.2164  EHBOND  =         0.0000  RESTRAINT  =         5.7551
 EAMBER (non-restraint)  =    -46941.2927
 EKCMT  =      4096.4555  VIRIAL  =      4937.5264  VOLUME     =    153806.7006
                                                    Density    =         1.0300
 ------------------------------------------------------------------------------

wrapping first mol.:       19.49182       27.56560       47.74502
wrapping first mol.:       19.49182       27.56560       47.74502

 NSTEP =     7500   TIME(PS) =    5015.000  TEMP(K) =   301.62  PRESS =    48.9
 Etot   =    -37304.3724  EKtot   =      9608.2461  EPtot      =    -46912.6185
 BOND   =       395.5183  ANGLE   =      1002.8397  DIHED      =      1631.0872
 1-4 NB =       465.0504  1-4 EEL =      5691.6630  VDWAALS    =      5000.8979
 EELEC  =    -61105.8606  EHBOND  =         0.0000  RESTRAINT  =         6.1854
 EAMBER (non-restraint)  =    -46918.8039
 EKCMT  =      3923.5035  VIRIAL  =      3760.9616  VOLUME     =    153920.7919
                                                    Density    =         1.0292
 ------------------------------------------------------------------------------

wrapping first mol.:       19.47158       27.53698       47.69544
wrapping first mol.:       19.47158       27.53698       47.69544

 NSTEP =     8000   TIME(PS) =    5016.000  TEMP(K) =   299.38  PRESS =  -385.5
 Etot   =    -37654.1241  EKtot   =      9536.9961  EPtot      =    -47191.1202
 BOND   =       365.8662  ANGLE   =       992.0234  DIHED      =      1612.1228
 1-4 NB =       457.9894  1-4 EEL =      5732.8081  VDWAALS    =      5068.2556
 EELEC  =    -61426.0165  EHBOND  =         0.0000  RESTRAINT  =         5.8307
 EAMBER (non-restraint)  =    -47196.9509
 EKCMT  =      3949.4101  VIRIAL  =      5226.7306  VOLUME     =    153447.7673
                                                    Density    =         1.0324
 ------------------------------------------------------------------------------

wrapping first mol.:       19.45098       27.50785       47.64498
wrapping first mol.:       19.45098       27.50785       47.64498

 NSTEP =     8500   TIME(PS) =    5017.000  TEMP(K) =   300.09  PRESS =    43.5
 Etot   =    -37426.0555  EKtot   =      9559.5645  EPtot      =    -46985.6200
 BOND   =       404.0737  ANGLE   =      1019.1302  DIHED      =      1630.9611
 1-4 NB =       457.4815  1-4 EEL =      5714.8209  VDWAALS    =      5184.3301
 EELEC  =    -61403.5679  EHBOND  =         0.0000  RESTRAINT  =         7.1504
 EAMBER (non-restraint)  =    -46992.7704
 EKCMT  =      3989.6070  VIRIAL  =      3845.9512  VOLUME     =    152955.3963
                                                    Density    =         1.0357
 ------------------------------------------------------------------------------

wrapping first mol.:       19.45688       27.51618       47.65941
wrapping first mol.:       19.45688       27.51618       47.65941

 NSTEP =     9000   TIME(PS) =    5018.000  TEMP(K) =   300.30  PRESS =   136.9
 Etot   =    -37400.5395  EKtot   =      9566.3164  EPtot      =    -46966.8559
 BOND   =       411.4275  ANGLE   =      1002.3153  DIHED      =      1655.5035
 1-4 NB =       464.3428  1-4 EEL =      5736.4794  VDWAALS    =      5161.0673
 EELEC  =    -61406.6603  EHBOND  =         0.0000  RESTRAINT  =         8.6687
 EAMBER (non-restraint)  =    -46975.5246
 EKCMT  =      3973.9776  VIRIAL  =      3521.4462  VOLUME     =    153093.1384
                                                    Density    =         1.0348
 ------------------------------------------------------------------------------

wrapping first mol.:       19.47545       27.54244       47.70491
wrapping first mol.:       19.47545       27.54244       47.70491

 NSTEP =     9500   TIME(PS) =    5019.000  TEMP(K) =   299.09  PRESS =   -18.0
 Etot   =    -37372.6146  EKtot   =      9527.8398  EPtot      =    -46900.4544
 BOND   =       391.6895  ANGLE   =      1012.2206  DIHED      =      1621.6470
 1-4 NB =       484.0636  1-4 EEL =      5786.6407  VDWAALS    =      5034.1635
 EELEC  =    -61237.2710  EHBOND  =         0.0000  RESTRAINT  =         6.3917
 EAMBER (non-restraint)  =    -46906.8461
 EKCMT  =      4040.9045  VIRIAL  =      4100.6374  VOLUME     =    153534.1159
                                                    Density    =         1.0318
 ------------------------------------------------------------------------------

wrapping first mol.:       19.47696       27.54459       47.70862
wrapping first mol.:       19.47696       27.54459       47.70862

 NSTEP =    10000   TIME(PS) =    5020.000  TEMP(K) =   304.31  PRESS =   -19.7
 Etot   =    -37319.8306  EKtot   =      9694.0391  EPtot      =    -47013.8697
 BOND   =       348.7605  ANGLE   =       985.7066  DIHED      =      1620.4573
 1-4 NB =       475.2227  1-4 EEL =      5753.4344  VDWAALS    =      5013.8607
 EELEC  =    -61217.7434  EHBOND  =         0.0000  RESTRAINT  =         6.4316
 EAMBER (non-restraint)  =    -47020.3013
 EKCMT  =      4109.7145  VIRIAL  =      4175.1703  VOLUME     =    153569.9726
                                                    Density    =         1.0316
 ------------------------------------------------------------------------------

wrapping first mol.:       19.48965       27.56253       47.73970
wrapping first mol.:       19.48965       27.56253       47.73970

 NSTEP =    10500   TIME(PS) =    5021.000  TEMP(K) =   296.83  PRESS =   313.3
 Etot   =    -37333.2410  EKtot   =      9455.6777  EPtot      =    -46788.9188
 BOND   =       397.9278  ANGLE   =      1039.2272  DIHED      =      1626.2885
 1-4 NB =       471.7845  1-4 EEL =      5756.9077  VDWAALS    =      5039.7531
 EELEC  =    -61127.9783  EHBOND  =         0.0000  RESTRAINT  =         7.1707
 EAMBER (non-restraint)  =    -46796.0895
 EKCMT  =      3974.2156  VIRIAL  =      2933.2723  VOLUME     =    153865.7666
                                                    Density    =         1.0296
 ------------------------------------------------------------------------------

wrapping first mol.:       19.47839       27.54661       47.71212
wrapping first mol.:       19.47839       27.54661       47.71212

 NSTEP =    11000   TIME(PS) =    5022.000  TEMP(K) =   297.99  PRESS =     2.4
 Etot   =    -37437.2392  EKtot   =      9492.6025  EPtot      =    -46929.8418
 BOND   =       360.9856  ANGLE   =      1016.0309  DIHED      =      1641.5624
 1-4 NB =       476.9613  1-4 EEL =      5758.7229  VDWAALS    =      5129.1056
 EELEC  =    -61320.5674  EHBOND  =         0.0000  RESTRAINT  =         7.3569
 EAMBER (non-restraint)  =    -46937.1987
 EKCMT  =      3974.1677  VIRIAL  =      3966.3347  VOLUME     =    153603.5069
                                                    Density    =         1.0313
 ------------------------------------------------------------------------------

wrapping first mol.:       19.48179       27.55142       47.72045
wrapping first mol.:       19.48179       27.55142       47.72045

 NSTEP =    11500   TIME(PS) =    5023.000  TEMP(K) =   299.28  PRESS =  -143.0
 Etot   =    -37389.1089  EKtot   =      9533.6406  EPtot      =    -46922.7495
 BOND   =       376.7762  ANGLE   =      1036.6170  DIHED      =      1620.1798
 1-4 NB =       454.4007  1-4 EEL =      5713.0482  VDWAALS    =      5075.6949
 EELEC  =    -61207.4510  EHBOND  =         0.0000  RESTRAINT  =         7.9847
 EAMBER (non-restraint)  =    -46930.7342
 EKCMT  =      3997.8850  VIRIAL  =      4472.5091  VOLUME     =    153685.9347
                                                    Density    =         1.0308
 ------------------------------------------------------------------------------

wrapping first mol.:       19.48946       27.56225       47.73922
wrapping first mol.:       19.48946       27.56225       47.73922

 NSTEP =    12000   TIME(PS) =    5024.000  TEMP(K) =   299.38  PRESS =  -177.9
 Etot   =    -37255.3975  EKtot   =      9536.7969  EPtot      =    -46792.1944
 BOND   =       430.8849  ANGLE   =      1019.6557  DIHED      =      1623.1624
 1-4 NB =       462.3302  1-4 EEL =      5710.1498  VDWAALS    =      4927.8861
 EELEC  =    -60975.5584  EHBOND  =         0.0000  RESTRAINT  =         9.2950
 EAMBER (non-restraint)  =    -46801.4893
 EKCMT  =      3944.5447  VIRIAL  =      4535.5565  VOLUME     =    153867.8520
                                                    Density    =         1.0296
 ------------------------------------------------------------------------------

wrapping first mol.:       19.48388       27.55437       47.72557
wrapping first mol.:       19.48388       27.55437       47.72557

 NSTEP =    12500   TIME(PS) =    5025.000  TEMP(K) =   303.06  PRESS =    38.9
 Etot   =    -37332.6996  EKtot   =      9654.3164  EPtot      =    -46987.0160
 BOND   =       426.3024  ANGLE   =      1012.5190  DIHED      =      1606.3863
 1-4 NB =       460.2792  1-4 EEL =      5761.2318  VDWAALS    =      5234.4582
 EELEC  =    -61497.5440  EHBOND  =         0.0000  RESTRAINT  =         9.3510
 EAMBER (non-restraint)  =    -46996.3671
 EKCMT  =      4062.2690  VIRIAL  =      3933.2428  VOLUME     =    153732.8693
                                                    Density    =         1.0305
 ------------------------------------------------------------------------------

wrapping first mol.:       19.46067       27.52155       47.66872
wrapping first mol.:       19.46067       27.52155       47.66872

 NSTEP =    13000   TIME(PS) =    5026.000  TEMP(K) =   301.07  PRESS =    48.2
 Etot   =    -37351.7577  EKtot   =      9590.6484  EPtot      =    -46942.4061
 BOND   =       403.8370  ANGLE   =      1005.8832  DIHED      =      1605.7550
 1-4 NB =       458.8454  1-4 EEL =      5769.6056  VDWAALS    =      5052.1993
 EELEC  =    -61247.1822  EHBOND  =         0.0000  RESTRAINT  =         8.6505
 EAMBER (non-restraint)  =    -46951.0566
 EKCMT  =      4000.1200  VIRIAL  =      3840.7207  VOLUME     =    153184.0358
                                                    Density    =         1.0342
 ------------------------------------------------------------------------------

wrapping first mol.:       19.47845       27.54669       47.71226
wrapping first mol.:       19.47845       27.54669       47.71226

 NSTEP =    13500   TIME(PS) =    5027.000  TEMP(K) =   298.60  PRESS =   -95.3
 Etot   =    -37340.2293  EKtot   =      9512.0977  EPtot      =    -46852.3270
 BOND   =       403.6851  ANGLE   =      1020.7218  DIHED      =      1616.9004
 1-4 NB =       467.7901  1-4 EEL =      5725.0339  VDWAALS    =      4948.5945
 EELEC  =    -61043.2536  EHBOND  =         0.0000  RESTRAINT  =         8.2008
 EAMBER (non-restraint)  =    -46860.5277
 EKCMT  =      4075.4280  VIRIAL  =      4391.4701  VOLUME     =    153606.1868
                                                    Density    =         1.0313
 ------------------------------------------------------------------------------

wrapping first mol.:       19.46751       27.53122       47.68547
wrapping first mol.:       19.46751       27.53122       47.68547

 NSTEP =    14000   TIME(PS) =    5028.000  TEMP(K) =   300.73  PRESS =   148.8
 Etot   =    -37449.9529  EKtot   =      9580.0020  EPtot      =    -47029.9548
 BOND   =       410.1983  ANGLE   =      1015.9446  DIHED      =      1612.3216
 1-4 NB =       469.2738  1-4 EEL =      5738.8577  VDWAALS    =      5175.1808
 EELEC  =    -61461.9669  EHBOND  =         0.0000  RESTRAINT  =        10.2354
 EAMBER (non-restraint)  =    -47040.1902
 EKCMT  =      4016.8254  VIRIAL  =      3524.1895  VOLUME     =    153344.2440
                                                    Density    =         1.0331
 ------------------------------------------------------------------------------

wrapping first mol.:       19.48870       27.56118       47.73735
wrapping first mol.:       19.48870       27.56118       47.73735

 NSTEP =    14500   TIME(PS) =    5029.000  TEMP(K) =   300.30  PRESS =   172.6
 Etot   =    -37407.6994  EKtot   =      9566.1963  EPtot      =    -46973.8957
 BOND   =       398.0893  ANGLE   =      1009.5837  DIHED      =      1595.6995
 1-4 NB =       453.6705  1-4 EEL =      5736.1210  VDWAALS    =      5129.0867
 EELEC  =    -61307.1310  EHBOND  =         0.0000  RESTRAINT  =        10.9845
 EAMBER (non-restraint)  =    -46984.8803
 EKCMT  =      4014.6143  VIRIAL  =      3441.1868  VOLUME     =    153844.9828
                                                    Density    =         1.0297
 ------------------------------------------------------------------------------

wrapping first mol.:       19.48572       27.55697       47.73006
wrapping first mol.:       19.48572       27.55697       47.73006

 NSTEP =    15000   TIME(PS) =    5030.000  TEMP(K) =   298.75  PRESS =    39.0
 Etot   =    -37451.9414  EKtot   =      9516.7949  EPtot      =    -46968.7364
 BOND   =       421.6636  ANGLE   =      1000.3275  DIHED      =      1626.6497
 1-4 NB =       470.1942  1-4 EEL =      5751.8166  VDWAALS    =      5285.6568
 EELEC  =    -61534.7015  EHBOND  =         0.0000  RESTRAINT  =         9.6566
 EAMBER (non-restraint)  =    -46978.3929
 EKCMT  =      3995.6056  VIRIAL  =      3866.0277  VOLUME     =    153776.3317
                                                    Density    =         1.0302
 ------------------------------------------------------------------------------

wrapping first mol.:       19.49670       27.57249       47.75696
wrapping first mol.:       19.49670       27.57249       47.75696

 NSTEP =    15500   TIME(PS) =    5031.000  TEMP(K) =   301.26  PRESS =  -253.8
 Etot   =    -37372.0049  EKtot   =      9596.8398  EPtot      =    -46968.8448
 BOND   =       389.5893  ANGLE   =       995.1091  DIHED      =      1600.0290
 1-4 NB =       484.7811  1-4 EEL =      5742.0596  VDWAALS    =      5028.9880
 EELEC  =    -61218.4373  EHBOND  =         0.0000  RESTRAINT  =         9.0365
 EAMBER (non-restraint)  =    -46977.8813
 EKCMT  =      4048.6684  VIRIAL  =      4892.9532  VOLUME     =    154040.4338
                                                    Density    =         1.0284
 ------------------------------------------------------------------------------

wrapping first mol.:       19.48629       27.55778       47.73147
wrapping first mol.:       19.48629       27.55778       47.73147

 NSTEP =    16000   TIME(PS) =    5032.000  TEMP(K) =   300.58  PRESS =   148.2
 Etot   =    -37312.8048  EKtot   =      9575.0273  EPtot      =    -46887.8321
 BOND   =       384.5414  ANGLE   =      1058.2573  DIHED      =      1617.7622
 1-4 NB =       462.7576  1-4 EEL =      5709.3406  VDWAALS    =      5183.6122
 EELEC  =    -61313.0112  EHBOND  =         0.0000  RESTRAINT  =         8.9077
 EAMBER (non-restraint)  =    -46896.7398
 EKCMT  =      4020.4426  VIRIAL  =      3528.1925  VOLUME     =    153788.4084
                                                    Density    =         1.0301
 ------------------------------------------------------------------------------

wrapping first mol.:       19.48613       27.55755       47.73107
wrapping first mol.:       19.48613       27.55755       47.73107

 NSTEP =    16500   TIME(PS) =    5033.000  TEMP(K) =   297.17  PRESS =   132.5
 Etot   =    -37300.0995  EKtot   =      9466.6719  EPtot      =    -46766.7714
 BOND   =       374.5564  ANGLE   =      1030.5665  DIHED      =      1616.7125
 1-4 NB =       464.5021  1-4 EEL =      5756.8457  VDWAALS    =      5072.2083
 EELEC  =    -61090.6996  EHBOND  =         0.0000  RESTRAINT  =         8.5366
 EAMBER (non-restraint)  =    -46775.3079
 EKCMT  =      3900.6093  VIRIAL  =      3460.7040  VOLUME     =    153784.8102
                                                    Density    =         1.0301
 ------------------------------------------------------------------------------

wrapping first mol.:       19.47946       27.54812       47.71473
wrapping first mol.:       19.47946       27.54812       47.71473

 NSTEP =    17000   TIME(PS) =    5034.000  TEMP(K) =   299.66  PRESS =   392.5
 Etot   =    -37198.4894  EKtot   =      9545.7383  EPtot      =    -46744.2277
 BOND   =       408.3010  ANGLE   =      1003.5289  DIHED      =      1635.7551
 1-4 NB =       469.9555  1-4 EEL =      5721.2604  VDWAALS    =      5209.2665
 EELEC  =    -61200.6128  EHBOND  =         0.0000  RESTRAINT  =         8.3178
 EAMBER (non-restraint)  =    -46752.5455
 EKCMT  =      4037.0771  VIRIAL  =      2735.2874  VOLUME     =    153623.3754
                                                    Density    =         1.0312
 ------------------------------------------------------------------------------

wrapping first mol.:       19.49580       27.57122       47.75475
wrapping first mol.:       19.49580       27.57122       47.75475

 NSTEP =    17500   TIME(PS) =    5035.000  TEMP(K) =   303.76  PRESS =    14.0
 Etot   =    -37118.3514  EKtot   =      9676.3545  EPtot      =    -46794.7059
 BOND   =       399.6115  ANGLE   =      1001.7500  DIHED      =      1616.9474
 1-4 NB =       479.8400  1-4 EEL =      5697.7999  VDWAALS    =      5050.4248
 EELEC  =    -61048.7853  EHBOND  =         0.0000  RESTRAINT  =         7.7058
 EAMBER (non-restraint)  =    -46802.4117
 EKCMT  =      4044.2715  VIRIAL  =      3997.5893  VOLUME     =    154015.4514
                                                    Density    =         1.0286
 ------------------------------------------------------------------------------

wrapping first mol.:       19.49261       27.56672       47.74695
wrapping first mol.:       19.49261       27.56672       47.74695

 NSTEP =    18000   TIME(PS) =    5036.000  TEMP(K) =   297.61  PRESS =    29.5
 Etot   =    -37425.8852  EKtot   =      9480.6846  EPtot      =    -46906.5697
 BOND   =       403.1731  ANGLE   =      1040.4617  DIHED      =      1620.8298
 1-4 NB =       463.8545  1-4 EEL =      5785.4488  VDWAALS    =      5131.1419
 EELEC  =    -61358.7874  EHBOND  =         0.0000  RESTRAINT  =         7.3080
 EAMBER (non-restraint)  =    -46913.8778
 EKCMT  =      4039.1051  VIRIAL  =      3941.1340  VOLUME     =    153939.7178
                                                    Density    =         1.0291
 ------------------------------------------------------------------------------

wrapping first mol.:       19.50803       27.58852       47.78471
wrapping first mol.:       19.50803       27.58852       47.78471

 NSTEP =    18500   TIME(PS) =    5037.000  TEMP(K) =   300.66  PRESS =    31.3
 Etot   =    -37221.2507  EKtot   =      9577.6025  EPtot      =    -46798.8532
 BOND   =       368.1382  ANGLE   =      1083.4750  DIHED      =      1605.1567
 1-4 NB =       479.5748  1-4 EEL =      5759.9021  VDWAALS    =      5147.5829
 EELEC  =    -61251.7424  EHBOND  =         0.0000  RESTRAINT  =         9.0595
 EAMBER (non-restraint)  =    -46807.9127
 EKCMT  =      3977.3678  VIRIAL  =      3873.1108  VOLUME     =    154305.2672
                                                    Density    =         1.0266
 ------------------------------------------------------------------------------

wrapping first mol.:       19.49200       27.56585       47.74544
wrapping first mol.:       19.49200       27.56585       47.74544

 NSTEP =    19000   TIME(PS) =    5038.000  TEMP(K) =   297.70  PRESS =   -36.9
 Etot   =    -37427.0712  EKtot   =      9483.3320  EPtot      =    -46910.4032
 BOND   =       396.3965  ANGLE   =      1088.2483  DIHED      =      1645.9646
 1-4 NB =       458.5537  1-4 EEL =      5739.4855  VDWAALS    =      5143.1821
 EELEC  =    -61390.8398  EHBOND  =         0.0000  RESTRAINT  =         8.6059
 EAMBER (non-restraint)  =    -46919.0091
 EKCMT  =      3925.4958  VIRIAL  =      4048.2865  VOLUME     =    153926.0541
                                                    Density    =         1.0292
 ------------------------------------------------------------------------------

wrapping first mol.:       19.49565       27.57101       47.75439
wrapping first mol.:       19.49565       27.57101       47.75439

 NSTEP =    19500   TIME(PS) =    5039.000  TEMP(K) =   300.96  PRESS =    85.9
 Etot   =    -37343.7657  EKtot   =      9587.2607  EPtot      =    -46931.0265
 BOND   =       369.2211  ANGLE   =      1040.0386  DIHED      =      1598.6282
 1-4 NB =       460.0368  1-4 EEL =      5760.4127  VDWAALS    =      4947.2608
 EELEC  =    -61115.3874  EHBOND  =         0.0000  RESTRAINT  =         8.7627
 EAMBER (non-restraint)  =    -46939.7892
 EKCMT  =      4038.8420  VIRIAL  =      3753.2777  VOLUME     =    154010.8962
                                                    Density    =         1.0286
 ------------------------------------------------------------------------------

wrapping first mol.:       19.49096       27.56439       47.74291
wrapping first mol.:       19.49096       27.56439       47.74291

 NSTEP =    20000   TIME(PS) =    5040.000  TEMP(K) =   297.61  PRESS =  -183.4
 Etot   =    -37297.5124  EKtot   =      9480.6699  EPtot      =    -46778.1823
 BOND   =       393.6300  ANGLE   =      1029.9292  DIHED      =      1615.2078
 1-4 NB =       467.2903  1-4 EEL =      5755.2501  VDWAALS    =      5042.5721
 EELEC  =    -61091.6555  EHBOND  =         0.0000  RESTRAINT  =         9.5935
 EAMBER (non-restraint)  =    -46787.7758
 EKCMT  =      4007.6577  VIRIAL  =      4617.2049  VOLUME     =    153903.6177
                                                    Density    =         1.0293
 ------------------------------------------------------------------------------

wrapping first mol.:       19.48351       27.55384       47.72465
wrapping first mol.:       19.48351       27.55384       47.72465

 NSTEP =    20500   TIME(PS) =    5041.000  TEMP(K) =   297.95  PRESS =    80.0
 Etot   =    -37388.7762  EKtot   =      9491.3750  EPtot      =    -46880.1512
 BOND   =       408.1844  ANGLE   =      1008.6853  DIHED      =      1632.2478
 1-4 NB =       471.9097  1-4 EEL =      5713.5290  VDWAALS    =      5132.9850
 EELEC  =    -61257.8911  EHBOND  =         0.0000  RESTRAINT  =        10.1986
 EAMBER (non-restraint)  =    -46890.3498
 EKCMT  =      3956.9871  VIRIAL  =      3691.5195  VOLUME     =    153723.4795
                                                    Density    =         1.0305
 ------------------------------------------------------------------------------

wrapping first mol.:       19.49115       27.56464       47.74336
wrapping first mol.:       19.49115       27.56464       47.74336

 NSTEP =    21000   TIME(PS) =    5042.000  TEMP(K) =   295.43  PRESS =   140.5
 Etot   =    -37416.7753  EKtot   =      9411.2021  EPtot      =    -46827.9774
 BOND   =       421.3056  ANGLE   =      1073.3869  DIHED      =      1625.4498
 1-4 NB =       482.4300  1-4 EEL =      5757.8902  VDWAALS    =      5236.3353
 EELEC  =    -61434.4358  EHBOND  =         0.0000  RESTRAINT  =         9.6606
 EAMBER (non-restraint)  =    -46837.6380
 EKCMT  =      3935.9179  VIRIAL  =      3469.0819  VOLUME     =    153903.5029
                                                    Density    =         1.0293
 ------------------------------------------------------------------------------

wrapping first mol.:       19.47824       27.54638       47.71173
wrapping first mol.:       19.47824       27.54638       47.71173

 NSTEP =    21500   TIME(PS) =    5043.000  TEMP(K) =   299.12  PRESS =  -387.4
 Etot   =    -37442.6122  EKtot   =      9528.8203  EPtot      =    -46971.4325
 BOND   =       407.7982  ANGLE   =      1012.2073  DIHED      =      1633.1208
 1-4 NB =       477.1293  1-4 EEL =      5738.1756  VDWAALS    =      4939.3031
 EELEC  =    -61189.3515  EHBOND  =         0.0000  RESTRAINT  =        10.1847
 EAMBER (non-restraint)  =    -46981.6172
 EKCMT  =      4034.4567  VIRIAL  =      5319.3733  VOLUME     =    153605.0882
                                                    Density    =         1.0313
 ------------------------------------------------------------------------------

wrapping first mol.:       19.47278       27.53867       47.69837
wrapping first mol.:       19.47278       27.53867       47.69837

 NSTEP =    22000   TIME(PS) =    5044.000  TEMP(K) =   303.02  PRESS =   -74.8
 Etot   =    -37531.0314  EKtot   =      9652.9922  EPtot      =    -47184.0235
 BOND   =       405.3117  ANGLE   =      1011.1169  DIHED      =      1605.1559
 1-4 NB =       466.3891  1-4 EEL =      5727.8161  VDWAALS    =      5115.6482
 EELEC  =    -61523.0199  EHBOND  =         0.0000  RESTRAINT  =         7.5585
 EAMBER (non-restraint)  =    -47191.5821
 EKCMT  =      4027.2476  VIRIAL  =      4275.1294  VOLUME     =    153471.8001
                                                    Density    =         1.0322
 ------------------------------------------------------------------------------

wrapping first mol.:       19.46993       27.53463       47.69138
wrapping first mol.:       19.46993       27.53463       47.69138

 NSTEP =    22500   TIME(PS) =    5045.000  TEMP(K) =   300.29  PRESS =  -203.2
 Etot   =    -37399.1078  EKtot   =      9566.0840  EPtot      =    -46965.1917
 BOND   =       412.5654  ANGLE   =       992.5148  DIHED      =      1611.5416
 1-4 NB =       462.1138  1-4 EEL =      5749.9488  VDWAALS    =      5126.2016
 EELEC  =    -61327.4884  EHBOND  =         0.0000  RESTRAINT  =         7.4106
 EAMBER (non-restraint)  =    -46972.6024
 EKCMT  =      4025.2097  VIRIAL  =      4698.3724  VOLUME     =    153406.0727
                                                    Density    =         1.0327
 ------------------------------------------------------------------------------

wrapping first mol.:       19.46603       27.52913       47.68184
wrapping first mol.:       19.46603       27.52913       47.68184

 NSTEP =    23000   TIME(PS) =    5046.000  TEMP(K) =   299.06  PRESS =  -152.1
 Etot   =    -37267.4780  EKtot   =      9526.6162  EPtot      =    -46794.0942
 BOND   =       392.6274  ANGLE   =      1028.3506  DIHED      =      1630.0906
 1-4 NB =       461.5846  1-4 EEL =      5762.4611  VDWAALS    =      4964.5013
 EELEC  =    -61042.0880  EHBOND  =         0.0000  RESTRAINT  =         8.3783
 EAMBER (non-restraint)  =    -46802.4725
 EKCMT  =      3968.6403  VIRIAL  =      4472.1143  VOLUME     =    153313.3299
                                                    Density    =         1.0333
 ------------------------------------------------------------------------------

wrapping first mol.:       19.45570       27.51451       47.65652
wrapping first mol.:       19.45570       27.51451       47.65652

 NSTEP =    23500   TIME(PS) =    5047.000  TEMP(K) =   302.07  PRESS =    85.1
 Etot   =    -37211.5773  EKtot   =      9622.6396  EPtot      =    -46834.2169
 BOND   =       429.9493  ANGLE   =      1036.3534  DIHED      =      1628.9703
 1-4 NB =       460.5941  1-4 EEL =      5712.4550  VDWAALS    =      5122.9107
 EELEC  =    -61233.7579  EHBOND  =         0.0000  RESTRAINT  =         8.3081
 EAMBER (non-restraint)  =    -46842.5251
 EKCMT  =      4014.0508  VIRIAL  =      3732.6744  VOLUME     =    153066.0184
                                                    Density    =         1.0349
 ------------------------------------------------------------------------------

wrapping first mol.:       19.46167       27.52296       47.67117
wrapping first mol.:       19.46167       27.52296       47.67117

 NSTEP =    24000   TIME(PS) =    5048.000  TEMP(K) =   298.77  PRESS =   284.0
 Etot   =    -37421.9565  EKtot   =      9517.4258  EPtot      =    -46939.3822
 BOND   =       388.0328  ANGLE   =      1043.2495  DIHED      =      1634.1198
 1-4 NB =       475.1068  1-4 EEL =      5756.5473  VDWAALS    =      5213.1452
 EELEC  =    -61457.5113  EHBOND  =         0.0000  RESTRAINT  =         7.9277
 EAMBER (non-restraint)  =    -46947.3100
 EKCMT  =      3949.4315  VIRIAL  =      3010.1518  VOLUME     =    153204.4262
                                                    Density    =         1.0340
 ------------------------------------------------------------------------------

wrapping first mol.:       19.47567       27.54275       47.70544
wrapping first mol.:       19.47567       27.54275       47.70544

 NSTEP =    24500   TIME(PS) =    5049.000  TEMP(K) =   299.62  PRESS =   257.4
 Etot   =    -37445.9175  EKtot   =      9544.6055  EPtot      =    -46990.5230
 BOND   =       413.7770  ANGLE   =       999.6623  DIHED      =      1636.7130
 1-4 NB =       462.2622  1-4 EEL =      5735.3161  VDWAALS    =      5043.9288
 EELEC  =    -61291.2495  EHBOND  =         0.0000  RESTRAINT  =         9.0670
 EAMBER (non-restraint)  =    -46999.5900
 EKCMT  =      3950.6534  VIRIAL  =      3097.4504  VOLUME     =    153535.4656
                                                    Density    =         1.0318
 ------------------------------------------------------------------------------

wrapping first mol.:       19.48853       27.56094       47.73694
wrapping first mol.:       19.48853       27.56094       47.73694

 NSTEP =    25000   TIME(PS) =    5050.000  TEMP(K) =   295.10  PRESS =   -18.4
 Etot   =    -37593.9599  EKtot   =      9400.6709  EPtot      =    -46994.6308
 BOND   =       418.9864  ANGLE   =      1035.8538  DIHED      =      1628.0222
 1-4 NB =       467.9970  1-4 EEL =      5726.1590  VDWAALS    =      5195.7965
 EELEC  =    -61475.2839  EHBOND  =         0.0000  RESTRAINT  =         7.8383
 EAMBER (non-restraint)  =    -47002.4691
 EKCMT  =      3957.1860  VIRIAL  =      4018.3491  VOLUME     =    153843.5913
                                                    Density    =         1.0297
 ------------------------------------------------------------------------------

wrapping first mol.:       19.48654       27.55812       47.73207
wrapping first mol.:       19.48654       27.55812       47.73207

 NSTEP =    25500   TIME(PS) =    5051.000  TEMP(K) =   299.82  PRESS =    54.0
 Etot   =    -37449.7269  EKtot   =      9550.8828  EPtot      =    -47000.6097
 BOND   =       405.7490  ANGLE   =      1023.0681  DIHED      =      1642.9081
 1-4 NB =       461.6013  1-4 EEL =      5729.9121  VDWAALS    =      5078.0190
 EELEC  =    -61350.7672  EHBOND  =         0.0000  RESTRAINT  =         8.8999
 EAMBER (non-restraint)  =    -47009.5096
 EKCMT  =      3930.9867  VIRIAL  =      3751.7836  VOLUME     =    153795.4954
                                                    Density    =         1.0300
 ------------------------------------------------------------------------------

wrapping first mol.:       19.45527       27.51391       47.65548
wrapping first mol.:       19.45527       27.51391       47.65548

 NSTEP =    26000   TIME(PS) =    5052.000  TEMP(K) =   296.95  PRESS =   326.1
 Etot   =    -37505.9416  EKtot   =      9459.6836  EPtot      =    -46965.6252
 BOND   =       391.5877  ANGLE   =      1048.2360  DIHED      =      1635.0784
 1-4 NB =       466.5894  1-4 EEL =      5776.3623  VDWAALS    =      5098.1429
 EELEC  =    -61391.2318  EHBOND  =         0.0000  RESTRAINT  =         9.6099
 EAMBER (non-restraint)  =    -46975.2352
 EKCMT  =      3923.2600  VIRIAL  =      2845.6814  VOLUME     =    153052.6710
                                                    Density    =         1.0350
 ------------------------------------------------------------------------------

wrapping first mol.:       19.45934       27.51966       47.66544
wrapping first mol.:       19.45934       27.51966       47.66544

 NSTEP =    26500   TIME(PS) =    5053.000  TEMP(K) =   302.11  PRESS =    43.7
 Etot   =    -37330.4604  EKtot   =      9623.9268  EPtot      =    -46954.3871
 BOND   =       416.2443  ANGLE   =      1028.1508  DIHED      =      1601.2775
 1-4 NB =       455.2288  1-4 EEL =      5749.9388  VDWAALS    =      5070.7157
 EELEC  =    -61285.3694  EHBOND  =         0.0000  RESTRAINT  =         9.4264
 EAMBER (non-restraint)  =    -46963.8135
 EKCMT  =      4059.7679  VIRIAL  =      3915.2872  VOLUME     =    153152.5292
                                                    Density    =         1.0344
 ------------------------------------------------------------------------------

wrapping first mol.:       19.45895       27.51911       47.66450
wrapping first mol.:       19.45895       27.51911       47.66450

 NSTEP =    27000   TIME(PS) =    5054.000  TEMP(K) =   299.05  PRESS =    53.1
 Etot   =    -37477.2383  EKtot   =      9526.5674  EPtot      =    -47003.8057
 BOND   =       376.0569  ANGLE   =      1036.6886  DIHED      =      1624.9951
 1-4 NB =       468.5067  1-4 EEL =      5740.8819  VDWAALS    =      4962.9469
 EELEC  =    -61223.6466  EHBOND  =         0.0000  RESTRAINT  =         9.7647
 EAMBER (non-restraint)  =    -47013.5704
 EKCMT  =      4053.9661  VIRIAL  =      3878.5301  VOLUME     =    153143.2847
                                                    Density    =         1.0344
 ------------------------------------------------------------------------------

wrapping first mol.:       19.46062       27.52148       47.66859
wrapping first mol.:       19.46062       27.52148       47.66859

 NSTEP =    27500   TIME(PS) =    5055.000  TEMP(K) =   305.54  PRESS =   -82.5
 Etot   =    -37187.3485  EKtot   =      9733.1113  EPtot      =    -46920.4599
 BOND   =       406.3442  ANGLE   =      1030.4436  DIHED      =      1626.1259
 1-4 NB =       460.6121  1-4 EEL =      5785.5429  VDWAALS    =      5094.6722
 EELEC  =    -61334.7250  EHBOND  =         0.0000  RESTRAINT  =        10.5243
 EAMBER (non-restraint)  =    -46930.9842
 EKCMT  =      4100.1737  VIRIAL  =      4373.1613  VOLUME     =    153184.6088
                                                    Density    =         1.0341
 ------------------------------------------------------------------------------

wrapping first mol.:       19.46605       27.52915       47.68188
wrapping first mol.:       19.46605       27.52915       47.68188

 NSTEP =    28000   TIME(PS) =    5056.000  TEMP(K) =   302.33  PRESS =    79.7
 Etot   =    -37251.8558  EKtot   =      9630.9160  EPtot      =    -46882.7718
 BOND   =       428.8817  ANGLE   =       997.7128  DIHED      =      1632.7723
 1-4 NB =       466.9983  1-4 EEL =      5773.7403  VDWAALS    =      5106.8627
 EELEC  =    -61300.4856  EHBOND  =         0.0000  RESTRAINT  =        10.7458
 EAMBER (non-restraint)  =    -46893.5176
 EKCMT  =      3981.1998  VIRIAL  =      3717.2156  VOLUME     =    153310.5382
                                                    Density    =         1.0333
 ------------------------------------------------------------------------------

wrapping first mol.:       19.47516       27.54203       47.70420
wrapping first mol.:       19.47516       27.54203       47.70420

 NSTEP =    28500   TIME(PS) =    5057.000  TEMP(K) =   301.44  PRESS =     3.3
 Etot   =    -37157.1720  EKtot   =      9602.6582  EPtot      =    -46759.8302
 BOND   =       408.9775  ANGLE   =      1079.5727  DIHED      =      1627.1227
 1-4 NB =       462.5598  1-4 EEL =      5765.1694  VDWAALS    =      5040.7186
 EELEC  =    -61154.4612  EHBOND  =         0.0000  RESTRAINT  =        10.5105
 EAMBER (non-restraint)  =    -46770.3407
 EKCMT  =      4004.6465  VIRIAL  =      3993.7865  VOLUME     =    153526.9529
                                                    Density    =         1.0318
 ------------------------------------------------------------------------------

wrapping first mol.:       19.46018       27.52086       47.66752
wrapping first mol.:       19.46018       27.52086       47.66752

 NSTEP =    29000   TIME(PS) =    5058.000  TEMP(K) =   302.43  PRESS =   -75.6
 Etot   =    -37181.0723  EKtot   =      9634.0342  EPtot      =    -46815.1065
 BOND   =       411.8047  ANGLE   =      1018.5503  DIHED      =      1616.3030
 1-4 NB =       464.5323  1-4 EEL =      5749.9870  VDWAALS    =      4912.1802
 EELEC  =    -60998.0020  EHBOND  =         0.0000  RESTRAINT  =         9.5380
 EAMBER (non-restraint)  =    -46824.6445
 EKCMT  =      4055.0357  VIRIAL  =      4304.9205  VOLUME     =    153174.1660
                                                    Density    =         1.0342
 ------------------------------------------------------------------------------

wrapping first mol.:       19.48937       27.56214       47.73902
wrapping first mol.:       19.48937       27.56214       47.73902

 NSTEP =    29500   TIME(PS) =    5059.000  TEMP(K) =   298.78  PRESS =    73.6
 Etot   =    -37295.7856  EKtot   =      9517.7344  EPtot      =    -46813.5200
 BOND   =       405.7370  ANGLE   =       996.9578  DIHED      =      1610.6262
 1-4 NB =       458.1640  1-4 EEL =      5752.4728  VDWAALS    =      5123.0077
 EELEC  =    -61169.5922  EHBOND  =         0.0000  RESTRAINT  =         9.1068
 EAMBER (non-restraint)  =    -46822.6267
 EKCMT  =      3977.3697  VIRIAL  =      3732.7226  VOLUME     =    153862.4165
                                                    Density    =         1.0296
 ------------------------------------------------------------------------------

wrapping first mol.:       19.49131       27.56487       47.74375
wrapping first mol.:       19.49131       27.56487       47.74375

 NSTEP =    30000   TIME(PS) =    5060.000  TEMP(K) =   295.38  PRESS =  -143.4
 Etot   =    -37402.2691  EKtot   =      9409.5635  EPtot      =    -46811.8325
 BOND   =       411.4405  ANGLE   =      1051.3369  DIHED      =      1629.9575
 1-4 NB =       459.1464  1-4 EEL =      5726.0383  VDWAALS    =      4968.2763
 EELEC  =    -61067.4530  EHBOND  =         0.0000  RESTRAINT  =         9.4246
 EAMBER (non-restraint)  =    -46821.2571
 EKCMT  =      3871.2840  VIRIAL  =      4347.8547  VOLUME     =    153911.1866
                                                    Density    =         1.0293
 ------------------------------------------------------------------------------

wrapping first mol.:       19.47411       27.54054       47.70162
wrapping first mol.:       19.47411       27.54054       47.70162

 NSTEP =    30500   TIME(PS) =    5061.000  TEMP(K) =   297.39  PRESS =   -15.1
 Etot   =    -37448.1207  EKtot   =      9473.5547  EPtot      =    -46921.6754
 BOND   =       400.8958  ANGLE   =       972.5979  DIHED      =      1622.4362
 1-4 NB =       468.3229  1-4 EEL =      5793.3894  VDWAALS    =      5095.7626
 EELEC  =    -61284.7362  EHBOND  =         0.0000  RESTRAINT  =         9.6561
 EAMBER (non-restraint)  =    -46931.3315
 EKCMT  =      3922.6699  VIRIAL  =      3972.8032  VOLUME     =    153502.3029
                                                    Density    =         1.0320
 ------------------------------------------------------------------------------

wrapping first mol.:       19.47433       27.54086       47.70216
wrapping first mol.:       19.47433       27.54086       47.70216

 NSTEP =    31000   TIME(PS) =    5062.000  TEMP(K) =   296.37  PRESS =  -126.9
 Etot   =    -37323.4094  EKtot   =      9440.9336  EPtot      =    -46764.3430
 BOND   =       400.7478  ANGLE   =      1022.3021  DIHED      =      1603.6968
 1-4 NB =       465.4077  1-4 EEL =      5765.4759  VDWAALS    =      5012.8480
 EELEC  =    -61044.0388  EHBOND  =         0.0000  RESTRAINT  =         9.2174
 EAMBER (non-restraint)  =    -46773.5604
 EKCMT  =      3878.1486  VIRIAL  =      4298.8510  VOLUME     =    153509.0705
                                                    Density    =         1.0320
 ------------------------------------------------------------------------------

wrapping first mol.:       19.45689       27.51620       47.65945
wrapping first mol.:       19.45689       27.51620       47.65945

 NSTEP =    31500   TIME(PS) =    5063.000  TEMP(K) =   296.00  PRESS =    73.2
 Etot   =    -37511.4297  EKtot   =      9429.3340  EPtot      =    -46940.7637
 BOND   =       400.3634  ANGLE   =      1044.5072  DIHED      =      1602.8621
 1-4 NB =       475.7122  1-4 EEL =      5722.6463  VDWAALS    =      5001.9664
 EELEC  =    -61197.6492  EHBOND  =         0.0000  RESTRAINT  =         8.8279
 EAMBER (non-restraint)  =    -46949.5915
 EKCMT  =      3915.8223  VIRIAL  =      3673.9519  VOLUME     =    153094.3912
                                                    Density    =         1.0348
 ------------------------------------------------------------------------------

wrapping first mol.:       19.45959       27.52002       47.66607
wrapping first mol.:       19.45959       27.52002       47.66607

 NSTEP =    32000   TIME(PS) =    5064.000  TEMP(K) =   300.27  PRESS =  -176.6
 Etot   =    -37378.0926  EKtot   =      9565.3262  EPtot      =    -46943.4188
 BOND   =       389.9142  ANGLE   =      1022.8469  DIHED      =      1614.1154
 1-4 NB =       472.3919  1-4 EEL =      5765.7867  VDWAALS    =      5070.2835
 EELEC  =    -61287.9075  EHBOND  =         0.0000  RESTRAINT  =         9.1501
 EAMBER (non-restraint)  =    -46952.5689
 EKCMT  =      3973.8454  VIRIAL  =      4557.9351  VOLUME     =    153161.5969
                                                    Density    =         1.0343
 ------------------------------------------------------------------------------

wrapping first mol.:       19.48303       27.55316       47.72348
wrapping first mol.:       19.48303       27.55316       47.72348

 NSTEP =    32500   TIME(PS) =    5065.000  TEMP(K) =   300.26  PRESS =   -57.2
 Etot   =    -37400.2017  EKtot   =      9564.9541  EPtot      =    -46965.1558
 BOND   =       396.8528  ANGLE   =      1063.5909  DIHED      =      1656.7503
 1-4 NB =       467.3528  1-4 EEL =      5726.2136  VDWAALS    =      5173.3707
 EELEC  =    -61458.4076  EHBOND  =         0.0000  RESTRAINT  =         9.1206
 EAMBER (non-restraint)  =    -46974.2763
 EKCMT  =      4034.5712  VIRIAL  =      4224.5501  VOLUME     =    153713.9901
                                                    Density    =         1.0306
 ------------------------------------------------------------------------------

wrapping first mol.:       19.48253       27.55246       47.72225
wrapping first mol.:       19.48253       27.55246       47.72225

 NSTEP =    33000   TIME(PS) =    5066.000  TEMP(K) =   298.43  PRESS =   328.9
 Etot   =    -37270.2060  EKtot   =      9506.7930  EPtot      =    -46776.9989
 BOND   =       403.7653  ANGLE   =      1068.5971  DIHED      =      1611.1279
 1-4 NB =       458.1808  1-4 EEL =      5771.0860  VDWAALS    =      5016.0458
 EELEC  =    -61112.9691  EHBOND  =         0.0000  RESTRAINT  =         7.1672
 EAMBER (non-restraint)  =    -46784.1662
 EKCMT  =      3955.0973  VIRIAL  =      2863.6039  VOLUME     =    153696.8833
                                                    Density    =         1.0307
 ------------------------------------------------------------------------------

wrapping first mol.:       19.46896       27.53326       47.68901
wrapping first mol.:       19.46896       27.53326       47.68901

 NSTEP =    33500   TIME(PS) =    5067.000  TEMP(K) =   303.56  PRESS =   135.4
 Etot   =    -37266.6325  EKtot   =      9670.0156  EPtot      =    -46936.6481
 BOND   =       396.9000  ANGLE   =      1084.2103  DIHED      =      1644.3695
 1-4 NB =       462.7682  1-4 EEL =      5731.3022  VDWAALS    =      5047.0621
 EELEC  =    -61311.7957  EHBOND  =         0.0000  RESTRAINT  =         8.5354
 EAMBER (non-restraint)  =    -46945.1835
 EKCMT  =      4008.6067  VIRIAL  =      3560.2087  VOLUME     =    153378.5180
                                                    Density    =         1.0328
 ------------------------------------------------------------------------------

wrapping first mol.:       19.47332       27.53943       47.69968
wrapping first mol.:       19.47332       27.53943       47.69968

 NSTEP =    34000   TIME(PS) =    5068.000  TEMP(K) =   297.51  PRESS =   351.1
 Etot   =    -37550.2958  EKtot   =      9477.3623  EPtot      =    -47027.6581
 BOND   =       403.1853  ANGLE   =      1007.4124  DIHED      =      1606.1420
 1-4 NB =       478.5909  1-4 EEL =      5762.5848  VDWAALS    =      5059.9790
 EELEC  =    -61355.3588  EHBOND  =         0.0000  RESTRAINT  =         9.8063
 EAMBER (non-restraint)  =    -47037.4645
 EKCMT  =      3961.7976  VIRIAL  =      2798.4528  VOLUME     =    153478.6146
                                                    Density    =         1.0322
 ------------------------------------------------------------------------------

wrapping first mol.:       19.47997       27.54883       47.71597
wrapping first mol.:       19.47997       27.54883       47.71597

 NSTEP =    34500   TIME(PS) =    5069.000  TEMP(K) =   296.98  PRESS =   118.2
 Etot   =    -37431.3507  EKtot   =      9460.6055  EPtot      =    -46891.9561
 BOND   =       385.2438  ANGLE   =       996.6306  DIHED      =      1632.8020
 1-4 NB =       473.0617  1-4 EEL =      5701.2696  VDWAALS    =      5192.2363
 EELEC  =    -61283.3347  EHBOND  =         0.0000  RESTRAINT  =        10.1345
 EAMBER (non-restraint)  =    -46902.0906
 EKCMT  =      3957.9410  VIRIAL  =      3565.8206  VOLUME     =    153639.1212
                                                    Density    =         1.0311
 ------------------------------------------------------------------------------

wrapping first mol.:       19.47856       27.54685       47.71254
wrapping first mol.:       19.47856       27.54685       47.71254

 NSTEP =    35000   TIME(PS) =    5070.000  TEMP(K) =   296.33  PRESS =   -52.8
 Etot   =    -37315.7309  EKtot   =      9439.7012  EPtot      =    -46755.4320
 BOND   =       410.7202  ANGLE   =      1072.8862  DIHED      =      1661.1356
 1-4 NB =       457.0589  1-4 EEL =      5722.2937  VDWAALS    =      5028.5400
 EELEC  =    -61117.7326  EHBOND  =         0.0000  RESTRAINT  =         9.6660
 EAMBER (non-restraint)  =    -46765.0980
 EKCMT  =      3945.1283  VIRIAL  =      4120.2431  VOLUME     =    153608.2550
                                                    Density    =         1.0313
 ------------------------------------------------------------------------------

wrapping first mol.:       19.47943       27.54808       47.71466
wrapping first mol.:       19.47943       27.54808       47.71466

 NSTEP =    35500   TIME(PS) =    5071.000  TEMP(K) =   300.17  PRESS =   241.0
 Etot   =    -37409.8629  EKtot   =      9562.2383  EPtot      =    -46972.1012
 BOND   =       387.0927  ANGLE   =      1056.9696  DIHED      =      1642.1571
 1-4 NB =       458.9510  1-4 EEL =      5749.7550  VDWAALS    =      5280.0516
 EELEC  =    -61554.6098  EHBOND  =         0.0000  RESTRAINT  =         7.5316
 EAMBER (non-restraint)  =    -46979.6328
 EKCMT  =      4006.9726  VIRIAL  =      3207.7043  VOLUME     =    153624.7712
                                                    Density    =         1.0312
 ------------------------------------------------------------------------------

wrapping first mol.:       19.47618       27.54347       47.70669
wrapping first mol.:       19.47618       27.54347       47.70669

 NSTEP =    36000   TIME(PS) =    5072.000  TEMP(K) =   302.33  PRESS =    91.7
 Etot   =    -37134.7822  EKtot   =      9631.0137  EPtot      =    -46765.7958
 BOND   =       379.8189  ANGLE   =      1043.3519  DIHED      =      1641.2576
 1-4 NB =       473.5855  1-4 EEL =      5705.3681  VDWAALS    =      4955.8938
 EELEC  =    -60973.9131  EHBOND  =         0.0000  RESTRAINT  =         8.8413
 EAMBER (non-restraint)  =    -46774.6372
 EKCMT  =      4040.5451  VIRIAL  =      3736.4917  VOLUME     =    153549.8134
                                                    Density    =         1.0317
 ------------------------------------------------------------------------------

wrapping first mol.:       19.49739       27.57347       47.75864
wrapping first mol.:       19.49739       27.57347       47.75864

 NSTEP =    36500   TIME(PS) =    5073.000  TEMP(K) =   298.82  PRESS =  -161.3
 Etot   =    -37471.7693  EKtot   =      9519.2480  EPtot      =    -46991.0174
 BOND   =       401.0220  ANGLE   =      1037.9221  DIHED      =      1604.9473
 1-4 NB =       464.2358  1-4 EEL =      5715.5836  VDWAALS    =      5114.1136
 EELEC  =    -61337.1786  EHBOND  =         0.0000  RESTRAINT  =         8.3367
 EAMBER (non-restraint)  =    -46999.3541
 EKCMT  =      4042.5113  VIRIAL  =      4579.0400  VOLUME     =    154055.4633
                                                    Density    =         1.0283
 ------------------------------------------------------------------------------

wrapping first mol.:       19.48749       27.55948       47.73441
wrapping first mol.:       19.48749       27.55948       47.73441

 NSTEP =    37000   TIME(PS) =    5074.000  TEMP(K) =   301.61  PRESS =  -136.6
 Etot   =    -37325.9337  EKtot   =      9607.9971  EPtot      =    -46933.9308
 BOND   =       421.9810  ANGLE   =      1027.0695  DIHED      =      1625.1666
 1-4 NB =       457.0654  1-4 EEL =      5691.3749  VDWAALS    =      5256.2121
 EELEC  =    -61421.0395  EHBOND  =         0.0000  RESTRAINT  =         8.2392
 EAMBER (non-restraint)  =    -46942.1699
 EKCMT  =      4011.2246  VIRIAL  =      4464.7714  VOLUME     =    153820.7984
                                                    Density    =         1.0299
 ------------------------------------------------------------------------------

wrapping first mol.:       19.49364       27.56817       47.74947
wrapping first mol.:       19.49364       27.56817       47.74947

 NSTEP =    37500   TIME(PS) =    5075.000  TEMP(K) =   300.14  PRESS =   113.1
 Etot   =    -37337.8428  EKtot   =      9561.1064  EPtot      =    -46898.9492
 BOND   =       385.9784  ANGLE   =       992.8303  DIHED      =      1651.3742
 1-4 NB =       459.0075  1-4 EEL =      5754.5571  VDWAALS    =      5167.1666
 EELEC  =    -61317.7175  EHBOND  =         0.0000  RESTRAINT  =         7.8541
 EAMBER (non-restraint)  =    -46906.8033
 EKCMT  =      4032.3955  VIRIAL  =      3656.5806  VOLUME     =    153962.9548
                                                    Density    =         1.0289
 ------------------------------------------------------------------------------

wrapping first mol.:       19.48201       27.55172       47.72097
wrapping first mol.:       19.48201       27.55172       47.72097

 NSTEP =    38000   TIME(PS) =    5076.000  TEMP(K) =   300.49  PRESS =  -348.7
 Etot   =    -37467.4575  EKtot   =      9572.2070  EPtot      =    -47039.6646
 BOND   =       385.4135  ANGLE   =      1015.9930  DIHED      =      1637.5226
 1-4 NB =       478.8539  1-4 EEL =      5770.3170  VDWAALS    =      4996.4474
 EELEC  =    -61331.9292  EHBOND  =         0.0000  RESTRAINT  =         7.7172
 EAMBER (non-restraint)  =    -47047.3817
 EKCMT  =      4027.6286  VIRIAL  =      5184.8800  VOLUME     =    153693.7824
                                                    Density    =         1.0307
 ------------------------------------------------------------------------------

wrapping first mol.:       19.44748       27.50289       47.63640
wrapping first mol.:       19.44748       27.50289       47.63640

 NSTEP =    38500   TIME(PS) =    5077.000  TEMP(K) =   299.85  PRESS =  -219.0
 Etot   =    -37494.9403  EKtot   =      9551.9277  EPtot      =    -47046.8681
 BOND   =       386.7580  ANGLE   =      1029.5854  DIHED      =      1629.9684
 1-4 NB =       477.9280  1-4 EEL =      5766.3566  VDWAALS    =      5013.5904
 EELEC  =    -61359.4412  EHBOND  =         0.0000  RESTRAINT  =         8.3863
 EAMBER (non-restraint)  =    -47055.2544
 EKCMT  =      4004.9140  VIRIAL  =      4727.9194  VOLUME     =    152876.3441
                                                    Density    =         1.0362
 ------------------------------------------------------------------------------

wrapping first mol.:       19.45195       27.50921       47.64735
wrapping first mol.:       19.45195       27.50921       47.64735

 NSTEP =    39000   TIME(PS) =    5078.000  TEMP(K) =   303.91  PRESS =  -328.1
 Etot   =    -37190.1843  EKtot   =      9681.1348  EPtot      =    -46871.3190
 BOND   =       416.3088  ANGLE   =      1054.6773  DIHED      =      1638.6743
 1-4 NB =       464.1160  1-4 EEL =      5728.9561  VDWAALS    =      4989.0541
 EELEC  =    -61171.2504  EHBOND  =         0.0000  RESTRAINT  =         8.1447
 EAMBER (non-restraint)  =    -46879.4637
 EKCMT  =      4048.1054  VIRIAL  =      5131.8104  VOLUME     =    152983.2604
                                                    Density    =         1.0355
 ------------------------------------------------------------------------------

wrapping first mol.:       19.45783       27.51752       47.66174
wrapping first mol.:       19.45783       27.51752       47.66174

 NSTEP =    39500   TIME(PS) =    5079.000  TEMP(K) =   303.00  PRESS =  -169.6
 Etot   =    -37363.9668  EKtot   =      9652.2314  EPtot      =    -47016.1982
 BOND   =       413.6742  ANGLE   =      1040.9074  DIHED      =      1638.8305
 1-4 NB =       449.4929  1-4 EEL =      5774.3671  VDWAALS    =      5076.0853
 EELEC  =    -61419.1321  EHBOND  =         0.0000  RESTRAINT  =         9.5766
 EAMBER (non-restraint)  =    -47025.7748
 EKCMT  =      4073.3944  VIRIAL  =      4633.9934  VOLUME     =    153119.7471
                                                    Density    =         1.0346
 ------------------------------------------------------------------------------

wrapping first mol.:       19.46145       27.52265       47.67062
wrapping first mol.:       19.46145       27.52265       47.67062

 NSTEP =    40000   TIME(PS) =    5080.000  TEMP(K) =   300.41  PRESS =   -78.6
 Etot   =    -37493.9942  EKtot   =      9569.8105  EPtot      =    -47063.8047
 BOND   =       382.7077  ANGLE   =      1017.9911  DIHED      =      1627.2054
 1-4 NB =       448.0478  1-4 EEL =      5757.9423  VDWAALS    =      5073.8643
 EELEC  =    -61383.8488  EHBOND  =         0.0000  RESTRAINT  =        12.2854
 EAMBER (non-restraint)  =    -47076.0901
 EKCMT  =      3981.1983  VIRIAL  =      4241.3385  VOLUME     =    153204.0986
                                                    Density    =         1.0340
 ------------------------------------------------------------------------------

wrapping first mol.:       19.47718       27.54489       47.70915
wrapping first mol.:       19.47718       27.54489       47.70915

 NSTEP =    40500   TIME(PS) =    5081.000  TEMP(K) =   296.66  PRESS =  -401.4
 Etot   =    -37400.5121  EKtot   =      9450.3984  EPtot      =    -46850.9105
 BOND   =       446.0509  ANGLE   =      1030.2098  DIHED      =      1626.3612
 1-4 NB =       464.2144  1-4 EEL =      5734.9205  VDWAALS    =      4989.8321
 EELEC  =    -61153.0643  EHBOND  =         0.0000  RESTRAINT  =        10.5649
 EAMBER (non-restraint)  =    -46861.4754
 EKCMT  =      3893.5935  VIRIAL  =      5224.6943  VOLUME     =    153580.3232
                                                    Density    =         1.0315
 ------------------------------------------------------------------------------

wrapping first mol.:       19.48257       27.55251       47.72235
wrapping first mol.:       19.48257       27.55251       47.72235

 NSTEP =    41000   TIME(PS) =    5082.000  TEMP(K) =   293.20  PRESS =  -155.2
 Etot   =    -37682.3861  EKtot   =      9340.1211  EPtot      =    -47022.5072
 BOND   =       416.2948  ANGLE   =      1010.6612  DIHED      =      1621.7039
 1-4 NB =       478.6803  1-4 EEL =      5731.7945  VDWAALS    =      5145.8577
 EELEC  =    -61437.0027  EHBOND  =         0.0000  RESTRAINT  =         9.5031
 EAMBER (non-restraint)  =    -47032.0103
 EKCMT  =      3902.7646  VIRIAL  =      4417.6633  VOLUME     =    153704.4256
                                                    Density    =         1.0307
 ------------------------------------------------------------------------------

wrapping first mol.:       19.47974       27.54851       47.71541
wrapping first mol.:       19.47974       27.54851       47.71541

 NSTEP =    41500   TIME(PS) =    5083.000  TEMP(K) =   297.87  PRESS =   191.6
 Etot   =    -37440.3583  EKtot   =      9488.9961  EPtot      =    -46929.3544
 BOND   =       380.1876  ANGLE   =      1041.2825  DIHED      =      1618.9745
 1-4 NB =       457.7840  1-4 EEL =      5734.8815  VDWAALS    =      5205.7687
 EELEC  =    -61379.3192  EHBOND  =         0.0000  RESTRAINT  =        11.0860
 EAMBER (non-restraint)  =    -46940.4404
 EKCMT  =      3945.5959  VIRIAL  =      3310.0442  VOLUME     =    153632.6692
                                                    Density    =         1.0311
 ------------------------------------------------------------------------------

wrapping first mol.:       19.46282       27.52458       47.67396
wrapping first mol.:       19.46282       27.52458       47.67396

 NSTEP =    42000   TIME(PS) =    5084.000  TEMP(K) =   296.98  PRESS =   -87.0
 Etot   =    -37314.5810  EKtot   =      9460.5410  EPtot      =    -46775.1220
 BOND   =       396.6005  ANGLE   =      1046.4187  DIHED      =      1607.4865
 1-4 NB =       469.5602  1-4 EEL =      5707.0232  VDWAALS    =      5022.4303
 EELEC  =    -61035.8633  EHBOND  =         0.0000  RESTRAINT  =        11.2217
 EAMBER (non-restraint)  =    -46786.3437
 EKCMT  =      3904.6967  VIRIAL  =      4192.4471  VOLUME     =    153236.4818
                                                    Density    =         1.0338
 ------------------------------------------------------------------------------

wrapping first mol.:       19.48402       27.55456       47.72590
wrapping first mol.:       19.48402       27.55456       47.72590

 NSTEP =    42500   TIME(PS) =    5085.000  TEMP(K) =   297.92  PRESS =     8.1
 Etot   =    -37384.8568  EKtot   =      9490.4805  EPtot      =    -46875.3372
 BOND   =       389.3581  ANGLE   =      1010.4169  DIHED      =      1631.5618
 1-4 NB =       464.0772  1-4 EEL =      5731.0667  VDWAALS    =      5027.7928
 EELEC  =    -61142.4854  EHBOND  =         0.0000  RESTRAINT  =        12.8747
 EAMBER (non-restraint)  =    -46888.2119
 EKCMT  =      3987.3543  VIRIAL  =      3960.4121  VOLUME     =    153736.4924
                                                    Density    =         1.0304
 ------------------------------------------------------------------------------

wrapping first mol.:       19.48076       27.54995       47.71791
wrapping first mol.:       19.48076       27.54995       47.71791

 NSTEP =    43000   TIME(PS) =    5086.000  TEMP(K) =   302.39  PRESS =   226.7
 Etot   =    -37436.3736  EKtot   =      9632.8535  EPtot      =    -47069.2272
 BOND   =       402.2260  ANGLE   =      1068.4914  DIHED      =      1610.8215
 1-4 NB =       465.5481  1-4 EEL =      5717.0339  VDWAALS    =      5190.2240
 EELEC  =    -61534.9239  EHBOND  =         0.0000  RESTRAINT  =        11.3520
 EAMBER (non-restraint)  =    -47080.5791
 EKCMT  =      4017.8783  VIRIAL  =      3265.7970  VOLUME     =    153656.3726
                                                    Density    =         1.0310
 ------------------------------------------------------------------------------

wrapping first mol.:       19.50980       27.59102       47.78904
wrapping first mol.:       19.50980       27.59102       47.78904

 NSTEP =    43500   TIME(PS) =    5087.000  TEMP(K) =   300.42  PRESS =   -28.0
 Etot   =    -37225.7679  EKtot   =      9570.0029  EPtot      =    -46795.7709
 BOND   =       373.0988  ANGLE   =      1041.1304  DIHED      =      1653.1484
 1-4 NB =       475.2313  1-4 EEL =      5729.4990  VDWAALS    =      5088.5959
 EELEC  =    -61169.0310  EHBOND  =         0.0000  RESTRAINT  =        12.5563
 EAMBER (non-restraint)  =    -46808.3272
 EKCMT  =      4019.3924  VIRIAL  =      4112.6963  VOLUME     =    154347.9914
                                                    Density    =         1.0264
 ------------------------------------------------------------------------------

wrapping first mol.:       19.51545       27.59901       47.80288
wrapping first mol.:       19.51545       27.59901       47.80288

 NSTEP =    44000   TIME(PS) =    5088.000  TEMP(K) =   295.51  PRESS =   -65.3
 Etot   =    -37503.9968  EKtot   =      9413.6680  EPtot      =    -46917.6647
 BOND   =       400.6130  ANGLE   =       975.8358  DIHED      =      1647.2511
 1-4 NB =       466.2700  1-4 EEL =      5765.4730  VDWAALS    =      5115.0864
 EELEC  =    -61300.1441  EHBOND  =         0.0000  RESTRAINT  =        11.9500
 EAMBER (non-restraint)  =    -46929.6147
 EKCMT  =      3935.2695  VIRIAL  =      4153.0899  VOLUME     =    154482.6423
                                                    Density    =         1.0255
 ------------------------------------------------------------------------------

wrapping first mol.:       19.48652       27.55810       47.73202
wrapping first mol.:       19.48652       27.55810       47.73202

 NSTEP =    44500   TIME(PS) =    5089.000  TEMP(K) =   299.24  PRESS =  -124.0
 Etot   =    -37221.2787  EKtot   =      9532.3604  EPtot      =    -46753.6390
 BOND   =       395.8520  ANGLE   =      1031.8746  DIHED      =      1623.9292
 1-4 NB =       481.5033  1-4 EEL =      5796.4846  VDWAALS    =      5022.4335
 EELEC  =    -61115.9537  EHBOND  =         0.0000  RESTRAINT  =        10.2376
 EAMBER (non-restraint)  =    -46763.8767
 EKCMT  =      3996.0487  VIRIAL  =      4407.7877  VOLUME     =    153797.5265
                                                    Density    =         1.0300
 ------------------------------------------------------------------------------

wrapping first mol.:       19.48904       27.56166       47.73819
wrapping first mol.:       19.48904       27.56166       47.73819

 NSTEP =    45000   TIME(PS) =    5090.000  TEMP(K) =   298.66  PRESS =  -144.9
 Etot   =    -37454.6265  EKtot   =      9514.1348  EPtot      =    -46968.7613
 BOND   =       389.5504  ANGLE   =       998.3381  DIHED      =      1629.3878
 1-4 NB =       469.4961  1-4 EEL =      5762.4386  VDWAALS    =      5233.6760
 EELEC  =    -61461.7842  EHBOND  =         0.0000  RESTRAINT  =        10.1361
 EAMBER (non-restraint)  =    -46978.8973
 EKCMT  =      3963.5001  VIRIAL  =      4444.8379  VOLUME     =    153857.4437
                                                    Density    =         1.0296
 ------------------------------------------------------------------------------

wrapping first mol.:       19.45443       27.51272       47.65342
wrapping first mol.:       19.45443       27.51272       47.65342

 NSTEP =    45500   TIME(PS) =    5091.000  TEMP(K) =   301.08  PRESS =   -18.2
 Etot   =    -37439.5715  EKtot   =      9591.1738  EPtot      =    -47030.7453
 BOND   =       401.2348  ANGLE   =      1039.5303  DIHED      =      1600.3598
 1-4 NB =       477.8437  1-4 EEL =      5780.0483  VDWAALS    =      5125.0542
 EELEC  =    -61464.7596  EHBOND  =         0.0000  RESTRAINT  =         9.9432
 EAMBER (non-restraint)  =    -47040.6885
 EKCMT  =      4022.7229  VIRIAL  =      4082.9289  VOLUME     =    153037.5472
                                                    Density    =         1.0351
 ------------------------------------------------------------------------------

wrapping first mol.:       19.47504       27.54187       47.70391
wrapping first mol.:       19.47504       27.54187       47.70391

 NSTEP =    46000   TIME(PS) =    5092.000  TEMP(K) =   299.77  PRESS =  -126.5
 Etot   =    -37360.5239  EKtot   =      9549.3730  EPtot      =    -46909.8969
 BOND   =       416.3180  ANGLE   =      1006.1000  DIHED      =      1611.2140
 1-4 NB =       449.3023  1-4 EEL =      5708.1027  VDWAALS    =      4925.6582
 EELEC  =    -61035.4427  EHBOND  =         0.0000  RESTRAINT  =         8.8505
 EAMBER (non-restraint)  =    -46918.7474
 EKCMT  =      3989.1987  VIRIAL  =      4408.5598  VOLUME     =    153526.0048
                                                    Density    =         1.0318
 ------------------------------------------------------------------------------

wrapping first mol.:       19.48918       27.56186       47.73854
wrapping first mol.:       19.48918       27.56186       47.73854

 NSTEP =    46500   TIME(PS) =    5093.000  TEMP(K) =   301.06  PRESS =   284.3
 Etot   =    -37169.1700  EKtot   =      9590.3496  EPtot      =    -46759.5196
 BOND   =       387.6613  ANGLE   =      1016.3762  DIHED      =      1625.2348
 1-4 NB =       476.1782  1-4 EEL =      5710.7421  VDWAALS    =      5137.3635
 EELEC  =    -61121.8489  EHBOND  =         0.0000  RESTRAINT  =         8.7732
 EAMBER (non-restraint)  =    -46768.2928
 EKCMT  =      4017.7357  VIRIAL  =      3073.2112  VOLUME     =    153854.8869
                                                    Density    =         1.0296
 ------------------------------------------------------------------------------

wrapping first mol.:       19.48753       27.55954       47.73451
wrapping first mol.:       19.48753       27.55954       47.73451

 NSTEP =    47000   TIME(PS) =    5094.000  TEMP(K) =   299.94  PRESS =   106.9
 Etot   =    -37277.1045  EKtot   =      9554.6602  EPtot      =    -46831.7647
 BOND   =       380.6311  ANGLE   =      1033.2248  DIHED      =      1594.2183
 1-4 NB =       462.8716  1-4 EEL =      5723.7922  VDWAALS    =      5121.5440
 EELEC  =    -61155.5125  EHBOND  =         0.0000  RESTRAINT  =         7.4659
 EAMBER (non-restraint)  =    -46839.2306
 EKCMT  =      4017.0343  VIRIAL  =      3662.0936  VOLUME     =    153818.4045
                                                    Density    =         1.0299
 ------------------------------------------------------------------------------

wrapping first mol.:       19.50089       27.57843       47.76723
wrapping first mol.:       19.50089       27.57843       47.76723

 NSTEP =    47500   TIME(PS) =    5095.000  TEMP(K) =   301.89  PRESS =    44.3
 Etot   =    -37238.6109  EKtot   =      9617.0684  EPtot      =    -46855.6793
 BOND   =       406.9688  ANGLE   =       994.5957  DIHED      =      1629.8050
 1-4 NB =       468.9699  1-4 EEL =      5746.1852  VDWAALS    =      5111.2646
 EELEC  =    -61222.5103  EHBOND  =         0.0000  RESTRAINT  =         9.0418
 EAMBER (non-restraint)  =    -46864.7210
 EKCMT  =      4060.4407  VIRIAL  =      3913.0784  VOLUME     =    154135.7943
                                                    Density    =         1.0278
 ------------------------------------------------------------------------------

wrapping first mol.:       19.48402       27.55456       47.72590
wrapping first mol.:       19.48402       27.55456       47.72590

 NSTEP =    48000   TIME(PS) =    5096.000  TEMP(K) =   301.22  PRESS =   127.6
 Etot   =    -37150.8543  EKtot   =      9595.6494  EPtot      =    -46746.5037
 BOND   =       383.9469  ANGLE   =      1062.5314  DIHED      =      1620.2801
 1-4 NB =       468.8118  1-4 EEL =      5748.3753  VDWAALS    =      5129.7144
 EELEC  =    -61167.4915  EHBOND  =         0.0000  RESTRAINT  =         7.3279
 EAMBER (non-restraint)  =    -46753.8316
 EKCMT  =      4015.3156  VIRIAL  =      3591.6899  VOLUME     =    153734.8426
                                                    Density    =         1.0304
 ------------------------------------------------------------------------------

wrapping first mol.:       19.49758       27.57374       47.75912
wrapping first mol.:       19.49758       27.57374       47.75912

 NSTEP =    48500   TIME(PS) =    5097.000  TEMP(K) =   304.13  PRESS =   -81.7
 Etot   =    -37215.5235  EKtot   =      9688.4131  EPtot      =    -46903.9366
 BOND   =       384.5365  ANGLE   =      1040.0520  DIHED      =      1602.7455
 1-4 NB =       462.8751  1-4 EEL =      5748.2464  VDWAALS    =      5053.1313
 EELEC  =    -61204.2286  EHBOND  =         0.0000  RESTRAINT  =         8.7052
 EAMBER (non-restraint)  =    -46912.6418
 EKCMT  =      4096.0633  VIRIAL  =      4367.7498  VOLUME     =    154058.9953
                                                    Density    =         1.0283
 ------------------------------------------------------------------------------

wrapping first mol.:       19.50358       27.58223       47.77382
wrapping first mol.:       19.50358       27.58223       47.77382

 NSTEP =    49000   TIME(PS) =    5098.000  TEMP(K) =   303.77  PRESS =  -328.0
 Etot   =    -37155.2760  EKtot   =      9676.9160  EPtot      =    -46832.1920
 BOND   =       390.9966  ANGLE   =      1021.9456  DIHED      =      1629.4939
 1-4 NB =       484.3547  1-4 EEL =      5747.9396  VDWAALS    =      5098.1690
 EELEC  =    -61213.7313  EHBOND  =         0.0000  RESTRAINT  =         8.6400
 EAMBER (non-restraint)  =    -46840.8320
 EKCMT  =      4089.0540  VIRIAL  =      5181.2199  VOLUME     =    154204.7115
                                                    Density    =         1.0273
 ------------------------------------------------------------------------------

wrapping first mol.:       19.51800       27.60262       47.80914
wrapping first mol.:       19.51800       27.60262       47.80914

 NSTEP =    49500   TIME(PS) =    5099.000  TEMP(K) =   301.46  PRESS =  -213.5
 Etot   =    -37123.4728  EKtot   =      9603.0781  EPtot      =    -46726.5510
 BOND   =       407.8369  ANGLE   =      1065.0057  DIHED      =      1625.2330
 1-4 NB =       474.6539  1-4 EEL =      5764.4309  VDWAALS    =      5044.9689
 EELEC  =    -61118.5690  EHBOND  =         0.0000  RESTRAINT  =         9.8887
 EAMBER (non-restraint)  =    -46736.4396
 EKCMT  =      3963.0173  VIRIAL  =      4675.3715  VOLUME     =    154545.4317
                                                    Density    =         1.0250
 ------------------------------------------------------------------------------

wrapping first mol.:       19.48961       27.56247       47.73959
wrapping first mol.:       19.48961       27.56247       47.73959

 NSTEP =    50000   TIME(PS) =    5100.000  TEMP(K) =   298.56  PRESS =  -168.2
 Etot   =    -37458.2133  EKtot   =      9510.6934  EPtot      =    -46968.9067
 BOND   =       387.9207  ANGLE   =      1049.0430  DIHED      =      1611.2595
 1-4 NB =       482.7644  1-4 EEL =      5730.1263  VDWAALS    =      5020.5438
 EELEC  =    -61258.8466  EHBOND  =         0.0000  RESTRAINT  =         8.2822
 EAMBER (non-restraint)  =    -46977.1889
 EKCMT  =      3988.1290  VIRIAL  =      4547.0171  VOLUME     =    153871.3201
                                                    Density    =         1.0295
 ------------------------------------------------------------------------------


      A V E R A G E S   O V E R     100 S T E P S


 NSTEP =    50000   TIME(PS) =    5100.000  TEMP(K) =   299.85  PRESS =    -4.6
 Etot   =    -37360.7085  EKtot   =      9552.0608  EPtot      =    -46912.7693
 BOND   =       399.9975  ANGLE   =      1027.0963  DIHED      =      1623.3496
 1-4 NB =       466.8146  1-4 EEL =      5742.3336  VDWAALS    =      5087.5260
 EELEC  =    -61268.4940  EHBOND  =         0.0000  RESTRAINT  =         8.6071
 EAMBER (non-restraint)  =    -46921.3764
 EKCMT  =      3998.2834  VIRIAL  =      4013.7669  VOLUME     =    153617.1173
                                                    Density    =         1.0312
 ------------------------------------------------------------------------------


      R M S  F L U C T U A T I O N S


 NSTEP =    50000   TIME(PS) =    5100.000  TEMP(K) =     2.54  PRESS =   169.6
 Etot   =       119.5725  EKtot   =        81.0694  EPtot      =        98.4018
 BOND   =        17.1796  ANGLE   =        25.4579  DIHED      =        15.0930
 1-4 NB =         8.4926  1-4 EEL =        25.1363  VDWAALS    =        81.9785
 EELEC  =       141.4894  EHBOND  =         0.0000  RESTRAINT  =         1.6814
 EAMBER (non-restraint)  =        96.7205
 EKCMT  =        55.1670  VIRIAL  =       569.6960  VOLUME     =       338.3658
                                                    Density    =         0.0023
 ------------------------------------------------------------------------------

--------------------------------------------------------------------------------
   5.  TIMINGS
--------------------------------------------------------------------------------

|  NonSetup CPU Time in Major Routines:
|
|     Routine           Sec        %
|     ------------------------------
|     Nonbond          96.90   89.41
|     Bond              0.00    0.00
|     Angle             0.00    0.00
|     Dihedral          0.00    0.00
|     Shake             0.26    0.24
|     RunMD            11.16   10.29
|     Other             0.05    0.05
|     ------------------------------
|     Total           108.38

|  PME Nonbond Pairlist CPU Time:
|
|     Routine              Sec        %
|     ---------------------------------
|     Set Up Cit           0.00    0.00
|     Build List           0.00    0.00
|     ---------------------------------
|     Total                0.00    0.00

|  PME Direct Force CPU Time:
|
|     Routine              Sec        %
|     ---------------------------------
|     NonBonded Calc       0.00    0.00
|     Exclude Masked       0.00    0.00
|     Other                0.04    0.03
|     ---------------------------------
|     Total                0.04    0.03

|  PME Reciprocal Force CPU Time:
|
|     Routine              Sec        %
|     ---------------------------------
|     1D bspline           0.00    0.00
|     Grid Charges         0.00    0.00
|     Scalar Sum           0.00    0.00
|     Gradient Sum         0.00    0.00
|     FFT                  0.00    0.00
|     ---------------------------------
|     Total                0.00    0.00

|  Final Performance Info:
|     -----------------------------------------------------
|     Average timings for last   22000 steps:
|     Elapsed(s) =      47.67 Per Step(ms) =       2.17
|         ns/day =      79.75   seconds/ns =    1083.32
|
|     Average timings for all steps:
|     Elapsed(s) =     108.37 Per Step(ms) =       2.17
|         ns/day =      79.73   seconds/ns =    1083.72
|     -----------------------------------------------------

|  Setup CPU time:            0.42 seconds
|  NonSetup CPU time:       108.38 seconds
|  Total CPU time:          108.80 seconds     0.03 hours

|  Setup wall time:           1    seconds
|  NonSetup wall time:      108    seconds
|  Total wall time:         109    seconds     0.03 hours
