
          -------------------------------------------------------
          Amber 16 PMEMD                              2016
          -------------------------------------------------------

| PMEMD implementation of SANDER, Release 16

| Run on 11/07/2018 at 10:49:59

|   Executable path: pmemd.cuda
| Working directory: /home/german/lbp/run/1ifb/mhe/e
|          Hostname: Unknown
  [-O]verwriting output

File Assignments:
|   MDIN: 8equ.in                                                               
|  MDOUT: 8equ.out                                                              
| INPCRD: 7e1ifb.rst7                                                           
|   PARM: /home/german/lbp/top_files/1ifb.prmtop                                
| RESTRT: 8e1ifb.rst7                                                           
|   REFC: 7e1ifb.rst7                                                           
|  MDVEL: mdvel                                                                 
|   MDEN: mden                                                                  
|  MDCRD: 8e1ifb.nc                                                             
| MDINFO: mdinfo                                                                
|  MDFRC: mdfrc                                                                 


 Here is the input file:

Equilibration with solute restrictions                                         
&cntrl                                                                         
imin = 0,                           ! No Minimization                          
nmropt = 0,                         ! No NMR restraints read                   
                                                                               
! Nature and format of the input                                               
ntx = 5,                            ! Coordinates but no velocities will be rea
irest = 1,                          ! Do not run a new simulation              
                                                                               
! Nature and format of the output                                              
ntxo = 1,                           ! rstrt file in ASCII format               
ntpr = 500,                         ! inf in output every ntpr steps           
ntwr = 500,                         ! rstrt file every ntwr steps              
ntwx = 500,                         ! mdcrd file every ntwx steps              
ntwv = 0,                           ! mdvel without velocities                 
ntwe = 0,                           ! Do not write energies and temperatures   
idecomp = 0,                        ! No energy decomposition                  
iwrap = 1,                          ! Coordinates of the restart and mdcrd file
                                                                               
! Frozen or restrained atoms                                                   
ibelly = 0,                         ! No frozen atoms                          
ntr=1,                              ! Harmonic potential restraints            
restraint_wt = 8.0,                ! The weight for the positional restraints  
restraintmask = ':1-131@N,CA,C,O',  ! restrained residues                      
                                                                               
! Molecular dynamics                                                           
nstlim = 50000,                     ! Number of MD-steps                       
dt = 0.002,                         ! Time step                                
                                                                               
! Temperature regulation                                                       
ntt = 3,                            ! Langevin thermostat                      
gamma_ln = 5,                       ! Gamma constant for Langevin              
temp0 = 300.0,                      ! Reference T at which the system is to be 
tempi = 300.0,                      ! Initial T                                
ig = -1,                            ! Seed for the RNG                         
                                                                               
! P and V regulation                                                           
ntp = 1,                            ! constant P                               
barostat = 1,                       ! Berendsen barostat                       
taup = 1,                           ! Pressure relaxation time                 
ntb = 2,                            ! Periodic box for constant P              
                                                                               
! SHAKE variables                                                              
ntc = 2,                            ! Bonds involving H are constrained        
ntf = 2,                            ! Bond interaction involving H are ommited.
                                                                               
cut = 10.0,                         ! Nonbonded cutoff                         
/                                                                              
&end                                                                           


Note: ig = -1. Setting random seed to   307187 based on wallclock time in 
      microseconds.
 
|--------------------- INFORMATION ----------------------
| GPU (CUDA) Version of PMEMD in use: NVIDIA GPU IN USE.
|                    Version 16.0.0
| 
|                      02/25/2016
| 
| Implementation by:
|                    Ross C. Walker     (SDSC)
|                    Scott Le Grand     (nVIDIA)
| 
| Precision model in use:
|      [SPFP] - Single Precision Forces, 64-bit Fixed Point
|               Accumulation. (Default)
| 
|--------------------------------------------------------
 
|----------------- CITATION INFORMATION -----------------
|
|    When publishing work that utilized the CUDA version
|    of AMBER, please cite the following in addition to
|    the regular AMBER citations:
|
|  - Romelia Salomon-Ferrer; Andreas W. Goetz; Duncan
|    Poole; Scott Le Grand; Ross C. Walker "Routine
|    microsecond molecular dynamics simulations with
|    AMBER - Part II: Particle Mesh Ewald", J. Chem.
|    Theory Comput., 2013, 9 (9), pp3878-3888,
|    DOI: 10.1021/ct400314y.
|
|  - Andreas W. Goetz; Mark J. Williamson; Dong Xu;
|    Duncan Poole; Scott Le Grand; Ross C. Walker
|    "Routine microsecond molecular dynamics simulations
|    with AMBER - Part I: Generalized Born", J. Chem.
|    Theory Comput., 2012, 8 (5), pp1542-1555.
|
|  - Scott Le Grand; Andreas W. Goetz; Ross C. Walker
|    "SPFP: Speed without compromise - a mixed precision
|    model for GPU accelerated molecular dynamics
|    simulations.", Comp. Phys. Comm., 2013, 184
|    pp374-380, DOI: 10.1016/j.cpc.2012.09.022
|
|--------------------------------------------------------
 
|------------------- GPU DEVICE INFO --------------------
|
|            CUDA_VISIBLE_DEVICES: 0
|   CUDA Capable Devices Detected:      1
|           CUDA Device ID in use:      0
|                CUDA Device Name: GeForce GTX 1060 6GB
|     CUDA Device Global Mem Size:   6072 MB
| CUDA Device Num Multiprocessors:     10
|           CUDA Device Core Freq:   1.76 GHz
|
|--------------------------------------------------------
 
 
| Conditional Compilation Defines Used:
| PUBFFT
| BINTRAJ
| CUDA
| EMIL

| Largest sphere to fit in unit cell has radius =    23.867

| New format PARM file being parsed.
| Version =    1.000 Date = 11/06/18 Time = 18:32:20

| Note: 1-4 EEL scale factors are being read from the topology file.

| Note: 1-4 VDW scale factors are being read from the topology file.
| Duplicated    0 dihedrals

| Duplicated    0 dihedrals

--------------------------------------------------------------------------------
   1.  RESOURCE   USE: 
--------------------------------------------------------------------------------

 getting new box info from bottom of inpcrd
 NATOM  =   15502 NTYPES =      16 NBONH =   14445 MBONA  =    1073
 NTHETH =    2406 MTHETA =    1438 NPHIH =    4850 MPHIA  =    4505
 NHPARM =       0 NPARM  =       0 NNB   =   29483 NRES   =    4594
 NBONA  =    1073 NTHETA =    1438 NPHIA =    4505 NUMBND =      63
 NUMANG =     141 NPTRA  =     178 NATYP =      33 NPHB   =       1
 IFBOX  =       2 NMXRS  =      24 IFCAP =       0 NEXTRA =       0
 NCOPY  =       0

| Coordinate Index Table dimensions:     9    9    9
| Direct force subcell size =     6.4957    6.4957    6.4957

     BOX TYPE: TRUNCATED OCTAHEDRON

--------------------------------------------------------------------------------
   2.  CONTROL  DATA  FOR  THE  RUN
--------------------------------------------------------------------------------

default_name                                                                    

General flags:
     imin    =       0, nmropt  =       0

Nature and format of input:
     ntx     =       5, irest   =       1, ntrx    =       1

Nature and format of output:
     ntxo    =       1, ntpr    =     500, ntrx    =       1, ntwr    =     500
     iwrap   =       1, ntwx    =     500, ntwv    =       0, ntwe    =       0
     ioutfm  =       1, ntwprt  =       0, idecomp =       0, rbornstat=      0

Potential function:
     ntf     =       2, ntb     =       2, igb     =       0, nsnb    =      25
     ipol    =       0, gbsa    =       0, iesp    =       0
     dielc   =   1.00000, cut     =  10.00000, intdiel =   1.00000

Frozen or restrained atoms:
     ibelly  =       0, ntr     =       1
     restraint_wt =   8.00000

Molecular dynamics:
     nstlim  =     50000, nscm    =         0, nrespa  =         1
     t       =   0.00000, dt      =   0.00200, vlimit  =  -1.00000

Langevin dynamics temperature regulation:
     ig      =  307187
     temp0   = 300.00000, tempi   = 300.00000, gamma_ln=   5.00000

Pressure regulation:
     ntp     =       1
     pres0   =   1.00000, comp    =  44.60000, taup    =   1.00000

SHAKE:
     ntc     =       2, jfastw  =       0
     tol     =   0.00001

| Intermolecular bonds treatment:
|     no_intermolecular_bonds =       1

| Energy averages sample interval:
|     ene_avg_sampling =     500

Ewald parameters:
     verbose =       0, ew_type =       0, nbflag  =       1, use_pme =       1
     vdwmeth =       1, eedmeth =       1, netfrc  =       1
     Box X =   58.461   Box Y =   58.461   Box Z =   58.461
     Alpha =  109.471   Beta  =  109.471   Gamma =  109.471
     NFFT1 =   64       NFFT2 =   64       NFFT3 =   64
     Cutoff=   10.000   Tol   =0.100E-04
     Ewald Coefficient =  0.27511
     Interpolation order =    4

    LOADING THE CONSTRAINED ATOMS AS GROUPS


   5.  REFERENCE ATOM COORDINATES

  default_name                                                                    
     Mask :1-131@N,CA,C,O; matches   524 atoms

--------------------------------------------------------------------------------
   3.  ATOMIC COORDINATES AND VELOCITIES
--------------------------------------------------------------------------------

default_name                                                                    
 begin time read from input coords =  1100.000 ps

 
 Number of triangulated 3-point waters found:     4463

     Sum of charges from parm topology file =  -0.00000004
     Forcing neutrality...

| Dynamic Memory, Types Used:
| Reals              802718
| Integers           588273

| Nonbonded Pairs Initial Allocation:     4688967

| GPU memory information (estimate):
| KB of GPU memory in use:    126899
| KB of CPU memory in use:     25907

--------------------------------------------------------------------------------
   4.  RESULTS
--------------------------------------------------------------------------------

 ---------------------------------------------------
 APPROXIMATING switch and d/dx switch using CUBIC SPLINE INTERPOLATION
 using   5000.0 points per unit in tabled values
 TESTING RELATIVE ERROR over r ranging from 0.0 to cutoff
| CHECK switch(x): max rel err =   0.2738E-14   at   2.422500
| CHECK d/dx switch(x): max rel err =   0.8314E-11   at   2.736960
 ---------------------------------------------------
|---------------------------------------------------
| APPROXIMATING direct energy using CUBIC SPLINE INTERPOLATION
|  with   50.0 points per unit in tabled values
| Relative Error Limit not exceeded for r .gt.   2.33
| APPROXIMATING direct force using CUBIC SPLINE INTERPOLATION
|  with   50.0 points per unit in tabled values
| Relative Error Limit not exceeded for r .gt.   2.80
|---------------------------------------------------
wrapping first mol.:       19.48834       27.56068       47.73649
wrapping first mol.:       19.48834       27.56068       47.73649

 NSTEP =      500   TIME(PS) =    1101.000  TEMP(K) =   298.49  PRESS =   -77.0
 Etot   =    -37204.0904  EKtot   =      9508.4854  EPtot      =    -46712.5758
 BOND   =       418.6235  ANGLE   =      1034.6480  DIHED      =      1653.3701
 1-4 NB =       466.1557  1-4 EEL =      5728.5328  VDWAALS    =      5083.6698
 EELEC  =    -61213.8760  EHBOND  =         0.0000  RESTRAINT  =       116.3003
 EAMBER (non-restraint)  =    -46828.8761
 EKCMT  =      3962.3386  VIRIAL  =      4218.0940  VOLUME     =    153840.0556
                                                    Density    =         1.0297
 ------------------------------------------------------------------------------

wrapping first mol.:       19.50676       27.58672       47.78160
wrapping first mol.:       19.50676       27.58672       47.78160

 NSTEP =     1000   TIME(PS) =    1102.000  TEMP(K) =   297.79  PRESS =   130.7
 Etot   =    -37171.1157  EKtot   =      9486.1523  EPtot      =    -46657.2680
 BOND   =       413.5403  ANGLE   =      1006.3542  DIHED      =      1646.2046
 1-4 NB =       475.1347  1-4 EEL =      5764.3363  VDWAALS    =      5193.0694
 EELEC  =    -61279.2266  EHBOND  =         0.0000  RESTRAINT  =       123.3193
 EAMBER (non-restraint)  =    -46780.5873
 EKCMT  =      4029.4471  VIRIAL  =      3593.9388  VOLUME     =    154273.7622
                                                    Density    =         1.0268
 ------------------------------------------------------------------------------

wrapping first mol.:       19.51469       27.59793       47.80102
wrapping first mol.:       19.51469       27.59793       47.80102

 NSTEP =     1500   TIME(PS) =    1103.000  TEMP(K) =   303.57  PRESS =   -58.4
 Etot   =    -37081.6583  EKtot   =      9670.3994  EPtot      =    -46752.0577
 BOND   =       368.6887  ANGLE   =       954.9695  DIHED      =      1643.4973
 1-4 NB =       470.4603  1-4 EEL =      5802.5610  VDWAALS    =      5007.1289
 EELEC  =    -61120.0500  EHBOND  =         0.0000  RESTRAINT  =       120.6865
 EAMBER (non-restraint)  =    -46872.7441
 EKCMT  =      4043.1829  VIRIAL  =      4237.8711  VOLUME     =    154464.4860
                                                    Density    =         1.0256
 ------------------------------------------------------------------------------

wrapping first mol.:       19.48675       27.55843       47.73259
wrapping first mol.:       19.48675       27.55843       47.73259

 NSTEP =     2000   TIME(PS) =    1104.000  TEMP(K) =   301.69  PRESS =   446.0
 Etot   =    -37187.4327  EKtot   =      9610.6660  EPtot      =    -46798.0987
 BOND   =       417.7983  ANGLE   =      1009.4524  DIHED      =      1634.1625
 1-4 NB =       464.5956  1-4 EEL =      5767.3593  VDWAALS    =      5318.6879
 EELEC  =    -61537.6693  EHBOND  =         0.0000  RESTRAINT  =       127.5145
 EAMBER (non-restraint)  =    -46925.6132
 EKCMT  =      4012.4869  VIRIAL  =      2531.6269  VOLUME     =    153795.2160
                                                    Density    =         1.0300
 ------------------------------------------------------------------------------

wrapping first mol.:       19.47305       27.53905       47.69904
wrapping first mol.:       19.47305       27.53905       47.69904

 NSTEP =     2500   TIME(PS) =    1105.000  TEMP(K) =   299.42  PRESS =  -122.2
 Etot   =    -37147.6292  EKtot   =      9538.1924  EPtot      =    -46685.8216
 BOND   =       390.2799  ANGLE   =      1018.4626  DIHED      =      1645.3886
 1-4 NB =       460.5483  1-4 EEL =      5767.2868  VDWAALS    =      5047.0417
 EELEC  =    -61143.7472  EHBOND  =         0.0000  RESTRAINT  =       128.9177
 EAMBER (non-restraint)  =    -46814.7393
 EKCMT  =      4033.7342  VIRIAL  =      4438.6560  VOLUME     =    153478.8718
                                                    Density    =         1.0322
 ------------------------------------------------------------------------------

wrapping first mol.:       19.47888       27.54730       47.71331
wrapping first mol.:       19.47888       27.54730       47.71331

 NSTEP =     3000   TIME(PS) =    1106.000  TEMP(K) =   298.64  PRESS =   -64.4
 Etot   =    -37360.0337  EKtot   =      9513.2900  EPtot      =    -46873.3238
 BOND   =       430.9175  ANGLE   =      1017.3062  DIHED      =      1656.2437
 1-4 NB =       457.1679  1-4 EEL =      5766.0350  VDWAALS    =      5247.6899
 EELEC  =    -61572.5968  EHBOND  =         0.0000  RESTRAINT  =       123.9128
 EAMBER (non-restraint)  =    -46997.2365
 EKCMT  =      3950.6724  VIRIAL  =      4164.1405  VOLUME     =    153615.9279
                                                    Density    =         1.0312
 ------------------------------------------------------------------------------

wrapping first mol.:       19.48526       27.55632       47.72895
wrapping first mol.:       19.48526       27.55632       47.72895

 NSTEP =     3500   TIME(PS) =    1107.000  TEMP(K) =   298.15  PRESS =   230.4
 Etot   =    -37313.8409  EKtot   =      9497.6914  EPtot      =    -46811.5324
 BOND   =       418.5864  ANGLE   =      1026.2582  DIHED      =      1668.2896
 1-4 NB =       462.2417  1-4 EEL =      5740.3071  VDWAALS    =      5293.3638
 EELEC  =    -61541.4339  EHBOND  =         0.0000  RESTRAINT  =       120.8547
 EAMBER (non-restraint)  =    -46932.3871
 EKCMT  =      3924.4136  VIRIAL  =      3159.5339  VOLUME     =    153762.9493
                                                    Density    =         1.0303
 ------------------------------------------------------------------------------

wrapping first mol.:       19.48652       27.55811       47.73204
wrapping first mol.:       19.48652       27.55811       47.73204

 NSTEP =     4000   TIME(PS) =    1108.000  TEMP(K) =   296.01  PRESS =    75.7
 Etot   =    -37261.0612  EKtot   =      9429.6465  EPtot      =    -46690.7077
 BOND   =       379.4240  ANGLE   =      1008.8299  DIHED      =      1657.2638
 1-4 NB =       472.2432  1-4 EEL =      5773.0000  VDWAALS    =      5093.1427
 EELEC  =    -61198.4793  EHBOND  =         0.0000  RESTRAINT  =       123.8681
 EAMBER (non-restraint)  =    -46814.5758
 EKCMT  =      3914.5363  VIRIAL  =      3663.0135  VOLUME     =    153794.9070
                                                    Density    =         1.0300
 ------------------------------------------------------------------------------

wrapping first mol.:       19.48525       27.55631       47.72892
wrapping first mol.:       19.48525       27.55631       47.72892

 NSTEP =     4500   TIME(PS) =    1109.000  TEMP(K) =   298.51  PRESS =   193.1
 Etot   =    -37253.0938  EKtot   =      9509.3076  EPtot      =    -46762.4014
 BOND   =       395.5318  ANGLE   =       995.1162  DIHED      =      1667.2421
 1-4 NB =       466.8444  1-4 EEL =      5767.4205  VDWAALS    =      5296.9228
 EELEC  =    -61478.7927  EHBOND  =         0.0000  RESTRAINT  =       127.3134
 EAMBER (non-restraint)  =    -46889.7148
 EKCMT  =      3954.3378  VIRIAL  =      3313.2677  VOLUME     =    153763.2064
                                                    Density    =         1.0303
 ------------------------------------------------------------------------------

wrapping first mol.:       19.50846       27.58912       47.78576
wrapping first mol.:       19.50846       27.58912       47.78576

 NSTEP =     5000   TIME(PS) =    1110.000  TEMP(K) =   300.29  PRESS =    70.8
 Etot   =    -37111.5450  EKtot   =      9566.0361  EPtot      =    -46677.5811
 BOND   =       356.7635  ANGLE   =      1039.5522  DIHED      =      1655.8954
 1-4 NB =       467.2511  1-4 EEL =      5796.4915  VDWAALS    =      5069.6147
 EELEC  =    -61184.1802  EHBOND  =         0.0000  RESTRAINT  =       121.0308
 EAMBER (non-restraint)  =    -46798.6119
 EKCMT  =      4032.2896  VIRIAL  =      3796.4528  VOLUME     =    154314.8354
                                                    Density    =         1.0266
 ------------------------------------------------------------------------------

wrapping first mol.:       19.49950       27.57646       47.76382
wrapping first mol.:       19.49950       27.57646       47.76382

 NSTEP =     5500   TIME(PS) =    1111.000  TEMP(K) =   297.81  PRESS =    49.5
 Etot   =    -37456.0625  EKtot   =      9486.7920  EPtot      =    -46942.8545
 BOND   =       378.7139  ANGLE   =       987.0323  DIHED      =      1649.6786
 1-4 NB =       479.6113  1-4 EEL =      5791.6882  VDWAALS    =      5044.5099
 EELEC  =    -61395.0975  EHBOND  =         0.0000  RESTRAINT  =       121.0088
 EAMBER (non-restraint)  =    -47063.8634
 EKCMT  =      4007.9027  VIRIAL  =      3843.1734  VOLUME     =    154102.7254
                                                    Density    =         1.0280
 ------------------------------------------------------------------------------

wrapping first mol.:       19.49503       27.57014       47.75288
wrapping first mol.:       19.49503       27.57014       47.75288

 NSTEP =     6000   TIME(PS) =    1112.000  TEMP(K) =   302.43  PRESS =   -44.1
 Etot   =    -37292.0255  EKtot   =      9634.2041  EPtot      =    -46926.2296
 BOND   =       413.6802  ANGLE   =       994.5253  DIHED      =      1651.1132
 1-4 NB =       463.2451  1-4 EEL =      5724.3263  VDWAALS    =      5099.0307
 EELEC  =    -61390.2601  EHBOND  =         0.0000  RESTRAINT  =       118.1098
 EAMBER (non-restraint)  =    -47044.3394
 EKCMT  =      3977.8393  VIRIAL  =      4124.6138  VOLUME     =    153998.1470
                                                    Density    =         1.0287
 ------------------------------------------------------------------------------

wrapping first mol.:       19.48615       27.55757       47.73111
wrapping first mol.:       19.48615       27.55757       47.73111

 NSTEP =     6500   TIME(PS) =    1113.000  TEMP(K) =   293.82  PRESS =  -245.5
 Etot   =    -37458.2617  EKtot   =      9359.8750  EPtot      =    -46818.1367
 BOND   =       367.5279  ANGLE   =      1032.9648  DIHED      =      1631.5361
 1-4 NB =       472.3073  1-4 EEL =      5755.4034  VDWAALS    =      5107.0149
 EELEC  =    -61314.6046  EHBOND  =         0.0000  RESTRAINT  =       129.7135
 EAMBER (non-restraint)  =    -46947.8502
 EKCMT  =      3894.3493  VIRIAL  =      4709.4581  VOLUME     =    153790.3342
                                                    Density    =         1.0301
 ------------------------------------------------------------------------------

wrapping first mol.:       19.49472       27.56970       47.75212
wrapping first mol.:       19.49472       27.56970       47.75212

 NSTEP =     7000   TIME(PS) =    1114.000  TEMP(K) =   299.40  PRESS =   -87.7
 Etot   =    -37251.3039  EKtot   =      9537.5234  EPtot      =    -46788.8273
 BOND   =       392.8331  ANGLE   =      1008.3892  DIHED      =      1647.7136
 1-4 NB =       462.1683  1-4 EEL =      5782.4019  VDWAALS    =      5106.7597
 EELEC  =    -61308.3139  EHBOND  =         0.0000  RESTRAINT  =       119.2207
 EAMBER (non-restraint)  =    -46908.0480
 EKCMT  =      3983.8347  VIRIAL  =      4275.4375  VOLUME     =    153991.3975
                                                    Density    =         1.0287
 ------------------------------------------------------------------------------

wrapping first mol.:       19.50614       27.58584       47.78007
wrapping first mol.:       19.50614       27.58584       47.78007

 NSTEP =     7500   TIME(PS) =    1115.000  TEMP(K) =   298.90  PRESS =  -195.9
 Etot   =    -37204.8528  EKtot   =      9521.7764  EPtot      =    -46726.6292
 BOND   =       381.4921  ANGLE   =      1036.5620  DIHED      =      1645.7917
 1-4 NB =       474.4329  1-4 EEL =      5783.7780  VDWAALS    =      5074.3527
 EELEC  =    -61244.8751  EHBOND  =         0.0000  RESTRAINT  =       121.8365
 EAMBER (non-restraint)  =    -46848.4656
 EKCMT  =      3941.9152  VIRIAL  =      4594.2927  VOLUME     =    154263.4350
                                                    Density    =         1.0269
 ------------------------------------------------------------------------------

wrapping first mol.:       19.50451       27.58355       47.77610
wrapping first mol.:       19.50451       27.58355       47.77610

 NSTEP =     8000   TIME(PS) =    1116.000  TEMP(K) =   297.68  PRESS =   140.3
 Etot   =    -37140.3227  EKtot   =      9482.6807  EPtot      =    -46623.0033
 BOND   =       391.1060  ANGLE   =      1032.8895  DIHED      =      1645.3573
 1-4 NB =       471.9010  1-4 EEL =      5794.9788  VDWAALS    =      5059.2832
 EELEC  =    -61139.4483  EHBOND  =         0.0000  RESTRAINT  =       120.9292
 EAMBER (non-restraint)  =    -46743.9325
 EKCMT  =      4065.1921  VIRIAL  =      3598.1319  VOLUME     =    154220.3603
                                                    Density    =         1.0272
 ------------------------------------------------------------------------------

wrapping first mol.:       19.49375       27.56833       47.74974
wrapping first mol.:       19.49375       27.56833       47.74974

 NSTEP =     8500   TIME(PS) =    1117.000  TEMP(K) =   302.85  PRESS =   -65.5
 Etot   =    -37222.9585  EKtot   =      9647.5576  EPtot      =    -46870.5161
 BOND   =       367.7171  ANGLE   =      1038.0013  DIHED      =      1638.1737
 1-4 NB =       472.4282  1-4 EEL =      5767.8371  VDWAALS    =      5074.3286
 EELEC  =    -61357.5659  EHBOND  =         0.0000  RESTRAINT  =       128.5639
 EAMBER (non-restraint)  =    -46999.0800
 EKCMT  =      4061.5917  VIRIAL  =      4279.2426  VOLUME     =    153968.0113
                                                    Density    =         1.0289
 ------------------------------------------------------------------------------

wrapping first mol.:       19.49457       27.56948       47.75174
wrapping first mol.:       19.49457       27.56948       47.75174

 NSTEP =     9000   TIME(PS) =    1118.000  TEMP(K) =   299.78  PRESS =  -335.5
 Etot   =    -37177.9558  EKtot   =      9549.7461  EPtot      =    -46727.7019
 BOND   =       394.8419  ANGLE   =       986.5279  DIHED      =      1631.9947
 1-4 NB =       468.2082  1-4 EEL =      5781.7770  VDWAALS    =      4974.7465
 EELEC  =    -61088.2548  EHBOND  =         0.0000  RESTRAINT  =       122.4568
 EAMBER (non-restraint)  =    -46850.1587
 EKCMT  =      3994.2633  VIRIAL  =      5109.6552  VOLUME     =    153991.0583
                                                    Density    =         1.0287
 ------------------------------------------------------------------------------

wrapping first mol.:       19.49506       27.57018       47.75294
wrapping first mol.:       19.49506       27.57018       47.75294

 NSTEP =     9500   TIME(PS) =    1119.000  TEMP(K) =   298.10  PRESS =  -182.7
 Etot   =    -37172.1998  EKtot   =      9496.2041  EPtot      =    -46668.4039
 BOND   =       418.5593  ANGLE   =       997.9635  DIHED      =      1621.2429
 1-4 NB =       459.0730  1-4 EEL =      5775.1205  VDWAALS    =      5111.3024
 EELEC  =    -61171.4714  EHBOND  =         0.0000  RESTRAINT  =       119.8059
 EAMBER (non-restraint)  =    -46788.2097
 EKCMT  =      3941.2045  VIRIAL  =      4548.6292  VOLUME     =    154000.6121
                                                    Density    =         1.0287
 ------------------------------------------------------------------------------

wrapping first mol.:       19.49014       27.56322       47.74089
wrapping first mol.:       19.49014       27.56322       47.74089

 NSTEP =    10000   TIME(PS) =    1120.000  TEMP(K) =   300.18  PRESS =    24.9
 Etot   =    -37210.9032  EKtot   =      9562.3242  EPtot      =    -46773.2274
 BOND   =       365.2637  ANGLE   =      1052.7946  DIHED      =      1647.1656
 1-4 NB =       459.5643  1-4 EEL =      5763.7394  VDWAALS    =      5131.9118
 EELEC  =    -61313.3381  EHBOND  =         0.0000  RESTRAINT  =       119.6714
 EAMBER (non-restraint)  =    -46892.8988
 EKCMT  =      4004.1786  VIRIAL  =      3921.5511  VOLUME     =    153881.1659
                                                    Density    =         1.0295
 ------------------------------------------------------------------------------

wrapping first mol.:       19.48396       27.55448       47.72575
wrapping first mol.:       19.48396       27.55448       47.72575

 NSTEP =    10500   TIME(PS) =    1121.000  TEMP(K) =   303.04  PRESS =    38.5
 Etot   =    -37112.2600  EKtot   =      9653.5000  EPtot      =    -46765.7600
 BOND   =       403.5862  ANGLE   =      1064.4409  DIHED      =      1648.2182
 1-4 NB =       467.6511  1-4 EEL =      5773.0956  VDWAALS    =      5257.2933
 EELEC  =    -61503.8715  EHBOND  =         0.0000  RESTRAINT  =       123.8263
 EAMBER (non-restraint)  =    -46889.5863
 EKCMT  =      4118.7413  VIRIAL  =      3990.7880  VOLUME     =    153734.6471
                                                    Density    =         1.0304
 ------------------------------------------------------------------------------

wrapping first mol.:       19.49487       27.56992       47.75249
wrapping first mol.:       19.49487       27.56992       47.75249

 NSTEP =    11000   TIME(PS) =    1122.000  TEMP(K) =   300.04  PRESS =  -318.7
 Etot   =    -37264.8381  EKtot   =      9557.8838  EPtot      =    -46822.7219
 BOND   =       384.2237  ANGLE   =      1017.6792  DIHED      =      1645.5082
 1-4 NB =       466.1902  1-4 EEL =      5720.1169  VDWAALS    =      5147.0061
 EELEC  =    -61320.4295  EHBOND  =         0.0000  RESTRAINT  =       116.9833
 EAMBER (non-restraint)  =    -46939.7052
 EKCMT  =      4032.6684  VIRIAL  =      5092.3435  VOLUME     =    153998.1225
                                                    Density    =         1.0287
 ------------------------------------------------------------------------------

wrapping first mol.:       19.50861       27.58934       47.78614
wrapping first mol.:       19.50861       27.58934       47.78614

 NSTEP =    11500   TIME(PS) =    1123.000  TEMP(K) =   300.39  PRESS =   -79.7
 Etot   =    -37213.7149  EKtot   =      9569.0391  EPtot      =    -46782.7540
 BOND   =       408.3892  ANGLE   =      1014.9027  DIHED      =      1649.2516
 1-4 NB =       477.8592  1-4 EEL =      5743.8898  VDWAALS    =      5177.6941
 EELEC  =    -61371.4608  EHBOND  =         0.0000  RESTRAINT  =       116.7203
 EAMBER (non-restraint)  =    -46899.4743
 EKCMT  =      4008.4252  VIRIAL  =      4273.8685  VOLUME     =    154320.6427
                                                    Density    =         1.0265
 ------------------------------------------------------------------------------

wrapping first mol.:       19.48960       27.56246       47.73957
wrapping first mol.:       19.48960       27.56246       47.73957

 NSTEP =    12000   TIME(PS) =    1124.000  TEMP(K) =   297.65  PRESS =  -183.6
 Etot   =    -37239.6680  EKtot   =      9481.7734  EPtot      =    -46721.4414
 BOND   =       405.7764  ANGLE   =      1039.4880  DIHED      =      1643.7413
 1-4 NB =       468.4779  1-4 EEL =      5764.5786  VDWAALS    =      5157.5462
 EELEC  =    -61322.2276  EHBOND  =         0.0000  RESTRAINT  =       121.1778
 EAMBER (non-restraint)  =    -46842.6192
 EKCMT  =      3953.1408  VIRIAL  =      4563.1821  VOLUME     =    153871.3211
                                                    Density    =         1.0295
 ------------------------------------------------------------------------------

wrapping first mol.:       19.49051       27.56374       47.74179
wrapping first mol.:       19.49051       27.56374       47.74179

 NSTEP =    12500   TIME(PS) =    1125.000  TEMP(K) =   297.13  PRESS =   145.1
 Etot   =    -37414.8777  EKtot   =      9465.3037  EPtot      =    -46880.1814
 BOND   =       392.2124  ANGLE   =      1040.4339  DIHED      =      1643.3358
 1-4 NB =       467.6171  1-4 EEL =      5762.9503  VDWAALS    =      5172.6196
 EELEC  =    -61469.8163  EHBOND  =         0.0000  RESTRAINT  =       110.4658
 EAMBER (non-restraint)  =    -46990.6472
 EKCMT  =      3977.3989  VIRIAL  =      3495.2703  VOLUME     =    153888.2428
                                                    Density    =         1.0294
 ------------------------------------------------------------------------------

wrapping first mol.:       19.49003       27.56306       47.74062
wrapping first mol.:       19.49003       27.56306       47.74062

 NSTEP =    13000   TIME(PS) =    1126.000  TEMP(K) =   301.53  PRESS =  -202.3
 Etot   =    -37150.1697  EKtot   =      9605.5430  EPtot      =    -46755.7127
 BOND   =       408.5222  ANGLE   =      1010.6186  DIHED      =      1651.6247
 1-4 NB =       470.8844  1-4 EEL =      5769.2028  VDWAALS    =      5150.8335
 EELEC  =    -61344.7962  EHBOND  =         0.0000  RESTRAINT  =       127.3973
 EAMBER (non-restraint)  =    -46883.1100
 EKCMT  =      4021.4904  VIRIAL  =      4693.7540  VOLUME     =    153881.6918
                                                    Density    =         1.0295
 ------------------------------------------------------------------------------

wrapping first mol.:       19.50292       27.58129       47.77220
wrapping first mol.:       19.50292       27.58129       47.77220

 NSTEP =    13500   TIME(PS) =    1127.000  TEMP(K) =   297.41  PRESS =   -54.0
 Etot   =    -37338.3766  EKtot   =      9474.3291  EPtot      =    -46812.7057
 BOND   =       398.1425  ANGLE   =      1001.1975  DIHED      =      1637.0788
 1-4 NB =       465.2712  1-4 EEL =      5767.3745  VDWAALS    =      5219.4957
 EELEC  =    -61426.2126  EHBOND  =         0.0000  RESTRAINT  =       124.9468
 EAMBER (non-restraint)  =    -46937.6526
 EKCMT  =      3974.7441  VIRIAL  =      4154.6506  VOLUME     =    154185.2292
                                                    Density    =         1.0274
 ------------------------------------------------------------------------------

wrapping first mol.:       19.50522       27.58455       47.77784
wrapping first mol.:       19.50522       27.58455       47.77784

 NSTEP =    14000   TIME(PS) =    1128.000  TEMP(K) =   297.95  PRESS =    12.5
 Etot   =    -37240.8830  EKtot   =      9491.4668  EPtot      =    -46732.3498
 BOND   =       389.9595  ANGLE   =      1031.9631  DIHED      =      1649.4641
 1-4 NB =       467.4132  1-4 EEL =      5797.5950  VDWAALS    =      5217.1573
 EELEC  =    -61419.6853  EHBOND  =         0.0000  RESTRAINT  =       133.7833
 EAMBER (non-restraint)  =    -46866.1331
 EKCMT  =      3931.8385  VIRIAL  =      3890.2117  VOLUME     =    154238.9734
                                                    Density    =         1.0271
 ------------------------------------------------------------------------------

wrapping first mol.:       19.50687       27.58688       47.78187
wrapping first mol.:       19.50687       27.58688       47.78187

 NSTEP =    14500   TIME(PS) =    1129.000  TEMP(K) =   300.44  PRESS =    36.7
 Etot   =    -37139.6494  EKtot   =      9570.7861  EPtot      =    -46710.4355
 BOND   =       403.5818  ANGLE   =      1008.8713  DIHED      =      1624.2249
 1-4 NB =       489.6025  1-4 EEL =      5746.9465  VDWAALS    =      5090.1758
 EELEC  =    -61213.1911  EHBOND  =         0.0000  RESTRAINT  =       139.3528
 EAMBER (non-restraint)  =    -46849.7883
 EKCMT  =      3954.3098  VIRIAL  =      3831.9048  VOLUME     =    154277.6752
                                                    Density    =         1.0268
 ------------------------------------------------------------------------------

wrapping first mol.:       19.48526       27.55632       47.72894
wrapping first mol.:       19.48526       27.55632       47.72894

 NSTEP =    15000   TIME(PS) =    1130.000  TEMP(K) =   299.60  PRESS =  -365.5
 Etot   =    -37183.6215  EKtot   =      9543.9141  EPtot      =    -46727.5356
 BOND   =       397.1719  ANGLE   =      1060.8408  DIHED      =      1642.2302
 1-4 NB =       454.7922  1-4 EEL =      5754.9021  VDWAALS    =      4936.4240
 EELEC  =    -61094.0997  EHBOND  =         0.0000  RESTRAINT  =       120.2029
 EAMBER (non-restraint)  =    -46847.7385
 EKCMT  =      3984.4193  VIRIAL  =      5197.8932  VOLUME     =    153771.0341
                                                    Density    =         1.0302
 ------------------------------------------------------------------------------

wrapping first mol.:       19.49031       27.56347       47.74132
wrapping first mol.:       19.49031       27.56347       47.74132

 NSTEP =    15500   TIME(PS) =    1131.000  TEMP(K) =   299.48  PRESS =   462.5
 Etot   =    -37130.7929  EKtot   =      9540.1680  EPtot      =    -46670.9609
 BOND   =       413.7552  ANGLE   =      1000.7380  DIHED      =      1637.7740
 1-4 NB =       488.0744  1-4 EEL =      5778.5224  VDWAALS    =      5249.3741
 EELEC  =    -61357.5446  EHBOND  =         0.0000  RESTRAINT  =       118.3456
 EAMBER (non-restraint)  =    -46789.3065
 EKCMT  =      3989.7019  VIRIAL  =      2453.0786  VOLUME     =    153879.3409
                                                    Density    =         1.0295
 ------------------------------------------------------------------------------

wrapping first mol.:       19.50049       27.57785       47.76624
wrapping first mol.:       19.50049       27.57785       47.76624

 NSTEP =    16000   TIME(PS) =    1132.000  TEMP(K) =   300.05  PRESS =    38.8
 Etot   =    -37133.5766  EKtot   =      9558.3652  EPtot      =    -46691.9418
 BOND   =       392.7581  ANGLE   =      1044.3636  DIHED      =      1631.6938
 1-4 NB =       463.4328  1-4 EEL =      5739.2012  VDWAALS    =      4962.1010
 EELEC  =    -61051.7605  EHBOND  =         0.0000  RESTRAINT  =       126.2683
 EAMBER (non-restraint)  =    -46818.2101
 EKCMT  =      4018.4678  VIRIAL  =      3889.4583  VOLUME     =    154126.2499
                                                    Density    =         1.0278
 ------------------------------------------------------------------------------

wrapping first mol.:       19.49759       27.57375       47.75914
wrapping first mol.:       19.49759       27.57375       47.75914

 NSTEP =    16500   TIME(PS) =    1133.000  TEMP(K) =   303.69  PRESS =   -52.3
 Etot   =    -37194.0905  EKtot   =      9674.2715  EPtot      =    -46868.3620
 BOND   =       375.5107  ANGLE   =       988.3361  DIHED      =      1662.6279
 1-4 NB =       461.2245  1-4 EEL =      5731.0329  VDWAALS    =      5168.0533
 EELEC  =    -61372.2948  EHBOND  =         0.0000  RESTRAINT  =       117.1474
 EAMBER (non-restraint)  =    -46985.5094
 EKCMT  =      4035.8598  VIRIAL  =      4209.9460  VOLUME     =    154058.7724
                                                    Density    =         1.0283
 ------------------------------------------------------------------------------

wrapping first mol.:       19.49411       27.56884       47.75062
wrapping first mol.:       19.49411       27.56884       47.75062

 NSTEP =    17000   TIME(PS) =    1134.000  TEMP(K) =   296.13  PRESS =   526.0
 Etot   =    -37342.6280  EKtot   =      9433.3623  EPtot      =    -46775.9903
 BOND   =       411.7076  ANGLE   =      1024.5501  DIHED      =      1647.0443
 1-4 NB =       463.0309  1-4 EEL =      5757.2141  VDWAALS    =      5290.6508
 EELEC  =    -61492.7848  EHBOND  =         0.0000  RESTRAINT  =       122.5968
 EAMBER (non-restraint)  =    -46898.5870
 EKCMT  =      3920.7725  VIRIAL  =      2172.2751  VOLUME     =    153968.4335
                                                    Density    =         1.0289
 ------------------------------------------------------------------------------

wrapping first mol.:       19.50368       27.58236       47.77405
wrapping first mol.:       19.50368       27.58236       47.77405

 NSTEP =    17500   TIME(PS) =    1135.000  TEMP(K) =   301.85  PRESS =   227.0
 Etot   =    -37008.2770  EKtot   =      9615.5488  EPtot      =    -46623.8258
 BOND   =       404.4183  ANGLE   =      1086.7674  DIHED      =      1646.3511
 1-4 NB =       469.2731  1-4 EEL =      5716.1713  VDWAALS    =      5172.7457
 EELEC  =    -61258.1034  EHBOND  =         0.0000  RESTRAINT  =       138.5508
 EAMBER (non-restraint)  =    -46762.3766
 EKCMT  =      4063.8302  VIRIAL  =      3307.9444  VOLUME     =    154199.2922
                                                    Density    =         1.0273
 ------------------------------------------------------------------------------

wrapping first mol.:       19.48853       27.56095       47.73695
wrapping first mol.:       19.48853       27.56095       47.73695

 NSTEP =    18000   TIME(PS) =    1136.000  TEMP(K) =   293.53  PRESS =   -61.6
 Etot   =    -37393.2880  EKtot   =      9350.6924  EPtot      =    -46743.9804
 BOND   =       365.9741  ANGLE   =       991.6260  DIHED      =      1641.1580
 1-4 NB =       475.6860  1-4 EEL =      5794.1248  VDWAALS    =      4941.4482
 EELEC  =    -61081.9543  EHBOND  =         0.0000  RESTRAINT  =       127.9569
 EAMBER (non-restraint)  =    -46871.9373
 EKCMT  =      3905.1514  VIRIAL  =      4109.6581  VOLUME     =    153844.3314
                                                    Density    =         1.0297
 ------------------------------------------------------------------------------

wrapping first mol.:       19.49729       27.57333       47.75840
wrapping first mol.:       19.49729       27.57333       47.75840

 NSTEP =    18500   TIME(PS) =    1137.000  TEMP(K) =   299.29  PRESS =  -326.2
 Etot   =    -37193.3515  EKtot   =      9534.0381  EPtot      =    -46727.3896
 BOND   =       406.2551  ANGLE   =      1056.5985  DIHED      =      1633.2951
 1-4 NB =       463.3979  1-4 EEL =      5744.5341  VDWAALS    =      5038.5455
 EELEC  =    -61195.4130  EHBOND  =         0.0000  RESTRAINT  =       125.3973
 EAMBER (non-restraint)  =    -46852.7869
 EKCMT  =      3909.6139  VIRIAL  =      4994.5815  VOLUME     =    154055.3807
                                                    Density    =         1.0283
 ------------------------------------------------------------------------------

wrapping first mol.:       19.48869       27.56117       47.73734
wrapping first mol.:       19.48869       27.56117       47.73734

 NSTEP =    19000   TIME(PS) =    1138.000  TEMP(K) =   300.46  PRESS =  -123.8
 Etot   =    -37228.2410  EKtot   =      9571.3994  EPtot      =    -46799.6404
 BOND   =       401.2655  ANGLE   =      1025.2798  DIHED      =      1632.3587
 1-4 NB =       456.7095  1-4 EEL =      5774.2687  VDWAALS    =      5080.3046
 EELEC  =    -61287.2117  EHBOND  =         0.0000  RESTRAINT  =       117.3846
 EAMBER (non-restraint)  =    -46917.0249
 EKCMT  =      3997.9774  VIRIAL  =      4409.3513  VOLUME     =    153848.9166
                                                    Density    =         1.0297
 ------------------------------------------------------------------------------

wrapping first mol.:       19.49043       27.56363       47.74160
wrapping first mol.:       19.49043       27.56363       47.74160

 NSTEP =    19500   TIME(PS) =    1139.000  TEMP(K) =   301.38  PRESS =  -154.2
 Etot   =    -37028.0096  EKtot   =      9600.5264  EPtot      =    -46628.5359
 BOND   =       373.1392  ANGLE   =      1016.0631  DIHED      =      1631.2204
 1-4 NB =       467.3510  1-4 EEL =      5775.9997  VDWAALS    =      4998.2021
 EELEC  =    -61011.1051  EHBOND  =         0.0000  RESTRAINT  =       120.5936
 EAMBER (non-restraint)  =    -46749.1295
 EKCMT  =      4043.9851  VIRIAL  =      4556.4790  VOLUME     =    153890.5123
                                                    Density    =         1.0294
 ------------------------------------------------------------------------------

wrapping first mol.:       19.48173       27.55133       47.72030
wrapping first mol.:       19.48173       27.55133       47.72030

 NSTEP =    20000   TIME(PS) =    1140.000  TEMP(K) =   300.79  PRESS =   110.9
 Etot   =    -37043.4830  EKtot   =      9581.8965  EPtot      =    -46625.3794
 BOND   =       376.9393  ANGLE   =      1055.4256  DIHED      =      1649.0084
 1-4 NB =       476.8040  1-4 EEL =      5723.9711  VDWAALS    =      4983.0991
 EELEC  =    -61021.7655  EHBOND  =         0.0000  RESTRAINT  =       131.1386
 EAMBER (non-restraint)  =    -46756.5180
 EKCMT  =      3990.1714  VIRIAL  =      3622.3014  VOLUME     =    153680.9932
                                                    Density    =         1.0308
 ------------------------------------------------------------------------------

wrapping first mol.:       19.48689       27.55862       47.73292
wrapping first mol.:       19.48689       27.55862       47.73292

 NSTEP =    20500   TIME(PS) =    1141.000  TEMP(K) =   301.40  PRESS =   467.5
 Etot   =    -37168.5444  EKtot   =      9601.1777  EPtot      =    -46769.7222
 BOND   =       404.7275  ANGLE   =      1026.8313  DIHED      =      1657.7753
 1-4 NB =       464.7249  1-4 EEL =      5753.2835  VDWAALS    =      5228.5425
 EELEC  =    -61423.6541  EHBOND  =         0.0000  RESTRAINT  =       118.0469
 EAMBER (non-restraint)  =    -46887.7690
 EKCMT  =      4055.1259  VIRIAL  =      2502.6781  VOLUME     =    153798.0916
                                                    Density    =         1.0300
 ------------------------------------------------------------------------------

wrapping first mol.:       19.50022       27.57747       47.76558
wrapping first mol.:       19.50022       27.57747       47.76558

 NSTEP =    21000   TIME(PS) =    1142.000  TEMP(K) =   296.67  PRESS =   132.7
 Etot   =    -37143.6438  EKtot   =      9450.6758  EPtot      =    -46594.3196
 BOND   =       419.0833  ANGLE   =       994.4492  DIHED      =      1658.5336
 1-4 NB =       476.9675  1-4 EEL =      5765.6362  VDWAALS    =      4979.8978
 EELEC  =    -61020.1026  EHBOND  =         0.0000  RESTRAINT  =       131.2154
 EAMBER (non-restraint)  =    -46725.5350
 EKCMT  =      3992.5401  VIRIAL  =      3551.0587  VOLUME     =    154118.6173
                                                    Density    =         1.0279
 ------------------------------------------------------------------------------

wrapping first mol.:       19.48285       27.55291       47.72303
wrapping first mol.:       19.48285       27.55291       47.72303

 NSTEP =    21500   TIME(PS) =    1143.000  TEMP(K) =   299.61  PRESS =    52.8
 Etot   =    -37309.0096  EKtot   =      9544.2578  EPtot      =    -46853.2674
 BOND   =       431.1535  ANGLE   =       996.6314  DIHED      =      1637.2239
 1-4 NB =       464.0085  1-4 EEL =      5728.6197  VDWAALS    =      5410.7862
 EELEC  =    -61642.0747  EHBOND  =         0.0000  RESTRAINT  =       120.3840
 EAMBER (non-restraint)  =    -46973.6514
 EKCMT  =      3944.3892  VIRIAL  =      3769.2396  VOLUME     =    153708.1982
                                                    Density    =         1.0306
 ------------------------------------------------------------------------------

wrapping first mol.:       19.48159       27.55113       47.71995
wrapping first mol.:       19.48159       27.55113       47.71995

 NSTEP =    22000   TIME(PS) =    1144.000  TEMP(K) =   300.94  PRESS =  -152.5
 Etot   =    -37428.2737  EKtot   =      9586.7061  EPtot      =    -47014.9798
 BOND   =       393.0632  ANGLE   =      1051.8085  DIHED      =      1628.6532
 1-4 NB =       478.4431  1-4 EEL =      5726.2026  VDWAALS    =      5034.0002
 EELEC  =    -61444.1010  EHBOND  =         0.0000  RESTRAINT  =       116.9503
 EAMBER (non-restraint)  =    -47131.9301
 EKCMT  =      4004.0016  VIRIAL  =      4509.9010  VOLUME     =    153681.2425
                                                    Density    =         1.0308
 ------------------------------------------------------------------------------

wrapping first mol.:       19.50351       27.58213       47.77364
wrapping first mol.:       19.50351       27.58213       47.77364

 NSTEP =    22500   TIME(PS) =    1145.000  TEMP(K) =   299.38  PRESS =   -11.8
 Etot   =    -37197.5238  EKtot   =      9537.0195  EPtot      =    -46734.5433
 BOND   =       395.1652  ANGLE   =      1037.0065  DIHED      =      1640.2658
 1-4 NB =       465.5582  1-4 EEL =      5794.6686  VDWAALS    =      5170.0730
 EELEC  =    -61353.3295  EHBOND  =         0.0000  RESTRAINT  =       116.0490
 EAMBER (non-restraint)  =    -46850.5924
 EKCMT  =      3975.8776  VIRIAL  =      4014.9987  VOLUME     =    154198.6246
                                                    Density    =         1.0273
 ------------------------------------------------------------------------------

wrapping first mol.:       19.48502       27.55598       47.72835
wrapping first mol.:       19.48502       27.55598       47.72835

 NSTEP =    23000   TIME(PS) =    1146.000  TEMP(K) =   298.88  PRESS =   322.6
 Etot   =    -37265.1876  EKtot   =      9521.1484  EPtot      =    -46786.3360
 BOND   =       378.3436  ANGLE   =      1034.1434  DIHED      =      1647.9764
 1-4 NB =       455.0204  1-4 EEL =      5769.8802  VDWAALS    =      5268.7319
 EELEC  =    -61461.1228  EHBOND  =         0.0000  RESTRAINT  =       120.6909
 EAMBER (non-restraint)  =    -46907.0269
 EKCMT  =      3989.8177  VIRIAL  =      2919.0089  VOLUME     =    153755.9138
                                                    Density    =         1.0303
 ------------------------------------------------------------------------------

wrapping first mol.:       19.48826       27.56056       47.73629
wrapping first mol.:       19.48826       27.56056       47.73629

 NSTEP =    23500   TIME(PS) =    1147.000  TEMP(K) =   301.04  PRESS =   109.2
 Etot   =    -37237.4655  EKtot   =      9589.7002  EPtot      =    -46827.1657
 BOND   =       400.7550  ANGLE   =      1029.1229  DIHED      =      1644.2456
 1-4 NB =       467.9080  1-4 EEL =      5732.9685  VDWAALS    =      5249.3101
 EELEC  =    -61469.8564  EHBOND  =         0.0000  RESTRAINT  =       118.3806
 EAMBER (non-restraint)  =    -46945.5463
 EKCMT  =      4068.4446  VIRIAL  =      3705.7244  VOLUME     =    153835.5515
                                                    Density    =         1.0298
 ------------------------------------------------------------------------------

wrapping first mol.:       19.49955       27.57652       47.76394
wrapping first mol.:       19.49955       27.57652       47.76394

 NSTEP =    24000   TIME(PS) =    1148.000  TEMP(K) =   300.15  PRESS =   154.3
 Etot   =    -37268.1526  EKtot   =      9561.3301  EPtot      =    -46829.4827
 BOND   =       428.4006  ANGLE   =      1024.4467  DIHED      =      1641.9690
 1-4 NB =       467.1750  1-4 EEL =      5695.4047  VDWAALS    =      5249.2827
 EELEC  =    -61469.0552  EHBOND  =         0.0000  RESTRAINT  =       132.8938
 EAMBER (non-restraint)  =    -46962.3764
 EKCMT  =      4039.8910  VIRIAL  =      3526.3470  VOLUME     =    154102.3921
                                                    Density    =         1.0280
 ------------------------------------------------------------------------------

wrapping first mol.:       19.50862       27.58935       47.78615
wrapping first mol.:       19.50862       27.58935       47.78615

 NSTEP =    24500   TIME(PS) =    1149.000  TEMP(K) =   300.87  PRESS =  -239.1
 Etot   =    -37251.1240  EKtot   =      9584.5547  EPtot      =    -46835.6787
 BOND   =       378.6978  ANGLE   =       990.6531  DIHED      =      1632.3300
 1-4 NB =       469.7498  1-4 EEL =      5739.7989  VDWAALS    =      5015.5857
 EELEC  =    -61181.4623  EHBOND  =         0.0000  RESTRAINT  =       118.9683
 EAMBER (non-restraint)  =    -46954.6470
 EKCMT  =      4056.5900  VIRIAL  =      4853.2631  VOLUME     =    154322.8927
                                                    Density    =         1.0265
 ------------------------------------------------------------------------------

wrapping first mol.:       19.49713       27.57310       47.75801
wrapping first mol.:       19.49713       27.57310       47.75801

 NSTEP =    25000   TIME(PS) =    1150.000  TEMP(K) =   292.04  PRESS =   224.9
 Etot   =    -37546.8516  EKtot   =      9303.1689  EPtot      =    -46850.0206
 BOND   =       372.2758  ANGLE   =      1039.2293  DIHED      =      1637.5887
 1-4 NB =       471.4673  1-4 EEL =      5747.4371  VDWAALS    =      5319.5015
 EELEC  =    -61560.4247  EHBOND  =         0.0000  RESTRAINT  =       122.9046
 EAMBER (non-restraint)  =    -46972.9252
 EKCMT  =      3902.9824  VIRIAL  =      3154.8846  VOLUME     =    154044.0579
                                                    Density    =         1.0284
 ------------------------------------------------------------------------------

wrapping first mol.:       19.47951       27.54818       47.71485
wrapping first mol.:       19.47951       27.54818       47.71485

 NSTEP =    25500   TIME(PS) =    1151.000  TEMP(K) =   299.74  PRESS =    67.4
 Etot   =    -37038.5632  EKtot   =      9548.3330  EPtot      =    -46586.8962
 BOND   =       397.5166  ANGLE   =      1055.4208  DIHED      =      1660.5489
 1-4 NB =       445.5927  1-4 EEL =      5757.3180  VDWAALS    =      5014.5723
 EELEC  =    -61035.1062  EHBOND  =         0.0000  RESTRAINT  =       117.2407
 EAMBER (non-restraint)  =    -46704.1368
 EKCMT  =      3987.5281  VIRIAL  =      3763.8340  VOLUME     =    153628.9725
                                                    Density    =         1.0312
 ------------------------------------------------------------------------------

wrapping first mol.:       19.50068       27.57813       47.76672
wrapping first mol.:       19.50068       27.57813       47.76672

 NSTEP =    26000   TIME(PS) =    1152.000  TEMP(K) =   300.70  PRESS =     7.4
 Etot   =    -37179.2693  EKtot   =      9578.9775  EPtot      =    -46758.2468
 BOND   =       406.3743  ANGLE   =      1048.5431  DIHED      =      1651.3190
 1-4 NB =       470.8552  1-4 EEL =      5751.8958  VDWAALS    =      5076.5247
 EELEC  =    -61290.1718  EHBOND  =         0.0000  RESTRAINT  =       126.4129
 EAMBER (non-restraint)  =    -46884.6597
 EKCMT  =      4028.3905  VIRIAL  =      4003.9236  VOLUME     =    154131.3495
                                                    Density    =         1.0278
 ------------------------------------------------------------------------------

wrapping first mol.:       19.51621       27.60008       47.80474
wrapping first mol.:       19.51621       27.60008       47.80474

 NSTEP =    26500   TIME(PS) =    1153.000  TEMP(K) =   300.00  PRESS =  -143.8
 Etot   =    -37108.3671  EKtot   =      9556.8018  EPtot      =    -46665.1689
 BOND   =       410.5814  ANGLE   =      1032.6404  DIHED      =      1641.8148
 1-4 NB =       465.8448  1-4 EEL =      5754.7309  VDWAALS    =      5151.3305
 EELEC  =    -61243.9284  EHBOND  =         0.0000  RESTRAINT  =       121.8167
 EAMBER (non-restraint)  =    -46786.9856
 EKCMT  =      3983.8153  VIRIAL  =      4463.4049  VOLUME     =    154501.7899
                                                    Density    =         1.0253
 ------------------------------------------------------------------------------

wrapping first mol.:       19.51233       27.59459       47.79524
wrapping first mol.:       19.51233       27.59459       47.79524

 NSTEP =    27000   TIME(PS) =    1154.000  TEMP(K) =   301.27  PRESS =     9.5
 Etot   =    -37065.6130  EKtot   =      9597.1230  EPtot      =    -46662.7360
 BOND   =       381.0788  ANGLE   =      1023.7754  DIHED      =      1642.8116
 1-4 NB =       482.0359  1-4 EEL =      5805.1926  VDWAALS    =      5143.9344
 EELEC  =    -61270.7315  EHBOND  =         0.0000  RESTRAINT  =       129.1667
 EAMBER (non-restraint)  =    -46791.9027
 EKCMT  =      3975.8649  VIRIAL  =      3944.2761  VOLUME     =    154407.5247
                                                    Density    =         1.0260
 ------------------------------------------------------------------------------

wrapping first mol.:       19.50365       27.58233       47.77398
wrapping first mol.:       19.50365       27.58233       47.77398

 NSTEP =    27500   TIME(PS) =    1155.000  TEMP(K) =   299.46  PRESS =   401.9
 Etot   =    -36963.0516  EKtot   =      9539.4004  EPtot      =    -46502.4520
 BOND   =       385.3236  ANGLE   =      1031.9662  DIHED      =      1654.4011
 1-4 NB =       464.3968  1-4 EEL =      5744.6261  VDWAALS    =      5166.5821
 EELEC  =    -61077.0579  EHBOND  =         0.0000  RESTRAINT  =       127.3102
 EAMBER (non-restraint)  =    -46629.7621
 EKCMT  =      4036.0696  VIRIAL  =      2698.0214  VOLUME     =    154196.2555
                                                    Density    =         1.0274
 ------------------------------------------------------------------------------

wrapping first mol.:       19.50781       27.58821       47.78418
wrapping first mol.:       19.50781       27.58821       47.78418

 NSTEP =    28000   TIME(PS) =    1156.000  TEMP(K) =   301.95  PRESS =   364.0
 Etot   =    -37033.0233  EKtot   =      9618.8047  EPtot      =    -46651.8280
 BOND   =       429.1841  ANGLE   =      1030.3894  DIHED      =      1648.9711
 1-4 NB =       476.9335  1-4 EEL =      5752.6795  VDWAALS    =      5253.5262
 EELEC  =    -61362.5390  EHBOND  =         0.0000  RESTRAINT  =       119.0272
 EAMBER (non-restraint)  =    -46770.8553
 EKCMT  =      3996.0401  VIRIAL  =      2783.5312  VOLUME     =    154295.4915
                                                    Density    =         1.0267
 ------------------------------------------------------------------------------

wrapping first mol.:       19.49585       27.57130       47.75488
wrapping first mol.:       19.49585       27.57130       47.75488

 NSTEP =    28500   TIME(PS) =    1157.000  TEMP(K) =   302.44  PRESS =   -54.2
 Etot   =    -37239.7206  EKtot   =      9634.3438  EPtot      =    -46874.0644
 BOND   =       384.2610  ANGLE   =      1011.2559  DIHED      =      1646.8690
 1-4 NB =       473.9006  1-4 EEL =      5775.9120  VDWAALS    =      5074.0783
 EELEC  =    -61347.8410  EHBOND  =         0.0000  RESTRAINT  =       107.4998
 EAMBER (non-restraint)  =    -46981.5642
 EKCMT  =      3944.0949  VIRIAL  =      4124.3475  VOLUME     =    154017.6454
                                                    Density    =         1.0286
 ------------------------------------------------------------------------------

wrapping first mol.:       19.47126       27.53652       47.69464
wrapping first mol.:       19.47126       27.53652       47.69464

 NSTEP =    29000   TIME(PS) =    1158.000  TEMP(K) =   303.80  PRESS =   -53.0
 Etot   =    -37056.1657  EKtot   =      9677.6465  EPtot      =    -46733.8121
 BOND   =       383.8239  ANGLE   =       998.3859  DIHED      =      1644.6588
 1-4 NB =       465.4072  1-4 EEL =      5798.9251  VDWAALS    =      4963.6034
 EELEC  =    -61100.1371  EHBOND  =         0.0000  RESTRAINT  =       111.5205
 EAMBER (non-restraint)  =    -46845.3326
 EKCMT  =      4021.2972  VIRIAL  =      4197.0018  VOLUME     =    153435.4782
                                                    Density    =         1.0325
 ------------------------------------------------------------------------------

wrapping first mol.:       19.48966       27.56254       47.73972
wrapping first mol.:       19.48966       27.56254       47.73972

 NSTEP =    29500   TIME(PS) =    1159.000  TEMP(K) =   302.12  PRESS =    89.5
 Etot   =    -37187.8745  EKtot   =      9624.2988  EPtot      =    -46812.1733
 BOND   =       367.9919  ANGLE   =      1001.7501  DIHED      =      1643.7225
 1-4 NB =       479.8391  1-4 EEL =      5778.1736  VDWAALS    =      5058.1521
 EELEC  =    -61276.2759  EHBOND  =         0.0000  RESTRAINT  =       134.4732
 EAMBER (non-restraint)  =    -46946.6465
 EKCMT  =      4091.0996  VIRIAL  =      3793.8152  VOLUME     =    153868.9970
                                                    Density    =         1.0295
 ------------------------------------------------------------------------------

wrapping first mol.:       19.49354       27.56803       47.74923
wrapping first mol.:       19.49354       27.56803       47.74923

 NSTEP =    30000   TIME(PS) =    1160.000  TEMP(K) =   298.91  PRESS =   -78.3
 Etot   =    -37280.4535  EKtot   =      9522.1055  EPtot      =    -46802.5590
 BOND   =       392.9791  ANGLE   =      1008.4090  DIHED      =      1644.2887
 1-4 NB =       470.9331  1-4 EEL =      5772.4606  VDWAALS    =      5090.0658
 EELEC  =    -61304.2093  EHBOND  =         0.0000  RESTRAINT  =       122.5140
 EAMBER (non-restraint)  =    -46925.0730
 EKCMT  =      3969.0449  VIRIAL  =      4229.2204  VOLUME     =    153963.2433
                                                    Density    =         1.0289
 ------------------------------------------------------------------------------

wrapping first mol.:       19.49632       27.57196       47.75602
wrapping first mol.:       19.49632       27.57196       47.75602

 NSTEP =    30500   TIME(PS) =    1161.000  TEMP(K) =   299.48  PRESS =   255.2
 Etot   =    -36984.5876  EKtot   =      9540.0381  EPtot      =    -46524.6257
 BOND   =       387.9078  ANGLE   =      1046.6106  DIHED      =      1641.2661
 1-4 NB =       468.1213  1-4 EEL =      5757.4467  VDWAALS    =      5101.1115
 EELEC  =    -61055.7448  EHBOND  =         0.0000  RESTRAINT  =       128.6552
 EAMBER (non-restraint)  =    -46653.2809
 EKCMT  =      3954.4416  VIRIAL  =      3105.6312  VOLUME     =    154024.4209
                                                    Density    =         1.0285
 ------------------------------------------------------------------------------

wrapping first mol.:       19.49225       27.56621       47.74607
wrapping first mol.:       19.49225       27.56621       47.74607

 NSTEP =    31000   TIME(PS) =    1162.000  TEMP(K) =   300.32  PRESS =  -172.2
 Etot   =    -37342.3229  EKtot   =      9566.8037  EPtot      =    -46909.1266
 BOND   =       396.2636  ANGLE   =      1028.4398  DIHED      =      1626.4308
 1-4 NB =       472.5563  1-4 EEL =      5739.6412  VDWAALS    =      5060.3231
 EELEC  =    -61352.4901  EHBOND  =         0.0000  RESTRAINT  =       119.7086
 EAMBER (non-restraint)  =    -47028.8352
 EKCMT  =      4036.6667  VIRIAL  =      4609.0550  VOLUME     =    153933.9841
                                                    Density    =         1.0291
 ------------------------------------------------------------------------------

wrapping first mol.:       19.48262       27.55258       47.72246
wrapping first mol.:       19.48262       27.55258       47.72246

 NSTEP =    31500   TIME(PS) =    1163.000  TEMP(K) =   299.87  PRESS =    33.7
 Etot   =    -37205.4818  EKtot   =      9552.6074  EPtot      =    -46758.0892
 BOND   =       409.6842  ANGLE   =      1018.0565  DIHED      =      1636.9298
 1-4 NB =       473.1604  1-4 EEL =      5735.2361  VDWAALS    =      5239.3823
 EELEC  =    -61391.6650  EHBOND  =         0.0000  RESTRAINT  =       121.1266
 EAMBER (non-restraint)  =    -46879.2158
 EKCMT  =      4006.1044  VIRIAL  =      3894.1888  VOLUME     =    153702.9451
                                                    Density    =         1.0307
 ------------------------------------------------------------------------------

wrapping first mol.:       19.47885       27.54726       47.71325
wrapping first mol.:       19.47885       27.54726       47.71325

 NSTEP =    32000   TIME(PS) =    1164.000  TEMP(K) =   299.01  PRESS =    27.8
 Etot   =    -37238.0247  EKtot   =      9525.2422  EPtot      =    -46763.2669
 BOND   =       387.3276  ANGLE   =      1045.7398  DIHED      =      1648.2601
 1-4 NB =       489.9796  1-4 EEL =      5739.2514  VDWAALS    =      5029.0803
 EELEC  =    -61221.7303  EHBOND  =         0.0000  RESTRAINT  =       118.8245
 EAMBER (non-restraint)  =    -46882.0915
 EKCMT  =      3991.9261  VIRIAL  =      3899.6628  VOLUME     =    153614.0321
                                                    Density    =         1.0313
 ------------------------------------------------------------------------------

wrapping first mol.:       19.49171       27.56544       47.74474
wrapping first mol.:       19.49171       27.56544       47.74474

 NSTEP =    32500   TIME(PS) =    1165.000  TEMP(K) =   297.32  PRESS =    55.6
 Etot   =    -37404.0715  EKtot   =      9471.4287  EPtot      =    -46875.5002
 BOND   =       384.4937  ANGLE   =       997.0795  DIHED      =      1638.6920
 1-4 NB =       472.7632  1-4 EEL =      5756.8716  VDWAALS    =      5214.3707
 EELEC  =    -61467.7644  EHBOND  =         0.0000  RESTRAINT  =       127.9935
 EAMBER (non-restraint)  =    -47003.4937
 EKCMT  =      3972.8864  VIRIAL  =      3788.1294  VOLUME     =    153918.0566
                                                    Density    =         1.0292
 ------------------------------------------------------------------------------

wrapping first mol.:       19.47811       27.54621       47.71143
wrapping first mol.:       19.47811       27.54621       47.71143

 NSTEP =    33000   TIME(PS) =    1166.000  TEMP(K) =   301.16  PRESS =    74.2
 Etot   =    -37318.5900  EKtot   =      9593.7910  EPtot      =    -46912.3811
 BOND   =       379.4972  ANGLE   =      1048.0131  DIHED      =      1628.6358
 1-4 NB =       475.9319  1-4 EEL =      5770.6339  VDWAALS    =      5046.5527
 EELEC  =    -61379.8433  EHBOND  =         0.0000  RESTRAINT  =       118.1977
 EAMBER (non-restraint)  =    -47030.5787
 EKCMT  =      4047.1331  VIRIAL  =      3800.9727  VOLUME     =    153595.8743
                                                    Density    =         1.0314
 ------------------------------------------------------------------------------

wrapping first mol.:       19.49561       27.57096       47.75430
wrapping first mol.:       19.49561       27.57096       47.75430

 NSTEP =    33500   TIME(PS) =    1167.000  TEMP(K) =   300.92  PRESS =   222.4
 Etot   =    -37238.8406  EKtot   =      9585.8643  EPtot      =    -46824.7049
 BOND   =       385.9779  ANGLE   =       978.6742  DIHED      =      1629.9866
 1-4 NB =       490.3303  1-4 EEL =      5780.2085  VDWAALS    =      5179.8589
 EELEC  =    -61392.3138  EHBOND  =         0.0000  RESTRAINT  =       122.5725
 EAMBER (non-restraint)  =    -46947.2774
 EKCMT  =      4073.3558  VIRIAL  =      3333.9279  VOLUME     =    154008.1690
                                                    Density    =         1.0286
 ------------------------------------------------------------------------------

wrapping first mol.:       19.48019       27.54915       47.71653
wrapping first mol.:       19.48019       27.54915       47.71653

 NSTEP =    34000   TIME(PS) =    1168.000  TEMP(K) =   305.01  PRESS =   -48.5
 Etot   =    -37087.4194  EKtot   =      9716.1533  EPtot      =    -46803.5727
 BOND   =       397.2995  ANGLE   =       983.1880  DIHED      =      1651.9654
 1-4 NB =       478.0457  1-4 EEL =      5790.0171  VDWAALS    =      5119.3037
 EELEC  =    -61352.5901  EHBOND  =         0.0000  RESTRAINT  =       129.1980
 EAMBER (non-restraint)  =    -46932.7707
 EKCMT  =      4095.0880  VIRIAL  =      4256.1166  VOLUME     =    153646.7430
                                                    Density    =         1.0310
 ------------------------------------------------------------------------------

wrapping first mol.:       19.48863       27.56108       47.73719
wrapping first mol.:       19.48863       27.56108       47.73719

 NSTEP =    34500   TIME(PS) =    1169.000  TEMP(K) =   303.35  PRESS =   -51.1
 Etot   =    -37228.7330  EKtot   =      9663.5537  EPtot      =    -46892.2867
 BOND   =       400.1538  ANGLE   =      1020.2444  DIHED      =      1641.1076
 1-4 NB =       467.0092  1-4 EEL =      5750.8169  VDWAALS    =      5244.9530
 EELEC  =    -61542.3526  EHBOND  =         0.0000  RESTRAINT  =       125.7811
 EAMBER (non-restraint)  =    -47018.0678
 EKCMT  =      4062.8992  VIRIAL  =      4232.7677  VOLUME     =    153846.5139
                                                    Density    =         1.0297
 ------------------------------------------------------------------------------

wrapping first mol.:       19.48566       27.55688       47.72992
wrapping first mol.:       19.48566       27.55688       47.72992

 NSTEP =    35000   TIME(PS) =    1170.000  TEMP(K) =   294.99  PRESS =  -188.2
 Etot   =    -37388.0274  EKtot   =      9397.0615  EPtot      =    -46785.0890
 BOND   =       364.9445  ANGLE   =       963.6923  DIHED      =      1641.5550
 1-4 NB =       476.2672  1-4 EEL =      5800.2038  VDWAALS    =      5091.3722
 EELEC  =    -61235.7635  EHBOND  =         0.0000  RESTRAINT  =       112.6395
 EAMBER (non-restraint)  =    -46897.7285
 EKCMT  =      3837.8414  VIRIAL  =      4462.7144  VOLUME     =    153778.0260
                                                    Density    =         1.0302
 ------------------------------------------------------------------------------

wrapping first mol.:       19.47169       27.53713       47.69570
wrapping first mol.:       19.47169       27.53713       47.69570

 NSTEP =    35500   TIME(PS) =    1171.000  TEMP(K) =   299.84  PRESS =   111.4
 Etot   =    -37415.1032  EKtot   =      9551.7549  EPtot      =    -46966.8581
 BOND   =       387.9719  ANGLE   =      1023.4167  DIHED      =      1642.4380
 1-4 NB =       458.0448  1-4 EEL =      5752.6997  VDWAALS    =      5285.8773
 EELEC  =    -61638.1047  EHBOND  =         0.0000  RESTRAINT  =       120.7981
 EAMBER (non-restraint)  =    -47087.6562
 EKCMT  =      3925.0289  VIRIAL  =      3556.0827  VOLUME     =    153443.4597
                                                    Density    =         1.0324
 ------------------------------------------------------------------------------

wrapping first mol.:       19.48247       27.55237       47.72211
wrapping first mol.:       19.48247       27.55237       47.72211

 NSTEP =    36000   TIME(PS) =    1172.000  TEMP(K) =   295.27  PRESS =   150.7
 Etot   =    -37352.2415  EKtot   =      9406.1738  EPtot      =    -46758.4154
 BOND   =       390.3237  ANGLE   =       998.1741  DIHED      =      1657.4193
 1-4 NB =       465.1482  1-4 EEL =      5798.9867  VDWAALS    =      5190.3552
 EELEC  =    -61389.3457  EHBOND  =         0.0000  RESTRAINT  =       130.5231
 EAMBER (non-restraint)  =    -46888.9385
 EKCMT  =      3935.5776  VIRIAL  =      3435.3266  VOLUME     =    153697.9336
                                                    Density    =         1.0307
 ------------------------------------------------------------------------------

wrapping first mol.:       19.48647       27.55802       47.73190
wrapping first mol.:       19.48647       27.55802       47.73190

 NSTEP =    36500   TIME(PS) =    1173.000  TEMP(K) =   299.30  PRESS =   194.2
 Etot   =    -37306.5077  EKtot   =      9534.5469  EPtot      =    -46841.0546
 BOND   =       406.1564  ANGLE   =       985.7899  DIHED      =      1639.9902
 1-4 NB =       462.9607  1-4 EEL =      5802.4013  VDWAALS    =      5245.7011
 EELEC  =    -61491.6584  EHBOND  =         0.0000  RESTRAINT  =       107.6041
 EAMBER (non-restraint)  =    -46948.6587
 EKCMT  =      3922.0091  VIRIAL  =      3277.1279  VOLUME     =    153791.9198
                                                    Density    =         1.0301
 ------------------------------------------------------------------------------

wrapping first mol.:       19.47070       27.53573       47.69327
wrapping first mol.:       19.47070       27.53573       47.69327

 NSTEP =    37000   TIME(PS) =    1174.000  TEMP(K) =   299.26  PRESS =  -239.2
 Etot   =    -37219.7356  EKtot   =      9533.1572  EPtot      =    -46752.8928
 BOND   =       390.8175  ANGLE   =      1030.5384  DIHED      =      1629.8298
 1-4 NB =       471.0485  1-4 EEL =      5792.7679  VDWAALS    =      5109.9964
 EELEC  =    -61305.3912  EHBOND  =         0.0000  RESTRAINT  =       127.4998
 EAMBER (non-restraint)  =    -46880.3926
 EKCMT  =      3952.9282  VIRIAL  =      4745.4557  VOLUME     =    153424.8380
                                                    Density    =         1.0325
 ------------------------------------------------------------------------------

wrapping first mol.:       19.47732       27.54509       47.70949
wrapping first mol.:       19.47732       27.54509       47.70949

 NSTEP =    37500   TIME(PS) =    1175.000  TEMP(K) =   300.86  PRESS =   -30.7
 Etot   =    -37269.6681  EKtot   =      9584.1035  EPtot      =    -46853.7716
 BOND   =       400.7282  ANGLE   =       997.9837  DIHED      =      1622.2634
 1-4 NB =       471.3170  1-4 EEL =      5768.1519  VDWAALS    =      5194.9394
 EELEC  =    -61429.8333  EHBOND  =         0.0000  RESTRAINT  =       120.6781
 EAMBER (non-restraint)  =    -46974.4497
 EKCMT  =      4004.5226  VIRIAL  =      4106.4724  VOLUME     =    153578.5028
                                                    Density    =         1.0315
 ------------------------------------------------------------------------------

wrapping first mol.:       19.49625       27.57185       47.75585
wrapping first mol.:       19.49625       27.57185       47.75585

 NSTEP =    38000   TIME(PS) =    1176.000  TEMP(K) =   298.19  PRESS =   288.3
 Etot   =    -37214.8223  EKtot   =      9499.0508  EPtot      =    -46713.8731
 BOND   =       388.6380  ANGLE   =       992.1188  DIHED      =      1647.6115
 1-4 NB =       452.7097  1-4 EEL =      5757.5075  VDWAALS    =      5145.6007
 EELEC  =    -61203.6381  EHBOND  =         0.0000  RESTRAINT  =       105.5789
 EAMBER (non-restraint)  =    -46819.4520
 EKCMT  =      3990.7472  VIRIAL  =      3032.0817  VOLUME     =    154022.2798
                                                    Density    =         1.0285
 ------------------------------------------------------------------------------

wrapping first mol.:       19.49643       27.57212       47.75630
wrapping first mol.:       19.49643       27.57212       47.75630

 NSTEP =    38500   TIME(PS) =    1177.000  TEMP(K) =   300.82  PRESS =   182.8
 Etot   =    -37300.0462  EKtot   =      9582.7549  EPtot      =    -46882.8011
 BOND   =       428.6734  ANGLE   =      1002.1906  DIHED      =      1649.8785
 1-4 NB =       451.9399  1-4 EEL =      5740.1874  VDWAALS    =      5339.6034
 EELEC  =    -61615.3252  EHBOND  =         0.0000  RESTRAINT  =       120.0511
 EAMBER (non-restraint)  =    -47002.8522
 EKCMT  =      4023.3501  VIRIAL  =      3415.4784  VOLUME     =    154028.1043
                                                    Density    =         1.0285
 ------------------------------------------------------------------------------

wrapping first mol.:       19.52108       27.60697       47.81667
wrapping first mol.:       19.52108       27.60697       47.81667

 NSTEP =    39000   TIME(PS) =    1178.000  TEMP(K) =   295.44  PRESS =   329.9
 Etot   =    -37377.0941  EKtot   =      9411.4697  EPtot      =    -46788.5638
 BOND   =       408.2732  ANGLE   =      1063.2417  DIHED      =      1637.1737
 1-4 NB =       464.3329  1-4 EEL =      5711.1138  VDWAALS    =      5213.9957
 EELEC  =    -61406.0213  EHBOND  =         0.0000  RESTRAINT  =       119.3265
 EAMBER (non-restraint)  =    -46907.8903
 EKCMT  =      3945.4871  VIRIAL  =      2844.2365  VOLUME     =    154610.9682
                                                    Density    =         1.0246
 ------------------------------------------------------------------------------

wrapping first mol.:       19.52949       27.61886       47.83727
wrapping first mol.:       19.52949       27.61886       47.83727

 NSTEP =    39500   TIME(PS) =    1179.000  TEMP(K) =   300.49  PRESS =    73.0
 Etot   =    -37269.7455  EKtot   =      9572.4170  EPtot      =    -46842.1625
 BOND   =       374.5802  ANGLE   =      1024.1162  DIHED      =      1643.8978
 1-4 NB =       464.6604  1-4 EEL =      5738.5084  VDWAALS    =      5147.1001
 EELEC  =    -61368.7975  EHBOND  =         0.0000  RESTRAINT  =       133.7719
 EAMBER (non-restraint)  =    -46975.9344
 EKCMT  =      4033.0051  VIRIAL  =      3788.9412  VOLUME     =    154814.4047
                                                    Density    =         1.0233
 ------------------------------------------------------------------------------

wrapping first mol.:       19.52283       27.60945       47.82097
wrapping first mol.:       19.52283       27.60945       47.82097

 NSTEP =    40000   TIME(PS) =    1180.000  TEMP(K) =   302.30  PRESS =   -71.5
 Etot   =    -37060.2378  EKtot   =      9630.1240  EPtot      =    -46690.3618
 BOND   =       390.0082  ANGLE   =      1015.4513  DIHED      =      1653.0918
 1-4 NB =       471.5669  1-4 EEL =      5788.5569  VDWAALS    =      5131.5375
 EELEC  =    -61265.8208  EHBOND  =         0.0000  RESTRAINT  =       125.2464
 EAMBER (non-restraint)  =    -46815.6082
 EKCMT  =      4101.8821  VIRIAL  =      4340.5339  VOLUME     =    154658.1771
                                                    Density    =         1.0243
 ------------------------------------------------------------------------------

wrapping first mol.:       19.50146       27.57923       47.76862
wrapping first mol.:       19.50146       27.57923       47.76862

 NSTEP =    40500   TIME(PS) =    1181.000  TEMP(K) =   299.98  PRESS =   -29.4
 Etot   =    -37199.5738  EKtot   =      9555.9121  EPtot      =    -46755.4859
 BOND   =       358.7239  ANGLE   =      1031.8359  DIHED      =      1637.0332
 1-4 NB =       469.1646  1-4 EEL =      5756.8830  VDWAALS    =      5057.9898
 EELEC  =    -61197.4545  EHBOND  =         0.0000  RESTRAINT  =       130.3382
 EAMBER (non-restraint)  =    -46885.8240
 EKCMT  =      4040.1327  VIRIAL  =      4137.9865  VOLUME     =    154150.2396
                                                    Density    =         1.0277
 ------------------------------------------------------------------------------

wrapping first mol.:       19.47700       27.54463       47.70870
wrapping first mol.:       19.47700       27.54463       47.70870

 NSTEP =    41000   TIME(PS) =    1182.000  TEMP(K) =   297.15  PRESS =    18.5
 Etot   =    -37446.5861  EKtot   =      9465.9668  EPtot      =    -46912.5529
 BOND   =       385.8814  ANGLE   =      1047.7345  DIHED      =      1637.9795
 1-4 NB =       467.8894  1-4 EEL =      5772.1622  VDWAALS    =      5265.5941
 EELEC  =    -61604.2149  EHBOND  =         0.0000  RESTRAINT  =       114.4207
 EAMBER (non-restraint)  =    -47026.9736
 EKCMT  =      3974.1113  VIRIAL  =      3912.8830  VOLUME     =    153570.2485
                                                    Density    =         1.0316
 ------------------------------------------------------------------------------

wrapping first mol.:       19.49326       27.56763       47.74853
wrapping first mol.:       19.49326       27.56763       47.74853

 NSTEP =    41500   TIME(PS) =    1183.000  TEMP(K) =   300.76  PRESS =  -206.7
 Etot   =    -37253.4065  EKtot   =      9580.9043  EPtot      =    -46834.3108
 BOND   =       389.7979  ANGLE   =       986.5431  DIHED      =      1639.1994
 1-4 NB =       473.9025  1-4 EEL =      5771.5762  VDWAALS    =      5000.2043
 EELEC  =    -61219.5121  EHBOND  =         0.0000  RESTRAINT  =       123.9779
 EAMBER (non-restraint)  =    -46958.2887
 EKCMT  =      4018.5026  VIRIAL  =      4705.7341  VOLUME     =    153958.2357
                                                    Density    =         1.0290
 ------------------------------------------------------------------------------

wrapping first mol.:       19.47582       27.54297       47.70582
wrapping first mol.:       19.47582       27.54297       47.70582

 NSTEP =    42000   TIME(PS) =    1184.000  TEMP(K) =   300.74  PRESS =  -137.4
 Etot   =    -37179.9824  EKtot   =      9580.2344  EPtot      =    -46760.2168
 BOND   =       374.0522  ANGLE   =      1007.7636  DIHED      =      1661.3965
 1-4 NB =       489.1541  1-4 EEL =      5809.0056  VDWAALS    =      5016.8424
 EELEC  =    -61241.8437  EHBOND  =         0.0000  RESTRAINT  =       123.4126
 EAMBER (non-restraint)  =    -46883.6294
 EKCMT  =      3985.5387  VIRIAL  =      4441.1349  VOLUME     =    153544.5196
                                                    Density    =         1.0317
 ------------------------------------------------------------------------------

wrapping first mol.:       19.47500       27.54180       47.70380
wrapping first mol.:       19.47500       27.54180       47.70380

 NSTEP =    42500   TIME(PS) =    1185.000  TEMP(K) =   301.61  PRESS =   169.3
 Etot   =    -37063.8623  EKtot   =      9608.0850  EPtot      =    -46671.9473
 BOND   =       392.9897  ANGLE   =      1082.4047  DIHED      =      1647.0788
 1-4 NB =       459.4813  1-4 EEL =      5780.8841  VDWAALS    =      5212.6032
 EELEC  =    -61365.0479  EHBOND  =         0.0000  RESTRAINT  =       117.6589
 EAMBER (non-restraint)  =    -46789.6062
 EKCMT  =      4027.0968  VIRIAL  =      3465.8280  VOLUME     =    153520.8251
                                                    Density    =         1.0319
 ------------------------------------------------------------------------------

wrapping first mol.:       19.48089       27.55013       47.71822
wrapping first mol.:       19.48089       27.55013       47.71822

 NSTEP =    43000   TIME(PS) =    1186.000  TEMP(K) =   296.49  PRESS =    96.5
 Etot   =    -37219.3265  EKtot   =      9444.8760  EPtot      =    -46664.2025
 BOND   =       422.7851  ANGLE   =      1025.8183  DIHED      =      1644.1135
 1-4 NB =       469.0719  1-4 EEL =      5735.3481  VDWAALS    =      5012.2372
 EELEC  =    -61092.2026  EHBOND  =         0.0000  RESTRAINT  =       118.6260
 EAMBER (non-restraint)  =    -46782.8285
 EKCMT  =      3973.4478  VIRIAL  =      3653.4074  VOLUME     =    153661.1562
                                                    Density    =         1.0309
 ------------------------------------------------------------------------------

wrapping first mol.:       19.48197       27.55167       47.72089
wrapping first mol.:       19.48197       27.55167       47.72089

 NSTEP =    43500   TIME(PS) =    1187.000  TEMP(K) =   297.56  PRESS =  -143.7
 Etot   =    -37227.7426  EKtot   =      9478.8340  EPtot      =    -46706.5766
 BOND   =       398.7382  ANGLE   =      1015.1290  DIHED      =      1631.2565
 1-4 NB =       471.1983  1-4 EEL =      5796.0089  VDWAALS    =      5076.2356
 EELEC  =    -61204.3901  EHBOND  =         0.0000  RESTRAINT  =       109.2468
 EAMBER (non-restraint)  =    -46815.8234
 EKCMT  =      3904.3578  VIRIAL  =      4381.2824  VOLUME     =    153690.1724
                                                    Density    =         1.0307
 ------------------------------------------------------------------------------

wrapping first mol.:       19.48560       27.55680       47.72977
wrapping first mol.:       19.48560       27.55680       47.72977

 NSTEP =    44000   TIME(PS) =    1188.000  TEMP(K) =   298.02  PRESS =    75.3
 Etot   =    -37165.8222  EKtot   =      9493.6191  EPtot      =    -46659.4413
 BOND   =       403.7489  ANGLE   =      1040.1081  DIHED      =      1636.3302
 1-4 NB =       471.7203  1-4 EEL =      5753.1361  VDWAALS    =      5068.1012
 EELEC  =    -61149.5283  EHBOND  =         0.0000  RESTRAINT  =       116.9423
 EAMBER (non-restraint)  =    -46776.3836
 EKCMT  =      3915.9324  VIRIAL  =      3666.0153  VOLUME     =    153773.0134
                                                    Density    =         1.0302
 ------------------------------------------------------------------------------

wrapping first mol.:       19.49568       27.57105       47.75446
wrapping first mol.:       19.49568       27.57105       47.75446

 NSTEP =    44500   TIME(PS) =    1189.000  TEMP(K) =   297.62  PRESS =    66.6
 Etot   =    -37095.2355  EKtot   =      9480.8770  EPtot      =    -46576.1124
 BOND   =       408.9477  ANGLE   =      1080.6948  DIHED      =      1636.0868
 1-4 NB =       475.4022  1-4 EEL =      5731.3107  VDWAALS    =      5060.5504
 EELEC  =    -61077.0626  EHBOND  =         0.0000  RESTRAINT  =       107.9577
 EAMBER (non-restraint)  =    -46684.0701
 EKCMT  =      3988.2665  VIRIAL  =      3766.9095  VOLUME     =    154011.8420
                                                    Density    =         1.0286
 ------------------------------------------------------------------------------

wrapping first mol.:       19.49158       27.56526       47.74443
wrapping first mol.:       19.49158       27.56526       47.74443

 NSTEP =    45000   TIME(PS) =    1190.000  TEMP(K) =   294.93  PRESS =   -22.6
 Etot   =    -37443.9326  EKtot   =      9395.2334  EPtot      =    -46839.1660
 BOND   =       387.2602  ANGLE   =       989.8458  DIHED      =      1637.7514
 1-4 NB =       463.8277  1-4 EEL =      5726.5308  VDWAALS    =      5197.4148
 EELEC  =    -61357.8177  EHBOND  =         0.0000  RESTRAINT  =       116.0210
 EAMBER (non-restraint)  =    -46955.1870
 EKCMT  =      3887.7437  VIRIAL  =      3962.8714  VOLUME     =    153916.0930
                                                    Density    =         1.0292
 ------------------------------------------------------------------------------

wrapping first mol.:       19.50788       27.58831       47.78435
wrapping first mol.:       19.50788       27.58831       47.78435

 NSTEP =    45500   TIME(PS) =    1191.000  TEMP(K) =   297.05  PRESS =    28.4
 Etot   =    -37276.3020  EKtot   =      9462.7959  EPtot      =    -46739.0979
 BOND   =       387.1805  ANGLE   =      1006.2770  DIHED      =      1650.2638
 1-4 NB =       477.3355  1-4 EEL =      5780.8050  VDWAALS    =      5196.4873
 EELEC  =    -61339.8167  EHBOND  =         0.0000  RESTRAINT  =       102.3697
 EAMBER (non-restraint)  =    -46841.4676
 EKCMT  =      3969.6774  VIRIAL  =      3875.1927  VOLUME     =    154301.7605
                                                    Density    =         1.0267
 ------------------------------------------------------------------------------

wrapping first mol.:       19.51061       27.59216       47.79103
wrapping first mol.:       19.51061       27.59216       47.79103

 NSTEP =    46000   TIME(PS) =    1192.000  TEMP(K) =   298.62  PRESS =    34.1
 Etot   =    -37321.1959  EKtot   =      9512.6680  EPtot      =    -46833.8638
 BOND   =       396.2106  ANGLE   =      1007.1943  DIHED      =      1644.9784
 1-4 NB =       457.9548  1-4 EEL =      5783.5519  VDWAALS    =      5038.5351
 EELEC  =    -61291.4900  EHBOND  =         0.0000  RESTRAINT  =       129.2011
 EAMBER (non-restraint)  =    -46963.0649
 EKCMT  =      3966.1668  VIRIAL  =      3852.6732  VOLUME     =    154366.3816
                                                    Density    =         1.0262
 ------------------------------------------------------------------------------

wrapping first mol.:       19.50055       27.57794       47.76638
wrapping first mol.:       19.50055       27.57794       47.76638

 NSTEP =    46500   TIME(PS) =    1193.000  TEMP(K) =   299.57  PRESS =   395.9
 Etot   =    -37335.2199  EKtot   =      9542.9160  EPtot      =    -46878.1359
 BOND   =       378.8610  ANGLE   =      1019.5693  DIHED      =      1633.0683
 1-4 NB =       462.3787  1-4 EEL =      5734.3539  VDWAALS    =      5233.0191
 EELEC  =    -61460.0921  EHBOND  =         0.0000  RESTRAINT  =       120.7058
 EAMBER (non-restraint)  =    -46998.8418
 EKCMT  =      4089.4193  VIRIAL  =      2772.1001  VOLUME     =    154122.7254
                                                    Density    =         1.0279
 ------------------------------------------------------------------------------

wrapping first mol.:       19.50560       27.58508       47.77876
wrapping first mol.:       19.50560       27.58508       47.77876

 NSTEP =    47000   TIME(PS) =    1194.000  TEMP(K) =   297.43  PRESS =  -161.7
 Etot   =    -37307.9979  EKtot   =      9474.8389  EPtot      =    -46782.8367
 BOND   =       404.1769  ANGLE   =      1001.8352  DIHED      =      1660.0761
 1-4 NB =       467.4060  1-4 EEL =      5769.0523  VDWAALS    =      5063.1022
 EELEC  =    -61274.9505  EHBOND  =         0.0000  RESTRAINT  =       126.4651
 EAMBER (non-restraint)  =    -46909.3019
 EKCMT  =      3862.2352  VIRIAL  =      4400.8634  VOLUME     =    154250.2724
                                                    Density    =         1.0270
 ------------------------------------------------------------------------------

wrapping first mol.:       19.49778       27.57403       47.75961
wrapping first mol.:       19.49778       27.57403       47.75961

 NSTEP =    47500   TIME(PS) =    1195.000  TEMP(K) =   298.70  PRESS =  -186.3
 Etot   =    -37365.5245  EKtot   =      9515.4131  EPtot      =    -46880.9376
 BOND   =       364.6900  ANGLE   =      1064.8847  DIHED      =      1632.9009
 1-4 NB =       451.2500  1-4 EEL =      5774.3394  VDWAALS    =      5042.1777
 EELEC  =    -61334.5520  EHBOND  =         0.0000  RESTRAINT  =       123.3717
 EAMBER (non-restraint)  =    -47004.3092
 EKCMT  =      4041.0703  VIRIAL  =      4660.9033  VOLUME     =    154065.1926
                                                    Density    =         1.0282
 ------------------------------------------------------------------------------

wrapping first mol.:       19.49710       27.57307       47.75795
wrapping first mol.:       19.49710       27.57307       47.75795

 NSTEP =    48000   TIME(PS) =    1196.000  TEMP(K) =   301.82  PRESS =   -40.2
 Etot   =    -37228.7981  EKtot   =      9614.7197  EPtot      =    -46843.5178
 BOND   =       384.9083  ANGLE   =      1025.3906  DIHED      =      1652.5154
 1-4 NB =       478.3928  1-4 EEL =      5723.2663  VDWAALS    =      5151.9842
 EELEC  =    -61388.0677  EHBOND  =         0.0000  RESTRAINT  =       128.0923
 EAMBER (non-restraint)  =    -46971.6101
 EKCMT  =      4078.7791  VIRIAL  =      4212.3428  VOLUME     =    154047.1387
                                                    Density    =         1.0284
 ------------------------------------------------------------------------------

wrapping first mol.:       19.49011       27.56317       47.74081
wrapping first mol.:       19.49011       27.56317       47.74081

 NSTEP =    48500   TIME(PS) =    1197.000  TEMP(K) =   303.33  PRESS =   -88.6
 Etot   =    -37250.3504  EKtot   =      9662.7354  EPtot      =    -46913.0858
 BOND   =       404.2379  ANGLE   =      1037.8791  DIHED      =      1655.2951
 1-4 NB =       465.5346  1-4 EEL =      5747.8957  VDWAALS    =      4990.1541
 EELEC  =    -61324.5376  EHBOND  =         0.0000  RESTRAINT  =       110.4553
 EAMBER (non-restraint)  =    -47023.5411
 EKCMT  =      3978.5381  VIRIAL  =      4273.0303  VOLUME     =    153881.9832
                                                    Density    =         1.0295
 ------------------------------------------------------------------------------

wrapping first mol.:       19.48252       27.55245       47.72224
wrapping first mol.:       19.48252       27.55245       47.72224

 NSTEP =    49000   TIME(PS) =    1198.000  TEMP(K) =   303.72  PRESS =  -132.4
 Etot   =    -37206.9432  EKtot   =      9675.1934  EPtot      =    -46882.1366
 BOND   =       409.6481  ANGLE   =      1048.9037  DIHED      =      1638.3576
 1-4 NB =       454.4268  1-4 EEL =      5737.5030  VDWAALS    =      5079.3792
 EELEC  =    -61358.9333  EHBOND  =         0.0000  RESTRAINT  =       108.5784
 EAMBER (non-restraint)  =    -46990.7149
 EKCMT  =      4041.1342  VIRIAL  =      4480.3826  VOLUME     =    153703.0600
                                                    Density    =         1.0307
 ------------------------------------------------------------------------------

wrapping first mol.:       19.48918       27.56186       47.73854
wrapping first mol.:       19.48918       27.56186       47.73854

 NSTEP =    49500   TIME(PS) =    1199.000  TEMP(K) =   302.07  PRESS =  -461.6
 Etot   =    -37106.9093  EKtot   =      9622.6318  EPtot      =    -46729.5411
 BOND   =       401.3938  ANGLE   =      1017.6913  DIHED      =      1631.9292
 1-4 NB =       465.2785  1-4 EEL =      5759.5206  VDWAALS    =      4952.6152
 EELEC  =    -61063.9639  EHBOND  =         0.0000  RESTRAINT  =       105.9942
 EAMBER (non-restraint)  =    -46835.5354
 EKCMT  =      3930.6465  VIRIAL  =      5464.1233  VOLUME     =    153865.1278
                                                    Density    =         1.0296
 ------------------------------------------------------------------------------

wrapping first mol.:       19.49134       27.56492       47.74383
wrapping first mol.:       19.49134       27.56492       47.74383

 NSTEP =    50000   TIME(PS) =    1200.000  TEMP(K) =   300.06  PRESS =   -95.7
 Etot   =    -37252.1175  EKtot   =      9558.6113  EPtot      =    -46810.7288
 BOND   =       412.9250  ANGLE   =      1033.3844  DIHED      =      1648.4397
 1-4 NB =       474.7756  1-4 EEL =      5714.6038  VDWAALS    =      5173.2445
 EELEC  =    -61397.1354  EHBOND  =         0.0000  RESTRAINT  =       129.0336
 EAMBER (non-restraint)  =    -46939.7625
 EKCMT  =      4028.6471  VIRIAL  =      4346.7917  VOLUME     =    153911.3186
                                                    Density    =         1.0293
 ------------------------------------------------------------------------------


      A V E R A G E S   O V E R     100 S T E P S


 NSTEP =    50000   TIME(PS) =    1200.000  TEMP(K) =   299.57  PRESS =    16.1
 Etot   =    -37228.0815  EKtot   =      9543.0509  EPtot      =    -46771.1325
 BOND   =       394.4284  ANGLE   =      1021.5929  DIHED      =      1643.5497
 1-4 NB =       468.6653  1-4 EEL =      5761.0483  VDWAALS    =      5129.8191
 EELEC  =    -61311.9100  EHBOND  =         0.0000  RESTRAINT  =       121.6738
 EAMBER (non-restraint)  =    -46892.8063
 EKCMT  =      3992.3965  VIRIAL  =      3938.9556  VOLUME     =    153954.9426
                                                    Density    =         1.0290
 ------------------------------------------------------------------------------


      R M S  F L U C T U A T I O N S


 NSTEP =    50000   TIME(PS) =    1200.000  TEMP(K) =     2.38  PRESS =   191.4
 Etot   =       115.2332  EKtot   =        75.8417  EPtot      =        96.4221
 BOND   =        17.0077  ANGLE   =        25.1478  DIHED      =         9.6595
 1-4 NB =         8.4290  1-4 EEL =        24.6016  VDWAALS    =       102.1394
 EELEC  =       151.7378  EHBOND  =         0.0000  RESTRAINT  =         7.1110
 EAMBER (non-restraint)  =        89.3111
 EKCMT  =        55.3573  VIRIAL  =       632.2283  VOLUME     =       275.6556
                                                    Density    =         0.0018
 ------------------------------------------------------------------------------

--------------------------------------------------------------------------------
   5.  TIMINGS
--------------------------------------------------------------------------------

|  NonSetup CPU Time in Major Routines:
|
|     Routine           Sec        %
|     ------------------------------
|     Nonbond          97.06   89.69
|     Bond              0.00    0.00
|     Angle             0.00    0.00
|     Dihedral          0.00    0.00
|     Shake             0.35    0.32
|     RunMD            10.75    9.94
|     Other             0.06    0.06
|     ------------------------------
|     Total           108.22

|  PME Nonbond Pairlist CPU Time:
|
|     Routine              Sec        %
|     ---------------------------------
|     Set Up Cit           0.00    0.00
|     Build List           0.00    0.00
|     ---------------------------------
|     Total                0.00    0.00

|  PME Direct Force CPU Time:
|
|     Routine              Sec        %
|     ---------------------------------
|     NonBonded Calc       0.00    0.00
|     Exclude Masked       0.00    0.00
|     Other                0.03    0.03
|     ---------------------------------
|     Total                0.03    0.03

|  PME Reciprocal Force CPU Time:
|
|     Routine              Sec        %
|     ---------------------------------
|     1D bspline           0.00    0.00
|     Grid Charges         0.00    0.00
|     Scalar Sum           0.00    0.00
|     Gradient Sum         0.00    0.00
|     FFT                  0.00    0.00
|     ---------------------------------
|     Total                0.00    0.00

|  Final Performance Info:
|     -----------------------------------------------------
|     Average timings for last   22000 steps:
|     Elapsed(s) =      47.61 Per Step(ms) =       2.16
|         ns/day =      79.85   seconds/ns =    1081.97
|
|     Average timings for all steps:
|     Elapsed(s) =     108.21 Per Step(ms) =       2.16
|         ns/day =      79.85   seconds/ns =    1082.09
|     -----------------------------------------------------

|  Setup CPU time:            0.42 seconds
|  NonSetup CPU time:       108.22 seconds
|  Total CPU time:          108.64 seconds     0.03 hours

|  Setup wall time:           1    seconds
|  NonSetup wall time:      108    seconds
|  Total wall time:         109    seconds     0.03 hours
