
          -------------------------------------------------------
          Amber 18 PMEMD                              2018
          -------------------------------------------------------

| PMEMD implementation of SANDER, Release 18

| Run on 12/21/2018 at 17:17:00

|   Executable path: pmemd
| Working directory: /home/pbarletta/labo/18/lbp/run/wat1ifb/mhe/m
|          Hostname: Unknown
  [-O]verwriting output

File Assignments:
|   MDIN: min.in                                                                
|  MDOUT: min.out                                                               
| INPCRD: wat1ifb.rst7                                                          
|   PARM: /home/german/lbp/top_files/wat1ifb.prmtop                             
| RESTRT: mwat1ifb.rst7                                                         
|   REFC: wat1ifb.rst7                                                          
|  MDVEL: mdvel                                                                 
|   MDEN: mden                                                                  
|  MDCRD: mdcrd                                                                 
| MDINFO: mdinfo                                                                
|  MDFRC: mdfrc                                                                 


 Here is the input file:

Minimization with Cartesian restraints                                         
&cntrl                                                                         
imin=1,                                                                        
ntmin=1,                                 ! Steepest Descent, then Conjugate Gra
ncyc=200,                                ! 200 steps of Steepest Descent       
maxcyc=1000,                             ! 800 steps of Conjugate Gradient     
ntpr=5,                                                                        
ntr=1,                                   ! Use restraints                      
restraint_wt=10.0,                       ! 10 Kcal/mol                         
restraintmask=':1-131',                  ! Apply restraints on whole molecule. 
&end                                                                           


Note: ig = -1. Setting random seed to   385322 based on wallclock time in 
      microseconds.
| irandom = 1, using AMBER's internal random number generator (default).
 
 
| Conditional Compilation Defines Used:
| PUBFFT
| BINTRAJ
| EMIL

| Largest sphere to fit in unit cell has radius =    25.334


  Unit    8 Error on OPEN: /home/german/lbp/top_files/wat1ifb.prmtop                                                                                                                                                                                                                       
