
          -------------------------------------------------------
          Amber 16 PMEMD                              2016
          -------------------------------------------------------

| PMEMD implementation of SANDER, Release 16

| Run on 11/07/2018 at 10:14:43

|   Executable path: pmemd
| Working directory: /home/german/lbp/run/2ifb/mhe/m
|          Hostname: Unknown
  [-O]verwriting output

File Assignments:
|   MDIN: min.in                                                                
|  MDOUT: min.out                                                               
| INPCRD: 2ifb.rst7                                                             
|   PARM: /home/german/lbp/top_files/2ifb.prmtop                                
| RESTRT: m2ifb.rst7                                                            
|   REFC: 2ifb.rst7                                                             
|  MDVEL: mdvel                                                                 
|   MDEN: mden                                                                  
|  MDCRD: mdcrd                                                                 
| MDINFO: mdinfo                                                                
|  MDFRC: mdfrc                                                                 


 Here is the input file:

Minimization with Cartesian restraints                                         
&cntrl                                                                         
imin=1,                                                                        
ntmin=1,                                 ! Steepest Descent, then Conjugate Gra
ncyc=200,                                ! 200 steps of Steepest Descent       
maxcyc=1000,                             ! 800 steps of Conjugate Gradient     
ntpr=5,                                                                        
ntr=1,                                   ! Use restraints                      
restraint_wt=10.0,                       ! 10 Kcal/mol                         
restraintmask=':1-131',                  ! Apply restraints on whole molecule. 
&end                                                                           


Note: ig = -1. Setting random seed to   804881 based on wallclock time in 
      microseconds.
 
 
| Conditional Compilation Defines Used:
| PUBFFT
| BINTRAJ
| EMIL

| Largest sphere to fit in unit cell has radius =    25.373

| New format PARM file being parsed.
| Version =    1.000 Date = 11/06/18 Time = 18:10:34

| Note: 1-4 EEL scale factors are being read from the topology file.

| Note: 1-4 VDW scale factors are being read from the topology file.
| Duplicated    0 dihedrals

| Duplicated    0 dihedrals

--------------------------------------------------------------------------------
   1.  RESOURCE   USE: 
--------------------------------------------------------------------------------

 getting new box info from bottom of inpcrd
 NATOM  =   15768 NTYPES =      16 NBONH =   14693 MBONA  =    1090
 NTHETH =    2483 MTHETA =    1455 NPHIH =    4974 MPHIA  =    4548
 NHPARM =       0 NPARM  =       0 NNB   =   30050 NRES   =    4667
 NBONA  =    1090 NTHETA =    1455 NPHIA =    4548 NUMBND =      71
 NUMANG =     152 NPTRA  =     186 NATYP =      40 NPHB   =       1
 IFBOX  =       2 NMXRS  =      50 IFCAP =       0 NEXTRA =       0
 NCOPY  =       0

| Coordinate Index Table dimensions:    12   12   12
| Direct force subcell size =     5.1792    5.1792    5.1792

     BOX TYPE: TRUNCATED OCTAHEDRON

--------------------------------------------------------------------------------
   2.  CONTROL  DATA  FOR  THE  RUN
--------------------------------------------------------------------------------

default_name                                                                    

General flags:
     imin    =       1, nmropt  =       0

Nature and format of input:
     ntx     =       1, irest   =       0, ntrx    =       1

Nature and format of output:
     ntxo    =       2, ntpr    =       5, ntrx    =       1, ntwr    =       1
     iwrap   =       0, ntwx    =       0, ntwv    =       0, ntwe    =       0
     ioutfm  =       1, ntwprt  =       0, idecomp =       0, rbornstat=      0

Potential function:
     ntf     =       1, ntb     =       1, igb     =       0, nsnb    =      25
     ipol    =       0, gbsa    =       0, iesp    =       0
     dielc   =   1.00000, cut     =   8.00000, intdiel =   1.00000

Frozen or restrained atoms:
     ibelly  =       0, ntr     =       1
     restraint_wt =  10.00000

Energy minimization:
     maxcyc  =    1000, ncyc    =     200, ntmin   =       1
     dx0     =   0.01000, drms    =   0.00010

| Intermolecular bonds treatment:
|     no_intermolecular_bonds =       1

| Energy averages sample interval:
|     ene_avg_sampling =       1

Ewald parameters:
     verbose =       0, ew_type =       0, nbflag  =       1, use_pme =       1
     vdwmeth =       1, eedmeth =       1, netfrc  =       0
     Box X =   62.151   Box Y =   62.151   Box Z =   62.151
     Alpha =  109.471   Beta  =  109.471   Gamma =  109.471
     NFFT1 =   64       NFFT2 =   64       NFFT3 =   64
     Cutoff=    8.000   Tol   =0.100E-04
     Ewald Coefficient =  0.34864
     Interpolation order =    4

    LOADING THE CONSTRAINED ATOMS AS GROUPS


   5.  REFERENCE ATOM COORDINATES

  default_name                                                                    
     Mask :1-131; matches  2113 atoms

--------------------------------------------------------------------------------
   3.  ATOMIC COORDINATES AND VELOCITIES
--------------------------------------------------------------------------------

default_name                                                                    
 begin time read from input coords =     0.000 ps

 
 Number of triangulated 3-point waters found:     4535

     Sum of charges from parm topology file =   0.00200096
     Forcing neutrality...

| Dynamic Memory, Types Used:
| Reals              535240
| Integers           558502

| Nonbonded Pairs Initial Allocation:     2633650

--------------------------------------------------------------------------------
   4.  RESULTS
--------------------------------------------------------------------------------

 ---------------------------------------------------
 APPROXIMATING switch and d/dx switch using CUBIC SPLINE INTERPOLATION
 using   5000.0 points per unit in tabled values
 TESTING RELATIVE ERROR over r ranging from 0.0 to cutoff
| CHECK switch(x): max rel err =   0.2738E-14   at   2.422500
| CHECK d/dx switch(x): max rel err =   0.8332E-11   at   2.782960
 ---------------------------------------------------
|---------------------------------------------------
| APPROXIMATING direct energy using CUBIC SPLINE INTERPOLATION
|  with   50.0 points per unit in tabled values
| Relative Error Limit not exceeded for r .gt.   2.47
| APPROXIMATING direct force using CUBIC SPLINE INTERPOLATION
|  with   50.0 points per unit in tabled values
| Relative Error Limit not exceeded for r .gt.   2.89
|---------------------------------------------------


   NSTEP       ENERGY          RMS            GMAX         NAME    NUMBER
      1      -3.4496E+04     1.0408E+02     8.4044E+03     O        7756

 BOND    =      166.3330  ANGLE   =      533.9045  DIHED      =     1632.4112
 VDWAALS =     8781.1914  EEL     =   -52471.9867  HBOND      =        0.0000
 1-4 VDW =      702.8301  1-4 EEL =     6159.7002  RESTRAINT  =        0.0000


   NSTEP       ENERGY          RMS            GMAX         NAME    NUMBER
      5      -3.5712E+04     7.1956E+01     5.6681E+03     O        7756

 BOND    =      165.6236  ANGLE   =      532.7567  DIHED      =     1632.2952
 VDWAALS =     7592.2670  EEL     =   -52496.7488  HBOND      =        0.0000
 1-4 VDW =      702.6683  1-4 EEL =     6159.4858  RESTRAINT  =        0.0005
 EAMBER  =   -35711.6523


   NSTEP       ENERGY          RMS            GMAX         NAME    NUMBER
     10      -3.7611E+04     3.0910E+01     2.0508E+03     O        7756

 BOND    =      175.9553  ANGLE   =      526.8587  DIHED      =     1631.6917
 VDWAALS =     5802.5291  EEL     =   -52608.6445  HBOND      =        0.0000
 1-4 VDW =      701.8204  1-4 EEL =     6158.3930  RESTRAINT  =        0.0172
 EAMBER  =   -37611.3964


   NSTEP       ENERGY          RMS            GMAX         NAME    NUMBER
     15      -3.9464E+04     1.2584E+01     3.8450E+02     O        7756

 BOND    =      268.7342  ANGLE   =      495.5944  DIHED      =     1628.2542
 VDWAALS =     4494.3180  EEL     =   -53200.1915  HBOND      =        0.0000
 1-4 VDW =      696.8036  1-4 EEL =     6152.3801  RESTRAINT  =        0.4254
 EAMBER  =   -39464.1070


   NSTEP       ENERGY          RMS            GMAX         NAME    NUMBER
     20      -4.1597E+04     6.1307E+00     1.1680E+02     O       14134

 BOND    =      967.5283  ANGLE   =      418.0822  DIHED      =     1617.7136
 VDWAALS =     3790.7449  EEL     =   -55201.3978  HBOND      =        0.0000
 1-4 VDW =      677.6940  1-4 EEL =     6128.1732  RESTRAINT  =        4.2989
 EAMBER  =   -41601.4616


   NSTEP       ENERGY          RMS            GMAX         NAME    NUMBER
     25      -4.4073E+04     3.0211E+00     4.3548E+01     O       13735

 BOND    =     2227.4398  ANGLE   =      341.9651  DIHED      =     1615.4824
 VDWAALS =     3351.0588  EEL     =   -58313.8136  HBOND      =        0.0000
 1-4 VDW =      631.9284  1-4 EEL =     6045.5040  RESTRAINT  =       27.1077
 EAMBER  =   -44100.4350


   NSTEP       ENERGY          RMS            GMAX         NAME    NUMBER
     30      -4.6053E+04     6.1426E+00     1.5761E+02     H1      13634

 BOND    =     2194.1499  ANGLE   =      311.9010  DIHED      =     1618.4491
 VDWAALS =     3291.2869  EEL     =   -60094.3547  HBOND      =        0.0000
 1-4 VDW =      588.1797  1-4 EEL =     5966.1677  RESTRAINT  =       71.0096
 EAMBER  =   -46124.2204


   NSTEP       ENERGY          RMS            GMAX         NAME    NUMBER
     35      -4.6859E+04     2.0198E+00     2.7825E+01     H1      13634

 BOND    =     2516.1900  ANGLE   =      298.6604  DIHED      =     1617.9499
 VDWAALS =     3297.2538  EEL     =   -61202.7996  HBOND      =        0.0000
 1-4 VDW =      577.5307  1-4 EEL =     5952.3056  RESTRAINT  =       83.6739
 EAMBER  =   -46942.9092


   NSTEP       ENERGY          RMS            GMAX         NAME    NUMBER
     40      -4.7063E+04     7.3641E+00     2.0084E+02     H1      13634

 BOND    =     2265.9625  ANGLE   =      296.1668  DIHED      =     1617.3685
 VDWAALS =     3331.3257  EEL     =   -61182.7906  HBOND      =        0.0000
 1-4 VDW =      568.5264  1-4 EEL =     5940.7490  RESTRAINT  =       99.3922
 EAMBER  =   -47162.6917


   NSTEP       ENERGY          RMS            GMAX         NAME    NUMBER
     45      -4.7868E+04     2.5937E+00     6.1745E+01     H1      13634

 BOND    =     2752.7471  ANGLE   =      287.5730  DIHED      =     1616.7368
 VDWAALS =     3353.3555  EEL     =   -62482.9461  HBOND      =        0.0000
 1-4 VDW =      560.4849  1-4 EEL =     5931.5956  RESTRAINT  =      111.9936
 EAMBER  =   -47980.4533


   NSTEP       ENERGY          RMS            GMAX         NAME    NUMBER
     50      -4.8254E+04     1.9640E+00     3.8745E+01     H1      13634

 BOND    =     2703.1553  ANGLE   =      284.0816  DIHED      =     1616.2370
 VDWAALS =     3385.5874  EEL     =   -62846.3397  HBOND      =        0.0000
 1-4 VDW =      555.1086  1-4 EEL =     5925.5071  RESTRAINT  =      122.8169
 EAMBER  =   -48376.6627


   NSTEP       ENERGY          RMS            GMAX         NAME    NUMBER
     55      -4.8606E+04     2.0250E+00     4.2049E+01     C1       2114

 BOND    =     2758.8683  ANGLE   =      281.1623  DIHED      =     1615.6985
 VDWAALS =     3423.1808  EEL     =   -63288.9034  HBOND      =        0.0000
 1-4 VDW =      550.2894  1-4 EEL =     5920.1212  RESTRAINT  =      133.6285
 EAMBER  =   -48739.5827


   NSTEP       ENERGY          RMS            GMAX         NAME    NUMBER
     60      -4.8849E+04     3.4580E+00     8.6770E+01     C1       2114

 BOND    =     3008.3039  ANGLE   =      279.6740  DIHED      =     1615.2069
 VDWAALS =     3460.5021  EEL     =   -63817.8863  HBOND      =        0.0000
 1-4 VDW =      546.5308  1-4 EEL =     5915.9219  RESTRAINT  =      142.8610
 EAMBER  =   -48991.7466


   NSTEP       ENERGY          RMS            GMAX         NAME    NUMBER
     65      -4.9109E+04     3.8193E+00     1.0982E+02     C1       2114

 BOND    =     3100.4818  ANGLE   =      278.2355  DIHED      =     1614.7323
 VDWAALS =     3502.4420  EEL     =   -64211.7563  HBOND      =        0.0000
 1-4 VDW =      543.3521  1-4 EEL =     5912.3910  RESTRAINT  =      151.3891
 EAMBER  =   -49260.1217


   NSTEP       ENERGY          RMS            GMAX         NAME    NUMBER
     70      -4.9333E+04     3.6899E+00     1.0286E+02     C1       2114

 BOND    =     3107.5652  ANGLE   =      276.7160  DIHED      =     1614.3447
 VDWAALS =     3540.1462  EEL     =   -64480.9605  HBOND      =        0.0000
 1-4 VDW =      541.0923  1-4 EEL =     5909.8817  RESTRAINT  =      157.9096
 EAMBER  =   -49491.2144


   NSTEP       ENERGY          RMS            GMAX         NAME    NUMBER
     75      -4.9627E+04     1.1349E+00     1.9045E+01     C1       2114

 BOND    =     2656.8907  ANGLE   =      273.9686  DIHED      =     1613.9827
 VDWAALS =     3581.5286  EEL     =   -64364.4138  HBOND      =        0.0000
 1-4 VDW =      539.1833  1-4 EEL =     5907.8840  RESTRAINT  =      163.8569
 EAMBER  =   -49790.9759


   NSTEP       ENERGY          RMS            GMAX         NAME    NUMBER
     80      -4.9724E+04     4.0501E+00     1.3216E+02     C1       2114

 BOND    =     3217.9762  ANGLE   =      274.8163  DIHED      =     1613.5761
 VDWAALS =     3623.5888  EEL     =   -65066.2608  HBOND      =        0.0000
 1-4 VDW =      537.3319  1-4 EEL =     5905.6099  RESTRAINT  =      169.7966
 EAMBER  =   -49893.3615


   NSTEP       ENERGY          RMS            GMAX         NAME    NUMBER
     85      -4.9902E+04     4.2331E+00     1.5136E+02     C1       2114

 BOND    =     3272.5142  ANGLE   =      274.2825  DIHED      =     1613.2108
 VDWAALS =     3668.2020  EEL     =   -65344.9794  HBOND      =        0.0000
 1-4 VDW =      535.8178  1-4 EEL =     5903.8799  RESTRAINT  =      175.0123
 EAMBER  =   -50077.0722


   NSTEP       ENERGY          RMS            GMAX         NAME    NUMBER
     90      -5.0187E+04     1.3939E+00     5.1391E+01     C1       2114

 BOND    =     2663.7282  ANGLE   =      271.0440  DIHED      =     1612.8942
 VDWAALS =     3713.0210  EEL     =   -65064.0888  HBOND      =        0.0000
 1-4 VDW =      534.6225  1-4 EEL =     5902.7942  RESTRAINT  =      179.3686
 EAMBER  =   -50365.9846


   NSTEP       ENERGY          RMS            GMAX         NAME    NUMBER
     95      -5.0326E+04     9.5959E-01     1.6578E+01     C1       2114

 BOND    =     2745.7297  ANGLE   =      270.3203  DIHED      =     1612.6327
 VDWAALS =     3748.7177  EEL     =   -65321.4922  HBOND      =        0.0000
 1-4 VDW =      533.7215  1-4 EEL =     5901.7278  RESTRAINT  =      182.7010
 EAMBER  =   -50508.6425


   NSTEP       ENERGY          RMS            GMAX         NAME    NUMBER
    100      -5.0486E+04     9.5339E-01     2.2553E+01     C1       2114

 BOND    =     2758.9586  ANGLE   =      269.6390  DIHED      =     1612.3195
 VDWAALS =     3795.1513  EEL     =   -65541.7697  HBOND      =        0.0000
 1-4 VDW =      532.7200  1-4 EEL =     5900.5990  RESTRAINT  =      186.5628
 EAMBER  =   -50672.3823


   NSTEP       ENERGY          RMS            GMAX         NAME    NUMBER
    105      -5.0627E+04     1.9635E+00     1.0982E+02     C1       2114

 BOND    =     2663.9848  ANGLE   =      269.7580  DIHED      =     1612.0054
 VDWAALS =     3846.0432  EEL     =   -65640.8785  HBOND      =        0.0000
 1-4 VDW =      531.7959  1-4 EEL =     5899.6932  RESTRAINT  =      190.2823
 EAMBER  =   -50817.5979


   NSTEP       ENERGY          RMS            GMAX         NAME    NUMBER
    110      -5.0771E+04     1.1821E+00     5.7589E+01     C1       2114

 BOND    =     2753.1092  ANGLE   =      268.6101  DIHED      =     1611.7529
 VDWAALS =     3887.0999  EEL     =   -65914.0729  HBOND      =        0.0000
 1-4 VDW =      531.1362  1-4 EEL =     5898.8607  RESTRAINT  =      192.9865
 EAMBER  =   -50963.5039


   NSTEP       ENERGY          RMS            GMAX         NAME    NUMBER
    115      -5.0903E+04     1.3634E+00     7.9703E+01     C1       2114

 BOND    =     2751.7159  ANGLE   =      268.2890  DIHED      =     1611.4991
 VDWAALS =     3934.2689  EEL     =   -66093.4797  HBOND      =        0.0000
 1-4 VDW =      530.4792  1-4 EEL =     5898.1397  RESTRAINT  =      195.7673
 EAMBER  =   -51099.0880


   NSTEP       ENERGY          RMS            GMAX         NAME    NUMBER
    120      -5.1000E+04     2.1763E+00     1.4054E+02     C1       2114

 BOND    =     2698.1775  ANGLE   =      268.8284  DIHED      =     1611.2896
 VDWAALS =     3977.1826  EEL     =   -66181.4487  HBOND      =        0.0000
 1-4 VDW =      529.9581  1-4 EEL =     5897.6233  RESTRAINT  =      198.0374
 EAMBER  =   -51198.3891


   NSTEP       ENERGY          RMS            GMAX         NAME    NUMBER
    125      -5.1117E+04     2.3207E+00     1.7662E+02     C1       2114

 BOND    =     2717.4992  ANGLE   =      269.1728  DIHED      =     1611.0770
 VDWAALS =     4023.3514  EEL     =   -66365.2518  HBOND      =        0.0000
 1-4 VDW =      529.4527  1-4 EEL =     5897.1335  RESTRAINT  =      200.2453
 EAMBER  =   -51317.5651


   NSTEP       ENERGY          RMS            GMAX         NAME    NUMBER
    130      -5.1223E+04     2.5627E+00     2.1980E+02     C1       2114

 BOND    =     2733.1685  ANGLE   =      269.9021  DIHED      =     1610.8936
 VDWAALS =     4068.4912  EEL     =   -66533.1575  HBOND      =        0.0000
 1-4 VDW =      529.0185  1-4 EEL =     5896.7315  RESTRAINT  =      202.1911
 EAMBER  =   -51424.9520


   NSTEP       ENERGY          RMS            GMAX         NAME    NUMBER
    135      -5.1322E+04     2.4252E+00     2.0699E+02     C1       2114

 BOND    =     2750.1565  ANGLE   =      269.2200  DIHED      =     1610.7289
 VDWAALS =     4106.9260  EEL     =   -66687.7445  HBOND      =        0.0000
 1-4 VDW =      528.6900  1-4 EEL =     5896.3422  RESTRAINT  =      203.6922
 EAMBER  =   -51525.6809


   NSTEP       ENERGY          RMS            GMAX         NAME    NUMBER
    140      -5.1426E+04     2.4925E+00     2.3219E+02     C1       2114

 BOND    =     2777.2169  ANGLE   =      269.5586  DIHED      =     1610.5651
 VDWAALS =     4152.1964  EEL     =   -66865.4882  HBOND      =        0.0000
 1-4 VDW =      528.3369  1-4 EEL =     5895.9856  RESTRAINT  =      205.3074
 EAMBER  =   -51631.6287


   NSTEP       ENERGY          RMS            GMAX         NAME    NUMBER
    145      -5.1561E+04     7.6872E-01     3.1329E+01     C1       2114

 BOND    =     2944.3387  ANGLE   =      265.9236  DIHED      =     1610.3540
 VDWAALS =     4192.7317  EEL     =   -67204.6883  HBOND      =        0.0000
 1-4 VDW =      528.0588  1-4 EEL =     5895.3014  RESTRAINT  =      206.6293
 EAMBER  =   -51767.9801


   NSTEP       ENERGY          RMS            GMAX         NAME    NUMBER
    150      -5.1608E+04     2.7163E+00     2.7151E+02     C1       2114

 BOND    =     2810.5942  ANGLE   =      270.3034  DIHED      =     1610.2931
 VDWAALS =     4236.5799  EEL     =   -67166.8986  HBOND      =        0.0000
 1-4 VDW =      527.7712  1-4 EEL =     5895.4065  RESTRAINT  =      207.9243
 EAMBER  =   -51815.9504


   NSTEP       ENERGY          RMS            GMAX         NAME    NUMBER
    155      -5.1698E+04     2.8009E+00     3.1016E+02     C1       2114

 BOND    =     2853.8404  ANGLE   =      271.2937  DIHED      =     1610.1815
 VDWAALS =     4280.0549  EEL     =   -67345.2237  HBOND      =        0.0000
 1-4 VDW =      527.5217  1-4 EEL =     5895.2450  RESTRAINT  =      209.0911
 EAMBER  =   -51907.0865


   NSTEP       ENERGY          RMS            GMAX         NAME    NUMBER
    160      -5.1840E+04     8.4278E-01     6.4583E+01     C1       2114

 BOND    =     2983.7302  ANGLE   =      265.2161  DIHED      =     1609.9225
 VDWAALS =     4321.7690  EEL     =   -67652.5083  HBOND      =        0.0000
 1-4 VDW =      527.3206  1-4 EEL =     5894.4565  RESTRAINT  =      210.1168
 EAMBER  =   -52050.0934


   NSTEP       ENERGY          RMS            GMAX         NAME    NUMBER
    165      -5.1916E+04     6.9627E-01     2.5532E+01     C1       2114

 BOND    =     2983.8313  ANGLE   =      265.0121  DIHED      =     1609.8489
 VDWAALS =     4357.8523  EEL     =   -67764.9974  HBOND      =        0.0000
 1-4 VDW =      527.1393  1-4 EEL =     5894.3382  RESTRAINT  =      210.9271
 EAMBER  =   -52126.9752


   NSTEP       ENERGY          RMS            GMAX         NAME    NUMBER
    170      -5.1941E+04     3.0874E+00     3.8825E+02     C1       2114

 BOND    =     2958.4208  ANGLE   =      273.7179  DIHED      =     1609.9074
 VDWAALS =     4404.9141  EEL     =   -67821.8585  HBOND      =        0.0000
 1-4 VDW =      526.9293  1-4 EEL =     5894.8375  RESTRAINT  =      211.9053
 EAMBER  =   -52153.1315


   NSTEP       ENERGY          RMS            GMAX         NAME    NUMBER
    175      -5.2087E+04     1.1560E+00     1.2960E+02     C1       2114

 BOND    =     3025.3454  ANGLE   =      264.9969  DIHED      =     1609.5934
 VDWAALS =     4446.6736  EEL     =   -68066.4152  HBOND      =        0.0000
 1-4 VDW =      526.7771  1-4 EEL =     5893.7728  RESTRAINT  =      212.6991
 EAMBER  =   -52299.2558


   NSTEP       ENERGY          RMS            GMAX         NAME    NUMBER
    180      -5.2163E+04     8.3703E-01     7.4188E+01     C1       2114

 BOND    =     3023.1097  ANGLE   =      264.5128  DIHED      =     1609.5180
 VDWAALS =     4484.0629  EEL     =   -68178.3332  HBOND      =        0.0000
 1-4 VDW =      526.6248  1-4 EEL =     5893.7486  RESTRAINT  =      213.3405
 EAMBER  =   -52376.7563


   NSTEP       ENERGY          RMS            GMAX         NAME    NUMBER
    185      -5.2233E+04     6.6917E-01     3.1220E+01     C1       2114

 BOND    =     3028.2344  ANGLE   =      264.3702  DIHED      =     1609.4848
 VDWAALS =     4519.7189  EEL     =   -68288.8337  HBOND      =        0.0000
 1-4 VDW =      526.4922  1-4 EEL =     5893.6975  RESTRAINT  =      213.9111
 EAMBER  =   -52446.8357


   NSTEP       ENERGY          RMS            GMAX         NAME    NUMBER
    190      -5.2305E+04     1.4965E+00     1.8727E+02     C1       2114

 BOND    =     3063.1328  ANGLE   =      265.1455  DIHED      =     1609.3194
 VDWAALS =     4565.8401  EEL     =   -68443.1382  HBOND      =        0.0000
 1-4 VDW =      526.3644  1-4 EEL =     5893.2746  RESTRAINT  =      214.6131
 EAMBER  =   -52520.0614


   NSTEP       ENERGY          RMS            GMAX         NAME    NUMBER
    195      -5.2384E+04     8.7732E-01     8.7140E+01     C1       2114

 BOND    =     3055.0419  ANGLE   =      264.1360  DIHED      =     1609.2707
 VDWAALS =     4603.0260  EEL     =   -68550.4551  HBOND      =        0.0000
 1-4 VDW =      526.2369  1-4 EEL =     5893.3693  RESTRAINT  =      215.1025
 EAMBER  =   -52599.3743


   NSTEP       ENERGY          RMS            GMAX         NAME    NUMBER
    200      -5.2445E+04     1.6254E+00     2.1124E+02     C1       2114

 BOND    =     3082.2290  ANGLE   =      265.0596  DIHED      =     1609.1460
 VDWAALS =     4644.4788  EEL     =   -68680.6517  HBOND      =        0.0000
 1-4 VDW =      526.1409  1-4 EEL =     5893.0035  RESTRAINT  =      215.6365
 EAMBER  =   -52660.5939


   NSTEP       ENERGY          RMS            GMAX         NAME    NUMBER
    205      -5.2486E+04     6.2865E-01     2.7882E+01     C1       2114

 BOND    =     3065.8826  ANGLE   =      263.8689  DIHED      =     1609.1750
 VDWAALS =     4658.5074  EEL     =   -68719.0327  HBOND      =        0.0000
 1-4 VDW =      526.0710  1-4 EEL =     5893.3696  RESTRAINT  =      215.7802
 EAMBER  =   -52702.1582


   NSTEP       ENERGY          RMS            GMAX         NAME    NUMBER
    210      -5.3471E+04     6.2457E+00     3.7339E+02     O        9865

 BOND    =     4055.2297  ANGLE   =      264.1955  DIHED      =     1607.6655
 VDWAALS =     6106.6876  EEL     =   -72152.0981  HBOND      =        0.0000
 1-4 VDW =      523.1523  1-4 EEL =     5892.5663  RESTRAINT  =      231.2138
 EAMBER  =   -53702.6012


   NSTEP       ENERGY          RMS            GMAX         NAME    NUMBER
    215      -5.3797E+04     1.0152E+00     5.7625E+01     H1       9866

 BOND    =     3371.7016  ANGLE   =      261.6178  DIHED      =     1607.6560
 VDWAALS =     5866.4518  EEL     =   -71548.2730  HBOND      =        0.0000
 1-4 VDW =      523.5114  1-4 EEL =     5891.9699  RESTRAINT  =      228.8290
 EAMBER  =   -54025.3645


   NSTEP       ENERGY          RMS            GMAX         NAME    NUMBER
    220      -5.4051E+04     1.5432E+00     7.8107E+01     C1       2114

 BOND    =     3393.6768  ANGLE   =      283.7121  DIHED      =     1607.6300
 VDWAALS =     5926.7136  EEL     =   -71898.2288  HBOND      =        0.0000
 1-4 VDW =      524.3851  1-4 EEL =     5888.0648  RESTRAINT  =      222.8500
 EAMBER  =   -54274.0465


   NSTEP       ENERGY          RMS            GMAX         NAME    NUMBER
    225      -5.4216E+04     1.6017E+00     6.9935E+01     C2       2117

 BOND    =     3449.4497  ANGLE   =      290.0120  DIHED      =     1608.8591
 VDWAALS =     6081.1702  EEL     =   -72276.9969  HBOND      =        0.0000
 1-4 VDW =      524.5993  1-4 EEL =     5888.0486  RESTRAINT  =      218.5258
 EAMBER  =   -54434.8579


   NSTEP       ENERGY          RMS            GMAX         NAME    NUMBER
    230      -5.4220E+04     1.5361E+00     6.6660E+01     C2       2117

 BOND    =     3447.4337  ANGLE   =      289.4156  DIHED      =     1608.8399
 VDWAALS =     6080.8832  EEL     =   -72277.4551  HBOND      =        0.0000
 1-4 VDW =      524.5986  1-4 EEL =     5888.0738  RESTRAINT  =      218.5241
 EAMBER  =   -54438.2103


   NSTEP       ENERGY          RMS            GMAX         NAME    NUMBER
    235      -5.4376E+04     1.1075E+00     5.0983E+01     O2       2116

 BOND    =     3401.2669  ANGLE   =      265.2715  DIHED      =     1607.4230
 VDWAALS =     6076.3020  EEL     =   -72360.6288  HBOND      =        0.0000
 1-4 VDW =      524.4932  1-4 EEL =     5891.5216  RESTRAINT  =      218.6294
 EAMBER  =   -54594.3506


   NSTEP       ENERGY          RMS            GMAX         NAME    NUMBER
    240      -5.4461E+04     9.7659E-01     7.1286E+01     O2       2116

 BOND    =     3455.9112  ANGLE   =      268.0106  DIHED      =     1607.2114
 VDWAALS =     6114.0568  EEL     =   -72542.4782  HBOND      =        0.0000
 1-4 VDW =      524.7520  1-4 EEL =     5892.7919  RESTRAINT  =      219.1765
 EAMBER  =   -54679.7443


   NSTEP       ENERGY          RMS            GMAX         NAME    NUMBER
    245      -5.4561E+04     1.6658E+00     1.2412E+02     C1       2114

 BOND    =     3439.7247  ANGLE   =      301.5134  DIHED      =     1607.6119
 VDWAALS =     6242.6723  EEL     =   -72787.8185  HBOND      =        0.0000
 1-4 VDW =      525.3893  1-4 EEL =     5889.5524  RESTRAINT  =      220.3134
 EAMBER  =   -54781.3544


   NSTEP       ENERGY          RMS            GMAX         NAME    NUMBER
    250      -5.4699E+04     1.9173E+00     8.5659E+01     C2       2117

 BOND    =     3595.0583  ANGLE   =      308.5691  DIHED      =     1610.3848
 VDWAALS =     6419.0075  EEL     =   -73266.2454  HBOND      =        0.0000
 1-4 VDW =      523.8803  1-4 EEL =     5888.1407  RESTRAINT  =      222.2971
 EAMBER  =   -54921.2046


   NSTEP       ENERGY          RMS            GMAX         NAME    NUMBER
    255      -5.4705E+04     1.7994E+00     7.9610E+01     C2       2117

 BOND    =     3589.2251  ANGLE   =      307.2014  DIHED      =     1610.3451
 VDWAALS =     6419.0940  EEL     =   -73264.8260  HBOND      =        0.0000
 1-4 VDW =      523.8976  1-4 EEL =     5888.1979  RESTRAINT  =      222.2759
 EAMBER  =   -54926.8648


   NSTEP       ENERGY          RMS            GMAX         NAME    NUMBER
    260      -5.4813E+04     9.6903E-01     4.0991E+01     C1       2114

 BOND    =     3458.0907  ANGLE   =      267.4919  DIHED      =     1608.5513
 VDWAALS =     6416.3755  EEL     =   -73200.0545  HBOND      =        0.0000
 1-4 VDW =      523.9667  1-4 EEL =     5891.5267  RESTRAINT  =      221.3843
 EAMBER  =   -55034.0516


   NSTEP       ENERGY          RMS            GMAX         NAME    NUMBER
    265      -5.4858E+04     7.6217E-01     4.7707E+01     O2       2116

 BOND    =     3512.3273  ANGLE   =      267.9793  DIHED      =     1608.4034
 VDWAALS =     6409.2874  EEL     =   -73294.6301  HBOND      =        0.0000
 1-4 VDW =      524.2185  1-4 EEL =     5893.2053  RESTRAINT  =      220.8501
 EAMBER  =   -55079.2089


   NSTEP       ENERGY          RMS            GMAX         NAME    NUMBER
    270      -5.4994E+04     1.4305E+00     9.2770E+01     C4       2119

 BOND    =     3550.5652  ANGLE   =      283.6481  DIHED      =     1607.4684
 VDWAALS =     6491.4018  EEL     =   -73559.4398  HBOND      =        0.0000
 1-4 VDW =      524.3686  1-4 EEL =     5888.4621  RESTRAINT  =      219.5976
 EAMBER  =   -55213.5255


   NSTEP       ENERGY          RMS            GMAX         NAME    NUMBER
    275      -5.5127E+04     2.2301E+00     1.3331E+02     CG       1188

 BOND    =     3538.4743  ANGLE   =      298.4665  DIHED      =     1609.2959
 VDWAALS =     6644.4323  EEL     =   -73850.0148  HBOND      =        0.0000
 1-4 VDW =      524.6637  1-4 EEL =     5888.4484  RESTRAINT  =      219.3744
 EAMBER  =   -55346.2336


   NSTEP       ENERGY          RMS            GMAX         NAME    NUMBER
    280      -5.5132E+04     2.1346E+00     1.2322E+02     C4       2119

 BOND    =     3536.0715  ANGLE   =      297.5730  DIHED      =     1609.2758
 VDWAALS =     6644.5325  EEL     =   -73851.5193  HBOND      =        0.0000
 1-4 VDW =      524.6651  1-4 EEL =     5888.4472  RESTRAINT  =      219.3604
 EAMBER  =   -55350.9542


   NSTEP       ENERGY          RMS            GMAX         NAME    NUMBER
    285      -5.5242E+04     8.2715E-01     4.4703E+01     C1       2114

 BOND    =     3594.6869  ANGLE   =      267.8215  DIHED      =     1608.1495
 VDWAALS =     6661.0262  EEL     =   -74006.0234  HBOND      =        0.0000
 1-4 VDW =      524.2015  1-4 EEL =     5889.4021  RESTRAINT  =      219.1683
 EAMBER  =   -55460.7357


   NSTEP       ENERGY          RMS            GMAX         NAME    NUMBER
    290      -5.5309E+04     9.4507E-01     6.2519E+01     O2       2116

 BOND    =     3593.5188  ANGLE   =      270.9584  DIHED      =     1606.7284
 VDWAALS =     6714.7100  EEL     =   -74130.3810  HBOND      =        0.0000
 1-4 VDW =      523.7972  1-4 EEL =     5891.7758  RESTRAINT  =      219.5982
 EAMBER  =   -55528.8924


   NSTEP       ENERGY          RMS            GMAX         NAME    NUMBER
    295      -5.5407E+04     1.3031E+00     8.0871E+01     C2       2117

 BOND    =     3605.9072  ANGLE   =      271.7324  DIHED      =     1607.8031
 VDWAALS =     6858.8112  EEL     =   -74387.4585  HBOND      =        0.0000
 1-4 VDW =      524.4827  1-4 EEL =     5890.2769  RESTRAINT  =      221.1948
 EAMBER  =   -55628.4450


   NSTEP       ENERGY          RMS            GMAX         NAME    NUMBER
    300      -5.5462E+04     1.3520E+00     7.7354E+01     CD       1224

 BOND    =     3658.6049  ANGLE   =      276.7467  DIHED      =     1609.0544
 VDWAALS =     6922.3451  EEL     =   -74563.8591  HBOND      =        0.0000
 1-4 VDW =      524.5544  1-4 EEL =     5888.8970  RESTRAINT  =      222.0147
 EAMBER  =   -55683.6566


   NSTEP       ENERGY          RMS            GMAX         NAME    NUMBER
    305      -5.5465E+04     1.2382E+00     6.6943E+01     CD       1224

 BOND    =     3655.0485  ANGLE   =      276.1683  DIHED      =     1609.0376
 VDWAALS =     6922.2711  EEL     =   -74562.9618  HBOND      =        0.0000
 1-4 VDW =      524.5557  1-4 EEL =     5888.9562  RESTRAINT  =      221.9938
 EAMBER  =   -55686.9245


   NSTEP       ENERGY          RMS            GMAX         NAME    NUMBER
    310      -5.5527E+04     9.2448E-01     3.7633E+01     C2       2117

 BOND    =     3602.6795  ANGLE   =      266.0064  DIHED      =     1608.2680
 VDWAALS =     6917.0818  EEL     =   -74558.6057  HBOND      =        0.0000
 1-4 VDW =      524.1524  1-4 EEL =     5891.6388  RESTRAINT  =      221.3463
 EAMBER  =   -55748.7787


   NSTEP       ENERGY          RMS            GMAX         NAME    NUMBER
    315      -5.5577E+04     9.0529E-01     4.9227E+01     O1       2115

 BOND    =     3648.0602  ANGLE   =      271.3129  DIHED      =     1607.2611
 VDWAALS =     6916.2767  EEL     =   -74657.7819  HBOND      =        0.0000
 1-4 VDW =      523.9183  1-4 EEL =     5893.2155  RESTRAINT  =      220.7574
 EAMBER  =   -55797.7372


   NSTEP       ENERGY          RMS            GMAX         NAME    NUMBER
    320      -5.5669E+04     9.9193E-01     4.9533E+01     H22      2161

 BOND    =     3646.5036  ANGLE   =      270.4662  DIHED      =     1606.8938
 VDWAALS =     6981.4302  EEL     =   -74807.8688  HBOND      =        0.0000
 1-4 VDW =      523.7050  1-4 EEL =     5889.6354  RESTRAINT  =      220.2114
 EAMBER  =   -55889.2346


   NSTEP       ENERGY          RMS            GMAX         NAME    NUMBER
    325      -5.5739E+04     1.5077E+00     6.6517E+01     C2       2117

 BOND    =     3658.3981  ANGLE   =      287.0107  DIHED      =     1607.7906
 VDWAALS =     7076.0237  EEL     =   -75000.6654  HBOND      =        0.0000
 1-4 VDW =      523.9625  1-4 EEL =     5888.4845  RESTRAINT  =      220.4020
 EAMBER  =   -55958.9953


   NSTEP       ENERGY          RMS            GMAX         NAME    NUMBER
    330      -5.5742E+04     1.4320E+00     6.3951E+01     C2       2117

 BOND    =     3656.6318  ANGLE   =      286.2652  DIHED      =     1607.7553
 VDWAALS =     7076.0998  EEL     =   -75001.5339  HBOND      =        0.0000
 1-4 VDW =      523.9531  1-4 EEL =     5888.5080  RESTRAINT  =      220.3864
 EAMBER  =   -55962.3208


   NSTEP       ENERGY          RMS            GMAX         NAME    NUMBER
    335      -5.5816E+04     7.3296E-01     2.2387E+01     CG       1188

 BOND    =     3687.1972  ANGLE   =      266.3309  DIHED      =     1606.4593
 VDWAALS =     7090.8938  EEL     =   -75100.3850  HBOND      =        0.0000
 1-4 VDW =      523.6008  1-4 EEL =     5889.7693  RESTRAINT  =      220.1817
 EAMBER  =   -56036.1337


   NSTEP       ENERGY          RMS            GMAX         NAME    NUMBER
    340      -5.5867E+04     9.4175E-01     4.6003E+01     O2       2116

 BOND    =     3688.2564  ANGLE   =      270.9687  DIHED      =     1605.3547
 VDWAALS =     7134.5755  EEL     =   -75202.8266  HBOND      =        0.0000
 1-4 VDW =      523.5183  1-4 EEL =     5892.4548  RESTRAINT  =      220.5783
 EAMBER  =   -56087.6982


   NSTEP       ENERGY          RMS            GMAX         NAME    NUMBER
    345      -5.5940E+04     1.1534E+00     5.4534E+01     C2       2117

 BOND    =     3719.9374  ANGLE   =      266.4043  DIHED      =     1607.1537
 VDWAALS =     7253.3331  EEL     =   -75424.0193  HBOND      =        0.0000
 1-4 VDW =      524.0410  1-4 EEL =     5891.0810  RESTRAINT  =      221.7035
 EAMBER  =   -56162.0688


   NSTEP       ENERGY          RMS            GMAX         NAME    NUMBER
    350      -5.5982E+04     1.1632E+00     4.0989E+01     CD       1916

 BOND    =     3728.6158  ANGLE   =      273.0134  DIHED      =     1607.5754
 VDWAALS =     7305.8112  EEL     =   -75533.2964  HBOND      =        0.0000
 1-4 VDW =      524.2909  1-4 EEL =     5890.2495  RESTRAINT  =      222.0255
 EAMBER  =   -56203.7402


   NSTEP       ENERGY          RMS            GMAX         NAME    NUMBER
    355      -5.5984E+04     1.0583E+00     3.4606E+01     H22      2161

 BOND    =     3725.6753  ANGLE   =      272.5335  DIHED      =     1607.5554
 VDWAALS =     7305.7466  EEL     =   -75532.5737  HBOND      =        0.0000
 1-4 VDW =      524.2949  1-4 EEL =     5890.2747  RESTRAINT  =      222.0107
 EAMBER  =   -56206.4934


   NSTEP       ENERGY          RMS            GMAX         NAME    NUMBER
    360      -5.6037E+04     8.9517E-01     3.3930E+01     CE1       542

 BOND    =     3720.3647  ANGLE   =      266.4294  DIHED      =     1607.2419
 VDWAALS =     7302.0234  EEL     =   -75571.1307  HBOND      =        0.0000
 1-4 VDW =      523.9556  1-4 EEL =     5892.2642  RESTRAINT  =      221.5286
 EAMBER  =   -56258.8516


   NSTEP       ENERGY          RMS            GMAX         NAME    NUMBER
    365      -5.6083E+04     8.5742E-01     3.8317E+01     H22      2161

 BOND    =     3738.5243  ANGLE   =      269.3664  DIHED      =     1606.1325
 VDWAALS =     7304.9533  EEL     =   -75639.0222  HBOND      =        0.0000
 1-4 VDW =      523.5635  1-4 EEL =     5893.0583  RESTRAINT  =      220.8992
 EAMBER  =   -56303.4239


   NSTEP       ENERGY          RMS            GMAX         NAME    NUMBER
    370      -5.6145E+04     8.6103E-01     4.2546E+01     CG       1188

 BOND    =     3730.9756  ANGLE   =      268.8236  DIHED      =     1605.5381
 VDWAALS =     7351.8588  EEL     =   -75736.5274  HBOND      =        0.0000
 1-4 VDW =      523.5572  1-4 EEL =     5890.6159  RESTRAINT  =      220.4749
 EAMBER  =   -56365.1583


   NSTEP       ENERGY          RMS            GMAX         NAME    NUMBER
    375      -5.6196E+04     1.2563E+00     5.4117E+01     O2       2116

 BOND    =     3768.1593  ANGLE   =      285.6393  DIHED      =     1606.6233
 VDWAALS =     7424.3332  EEL     =   -75915.0729  HBOND      =        0.0000
 1-4 VDW =      523.9235  1-4 EEL =     5889.4023  RESTRAINT  =      220.6761
 EAMBER  =   -56416.9922


   NSTEP       ENERGY          RMS            GMAX         NAME    NUMBER
    380      -5.6199E+04     1.1858E+00     5.2951E+01     O2       2116

 BOND    =     3765.5977  ANGLE   =      284.8526  DIHED      =     1606.5719
 VDWAALS =     7424.4017  EEL     =   -75914.4704  HBOND      =        0.0000
 1-4 VDW =      523.9161  1-4 EEL =     5889.4205  RESTRAINT  =      220.6606
 EAMBER  =   -56419.7100


   NSTEP       ENERGY          RMS            GMAX         NAME    NUMBER
    385      -5.6259E+04     7.1007E-01     3.2245E+01     CG       1188

 BOND    =     3751.8284  ANGLE   =      266.0932  DIHED      =     1605.0894
 VDWAALS =     7438.5549  EEL     =   -75955.4357  HBOND      =        0.0000
 1-4 VDW =      523.5147  1-4 EEL =     5891.1664  RESTRAINT  =      220.4745
 EAMBER  =   -56479.1888


   NSTEP       ENERGY          RMS            GMAX         NAME    NUMBER
    390      -5.6292E+04     8.4320E-01     3.8596E+01     H22      2161

 BOND    =     3773.4188  ANGLE   =      269.2813  DIHED      =     1604.6534
 VDWAALS =     7469.1876  EEL     =   -76045.6221  HBOND      =        0.0000
 1-4 VDW =      523.4196  1-4 EEL =     5893.3029  RESTRAINT  =      220.7494
 EAMBER  =   -56512.3586


   NSTEP       ENERGY          RMS            GMAX         NAME    NUMBER
    395      -5.6358E+04     1.1399E+00     5.2405E+01     C2       2117

 BOND    =     3789.0139  ANGLE   =      266.1209  DIHED      =     1606.4426
 VDWAALS =     7584.6200  EEL     =   -76241.2704  HBOND      =        0.0000
 1-4 VDW =      523.8533  1-4 EEL =     5891.6949  RESTRAINT  =      221.9040
 EAMBER  =   -56579.5249


   NSTEP       ENERGY          RMS            GMAX         NAME    NUMBER
    400      -5.6394E+04     1.1651E+00     4.8560E+01     CD       1916

 BOND    =     3798.5742  ANGLE   =      272.2485  DIHED      =     1606.5233
 VDWAALS =     7629.5369  EEL     =   -76337.9964  HBOND      =        0.0000
 1-4 VDW =      523.9879  1-4 EEL =     5891.4947  RESTRAINT  =      222.1272
 EAMBER  =   -56615.6310


   NSTEP       ENERGY          RMS            GMAX         NAME    NUMBER
    405      -5.6396E+04     1.0433E+00     4.0300E+01     CD       1916

 BOND    =     3795.6276  ANGLE   =      271.7508  DIHED      =     1606.5071
 VDWAALS =     7629.4619  EEL     =   -76337.4204  HBOND      =        0.0000
 1-4 VDW =      523.9902  1-4 EEL =     5891.5104  RESTRAINT  =      222.1105
 EAMBER  =   -56618.5724


   NSTEP       ENERGY          RMS            GMAX         NAME    NUMBER
    410      -5.6445E+04     8.8911E-01     4.0280E+01     CE1       542

 BOND    =     3804.1803  ANGLE   =      266.5617  DIHED      =     1606.5015
 VDWAALS =     7625.2605  EEL     =   -76385.6949  HBOND      =        0.0000
 1-4 VDW =      523.7913  1-4 EEL =     5893.0785  RESTRAINT  =      221.7025
 EAMBER  =   -56666.3210


   NSTEP       ENERGY          RMS            GMAX         NAME    NUMBER
    415      -5.6484E+04     7.8583E-01     3.6063E+01     O2       2116

 BOND    =     3807.7023  ANGLE   =      268.1460  DIHED      =     1605.2892
 VDWAALS =     7627.7049  EEL     =   -76430.6565  HBOND      =        0.0000
 1-4 VDW =      523.3895  1-4 EEL =     5893.7178  RESTRAINT  =      221.1611
 EAMBER  =   -56704.7068


   NSTEP       ENERGY          RMS            GMAX         NAME    NUMBER
    420      -5.6530E+04     6.8019E-01     2.8463E+01     C4       2119

 BOND    =     3803.3784  ANGLE   =      266.9445  DIHED      =     1604.6597
 VDWAALS =     7661.7341  EEL     =   -76502.9081  HBOND      =        0.0000
 1-4 VDW =      523.3880  1-4 EEL =     5891.7356  RESTRAINT  =      220.8642
 EAMBER  =   -56751.0677


   NSTEP       ENERGY          RMS            GMAX         NAME    NUMBER
    425      -5.6572E+04     1.1109E+00     4.3342E+01     O2       2116

 BOND    =     3840.2341  ANGLE   =      280.2231  DIHED      =     1606.0643
 VDWAALS =     7724.3694  EEL     =   -76657.9916  HBOND      =        0.0000
 1-4 VDW =      523.8133  1-4 EEL =     5890.1299  RESTRAINT  =      221.1578
 EAMBER  =   -56793.1574


   NSTEP       ENERGY          RMS            GMAX         NAME    NUMBER
    430      -5.6574E+04     1.0419E+00     4.2308E+01     O2       2116

 BOND    =     3837.4356  ANGLE   =      279.5006  DIHED      =     1605.9871
 VDWAALS =     7724.4290  EEL     =   -76656.9361  HBOND      =        0.0000
 1-4 VDW =      523.7991  1-4 EEL =     5890.1579  RESTRAINT  =      221.1397
 EAMBER  =   -56795.6269


   NSTEP       ENERGY          RMS            GMAX         NAME    NUMBER
    435      -5.6622E+04     6.1449E-01     2.6981E+01     CG       1188

 BOND    =     3815.5612  ANGLE   =      265.9655  DIHED      =     1604.2101
 VDWAALS =     7735.8698  EEL     =   -76679.6799  HBOND      =        0.0000
 1-4 VDW =      523.3475  1-4 EEL =     5891.9957  RESTRAINT  =      220.9460
 EAMBER  =   -56842.7302


   NSTEP       ENERGY          RMS            GMAX         NAME    NUMBER
    440      -5.6650E+04     7.7760E-01     3.5052E+01     O2       2116

 BOND    =     3842.7578  ANGLE   =      268.4377  DIHED      =     1604.0229
 VDWAALS =     7764.6842  EEL     =   -76768.3743  HBOND      =        0.0000
 1-4 VDW =      523.2894  1-4 EEL =     5893.8926  RESTRAINT  =      221.2282
 EAMBER  =   -56871.2897


   NSTEP       ENERGY          RMS            GMAX         NAME    NUMBER
    445      -5.6705E+04     1.0384E+00     4.3882E+01     C2       2117

 BOND    =     3848.0769  ANGLE   =      266.0980  DIHED      =     1605.4975
 VDWAALS =     7860.3739  EEL     =   -76923.0049  HBOND      =        0.0000
 1-4 VDW =      523.5289  1-4 EEL =     5892.1944  RESTRAINT  =      222.2397
 EAMBER  =   -56927.2353


   NSTEP       ENERGY          RMS            GMAX         NAME    NUMBER
    450      -5.6737E+04     1.1753E+00     5.1169E+01     CG        539

 BOND    =     3865.3243  ANGLE   =      272.1845  DIHED      =     1605.5764
 VDWAALS =     7905.9276  EEL     =   -77024.4369  HBOND      =        0.0000
 1-4 VDW =      523.6300  1-4 EEL =     5892.2298  RESTRAINT  =      222.5162
 EAMBER  =   -56959.5642


   NSTEP       ENERGY          RMS            GMAX         NAME    NUMBER
    455      -5.6740E+04     1.0343E+00     4.3169E+01     CG        539

 BOND    =     3861.9483  ANGLE   =      271.6026  DIHED      =     1605.5615
 VDWAALS =     7905.8417  EEL     =   -77023.6062  HBOND      =        0.0000
 1-4 VDW =      523.6384  1-4 EEL =     5892.2262  RESTRAINT  =      222.4982
 EAMBER  =   -56962.7873


   NSTEP       ENERGY          RMS            GMAX         NAME    NUMBER
    460      -5.6783E+04     8.2262E-01     3.9123E+01     CG        539

 BOND    =     3861.3154  ANGLE   =      265.8480  DIHED      =     1605.6991
 VDWAALS =     7902.7896  EEL     =   -77057.3539  HBOND      =        0.0000
 1-4 VDW =      523.5535  1-4 EEL =     5893.3734  RESTRAINT  =      222.1592
 EAMBER  =   -57004.7750


   NSTEP       ENERGY          RMS            GMAX         NAME    NUMBER
    465      -5.6814E+04     7.3414E-01     3.5786E+01     O2       2116

 BOND    =     3869.6240  ANGLE   =      267.7703  DIHED      =     1604.5496
 VDWAALS =     7906.2016  EEL     =   -77101.1581  HBOND      =        0.0000
 1-4 VDW =      523.1719  1-4 EEL =     5894.0946  RESTRAINT  =      221.7247
 EAMBER  =   -57035.7461


   NSTEP       ENERGY          RMS            GMAX         NAME    NUMBER
    470      -5.6855E+04     5.9104E-01     2.3187E+01     H22      2161

 BOND    =     3864.1449  ANGLE   =      266.4925  DIHED      =     1603.9497
 VDWAALS =     7935.5708  EEL     =   -77161.6035  HBOND      =        0.0000
 1-4 VDW =      523.2020  1-4 EEL =     5892.2674  RESTRAINT  =      221.4682
 EAMBER  =   -57075.9763


   NSTEP       ENERGY          RMS            GMAX         NAME    NUMBER
    475      -5.6891E+04     1.0220E+00     3.5931E+01     CD       1224

 BOND    =     3891.3202  ANGLE   =      276.7574  DIHED      =     1606.0018
 VDWAALS =     7990.5130  EEL     =   -77291.2292  HBOND      =        0.0000
 1-4 VDW =      523.6735  1-4 EEL =     5890.5255  RESTRAINT  =      221.8543
 EAMBER  =   -57112.4379


   NSTEP       ENERGY          RMS            GMAX         NAME    NUMBER
    480      -5.6893E+04     9.5274E-01     3.3578E+01     CD       1224

 BOND    =     3888.9185  ANGLE   =      276.0279  DIHED      =     1605.8757
 VDWAALS =     7990.5627  EEL     =   -77290.3906  HBOND      =        0.0000
 1-4 VDW =      523.6555  1-4 EEL =     5890.5556  RESTRAINT  =      221.8298
 EAMBER  =   -57114.7947


   NSTEP       ENERGY          RMS            GMAX         NAME    NUMBER
    485      -5.6932E+04     5.2800E-01     2.0282E+01     CG       1188

 BOND    =     3877.2856  ANGLE   =      265.7472  DIHED      =     1603.5371
 VDWAALS =     7999.1287  EEL     =   -77315.3551  HBOND      =        0.0000
 1-4 VDW =      523.2065  1-4 EEL =     5892.6217  RESTRAINT  =      221.5703
 EAMBER  =   -57153.8282


   NSTEP       ENERGY          RMS            GMAX         NAME    NUMBER
    490      -5.6959E+04     7.3687E-01     3.4594E+01     O2       2116

 BOND    =     3898.4901  ANGLE   =      268.1339  DIHED      =     1603.5042
 VDWAALS =     8027.6156  EEL     =   -77396.3342  HBOND      =        0.0000
 1-4 VDW =      523.1175  1-4 EEL =     5894.2154  RESTRAINT  =      221.8604
 EAMBER  =   -57181.2575


   NSTEP       ENERGY          RMS            GMAX         NAME    NUMBER
    495      -5.7005E+04     8.6033E-01     3.4920E+01     C2       2117

 BOND    =     3903.1739  ANGLE   =      265.0811  DIHED      =     1604.7021
 VDWAALS =     8102.7186  EEL     =   -77519.6393  HBOND      =        0.0000
 1-4 VDW =      523.3546  1-4 EEL =     5892.5849  RESTRAINT  =      222.6554
 EAMBER  =   -57228.0241


   NSTEP       ENERGY          RMS            GMAX         NAME    NUMBER
    500      -5.7033E+04     1.0711E+00     4.2708E+01     CD       1916

 BOND    =     3918.0430  ANGLE   =      271.5695  DIHED      =     1604.8018
 VDWAALS =     8147.5071  EEL     =   -77613.4712  HBOND      =        0.0000
 1-4 VDW =      523.3929  1-4 EEL =     5892.5233  RESTRAINT  =      222.9372
 EAMBER  =   -57255.6337


   NSTEP       ENERGY          RMS            GMAX         NAME    NUMBER
    505      -5.7036E+04     9.4032E-01     3.8493E+01     H22      2161

 BOND    =     3915.0176  ANGLE   =      271.0285  DIHED      =     1604.7949
 VDWAALS =     8147.3982  EEL     =   -77612.7702  HBOND      =        0.0000
 1-4 VDW =      523.4032  1-4 EEL =     5892.5450  RESTRAINT  =      222.9229
 EAMBER  =   -57258.5827


   NSTEP       ENERGY          RMS            GMAX         NAME    NUMBER
    510      -5.7073E+04     6.8758E-01     2.6233E+01     CE1       542

 BOND    =     3913.9607  ANGLE   =      265.0146  DIHED      =     1604.8999
 VDWAALS =     8144.8029  EEL     =   -77641.5425  HBOND      =        0.0000
 1-4 VDW =      523.3186  1-4 EEL =     5893.5765  RESTRAINT  =      222.6214
 EAMBER  =   -57295.9694


   NSTEP       ENERGY          RMS            GMAX         NAME    NUMBER
    515      -5.7099E+04     6.9013E-01     3.5003E+01     O2       2116

 BOND    =     3921.7151  ANGLE   =      267.4587  DIHED      =     1604.0122
 VDWAALS =     8147.9298  EEL     =   -77679.7529  HBOND      =        0.0000
 1-4 VDW =      523.0583  1-4 EEL =     5894.5073  RESTRAINT  =      222.2630
 EAMBER  =   -57321.0715


   NSTEP       ENERGY          RMS            GMAX         NAME    NUMBER
    520      -5.7135E+04     6.4562E-01     3.4673E+01     CG       1188

 BOND    =     3917.7750  ANGLE   =      266.2978  DIHED      =     1603.4178
 VDWAALS =     8174.8665  EEL     =   -77734.8420  HBOND      =        0.0000
 1-4 VDW =      523.0947  1-4 EEL =     5892.7775  RESTRAINT  =      221.9656
 EAMBER  =   -57356.6127


   NSTEP       ENERGY          RMS            GMAX         NAME    NUMBER
    525      -5.7168E+04     9.9180E-01     2.9661E+01     CG       1188

 BOND    =     3942.0565  ANGLE   =      273.8405  DIHED      =     1605.8731
 VDWAALS =     8223.2312  EEL     =   -77849.2492  HBOND      =        0.0000
 1-4 VDW =      523.5436  1-4 EEL =     5890.8674  RESTRAINT  =      222.3271
 EAMBER  =   -57389.8369


   NSTEP       ENERGY          RMS            GMAX         NAME    NUMBER
    530      -5.7170E+04     9.1382E-01     2.6681E+01     C2       2117

 BOND    =     3939.4516  ANGLE   =      273.1934  DIHED      =     1605.7065
 VDWAALS =     8223.2484  EEL     =   -77848.2717  HBOND      =        0.0000
 1-4 VDW =      523.5236  1-4 EEL =     5890.9206  RESTRAINT  =      222.2968
 EAMBER  =   -57392.2276


   NSTEP       ENERGY          RMS            GMAX         NAME    NUMBER
    535      -5.7204E+04     4.8337E-01     2.0423E+01     CG       1188

 BOND    =     3930.3360  ANGLE   =      265.5025  DIHED      =     1603.0060
 VDWAALS =     8229.6409  EEL     =   -77870.6488  HBOND      =        0.0000
 1-4 VDW =      523.1045  1-4 EEL =     5893.1516  RESTRAINT  =      221.9732
 EAMBER  =   -57425.9073


   NSTEP       ENERGY          RMS            GMAX         NAME    NUMBER
    540      -5.7230E+04     6.9523E-01     3.2186E+01     O2       2116

 BOND    =     3947.8400  ANGLE   =      267.5281  DIHED      =     1603.1483
 VDWAALS =     8257.0693  EEL     =   -77945.3363  HBOND      =        0.0000
 1-4 VDW =      523.0327  1-4 EEL =     5894.5917  RESTRAINT  =      222.2609
 EAMBER  =   -57452.1261


   NSTEP       ENERGY          RMS            GMAX         NAME    NUMBER
    545      -5.7268E+04     6.4157E-01     2.4833E+01     C2       2117

 BOND    =     3948.4715  ANGLE   =      264.5238  DIHED      =     1604.1148
 VDWAALS =     8313.2500  EEL     =   -78037.5360  HBOND      =        0.0000
 1-4 VDW =      523.1727  1-4 EEL =     5893.2777  RESTRAINT  =      222.7701
 EAMBER  =   -57490.7255


   NSTEP       ENERGY          RMS            GMAX         NAME    NUMBER
    550      -5.7291E+04     9.6626E-01     3.9199E+01     CD       1916

 BOND    =     3964.0013  ANGLE   =      271.1116  DIHED      =     1604.2506
 VDWAALS =     8357.4736  EEL     =   -78127.6523  HBOND      =        0.0000
 1-4 VDW =      523.2468  1-4 EEL =     5893.1039  RESTRAINT  =      223.0123
 EAMBER  =   -57514.4646


   NSTEP       ENERGY          RMS            GMAX         NAME    NUMBER
    555      -5.7294E+04     8.4590E-01     3.5672E+01     H22      2161

 BOND    =     3961.3676  ANGLE   =      270.6282  DIHED      =     1604.2439
 VDWAALS =     8357.3562  EEL     =   -78126.9507  HBOND      =        0.0000
 1-4 VDW =      523.2571  1-4 EEL =     5893.1050  RESTRAINT  =      222.9996
 EAMBER  =   -57516.9928


   NSTEP       ENERGY          RMS            GMAX         NAME    NUMBER
    560      -5.7327E+04     6.1052E-01     2.4706E+01     CG        539

 BOND    =     3961.0089  ANGLE   =      264.8798  DIHED      =     1604.2305
 VDWAALS =     8355.6471  EEL     =   -78153.3166  HBOND      =        0.0000
 1-4 VDW =      523.1841  1-4 EEL =     5894.2558  RESTRAINT  =      222.7042
 EAMBER  =   -57550.1104


   NSTEP       ENERGY          RMS            GMAX         NAME    NUMBER
    565      -5.7348E+04     6.5086E-01     3.0896E+01     O2       2116

 BOND    =     3967.9870  ANGLE   =      267.2538  DIHED      =     1603.4891
 VDWAALS =     8359.0413  EEL     =   -78185.6516  HBOND      =        0.0000
 1-4 VDW =      522.9414  1-4 EEL =     5894.8807  RESTRAINT  =      222.3822
 EAMBER  =   -57570.0582


   NSTEP       ENERGY          RMS            GMAX         NAME    NUMBER
    570      -5.7380E+04     5.4596E-01     2.6938E+01     CG       1188

 BOND    =     3965.1865  ANGLE   =      265.7660  DIHED      =     1602.9540
 VDWAALS =     8384.0484  EEL     =   -78236.5000  HBOND      =        0.0000
 1-4 VDW =      523.0302  1-4 EEL =     5893.2207  RESTRAINT  =      222.0083
 EAMBER  =   -57602.2941


   NSTEP       ENERGY          RMS            GMAX         NAME    NUMBER
    575      -5.7412E+04     9.7508E-01     2.9977E+01     CD       1224

 BOND    =     3984.7563  ANGLE   =      273.8302  DIHED      =     1606.1963
 VDWAALS =     8433.3803  EEL     =   -78347.7273  HBOND      =        0.0000
 1-4 VDW =      523.5587  1-4 EEL =     5891.5761  RESTRAINT  =      222.3707
 EAMBER  =   -57634.4293


   NSTEP       ENERGY          RMS            GMAX         NAME    NUMBER
    580      -5.7414E+04     9.1235E-01     2.8630E+01     CD       1224

 BOND    =     3982.8287  ANGLE   =      273.1803  DIHED      =     1605.9882
 VDWAALS =     8433.3762  EEL     =   -78347.1240  HBOND      =        0.0000
 1-4 VDW =      523.5389  1-4 EEL =     5891.6206  RESTRAINT  =      222.3359
 EAMBER  =   -57636.5910


   NSTEP       ENERGY          RMS            GMAX         NAME    NUMBER
    585      -5.7447E+04     3.9640E-01     1.1641E+01     CG       1188

 BOND    =     3977.3086  ANGLE   =      265.1961  DIHED      =     1602.6354
 VDWAALS =     8437.5588  EEL     =   -78368.3537  HBOND      =        0.0000
 1-4 VDW =      523.0748  1-4 EEL =     5893.6474  RESTRAINT  =      221.8821
 EAMBER  =   -57668.9326


   NSTEP       ENERGY          RMS            GMAX         NAME    NUMBER
    590      -5.7472E+04     6.4409E-01     2.6714E+01     O2       2116

 BOND    =     3991.0285  ANGLE   =      267.3906  DIHED      =     1602.7968
 VDWAALS =     8462.3115  EEL     =   -78435.4171  HBOND      =        0.0000
 1-4 VDW =      522.9701  1-4 EEL =     5895.0112  RESTRAINT  =      222.1392
 EAMBER  =   -57693.9084


   NSTEP       ENERGY          RMS            GMAX         NAME    NUMBER
    595      -5.7504E+04     5.5999E-01     2.1309E+01     C5       2120

 BOND    =     3994.2232  ANGLE   =      264.3849  DIHED      =     1603.6881
 VDWAALS =     8508.5384  EEL     =   -78514.2640  HBOND      =        0.0000
 1-4 VDW =      523.1322  1-4 EEL =     5893.8955  RESTRAINT  =      222.4235
 EAMBER  =   -57726.4016


   NSTEP       ENERGY          RMS            GMAX         NAME    NUMBER
    600      -5.7524E+04     9.4397E-01     3.9075E+01     CE1       542

 BOND    =     4005.6051  ANGLE   =      270.0841  DIHED      =     1603.8491
 VDWAALS =     8548.1065  EEL     =   -78591.6968  HBOND      =        0.0000
 1-4 VDW =      523.1878  1-4 EEL =     5893.9219  RESTRAINT  =      222.5597
 EAMBER  =   -57746.9423


   NSTEP       ENERGY          RMS            GMAX         NAME    NUMBER
    605      -5.7527E+04     8.0447E-01     3.1223E+01     CE1       542

 BOND    =     4002.9413  ANGLE   =      269.5726  DIHED      =     1603.8454
 VDWAALS =     8547.9883  EEL     =   -78591.0539  HBOND      =        0.0000
 1-4 VDW =      523.2026  1-4 EEL =     5893.9223  RESTRAINT  =      222.5446
 EAMBER  =   -57749.5813


   NSTEP       ENERGY          RMS            GMAX         NAME    NUMBER
    610      -5.7556E+04     6.7311E-01     3.9719E+01     CE1       542

 BOND    =     4007.1267  ANGLE   =      265.2226  DIHED      =     1603.7372
 VDWAALS =     8546.8321  EEL     =   -78619.0274  HBOND      =        0.0000
 1-4 VDW =      523.1005  1-4 EEL =     5894.8870  RESTRAINT  =      222.2195
 EAMBER  =   -57778.1213


   NSTEP       ENERGY          RMS            GMAX         NAME    NUMBER
    615      -5.7584E+04     5.5913E-01     2.2665E+01     C4       2119

 BOND    =     3999.7277  ANGLE   =      265.2885  DIHED      =     1602.9265
 VDWAALS =     8553.2734  EEL     =   -78644.9628  HBOND      =        0.0000
 1-4 VDW =      522.9413  1-4 EEL =     5894.7962  RESTRAINT  =      221.7471
 EAMBER  =   -57806.0092


   NSTEP       ENERGY          RMS            GMAX         NAME    NUMBER
    620      -5.7599E+04     4.8827E-01     2.2909E+01     H22      2161

 BOND    =     4006.7333  ANGLE   =      267.0511  DIHED      =     1602.6426
 VDWAALS =     8566.3879  EEL     =   -78680.4602  HBOND      =        0.0000
 1-4 VDW =      523.1445  1-4 EEL =     5893.6134  RESTRAINT  =      221.4991
 EAMBER  =   -57820.8875


   NSTEP       ENERGY          RMS            GMAX         NAME    NUMBER
    625      -5.7662E+04     8.9022E-01     3.1676E+01     CD       1224

 BOND    =     4037.9380  ANGLE   =      270.9451  DIHED      =     1605.4345
 VDWAALS =     8635.9273  EEL     =   -78850.6162  HBOND      =        0.0000
 1-4 VDW =      523.4204  1-4 EEL =     5892.9824  RESTRAINT  =      221.5883
 EAMBER  =   -57883.9686


   NSTEP       ENERGY          RMS            GMAX         NAME    NUMBER
    630      -5.7664E+04     8.1888E-01     2.9593E+01     CD       1224

 BOND    =     4035.3502  ANGLE   =      270.3596  DIHED      =     1605.2205
 VDWAALS =     8635.9153  EEL     =   -78849.2728  HBOND      =        0.0000
 1-4 VDW =      523.4091  1-4 EEL =     5893.0158  RESTRAINT  =      221.5523
 EAMBER  =   -57886.0023


   NSTEP       ENERGY          RMS            GMAX         NAME    NUMBER
    635      -5.7687E+04     3.0894E-01     1.2741E+01     CG       1188

 BOND    =     4020.5365  ANGLE   =      264.5976  DIHED      =     1602.2757
 VDWAALS =     8638.8800  EEL     =   -78851.6544  HBOND      =        0.0000
 1-4 VDW =      523.2094  1-4 EEL =     5894.2978  RESTRAINT  =      221.0902
 EAMBER  =   -57907.8573


   NSTEP       ENERGY          RMS            GMAX         NAME    NUMBER
    640      -5.7701E+04     6.2001E-01     2.2545E+01     CG       1188

 BOND    =     4036.9264  ANGLE   =      266.9525  DIHED      =     1602.5748
 VDWAALS =     8656.4559  EEL     =   -78902.8367  HBOND      =        0.0000
 1-4 VDW =      523.0543  1-4 EEL =     5894.6460  RESTRAINT  =      221.2912
 EAMBER  =   -57922.2267


   NSTEP       ENERGY          RMS            GMAX         NAME    NUMBER
    645      -5.7756E+04     7.1063E-01     2.8038E+01     C2       2117

 BOND    =     4044.9880  ANGLE   =      267.3387  DIHED      =     1604.7216
 VDWAALS =     8734.7178  EEL     =   -79046.5467  HBOND      =        0.0000
 1-4 VDW =      523.3269  1-4 EEL =     5894.3124  RESTRAINT  =      221.6224
 EAMBER  =   -57977.1413


   NSTEP       ENERGY          RMS            GMAX         NAME    NUMBER
    650      -5.7801E+04     1.0384E+00     4.6070E+01     CD       1916

 BOND    =     4081.7082  ANGLE   =      271.1417  DIHED      =     1606.1415
 VDWAALS =     8834.8981  EEL     =   -79235.1153  HBOND      =        0.0000
 1-4 VDW =      523.8360  1-4 EEL =     5894.8071  RESTRAINT  =      222.0702
 EAMBER  =   -58022.5827


   NSTEP       ENERGY          RMS            GMAX         NAME    NUMBER
    655      -5.7803E+04     9.2629E-01     3.7252E+01     CD       1916

 BOND    =     4077.3795  ANGLE   =      270.8008  DIHED      =     1606.1291
 VDWAALS =     8834.6974  EEL     =   -79232.8950  HBOND      =        0.0000
 1-4 VDW =      523.8168  1-4 EEL =     5894.8329  RESTRAINT  =      222.0447
 EAMBER  =   -58025.2384


   NSTEP       ENERGY          RMS            GMAX         NAME    NUMBER
    660      -5.7854E+04     6.6712E-01     2.4832E+01     C3       2118

 BOND    =     4068.0447  ANGLE   =      267.2353  DIHED      =     1604.2050
 VDWAALS =     8821.7258  EEL     =   -79254.5842  HBOND      =        0.0000
 1-4 VDW =      523.3259  1-4 EEL =     5895.1797  RESTRAINT  =      221.1510
 EAMBER  =   -58074.8678


   NSTEP       ENERGY          RMS            GMAX         NAME    NUMBER
    665      -5.7882E+04     6.2331E-01     1.7504E+01     H32      2159

 BOND    =     4084.8250  ANGLE   =      268.1553  DIHED      =     1602.7711
 VDWAALS =     8816.9202  EEL     =   -79293.2603  HBOND      =        0.0000
 1-4 VDW =      523.1583  1-4 EEL =     5895.0311  RESTRAINT  =      220.6571
 EAMBER  =   -58102.3992


   NSTEP       ENERGY          RMS            GMAX         NAME    NUMBER
    670      -5.7902E+04     5.3460E-01     3.4316E+01     CG       1188

 BOND    =     4067.6191  ANGLE   =      264.9118  DIHED      =     1602.0913
 VDWAALS =     8824.5789  EEL     =   -79298.6067  HBOND      =        0.0000
 1-4 VDW =      523.4049  1-4 EEL =     5894.3387  RESTRAINT  =      220.1488
 EAMBER  =   -58121.6619


   NSTEP       ENERGY          RMS            GMAX         NAME    NUMBER
    675      -5.7923E+04     7.8241E-01     3.0074E+01     CG       1188

 BOND    =     4078.0281  ANGLE   =      272.7845  DIHED      =     1602.6079
 VDWAALS =     8849.2460  EEL     =   -79364.4063  HBOND      =        0.0000
 1-4 VDW =      523.4083  1-4 EEL =     5895.3051  RESTRAINT  =      220.4111
 EAMBER  =   -58143.0264


   NSTEP       ENERGY          RMS            GMAX         NAME    NUMBER
    680      -5.7925E+04     6.9356E-01     2.2701E+01     CD       1224

 BOND    =     4075.6993  ANGLE   =      271.9058  DIHED      =     1602.4822
 VDWAALS =     8849.3316  EEL     =   -79363.4806  HBOND      =        0.0000
 1-4 VDW =      523.3840  1-4 EEL =     5895.2668  RESTRAINT  =      220.3841
 EAMBER  =   -58145.4111


   NSTEP       ENERGY          RMS            GMAX         NAME    NUMBER
    685      -5.7942E+04     2.6795E-01     7.7279E+00     ND1       540

 BOND    =     4070.5321  ANGLE   =      264.2781  DIHED      =     1602.1644
 VDWAALS =     8853.3545  EEL     =   -79370.6557  HBOND      =        0.0000
 1-4 VDW =      523.3020  1-4 EEL =     5894.3356  RESTRAINT  =      220.2299
 EAMBER  =   -58162.6889


   NSTEP       ENERGY          RMS            GMAX         NAME    NUMBER
    690      -5.7955E+04     5.6043E-01     1.8255E+01     H32      2159

 BOND    =     4084.2773  ANGLE   =      267.3152  DIHED      =     1602.3447
 VDWAALS =     8871.0566  EEL     =   -79418.1979  HBOND      =        0.0000
 1-4 VDW =      523.1901  1-4 EEL =     5894.7061  RESTRAINT  =      220.4921
 EAMBER  =   -58175.3079


   NSTEP       ENERGY          RMS            GMAX         NAME    NUMBER
    695      -5.8006E+04     7.5788E-01     3.3273E+01     C3       2118

 BOND    =     4100.0985  ANGLE   =      272.1059  DIHED      =     1603.5600
 VDWAALS =     8947.5989  EEL     =   -79569.3643  HBOND      =        0.0000
 1-4 VDW =      523.2942  1-4 EEL =     5895.4161  RESTRAINT  =      221.3984
 EAMBER  =   -58227.2907


   NSTEP       ENERGY          RMS            GMAX         NAME    NUMBER
    700      -5.8061E+04     8.8065E-01     6.1776E+01     CD       1710

 BOND    =     4124.7257  ANGLE   =      272.0167  DIHED      =     1607.0394
 VDWAALS =     9074.6413  EEL     =   -79781.4706  HBOND      =        0.0000
 1-4 VDW =      523.9355  1-4 EEL =     5895.4844  RESTRAINT  =      222.7645
 EAMBER  =   -58283.6275


   NSTEP       ENERGY          RMS            GMAX         NAME    NUMBER
    705      -5.8063E+04     8.0112E-01     5.0227E+01     CD       1710

 BOND    =     4122.2977  ANGLE   =      271.7374  DIHED      =     1607.0076
 VDWAALS =     9074.3152  EEL     =   -79780.2441  HBOND      =        0.0000
 1-4 VDW =      523.9151  1-4 EEL =     5895.4844  RESTRAINT  =      222.7395
 EAMBER  =   -58285.4867


   NSTEP       ENERGY          RMS            GMAX         NAME    NUMBER
    710      -5.8124E+04     8.6346E-01     2.9459E+01     C2       2117

 BOND    =     4122.5715  ANGLE   =      270.7596  DIHED      =     1603.6006
 VDWAALS =     9044.7218  EEL     =   -79806.6690  HBOND      =        0.0000
 1-4 VDW =      523.4699  1-4 EEL =     5896.0400  RESTRAINT  =      221.2912
 EAMBER  =   -58345.5055


   NSTEP       ENERGY          RMS            GMAX         NAME    NUMBER
    715      -5.8153E+04     5.6637E-01     2.3926E+01     C3       2118

 BOND    =     4128.8463  ANGLE   =      266.2630  DIHED      =     1602.1379
 VDWAALS =     9037.9481  EEL     =   -79827.6687  HBOND      =        0.0000
 1-4 VDW =      523.3365  1-4 EEL =     5895.8076  RESTRAINT  =      220.5287
 EAMBER  =   -58373.3293


   NSTEP       ENERGY          RMS            GMAX         NAME    NUMBER
    720      -5.8165E+04     4.2273E-01     3.4458E+01     CD       1710

 BOND    =     4108.4080  ANGLE   =      265.0551  DIHED      =     1602.1475
 VDWAALS =     9043.2091  EEL     =   -79823.0325  HBOND      =        0.0000
 1-4 VDW =      523.2955  1-4 EEL =     5895.4831  RESTRAINT  =      220.3692
 EAMBER  =   -58385.4343


   NSTEP       ENERGY          RMS            GMAX         NAME    NUMBER
    725      -5.8177E+04     5.4393E-01     2.3254E+01     CD       1710

 BOND    =     4120.8532  ANGLE   =      267.6491  DIHED      =     1602.2658
 VDWAALS =     9058.6531  EEL     =   -79865.2496  HBOND      =        0.0000
 1-4 VDW =      523.3428  1-4 EEL =     5895.4424  RESTRAINT  =      220.3052
 EAMBER  =   -58397.0431


   NSTEP       ENERGY          RMS            GMAX         NAME    NUMBER
    730      -5.8179E+04     4.4868E-01     1.2550E+01     CD       1710

 BOND    =     4118.6443  ANGLE   =      267.1232  DIHED      =     1602.1608
 VDWAALS =     9058.7252  EEL     =   -79864.2302  HBOND      =        0.0000
 1-4 VDW =      523.3346  1-4 EEL =     5895.4363  RESTRAINT  =      220.2922
 EAMBER  =   -58398.8060


   NSTEP       ENERGY          RMS            GMAX         NAME    NUMBER
    735      -5.8188E+04     3.1425E-01     1.0093E+01     O        2182

 BOND    =     4118.0759  ANGLE   =      264.2797  DIHED      =     1602.0415
 VDWAALS =     9061.2754  EEL     =   -79872.0885  HBOND      =        0.0000
 1-4 VDW =      523.3096  1-4 EEL =     5895.2630  RESTRAINT  =      220.2634
 EAMBER  =   -58407.8433


   NSTEP       ENERGY          RMS            GMAX         NAME    NUMBER
    740      -5.8209E+04     4.8852E-01     2.0337E+01     O1       2115

 BOND    =     4126.1012  ANGLE   =      268.7981  DIHED      =     1602.1109
 VDWAALS =     9079.6470  EEL     =   -79924.3828  HBOND      =        0.0000
 1-4 VDW =      523.1552  1-4 EEL =     5895.6180  RESTRAINT  =      220.3467
 EAMBER  =   -58428.9525


   NSTEP       ENERGY          RMS            GMAX         NAME    NUMBER
    745      -5.8293E+04     1.4877E+00     5.2217E+01     O1       2115

 BOND    =     4201.5109  ANGLE   =      277.3647  DIHED      =     1603.1856
 VDWAALS =     9200.7151  EEL     =   -80216.8500  HBOND      =        0.0000
 1-4 VDW =      524.5881  1-4 EEL =     5896.2171  RESTRAINT  =      220.6459
 EAMBER  =   -58513.2686


   NSTEP       ENERGY          RMS            GMAX         NAME    NUMBER
    750      -5.8412E+04     8.8690E-01     3.6358E+01     H        2163

 BOND    =     4186.5019  ANGLE   =      271.3850  DIHED      =     1602.1533
 VDWAALS =     9363.7580  EEL     =   -80475.5897  HBOND      =        0.0000
 1-4 VDW =      523.7024  1-4 EEL =     5896.2253  RESTRAINT  =      220.0376
 EAMBER  =   -58631.8639


   NSTEP       ENERGY          RMS            GMAX         NAME    NUMBER
    755      -5.8414E+04     8.2703E-01     3.3862E+01     H        2163

 BOND    =     4184.3858  ANGLE   =      271.0491  DIHED      =     1602.1314
 VDWAALS =     9363.5080  EEL     =   -80474.8420  HBOND      =        0.0000
 1-4 VDW =      523.7016  1-4 EEL =     5896.2143  RESTRAINT  =      220.0256
 EAMBER  =   -58633.8519


   NSTEP       ENERGY          RMS            GMAX         NAME    NUMBER
    760      -5.8470E+04     7.7376E-01     4.6221E+01     CD       1710

 BOND    =     4195.3078  ANGLE   =      266.8123  DIHED      =     1601.2824
 VDWAALS =     9351.8814  EEL     =   -80523.3282  HBOND      =        0.0000
 1-4 VDW =      523.4568  1-4 EEL =     5895.7766  RESTRAINT  =      219.1236
 EAMBER  =   -58688.8109


   NSTEP       ENERGY          RMS            GMAX         NAME    NUMBER
    765      -5.8487E+04     4.5180E-01     1.5595E+01     CD       1710

 BOND    =     4190.6348  ANGLE   =      265.5226  DIHED      =     1601.1353
 VDWAALS =     9352.5875  EEL     =   -80534.7270  HBOND      =        0.0000
 1-4 VDW =      523.3459  1-4 EEL =     5895.5771  RESTRAINT  =      218.7037
 EAMBER  =   -58705.9237


   NSTEP       ENERGY          RMS            GMAX         NAME    NUMBER
    770      -5.8504E+04     5.9130E-01     4.0115E+01     O1       2115

 BOND    =     4185.7841  ANGLE   =      266.5065  DIHED      =     1601.2989
 VDWAALS =     9355.9867  EEL     =   -80551.1842  HBOND      =        0.0000
 1-4 VDW =      523.6099  1-4 EEL =     5896.3622  RESTRAINT  =      218.0934
 EAMBER  =   -58721.6359


   NSTEP       ENERGY          RMS            GMAX         NAME    NUMBER
    775      -5.8517E+04     5.8672E-01     3.3309E+01     CG       1188

 BOND    =     4203.4576  ANGLE   =      265.5448  DIHED      =     1601.3634
 VDWAALS =     9361.4357  EEL     =   -80587.9376  HBOND      =        0.0000
 1-4 VDW =      523.6912  1-4 EEL =     5897.0992  RESTRAINT  =      217.8575
 EAMBER  =   -58735.3456


   NSTEP       ENERGY          RMS            GMAX         NAME    NUMBER
    780      -5.8519E+04     4.4655E-01     1.8856E+01     CG       1188

 BOND    =     4197.8488  ANGLE   =      265.2290  DIHED      =     1601.3508
 VDWAALS =     9361.3350  EEL     =   -80583.6157  HBOND      =        0.0000
 1-4 VDW =      523.6931  1-4 EEL =     5897.0630  RESTRAINT  =      217.8389
 EAMBER  =   -58737.0961


   NSTEP       ENERGY          RMS            GMAX         NAME    NUMBER
    785      -5.8528E+04     3.9026E-01     1.1378E+01     CG       1188

 BOND    =     4185.2845  ANGLE   =      264.1334  DIHED      =     1601.1649
 VDWAALS =     9361.9287  EEL     =   -80577.3916  HBOND      =        0.0000
 1-4 VDW =      523.4335  1-4 EEL =     5895.7389  RESTRAINT  =      217.7711
 EAMBER  =   -58745.7076


   NSTEP       ENERGY          RMS            GMAX         NAME    NUMBER
    790      -5.8541E+04     3.2655E-01     1.1143E+01     H51      2156

 BOND    =     4198.9619  ANGLE   =      266.1677  DIHED      =     1601.0798
 VDWAALS =     9369.4310  EEL     =   -80613.3842  HBOND      =        0.0000
 1-4 VDW =      523.4802  1-4 EEL =     5895.2385  RESTRAINT  =      217.9896
 EAMBER  =   -58759.0250


   NSTEP       ENERGY          RMS            GMAX         NAME    NUMBER
    795      -5.8562E+04     6.9538E-01     4.5993E+01     CD       1710

 BOND    =     4203.2583  ANGLE   =      266.9224  DIHED      =     1601.6167
 VDWAALS =     9397.0314  EEL     =   -80668.4538  HBOND      =        0.0000
 1-4 VDW =      523.3418  1-4 EEL =     5895.5933  RESTRAINT  =      218.4627
 EAMBER  =   -58780.6900


   NSTEP       ENERGY          RMS            GMAX         NAME    NUMBER
    800      -5.8601E+04     6.2592E-01     2.4713E+01     C2       2117

 BOND    =     4227.0826  ANGLE   =      268.2079  DIHED      =     1602.0824
 VDWAALS =     9446.5750  EEL     =   -80783.2044  HBOND      =        0.0000
 1-4 VDW =      523.1821  1-4 EEL =     5896.0012  RESTRAINT  =      219.1133
 EAMBER  =   -58820.0731


   NSTEP       ENERGY          RMS            GMAX         NAME    NUMBER
    805      -5.8603E+04     5.6402E-01     2.1213E+01     C2       2117

 BOND    =     4222.8442  ANGLE   =      267.8506  DIHED      =     1602.0348
 VDWAALS =     9446.5075  EEL     =   -80780.1263  HBOND      =        0.0000
 1-4 VDW =      523.1724  1-4 EEL =     5896.0247  RESTRAINT  =      219.0920
 EAMBER  =   -58821.6921


   NSTEP       ENERGY          RMS            GMAX         NAME    NUMBER
    810      -5.8626E+04     5.9186E-01     2.9099E+01     CG       1188

 BOND    =     4193.3622  ANGLE   =      266.2732  DIHED      =     1601.2342
 VDWAALS =     9445.7611  EEL     =   -80770.7714  HBOND      =        0.0000
 1-4 VDW =      523.2812  1-4 EEL =     5896.4390  RESTRAINT  =      218.4924
 EAMBER  =   -58844.4204


   NSTEP       ENERGY          RMS            GMAX         NAME    NUMBER
    815      -5.8639E+04     4.5830E-01     1.9901E+01     C1       2114

 BOND    =     4229.3124  ANGLE   =      266.2683  DIHED      =     1600.7801
 VDWAALS =     9447.9824  EEL     =   -80820.7161  HBOND      =        0.0000
 1-4 VDW =      523.2119  1-4 EEL =     5895.9719  RESTRAINT  =      218.1061
 EAMBER  =   -58857.1890


   NSTEP       ENERGY          RMS            GMAX         NAME    NUMBER
    820      -5.8652E+04     3.3375E-01     1.5408E+01     C2       2117

 BOND    =     4205.8115  ANGLE   =      264.1186  DIHED      =     1600.6061
 VDWAALS =     9455.2397  EEL     =   -80815.1383  HBOND      =        0.0000
 1-4 VDW =      523.2813  1-4 EEL =     5896.0035  RESTRAINT  =      217.7185
 EAMBER  =   -58870.0776


   NSTEP       ENERGY          RMS            GMAX         NAME    NUMBER
    825      -5.8658E+04     4.2507E-01     2.5852E+01     CD       1710

 BOND    =     4219.1857  ANGLE   =      265.2001  DIHED      =     1600.5013
 VDWAALS =     9458.9694  EEL     =   -80839.0739  HBOND      =        0.0000
 1-4 VDW =      523.3868  1-4 EEL =     5896.5297  RESTRAINT  =      217.7614
 EAMBER  =   -58875.3009


   NSTEP       ENERGY          RMS            GMAX         NAME    NUMBER
    830      -5.8659E+04     2.9011E-01     1.0335E+01     O1       2115

 BOND    =     4213.1233  ANGLE   =      264.7694  DIHED      =     1600.5147
 VDWAALS =     9458.9495  EEL     =   -80833.9868  HBOND      =        0.0000
 1-4 VDW =      523.3768  1-4 EEL =     5896.5087  RESTRAINT  =      217.7438
 EAMBER  =   -58876.7443


   NSTEP       ENERGY          RMS            GMAX         NAME    NUMBER
    835      -5.8665E+04     3.2896E-01     1.0063E+01     C1       2114

 BOND    =     4215.7251  ANGLE   =      264.3182  DIHED      =     1600.6234
 VDWAALS =     9460.2069  EEL     =   -80842.6079  HBOND      =        0.0000
 1-4 VDW =      523.1786  1-4 EEL =     5895.5783  RESTRAINT  =      217.7477
 EAMBER  =   -58882.9773


   NSTEP       ENERGY          RMS            GMAX         NAME    NUMBER
    840      -5.8678E+04     4.0164E-01     1.5718E+01     O1       2115

 BOND    =     4216.2362  ANGLE   =      267.2242  DIHED      =     1600.6804
 VDWAALS =     9470.2974  EEL     =   -80869.9990  HBOND      =        0.0000
 1-4 VDW =      523.2774  1-4 EEL =     5895.9951  RESTRAINT  =      218.0455
 EAMBER  =   -58896.2882


   NSTEP       ENERGY          RMS            GMAX         NAME    NUMBER
    845      -5.8701E+04     6.6104E-01     2.5863E+01     CG       1188

 BOND    =     4240.2938  ANGLE   =      265.2944  DIHED      =     1601.3307
 VDWAALS =     9503.3946  EEL     =   -80949.5561  HBOND      =        0.0000
 1-4 VDW =      523.2543  1-4 EEL =     5896.5417  RESTRAINT  =      218.5258
 EAMBER  =   -58919.4468


   NSTEP       ENERGY          RMS            GMAX         NAME    NUMBER
    850      -5.8734E+04     6.0579E-01     2.0407E+01     C2       2117

 BOND    =     4244.7761  ANGLE   =      267.5759  DIHED      =     1601.7096
 VDWAALS =     9540.9074  EEL     =   -81026.6826  HBOND      =        0.0000
 1-4 VDW =      523.2511  1-4 EEL =     5895.8942  RESTRAINT  =      218.8978
 EAMBER  =   -58952.5682


   NSTEP       ENERGY          RMS            GMAX         NAME    NUMBER
    855      -5.8735E+04     5.4333E-01     1.7100E+01     C2       2117

 BOND    =     4239.9596  ANGLE   =      267.2474  DIHED      =     1601.6602
 VDWAALS =     9540.8303  EEL     =   -81023.1180  HBOND      =        0.0000
 1-4 VDW =      523.2398  1-4 EEL =     5895.9223  RESTRAINT  =      218.8749
 EAMBER  =   -58954.2584


   NSTEP       ENERGY          RMS            GMAX         NAME    NUMBER
    860      -5.8761E+04     6.0057E-01     3.1070E+01     CG       1188

 BOND    =     4231.0583  ANGLE   =      266.2691  DIHED      =     1600.6000
 VDWAALS =     9539.5876  EEL     =   -81036.6696  HBOND      =        0.0000
 1-4 VDW =      523.2437  1-4 EEL =     5896.4969  RESTRAINT  =      218.2660
 EAMBER  =   -58979.4141


   NSTEP       ENERGY          RMS            GMAX         NAME    NUMBER
    865      -5.8774E+04     4.4971E-01     1.9957E+01     C1       2114

 BOND    =     4252.9275  ANGLE   =      266.2045  DIHED      =     1600.1181
 VDWAALS =     9540.5488  EEL     =   -81071.0579  HBOND      =        0.0000
 1-4 VDW =      523.2012  1-4 EEL =     5896.0963  RESTRAINT  =      217.9414
 EAMBER  =   -58991.9614


   NSTEP       ENERGY          RMS            GMAX         NAME    NUMBER
    870      -5.8786E+04     2.1297E-01     9.0249E+00     O1       2115

 BOND    =     4232.6425  ANGLE   =      263.7667  DIHED      =     1599.9230
 VDWAALS =     9546.7267  EEL     =   -81065.7555  HBOND      =        0.0000
 1-4 VDW =      523.2303  1-4 EEL =     5896.0864  RESTRAINT  =      217.5950
 EAMBER  =   -59003.3799


   NSTEP       ENERGY          RMS            GMAX         NAME    NUMBER
    875      -5.8791E+04     4.8979E-01     2.8262E+01     CD       1710

 BOND    =     4247.0232  ANGLE   =      265.0005  DIHED      =     1599.8217
 VDWAALS =     9551.7556  EEL     =   -81092.4451  HBOND      =        0.0000
 1-4 VDW =      523.3063  1-4 EEL =     5896.7557  RESTRAINT  =      217.6294
 EAMBER  =   -59008.7820


   NSTEP       ENERGY          RMS            GMAX         NAME    NUMBER
    880      -5.8793E+04     3.2575E-01     1.3123E+01     O1       2115

 BOND    =     4239.8823  ANGLE   =      264.6072  DIHED      =     1599.7974
 VDWAALS =     9551.7994  EEL     =   -81086.5922  HBOND      =        0.0000
 1-4 VDW =      523.2878  1-4 EEL =     5896.7471  RESTRAINT  =      217.6171
 EAMBER  =   -59010.4709


   NSTEP       ENERGY          RMS            GMAX         NAME    NUMBER
    885      -5.8798E+04     2.8988E-01     1.2194E+01     C1       2114

 BOND    =     4241.4708  ANGLE   =      264.0028  DIHED      =     1599.9624
 VDWAALS =     9553.1687  EEL     =   -81093.3404  HBOND      =        0.0000
 1-4 VDW =      523.1868  1-4 EEL =     5895.7205  RESTRAINT  =      217.6137
 EAMBER  =   -59015.8283


   NSTEP       ENERGY          RMS            GMAX         NAME    NUMBER
    890      -5.8810E+04     4.5052E-01     2.0901E+01     O1       2115

 BOND    =     4241.6779  ANGLE   =      267.4875  DIHED      =     1600.0022
 VDWAALS =     9564.7315  EEL     =   -81121.7184  HBOND      =        0.0000
 1-4 VDW =      523.2401  1-4 EEL =     5896.4077  RESTRAINT  =      217.9463
 EAMBER  =   -59028.1715


   NSTEP       ENERGY          RMS            GMAX         NAME    NUMBER
    895      -5.8835E+04     7.4340E-01     3.7461E+01     C        2111

 BOND    =     4270.4651  ANGLE   =      265.3804  DIHED      =     1600.7974
 VDWAALS =     9601.3399  EEL     =   -81211.1075  HBOND      =        0.0000
 1-4 VDW =      523.0402  1-4 EEL =     5896.7009  RESTRAINT  =      218.4373
 EAMBER  =   -59053.3837


   NSTEP       ENERGY          RMS            GMAX         NAME    NUMBER
    900      -5.8866E+04     5.2067E-01     1.6252E+01     O1       2115

 BOND    =     4269.6836  ANGLE   =      265.9989  DIHED      =     1601.2422
 VDWAALS =     9641.6299  EEL     =   -81282.5119  HBOND      =        0.0000
 1-4 VDW =      523.1168  1-4 EEL =     5895.8308  RESTRAINT  =      218.8185
 EAMBER  =   -59085.0095


   NSTEP       ENERGY          RMS            GMAX         NAME    NUMBER
    905      -5.8868E+04     4.5904E-01     1.3161E+01     H        2163

 BOND    =     4264.0718  ANGLE   =      265.7602  DIHED      =     1601.1736
 VDWAALS =     9641.4617  EEL     =   -81278.0423  HBOND      =        0.0000
 1-4 VDW =      523.1157  1-4 EEL =     5895.8613  RESTRAINT  =      218.7975
 EAMBER  =   -59086.5980


   NSTEP       ENERGY          RMS            GMAX         NAME    NUMBER
    910      -5.8894E+04     6.4730E-01     3.6689E+01     C1       2114

 BOND    =     4258.3819  ANGLE   =      266.9466  DIHED      =     1599.9172
 VDWAALS =     9636.7762  EEL     =   -81293.4362  HBOND      =        0.0000
 1-4 VDW =      523.0319  1-4 EEL =     5896.6746  RESTRAINT  =      218.1916
 EAMBER  =   -59111.7078


   NSTEP       ENERGY          RMS            GMAX         NAME    NUMBER
    915      -5.8908E+04     3.1786E-01     1.3911E+01     C        2111

 BOND    =     4253.0946  ANGLE   =      263.8890  DIHED      =     1599.5900
 VDWAALS =     9637.1972  EEL     =   -81298.7220  HBOND      =        0.0000
 1-4 VDW =      523.1431  1-4 EEL =     5895.7663  RESTRAINT  =      217.8129
 EAMBER  =   -59126.0419


   NSTEP       ENERGY          RMS            GMAX         NAME    NUMBER
    920      -5.8912E+04     2.5587E-01     1.5095E+01     O1       2115

 BOND    =     4265.7356  ANGLE   =      263.7667  DIHED      =     1599.5016
 VDWAALS =     9638.8466  EEL     =   -81316.6128  HBOND      =        0.0000
 1-4 VDW =      523.1325  1-4 EEL =     5896.2324  RESTRAINT  =      217.7617
 EAMBER  =   -59129.3974


   NSTEP       ENERGY          RMS            GMAX         NAME    NUMBER
    925      -5.8919E+04     3.0481E-01     1.2280E+01     O1       2115

 BOND    =     4270.5305  ANGLE   =      264.3317  DIHED      =     1599.4837
 VDWAALS =     9643.9955  EEL     =   -81334.7804  HBOND      =        0.0000
 1-4 VDW =      523.1047  1-4 EEL =     5896.8841  RESTRAINT  =      217.8243
 EAMBER  =   -59136.4502


   NSTEP       ENERGY          RMS            GMAX         NAME    NUMBER
    930      -5.8920E+04     2.1017E-01     8.5505E+00     H52      2155

 BOND    =     4259.2991  ANGLE   =      264.0255  DIHED      =     1599.4493
 VDWAALS =     9644.1491  EEL     =   -81324.4383  HBOND      =        0.0000
 1-4 VDW =      523.1086  1-4 EEL =     5896.7694  RESTRAINT  =      217.8066
 EAMBER  =   -59137.6373


   NSTEP       ENERGY          RMS            GMAX         NAME    NUMBER
    935      -5.8924E+04     2.6409E-01     1.0638E+01     O1       2115

 BOND    =     4245.8943  ANGLE   =      264.1250  DIHED      =     1599.6127
 VDWAALS =     9646.5052  EEL     =   -81316.5722  HBOND      =        0.0000
 1-4 VDW =      523.1595  1-4 EEL =     5895.6676  RESTRAINT  =      217.7741
 EAMBER  =   -59141.6079


   NSTEP       ENERGY          RMS            GMAX         NAME    NUMBER
    940      -5.8936E+04     4.0554E-01     1.9664E+01     O1       2115

 BOND    =     4259.1453  ANGLE   =      268.5111  DIHED      =     1599.1146
 VDWAALS =     9659.6447  EEL     =   -81359.5227  HBOND      =        0.0000
 1-4 VDW =      523.1927  1-4 EEL =     5896.4725  RESTRAINT  =      217.8823
 EAMBER  =   -59153.4417


   NSTEP       ENERGY          RMS            GMAX         NAME    NUMBER
    945      -5.8981E+04     1.0044E+00     5.3945E+01     C1       2114

 BOND    =     4275.9549  ANGLE   =      268.6656  DIHED      =     1600.1427
 VDWAALS =     9733.7566  EEL     =   -81498.4357  HBOND      =        0.0000
 1-4 VDW =      523.3416  1-4 EEL =     5897.3581  RESTRAINT  =      217.9166
 EAMBER  =   -59199.2163


   NSTEP       ENERGY          RMS            GMAX         NAME    NUMBER
    950      -5.9025E+04     5.7689E-01     2.1605E+01     O1       2115

 BOND    =     4291.7865  ANGLE   =      266.6042  DIHED      =     1600.2016
 VDWAALS =     9785.1434  EEL     =   -81605.8125  HBOND      =        0.0000
 1-4 VDW =      523.6156  1-4 EEL =     5895.4984  RESTRAINT  =      217.8950
 EAMBER  =   -59242.9628


   NSTEP       ENERGY          RMS            GMAX         NAME    NUMBER
    955      -5.9027E+04     5.3468E-01     1.9765E+01     O1       2115

 BOND    =     4289.9252  ANGLE   =      266.4293  DIHED      =     1600.1475
 VDWAALS =     9784.7383  EEL     =   -81604.8459  HBOND      =        0.0000
 1-4 VDW =      523.6095  1-4 EEL =     5895.5252  RESTRAINT  =      217.8878
 EAMBER  =   -59244.4708


   NSTEP       ENERGY          RMS            GMAX         NAME    NUMBER
    960      -5.9073E+04     8.2549E-01     4.5280E+01     C1       2114

 BOND    =     4299.5153  ANGLE   =      268.1760  DIHED      =     1598.7931
 VDWAALS =     9763.8126  EEL     =   -81641.4937  HBOND      =        0.0000
 1-4 VDW =      523.1914  1-4 EEL =     5897.0400  RESTRAINT  =      217.7236
 EAMBER  =   -59290.9653


   NSTEP       ENERGY          RMS            GMAX         NAME    NUMBER
    965      -5.9086E+04     3.2301E-01     1.6134E+01     C1       2114

 BOND    =     4294.4529  ANGLE   =      264.2366  DIHED      =     1598.4029
 VDWAALS =     9763.4020  EEL     =   -81643.5044  HBOND      =        0.0000
 1-4 VDW =      523.2586  1-4 EEL =     5896.2939  RESTRAINT  =      217.5994
 EAMBER  =   -59303.4575


   NSTEP       ENERGY          RMS            GMAX         NAME    NUMBER
    970      -5.9092E+04     2.6181E-01     1.1297E+01     O1       2115

 BOND    =     4288.0873  ANGLE   =      263.6003  DIHED      =     1598.5561
 VDWAALS =     9769.1382  EEL     =   -81648.2484  HBOND      =        0.0000
 1-4 VDW =      523.3484  1-4 EEL =     5896.2212  RESTRAINT  =      217.5415
 EAMBER  =   -59309.2969


   NSTEP       ENERGY          RMS            GMAX         NAME    NUMBER
    975      -5.9097E+04     3.4293E-01     1.4242E+01     C        2111

 BOND    =     4300.1351  ANGLE   =      264.2837  DIHED      =     1598.2730
 VDWAALS =     9778.6207  EEL     =   -81675.8698  HBOND      =        0.0000
 1-4 VDW =      523.2985  1-4 EEL =     5897.0170  RESTRAINT  =      217.5100
 EAMBER  =   -59314.2417


   NSTEP       ENERGY          RMS            GMAX         NAME    NUMBER
    980      -5.9098E+04     2.1610E-01     8.8719E+00     H52      2155

 BOND    =     4294.2170  ANGLE   =      263.9523  DIHED      =     1598.2594
 VDWAALS =     9778.5323  EEL     =   -81670.7594  HBOND      =        0.0000
 1-4 VDW =      523.3024  1-4 EEL =     5896.8726  RESTRAINT  =      217.5006
 EAMBER  =   -59315.6234


   NSTEP       ENERGY          RMS            GMAX         NAME    NUMBER
    985      -5.9102E+04     2.5380E-01     1.0329E+01     C        2111

 BOND    =     4289.7813  ANGLE   =      263.8197  DIHED      =     1598.6018
 VDWAALS =     9778.1897  EEL     =   -81669.3231  HBOND      =        0.0000
 1-4 VDW =      523.2965  1-4 EEL =     5895.7861  RESTRAINT  =      217.4883
 EAMBER  =   -59319.8480


   NSTEP       ENERGY          RMS            GMAX         NAME    NUMBER
    990      -5.9110E+04     2.9972E-01     1.6216E+01     O1       2115

 BOND    =     4301.7379  ANGLE   =      265.7787  DIHED      =     1598.5621
 VDWAALS =     9781.9823  EEL     =   -81695.8614  HBOND      =        0.0000
 1-4 VDW =      523.2082  1-4 EEL =     5896.6424  RESTRAINT  =      217.4647
 EAMBER  =   -59327.9498


   NSTEP       ENERGY          RMS            GMAX         NAME    NUMBER
    995      -5.9128E+04     6.0959E-01     3.6940E+01     CG        964

 BOND    =     4299.8782  ANGLE   =      265.1211  DIHED      =     1599.1662
 VDWAALS =     9802.5746  EEL     =   -81732.4385  HBOND      =        0.0000
 1-4 VDW =      523.2445  1-4 EEL =     5897.0432  RESTRAINT  =      217.3481
 EAMBER  =   -59345.4107


   NSTEP       ENERGY          RMS            GMAX         NAME    NUMBER
   1000      -5.9162E+04     6.1690E-01     2.1029E+01     H52      2155

 BOND    =     4331.4871  ANGLE   =      267.4897  DIHED      =     1599.6061
 VDWAALS =     9839.0849  EEL     =   -81836.2861  HBOND      =        0.0000
 1-4 VDW =      523.4795  1-4 EEL =     5896.1672  RESTRAINT  =      217.4215
 EAMBER  =   -59378.9715


  Maximum number of minimization cycles reached.


                    FINAL RESULTS



   NSTEP       ENERGY          RMS            GMAX         NAME    NUMBER
   1000      -5.9162E+04     6.1690E-01     2.1029E+01     H52      2155

 BOND    =     4331.4871  ANGLE   =      267.4897  DIHED      =     1599.6061
 VDWAALS =     9839.0849  EEL     =   -81836.2861  HBOND      =        0.0000
 1-4 VDW =      523.4795  1-4 EEL =     5896.1672  RESTRAINT  =      217.4215
 EAMBER  =   -59378.9715
--------------------------------------------------------------------------------
   5.  TIMINGS
--------------------------------------------------------------------------------

|  NonSetup CPU Time in Major Routines:
|
|     Routine           Sec        %
|     ------------------------------
|     Nonbond          52.32   95.70
|     Bond              0.18    0.33
|     Angle             0.29    0.53
|     Dihedral          1.66    3.04
|     Shake             0.00    0.00
|     Other             0.21    0.39
|     ------------------------------
|     Total            54.67

|  PME Nonbond Pairlist CPU Time:
|
|     Routine              Sec        %
|     ---------------------------------
|     Set Up Cit           0.00    0.00
|     Build List           0.72    1.32
|     ---------------------------------
|     Total                0.72    1.32

|  PME Direct Force CPU Time:
|
|     Routine              Sec        %
|     ---------------------------------
|     NonBonded Calc      35.15   64.29
|     Exclude Masked       0.76    1.38
|     Other                0.10    0.19
|     ---------------------------------
|     Total               36.01   65.87

|  PME Reciprocal Force CPU Time:
|
|     Routine              Sec        %
|     ---------------------------------
|     1D bspline           0.56    1.03
|     Grid Charges         0.99    1.81
|     Scalar Sum           6.01   10.99
|     Gradient Sum         1.90    3.48
|     FFT                  6.10   11.15
|     ---------------------------------
|     Total               15.56   28.46

|  Setup CPU time:            0.08 seconds
|  NonSetup CPU time:        54.67 seconds
|  Total CPU time:           54.75 seconds     0.02 hours

|  Setup wall time:           0    seconds
|  NonSetup wall time:       55    seconds
|  Total wall time:          55    seconds     0.02 hours
