
          -------------------------------------------------------
          Amber 16 PMEMD                              2016
          -------------------------------------------------------

| PMEMD implementation of SANDER, Release 16

| Run on 11/07/2018 at 10:16:03

|   Executable path: pmemd
| Working directory: /home/german/lbp/run/2ifb/mhe/m
|          Hostname: Unknown
  [-O]verwriting output

File Assignments:
|   MDIN: mmin.in                                                               
|  MDOUT: mmin.out                                                              
| INPCRD: m2ifb.rst7                                                            
|   PARM: /home/german/lbp/top_files/2ifb.prmtop                                
| RESTRT: mm2ifb.rst7                                                           
|   REFC: 2ifb.rst7                                                             
|  MDVEL: mdvel                                                                 
|   MDEN: mden                                                                  
|  MDCRD: mdcrd                                                                 
| MDINFO: mdinfo                                                                
|  MDFRC: mdfrc                                                                 


 Here is the input file:

Minimization with Cartesian restraints                                         
&cntrl                                                                         
imin=1,                                                                        
ntmin=1,                                 ! Steepest Descent, then Conjugate Gra
ncyc=200,                                ! 100 steps of Steepest Descent       
maxcyc=1000,                             ! 400 steps of Conjugate Gradient     
ntpr=5,                                                                        
&end                                                                           


Note: ig = -1. Setting random seed to   267924 based on wallclock time in 
      microseconds.
 
 
| Conditional Compilation Defines Used:
| PUBFFT
| BINTRAJ
| EMIL

| Largest sphere to fit in unit cell has radius =    25.373

| New format PARM file being parsed.
| Version =    1.000 Date = 11/06/18 Time = 18:10:34

| Note: 1-4 EEL scale factors are being read from the topology file.

| Note: 1-4 VDW scale factors are being read from the topology file.
| Duplicated    0 dihedrals

| Duplicated    0 dihedrals

--------------------------------------------------------------------------------
   1.  RESOURCE   USE: 
--------------------------------------------------------------------------------

 getting box info from netcdf restart file
 NATOM  =   15768 NTYPES =      16 NBONH =   14693 MBONA  =    1090
 NTHETH =    2483 MTHETA =    1455 NPHIH =    4974 MPHIA  =    4548
 NHPARM =       0 NPARM  =       0 NNB   =   30050 NRES   =    4667
 NBONA  =    1090 NTHETA =    1455 NPHIA =    4548 NUMBND =      71
 NUMANG =     152 NPTRA  =     186 NATYP =      40 NPHB   =       1
 IFBOX  =       2 NMXRS  =      50 IFCAP =       0 NEXTRA =       0
 NCOPY  =       0

| Coordinate Index Table dimensions:    12   12   12
| Direct force subcell size =     5.1792    5.1792    5.1792

     BOX TYPE: TRUNCATED OCTAHEDRON

--------------------------------------------------------------------------------
   2.  CONTROL  DATA  FOR  THE  RUN
--------------------------------------------------------------------------------

default_name                                                                    

General flags:
     imin    =       1, nmropt  =       0

Nature and format of input:
     ntx     =       1, irest   =       0, ntrx    =       1

Nature and format of output:
     ntxo    =       2, ntpr    =       5, ntrx    =       1, ntwr    =       1
     iwrap   =       0, ntwx    =       0, ntwv    =       0, ntwe    =       0
     ioutfm  =       1, ntwprt  =       0, idecomp =       0, rbornstat=      0

Potential function:
     ntf     =       1, ntb     =       1, igb     =       0, nsnb    =      25
     ipol    =       0, gbsa    =       0, iesp    =       0
     dielc   =   1.00000, cut     =   8.00000, intdiel =   1.00000

Frozen or restrained atoms:
     ibelly  =       0, ntr     =       0

Energy minimization:
     maxcyc  =    1000, ncyc    =     200, ntmin   =       1
     dx0     =   0.01000, drms    =   0.00010

| Intermolecular bonds treatment:
|     no_intermolecular_bonds =       1

| Energy averages sample interval:
|     ene_avg_sampling =       1

Ewald parameters:
     verbose =       0, ew_type =       0, nbflag  =       1, use_pme =       1
     vdwmeth =       1, eedmeth =       1, netfrc  =       0
     Box X =   62.151   Box Y =   62.151   Box Z =   62.151
     Alpha =  109.471   Beta  =  109.471   Gamma =  109.471
     NFFT1 =   64       NFFT2 =   64       NFFT3 =   64
     Cutoff=    8.000   Tol   =0.100E-04
     Ewald Coefficient =  0.34864
     Interpolation order =    4

--------------------------------------------------------------------------------
   3.  ATOMIC COORDINATES AND VELOCITIES
--------------------------------------------------------------------------------

default_name                                                                    
 begin time read from input coords =     0.000 ps

 
 Number of triangulated 3-point waters found:     4535

     Sum of charges from parm topology file =   0.00200096
     Forcing neutrality...

| Dynamic Memory, Types Used:
| Reals              472168
| Integers           542734

| Nonbonded Pairs Initial Allocation:     2633650

--------------------------------------------------------------------------------
   4.  RESULTS
--------------------------------------------------------------------------------

 ---------------------------------------------------
 APPROXIMATING switch and d/dx switch using CUBIC SPLINE INTERPOLATION
 using   5000.0 points per unit in tabled values
 TESTING RELATIVE ERROR over r ranging from 0.0 to cutoff
| CHECK switch(x): max rel err =   0.2738E-14   at   2.422500
| CHECK d/dx switch(x): max rel err =   0.8332E-11   at   2.782960
 ---------------------------------------------------
|---------------------------------------------------
| APPROXIMATING direct energy using CUBIC SPLINE INTERPOLATION
|  with   50.0 points per unit in tabled values
| Relative Error Limit not exceeded for r .gt.   2.47
| APPROXIMATING direct force using CUBIC SPLINE INTERPOLATION
|  with   50.0 points per unit in tabled values
| Relative Error Limit not exceeded for r .gt.   2.89
|---------------------------------------------------


   NSTEP       ENERGY          RMS            GMAX         NAME    NUMBER
      1      -5.9379E+04     7.4926E-01     2.1029E+01     H52      2155

 BOND    =     4331.4871  ANGLE   =      267.4897  DIHED      =     1599.6061
 VDWAALS =     9839.0849  EEL     =   -81836.2861  HBOND      =        0.0000
 1-4 VDW =      523.4795  1-4 EEL =     5896.1672  RESTRAINT  =        0.0000


   NSTEP       ENERGY          RMS            GMAX         NAME    NUMBER
      5      -5.9388E+04     5.9256E-01     1.7645E+01     H52      2155

 BOND    =     4316.7659  ANGLE   =      266.7520  DIHED      =     1599.7722
 VDWAALS =     9837.0685  EEL     =   -81824.9495  HBOND      =        0.0000
 1-4 VDW =      522.3955  1-4 EEL =     5894.0260  RESTRAINT  =        0.0000


   NSTEP       ENERGY          RMS            GMAX         NAME    NUMBER
     10      -5.9409E+04     4.7588E-01     1.0176E+01     H52      2155

 BOND    =     4308.6696  ANGLE   =      266.1310  DIHED      =     1600.3787
 VDWAALS =     9831.7038  EEL     =   -81821.7653  HBOND      =        0.0000
 1-4 VDW =      518.8387  1-4 EEL =     5886.8439  RESTRAINT  =        0.0000


   NSTEP       ENERGY          RMS            GMAX         NAME    NUMBER
     15      -5.9451E+04     3.7212E-01     6.1974E+00     HD22      393

 BOND    =     4311.1073  ANGLE   =      267.1335  DIHED      =     1601.5176
 VDWAALS =     9821.9919  EEL     =   -81832.1789  HBOND      =        0.0000
 1-4 VDW =      509.6352  1-4 EEL =     5869.9352  RESTRAINT  =        0.0000


   NSTEP       ENERGY          RMS            GMAX         NAME    NUMBER
     20      -5.9492E+04     9.6478E-01     5.3986E+01     C        2111

 BOND    =     4320.7722  ANGLE   =      267.9524  DIHED      =     1601.9745
 VDWAALS =     9813.8110  EEL     =   -81846.6186  HBOND      =        0.0000
 1-4 VDW =      497.8627  1-4 EEL =     5852.3512  RESTRAINT  =        0.0000


   NSTEP       ENERGY          RMS            GMAX         NAME    NUMBER
     25      -5.9511E+04     3.1326E-01     4.5700E+00     HD22      393

 BOND    =     4315.3309  ANGLE   =      267.5903  DIHED      =     1601.9215
 VDWAALS =     9811.6062  EEL     =   -81849.3033  HBOND      =        0.0000
 1-4 VDW =      494.4587  1-4 EEL =     5847.4805  RESTRAINT  =        0.0000


   NSTEP       ENERGY          RMS            GMAX         NAME    NUMBER
     30      -5.9517E+04     1.2164E+00     4.6127E+01     C        2111

 BOND    =     4326.8669  ANGLE   =      267.4979  DIHED      =     1601.7961
 VDWAALS =     9809.5412  EEL     =   -81856.0003  HBOND      =        0.0000
 1-4 VDW =      490.6830  1-4 EEL =     5842.5068  RESTRAINT  =        0.0000


   NSTEP       ENERGY          RMS            GMAX         NAME    NUMBER
     35      -5.9540E+04     3.9201E-01     6.1250E+00     C         697

 BOND    =     4317.4175  ANGLE   =      267.2831  DIHED      =     1601.6338
 VDWAALS =     9807.6071  EEL     =   -81858.9071  HBOND      =        0.0000
 1-4 VDW =      487.2930  1-4 EEL =     5837.6803  RESTRAINT  =        0.0000


   NSTEP       ENERGY          RMS            GMAX         NAME    NUMBER
     40      -5.9551E+04     2.7356E-01     4.0709E+00     O        2112

 BOND    =     4317.8045  ANGLE   =      267.0358  DIHED      =     1601.4674
 VDWAALS =     9806.3569  EEL     =   -81862.9881  HBOND      =        0.0000
 1-4 VDW =      484.8607  1-4 EEL =     5834.3195  RESTRAINT  =        0.0000


   NSTEP       ENERGY          RMS            GMAX         NAME    NUMBER
     45      -5.9564E+04     2.7101E-01     3.9560E+00     O        2112

 BOND    =     4318.6041  ANGLE   =      266.8533  DIHED      =     1601.2290
 VDWAALS =     9804.9500  EEL     =   -81867.8356  HBOND      =        0.0000
 1-4 VDW =      482.0049  1-4 EEL =     5830.3197  RESTRAINT  =        0.0000


   NSTEP       ENERGY          RMS            GMAX         NAME    NUMBER
     50      -5.9575E+04     5.6038E-01     1.1510E+01     C         697

 BOND    =     4320.5582  ANGLE   =      266.9100  DIHED      =     1600.9384
 VDWAALS =     9803.7371  EEL     =   -81872.6056  HBOND      =        0.0000
 1-4 VDW =      479.1551  1-4 EEL =     5826.2530  RESTRAINT  =        0.0000


   NSTEP       ENERGY          RMS            GMAX         NAME    NUMBER
     55      -5.9586E+04     3.3609E-01     5.7983E+00     C         697

 BOND    =     4320.2041  ANGLE   =      266.5724  DIHED      =     1600.6793
 VDWAALS =     9802.9024  EEL     =   -81877.2111  HBOND      =        0.0000
 1-4 VDW =      477.1182  1-4 EEL =     5823.3055  RESTRAINT  =        0.0000


   NSTEP       ENERGY          RMS            GMAX         NAME    NUMBER
     60      -5.9597E+04     3.9010E-01     7.8170E+00     C         697

 BOND    =     4321.0786  ANGLE   =      266.4526  DIHED      =     1600.3662
 VDWAALS =     9802.1091  EEL     =   -81881.9867  HBOND      =        0.0000
 1-4 VDW =      474.9324  1-4 EEL =     5820.0786  RESTRAINT  =        0.0000


   NSTEP       ENERGY          RMS            GMAX         NAME    NUMBER
     65      -5.9605E+04     6.1995E-01     1.3968E+01     C         697

 BOND    =     4322.9038  ANGLE   =      266.5152  DIHED      =     1600.0672
 VDWAALS =     9801.5463  EEL     =   -81886.0739  HBOND      =        0.0000
 1-4 VDW =      473.0850  1-4 EEL =     5817.2991  RESTRAINT  =        0.0000


   NSTEP       ENERGY          RMS            GMAX         NAME    NUMBER
     70      -5.9614E+04     6.6094E-01     1.6049E+01     C         697

 BOND    =     4323.7853  ANGLE   =      266.4252  DIHED      =     1599.7290
 VDWAALS =     9801.0629  EEL     =   -81890.8000  HBOND      =        0.0000
 1-4 VDW =      471.2528  1-4 EEL =     5814.4945  RESTRAINT  =        0.0000


   NSTEP       ENERGY          RMS            GMAX         NAME    NUMBER
     75      -5.9623E+04     7.3383E-01     1.8828E+01     C         697

 BOND    =     4324.9234  ANGLE   =      266.3796  DIHED      =     1599.3850
 VDWAALS =     9800.7104  EEL     =   -81895.3832  HBOND      =        0.0000
 1-4 VDW =      469.5815  1-4 EEL =     5811.8883  RESTRAINT  =        0.0000


   NSTEP       ENERGY          RMS            GMAX         NAME    NUMBER
     80      -5.9630E+04     6.9557E-01     1.7552E+01     C         697

 BOND    =     4325.1992  ANGLE   =      266.1941  DIHED      =     1599.0848
 VDWAALS =     9800.4889  EEL     =   -81899.5296  HBOND      =        0.0000
 1-4 VDW =      468.2688  1-4 EEL =     5809.8278  RESTRAINT  =        0.0000


   NSTEP       ENERGY          RMS            GMAX         NAME    NUMBER
     85      -5.9639E+04     7.1622E-01     1.8973E+01     C         697

 BOND    =     4325.9051  ANGLE   =      266.0898  DIHED      =     1598.7230
 VDWAALS =     9800.3501  EEL     =   -81904.2069  HBOND      =        0.0000
 1-4 VDW =      466.8133  1-4 EEL =     5807.4832  RESTRAINT  =        0.0000


   NSTEP       ENERGY          RMS            GMAX         NAME    NUMBER
     90      -5.9650E+04     2.2205E-01     3.6994E+00     OE2      1778

 BOND    =     4324.8933  ANGLE   =      265.2908  DIHED      =     1598.3964
 VDWAALS =     9800.2575  EEL     =   -81909.9310  HBOND      =        0.0000
 1-4 VDW =      465.6823  1-4 EEL =     5805.7271  RESTRAINT  =        0.0000


   NSTEP       ENERGY          RMS            GMAX         NAME    NUMBER
     95      -5.9653E+04     7.8233E-01     2.1645E+01     C         697

 BOND    =     4327.5140  ANGLE   =      265.9174  DIHED      =     1598.0256
 VDWAALS =     9800.3627  EEL     =   -81913.0102  HBOND      =        0.0000
 1-4 VDW =      464.3315  1-4 EEL =     5803.4039  RESTRAINT  =        0.0000


   NSTEP       ENERGY          RMS            GMAX         NAME    NUMBER
    100      -5.9661E+04     8.0730E-01     2.3289E+01     C         697

 BOND    =     4328.2338  ANGLE   =      265.8366  DIHED      =     1597.6524
 VDWAALS =     9800.4974  EEL     =   -81917.5869  HBOND      =        0.0000
 1-4 VDW =      463.1508  1-4 EEL =     5801.4123  RESTRAINT  =        0.0000


   NSTEP       ENERGY          RMS            GMAX         NAME    NUMBER
    105      -5.9668E+04     8.4773E-01     2.5983E+01     CZ        465

 BOND    =     4329.0894  ANGLE   =      265.7857  DIHED      =     1597.2671
 VDWAALS =     9800.7139  EEL     =   -81922.2668  HBOND      =        0.0000
 1-4 VDW =      462.0200  1-4 EEL =     5799.4699  RESTRAINT  =        0.0000


   NSTEP       ENERGY          RMS            GMAX         NAME    NUMBER
    110      -5.9679E+04     2.7671E-01     6.8208E+00     CZ        465

 BOND    =     4327.7537  ANGLE   =      264.6332  DIHED      =     1596.9141
 VDWAALS =     9800.8761  EEL     =   -81928.9311  HBOND      =        0.0000
 1-4 VDW =      461.1336  1-4 EEL =     5798.1240  RESTRAINT  =        0.0000


   NSTEP       ENERGY          RMS            GMAX         NAME    NUMBER
    115      -5.9685E+04     1.9966E-01     3.7117E+00     OE2      1778

 BOND    =     4327.6534  ANGLE   =      264.5643  DIHED      =     1596.6024
 VDWAALS =     9801.1533  EEL     =   -81932.4059  HBOND      =        0.0000
 1-4 VDW =      460.3186  1-4 EEL =     5796.6833  RESTRAINT  =        0.0000


   NSTEP       ENERGY          RMS            GMAX         NAME    NUMBER
    120      -5.9692E+04     1.9755E-01     3.6353E+00     OE2      1778

 BOND    =     4328.2411  ANGLE   =      264.4097  DIHED      =     1596.2090
 VDWAALS =     9801.5308  EEL     =   -81937.1704  HBOND      =        0.0000
 1-4 VDW =      459.3562  1-4 EEL =     5794.9993  RESTRAINT  =        0.0000


   NSTEP       ENERGY          RMS            GMAX         NAME    NUMBER
    125      -5.9699E+04     2.0033E-01     3.5285E+00     OE2      1778

 BOND    =     4328.8748  ANGLE   =      264.2476  DIHED      =     1595.8083
 VDWAALS =     9801.9908  EEL     =   -81942.0559  HBOND      =        0.0000
 1-4 VDW =      458.4356  1-4 EEL =     5793.3718  RESTRAINT  =        0.0000


   NSTEP       ENERGY          RMS            GMAX         NAME    NUMBER
    130      -5.9706E+04     4.0401E-01     1.3799E+01     CZ        465

 BOND    =     4330.9715  ANGLE   =      264.0432  DIHED      =     1595.3796
 VDWAALS =     9802.5347  EEL     =   -81947.9216  HBOND      =        0.0000
 1-4 VDW =      457.5170  1-4 EEL =     5791.8097  RESTRAINT  =        0.0000


   NSTEP       ENERGY          RMS            GMAX         NAME    NUMBER
    135      -5.9712E+04     2.4815E-01     6.6897E+00     CZ        465

 BOND    =     4330.3809  ANGLE   =      263.9093  DIHED      =     1595.0162
 VDWAALS =     9803.0720  EEL     =   -81951.7239  HBOND      =        0.0000
 1-4 VDW =      456.7717  1-4 EEL =     5790.4038  RESTRAINT  =        0.0000


   NSTEP       ENERGY          RMS            GMAX         NAME    NUMBER
    140      -5.9719E+04     2.6039E-01     7.7440E+00     CZ        465

 BOND    =     4331.0382  ANGLE   =      263.7492  DIHED      =     1594.6060
 VDWAALS =     9803.7423  EEL     =   -81956.5964  HBOND      =        0.0000
 1-4 VDW =      455.9750  1-4 EEL =     5788.9550  RESTRAINT  =        0.0000


   NSTEP       ENERGY          RMS            GMAX         NAME    NUMBER
    145      -5.9725E+04     3.0783E-01     1.0558E+01     CZ        465

 BOND    =     4331.9210  ANGLE   =      263.5888  DIHED      =     1594.1968
 VDWAALS =     9804.4305  EEL     =   -81961.5162  HBOND      =        0.0000
 1-4 VDW =      455.2212  1-4 EEL =     5787.5847  RESTRAINT  =        0.0000


   NSTEP       ENERGY          RMS            GMAX         NAME    NUMBER
    150      -5.9729E+04     4.7060E-01     1.8407E+01     CZ        465

 BOND    =     4333.6765  ANGLE   =      263.4802  DIHED      =     1593.8293
 VDWAALS =     9805.0313  EEL     =   -81966.2544  HBOND      =        0.0000
 1-4 VDW =      454.5774  1-4 EEL =     5786.4480  RESTRAINT  =        0.0000


   NSTEP       ENERGY          RMS            GMAX         NAME    NUMBER
    155      -5.9735E+04     4.8990E-01     1.9649E+01     CZ        465

 BOND    =     4334.3451  ANGLE   =      263.3574  DIHED      =     1593.4216
 VDWAALS =     9805.7763  EEL     =   -81970.9857  HBOND      =        0.0000
 1-4 VDW =      453.8843  1-4 EEL =     5785.1694  RESTRAINT  =        0.0000


   NSTEP       ENERGY          RMS            GMAX         NAME    NUMBER
    160      -5.9741E+04     5.3140E-01     2.1785E+01     CZ        465

 BOND    =     4335.1981  ANGLE   =      263.2513  DIHED      =     1593.0118
 VDWAALS =     9806.5559  EEL     =   -81975.7351  HBOND      =        0.0000
 1-4 VDW =      453.2171  1-4 EEL =     5783.9369  RESTRAINT  =        0.0000


   NSTEP       ENERGY          RMS            GMAX         NAME    NUMBER
    165      -5.9746E+04     5.8215E-01     2.4195E+01     CZ        465

 BOND    =     4336.1514  ANGLE   =      263.1542  DIHED      =     1592.6165
 VDWAALS =     9807.3355  EEL     =   -81980.3264  HBOND      =        0.0000
 1-4 VDW =      452.6023  1-4 EEL =     5782.7937  RESTRAINT  =        0.0000


   NSTEP       ENERGY          RMS            GMAX         NAME    NUMBER
    170      -5.9751E+04     5.4698E-01     2.2659E+01     CZ        465

 BOND    =     4336.3002  ANGLE   =      262.9848  DIHED      =     1592.2709
 VDWAALS =     9808.0557  EEL     =   -81984.1292  HBOND      =        0.0000
 1-4 VDW =      452.0946  1-4 EEL =     5781.7987  RESTRAINT  =        0.0000


   NSTEP       ENERGY          RMS            GMAX         NAME    NUMBER
    175      -5.9756E+04     5.6592E-01     2.3845E+01     CZ        465

 BOND    =     4336.9453  ANGLE   =      262.8617  DIHED      =     1591.8622
 VDWAALS =     9808.8818  EEL     =   -81988.7037  HBOND      =        0.0000
 1-4 VDW =      451.5035  1-4 EEL =     5780.6746  RESTRAINT  =        0.0000


   NSTEP       ENERGY          RMS            GMAX         NAME    NUMBER
    180      -5.9761E+04     5.6988E-01     2.4189E+01     CZ        465

 BOND    =     4337.4405  ANGLE   =      262.7268  DIHED      =     1591.4523
 VDWAALS =     9809.7479  EEL     =   -81993.2109  HBOND      =        0.0000
 1-4 VDW =      450.9334  1-4 EEL =     5779.5755  RESTRAINT  =        0.0000


   NSTEP       ENERGY          RMS            GMAX         NAME    NUMBER
    185      -5.9768E+04     1.8395E-01     3.6681E+00     CZ        465

 BOND    =     4334.9150  ANGLE   =      262.4775  DIHED      =     1591.0568
 VDWAALS =     9810.6459  EEL     =   -81995.9742  HBOND      =        0.0000
 1-4 VDW =      450.4461  1-4 EEL =     5778.3266  RESTRAINT  =        0.0000


   NSTEP       ENERGY          RMS            GMAX         NAME    NUMBER
    190      -5.9770E+04     6.3170E-01     2.7469E+01     CZ        465

 BOND    =     4338.9527  ANGLE   =      262.5126  DIHED      =     1590.7107
 VDWAALS =     9811.3462  EEL     =   -82001.5108  HBOND      =        0.0000
 1-4 VDW =      449.9597  1-4 EEL =     5777.7005  RESTRAINT  =        0.0000


   NSTEP       ENERGY          RMS            GMAX         NAME    NUMBER
    195      -5.9775E+04     6.5335E-01     2.8074E+01     CZ        465

 BOND    =     4339.5572  ANGLE   =      262.4165  DIHED      =     1590.3054
 VDWAALS =     9812.2602  EEL     =   -82005.9072  HBOND      =        0.0000
 1-4 VDW =      449.4447  1-4 EEL =     5776.7069  RESTRAINT  =        0.0000


   NSTEP       ENERGY          RMS            GMAX         NAME    NUMBER
    200      -5.9780E+04     6.8656E-01     2.8858E+01     CZ        465

 BOND    =     4340.2620  ANGLE   =      262.3388  DIHED      =     1589.8960
 VDWAALS =     9813.1912  EEL     =   -82010.3107  HBOND      =        0.0000
 1-4 VDW =      448.9414  1-4 EEL =     5775.7341  RESTRAINT  =        0.0000


   NSTEP       ENERGY          RMS            GMAX         NAME    NUMBER
    205      -5.9816E+04     4.0457E-01     1.8477E+01     CZ3        83

 BOND    =     4341.5501  ANGLE   =      261.1436  DIHED      =     1587.0790
 VDWAALS =     9820.4284  EEL     =   -82040.2514  HBOND      =        0.0000
 1-4 VDW =      445.6170  1-4 EEL =     5768.8307  RESTRAINT  =        0.0000


   NSTEP       ENERGY          RMS            GMAX         NAME    NUMBER
    210      -5.9917E+04     1.1211E+00     1.0610E+02     OG       1148

 BOND    =     4383.0472  ANGLE   =      259.5185  DIHED      =     1577.0684
 VDWAALS =     9902.2157  EEL     =   -82202.2738  HBOND      =        0.0000
 1-4 VDW =      425.9166  1-4 EEL =     5737.3499  RESTRAINT  =        0.0000


   NSTEP       ENERGY          RMS            GMAX         NAME    NUMBER
    215      -5.9964E+04     6.8927E-01     5.4132E+01     HG       1149

 BOND    =     4374.2419  ANGLE   =      277.9985  DIHED      =     1575.3937
 VDWAALS =     9901.7534  EEL     =   -82238.2557  HBOND      =        0.0000
 1-4 VDW =      423.7547  1-4 EEL =     5721.4973  RESTRAINT  =        0.0000


   NSTEP       ENERGY          RMS            GMAX         NAME    NUMBER
    220      -5.9985E+04     7.0734E-01     3.2563E+01     OG       1148

 BOND    =     4372.6594  ANGLE   =      284.1918  DIHED      =     1574.4950
 VDWAALS =     9912.7210  EEL     =   -82263.9649  HBOND      =        0.0000
 1-4 VDW =      423.2056  1-4 EEL =     5712.0630  RESTRAINT  =        0.0000


   NSTEP       ENERGY          RMS            GMAX         NAME    NUMBER
    225      -6.0020E+04     8.0913E-01     4.2619E+01     CB       1145

 BOND    =     4399.4926  ANGLE   =      272.1987  DIHED      =     1572.7370
 VDWAALS =     9953.2703  EEL     =   -82338.7763  HBOND      =        0.0000
 1-4 VDW =      417.6457  1-4 EEL =     5702.9676  RESTRAINT  =        0.0000


   NSTEP       ENERGY          RMS            GMAX         NAME    NUMBER
    230      -6.0023E+04     6.8751E-01     3.7101E+01     CB       1145

 BOND    =     4397.2033  ANGLE   =      271.9369  DIHED      =     1572.6584
 VDWAALS =     9952.9481  EEL     =   -82338.0586  HBOND      =        0.0000
 1-4 VDW =      417.7249  1-4 EEL =     5702.9535  RESTRAINT  =        0.0000


   NSTEP       ENERGY          RMS            GMAX         NAME    NUMBER
    235      -6.0039E+04     4.4528E-01     1.9779E+01     CG         40

 BOND    =     4383.2656  ANGLE   =      276.5733  DIHED      =     1570.9459
 VDWAALS =     9947.0997  EEL     =   -82341.2901  HBOND      =        0.0000
 1-4 VDW =      419.8652  1-4 EEL =     5704.2846  RESTRAINT  =        0.0000


   NSTEP       ENERGY          RMS            GMAX         NAME    NUMBER
    240      -6.0052E+04     5.0989E-01     3.2912E+01     HG       1149

 BOND    =     4389.0364  ANGLE   =      272.6761  DIHED      =     1569.3039
 VDWAALS =     9947.6663  EEL     =   -82360.5492  HBOND      =        0.0000
 1-4 VDW =      420.6113  1-4 EEL =     5709.6363  RESTRAINT  =        0.0000


   NSTEP       ENERGY          RMS            GMAX         NAME    NUMBER
    245      -6.0072E+04     5.3287E-01     3.9486E+01     HG       1149

 BOND    =     4387.9983  ANGLE   =      259.2544  DIHED      =     1564.6031
 VDWAALS =     9956.1683  EEL     =   -82383.2192  HBOND      =        0.0000
 1-4 VDW =      421.7162  1-4 EEL =     5721.0663  RESTRAINT  =        0.0000


   NSTEP       ENERGY          RMS            GMAX         NAME    NUMBER
    250      -6.0096E+04     5.4597E-01     3.5046E+01     CD       1348

 BOND    =     4388.4195  ANGLE   =      258.1796  DIHED      =     1559.2593
 VDWAALS =     9953.5149  EEL     =   -82410.7194  HBOND      =        0.0000
 1-4 VDW =      427.2907  1-4 EEL =     5727.7285  RESTRAINT  =        0.0000


   NSTEP       ENERGY          RMS            GMAX         NAME    NUMBER
    255      -6.0098E+04     4.2830E-01     2.0390E+01     OE1      1349

 BOND    =     4386.2171  ANGLE   =      258.0032  DIHED      =     1559.2471
 VDWAALS =     9953.5052  EEL     =   -82409.6858  HBOND      =        0.0000
 1-4 VDW =      427.2966  1-4 EEL =     5727.6508  RESTRAINT  =        0.0000


   NSTEP       ENERGY          RMS            GMAX         NAME    NUMBER
    260      -6.0107E+04     3.4917E-01     1.6135E+01     CD       1348

 BOND    =     4383.8984  ANGLE   =      255.6420  DIHED      =     1559.6171
 VDWAALS =     9952.1380  EEL     =   -82411.6084  HBOND      =        0.0000
 1-4 VDW =      427.5167  1-4 EEL =     5726.2358  RESTRAINT  =        0.0000


   NSTEP       ENERGY          RMS            GMAX         NAME    NUMBER
    265      -6.0118E+04     3.4153E-01     1.3085E+01     CA       1143

 BOND    =     4380.3894  ANGLE   =      258.5465  DIHED      =     1558.1673
 VDWAALS =     9952.1949  EEL     =   -82419.7709  HBOND      =        0.0000
 1-4 VDW =      426.7902  1-4 EEL =     5726.0917  RESTRAINT  =        0.0000


   NSTEP       ENERGY          RMS            GMAX         NAME    NUMBER
    270      -6.0126E+04     4.1618E-01     2.1971E+01     CB       1145

 BOND    =     4386.5570  ANGLE   =      257.4881  DIHED      =     1557.7237
 VDWAALS =     9956.6044  EEL     =   -82436.6566  HBOND      =        0.0000
 1-4 VDW =      425.5337  1-4 EEL =     5726.4005  RESTRAINT  =        0.0000


   NSTEP       ENERGY          RMS            GMAX         NAME    NUMBER
    275      -6.0145E+04     3.9003E-01     1.3422E+01     OE1      1349

 BOND    =     4387.3212  ANGLE   =      256.4831  DIHED      =     1557.2149
 VDWAALS =     9965.7149  EEL     =   -82465.4245  HBOND      =        0.0000
 1-4 VDW =      425.9282  1-4 EEL =     5728.0929  RESTRAINT  =        0.0000


   NSTEP       ENERGY          RMS            GMAX         NAME    NUMBER
    280      -6.0146E+04     3.2771E-01     1.2682E+01     OE1      1349

 BOND    =     4385.6384  ANGLE   =      256.1076  DIHED      =     1557.0429
 VDWAALS =     9965.5173  EEL     =   -82464.3674  HBOND      =        0.0000
 1-4 VDW =      425.9267  1-4 EEL =     5728.1219  RESTRAINT  =        0.0000


   NSTEP       ENERGY          RMS            GMAX         NAME    NUMBER
    285      -6.0156E+04     3.8707E-01     2.0775E+01     OG       1148

 BOND    =     4383.6685  ANGLE   =      257.5500  DIHED      =     1554.5528
 VDWAALS =     9964.7463  EEL     =   -82471.7846  HBOND      =        0.0000
 1-4 VDW =      425.8703  1-4 EEL =     5729.2444  RESTRAINT  =        0.0000


   NSTEP       ENERGY          RMS            GMAX         NAME    NUMBER
    290      -6.0167E+04     3.7895E-01     1.3132E+01     CG         40

 BOND    =     4382.2734  ANGLE   =      252.1298  DIHED      =     1553.9493
 VDWAALS =     9970.7636  EEL     =   -82483.8696  HBOND      =        0.0000
 1-4 VDW =      426.9355  1-4 EEL =     5731.1921  RESTRAINT  =        0.0000


   NSTEP       ENERGY          RMS            GMAX         NAME    NUMBER
    295      -6.0173E+04     3.1771E-01     1.3928E+01     HG       1149

 BOND    =     4387.8873  ANGLE   =      251.6244  DIHED      =     1552.7885
 VDWAALS =     9974.7155  EEL     =   -82500.2959  HBOND      =        0.0000
 1-4 VDW =      427.9523  1-4 EEL =     5732.1498  RESTRAINT  =        0.0000


   NSTEP       ENERGY          RMS            GMAX         NAME    NUMBER
    300      -6.0185E+04     3.5202E-01     1.3344E+01     OE1      1349

 BOND    =     4388.7289  ANGLE   =      252.4485  DIHED      =     1550.5740
 VDWAALS =     9981.0742  EEL     =   -82520.8602  HBOND      =        0.0000
 1-4 VDW =      429.3637  1-4 EEL =     5734.1464  RESTRAINT  =        0.0000


   NSTEP       ENERGY          RMS            GMAX         NAME    NUMBER
    305      -6.0186E+04     2.7390E-01     9.2211E+00     OE1      1349

 BOND    =     4387.3050  ANGLE   =      252.1665  DIHED      =     1550.5692
 VDWAALS =     9981.1729  EEL     =   -82520.3596  HBOND      =        0.0000
 1-4 VDW =      429.2889  1-4 EEL =     5734.0712  RESTRAINT  =        0.0000


   NSTEP       ENERGY          RMS            GMAX         NAME    NUMBER
    310      -6.0192E+04     3.0092E-01     1.4337E+01     CD       1348

 BOND    =     4389.2115  ANGLE   =      248.7305  DIHED      =     1550.8650
 VDWAALS =     9980.9697  EEL     =   -82523.1825  HBOND      =        0.0000
 1-4 VDW =      428.5628  1-4 EEL =     5733.0408  RESTRAINT  =        0.0000


   NSTEP       ENERGY          RMS            GMAX         NAME    NUMBER
    315      -6.0200E+04     2.8666E-01     8.4297E+00     CD       1348

 BOND    =     4384.9601  ANGLE   =      252.1361  DIHED      =     1550.1263
 VDWAALS =     9981.2191  EEL     =   -82527.9769  HBOND      =        0.0000
 1-4 VDW =      427.4102  1-4 EEL =     5732.4529  RESTRAINT  =        0.0000


   NSTEP       ENERGY          RMS            GMAX         NAME    NUMBER
    320      -6.0209E+04     4.0186E-01     1.6150E+01     CG         40

 BOND    =     4390.8703  ANGLE   =      253.1244  DIHED      =     1549.3488
 VDWAALS =     9985.3520  EEL     =   -82545.3264  HBOND      =        0.0000
 1-4 VDW =      426.1820  1-4 EEL =     5731.6699  RESTRAINT  =        0.0000


   NSTEP       ENERGY          RMS            GMAX         NAME    NUMBER
    325      -6.0222E+04     4.3346E-01     1.5056E+01     OE2      1350

 BOND    =     4391.5255  ANGLE   =      252.0797  DIHED      =     1548.8391
 VDWAALS =     9994.1430  EEL     =   -82565.2822  HBOND      =        0.0000
 1-4 VDW =      425.7388  1-4 EEL =     5730.5949  RESTRAINT  =        0.0000


   NSTEP       ENERGY          RMS            GMAX         NAME    NUMBER
    330      -6.0224E+04     3.3769E-01     1.1699E+01     OE1      1349

 BOND    =     4391.7014  ANGLE   =      251.7658  DIHED      =     1548.7020
 VDWAALS =     9994.0148  EEL     =   -82566.4333  HBOND      =        0.0000
 1-4 VDW =      425.7245  1-4 EEL =     5730.6415  RESTRAINT  =        0.0000


   NSTEP       ENERGY          RMS            GMAX         NAME    NUMBER
    335      -6.0233E+04     3.7852E-01     2.4629E+01     CD        238

 BOND    =     4392.6321  ANGLE   =      252.9348  DIHED      =     1546.8284
 VDWAALS =     9993.5967  EEL     =   -82576.7216  HBOND      =        0.0000
 1-4 VDW =      425.7457  1-4 EEL =     5731.8442  RESTRAINT  =        0.0000


   NSTEP       ENERGY          RMS            GMAX         NAME    NUMBER
    340      -6.0243E+04     3.2612E-01     1.4176E+01     OD1        41

 BOND    =     4395.3763  ANGLE   =      248.4584  DIHED      =     1546.3283
 VDWAALS =     9999.1323  EEL     =   -82591.5637  HBOND      =        0.0000
 1-4 VDW =      426.5254  1-4 EEL =     5733.0916  RESTRAINT  =        0.0000


   NSTEP       ENERGY          RMS            GMAX         NAME    NUMBER
    345      -6.0248E+04     2.9095E-01     1.3502E+01     CG         40

 BOND    =     4395.6506  ANGLE   =      246.8904  DIHED      =     1545.6565
 VDWAALS =    10002.7980  EEL     =   -82599.5882  HBOND      =        0.0000
 1-4 VDW =      427.3999  1-4 EEL =     5733.2372  RESTRAINT  =        0.0000


   NSTEP       ENERGY          RMS            GMAX         NAME    NUMBER
    350      -6.0255E+04     3.4457E-01     1.5122E+01     OE1      1349

 BOND    =     4395.7178  ANGLE   =      249.3338  DIHED      =     1544.1288
 VDWAALS =    10008.0374  EEL     =   -82615.2983  HBOND      =        0.0000
 1-4 VDW =      428.3871  1-4 EEL =     5734.2086  RESTRAINT  =        0.0000


   NSTEP       ENERGY          RMS            GMAX         NAME    NUMBER
    355      -6.0257E+04     2.3991E-01     9.0760E+00     OE1      1349

 BOND    =     4394.4270  ANGLE   =      249.2655  DIHED      =     1544.1336
 VDWAALS =    10008.2502  EEL     =   -82615.3141  HBOND      =        0.0000
 1-4 VDW =      428.2813  1-4 EEL =     5734.1596  RESTRAINT  =        0.0000


   NSTEP       ENERGY          RMS            GMAX         NAME    NUMBER
    360      -6.0262E+04     2.8967E-01     1.6344E+01     CG         40

 BOND    =     4396.9866  ANGLE   =      245.5284  DIHED      =     1544.5956
 VDWAALS =    10008.6170  EEL     =   -82618.0553  HBOND      =        0.0000
 1-4 VDW =      427.4335  1-4 EEL =     5733.2368  RESTRAINT  =        0.0000


   NSTEP       ENERGY          RMS            GMAX         NAME    NUMBER
    365      -6.0269E+04     3.2824E-01     1.3483E+01     CG         40

 BOND    =     4394.2633  ANGLE   =      249.2124  DIHED      =     1543.7196
 VDWAALS =    10008.4746  EEL     =   -82623.4584  HBOND      =        0.0000
 1-4 VDW =      426.2971  1-4 EEL =     5732.3643  RESTRAINT  =        0.0000


   NSTEP       ENERGY          RMS            GMAX         NAME    NUMBER
    370      -6.0277E+04     3.8110E-01     1.5800E+01     CD        238

 BOND    =     4398.6677  ANGLE   =      250.5642  DIHED      =     1543.2254
 VDWAALS =    10012.4289  EEL     =   -82638.0845  HBOND      =        0.0000
 1-4 VDW =      425.3536  1-4 EEL =     5731.0595  RESTRAINT  =        0.0000


   NSTEP       ENERGY          RMS            GMAX         NAME    NUMBER
    375      -6.0289E+04     5.0571E-01     2.7374E+01     CD        238

 BOND    =     4400.0698  ANGLE   =      249.7727  DIHED      =     1542.8986
 VDWAALS =    10021.2482  EEL     =   -82657.7227  HBOND      =        0.0000
 1-4 VDW =      424.6703  1-4 EEL =     5729.6733  RESTRAINT  =        0.0000


   NSTEP       ENERGY          RMS            GMAX         NAME    NUMBER
    380      -6.0291E+04     3.8534E-01     1.3362E+01     OE2      1350

 BOND    =     4399.5736  ANGLE   =      249.4470  DIHED      =     1542.7665
 VDWAALS =    10021.0858  EEL     =   -82658.2995  HBOND      =        0.0000
 1-4 VDW =      424.6636  1-4 EEL =     5729.7032  RESTRAINT  =        0.0000


   NSTEP       ENERGY          RMS            GMAX         NAME    NUMBER
    385      -6.0301E+04     3.9715E-01     1.6282E+01     ND1       540

 BOND    =     4399.2589  ANGLE   =      251.2157  DIHED      =     1540.8943
 VDWAALS =    10020.1891  EEL     =   -82668.4924  HBOND      =        0.0000
 1-4 VDW =      424.8194  1-4 EEL =     5730.9601  RESTRAINT  =        0.0000


   NSTEP       ENERGY          RMS            GMAX         NAME    NUMBER
    390      -6.0311E+04     3.8990E-01     1.7909E+01     OD1        41

 BOND    =     4401.4123  ANGLE   =      246.0536  DIHED      =     1540.4518
 VDWAALS =    10025.6844  EEL     =   -82682.4126  HBOND      =        0.0000
 1-4 VDW =      425.4681  1-4 EEL =     5732.1695  RESTRAINT  =        0.0000


   NSTEP       ENERGY          RMS            GMAX         NAME    NUMBER
    395      -6.0316E+04     2.8650E-01     1.4557E+01     CG         40

 BOND    =     4401.9250  ANGLE   =      244.2901  DIHED      =     1539.9110
 VDWAALS =    10027.5916  EEL     =   -82687.9564  HBOND      =        0.0000
 1-4 VDW =      426.1137  1-4 EEL =     5732.0630  RESTRAINT  =        0.0000


   NSTEP       ENERGY          RMS            GMAX         NAME    NUMBER
    400      -6.0323E+04     3.3657E-01     1.4245E+01     OE1      1349

 BOND    =     4401.7308  ANGLE   =      247.3688  DIHED      =     1538.5855
 VDWAALS =    10031.2262  EEL     =   -82701.0536  HBOND      =        0.0000
 1-4 VDW =      426.9612  1-4 EEL =     5732.5857  RESTRAINT  =        0.0000


   NSTEP       ENERGY          RMS            GMAX         NAME    NUMBER
    405      -6.0324E+04     2.2909E-01     8.6028E+00     OE1      1349

 BOND    =     4400.9243  ANGLE   =      247.3479  DIHED      =     1538.5984
 VDWAALS =    10031.5284  EEL     =   -82701.7081  HBOND      =        0.0000
 1-4 VDW =      426.8388  1-4 EEL =     5732.5618  RESTRAINT  =        0.0000


   NSTEP       ENERGY          RMS            GMAX         NAME    NUMBER
    410      -6.0328E+04     2.6708E-01     1.5073E+01     CG         40

 BOND    =     4403.2137  ANGLE   =      243.7026  DIHED      =     1538.9525
 VDWAALS =    10032.5430  EEL     =   -82704.3772  HBOND      =        0.0000
 1-4 VDW =      426.0476  1-4 EEL =     5731.8979  RESTRAINT  =        0.0000


   NSTEP       ENERGY          RMS            GMAX         NAME    NUMBER
    415      -6.0335E+04     2.8919E-01     1.0302E+01     CG         40

 BOND    =     4401.9324  ANGLE   =      247.0163  DIHED      =     1538.1975
 VDWAALS =    10033.1292  EEL     =   -82711.1263  HBOND      =        0.0000
 1-4 VDW =      425.2068  1-4 EEL =     5731.0926  RESTRAINT  =        0.0000


   NSTEP       ENERGY          RMS            GMAX         NAME    NUMBER
    420      -6.0346E+04     4.7432E-01     2.0678E+01     CD        238

 BOND    =     4405.0927  ANGLE   =      251.4088  DIHED      =     1537.3597
 VDWAALS =    10039.9059  EEL     =   -82732.6015  HBOND      =        0.0000
 1-4 VDW =      424.0323  1-4 EEL =     5728.9054  RESTRAINT  =        0.0000


   NSTEP       ENERGY          RMS            GMAX         NAME    NUMBER
    425      -6.0361E+04     5.7734E-01     3.6728E+01     CD        238

 BOND    =     4408.8947  ANGLE   =      248.8143  DIHED      =     1537.0989
 VDWAALS =    10051.8664  EEL     =   -82758.3276  HBOND      =        0.0000
 1-4 VDW =      423.0547  1-4 EEL =     5727.1739  RESTRAINT  =        0.0000


   NSTEP       ENERGY          RMS            GMAX         NAME    NUMBER
    430      -6.0363E+04     4.4362E-01     2.1107E+01     CD        238

 BOND    =     4408.0764  ANGLE   =      248.4462  DIHED      =     1536.9706
 VDWAALS =    10051.6766  EEL     =   -82758.6202  HBOND      =        0.0000
 1-4 VDW =      423.0692  1-4 EEL =     5727.1861  RESTRAINT  =        0.0000


   NSTEP       ENERGY          RMS            GMAX         NAME    NUMBER
    435      -6.0376E+04     4.5486E-01     2.3935E+01     CD        238

 BOND    =     4407.2721  ANGLE   =      251.6165  DIHED      =     1534.7484
 VDWAALS =    10049.4142  EEL     =   -82771.5123  HBOND      =        0.0000
 1-4 VDW =      423.5490  1-4 EEL =     5728.8069  RESTRAINT  =        0.0000


   NSTEP       ENERGY          RMS            GMAX         NAME    NUMBER
    440      -6.0388E+04     4.6447E-01     2.5978E+01     H1      11966

 BOND    =     4409.1541  ANGLE   =      245.1964  DIHED      =     1534.1946
 VDWAALS =    10055.7295  EEL     =   -82786.6698  HBOND      =        0.0000
 1-4 VDW =      424.3178  1-4 EEL =     5730.5523  RESTRAINT  =        0.0000


   NSTEP       ENERGY          RMS            GMAX         NAME    NUMBER
    445      -6.0392E+04     2.6826E-01     1.4458E+01     CG         40

 BOND    =     4409.7767  ANGLE   =      242.8442  DIHED      =     1533.8334
 VDWAALS =    10056.4397  EEL     =   -82789.8312  HBOND      =        0.0000
 1-4 VDW =      424.7938  1-4 EEL =     5730.1904  RESTRAINT  =        0.0000


   NSTEP       ENERGY          RMS            GMAX         NAME    NUMBER
    450      -6.0398E+04     3.0428E-01     1.1477E+01     OE1      1349

 BOND    =     4410.0467  ANGLE   =      246.4750  DIHED      =     1532.7734
 VDWAALS =    10060.7711  EEL     =   -82804.1379  HBOND      =        0.0000
 1-4 VDW =      425.7071  1-4 EEL =     5730.5418  RESTRAINT  =        0.0000


   NSTEP       ENERGY          RMS            GMAX         NAME    NUMBER
    455      -6.0399E+04     2.1676E-01     7.6774E+00     HG3      1347

 BOND    =     4409.1339  ANGLE   =      246.3908  DIHED      =     1532.7927
 VDWAALS =    10061.0998  EEL     =   -82804.5909  HBOND      =        0.0000
 1-4 VDW =      425.5619  1-4 EEL =     5730.5370  RESTRAINT  =        0.0000


   NSTEP       ENERGY          RMS            GMAX         NAME    NUMBER
    460      -6.0403E+04     2.6816E-01     1.6580E+01     CG         40

 BOND    =     4411.0910  ANGLE   =      242.1274  DIHED      =     1533.1666
 VDWAALS =    10062.2762  EEL     =   -82806.6305  HBOND      =        0.0000
 1-4 VDW =      424.6531  1-4 EEL =     5729.8689  RESTRAINT  =        0.0000


   NSTEP       ENERGY          RMS            GMAX         NAME    NUMBER
    465      -6.0410E+04     2.6984E-01     9.5964E+00     H2      11967

 BOND    =     4410.3137  ANGLE   =      245.7882  DIHED      =     1532.4285
 VDWAALS =    10062.7654  EEL     =   -82813.7543  HBOND      =        0.0000
 1-4 VDW =      423.8662  1-4 EEL =     5728.9700  RESTRAINT  =        0.0000


   NSTEP       ENERGY          RMS            GMAX         NAME    NUMBER
    470      -6.0418E+04     4.0604E-01     1.6439E+01     ND1       540

 BOND    =     4411.8456  ANGLE   =      248.7065  DIHED      =     1532.0484
 VDWAALS =    10068.9187  EEL     =   -82829.9388  HBOND      =        0.0000
 1-4 VDW =      422.9618  1-4 EEL =     5727.0639  RESTRAINT  =        0.0000


   NSTEP       ENERGY          RMS            GMAX         NAME    NUMBER
    475      -6.0431E+04     4.6791E-01     3.0941E+01     CD        238

 BOND    =     4416.0416  ANGLE   =      246.6335  DIHED      =     1532.1077
 VDWAALS =    10079.7365  EEL     =   -82853.8217  HBOND      =        0.0000
 1-4 VDW =      422.1050  1-4 EEL =     5725.9771  RESTRAINT  =        0.0000


   NSTEP       ENERGY          RMS            GMAX         NAME    NUMBER
    480      -6.0433E+04     3.4139E-01     1.3130E+01     CD        238

 BOND    =     4415.3275  ANGLE   =      246.3167  DIHED      =     1531.9709
 VDWAALS =    10079.5625  EEL     =   -82854.0911  HBOND      =        0.0000
 1-4 VDW =      422.1199  1-4 EEL =     5725.9754  RESTRAINT  =        0.0000


   NSTEP       ENERGY          RMS            GMAX         NAME    NUMBER
    485      -6.0443E+04     4.0072E-01     1.9810E+01     CD        238

 BOND    =     4414.2496  ANGLE   =      249.7114  DIHED      =     1530.2982
 VDWAALS =    10078.6477  EEL     =   -82865.5858  HBOND      =        0.0000
 1-4 VDW =      422.6312  1-4 EEL =     5727.3479  RESTRAINT  =        0.0000


   NSTEP       ENERGY          RMS            GMAX         NAME    NUMBER
    490      -6.0452E+04     4.3215E-01     2.6991E+01     H1      11966

 BOND    =     4416.6284  ANGLE   =      244.3559  DIHED      =     1530.1484
 VDWAALS =    10085.4048  EEL     =   -82880.2029  HBOND      =        0.0000
 1-4 VDW =      423.2323  1-4 EEL =     5728.7894  RESTRAINT  =        0.0000


   NSTEP       ENERGY          RMS            GMAX         NAME    NUMBER
    495      -6.0456E+04     2.5655E-01     1.2713E+01     CG         40

 BOND    =     4417.4486  ANGLE   =      242.4191  DIHED      =     1529.7987
 VDWAALS =    10086.5503  EEL     =   -82884.0784  HBOND      =        0.0000
 1-4 VDW =      423.6784  1-4 EEL =     5728.4388  RESTRAINT  =        0.0000


   NSTEP       ENERGY          RMS            GMAX         NAME    NUMBER
    500      -6.0462E+04     3.6685E-01     1.6591E+01     CG         40

 BOND    =     4418.6396  ANGLE   =      246.3388  DIHED      =     1528.8746
 VDWAALS =    10090.9854  EEL     =   -82900.0953  HBOND      =        0.0000
 1-4 VDW =      424.6279  1-4 EEL =     5728.7956  RESTRAINT  =        0.0000


   NSTEP       ENERGY          RMS            GMAX         NAME    NUMBER
    505      -6.0463E+04     2.4933E-01     8.3356E+00     HG3      1347

 BOND    =     4417.4105  ANGLE   =      246.2941  DIHED      =     1528.8844
 VDWAALS =    10091.2869  EEL     =   -82900.3535  HBOND      =        0.0000
 1-4 VDW =      424.5024  1-4 EEL =     5728.8032  RESTRAINT  =        0.0000


   NSTEP       ENERGY          RMS            GMAX         NAME    NUMBER
    510      -6.0468E+04     2.6024E-01     1.4846E+01     CG         40

 BOND    =     4418.9247  ANGLE   =      241.8209  DIHED      =     1529.2982
 VDWAALS =    10092.4111  EEL     =   -82901.8217  HBOND      =        0.0000
 1-4 VDW =      423.5211  1-4 EEL =     5728.1788  RESTRAINT  =        0.0000


   NSTEP       ENERGY          RMS            GMAX         NAME    NUMBER
    515      -6.0474E+04     2.8202E-01     1.1433E+01     H2      11967

 BOND    =     4418.3765  ANGLE   =      245.0570  DIHED      =     1528.7003
 VDWAALS =    10092.5656  EEL     =   -82908.2462  HBOND      =        0.0000
 1-4 VDW =      422.6596  1-4 EEL =     5727.3230  RESTRAINT  =        0.0000


   NSTEP       ENERGY          RMS            GMAX         NAME    NUMBER
    520      -6.0481E+04     3.9153E-01     1.6351E+01     ND1       540

 BOND    =     4418.9713  ANGLE   =      248.0397  DIHED      =     1528.4479
 VDWAALS =    10096.6669  EEL     =   -82920.8936  HBOND      =        0.0000
 1-4 VDW =      421.8544  1-4 EEL =     5725.9055  RESTRAINT  =        0.0000


   NSTEP       ENERGY          RMS            GMAX         NAME    NUMBER
    525      -6.0491E+04     4.5553E-01     3.2872E+01     CD        238

 BOND    =     4422.8694  ANGLE   =      245.6815  DIHED      =     1528.6817
 VDWAALS =    10105.0157  EEL     =   -82939.2481  HBOND      =        0.0000
 1-4 VDW =      420.9606  1-4 EEL =     5724.9482  RESTRAINT  =        0.0000


   NSTEP       ENERGY          RMS            GMAX         NAME    NUMBER
    530      -6.0493E+04     3.1499E-01     1.3144E+01     CD        238

 BOND    =     4422.1308  ANGLE   =      245.3630  DIHED      =     1528.5734
 VDWAALS =    10104.8811  EEL     =   -82939.4939  HBOND      =        0.0000
 1-4 VDW =      420.9766  1-4 EEL =     5724.9452  RESTRAINT  =        0.0000


   NSTEP       ENERGY          RMS            GMAX         NAME    NUMBER
    535      -6.0501E+04     3.8473E-01     1.7926E+01     CD        238

 BOND    =     4421.3386  ANGLE   =      248.3670  DIHED      =     1527.2467
 VDWAALS =    10104.6529  EEL     =   -82950.2855  HBOND      =        0.0000
 1-4 VDW =      421.5214  1-4 EEL =     5726.0805  RESTRAINT  =        0.0000


   NSTEP       ENERGY          RMS            GMAX         NAME    NUMBER
    540      -6.0509E+04     4.1529E-01     2.5462E+01     H1      11966

 BOND    =     4423.5548  ANGLE   =      243.4707  DIHED      =     1527.2306
 VDWAALS =    10111.2597  EEL     =   -82963.8355  HBOND      =        0.0000
 1-4 VDW =      422.1917  1-4 EEL =     5727.1628  RESTRAINT  =        0.0000


   NSTEP       ENERGY          RMS            GMAX         NAME    NUMBER
    545      -6.0513E+04     2.4384E-01     1.2128E+01     CG         40

 BOND    =     4424.3348  ANGLE   =      241.6091  DIHED      =     1526.9188
 VDWAALS =    10112.4489  EEL     =   -82967.4815  HBOND      =        0.0000
 1-4 VDW =      422.6480  1-4 EEL =     5726.7788  RESTRAINT  =        0.0000


   NSTEP       ENERGY          RMS            GMAX         NAME    NUMBER
    550      -6.0518E+04     3.5373E-01     1.5209E+01     CG         40

 BOND    =     4425.5041  ANGLE   =      245.5332  DIHED      =     1526.0402
 VDWAALS =    10116.7441  EEL     =   -82982.4934  HBOND      =        0.0000
 1-4 VDW =      423.6457  1-4 EEL =     5726.7597  RESTRAINT  =        0.0000


   NSTEP       ENERGY          RMS            GMAX         NAME    NUMBER
    555      -6.0520E+04     2.3746E-01     7.9045E+00     HG3      1347

 BOND    =     4424.2921  ANGLE   =      245.4251  DIHED      =     1526.0514
 VDWAALS =    10117.0218  EEL     =   -82982.6348  HBOND      =        0.0000
 1-4 VDW =      423.5152  1-4 EEL =     5726.7520  RESTRAINT  =        0.0000


   NSTEP       ENERGY          RMS            GMAX         NAME    NUMBER
    560      -6.0524E+04     2.4078E-01     1.3662E+01     CG         40

 BOND    =     4425.6218  ANGLE   =      241.0115  DIHED      =     1526.4633
 VDWAALS =    10118.1330  EEL     =   -82983.5709  HBOND      =        0.0000
 1-4 VDW =      422.5987  1-4 EEL =     5726.1489  RESTRAINT  =        0.0000


   NSTEP       ENERGY          RMS            GMAX         NAME    NUMBER
    565      -6.0529E+04     2.5509E-01     1.0347E+01     H2      11967

 BOND    =     4425.0955  ANGLE   =      243.8130  DIHED      =     1525.8988
 VDWAALS =    10118.2228  EEL     =   -82988.7012  HBOND      =        0.0000
 1-4 VDW =      421.8432  1-4 EEL =     5725.2152  RESTRAINT  =        0.0000


   NSTEP       ENERGY          RMS            GMAX         NAME    NUMBER
    570      -6.0534E+04     3.5098E-01     1.4550E+01     ND1       540

 BOND    =     4425.5215  ANGLE   =      245.9138  DIHED      =     1525.6021
 VDWAALS =    10121.4613  EEL     =   -82997.9133  HBOND      =        0.0000
 1-4 VDW =      421.2825  1-4 EEL =     5723.6952  RESTRAINT  =        0.0000


   NSTEP       ENERGY          RMS            GMAX         NAME    NUMBER
    575      -6.0542E+04     4.2716E-01     3.0822E+01     CD        238

 BOND    =     4428.9009  ANGLE   =      243.6544  DIHED      =     1525.8721
 VDWAALS =    10129.0533  EEL     =   -83012.7441  HBOND      =        0.0000
 1-4 VDW =      420.6140  1-4 EEL =     5722.3737  RESTRAINT  =        0.0000


   NSTEP       ENERGY          RMS            GMAX         NAME    NUMBER
    580      -6.0544E+04     2.8152E-01     1.0240E+01     CD        238

 BOND    =     4428.1727  ANGLE   =      243.4211  DIHED      =     1525.7599
 VDWAALS =    10128.9323  EEL     =   -83013.0317  HBOND      =        0.0000
 1-4 VDW =      420.6311  1-4 EEL =     5722.3676  RESTRAINT  =        0.0000


   NSTEP       ENERGY          RMS            GMAX         NAME    NUMBER
    585      -6.0550E+04     3.3664E-01     1.4286E+01     CD        238

 BOND    =     4427.3073  ANGLE   =      246.4878  DIHED      =     1524.6224
 VDWAALS =    10128.9633  EEL     =   -83022.2255  HBOND      =        0.0000
 1-4 VDW =      421.1353  1-4 EEL =     5723.2955  RESTRAINT  =        0.0000


   NSTEP       ENERGY          RMS            GMAX         NAME    NUMBER
    590      -6.0557E+04     3.9398E-01     2.2884E+01     H1      11966

 BOND    =     4429.7254  ANGLE   =      242.7257  DIHED      =     1524.5916
 VDWAALS =    10135.3171  EEL     =   -83035.4993  HBOND      =        0.0000
 1-4 VDW =      421.7315  1-4 EEL =     5724.4465  RESTRAINT  =        0.0000


   NSTEP       ENERGY          RMS            GMAX         NAME    NUMBER
    595      -6.0560E+04     2.3131E-01     1.1058E+01     CG         40

 BOND    =     4430.1395  ANGLE   =      241.1570  DIHED      =     1524.3005
 VDWAALS =    10136.4403  EEL     =   -83038.7025  HBOND      =        0.0000
 1-4 VDW =      422.1346  1-4 EEL =     5724.2202  RESTRAINT  =        0.0000


   NSTEP       ENERGY          RMS            GMAX         NAME    NUMBER
    600      -6.0565E+04     3.2430E-01     1.0761E+01     CG         40

 BOND    =     4431.2708  ANGLE   =      244.9437  DIHED      =     1523.4332
 VDWAALS =    10140.1251  EEL     =   -83052.4502  HBOND      =        0.0000
 1-4 VDW =      423.0979  1-4 EEL =     5724.3957  RESTRAINT  =        0.0000


   NSTEP       ENERGY          RMS            GMAX         NAME    NUMBER
    605      -6.0566E+04     2.1041E-01     7.3158E+00     HG3      1347

 BOND    =     4430.1130  ANGLE   =      244.8152  DIHED      =     1523.4574
 VDWAALS =    10140.4181  EEL     =   -83052.6007  HBOND      =        0.0000
 1-4 VDW =      422.9464  1-4 EEL =     5724.4059  RESTRAINT  =        0.0000


   NSTEP       ENERGY          RMS            GMAX         NAME    NUMBER
    610      -6.0570E+04     2.3654E-01     1.3723E+01     CG         40

 BOND    =     4431.3451  ANGLE   =      240.8803  DIHED      =     1523.8546
 VDWAALS =    10141.3822  EEL     =   -83053.4492  HBOND      =        0.0000
 1-4 VDW =      422.0285  1-4 EEL =     5723.9148  RESTRAINT  =        0.0000


   NSTEP       ENERGY          RMS            GMAX         NAME    NUMBER
    615      -6.0574E+04     2.3443E-01     9.5958E+00     CG         40

 BOND    =     4431.1038  ANGLE   =      243.5715  DIHED      =     1523.3832
 VDWAALS =    10141.4048  EEL     =   -83058.2603  HBOND      =        0.0000
 1-4 VDW =      421.2252  1-4 EEL =     5723.0865  RESTRAINT  =        0.0000


   NSTEP       ENERGY          RMS            GMAX         NAME    NUMBER
    620      -6.0580E+04     3.1871E-01     1.2183E+01     H1      11966

 BOND    =     4431.4613  ANGLE   =      245.5498  DIHED      =     1523.1299
 VDWAALS =    10144.0620  EEL     =   -83066.2031  HBOND      =        0.0000
 1-4 VDW =      420.6635  1-4 EEL =     5721.8042  RESTRAINT  =        0.0000


   NSTEP       ENERGY          RMS            GMAX         NAME    NUMBER
    625      -6.0586E+04     4.0249E-01     2.8832E+01     CD        238

 BOND    =     4434.5662  ANGLE   =      243.5774  DIHED      =     1523.3995
 VDWAALS =    10150.6836  EEL     =   -83079.3807  HBOND      =        0.0000
 1-4 VDW =      420.0398  1-4 EEL =     5720.7226  RESTRAINT  =        0.0000


   NSTEP       ENERGY          RMS            GMAX         NAME    NUMBER
    630      -6.0588E+04     2.5818E-01     7.8052E+00     CD        238

 BOND    =     4433.8926  ANGLE   =      243.4071  DIHED      =     1523.2956
 VDWAALS =    10150.5970  EEL     =   -83079.8415  HBOND      =        0.0000
 1-4 VDW =      420.0490  1-4 EEL =     5720.7697  RESTRAINT  =        0.0000


   NSTEP       ENERGY          RMS            GMAX         NAME    NUMBER
    635      -6.0595E+04     3.2834E-01     1.4369E+01     C        2111

 BOND    =     4433.1970  ANGLE   =      246.6465  DIHED      =     1522.1820
 VDWAALS =    10150.6590  EEL     =   -83089.8376  HBOND      =        0.0000
 1-4 VDW =      420.6565  1-4 EEL =     5721.8432  RESTRAINT  =        0.0000


   NSTEP       ENERGY          RMS            GMAX         NAME    NUMBER
    640      -6.0601E+04     3.8599E-01     2.4506E+01     CG         40

 BOND    =     4435.4143  ANGLE   =      242.1755  DIHED      =     1522.2773
 VDWAALS =    10156.7680  EEL     =   -83101.3958  HBOND      =        0.0000
 1-4 VDW =      421.2194  1-4 EEL =     5722.8017  RESTRAINT  =        0.0000


   NSTEP       ENERGY          RMS            GMAX         NAME    NUMBER
    645      -6.0604E+04     2.3211E-01     1.0178E+01     CG         40

 BOND    =     4435.6175  ANGLE   =      241.3455  DIHED      =     1521.8770
 VDWAALS =    10157.3864  EEL     =   -83104.2631  HBOND      =        0.0000
 1-4 VDW =      421.5977  1-4 EEL =     5722.6120  RESTRAINT  =        0.0000


   NSTEP       ENERGY          RMS            GMAX         NAME    NUMBER
    650      -6.0609E+04     2.9076E-01     9.0941E+00     CA       1143

 BOND    =     4436.6634  ANGLE   =      244.7137  DIHED      =     1521.1714
 VDWAALS =    10160.6294  EEL     =   -83116.8224  HBOND      =        0.0000
 1-4 VDW =      422.3248  1-4 EEL =     5722.6779  RESTRAINT  =        0.0000


   NSTEP       ENERGY          RMS            GMAX         NAME    NUMBER
    655      -6.0610E+04     1.9655E-01     7.0440E+00     HG3      1347

 BOND    =     4435.6888  ANGLE   =      244.4875  DIHED      =     1521.1980
 VDWAALS =    10160.8813  EEL     =   -83116.9655  HBOND      =        0.0000
 1-4 VDW =      422.1668  1-4 EEL =     5722.6859  RESTRAINT  =        0.0000


   NSTEP       ENERGY          RMS            GMAX         NAME    NUMBER
    660      -6.0613E+04     2.2484E-01     1.0656E+01     CD        238

 BOND    =     4436.7576  ANGLE   =      240.9886  DIHED      =     1521.4704
 VDWAALS =    10161.8695  EEL     =   -83117.9145  HBOND      =        0.0000
 1-4 VDW =      421.4468  1-4 EEL =     5722.3687  RESTRAINT  =        0.0000


   NSTEP       ENERGY          RMS            GMAX         NAME    NUMBER
    665      -6.0617E+04     1.9631E-01     7.0906E+00     CB       1342

 BOND    =     4436.3572  ANGLE   =      243.5218  DIHED      =     1521.1183
 VDWAALS =    10162.1602  EEL     =   -83122.4015  HBOND      =        0.0000
 1-4 VDW =      420.9071  1-4 EEL =     5721.7529  RESTRAINT  =        0.0000


   NSTEP       ENERGY          RMS            GMAX         NAME    NUMBER
    670      -6.0623E+04     3.8858E-01     1.3792E+01     ND1       540

 BOND    =     4437.5429  ANGLE   =      246.3731  DIHED      =     1520.8197
 VDWAALS =    10166.0057  EEL     =   -83134.6683  HBOND      =        0.0000
 1-4 VDW =      420.2288  1-4 EEL =     5720.2581  RESTRAINT  =        0.0000


   NSTEP       ENERGY          RMS            GMAX         NAME    NUMBER
    675      -6.0633E+04     4.2542E-01     2.8476E+01     CD        238

 BOND    =     4441.4443  ANGLE   =      243.4489  DIHED      =     1521.1350
 VDWAALS =    10174.3298  EEL     =   -83151.9264  HBOND      =        0.0000
 1-4 VDW =      419.3876  1-4 EEL =     5719.1480  RESTRAINT  =        0.0000


   NSTEP       ENERGY          RMS            GMAX         NAME    NUMBER
    680      -6.0635E+04     2.8163E-01     9.6313E+00     CD        238

 BOND    =     4440.5347  ANGLE   =      243.3677  DIHED      =     1521.0411
 VDWAALS =    10174.2731  EEL     =   -83152.3215  HBOND      =        0.0000
 1-4 VDW =      419.3879  1-4 EEL =     5719.2009  RESTRAINT  =        0.0000


   NSTEP       ENERGY          RMS            GMAX         NAME    NUMBER
    685      -6.0642E+04     3.2804E-01     1.1521E+01     ND1       540

 BOND    =     4439.9599  ANGLE   =      246.4902  DIHED      =     1519.9281
 VDWAALS =    10174.4142  EEL     =   -83162.4660  HBOND      =        0.0000
 1-4 VDW =      420.0649  1-4 EEL =     5720.1054  RESTRAINT  =        0.0000


   NSTEP       ENERGY          RMS            GMAX         NAME    NUMBER
    690      -6.0648E+04     3.5154E-01     1.9862E+01     CG         40

 BOND    =     4441.6660  ANGLE   =      242.0135  DIHED      =     1520.0118
 VDWAALS =    10180.3185  EEL     =   -83173.5149  HBOND      =        0.0000
 1-4 VDW =      420.5666  1-4 EEL =     5721.0428  RESTRAINT  =        0.0000


   NSTEP       ENERGY          RMS            GMAX         NAME    NUMBER
    695      -6.0651E+04     2.1748E-01     9.2624E+00     CG         40

 BOND    =     4441.7639  ANGLE   =      241.5443  DIHED      =     1519.6006
 VDWAALS =    10180.7159  EEL     =   -83176.1300  HBOND      =        0.0000
 1-4 VDW =      420.9050  1-4 EEL =     5720.9796  RESTRAINT  =        0.0000


   NSTEP       ENERGY          RMS            GMAX         NAME    NUMBER
    700      -6.0655E+04     2.6998E-01     1.0251E+01     CA       1143

 BOND    =     4442.7291  ANGLE   =      244.3380  DIHED      =     1519.0497
 VDWAALS =    10183.5833  EEL     =   -83186.8891  HBOND      =        0.0000
 1-4 VDW =      421.5284  1-4 EEL =     5720.9491  RESTRAINT  =        0.0000


   NSTEP       ENERGY          RMS            GMAX         NAME    NUMBER
    705      -6.0656E+04     1.7885E-01     6.4939E+00     HG3      1347

 BOND    =     4441.7592  ANGLE   =      244.1037  DIHED      =     1519.0674
 VDWAALS =    10183.8093  EEL     =   -83186.9296  HBOND      =        0.0000
 1-4 VDW =      421.3741  1-4 EEL =     5720.9437  RESTRAINT  =        0.0000


   NSTEP       ENERGY          RMS            GMAX         NAME    NUMBER
    710      -6.0658E+04     2.1067E-01     1.4183E+01     CD        238

 BOND    =     4442.4445  ANGLE   =      241.4029  DIHED      =     1519.2858
 VDWAALS =    10184.9514  EEL     =   -83188.0868  HBOND      =        0.0000
 1-4 VDW =      420.7560  1-4 EEL =     5720.7542  RESTRAINT  =        0.0000


   NSTEP       ENERGY          RMS            GMAX         NAME    NUMBER
    715      -6.0661E+04     1.8591E-01     7.5309E+00     CB       1342

 BOND    =     4442.5228  ANGLE   =      243.5676  DIHED      =     1519.0619
 VDWAALS =    10185.8341  EEL     =   -83192.9130  HBOND      =        0.0000
 1-4 VDW =      420.2830  1-4 EEL =     5720.1851  RESTRAINT  =        0.0000


   NSTEP       ENERGY          RMS            GMAX         NAME    NUMBER
    720      -6.0672E+04     4.8082E-01     2.0634E+01     CG         40

 BOND    =     4446.0854  ANGLE   =      247.9709  DIHED      =     1518.7932
 VDWAALS =    10193.5530  EEL     =   -83214.9213  HBOND      =        0.0000
 1-4 VDW =      419.2254  1-4 EEL =     5717.7336  RESTRAINT  =        0.0000


   NSTEP       ENERGY          RMS            GMAX         NAME    NUMBER
    725      -6.0685E+04     4.5678E-01     2.3628E+01     CD        238

 BOND    =     4449.8600  ANGLE   =      245.4254  DIHED      =     1519.1937
 VDWAALS =    10207.1514  EEL     =   -83240.7515  HBOND      =        0.0000
 1-4 VDW =      418.0641  1-4 EEL =     5716.1135  RESTRAINT  =        0.0000


   NSTEP       ENERGY          RMS            GMAX         NAME    NUMBER
    730      -6.0686E+04     3.3649E-01     1.0806E+01     CD        238

 BOND    =     4449.1664  ANGLE   =      245.3104  DIHED      =     1519.0998
 VDWAALS =    10207.0805  EEL     =   -83241.3731  HBOND      =        0.0000
 1-4 VDW =      418.0720  1-4 EEL =     5716.2011  RESTRAINT  =        0.0000


   NSTEP       ENERGY          RMS            GMAX         NAME    NUMBER
    735      -6.0699E+04     4.5429E-01     1.8122E+01     CG         40

 BOND    =     4449.1463  ANGLE   =      248.9951  DIHED      =     1517.4477
 VDWAALS =    10205.9879  EEL     =   -83257.5562  HBOND      =        0.0000
 1-4 VDW =      419.2504  1-4 EEL =     5717.7004  RESTRAINT  =        0.0000


   NSTEP       ENERGY          RMS            GMAX         NAME    NUMBER
    740      -6.0708E+04     3.9468E-01     1.8660E+01     H2      11967

 BOND    =     4450.5145  ANGLE   =      242.3584  DIHED      =     1517.2362
 VDWAALS =    10212.6431  EEL     =   -83269.2957  HBOND      =        0.0000
 1-4 VDW =      419.9588  1-4 EEL =     5719.0216  RESTRAINT  =        0.0000


   NSTEP       ENERGY          RMS            GMAX         NAME    NUMBER
    745      -6.0710E+04     2.0204E-01     1.2655E+01     CD        238

 BOND    =     4449.7539  ANGLE   =      241.9523  DIHED      =     1516.8839
 VDWAALS =    10212.9599  EEL     =   -83270.6726  HBOND      =        0.0000
 1-4 VDW =      420.1612  1-4 EEL =     5718.7859  RESTRAINT  =        0.0000


   NSTEP       ENERGY          RMS            GMAX         NAME    NUMBER
    750      -6.0714E+04     2.4412E-01     8.4684E+00     CA       1143

 BOND    =     4451.3750  ANGLE   =      244.2188  DIHED      =     1516.3133
 VDWAALS =    10216.7034  EEL     =   -83282.1158  HBOND      =        0.0000
 1-4 VDW =      420.7378  1-4 EEL =     5718.4420  RESTRAINT  =        0.0000


   NSTEP       ENERGY          RMS            GMAX         NAME    NUMBER
    755      -6.0715E+04     1.6513E-01     5.2812E+00     CG       1345

 BOND    =     4450.4248  ANGLE   =      243.8992  DIHED      =     1516.3554
 VDWAALS =    10216.8224  EEL     =   -83281.9863  HBOND      =        0.0000
 1-4 VDW =      420.5801  1-4 EEL =     5718.4452  RESTRAINT  =        0.0000


   NSTEP       ENERGY          RMS            GMAX         NAME    NUMBER
    760      -6.0718E+04     1.9312E-01     7.9379E+00     H2      11967

 BOND    =     4450.5557  ANGLE   =      241.5963  DIHED      =     1516.5870
 VDWAALS =    10217.4591  EEL     =   -83282.8449  HBOND      =        0.0000
 1-4 VDW =      419.9931  1-4 EEL =     5718.5360  RESTRAINT  =        0.0000


   NSTEP       ENERGY          RMS            GMAX         NAME    NUMBER
    765      -6.0721E+04     2.0842E-01     7.3082E+00     CB       1145

 BOND    =     4450.7033  ANGLE   =      243.7297  DIHED      =     1516.2689
 VDWAALS =    10217.5518  EEL     =   -83287.0889  HBOND      =        0.0000
 1-4 VDW =      419.5894  1-4 EEL =     5717.8099  RESTRAINT  =        0.0000


   NSTEP       ENERGY          RMS            GMAX         NAME    NUMBER
    770      -6.0730E+04     3.6331E-01     1.4470E+01     H1      11966

 BOND    =     4453.3539  ANGLE   =      245.7803  DIHED      =     1516.1270
 VDWAALS =    10222.7804  EEL     =   -83302.0695  HBOND      =        0.0000
 1-4 VDW =      418.5176  1-4 EEL =     5715.6218  RESTRAINT  =        0.0000


   NSTEP       ENERGY          RMS            GMAX         NAME    NUMBER
    775      -6.0740E+04     3.4001E-01     2.0556E+01     CD        238

 BOND    =     4455.2680  ANGLE   =      243.1255  DIHED      =     1516.4748
 VDWAALS =    10232.4059  EEL     =   -83319.7927  HBOND      =        0.0000
 1-4 VDW =      417.6184  1-4 EEL =     5714.5778  RESTRAINT  =        0.0000


   NSTEP       ENERGY          RMS            GMAX         NAME    NUMBER
    780      -6.0742E+04     2.4345E-01     7.9550E+00     HD22      877

 BOND    =     4455.2480  ANGLE   =      243.2076  DIHED      =     1516.3127
 VDWAALS =    10232.4253  EEL     =   -83321.2268  HBOND      =        0.0000
 1-4 VDW =      417.6510  1-4 EEL =     5714.6825  RESTRAINT  =        0.0000


   NSTEP       ENERGY          RMS            GMAX         NAME    NUMBER
    785      -6.0749E+04     3.7452E-01     1.6239E+01     NZ        490

 BOND    =     4455.1769  ANGLE   =      246.4033  DIHED      =     1515.0488
 VDWAALS =    10232.6546  EEL     =   -83332.3774  HBOND      =        0.0000
 1-4 VDW =      418.5273  1-4 EEL =     5715.5447  RESTRAINT  =        0.0000


   NSTEP       ENERGY          RMS            GMAX         NAME    NUMBER
    790      -6.0756E+04     2.5112E-01     1.2220E+01     H1      11966

 BOND    =     4458.1308  ANGLE   =      241.9640  DIHED      =     1514.9857
 VDWAALS =    10238.7146  EEL     =   -83345.9453  HBOND      =        0.0000
 1-4 VDW =      419.0507  1-4 EEL =     5716.6752  RESTRAINT  =        0.0000


   NSTEP       ENERGY          RMS            GMAX         NAME    NUMBER
    795      -6.0758E+04     2.0160E-01     8.5313E+00     ND1       540

 BOND    =     4456.1588  ANGLE   =      241.7610  DIHED      =     1514.6898
 VDWAALS =    10239.5689  EEL     =   -83346.2013  HBOND      =        0.0000
 1-4 VDW =      419.3086  1-4 EEL =     5716.5615  RESTRAINT  =        0.0000


   NSTEP       ENERGY          RMS            GMAX         NAME    NUMBER
    800      -6.0762E+04     2.4842E-01     9.6132E+00     CA       1143

 BOND    =     4457.5444  ANGLE   =      243.4943  DIHED      =     1514.2481
 VDWAALS =    10242.5395  EEL     =   -83355.5898  HBOND      =        0.0000
 1-4 VDW =      419.7678  1-4 EEL =     5716.2867  RESTRAINT  =        0.0000


   NSTEP       ENERGY          RMS            GMAX         NAME    NUMBER
    805      -6.0763E+04     1.4958E-01     4.6277E+00     HG3      1347

 BOND    =     4456.9393  ANGLE   =      243.2782  DIHED      =     1514.2506
 VDWAALS =    10242.5859  EEL     =   -83355.6119  HBOND      =        0.0000
 1-4 VDW =      419.6162  1-4 EEL =     5716.1987  RESTRAINT  =        0.0000


   NSTEP       ENERGY          RMS            GMAX         NAME    NUMBER
    810      -6.0765E+04     1.6038E-01     7.3441E+00     CG         40

 BOND    =     4457.4648  ANGLE   =      241.4999  DIHED      =     1514.4391
 VDWAALS =    10243.4597  EEL     =   -83357.0383  HBOND      =        0.0000
 1-4 VDW =      419.1550  1-4 EEL =     5716.3441  RESTRAINT  =        0.0000


   NSTEP       ENERGY          RMS            GMAX         NAME    NUMBER
    815      -6.0767E+04     1.7086E-01     5.9057E+00     CB       1145

 BOND    =     4457.4550  ANGLE   =      243.3676  DIHED      =     1514.2267
 VDWAALS =    10244.2702  EEL     =   -83361.2796  HBOND      =        0.0000
 1-4 VDW =      418.8710  1-4 EEL =     5716.0179  RESTRAINT  =        0.0000


   NSTEP       ENERGY          RMS            GMAX         NAME    NUMBER
    820      -6.0780E+04     4.8955E-01     1.7123E+01     ND1       540

 BOND    =     4464.5438  ANGLE   =      249.6814  DIHED      =     1513.8328
 VDWAALS =    10254.7704  EEL     =   -83393.3792  HBOND      =        0.0000
 1-4 VDW =      417.5171  1-4 EEL =     5713.0757  RESTRAINT  =        0.0000


   NSTEP       ENERGY          RMS            GMAX         NAME    NUMBER
    825      -6.0796E+04     5.1020E-01     3.9041E+01     CD        238

 BOND    =     4466.4022  ANGLE   =      245.1532  DIHED      =     1513.9895
 VDWAALS =    10274.2901  EEL     =   -83422.6413  HBOND      =        0.0000
 1-4 VDW =      415.9137  1-4 EEL =     5711.1226  RESTRAINT  =        0.0000


   NSTEP       ENERGY          RMS            GMAX         NAME    NUMBER
    830      -6.0797E+04     3.7012E-01     2.0076E+01     CD        238

 BOND    =     4466.1608  ANGLE   =      245.0546  DIHED      =     1513.9022
 VDWAALS =    10274.2626  EEL     =   -83423.8759  HBOND      =        0.0000
 1-4 VDW =      415.9328  1-4 EEL =     5711.2221  RESTRAINT  =        0.0000


   NSTEP       ENERGY          RMS            GMAX         NAME    NUMBER
    835      -6.0811E+04     4.7864E-01     2.0232E+01     CD        238

 BOND    =     4466.0947  ANGLE   =      248.6948  DIHED      =     1512.1051
 VDWAALS =    10272.0306  EEL     =   -83440.4938  HBOND      =        0.0000
 1-4 VDW =      417.3366  1-4 EEL =     5712.7762  RESTRAINT  =        0.0000


   NSTEP       ENERGY          RMS            GMAX         NAME    NUMBER
    840      -6.0823E+04     2.1532E-01     7.9307E+00     CG         40

 BOND    =     4466.2851  ANGLE   =      242.4331  DIHED      =     1511.6616
 VDWAALS =    10277.3708  EEL     =   -83452.5164  HBOND      =        0.0000
 1-4 VDW =      418.1678  1-4 EEL =     5714.0840  RESTRAINT  =        0.0000


   NSTEP       ENERGY          RMS            GMAX         NAME    NUMBER
    845      -6.0824E+04     1.6736E-01     6.5162E+00     CG         40

 BOND    =     4466.5158  ANGLE   =      241.1306  DIHED      =     1511.5524
 VDWAALS =    10278.7929  EEL     =   -83454.1396  HBOND      =        0.0000
 1-4 VDW =      418.2790  1-4 EEL =     5713.8890  RESTRAINT  =        0.0000


   NSTEP       ENERGY          RMS            GMAX         NAME    NUMBER
    850      -6.0827E+04     1.7324E-01     5.3515E+00     OD1       874

 BOND    =     4467.5318  ANGLE   =      242.9007  DIHED      =     1511.0125
 VDWAALS =    10281.0996  EEL     =   -83461.2998  HBOND      =        0.0000
 1-4 VDW =      418.6057  1-4 EEL =     5713.3467  RESTRAINT  =        0.0000


   NSTEP       ENERGY          RMS            GMAX         NAME    NUMBER
    855      -6.0828E+04     1.1687E-01     3.4467E+00     OD1       874

 BOND    =     4467.7989  ANGLE   =      242.4588  DIHED      =     1511.0714
 VDWAALS =    10280.9968  EEL     =   -83461.9571  HBOND      =        0.0000
 1-4 VDW =      418.4247  1-4 EEL =     5713.4271  RESTRAINT  =        0.0000


   NSTEP       ENERGY          RMS            GMAX         NAME    NUMBER
    860      -6.0829E+04     1.6335E-01     5.7251E+00     H2      11967

 BOND    =     4469.0774  ANGLE   =      241.1009  DIHED      =     1511.2995
 VDWAALS =    10280.7507  EEL     =   -83463.8612  HBOND      =        0.0000
 1-4 VDW =      418.1318  1-4 EEL =     5714.0335  RESTRAINT  =        0.0000


   NSTEP       ENERGY          RMS            GMAX         NAME    NUMBER
    865      -6.0834E+04     2.3895E-01     1.0480E+01     CA       1143

 BOND    =     4468.6786  ANGLE   =      243.9510  DIHED      =     1510.7518
 VDWAALS =    10280.0318  EEL     =   -83468.5553  HBOND      =        0.0000
 1-4 VDW =      417.8527  1-4 EEL =     5713.4051  RESTRAINT  =        0.0000


   NSTEP       ENERGY          RMS            GMAX         NAME    NUMBER
    870      -6.0842E+04     3.4080E-01     1.4440E+01     CA       1143

 BOND    =     4468.8851  ANGLE   =      243.6139  DIHED      =     1510.6496
 VDWAALS =    10284.0583  EEL     =   -83476.7239  HBOND      =        0.0000
 1-4 VDW =      416.7288  1-4 EEL =     5711.2772  RESTRAINT  =        0.0000


   NSTEP       ENERGY          RMS            GMAX         NAME    NUMBER
    875      -6.0852E+04     3.5869E-01     1.1802E+01     NZ        490

 BOND    =     4470.7708  ANGLE   =      241.5456  DIHED      =     1510.5892
 VDWAALS =    10291.0817  EEL     =   -83492.6287  HBOND      =        0.0000
 1-4 VDW =      415.9425  1-4 EEL =     5710.2363  RESTRAINT  =        0.0000


   NSTEP       ENERGY          RMS            GMAX         NAME    NUMBER
    880      -6.0854E+04     2.6086E-01     8.4098E+00     HD22      877

 BOND    =     4471.7272  ANGLE   =      241.5903  DIHED      =     1510.4688
 VDWAALS =    10291.0905  EEL     =   -83494.8995  HBOND      =        0.0000
 1-4 VDW =      415.9665  1-4 EEL =     5710.3724  RESTRAINT  =        0.0000


   NSTEP       ENERGY          RMS            GMAX         NAME    NUMBER
    885      -6.0861E+04     3.6132E-01     1.6898E+01     NZ        490

 BOND    =     4474.0312  ANGLE   =      244.9941  DIHED      =     1509.1106
 VDWAALS =    10290.8940  EEL     =   -83508.1234  HBOND      =        0.0000
 1-4 VDW =      416.8434  1-4 EEL =     5711.5114  RESTRAINT  =        0.0000


   NSTEP       ENERGY          RMS            GMAX         NAME    NUMBER
    890      -6.0868E+04     2.0343E-01     8.0856E+00     CG         40

 BOND    =     4474.6355  ANGLE   =      241.6573  DIHED      =     1508.8811
 VDWAALS =    10296.1224  EEL     =   -83519.3877  HBOND      =        0.0000
 1-4 VDW =      417.4514  1-4 EEL =     5712.9183  RESTRAINT  =        0.0000


   NSTEP       ENERGY          RMS            GMAX         NAME    NUMBER
    895      -6.0869E+04     1.6631E-01     6.8536E+00     NZ        490

 BOND    =     4473.3565  ANGLE   =      240.4012  DIHED      =     1508.8338
 VDWAALS =    10297.6827  EEL     =   -83519.7369  HBOND      =        0.0000
 1-4 VDW =      417.6351  1-4 EEL =     5712.6569  RESTRAINT  =        0.0000


   NSTEP       ENERGY          RMS            GMAX         NAME    NUMBER
    900      -6.0872E+04     2.3797E-01     1.2654E+01     CG        568

 BOND    =     4476.6558  ANGLE   =      242.0601  DIHED      =     1508.2607
 VDWAALS =    10300.0195  EEL     =   -83529.5155  HBOND      =        0.0000
 1-4 VDW =      418.1235  1-4 EEL =     5711.9240  RESTRAINT  =        0.0000


   NSTEP       ENERGY          RMS            GMAX         NAME    NUMBER
    905      -6.0873E+04     1.4566E-01     6.1863E+00     CG        568

 BOND    =     4471.8697  ANGLE   =      241.8725  DIHED      =     1508.3065
 VDWAALS =    10299.8119  EEL     =   -83525.0802  HBOND      =        0.0000
 1-4 VDW =      417.9608  1-4 EEL =     5711.8254  RESTRAINT  =        0.0000


   NSTEP       ENERGY          RMS            GMAX         NAME    NUMBER
    910      -6.0875E+04     1.4895E-01     4.6918E+00     NZ        490

 BOND    =     4473.4211  ANGLE   =      240.1934  DIHED      =     1508.5501
 VDWAALS =    10299.8027  EEL     =   -83527.0983  HBOND      =        0.0000
 1-4 VDW =      417.5174  1-4 EEL =     5712.4723  RESTRAINT  =        0.0000


   NSTEP       ENERGY          RMS            GMAX         NAME    NUMBER
    915      -6.0878E+04     2.1717E-01     6.7393E+00     NZ        490

 BOND    =     4473.2933  ANGLE   =      243.4726  DIHED      =     1508.0200
 VDWAALS =    10298.9927  EEL     =   -83531.3580  HBOND      =        0.0000
 1-4 VDW =      417.1231  1-4 EEL =     5712.1619  RESTRAINT  =        0.0000


   NSTEP       ENERGY          RMS            GMAX         NAME    NUMBER
    920      -6.0884E+04     3.2527E-01     1.3603E+01     H2      11967

 BOND    =     4476.0570  ANGLE   =      242.9047  DIHED      =     1507.7820
 VDWAALS =    10301.3111  EEL     =   -83538.7265  HBOND      =        0.0000
 1-4 VDW =      416.1455  1-4 EEL =     5710.3245  RESTRAINT  =        0.0000


   NSTEP       ENERGY          RMS            GMAX         NAME    NUMBER
    925      -6.0894E+04     4.5691E-01     1.5518E+01     ND1       540

 BOND    =     4477.5572  ANGLE   =      241.1407  DIHED      =     1507.9278
 VDWAALS =    10307.2472  EEL     =   -83551.5155  HBOND      =        0.0000
 1-4 VDW =      415.4215  1-4 EEL =     5708.4681  RESTRAINT  =        0.0000


   NSTEP       ENERGY          RMS            GMAX         NAME    NUMBER
    930      -6.0895E+04     3.2005E-01     1.0165E+01     HD22      877

 BOND    =     4478.0072  ANGLE   =      240.9942  DIHED      =     1507.8516
 VDWAALS =    10307.2533  EEL     =   -83553.5531  HBOND      =        0.0000
 1-4 VDW =      415.4292  1-4 EEL =     5708.6561  RESTRAINT  =        0.0000


   NSTEP       ENERGY          RMS            GMAX         NAME    NUMBER
    935      -6.0901E+04     3.2111E-01     1.1965E+01     C        2111

 BOND    =     4475.9632  ANGLE   =      243.0401  DIHED      =     1506.9267
 VDWAALS =    10307.2023  EEL     =   -83560.0716  HBOND      =        0.0000
 1-4 VDW =      415.9669  1-4 EEL =     5709.7586  RESTRAINT  =        0.0000


   NSTEP       ENERGY          RMS            GMAX         NAME    NUMBER
    940      -6.0908E+04     2.5336E-01     9.0902E+00     H2      11967

 BOND    =     4481.8520  ANGLE   =      241.5814  DIHED      =     1506.6275
 VDWAALS =    10311.7163  EEL     =   -83577.2842  HBOND      =        0.0000
 1-4 VDW =      416.7699  1-4 EEL =     5711.1089  RESTRAINT  =        0.0000


   NSTEP       ENERGY          RMS            GMAX         NAME    NUMBER
    945      -6.0910E+04     1.6137E-01     5.5088E+00     NZ        490

 BOND    =     4478.8997  ANGLE   =      239.8221  DIHED      =     1506.6099
 VDWAALS =    10314.5099  EEL     =   -83577.6365  HBOND      =        0.0000
 1-4 VDW =      417.1024  1-4 EEL =     5710.9327  RESTRAINT  =        0.0000


   NSTEP       ENERGY          RMS            GMAX         NAME    NUMBER
    950      -6.0912E+04     1.7105E-01     4.7625E+00     CB       1342

 BOND    =     4479.6377  ANGLE   =      241.7329  DIHED      =     1506.0952
 VDWAALS =    10316.2192  EEL     =   -83583.7770  HBOND      =        0.0000
 1-4 VDW =      417.6548  1-4 EEL =     5710.5287  RESTRAINT  =        0.0000


   NSTEP       ENERGY          RMS            GMAX         NAME    NUMBER
    955      -6.0913E+04     1.3964E-01     4.7739E+00     H2      11967

 BOND    =     4477.1861  ANGLE   =      241.3557  DIHED      =     1506.1691
 VDWAALS =    10316.0743  EEL     =   -83581.3598  HBOND      =        0.0000
 1-4 VDW =      417.4250  1-4 EEL =     5710.4548  RESTRAINT  =        0.0000


   NSTEP       ENERGY          RMS            GMAX         NAME    NUMBER
    960      -6.0914E+04     1.7300E-01     5.9510E+00     NZ        490

 BOND    =     4478.9669  ANGLE   =      239.1473  DIHED      =     1506.5325
 VDWAALS =    10315.7416  EEL     =   -83582.3939  HBOND      =        0.0000
 1-4 VDW =      416.9393  1-4 EEL =     5710.8604  RESTRAINT  =        0.0000


   NSTEP       ENERGY          RMS            GMAX         NAME    NUMBER
    965      -6.0918E+04     2.4133E-01     1.2524E+01     NZ        490

 BOND    =     4476.4467  ANGLE   =      242.4597  DIHED      =     1506.0028
 VDWAALS =    10313.9057  EEL     =   -83583.5287  HBOND      =        0.0000
 1-4 VDW =      416.2306  1-4 EEL =     5710.2399  RESTRAINT  =        0.0000


   NSTEP       ENERGY          RMS            GMAX         NAME    NUMBER
    970      -6.0922E+04     2.4832E-01     7.2953E+00     CE1       542

 BOND    =     4482.4377  ANGLE   =      241.1767  DIHED      =     1506.1426
 VDWAALS =    10315.6234  EEL     =   -83591.8212  HBOND      =        0.0000
 1-4 VDW =      415.5924  1-4 EEL =     5708.6456  RESTRAINT  =        0.0000


   NSTEP       ENERGY          RMS            GMAX         NAME    NUMBER
    975      -6.0930E+04     3.7258E-01     1.2155E+01     HB2      1146

 BOND    =     4485.5629  ANGLE   =      240.3279  DIHED      =     1506.1829
 VDWAALS =    10320.4573  EEL     =   -83605.3102  HBOND      =        0.0000
 1-4 VDW =      415.1915  1-4 EEL =     5707.5386  RESTRAINT  =        0.0000


   NSTEP       ENERGY          RMS            GMAX         NAME    NUMBER
    980      -6.0931E+04     2.6568E-01     9.1965E+00     HD22      877

 BOND    =     4483.2451  ANGLE   =      240.2784  DIHED      =     1506.1011
 VDWAALS =    10320.4869  EEL     =   -83604.3734  HBOND      =        0.0000
 1-4 VDW =      415.2031  1-4 EEL =     5707.6410  RESTRAINT  =        0.0000


   NSTEP       ENERGY          RMS            GMAX         NAME    NUMBER
    985      -6.0936E+04     2.8008E-01     1.5766E+01     CD       1348

 BOND    =     4480.7116  ANGLE   =      241.6414  DIHED      =     1505.3842
 VDWAALS =    10320.6056  EEL     =   -83608.7715  HBOND      =        0.0000
 1-4 VDW =      415.6380  1-4 EEL =     5708.6745  RESTRAINT  =        0.0000


   NSTEP       ENERGY          RMS            GMAX         NAME    NUMBER
    990      -6.0940E+04     2.1550E-01     7.3361E+00     CA       1143

 BOND    =     4479.9109  ANGLE   =      240.8978  DIHED      =     1505.2092
 VDWAALS =    10324.0675  EEL     =   -83616.6211  HBOND      =        0.0000
 1-4 VDW =      416.2253  1-4 EEL =     5709.8405  RESTRAINT  =        0.0000


   NSTEP       ENERGY          RMS            GMAX         NAME    NUMBER
    995      -6.0943E+04     1.6020E-01     5.9736E+00     H2      11967

 BOND    =     4482.0846  ANGLE   =      239.3218  DIHED      =     1505.2097
 VDWAALS =    10327.8538  EEL     =   -83623.7487  HBOND      =        0.0000
 1-4 VDW =      416.6700  1-4 EEL =     5709.8472  RESTRAINT  =        0.0000


   NSTEP       ENERGY          RMS            GMAX         NAME    NUMBER
   1000      -6.0945E+04     1.8229E-01     5.2961E+00     CG         40

 BOND    =     4482.0410  ANGLE   =      241.4132  DIHED      =     1504.7101
 VDWAALS =    10329.5696  EEL     =   -83629.3447  HBOND      =        0.0000
 1-4 VDW =      417.2226  1-4 EEL =     5709.4159  RESTRAINT  =        0.0000


  Maximum number of minimization cycles reached.


                    FINAL RESULTS



   NSTEP       ENERGY          RMS            GMAX         NAME    NUMBER
   1000      -6.0945E+04     1.8229E-01     5.2961E+00     CG         40

 BOND    =     4482.0410  ANGLE   =      241.4132  DIHED      =     1504.7101
 VDWAALS =    10329.5696  EEL     =   -83629.3447  HBOND      =        0.0000
 1-4 VDW =      417.2226  1-4 EEL =     5709.4159  RESTRAINT  =        0.0000
--------------------------------------------------------------------------------
   5.  TIMINGS
--------------------------------------------------------------------------------

|  NonSetup CPU Time in Major Routines:
|
|     Routine           Sec        %
|     ------------------------------
|     Nonbond          53.09   95.95
|     Bond              0.17    0.30
|     Angle             0.25    0.45
|     Dihedral          1.59    2.88
|     Shake             0.00    0.00
|     Other             0.23    0.42
|     ------------------------------
|     Total            55.33

|  PME Nonbond Pairlist CPU Time:
|
|     Routine              Sec        %
|     ---------------------------------
|     Set Up Cit           0.00    0.01
|     Build List           0.50    0.91
|     ---------------------------------
|     Total                0.51    0.92

|  PME Direct Force CPU Time:
|
|     Routine              Sec        %
|     ---------------------------------
|     NonBonded Calc      35.34   63.86
|     Exclude Masked       0.79    1.43
|     Other                0.30    0.53
|     ---------------------------------
|     Total               36.42   65.83

|  PME Reciprocal Force CPU Time:
|
|     Routine              Sec        %
|     ---------------------------------
|     1D bspline           0.60    1.09
|     Grid Charges         1.33    2.40
|     Scalar Sum           5.91   10.68
|     Gradient Sum         1.89    3.41
|     FFT                  6.39   11.54
|     ---------------------------------
|     Total               16.12   29.13

|  Setup CPU time:            0.06 seconds
|  NonSetup CPU time:        55.33 seconds
|  Total CPU time:           55.39 seconds     0.02 hours

|  Setup wall time:           0    seconds
|  NonSetup wall time:       56    seconds
|  Total wall time:          56    seconds     0.02 hours
