
          -------------------------------------------------------
          Amber 16 PMEMD                              2016
          -------------------------------------------------------

| PMEMD implementation of SANDER, Release 16

| Run on 04/12/2018 at 09:25:20

|   Executable path: pmemd
| Working directory: /home/german/lbp/run/4xcp/mhe/m
|          Hostname: Unknown
  [-O]verwriting output

File Assignments:
|   MDIN: min.in                                                                
|  MDOUT: min.out                                                               
| INPCRD: 4xcp.rst7                                                             
|   PARM: /home/german/lbp/top_files/4xcp.prmtop                                
| RESTRT: m4xcp.rst7                                                            
|   REFC: 4xcp.rst7                                                             
|  MDVEL: mdvel                                                                 
|   MDEN: mden                                                                  
|  MDCRD: mdcrd                                                                 
| MDINFO: mdinfo                                                                
|  MDFRC: mdfrc                                                                 


 Here is the input file:

Minimization with Cartesian restraints                                         
&cntrl                                                                         
imin=1,                                                                        
ntmin=1,                                ! Steepest Descent, then Conjugate Grad
ncyc=100,                               ! 100 steps of Steepest Descent        
maxcyc=500,                             ! 400 steps of Conjugate Gradient      
ntpr=5,                                                                        
ntr=1,                                  ! Use restraints                       
restraint_wt=100.0,                     ! 100 Kcal/mol                         
restraintmask=':1-155',                 ! Apply restraints on whole molecule.  
&end                                                                           


Note: ig = -1. Setting random seed to   369148 based on wallclock time in 
      microseconds.
 
 
| Conditional Compilation Defines Used:
| PUBFFT
| BINTRAJ
| EMIL

| Largest sphere to fit in unit cell has radius =    28.575

| New format PARM file being parsed.
| Version =    1.000 Date = 04/11/18 Time = 21:32:48

| Note: 1-4 EEL scale factors are being read from the topology file.

| Note: 1-4 VDW scale factors are being read from the topology file.
| Duplicated    0 dihedrals

| Duplicated    0 dihedrals

--------------------------------------------------------------------------------
   1.  RESOURCE   USE: 
--------------------------------------------------------------------------------

 getting new box info from bottom of inpcrd
 NATOM  =   22657 NTYPES =      17 NBONH =   21455 MBONA  =    1220
 NTHETH =    2839 MTHETA =    1632 NPHIH =    5501 MPHIA  =    5045
 NHPARM =       0 NPARM  =       0 NNB   =   40455 NRES   =    6901
 NBONA  =    1220 NTHETA =    1632 NPHIA =    5045 NUMBND =      58
 NUMANG =     130 NPTRA  =     163 NATYP =      31 NPHB   =       1
 IFBOX  =       2 NMXRS  =      24 IFCAP =       0 NEXTRA =       0
 NCOPY  =       0

| Coordinate Index Table dimensions:    13   13   13
| Direct force subcell size =     5.3843    5.3843    5.3843

     BOX TYPE: TRUNCATED OCTAHEDRON

--------------------------------------------------------------------------------
   2.  CONTROL  DATA  FOR  THE  RUN
--------------------------------------------------------------------------------

default_name                                                                    

General flags:
     imin    =       1, nmropt  =       0

Nature and format of input:
     ntx     =       1, irest   =       0, ntrx    =       1

Nature and format of output:
     ntxo    =       2, ntpr    =       5, ntrx    =       1, ntwr    =       1
     iwrap   =       0, ntwx    =       0, ntwv    =       0, ntwe    =       0
     ioutfm  =       1, ntwprt  =       0, idecomp =       0, rbornstat=      0

Potential function:
     ntf     =       1, ntb     =       1, igb     =       0, nsnb    =      25
     ipol    =       0, gbsa    =       0, iesp    =       0
     dielc   =   1.00000, cut     =   8.00000, intdiel =   1.00000

Frozen or restrained atoms:
     ibelly  =       0, ntr     =       1
     restraint_wt = 100.00000

Energy minimization:
     maxcyc  =     500, ncyc    =     100, ntmin   =       1
     dx0     =   0.01000, drms    =   0.00010

| Intermolecular bonds treatment:
|     no_intermolecular_bonds =       1

| Energy averages sample interval:
|     ene_avg_sampling =       1

Ewald parameters:
     verbose =       0, ew_type =       0, nbflag  =       1, use_pme =       1
     vdwmeth =       1, eedmeth =       1, netfrc  =       0
     Box X =   69.995   Box Y =   69.995   Box Z =   69.995
     Alpha =  109.471   Beta  =  109.471   Gamma =  109.471
     NFFT1 =   72       NFFT2 =   72       NFFT3 =   72
     Cutoff=    8.000   Tol   =0.100E-04
     Ewald Coefficient =  0.34864
     Interpolation order =    4

    LOADING THE CONSTRAINED ATOMS AS GROUPS


   5.  REFERENCE ATOM COORDINATES

  default_name                                                                    
     Mask :1-155; matches  2427 atoms

--------------------------------------------------------------------------------
   3.  ATOMIC COORDINATES AND VELOCITIES
--------------------------------------------------------------------------------

default_name                                                                    
 begin time read from input coords =     0.000 ps

 
 Number of triangulated 3-point waters found:     6742

     Sum of charges from parm topology file =  -0.00000007
     Forcing neutrality...

| Dynamic Memory, Types Used:
| Reals              714183
| Integers           737367

| Nonbonded Pairs Initial Allocation:     3784285

--------------------------------------------------------------------------------
   4.  RESULTS
--------------------------------------------------------------------------------

 ---------------------------------------------------
 APPROXIMATING switch and d/dx switch using CUBIC SPLINE INTERPOLATION
 using   5000.0 points per unit in tabled values
 TESTING RELATIVE ERROR over r ranging from 0.0 to cutoff
| CHECK switch(x): max rel err =   0.2738E-14   at   2.422500
| CHECK d/dx switch(x): max rel err =   0.8332E-11   at   2.782960
 ---------------------------------------------------
|---------------------------------------------------
| APPROXIMATING direct energy using CUBIC SPLINE INTERPOLATION
|  with   50.0 points per unit in tabled values
| Relative Error Limit not exceeded for r .gt.   2.47
| APPROXIMATING direct force using CUBIC SPLINE INTERPOLATION
|  with   50.0 points per unit in tabled values
| Relative Error Limit not exceeded for r .gt.   2.89
|---------------------------------------------------


   NSTEP       ENERGY          RMS            GMAX         NAME    NUMBER
      1      -5.8571E+04     2.1200E+01     1.3929E+03     O        4178

 BOND    =      142.7168  ANGLE   =      277.5138  DIHED      =     1683.9351
 VDWAALS =     6442.3223  EEL     =   -76816.6547  HBOND      =        0.0000
 1-4 VDW =      582.3586  1-4 EEL =     9116.6847  RESTRAINT  =        0.0000


   NSTEP       ENERGY          RMS            GMAX         NAME    NUMBER
      5      -5.8894E+04     1.7587E+01     1.0354E+03     O       20873

 BOND    =      141.8191  ANGLE   =      276.0829  DIHED      =     1683.8377
 VDWAALS =     6235.0533  EEL     =   -76929.7360  HBOND      =        0.0000
 1-4 VDW =      582.0608  1-4 EEL =     9116.4544  RESTRAINT  =        0.0086
 EAMBER  =   -58894.4278


   NSTEP       ENERGY          RMS            GMAX         NAME    NUMBER
     10      -5.9606E+04     1.2792E+01     5.1980E+02     O       20873

 BOND    =      164.6073  ANGLE   =      271.2039  DIHED      =     1683.4922
 VDWAALS =     5906.5144  EEL     =   -77329.0041  HBOND      =        0.0000
 1-4 VDW =      581.0028  1-4 EEL =     9115.5795  RESTRAINT  =        0.1785
 EAMBER  =   -59606.6041


   NSTEP       ENERGY          RMS            GMAX         NAME    NUMBER
     15      -6.0878E+04     9.0261E+00     1.9285E+02     O       20873

 BOND    =      393.8124  ANGLE   =      258.7039  DIHED      =     1682.4970
 VDWAALS =     5600.5637  EEL     =   -78505.7411  HBOND      =        0.0000
 1-4 VDW =      577.9110  1-4 EEL =     9112.4596  RESTRAINT  =        1.9351
 EAMBER  =   -60879.7936


   NSTEP       ENERGY          RMS            GMAX         NAME    NUMBER
     20      -6.2927E+04     5.2504E+00     9.8087E+01     O       20873

 BOND    =     1487.8360  ANGLE   =      238.2431  DIHED      =     1680.5399
 VDWAALS =     5284.8057  EEL     =   -81303.8055  HBOND      =        0.0000
 1-4 VDW =      570.8138  1-4 EEL =     9101.3235  RESTRAINT  =       13.2906
 EAMBER  =   -62940.2436


   NSTEP       ENERGY          RMS            GMAX         NAME    NUMBER
     25      -6.5543E+04     2.7707E+00     2.4851E+01     O       20873

 BOND    =     3371.4319  ANGLE   =      219.5583  DIHED      =     1680.0366
 VDWAALS =     5015.7524  EEL     =   -85519.7607  HBOND      =        0.0000
 1-4 VDW =      559.1952  1-4 EEL =     9075.7112  RESTRAINT  =       55.1251
 EAMBER  =   -65598.0751


   NSTEP       ENERGY          RMS            GMAX         NAME    NUMBER
     30      -6.8548E+04     2.0007E+00     1.8651E+01     CD        739

 BOND    =     3736.7262  ANGLE   =      214.2364  DIHED      =     1679.2975
 VDWAALS =     5045.2693  EEL     =   -88927.1548  HBOND      =        0.0000
 1-4 VDW =      554.9520  1-4 EEL =     9067.3304  RESTRAINT  =       81.1827
 EAMBER  =   -68629.3430


   NSTEP       ENERGY          RMS            GMAX         NAME    NUMBER
     35      -6.9538E+04     1.8249E+00     2.0628E+01     H2       3871

 BOND    =     3626.1410  ANGLE   =      213.5759  DIHED      =     1679.1128
 VDWAALS =     5107.6233  EEL     =   -89867.2286  HBOND      =        0.0000
 1-4 VDW =      555.1983  1-4 EEL =     9066.3868  RESTRAINT  =       81.5119
 EAMBER  =   -69619.1905


   NSTEP       ENERGY          RMS            GMAX         NAME    NUMBER
     40      -6.9872E+04     6.1159E+00     1.4943E+02     H1       4179

 BOND    =     5091.4872  ANGLE   =      218.9811  DIHED      =     1679.0993
 VDWAALS =     5143.0077  EEL     =   -91713.9195  HBOND      =        0.0000
 1-4 VDW =      553.9972  1-4 EEL =     9071.6677  RESTRAINT  =       83.2282
 EAMBER  =   -69955.6794


   NSTEP       ENERGY          RMS            GMAX         NAME    NUMBER
     45      -7.0801E+04     1.7899E+00     2.4106E+01     H2       3871

 BOND    =     3688.4443  ANGLE   =      213.2987  DIHED      =     1678.9303
 VDWAALS =     5216.6976  EEL     =   -91301.6191  HBOND      =        0.0000
 1-4 VDW =      554.9463  1-4 EEL =     9066.3209  RESTRAINT  =       81.6097
 EAMBER  =   -70882.9810


   NSTEP       ENERGY          RMS            GMAX         NAME    NUMBER
     50      -7.1248E+04     1.4236E+00     1.8640E+01     Cl-      2429

 BOND    =     3820.1351  ANGLE   =      213.5134  DIHED      =     1678.8756
 VDWAALS =     5265.2401  EEL     =   -91929.0756  HBOND      =        0.0000
 1-4 VDW =      554.8410  1-4 EEL =     9066.5692  RESTRAINT  =       81.4268
 EAMBER  =   -71329.9010


   NSTEP       ENERGY          RMS            GMAX         NAME    NUMBER
     55      -7.1708E+04     2.6313E+00     4.5994E+01     H1      20874

 BOND    =     3615.1183  ANGLE   =      213.1123  DIHED      =     1678.8072
 VDWAALS =     5338.1940  EEL     =   -92255.8884  HBOND      =        0.0000
 1-4 VDW =      554.8726  1-4 EEL =     9066.2048  RESTRAINT  =       81.3156
 EAMBER  =   -71789.5792


   NSTEP       ENERGY          RMS            GMAX         NAME    NUMBER
     60      -7.2115E+04     1.7354E+00     2.3755E+01     H1      20874

 BOND    =     3787.4525  ANGLE   =      213.3468  DIHED      =     1678.7658
 VDWAALS =     5394.2256  EEL     =   -92891.0672  HBOND      =        0.0000
 1-4 VDW =      554.7886  1-4 EEL =     9066.5218  RESTRAINT  =       81.1110
 EAMBER  =   -72195.9660


   NSTEP       ENERGY          RMS            GMAX         NAME    NUMBER
     65      -7.2474E+04     2.0614E+00     3.0905E+01     H1      22332

 BOND    =     3761.1497  ANGLE   =      213.3262  DIHED      =     1678.7208
 VDWAALS =     5462.1394  EEL     =   -93291.9766  HBOND      =        0.0000
 1-4 VDW =      554.7874  1-4 EEL =     9066.5205  RESTRAINT  =       81.0549
 EAMBER  =   -72555.3327


   NSTEP       ENERGY          RMS            GMAX         NAME    NUMBER
     70      -7.2724E+04     3.0568E+00     5.2171E+01     H1      22332

 BOND    =     3650.6467  ANGLE   =      213.2327  DIHED      =     1678.6818
 VDWAALS =     5524.8638  EEL     =   -93493.7837  HBOND      =        0.0000
 1-4 VDW =      554.7829  1-4 EEL =     9066.4311  RESTRAINT  =       80.9204
 EAMBER  =   -72805.1445


   NSTEP       ENERGY          RMS            GMAX         NAME    NUMBER
     75      -7.3017E+04     3.4255E+00     5.4223E+01     H1      22332

 BOND    =     3638.5556  ANGLE   =      213.3269  DIHED      =     1678.6491
 VDWAALS =     5595.3833  EEL     =   -93844.7826  HBOND      =        0.0000
 1-4 VDW =      554.7111  1-4 EEL =     9066.5220  RESTRAINT  =       80.8156
 EAMBER  =   -73097.6346


   NSTEP       ENERGY          RMS            GMAX         NAME    NUMBER
     80      -7.3273E+04     3.3170E+00     5.2373E+01     H1      22332

 BOND    =     3672.2869  ANGLE   =      213.3557  DIHED      =     1678.6164
 VDWAALS =     5656.4178  EEL     =   -94196.0885  HBOND      =        0.0000
 1-4 VDW =      554.7484  1-4 EEL =     9066.5666  RESTRAINT  =       80.7799
 EAMBER  =   -73354.0967


   NSTEP       ENERGY          RMS            GMAX         NAME    NUMBER
     85      -7.3614E+04     1.0273E+00     1.8781E+01     Cl-      2429

 BOND    =     4211.9401  ANGLE   =      213.5978  DIHED      =     1678.5867
 VDWAALS =     5714.7416  EEL     =   -95134.3231  HBOND      =        0.0000
 1-4 VDW =      554.7084  1-4 EEL =     9066.7647  RESTRAINT  =       80.4746
 EAMBER  =   -73693.9838


   NSTEP       ENERGY          RMS            GMAX         NAME    NUMBER
     90      -7.3728E+04     3.6416E+00     5.3904E+01     H1      22596

 BOND    =     3685.4653  ANGLE   =      213.5146  DIHED      =     1678.5591
 VDWAALS =     5787.5079  EEL     =   -94795.5975  HBOND      =        0.0000
 1-4 VDW =      554.7440  1-4 EEL =     9066.6292  RESTRAINT  =       80.6976
 EAMBER  =   -73809.1775


   NSTEP       ENERGY          RMS            GMAX         NAME    NUMBER
     95      -7.3940E+04     3.8368E+00     1.1122E+02     CD       1646

 BOND    =     3704.8320  ANGLE   =      214.1003  DIHED      =     1678.5353
 VDWAALS =     5854.8432  EEL     =   -95094.0176  HBOND      =        0.0000
 1-4 VDW =      554.6461  1-4 EEL =     9066.6540  RESTRAINT  =       80.7594
 EAMBER  =   -74020.4068


   NSTEP       ENERGY          RMS            GMAX         NAME    NUMBER
    100      -7.4274E+04     1.2566E+00     1.6788E+01     Cl-      2429

 BOND    =     4393.8708  ANGLE   =      213.6463  DIHED      =     1678.5045
 VDWAALS =     5915.9534  EEL     =   -96177.9477  HBOND      =        0.0000
 1-4 VDW =      554.7109  1-4 EEL =     9066.8177  RESTRAINT  =       80.2227
 EAMBER  =   -74354.4441


   NSTEP       ENERGY          RMS            GMAX         NAME    NUMBER
    105      -7.4370E+04     9.6319E-01     1.6348E+01     Cl-      2429

 BOND    =     4314.0786  ANGLE   =      213.5971  DIHED      =     1678.4944
 VDWAALS =     5946.2474  EEL     =   -96224.1822  HBOND      =        0.0000
 1-4 VDW =      554.7123  1-4 EEL =     9066.7994  RESTRAINT  =       80.2223
 EAMBER  =   -74450.2532


   NSTEP       ENERGY          RMS            GMAX         NAME    NUMBER
    110      -7.6183E+04     5.6579E+00     2.1996E+02     O       10616

 BOND    =     5890.7935  ANGLE   =      215.5699  DIHED      =     1678.1697
 VDWAALS =     7458.7228  EEL     =  -101129.4850  HBOND      =        0.0000
 1-4 VDW =      554.7842  1-4 EEL =     9067.0450  RESTRAINT  =       80.9924
 EAMBER  =   -76264.3999


   NSTEP       ENERGY          RMS            GMAX         NAME    NUMBER
    115      -7.6906E+04     1.9455E+00     1.1056E+02     CD        739

 BOND    =     4811.6188  ANGLE   =      222.3855  DIHED      =     1678.3776
 VDWAALS =     7811.4150  EEL     =  -101148.8709  HBOND      =        0.0000
 1-4 VDW =      555.4234  1-4 EEL =     9066.9972  RESTRAINT  =       96.9021
 EAMBER  =   -77002.6534


   NSTEP       ENERGY          RMS            GMAX         NAME    NUMBER
    120      -7.7483E+04     3.9903E+00     2.1719E+02     H1      10617

 BOND    =     4881.9945  ANGLE   =      222.6733  DIHED      =     1678.5017
 VDWAALS =     8583.0831  EEL     =  -102585.5660  HBOND      =        0.0000
 1-4 VDW =      555.4506  1-4 EEL =     9065.6377  RESTRAINT  =      115.3097
 EAMBER  =   -77598.2250


   NSTEP       ENERGY          RMS            GMAX         NAME    NUMBER
    125      -7.7906E+04     1.2906E+00     5.5972E+01     H1      10617

 BOND    =     5041.9436  ANGLE   =      215.6582  DIHED      =     1678.5217
 VDWAALS =     8840.6826  EEL     =  -103396.4503  HBOND      =        0.0000
 1-4 VDW =      554.7505  1-4 EEL =     9066.1098  RESTRAINT  =       92.7161
 EAMBER  =   -77998.7838


   NSTEP       ENERGY          RMS            GMAX         NAME    NUMBER
    130      -7.7908E+04     1.2524E+00     5.2595E+01     H1      10617

 BOND    =     5037.8379  ANGLE   =      215.6308  DIHED      =     1678.5171
 VDWAALS =     8840.3936  EEL     =  -103394.1150  HBOND      =        0.0000
 1-4 VDW =      554.7514  1-4 EEL =     9066.1190  RESTRAINT  =       92.5610
 EAMBER  =   -78000.8653


   NSTEP       ENERGY          RMS            GMAX         NAME    NUMBER
    135      -7.8284E+04     2.0876E+00     1.0345E+02     CE        618

 BOND    =     4928.0675  ANGLE   =      232.9798  DIHED      =     1678.8095
 VDWAALS =     8703.5105  EEL     =  -103564.8031  HBOND      =        0.0000
 1-4 VDW =      555.1018  1-4 EEL =     9065.5337  RESTRAINT  =      116.7976
 EAMBER  =   -78400.8003


   NSTEP       ENERGY          RMS            GMAX         NAME    NUMBER
    140      -7.8555E+04     1.8425E+00     1.3413E+02     CD       1646

 BOND    =     5052.4860  ANGLE   =      224.5591  DIHED      =     1678.1519
 VDWAALS =     8677.5234  EEL     =  -103967.6547  HBOND      =        0.0000
 1-4 VDW =      554.4048  1-4 EEL =     9067.3943  RESTRAINT  =      158.5394
 EAMBER  =   -78713.1352


   NSTEP       ENERGY          RMS            GMAX         NAME    NUMBER
    145      -7.8863E+04     2.1210E+00     1.6581E+02     H2      10618

 BOND    =     4995.0578  ANGLE   =      217.1427  DIHED      =     1677.9450
 VDWAALS =     8736.9944  EEL     =  -104205.8813  HBOND      =        0.0000
 1-4 VDW =      554.5046  1-4 EEL =     9066.1591  RESTRAINT  =       94.9901
 EAMBER  =   -78958.0777


   NSTEP       ENERGY          RMS            GMAX         NAME    NUMBER
    150      -7.9091E+04     1.3225E+00     8.5086E+01     HE3       620

 BOND    =     5057.3024  ANGLE   =      219.9490  DIHED      =     1678.0790
 VDWAALS =     8785.7887  EEL     =  -104562.0832  HBOND      =        0.0000
 1-4 VDW =      555.1384  1-4 EEL =     9067.5145  RESTRAINT  =      106.9791
 EAMBER  =   -79198.3113


   NSTEP       ENERGY          RMS            GMAX         NAME    NUMBER
    155      -7.9094E+04     1.2732E+00     8.2990E+01     HE3       620

 BOND    =     5054.1564  ANGLE   =      219.6437  DIHED      =     1678.0789
 VDWAALS =     8785.9995  EEL     =  -104561.4434  HBOND      =        0.0000
 1-4 VDW =      555.1326  1-4 EEL =     9067.4679  RESTRAINT  =      106.6085
 EAMBER  =   -79200.9644


   NSTEP       ENERGY          RMS            GMAX         NAME    NUMBER
    160      -7.9281E+04     1.2989E+00     5.7218E+01     CD        739

 BOND    =     4977.9314  ANGLE   =      219.0873  DIHED      =     1678.4158
 VDWAALS =     8837.9632  EEL     =  -104699.9358  HBOND      =        0.0000
 1-4 VDW =      554.7364  1-4 EEL =     9066.0018  RESTRAINT  =       84.5397
 EAMBER  =   -79365.7999


   NSTEP       ENERGY          RMS            GMAX         NAME    NUMBER
    165      -7.9446E+04     1.3358E+00     6.5318E+01     HD3      1465

 BOND    =     5118.2120  ANGLE   =      223.0945  DIHED      =     1678.4636
 VDWAALS =     8952.3591  EEL     =  -105166.6532  HBOND      =        0.0000
 1-4 VDW =      554.5201  1-4 EEL =     9066.9503  RESTRAINT  =      127.2210
 EAMBER  =   -79573.0536


   NSTEP       ENERGY          RMS            GMAX         NAME    NUMBER
    170      -7.9710E+04     1.4591E+00     5.5612E+01     CE        618

 BOND    =     5114.3168  ANGLE   =      222.8164  DIHED      =     1677.9316
 VDWAALS =     9308.5189  EEL     =  -105749.0037  HBOND      =        0.0000
 1-4 VDW =      554.4849  1-4 EEL =     9067.1357  RESTRAINT  =       94.2240
 EAMBER  =   -79803.7993


   NSTEP       ENERGY          RMS            GMAX         NAME    NUMBER
    175      -7.9843E+04     1.5200E+00     8.2140E+01     CE        618

 BOND    =     5169.0852  ANGLE   =      217.8587  DIHED      =     1678.1027
 VDWAALS =     9576.1165  EEL     =  -106194.6812  HBOND      =        0.0000
 1-4 VDW =      554.8786  1-4 EEL =     9065.9086  RESTRAINT  =       89.7849
 EAMBER  =   -79932.7309


   NSTEP       ENERGY          RMS            GMAX         NAME    NUMBER
    180      -7.9847E+04     1.4419E+00     7.8431E+01     CE        618

 BOND    =     5167.5494  ANGLE   =      217.6438  DIHED      =     1678.0968
 VDWAALS =     9575.9195  EEL     =  -106196.0414  HBOND      =        0.0000
 1-4 VDW =      554.8695  1-4 EEL =     9065.9211  RESTRAINT  =       89.4204
 EAMBER  =   -79936.0412


   NSTEP       ENERGY          RMS            GMAX         NAME    NUMBER
    185      -7.9986E+04     1.0755E+00     5.8157E+01     HE3       620

 BOND    =     5244.0013  ANGLE   =      218.6255  DIHED      =     1678.1965
 VDWAALS =     9561.2764  EEL     =  -106393.9736  HBOND      =        0.0000
 1-4 VDW =      554.7250  1-4 EEL =     9066.0919  RESTRAINT  =       84.6123
 EAMBER  =   -80071.0570


   NSTEP       ENERGY          RMS            GMAX         NAME    NUMBER
    190      -8.0143E+04     1.3764E+00     8.9207E+01     CZ       1468

 BOND    =     5210.9427  ANGLE   =      227.3027  DIHED      =     1678.6366
 VDWAALS =     9592.7056  EEL     =  -106576.9484  HBOND      =        0.0000
 1-4 VDW =      555.1585  1-4 EEL =     9067.5751  RESTRAINT  =      101.7239
 EAMBER  =   -80244.6271


   NSTEP       ENERGY          RMS            GMAX         NAME    NUMBER
    195      -8.0291E+04     1.4828E+00     7.3590E+01     CD       1646

 BOND    =     5274.9416  ANGLE   =      219.9981  DIHED      =     1678.1568
 VDWAALS =     9718.9473  EEL     =  -106888.6613  HBOND      =        0.0000
 1-4 VDW =      554.5283  1-4 EEL =     9066.4481  RESTRAINT  =       84.4388
 EAMBER  =   -80375.6410


   NSTEP       ENERGY          RMS            GMAX         NAME    NUMBER
    200      -8.0404E+04     1.3635E+00     6.4208E+01     CE        618

 BOND    =     5315.4798  ANGLE   =      226.4301  DIHED      =     1677.8590
 VDWAALS =     9841.4724  EEL     =  -107185.5582  HBOND      =        0.0000
 1-4 VDW =      555.3303  1-4 EEL =     9067.4945  RESTRAINT  =       97.3613
 EAMBER  =   -80501.4921


   NSTEP       ENERGY          RMS            GMAX         NAME    NUMBER
    205      -8.0407E+04     1.3099E+00     6.1192E+01     CE        618

 BOND    =     5312.5436  ANGLE   =      225.9977  DIHED      =     1677.8463
 VDWAALS =     9841.4480  EEL     =  -107184.6479  HBOND      =        0.0000
 1-4 VDW =      555.3159  1-4 EEL =     9067.4580  RESTRAINT  =       96.9968
 EAMBER  =   -80504.0384


   NSTEP       ENERGY          RMS            GMAX         NAME    NUMBER
    210      -8.0533E+04     1.0335E+00     3.9482E+01     HE2       619

 BOND    =     5234.7218  ANGLE   =      217.5779  DIHED      =     1678.6126
 VDWAALS =     9851.1924  EEL     =  -107219.0690  HBOND      =        0.0000
 1-4 VDW =      554.3975  1-4 EEL =     9066.0925  RESTRAINT  =       83.0913
 EAMBER  =   -80616.4744


   NSTEP       ENERGY          RMS            GMAX         NAME    NUMBER
    215      -8.0646E+04     1.1576E+00     5.5941E+01     H1      18714

 BOND    =     5356.6353  ANGLE   =      224.0599  DIHED      =     1678.8285
 VDWAALS =     9909.0191  EEL     =  -107534.4809  HBOND      =        0.0000
 1-4 VDW =      555.0272  1-4 EEL =     9067.0156  RESTRAINT  =       97.4294
 EAMBER  =   -80743.8954


   NSTEP       ENERGY          RMS            GMAX         NAME    NUMBER
    220      -8.0783E+04     1.0324E+00     6.7194E+01     CD       1646

 BOND    =     5316.1904  ANGLE   =      220.2247  DIHED      =     1677.8683
 VDWAALS =    10055.7563  EEL     =  -107758.9426  HBOND      =        0.0000
 1-4 VDW =      554.6512  1-4 EEL =     9067.1262  RESTRAINT  =       84.0252
 EAMBER  =   -80867.1254


   NSTEP       ENERGY          RMS            GMAX         NAME    NUMBER
    225      -8.0860E+04     1.2352E+00     6.1429E+01     CD       1646

 BOND    =     5342.4394  ANGLE   =      222.2207  DIHED      =     1677.8492
 VDWAALS =    10185.3640  EEL     =  -108005.6084  HBOND      =        0.0000
 1-4 VDW =      554.9771  1-4 EEL =     9066.9668  RESTRAINT  =       95.4473
 EAMBER  =   -80955.7913


   NSTEP       ENERGY          RMS            GMAX         NAME    NUMBER
    230      -8.0863E+04     1.1693E+00     6.0304E+01     HD3      1465

 BOND    =     5340.0378  ANGLE   =      221.9654  DIHED      =     1677.8413
 VDWAALS =    10185.3462  EEL     =  -108005.4740  HBOND      =        0.0000
 1-4 VDW =      554.9700  1-4 EEL =     9066.9649  RESTRAINT  =       95.0065
 EAMBER  =   -80958.3485


   NSTEP       ENERGY          RMS            GMAX         NAME    NUMBER
    235      -8.0953E+04     9.6718E-01     7.6743E+01     CD       1646

 BOND    =     5389.0258  ANGLE   =      218.3008  DIHED      =     1678.2131
 VDWAALS =    10200.3350  EEL     =  -108143.0791  HBOND      =        0.0000
 1-4 VDW =      554.9006  1-4 EEL =     9065.4743  RESTRAINT  =       83.5856
 EAMBER  =   -81036.8295


   NSTEP       ENERGY          RMS            GMAX         NAME    NUMBER
    240      -8.1007E+04     9.6516E-01     4.9321E+01     H1      18714

 BOND    =     5360.8573  ANGLE   =      221.6542  DIHED      =     1678.5769
 VDWAALS =    10232.8250  EEL     =  -108214.7706  HBOND      =        0.0000
 1-4 VDW =      554.9975  1-4 EEL =     9066.5382  RESTRAINT  =       92.4801
 EAMBER  =   -81099.3215


   NSTEP       ENERGY          RMS            GMAX         NAME    NUMBER
    245      -8.1196E+04     1.1548E+00     7.8136E+01     CE        618

 BOND    =     5420.3848  ANGLE   =      217.9771  DIHED      =     1678.5079
 VDWAALS =    10468.3573  EEL     =  -108690.8422  HBOND      =        0.0000
 1-4 VDW =      554.4378  1-4 EEL =     9067.3037  RESTRAINT  =       88.1346
 EAMBER  =   -81283.8736


   NSTEP       ENERGY          RMS            GMAX         NAME    NUMBER
    250      -8.1290E+04     1.5318E+00     7.0043E+01     CD         76

 BOND    =     5474.8202  ANGLE   =      230.8299  DIHED      =     1677.9583
 VDWAALS =    10591.0649  EEL     =  -108993.5734  HBOND      =        0.0000
 1-4 VDW =      555.8701  1-4 EEL =     9068.0530  RESTRAINT  =      104.9941
 EAMBER  =   -81394.9770


   NSTEP       ENERGY          RMS            GMAX         NAME    NUMBER
    255      -8.1294E+04     1.4684E+00     6.4005E+01     CD         76

 BOND    =     5471.8407  ANGLE   =      230.3485  DIHED      =     1677.9370
 VDWAALS =    10590.9557  EEL     =  -108992.9276  HBOND      =        0.0000
 1-4 VDW =      555.8438  1-4 EEL =     9068.0055  RESTRAINT  =      104.4809
 EAMBER  =   -81397.9964


   NSTEP       ENERGY          RMS            GMAX         NAME    NUMBER
    260      -8.1416E+04     9.7320E-01     4.8031E+01     H2      18715

 BOND    =     5434.4473  ANGLE   =      216.3218  DIHED      =     1678.5756
 VDWAALS =    10589.9898  EEL     =  -109037.1427  HBOND      =        0.0000
 1-4 VDW =      554.2073  1-4 EEL =     9066.0149  RESTRAINT  =       81.6359
 EAMBER  =   -81497.5860


   NSTEP       ENERGY          RMS            GMAX         NAME    NUMBER
    265      -8.1486E+04     9.4754E-01     5.6747E+01     H1      18714

 BOND    =     5472.3290  ANGLE   =      221.4447  DIHED      =     1678.6244
 VDWAALS =    10610.1572  EEL     =  -109181.3859  HBOND      =        0.0000
 1-4 VDW =      554.8390  1-4 EEL =     9066.3596  RESTRAINT  =       92.0128
 EAMBER  =   -81577.6319


   NSTEP       ENERGY          RMS            GMAX         NAME    NUMBER
    270      -8.1600E+04     1.1637E+00     1.0270E+02     CD       1646

 BOND    =     5483.5254  ANGLE   =      219.4195  DIHED      =     1677.7915
 VDWAALS =    10729.2184  EEL     =  -109414.4223  HBOND      =        0.0000
 1-4 VDW =      554.9641  1-4 EEL =     9067.1176  RESTRAINT  =       82.3419
 EAMBER  =   -81682.3858


   NSTEP       ENERGY          RMS            GMAX         NAME    NUMBER
    275      -8.1651E+04     9.9944E-01     4.8439E+01     CD       1646

 BOND    =     5483.3701  ANGLE   =      218.6278  DIHED      =     1677.9322
 VDWAALS =    10800.5951  EEL     =  -109540.1001  HBOND      =        0.0000
 1-4 VDW =      554.6647  1-4 EEL =     9067.2786  RESTRAINT  =       86.7655
 EAMBER  =   -81737.6317


   NSTEP       ENERGY          RMS            GMAX         NAME    NUMBER
    280      -8.1653E+04     9.3419E-01     4.4086E+01     HD3      1465

 BOND    =     5482.0088  ANGLE   =      218.4125  DIHED      =     1677.9203
 VDWAALS =    10800.6288  EEL     =  -109540.7529  HBOND      =        0.0000
 1-4 VDW =      554.6639  1-4 EEL =     9067.2751  RESTRAINT  =       86.4297
 EAMBER  =   -81739.8434


   NSTEP       ENERGY          RMS            GMAX         NAME    NUMBER
    285      -8.1725E+04     8.2181E-01     5.2675E+01     CD       1646

 BOND    =     5515.7596  ANGLE   =      218.3166  DIHED      =     1678.1865
 VDWAALS =    10817.8736  EEL     =  -109658.4604  HBOND      =        0.0000
 1-4 VDW =      554.9608  1-4 EEL =     9065.4879  RESTRAINT  =       83.1368
 EAMBER  =   -81807.8754


   NSTEP       ENERGY          RMS            GMAX         NAME    NUMBER
    290      -8.1779E+04     9.2689E-01     4.8115E+01     H1      18714

 BOND    =     5510.6522  ANGLE   =      221.3659  DIHED      =     1678.4179
 VDWAALS =    10863.4452  EEL     =  -109765.3538  HBOND      =        0.0000
 1-4 VDW =      554.9620  1-4 EEL =     9065.9649  RESTRAINT  =       91.1952
 EAMBER  =   -81870.5456


   NSTEP       ENERGY          RMS            GMAX         NAME    NUMBER
    295      -8.1901E+04     8.5827E-01     5.4628E+01     CE        618

 BOND    =     5541.2061  ANGLE   =      215.8372  DIHED      =     1678.3087
 VDWAALS =    11029.4064  EEL     =  -110070.5630  HBOND      =        0.0000
 1-4 VDW =      554.3564  1-4 EEL =     9066.8214  RESTRAINT  =       83.5274
 EAMBER  =   -81984.6267


   NSTEP       ENERGY          RMS            GMAX         NAME    NUMBER
    300      -8.1982E+04     1.5125E+00     7.9049E+01     CG         88

 BOND    =     5591.0411  ANGLE   =      229.3083  DIHED      =     1678.0967
 VDWAALS =    11158.1964  EEL     =  -110362.3003  HBOND      =        0.0000
 1-4 VDW =      555.7501  1-4 EEL =     9068.4323  RESTRAINT  =       99.1187
 EAMBER  =   -82081.4754


   NSTEP       ENERGY          RMS            GMAX         NAME    NUMBER
    305      -8.1986E+04     1.4388E+00     7.1877E+01     CG         88

 BOND    =     5588.5169  ANGLE   =      228.8157  DIHED      =     1678.0712
 VDWAALS =    11158.1147  EEL     =  -110362.2676  HBOND      =        0.0000
 1-4 VDW =      555.7245  1-4 EEL =     9068.3801  RESTRAINT  =       98.6420
 EAMBER  =   -82084.6444


   NSTEP       ENERGY          RMS            GMAX         NAME    NUMBER
    310      -8.2086E+04     8.2537E-01     4.2670E+01     H2      18715

 BOND    =     5567.4502  ANGLE   =      215.9069  DIHED      =     1678.4446
 VDWAALS =    11156.2880  EEL     =  -110405.5866  HBOND      =        0.0000
 1-4 VDW =      554.1835  1-4 EEL =     9066.2047  RESTRAINT  =       80.9087
 EAMBER  =   -82167.1088


   NSTEP       ENERGY          RMS            GMAX         NAME    NUMBER
    315      -8.2145E+04     8.5151E-01     5.3401E+01     H1      18714

 BOND    =     5591.4970  ANGLE   =      220.2096  DIHED      =     1678.4565
 VDWAALS =    11169.9165  EEL     =  -110515.0507  HBOND      =        0.0000
 1-4 VDW =      554.6792  1-4 EEL =     9065.9465  RESTRAINT  =       89.2685
 EAMBER  =   -82234.3453


   NSTEP       ENERGY          RMS            GMAX         NAME    NUMBER
    320      -8.2231E+04     1.0498E+00     9.7130E+01     CD       1646

 BOND    =     5597.5717  ANGLE   =      218.1266  DIHED      =     1677.8169
 VDWAALS =    11257.0568  EEL     =  -110684.8311  HBOND      =        0.0000
 1-4 VDW =      554.9038  1-4 EEL =     9066.7287  RESTRAINT  =       81.1295
 EAMBER  =   -82312.6265


   NSTEP       ENERGY          RMS            GMAX         NAME    NUMBER
    325      -8.2275E+04     8.8767E-01     3.8738E+01     HD3      1465

 BOND    =     5606.5743  ANGLE   =      217.9605  DIHED      =     1677.9651
 VDWAALS =    11320.4581  EEL     =  -110804.2654  HBOND      =        0.0000
 1-4 VDW =      554.5617  1-4 EEL =     9067.4212  RESTRAINT  =       84.7441
 EAMBER  =   -82359.3247


   NSTEP       ENERGY          RMS            GMAX         NAME    NUMBER
    330      -8.2277E+04     8.2387E-01     3.7934E+01     HD3      1465

 BOND    =     5605.2246  ANGLE   =      217.7566  DIHED      =     1677.9503
 VDWAALS =    11320.5034  EEL     =  -110804.7973  HBOND      =        0.0000
 1-4 VDW =      554.5679  1-4 EEL =     9067.4089  RESTRAINT  =       84.4418
 EAMBER  =   -82361.3856


   NSTEP       ENERGY          RMS            GMAX         NAME    NUMBER
    335      -8.2340E+04     8.1165E-01     6.1621E+01     CD       1646

 BOND    =     5627.3207  ANGLE   =      218.5129  DIHED      =     1678.2451
 VDWAALS =    11338.4469  EEL     =  -110905.9767  HBOND      =        0.0000
 1-4 VDW =      554.9751  1-4 EEL =     9065.3054  RESTRAINT  =       83.4167
 EAMBER  =   -82423.1706


   NSTEP       ENERGY          RMS            GMAX         NAME    NUMBER
    340      -8.2386E+04     8.3153E-01     4.6203E+01     H1      18714

 BOND    =     5631.2506  ANGLE   =      220.0453  DIHED      =     1678.2761
 VDWAALS =    11381.3669  EEL     =  -111005.8742  HBOND      =        0.0000
 1-4 VDW =      554.7718  1-4 EEL =     9065.7580  RESTRAINT  =       88.2084
 EAMBER  =   -82474.4055


   NSTEP       ENERGY          RMS            GMAX         NAME    NUMBER
    345      -8.2475E+04     7.2384E-01     4.0286E+01     CE        618

 BOND    =     5648.4062  ANGLE   =      215.6715  DIHED      =     1678.1376
 VDWAALS =    11509.8193  EEL     =  -111230.5848  HBOND      =        0.0000
 1-4 VDW =      554.4212  1-4 EEL =     9066.6912  RESTRAINT  =       82.5068
 EAMBER  =   -82557.4378


   NSTEP       ENERGY          RMS            GMAX         NAME    NUMBER
    350      -8.2546E+04     1.4907E+00     1.1058E+02     CG         88

 BOND    =     5694.0546  ANGLE   =      228.9316  DIHED      =     1678.2248
 VDWAALS =    11631.1298  EEL     =  -111499.5165  HBOND      =        0.0000
 1-4 VDW =      555.6600  1-4 EEL =     9068.4694  RESTRAINT  =       96.8848
 EAMBER  =   -82643.0463


   NSTEP       ENERGY          RMS            GMAX         NAME    NUMBER
    355      -8.2550E+04     1.4103E+00     1.0005E+02     CG         88

 BOND    =     5691.4906  ANGLE   =      228.3995  DIHED      =     1678.1956
 VDWAALS =    11631.0451  EEL     =  -111499.4665  HBOND      =        0.0000
 1-4 VDW =      555.6326  1-4 EEL =     9068.4237  RESTRAINT  =       96.4034
 EAMBER  =   -82646.2793


   NSTEP       ENERGY          RMS            GMAX         NAME    NUMBER
    360      -8.2634E+04     7.0164E-01     3.3206E+01     H2      18715

 BOND    =     5676.7825  ANGLE   =      215.6815  DIHED      =     1678.2988
 VDWAALS =    11629.2588  EEL     =  -111535.2264  HBOND      =        0.0000
 1-4 VDW =      554.2102  1-4 EEL =     9066.2703  RESTRAINT  =       80.2499
 EAMBER  =   -82714.7243


   NSTEP       ENERGY          RMS            GMAX         NAME    NUMBER
    365      -8.2681E+04     7.6527E-01     4.4437E+01     H1      18714

 BOND    =     5691.8555  ANGLE   =      219.2097  DIHED      =     1678.3421
 VDWAALS =    11638.0097  EEL     =  -111615.6758  HBOND      =        0.0000
 1-4 VDW =      554.5586  1-4 EEL =     9065.6052  RESTRAINT  =       86.9412
 EAMBER  =   -82768.0951


   NSTEP       ENERGY          RMS            GMAX         NAME    NUMBER
    370      -8.2753E+04     9.2567E-01     8.1864E+01     CD       1646

 BOND    =     5701.5194  ANGLE   =      217.6690  DIHED      =     1677.8942
 VDWAALS =    11705.9696  EEL     =  -111757.6374  HBOND      =        0.0000
 1-4 VDW =      554.9221  1-4 EEL =     9066.4411  RESTRAINT  =       80.6940
 EAMBER  =   -82833.2220


   NSTEP       ENERGY          RMS            GMAX         NAME    NUMBER
    375      -8.2790E+04     7.8818E-01     3.3121E+01     HD3      1465

 BOND    =     5706.8214  ANGLE   =      217.6893  DIHED      =     1677.9862
 VDWAALS =    11762.5405  EEL     =  -111859.5995  HBOND      =        0.0000
 1-4 VDW =      554.5169  1-4 EEL =     9067.2816  RESTRAINT  =       83.0440
 EAMBER  =   -82872.7635


   NSTEP       ENERGY          RMS            GMAX         NAME    NUMBER
    380      -8.2792E+04     7.2612E-01     3.2324E+01     HD3      1465

 BOND    =     5705.6685  ANGLE   =      217.4684  DIHED      =     1677.9686
 VDWAALS =    11762.5783  EEL     =  -111860.1459  HBOND      =        0.0000
 1-4 VDW =      554.5297  1-4 EEL =     9067.2831  RESTRAINT  =       82.7792
 EAMBER  =   -82874.6494


   NSTEP       ENERGY          RMS            GMAX         NAME    NUMBER
    385      -8.2848E+04     7.6583E-01     5.5496E+01     CD       1646

 BOND    =     5722.7364  ANGLE   =      218.3752  DIHED      =     1678.2598
 VDWAALS =    11779.8023  EEL     =  -111950.7059  HBOND      =        0.0000
 1-4 VDW =      554.9393  1-4 EEL =     9065.1771  RESTRAINT  =       83.0658
 EAMBER  =   -82931.4158


   NSTEP       ENERGY          RMS            GMAX         NAME    NUMBER
    390      -8.2888E+04     7.4908E-01     3.9626E+01     CZ       1468

 BOND    =     5729.4462  ANGLE   =      219.1859  DIHED      =     1678.2008
 VDWAALS =    11819.0214  EEL     =  -112040.0316  HBOND      =        0.0000
 1-4 VDW =      554.5856  1-4 EEL =     9065.3729  RESTRAINT  =       85.8965
 EAMBER  =   -82974.2189


   NSTEP       ENERGY          RMS            GMAX         NAME    NUMBER
    395      -8.2954E+04     6.1766E-01     3.1235E+01     CD        615

 BOND    =     5737.8522  ANGLE   =      215.7160  DIHED      =     1678.0512
 VDWAALS =    11914.5395  EEL     =  -112203.3199  HBOND      =        0.0000
 1-4 VDW =      554.4711  1-4 EEL =     9066.8219  RESTRAINT  =       81.9269
 EAMBER  =   -83035.8681


   NSTEP       ENERGY          RMS            GMAX         NAME    NUMBER
    400      -8.3017E+04     1.4362E+00     1.0994E+02     CG         88

 BOND    =     5783.6741  ANGLE   =      228.0434  DIHED      =     1678.2987
 VDWAALS =    12023.3548  EEL     =  -112449.7072  HBOND      =        0.0000
 1-4 VDW =      555.5565  1-4 EEL =     9068.6119  RESTRAINT  =       95.3199
 EAMBER  =   -83112.1678


   NSTEP       ENERGY          RMS            GMAX         NAME    NUMBER
    405      -8.3021E+04     1.3519E+00     9.8570E+01     CG         88

 BOND    =     5781.0764  ANGLE   =      227.5176  DIHED      =     1678.2669
 VDWAALS =    12023.3061  EEL     =  -112449.6820  HBOND      =        0.0000
 1-4 VDW =      555.5298  1-4 EEL =     9068.5599  RESTRAINT  =       94.8354
 EAMBER  =   -83115.4253


   NSTEP       ENERGY          RMS            GMAX         NAME    NUMBER
    410      -8.3093E+04     6.1219E-01     2.4603E+01     H2      18715

 BOND    =     5764.7261  ANGLE   =      215.6064  DIHED      =     1678.1893
 VDWAALS =    12022.5893  EEL     =  -112474.2236  HBOND      =        0.0000
 1-4 VDW =      554.3025  1-4 EEL =     9066.3603  RESTRAINT  =       79.9295
 EAMBER  =   -83172.4495


   NSTEP       ENERGY          RMS            GMAX         NAME    NUMBER
    415      -8.3128E+04     6.8391E-01     3.4105E+01     H1      18714

 BOND    =     5777.0500  ANGLE   =      218.2541  DIHED      =     1678.2455
 VDWAALS =    12028.8990  EEL     =  -112535.8401  HBOND      =        0.0000
 1-4 VDW =      554.5445  1-4 EEL =     9065.5641  RESTRAINT  =       84.9150
 EAMBER  =   -83213.2829


   NSTEP       ENERGY          RMS            GMAX         NAME    NUMBER
    420      -8.3192E+04     8.6293E-01     7.5172E+01     CD       1646

 BOND    =     5788.5641  ANGLE   =      217.6230  DIHED      =     1677.9413
 VDWAALS =    12087.1972  EEL     =  -112664.8955  HBOND      =        0.0000
 1-4 VDW =      554.9352  1-4 EEL =     9066.2477  RESTRAINT  =       80.5157
 EAMBER  =   -83272.3872


   NSTEP       ENERGY          RMS            GMAX         NAME    NUMBER
    425      -8.3226E+04     7.1557E-01     2.8476E+01     HD3      1465

 BOND    =     5792.3834  ANGLE   =      217.2079  DIHED      =     1677.9816
 VDWAALS =    12139.5966  EEL     =  -112756.5433  HBOND      =        0.0000
 1-4 VDW =      554.5915  1-4 EEL =     9067.2871  RESTRAINT  =       81.9920
 EAMBER  =   -83307.4953


   NSTEP       ENERGY          RMS            GMAX         NAME    NUMBER
    430      -8.3227E+04     6.5574E-01     2.7750E+01     HD3      1465

 BOND    =     5791.3866  ANGLE   =      217.0461  DIHED      =     1677.9655
 VDWAALS =    12139.6480  EEL     =  -112757.1705  HBOND      =        0.0000
 1-4 VDW =      554.6030  1-4 EEL =     9067.2799  RESTRAINT  =       81.7627
 EAMBER  =   -83309.2413


   NSTEP       ENERGY          RMS            GMAX         NAME    NUMBER
    435      -8.3279E+04     7.4401E-01     5.5981E+01     CD       1646

 BOND    =     5807.0212  ANGLE   =      218.2882  DIHED      =     1678.2882
 VDWAALS =    12156.8071  EEL     =  -112842.5028  HBOND      =        0.0000
 1-4 VDW =      554.9458  1-4 EEL =     9065.1368  RESTRAINT  =       82.9200
 EAMBER  =   -83362.0154


   NSTEP       ENERGY          RMS            GMAX         NAME    NUMBER
    440      -8.3314E+04     6.7111E-01     3.1567E+01     HD3      1465

 BOND    =     5813.2105  ANGLE   =      218.2125  DIHED      =     1678.1550
 VDWAALS =    12191.9433  EEL     =  -112919.8146  HBOND      =        0.0000
 1-4 VDW =      554.6110  1-4 EEL =     9065.4391  RESTRAINT  =       84.3757
 EAMBER  =   -83398.2432


   NSTEP       ENERGY          RMS            GMAX         NAME    NUMBER
    445      -8.3365E+04     5.5333E-01     2.8508E+01     CD        615

 BOND    =     5817.6696  ANGLE   =      215.9361  DIHED      =     1678.0195
 VDWAALS =    12268.8538  EEL     =  -113048.6879  HBOND      =        0.0000
 1-4 VDW =      554.5727  1-4 EEL =     9066.8807  RESTRAINT  =       81.6798
 EAMBER  =   -83446.7554


   NSTEP       ENERGY          RMS            GMAX         NAME    NUMBER
    450      -8.3421E+04     1.4175E+00     1.1866E+02     CG         88

 BOND    =     5864.3764  ANGLE   =      226.8278  DIHED      =     1678.4082
 VDWAALS =    12369.4895  EEL     =  -113277.9629  HBOND      =        0.0000
 1-4 VDW =      555.5229  1-4 EEL =     9068.7605  RESTRAINT  =       93.2750
 EAMBER  =   -83514.5777


   NSTEP       ENERGY          RMS            GMAX         NAME    NUMBER
    455      -8.3425E+04     1.3263E+00     1.0601E+02     CG         88

 BOND    =     5861.7143  ANGLE   =      226.3069  DIHED      =     1678.3737
 VDWAALS =    12369.4244  EEL     =  -113277.8831  HBOND      =        0.0000
 1-4 VDW =      555.4948  1-4 EEL =     9068.7108  RESTRAINT  =       92.8037
 EAMBER  =   -83517.8582


   NSTEP       ENERGY          RMS            GMAX         NAME    NUMBER
    460      -8.3487E+04     5.2489E-01     1.5988E+01     O       16871

 BOND    =     5841.8928  ANGLE   =      215.5602  DIHED      =     1678.1371
 VDWAALS =    12369.1310  EEL     =  -113292.6525  HBOND      =        0.0000
 1-4 VDW =      554.4511  1-4 EEL =     9066.4908  RESTRAINT  =       79.6769
 EAMBER  =   -83566.9894


   NSTEP       ENERGY          RMS            GMAX         NAME    NUMBER
    465      -8.3516E+04     6.2092E-01     3.0375E+01     HD3      1465

 BOND    =     5854.0655  ANGLE   =      217.6955  DIHED      =     1678.2437
 VDWAALS =    12375.3085  EEL     =  -113345.6467  HBOND      =        0.0000
 1-4 VDW =      554.6038  1-4 EEL =     9065.5793  RESTRAINT  =       83.8028
 EAMBER  =   -83600.1502


   NSTEP       ENERGY          RMS            GMAX         NAME    NUMBER
    470      -8.3571E+04     7.7421E-01     5.3407E+01     CD       1646

 BOND    =     5865.7179  ANGLE   =      217.5006  DIHED      =     1678.0405
 VDWAALS =    12426.8622  EEL     =  -113460.9295  HBOND      =        0.0000
 1-4 VDW =      555.0222  1-4 EEL =     9066.1674  RESTRAINT  =       80.7384
 EAMBER  =   -83651.6188


   NSTEP       ENERGY          RMS            GMAX         NAME    NUMBER
    475      -8.3602E+04     6.5528E-01     2.4252E+01     HD3      1465

 BOND    =     5869.6728  ANGLE   =      216.9227  DIHED      =     1678.0127
 VDWAALS =    12478.4990  EEL     =  -113548.2538  HBOND      =        0.0000
 1-4 VDW =      554.7043  1-4 EEL =     9067.2818  RESTRAINT  =       81.2131
 EAMBER  =   -83683.1606


   NSTEP       ENERGY          RMS            GMAX         NAME    NUMBER
    480      -8.3604E+04     5.9520E-01     2.3676E+01     Cl-      2431

 BOND    =     5868.6911  ANGLE   =      216.7643  DIHED      =     1677.9973
 VDWAALS =    12478.5453  EEL     =  -113548.8441  HBOND      =        0.0000
 1-4 VDW =      554.7142  1-4 EEL =     9067.2807  RESTRAINT  =       81.0055
 EAMBER  =   -83684.8512


   NSTEP       ENERGY          RMS            GMAX         NAME    NUMBER
    485      -8.3652E+04     7.5043E-01     6.0491E+01     CD       1646

 BOND    =     5884.6505  ANGLE   =      218.1522  DIHED      =     1678.3749
 VDWAALS =    12496.6601  EEL     =  -113632.6323  HBOND      =        0.0000
 1-4 VDW =      554.9787  1-4 EEL =     9065.1617  RESTRAINT  =       82.8939
 EAMBER  =   -83734.6543


   NSTEP       ENERGY          RMS            GMAX         NAME    NUMBER
    490      -8.3681E+04     6.0175E-01     2.7386E+01     HD3      1465

 BOND    =     5888.4287  ANGLE   =      217.5584  DIHED      =     1678.1637
 VDWAALS =    12527.5082  EEL     =  -113696.3230  HBOND      =        0.0000
 1-4 VDW =      554.6511  1-4 EEL =     9065.4427  RESTRAINT  =       83.1537
 EAMBER  =   -83764.5701


   NSTEP       ENERGY          RMS            GMAX         NAME    NUMBER
    495      -8.3721E+04     4.9477E-01     2.5320E+01     CD        615

 BOND    =     5890.3452  ANGLE   =      215.9501  DIHED      =     1678.0333
 VDWAALS =    12588.7465  EEL     =  -113797.5586  HBOND      =        0.0000
 1-4 VDW =      554.6604  1-4 EEL =     9067.0682  RESTRAINT  =       81.4777
 EAMBER  =   -83802.7549


   NSTEP       ENERGY          RMS            GMAX         NAME    NUMBER
    500      -8.3770E+04     1.3451E+00     1.1411E+02     CG         88

 BOND    =     5937.0361  ANGLE   =      225.0501  DIHED      =     1678.4873
 VDWAALS =    12679.2832  EEL     =  -114005.6174  HBOND      =        0.0000
 1-4 VDW =      555.3825  1-4 EEL =     9068.9293  RESTRAINT  =       91.2323
 EAMBER  =   -83861.4489


  Maximum number of minimization cycles reached.


                    FINAL RESULTS



   NSTEP       ENERGY          RMS            GMAX         NAME    NUMBER
    500      -8.3770E+04     1.3451E+00     1.1411E+02     CG         88

 BOND    =     5937.0361  ANGLE   =      225.0501  DIHED      =     1678.4873
 VDWAALS =    12679.2832  EEL     =  -114005.6174  HBOND      =        0.0000
 1-4 VDW =      555.3825  1-4 EEL =     9068.9293  RESTRAINT  =       91.2323
 EAMBER  =   -83861.4489
--------------------------------------------------------------------------------
   5.  TIMINGS
--------------------------------------------------------------------------------

|  NonSetup CPU Time in Major Routines:
|
|     Routine           Sec        %
|     ------------------------------
|     Nonbond          40.02   96.64
|     Bond              0.20    0.49
|     Angle             0.14    0.35
|     Dihedral          0.85    2.06
|     Shake             0.00    0.00
|     Other             0.19    0.46
|     ------------------------------
|     Total            41.42

|  PME Nonbond Pairlist CPU Time:
|
|     Routine              Sec        %
|     ---------------------------------
|     Set Up Cit           0.02    0.05
|     Build List           1.15    2.78
|     ---------------------------------
|     Total                1.17    2.83

|  PME Direct Force CPU Time:
|
|     Routine              Sec        %
|     ---------------------------------
|     NonBonded Calc      26.03   62.85
|     Exclude Masked       0.54    1.31
|     Other                0.08    0.19
|     ---------------------------------
|     Total               26.65   64.35

|  PME Reciprocal Force CPU Time:
|
|     Routine              Sec        %
|     ---------------------------------
|     1D bspline           0.43    1.03
|     Grid Charges         0.77    1.85
|     Scalar Sum           4.28   10.32
|     Gradient Sum         1.40    3.37
|     FFT                  5.30   12.80
|     ---------------------------------
|     Total               12.17   29.38

|  Setup CPU time:            0.10 seconds
|  NonSetup CPU time:        41.42 seconds
|  Total CPU time:           41.52 seconds     0.01 hours

|  Setup wall time:           0    seconds
|  NonSetup wall time:       42    seconds
|  Total wall time:          42    seconds     0.01 hours
