
          -------------------------------------------------------
          Amber 16 PMEMD                              2016
          -------------------------------------------------------

| PMEMD implementation of SANDER, Release 16

| Run on 04/12/2018 at 09:26:34

|   Executable path: pmemd
| Working directory: /home/german/lbp/run/4xcp/mhe/m
|          Hostname: Unknown
  [-O]verwriting output

File Assignments:
|   MDIN: mmin.in                                                               
|  MDOUT: mmin.out                                                              
| INPCRD: m4xcp.rst7                                                            
|   PARM: /home/german/lbp/top_files/4xcp.prmtop                                
| RESTRT: mm4xcp.rst7                                                           
|   REFC: 4xcp.rst7                                                             
|  MDVEL: mdvel                                                                 
|   MDEN: mden                                                                  
|  MDCRD: mdcrd                                                                 
| MDINFO: mdinfo                                                                
|  MDFRC: mdfrc                                                                 


 Here is the input file:

Minimization with Cartesian restraints                                         
&cntrl                                                                         
imin=1,                                                                        
ntmin=1,                                ! Steepest Descent, then Conjugate Grad
ncyc=100,                               ! 100 steps of Steepest Descent        
maxcyc=500,                             ! 400 steps of Conjugate Gradient      
ntpr=5,                                                                        
&end                                                                           


Note: ig = -1. Setting random seed to   325181 based on wallclock time in 
      microseconds.
 
 
| Conditional Compilation Defines Used:
| PUBFFT
| BINTRAJ
| EMIL

| Largest sphere to fit in unit cell has radius =    28.575

| New format PARM file being parsed.
| Version =    1.000 Date = 04/11/18 Time = 21:32:48

| Note: 1-4 EEL scale factors are being read from the topology file.

| Note: 1-4 VDW scale factors are being read from the topology file.
| Duplicated    0 dihedrals

| Duplicated    0 dihedrals

--------------------------------------------------------------------------------
   1.  RESOURCE   USE: 
--------------------------------------------------------------------------------

 getting box info from netcdf restart file
 NATOM  =   22657 NTYPES =      17 NBONH =   21455 MBONA  =    1220
 NTHETH =    2839 MTHETA =    1632 NPHIH =    5501 MPHIA  =    5045
 NHPARM =       0 NPARM  =       0 NNB   =   40455 NRES   =    6901
 NBONA  =    1220 NTHETA =    1632 NPHIA =    5045 NUMBND =      58
 NUMANG =     130 NPTRA  =     163 NATYP =      31 NPHB   =       1
 IFBOX  =       2 NMXRS  =      24 IFCAP =       0 NEXTRA =       0
 NCOPY  =       0

| Coordinate Index Table dimensions:    13   13   13
| Direct force subcell size =     5.3843    5.3843    5.3843

     BOX TYPE: TRUNCATED OCTAHEDRON

--------------------------------------------------------------------------------
   2.  CONTROL  DATA  FOR  THE  RUN
--------------------------------------------------------------------------------

default_name                                                                    

General flags:
     imin    =       1, nmropt  =       0

Nature and format of input:
     ntx     =       1, irest   =       0, ntrx    =       1

Nature and format of output:
     ntxo    =       2, ntpr    =       5, ntrx    =       1, ntwr    =       1
     iwrap   =       0, ntwx    =       0, ntwv    =       0, ntwe    =       0
     ioutfm  =       1, ntwprt  =       0, idecomp =       0, rbornstat=      0

Potential function:
     ntf     =       1, ntb     =       1, igb     =       0, nsnb    =      25
     ipol    =       0, gbsa    =       0, iesp    =       0
     dielc   =   1.00000, cut     =   8.00000, intdiel =   1.00000

Frozen or restrained atoms:
     ibelly  =       0, ntr     =       0

Energy minimization:
     maxcyc  =     500, ncyc    =     100, ntmin   =       1
     dx0     =   0.01000, drms    =   0.00010

| Intermolecular bonds treatment:
|     no_intermolecular_bonds =       1

| Energy averages sample interval:
|     ene_avg_sampling =       1

Ewald parameters:
     verbose =       0, ew_type =       0, nbflag  =       1, use_pme =       1
     vdwmeth =       1, eedmeth =       1, netfrc  =       0
     Box X =   69.995   Box Y =   69.995   Box Z =   69.995
     Alpha =  109.471   Beta  =  109.471   Gamma =  109.471
     NFFT1 =   72       NFFT2 =   72       NFFT3 =   72
     Cutoff=    8.000   Tol   =0.100E-04
     Ewald Coefficient =  0.34864
     Interpolation order =    4

--------------------------------------------------------------------------------
   3.  ATOMIC COORDINATES AND VELOCITIES
--------------------------------------------------------------------------------

default_name                                                                    
 begin time read from input coords =     0.000 ps

 
 Number of triangulated 3-point waters found:     6742

     Sum of charges from parm topology file =  -0.00000007
     Forcing neutrality...

| Dynamic Memory, Types Used:
| Reals              623555
| Integers           714710

| Nonbonded Pairs Initial Allocation:     3784285

--------------------------------------------------------------------------------
   4.  RESULTS
--------------------------------------------------------------------------------

 ---------------------------------------------------
 APPROXIMATING switch and d/dx switch using CUBIC SPLINE INTERPOLATION
 using   5000.0 points per unit in tabled values
 TESTING RELATIVE ERROR over r ranging from 0.0 to cutoff
| CHECK switch(x): max rel err =   0.2738E-14   at   2.422500
| CHECK d/dx switch(x): max rel err =   0.8332E-11   at   2.782960
 ---------------------------------------------------
|---------------------------------------------------
| APPROXIMATING direct energy using CUBIC SPLINE INTERPOLATION
|  with   50.0 points per unit in tabled values
| Relative Error Limit not exceeded for r .gt.   2.47
| APPROXIMATING direct force using CUBIC SPLINE INTERPOLATION
|  with   50.0 points per unit in tabled values
| Relative Error Limit not exceeded for r .gt.   2.89
|---------------------------------------------------


   NSTEP       ENERGY          RMS            GMAX         NAME    NUMBER
      1      -8.3861E+04     1.3867E+00     1.0726E+02     CG         88

 BOND    =     5937.0361  ANGLE   =      225.0501  DIHED      =     1678.4873
 VDWAALS =    12679.2832  EEL     =  -114005.6174  HBOND      =        0.0000
 1-4 VDW =      555.3825  1-4 EEL =     9068.9293  RESTRAINT  =        0.0000


   NSTEP       ENERGY          RMS            GMAX         NAME    NUMBER
      5      -8.3881E+04     9.9881E-01     4.6808E+01     CG         88

 BOND    =     5924.7103  ANGLE   =      222.9045  DIHED      =     1678.4775
 VDWAALS =    12678.2516  EEL     =  -114006.6166  HBOND      =        0.0000
 1-4 VDW =      554.3879  1-4 EEL =     9066.7031  RESTRAINT  =        0.0000


   NSTEP       ENERGY          RMS            GMAX         NAME    NUMBER
     10      -8.3919E+04     6.5471E-01     1.5041E+01     OD2        90

 BOND    =     5913.0192  ANGLE   =      218.8051  DIHED      =     1678.7975
 VDWAALS =    12675.2961  EEL     =  -114013.6703  HBOND      =        0.0000
 1-4 VDW =      551.0003  1-4 EEL =     9058.1688  RESTRAINT  =        0.0000


   NSTEP       ENERGY          RMS            GMAX         NAME    NUMBER
     15      -8.3983E+04     4.6330E-01     9.9625E+00     OD2        90

 BOND    =     5912.5038  ANGLE   =      215.7693  DIHED      =     1680.5311
 VDWAALS =    12672.6162  EEL     =  -114045.8270  HBOND      =        0.0000
 1-4 VDW =      543.1874  1-4 EEL =     9037.7736  RESTRAINT  =        0.0000


   NSTEP       ENERGY          RMS            GMAX         NAME    NUMBER
     20      -8.4012E+04     2.7875E+00     2.5848E+02     CD       1646

 BOND    =     6001.1975  ANGLE   =      222.6511  DIHED      =     1682.5098
 VDWAALS =    12684.3856  EEL     =  -114145.2867  HBOND      =        0.0000
 1-4 VDW =      533.1313  1-4 EEL =     9009.2079  RESTRAINT  =        0.0000


   NSTEP       ENERGY          RMS            GMAX         NAME    NUMBER
     25      -8.4099E+04     9.7313E-01     7.7740E+01     CD       1646

 BOND    =     5929.0916  ANGLE   =      218.9597  DIHED      =     1682.6960
 VDWAALS =    12691.2786  EEL     =  -114157.7833  HBOND      =        0.0000
 1-4 VDW =      531.3409  1-4 EEL =     9005.5127  RESTRAINT  =        0.0000


   NSTEP       ENERGY          RMS            GMAX         NAME    NUMBER
     30      -8.4122E+04     9.9752E-01     6.8236E+01     CG         88

 BOND    =     5931.8078  ANGLE   =      219.6194  DIHED      =     1682.9201
 VDWAALS =    12698.9601  EEL     =  -114186.1007  HBOND      =        0.0000
 1-4 VDW =      529.5679  1-4 EEL =     9001.0739  RESTRAINT  =        0.0000


   NSTEP       ENERGY          RMS            GMAX         NAME    NUMBER
     35      -8.4152E+04     3.1761E-01     1.2987E+01     HG       1994

 BOND    =     5930.7044  ANGLE   =      219.5472  DIHED      =     1683.0779
 VDWAALS =    12705.7625  EEL     =  -114216.0933  HBOND      =        0.0000
 1-4 VDW =      528.1527  1-4 EEL =     8997.2669  RESTRAINT  =        0.0000


   NSTEP       ENERGY          RMS            GMAX         NAME    NUMBER
     40      -8.4163E+04     1.0847E+00     5.3450E+01     CG         88

 BOND    =     5937.7524  ANGLE   =      220.9324  DIHED      =     1683.1874
 VDWAALS =    12714.8248  EEL     =  -114240.0507  HBOND      =        0.0000
 1-4 VDW =      526.5789  1-4 EEL =     8993.8602  RESTRAINT  =        0.0000


   NSTEP       ENERGY          RMS            GMAX         NAME    NUMBER
     45      -8.4184E+04     1.1004E+00     4.5636E+01     CZ       1468

 BOND    =     5940.1805  ANGLE   =      221.6341  DIHED      =     1683.2359
 VDWAALS =    12723.5441  EEL     =  -114268.1323  HBOND      =        0.0000
 1-4 VDW =      525.1715  1-4 EEL =     8990.5977  RESTRAINT  =        0.0000


   NSTEP       ENERGY          RMS            GMAX         NAME    NUMBER
     50      -8.4204E+04     1.1386E+00     5.0622E+01     CZ       1468

 BOND    =     5942.9988  ANGLE   =      222.4665  DIHED      =     1683.2214
 VDWAALS =    12732.6624  EEL     =  -114296.9161  HBOND      =        0.0000
 1-4 VDW =      523.8153  1-4 EEL =     8987.5011  RESTRAINT  =        0.0000


   NSTEP       ENERGY          RMS            GMAX         NAME    NUMBER
     55      -8.4224E+04     1.2035E+00     5.6857E+01     CZ       1468

 BOND    =     5946.3008  ANGLE   =      223.3274  DIHED      =     1683.1481
 VDWAALS =    12742.0483  EEL     =  -114325.5815  HBOND      =        0.0000
 1-4 VDW =      522.5506  1-4 EEL =     8984.6278  RESTRAINT  =        0.0000


   NSTEP       ENERGY          RMS            GMAX         NAME    NUMBER
     60      -8.4256E+04     4.0434E-01     1.6019E+01     CZ       1468

 BOND    =     5945.9116  ANGLE   =      222.7351  DIHED      =     1683.0445
 VDWAALS =    12750.2381  EEL     =  -114360.6749  HBOND      =        0.0000
 1-4 VDW =      521.5910  1-4 EEL =     8981.5164  RESTRAINT  =        0.0000


   NSTEP       ENERGY          RMS            GMAX         NAME    NUMBER
     65      -8.4272E+04     2.7587E-01     1.3010E+01     HG       1994

 BOND    =     5945.5001  ANGLE   =      223.3089  DIHED      =     1682.9223
 VDWAALS =    12757.7004  EEL     =  -114381.5085  HBOND      =        0.0000
 1-4 VDW =      520.7311  1-4 EEL =     8979.6658  RESTRAINT  =        0.0000


   NSTEP       ENERGY          RMS            GMAX         NAME    NUMBER
     70      -8.4291E+04     2.7533E-01     1.2384E+01     HG       1994

 BOND    =     5948.1932  ANGLE   =      223.9393  DIHED      =     1682.7422
 VDWAALS =    12767.1941  EEL     =  -114409.8587  HBOND      =        0.0000
 1-4 VDW =      519.7138  1-4 EEL =     8977.2899  RESTRAINT  =        0.0000


   NSTEP       ENERGY          RMS            GMAX         NAME    NUMBER
     75      -8.4310E+04     5.2655E-01     2.6211E+01     CZ       1468

 BOND    =     5955.8868  ANGLE   =      224.5498  DIHED      =     1682.5188
 VDWAALS =    12777.8155  EEL     =  -114443.6710  HBOND      =        0.0000
 1-4 VDW =      518.6922  1-4 EEL =     8974.6229  RESTRAINT  =        0.0000


   NSTEP       ENERGY          RMS            GMAX         NAME    NUMBER
     80      -8.4327E+04     3.5024E-01     1.4083E+01     CZ       1468

 BOND    =     5954.9964  ANGLE   =      225.1057  DIHED      =     1682.3268
 VDWAALS =    12786.2995  EEL     =  -114466.5606  HBOND      =        0.0000
 1-4 VDW =      517.8935  1-4 EEL =     8972.9263  RESTRAINT  =        0.0000


   NSTEP       ENERGY          RMS            GMAX         NAME    NUMBER
     85      -8.4344E+04     3.5707E-01     1.5187E+01     CZ       1468

 BOND    =     5957.6854  ANGLE   =      225.6842  DIHED      =     1682.1065
 VDWAALS =    12795.8326  EEL     =  -114493.7799  HBOND      =        0.0000
 1-4 VDW =      517.0711  1-4 EEL =     8970.9896  RESTRAINT  =        0.0000


   NSTEP       ENERGY          RMS            GMAX         NAME    NUMBER
     90      -8.4361E+04     4.0151E-01     1.9157E+01     CZ       1468

 BOND    =     5961.0317  ANGLE   =      226.2450  DIHED      =     1681.8816
 VDWAALS =    12805.4418  EEL     =  -114521.2764  HBOND      =        0.0000
 1-4 VDW =      516.2968  1-4 EEL =     8969.1217  RESTRAINT  =        0.0000


   NSTEP       ENERGY          RMS            GMAX         NAME    NUMBER
     95      -8.4374E+04     6.4732E-01     3.6544E+01     CZ       1468

 BOND    =     5968.1227  ANGLE   =      226.8118  DIHED      =     1681.6737
 VDWAALS =    12814.4173  EEL     =  -114548.3772  HBOND      =        0.0000
 1-4 VDW =      515.6426  1-4 EEL =     8967.3377  RESTRAINT  =        0.0000


   NSTEP       ENERGY          RMS            GMAX         NAME    NUMBER
    100      -8.4390E+04     6.6162E-01     3.7593E+01     CZ       1468

 BOND    =     5970.8896  ANGLE   =      227.3585  DIHED      =     1681.4542
 VDWAALS =    12823.8946  EEL     =  -114574.6310  HBOND      =        0.0000
 1-4 VDW =      514.9622  1-4 EEL =     8965.7170  RESTRAINT  =        0.0000


   NSTEP       ENERGY          RMS            GMAX         NAME    NUMBER
    105      -8.4412E+04     2.6517E-01     8.6677E+00     Cl-      2427

 BOND    =     5965.2209  ANGLE   =      227.9131  DIHED      =     1681.2096
 VDWAALS =    12834.4569  EEL     =  -114599.1258  HBOND      =        0.0000
 1-4 VDW =      514.1647  1-4 EEL =     8964.3937  RESTRAINT  =        0.0000


   NSTEP       ENERGY          RMS            GMAX         NAME    NUMBER
    110      -8.4663E+04     2.3724E+00     1.5756E+02     HG       1994

 BOND    =     6147.1927  ANGLE   =      251.5319  DIHED      =     1681.1289
 VDWAALS =    13184.0157  EEL     =  -115346.8966  HBOND      =        0.0000
 1-4 VDW =      495.9913  1-4 EEL =     8924.2396  RESTRAINT  =        0.0000


   NSTEP       ENERGY          RMS            GMAX         NAME    NUMBER
    115      -8.4837E+04     1.4830E+00     1.9386E+02     Cl-      2427

 BOND    =     6111.8324  ANGLE   =      305.2635  DIHED      =     1685.6534
 VDWAALS =    13414.9201  EEL     =  -115747.1628  HBOND      =        0.0000
 1-4 VDW =      489.3904  1-4 EEL =     8903.4110  RESTRAINT  =        0.0000


   NSTEP       ENERGY          RMS            GMAX         NAME    NUMBER
    120      -8.4934E+04     1.0222E+00     5.8409E+01     OE2      2289

 BOND    =     6149.5404  ANGLE   =      331.6162  DIHED      =     1690.3985
 VDWAALS =    13520.9287  EEL     =  -116005.4649  HBOND      =        0.0000
 1-4 VDW =      488.3379  1-4 EEL =     8890.8118  RESTRAINT  =        0.0000


   NSTEP       ENERGY          RMS            GMAX         NAME    NUMBER
    125      -8.5061E+04     1.0235E+00     6.5832E+01     CD       2287

 BOND    =     6198.3632  ANGLE   =      354.4095  DIHED      =     1700.4731
 VDWAALS =    13804.3672  EEL     =  -116470.5061  HBOND      =        0.0000
 1-4 VDW =      483.2801  1-4 EEL =     8868.2739  RESTRAINT  =        0.0000


   NSTEP       ENERGY          RMS            GMAX         NAME    NUMBER
    130      -8.5064E+04     9.5227E-01     5.5535E+01     CD       2287

 BOND    =     6195.4396  ANGLE   =      353.8792  DIHED      =     1700.4069
 VDWAALS =    13804.0544  EEL     =  -116469.4702  HBOND      =        0.0000
 1-4 VDW =      483.2851  1-4 EEL =     8868.3320  RESTRAINT  =        0.0000


   NSTEP       ENERGY          RMS            GMAX         NAME    NUMBER
    135      -8.5177E+04     8.0013E-01     3.7605E+01     CG       2317

 BOND    =     6178.2240  ANGLE   =      318.3867  DIHED      =     1693.2983
 VDWAALS =    13767.6865  EEL     =  -116495.0005  HBOND      =        0.0000
 1-4 VDW =      486.8549  1-4 EEL =     8873.7134  RESTRAINT  =        0.0000


   NSTEP       ENERGY          RMS            GMAX         NAME    NUMBER
    140      -8.5245E+04     9.4210E-01     4.6600E+01     NZ       1819

 BOND    =     6188.8916  ANGLE   =      299.2666  DIHED      =     1687.1524
 VDWAALS =    13750.2267  EEL     =  -116542.2839  HBOND      =        0.0000
 1-4 VDW =      490.6616  1-4 EEL =     8881.5315  RESTRAINT  =        0.0000


   NSTEP       ENERGY          RMS            GMAX         NAME    NUMBER
    145      -8.5326E+04     1.1982E+00     5.9181E+01     CD       2287

 BOND    =     6179.7407  ANGLE   =      279.8146  DIHED      =     1677.7139
 VDWAALS =    13741.4742  EEL     =  -116598.6199  HBOND      =        0.0000
 1-4 VDW =      494.5403  1-4 EEL =     8899.3529  RESTRAINT  =        0.0000


   NSTEP       ENERGY          RMS            GMAX         NAME    NUMBER
    150      -8.5369E+04     6.8215E-01     3.0721E+01     CD       2421

 BOND    =     6173.0092  ANGLE   =      276.3303  DIHED      =     1673.4558
 VDWAALS =    13737.5162  EEL     =  -116634.5872  HBOND      =        0.0000
 1-4 VDW =      496.5679  1-4 EEL =     8908.2464  RESTRAINT  =        0.0000


   NSTEP       ENERGY          RMS            GMAX         NAME    NUMBER
    155      -8.5372E+04     5.9963E-01     2.4889E+01     CD       2421

 BOND    =     6170.4850  ANGLE   =      275.5627  DIHED      =     1673.4564
 VDWAALS =    13737.7662  EEL     =  -116633.7780  HBOND      =        0.0000
 1-4 VDW =      496.5143  1-4 EEL =     8908.3096  RESTRAINT  =        0.0000


   NSTEP       ENERGY          RMS            GMAX         NAME    NUMBER
    160      -8.5398E+04     5.4760E-01     2.6941E+01     OE1      2422

 BOND    =     6166.6293  ANGLE   =      260.5364  DIHED      =     1673.5847
 VDWAALS =    13744.9083  EEL     =  -116649.5986  HBOND      =        0.0000
 1-4 VDW =      495.4205  1-4 EEL =     8910.0432  RESTRAINT  =        0.0000


   NSTEP       ENERGY          RMS            GMAX         NAME    NUMBER
    165      -8.5420E+04     5.9916E-01     2.4978E+01     CD       2421

 BOND    =     6176.3382  ANGLE   =      264.8774  DIHED      =     1672.1256
 VDWAALS =    13748.5623  EEL     =  -116688.9916  HBOND      =        0.0000
 1-4 VDW =      494.5679  1-4 EEL =     8912.2218  RESTRAINT  =        0.0000


   NSTEP       ENERGY          RMS            GMAX         NAME    NUMBER
    170      -8.5483E+04     6.2782E-01     3.0147E+01     CG       2418

 BOND    =     6177.8618  ANGLE   =      274.1833  DIHED      =     1668.7356
 VDWAALS =    13784.6694  EEL     =  -116797.3913  HBOND      =        0.0000
 1-4 VDW =      493.0563  1-4 EEL =     8915.5172  RESTRAINT  =        0.0000


   NSTEP       ENERGY          RMS            GMAX         NAME    NUMBER
    175      -8.5527E+04     6.6136E-01     5.0170E+01     CD       2287

 BOND    =     6193.0117  ANGLE   =      274.7547  DIHED      =     1667.7260
 VDWAALS =    13837.2859  EEL     =  -116911.0453  HBOND      =        0.0000
 1-4 VDW =      492.2865  1-4 EEL =     8919.3873  RESTRAINT  =        0.0000


   NSTEP       ENERGY          RMS            GMAX         NAME    NUMBER
    180      -8.5529E+04     5.8701E-01     3.9414E+01     CD       2287

 BOND    =     6191.4199  ANGLE   =      274.2692  DIHED      =     1667.6750
 VDWAALS =    13837.1099  EEL     =  -116910.7144  HBOND      =        0.0000
 1-4 VDW =      492.2860  1-4 EEL =     8919.4365  RESTRAINT  =        0.0000


   NSTEP       ENERGY          RMS            GMAX         NAME    NUMBER
    185      -8.5571E+04     5.3082E-01     1.9459E+01     CG       2418

 BOND    =     6187.4324  ANGLE   =      266.0624  DIHED      =     1666.1086
 VDWAALS =    13828.2203  EEL     =  -116933.3074  HBOND      =        0.0000
 1-4 VDW =      494.1169  1-4 EEL =     8920.3945  RESTRAINT  =        0.0000


   NSTEP       ENERGY          RMS            GMAX         NAME    NUMBER
    190      -8.5598E+04     5.5517E-01     2.0272E+01     OG1      1675

 BOND    =     6193.8088  ANGLE   =      256.3482  DIHED      =     1665.3611
 VDWAALS =    13835.8648  EEL     =  -116964.9099  HBOND      =        0.0000
 1-4 VDW =      496.2283  1-4 EEL =     8919.1114  RESTRAINT  =        0.0000


   NSTEP       ENERGY          RMS            GMAX         NAME    NUMBER
    195      -8.5627E+04     5.4740E-01     3.4310E+01     CG        325

 BOND    =     6194.2034  ANGLE   =      253.9356  DIHED      =     1663.8326
 VDWAALS =    13853.0522  EEL     =  -117008.4830  HBOND      =        0.0000
 1-4 VDW =      497.2962  1-4 EEL =     8918.7793  RESTRAINT  =        0.0000


   NSTEP       ENERGY          RMS            GMAX         NAME    NUMBER
    200      -8.5646E+04     5.9671E-01     2.2373E+01     O        2425

 BOND    =     6200.6918  ANGLE   =      261.4604  DIHED      =     1662.8848
 VDWAALS =    13860.9677  EEL     =  -117049.4080  HBOND      =        0.0000
 1-4 VDW =      497.7213  1-4 EEL =     8919.7979  RESTRAINT  =        0.0000


   NSTEP       ENERGY          RMS            GMAX         NAME    NUMBER
    205      -8.5648E+04     5.1426E-01     2.0483E+01     O        2425

 BOND    =     6198.3692  ANGLE   =      260.6853  DIHED      =     1662.8752
 VDWAALS =    13861.2591  EEL     =  -117048.6053  HBOND      =        0.0000
 1-4 VDW =      497.7003  1-4 EEL =     8919.8170  RESTRAINT  =        0.0000


   NSTEP       ENERGY          RMS            GMAX         NAME    NUMBER
    210      -8.5667E+04     4.3439E-01     3.0078E+01     CG        325

 BOND    =     6196.1213  ANGLE   =      248.6311  DIHED      =     1663.0850
 VDWAALS =    13868.3424  EEL     =  -117060.7322  HBOND      =        0.0000
 1-4 VDW =      497.1673  1-4 EEL =     8919.9037  RESTRAINT  =        0.0000


   NSTEP       ENERGY          RMS            GMAX         NAME    NUMBER
    215      -8.5681E+04     5.0821E-01     2.5618E+01     CG        325

 BOND    =     6203.4788  ANGLE   =      251.8174  DIHED      =     1662.8559
 VDWAALS =    13873.8547  EEL     =  -117090.8764  HBOND      =        0.0000
 1-4 VDW =      496.5587  1-4 EEL =     8921.0042  RESTRAINT  =        0.0000


   NSTEP       ENERGY          RMS            GMAX         NAME    NUMBER
    220      -8.5736E+04     5.7479E-01     2.1361E+01     CG       2418

 BOND    =     6213.8179  ANGLE   =      265.6706  DIHED      =     1662.7666
 VDWAALS =    13925.2080  EEL     =  -117218.9397  HBOND      =        0.0000
 1-4 VDW =      493.4982  1-4 EEL =     8922.3705  RESTRAINT  =        0.0000


   NSTEP       ENERGY          RMS            GMAX         NAME    NUMBER
    225      -8.5770E+04     6.7641E-01     4.7653E+01     CD       2287

 BOND    =     6232.5938  ANGLE   =      270.5189  DIHED      =     1663.3526
 VDWAALS =    13986.9254  EEL     =  -117337.9203  HBOND      =        0.0000
 1-4 VDW =      491.7879  1-4 EEL =     8922.2794  RESTRAINT  =        0.0000


   NSTEP       ENERGY          RMS            GMAX         NAME    NUMBER
    230      -8.5772E+04     6.0279E-01     3.7904E+01     CD       2287

 BOND    =     6230.7855  ANGLE   =      270.1191  DIHED      =     1663.3054
 VDWAALS =    13986.7416  EEL     =  -117337.4203  HBOND      =        0.0000
 1-4 VDW =      491.7790  1-4 EEL =     8922.3150  RESTRAINT  =        0.0000


   NSTEP       ENERGY          RMS            GMAX         NAME    NUMBER
    235      -8.5819E+04     5.4775E-01     2.5219E+01     C        2424

 BOND    =     6225.3019  ANGLE   =      262.9394  DIHED      =     1661.6636
 VDWAALS =    13975.6403  EEL     =  -117361.1686  HBOND      =        0.0000
 1-4 VDW =      493.2818  1-4 EEL =     8923.1365  RESTRAINT  =        0.0000


   NSTEP       ENERGY          RMS            GMAX         NAME    NUMBER
    240      -8.5848E+04     4.8389E-01     1.9245E+01     OG1      1675

 BOND    =     6231.7239  ANGLE   =      251.9563  DIHED      =     1661.0248
 VDWAALS =    13985.2985  EEL     =  -117394.0241  HBOND      =        0.0000
 1-4 VDW =      495.4006  1-4 EEL =     8921.0240  RESTRAINT  =        0.0000


   NSTEP       ENERGY          RMS            GMAX         NAME    NUMBER
    245      -8.5867E+04     4.5165E-01     2.9089E+01     CG        325

 BOND    =     6228.1657  ANGLE   =      251.6686  DIHED      =     1660.2557
 VDWAALS =    14000.7220  EEL     =  -117424.0046  HBOND      =        0.0000
 1-4 VDW =      496.0300  1-4 EEL =     8920.4015  RESTRAINT  =        0.0000


   NSTEP       ENERGY          RMS            GMAX         NAME    NUMBER
    250      -8.5882E+04     5.7433E-01     2.4061E+01     O        2425

 BOND    =     6239.4219  ANGLE   =      259.5104  DIHED      =     1659.7007
 VDWAALS =    14010.6039  EEL     =  -117469.3934  HBOND      =        0.0000
 1-4 VDW =      496.6107  1-4 EEL =     8921.4514  RESTRAINT  =        0.0000


   NSTEP       ENERGY          RMS            GMAX         NAME    NUMBER
    255      -8.5884E+04     4.9233E-01     2.1370E+01     O        2425

 BOND    =     6236.7359  ANGLE   =      258.7074  DIHED      =     1659.6940
 VDWAALS =    14010.9424  EEL     =  -117468.2441  HBOND      =        0.0000
 1-4 VDW =      496.5870  1-4 EEL =     8921.4747  RESTRAINT  =        0.0000


   NSTEP       ENERGY          RMS            GMAX         NAME    NUMBER
    260      -8.5900E+04     3.7266E-01     2.2528E+01     CG        325

 BOND    =     6230.9967  ANGLE   =      248.1442  DIHED      =     1659.9473
 VDWAALS =    14017.4250  EEL     =  -117474.6063  HBOND      =        0.0000
 1-4 VDW =      496.3139  1-4 EEL =     8921.9859  RESTRAINT  =        0.0000


   NSTEP       ENERGY          RMS            GMAX         NAME    NUMBER
    265      -8.5917E+04     3.6420E-01     1.2360E+01     N        2411

 BOND    =     6236.9938  ANGLE   =      251.1745  DIHED      =     1659.8681
 VDWAALS =    14025.7612  EEL     =  -117510.0910  HBOND      =        0.0000
 1-4 VDW =      495.9067  1-4 EEL =     8923.6937  RESTRAINT  =        0.0000


   NSTEP       ENERGY          RMS            GMAX         NAME    NUMBER
    270      -8.5973E+04     9.2036E-01     4.1304E+01     CD       1646

 BOND    =     6264.7416  ANGLE   =      266.3387  DIHED      =     1661.0314
 VDWAALS =    14105.2960  EEL     =  -117690.9614  HBOND      =        0.0000
 1-4 VDW =      493.4639  1-4 EEL =     8927.1342  RESTRAINT  =        0.0000


   NSTEP       ENERGY          RMS            GMAX         NAME    NUMBER
    275      -8.6035E+04     6.0988E-01     2.0414E+01     CD       1646

 BOND    =     6278.3144  ANGLE   =      267.5753  DIHED      =     1662.5055
 VDWAALS =    14186.9909  EEL     =  -117851.9021  HBOND      =        0.0000
 1-4 VDW =      492.7565  1-4 EEL =     8928.5056  RESTRAINT  =        0.0000


   NSTEP       ENERGY          RMS            GMAX         NAME    NUMBER
    280      -8.6037E+04     5.5590E-01     1.5192E+01     OE2      1648

 BOND    =     6275.9706  ANGLE   =      267.2065  DIHED      =     1662.4679
 VDWAALS =    14186.7617  EEL     =  -117850.6102  HBOND      =        0.0000
 1-4 VDW =      492.7533  1-4 EEL =     8928.5145  RESTRAINT  =        0.0000


   NSTEP       ENERGY          RMS            GMAX         NAME    NUMBER
    285      -8.6078E+04     5.7960E-01     3.1998E+01     CD       1646

 BOND    =     6267.2265  ANGLE   =      261.1610  DIHED      =     1661.5065
 VDWAALS =    14173.0860  EEL     =  -117863.9347  HBOND      =        0.0000
 1-4 VDW =      494.2189  1-4 EEL =     8928.5659  RESTRAINT  =        0.0000


   NSTEP       ENERGY          RMS            GMAX         NAME    NUMBER
    290      -8.6103E+04     4.6168E-01     1.8445E+01     NZ       1819

 BOND    =     6275.2790  ANGLE   =      252.6345  DIHED      =     1660.6582
 VDWAALS =    14176.9598  EEL     =  -117890.7938  HBOND      =        0.0000
 1-4 VDW =      495.6814  1-4 EEL =     8926.5278  RESTRAINT  =        0.0000


   NSTEP       ENERGY          RMS            GMAX         NAME    NUMBER
    295      -8.6120E+04     3.2201E-01     1.3680E+01     CB       1383

 BOND    =     6266.1243  ANGLE   =      249.3251  DIHED      =     1660.4485
 VDWAALS =    14188.3657  EEL     =  -117904.5854  HBOND      =        0.0000
 1-4 VDW =      495.9753  1-4 EEL =     8924.8152  RESTRAINT  =        0.0000


   NSTEP       ENERGY          RMS            GMAX         NAME    NUMBER
    300      -8.6131E+04     4.8027E-01     3.7381E+01     CG        325

 BOND    =     6275.4250  ANGLE   =      257.9095  DIHED      =     1659.7830
 VDWAALS =    14194.1782  EEL     =  -117939.3122  HBOND      =        0.0000
 1-4 VDW =      496.3550  1-4 EEL =     8925.0540  RESTRAINT  =        0.0000


   NSTEP       ENERGY          RMS            GMAX         NAME    NUMBER
    305      -8.6132E+04     3.8762E-01     2.2540E+01     CG        325

 BOND    =     6273.2150  ANGLE   =      257.1835  DIHED      =     1659.8032
 VDWAALS =    14194.4642  EEL     =  -117938.3134  HBOND      =        0.0000
 1-4 VDW =      496.3425  1-4 EEL =     8925.0480  RESTRAINT  =        0.0000


   NSTEP       ENERGY          RMS            GMAX         NAME    NUMBER
    310      -8.6144E+04     2.9613E-01     1.3153E+01     C        2409

 BOND    =     6271.9861  ANGLE   =      248.1212  DIHED      =     1660.3488
 VDWAALS =    14200.1121  EEL     =  -117946.1174  HBOND      =        0.0000
 1-4 VDW =      496.1503  1-4 EEL =     8925.4135  RESTRAINT  =        0.0000


   NSTEP       ENERGY          RMS            GMAX         NAME    NUMBER
    315      -8.6161E+04     3.7182E-01     1.2690E+01     OXT      2426

 BOND    =     6275.5594  ANGLE   =      253.3833  DIHED      =     1660.2394
 VDWAALS =    14210.0779  EEL     =  -117983.2494  HBOND      =        0.0000
 1-4 VDW =      495.7763  1-4 EEL =     8926.9323  RESTRAINT  =        0.0000


   NSTEP       ENERGY          RMS            GMAX         NAME    NUMBER
    320      -8.6210E+04     9.0298E-01     6.5115E+01     CD       1646

 BOND    =     6302.0278  ANGLE   =      267.4687  DIHED      =     1661.3359
 VDWAALS =    14284.9491  EEL     =  -118148.0347  HBOND      =        0.0000
 1-4 VDW =      493.2900  1-4 EEL =     8928.8933  RESTRAINT  =        0.0000


   NSTEP       ENERGY          RMS            GMAX         NAME    NUMBER
    325      -8.6273E+04     5.9695E-01     1.6789E+01     N        2411

 BOND    =     6315.7296  ANGLE   =      270.5436  DIHED      =     1662.3044
 VDWAALS =    14363.7541  EEL     =  -118305.4615  HBOND      =        0.0000
 1-4 VDW =      492.1617  1-4 EEL =     8928.3088  RESTRAINT  =        0.0000


   NSTEP       ENERGY          RMS            GMAX         NAME    NUMBER
    330      -8.6274E+04     5.4903E-01     1.4315E+01     OE2      2289

 BOND    =     6313.9845  ANGLE   =      270.0941  DIHED      =     1662.2622
 VDWAALS =    14363.5360  EEL     =  -118304.7902  HBOND      =        0.0000
 1-4 VDW =      492.1483  1-4 EEL =     8928.3265  RESTRAINT  =        0.0000


   NSTEP       ENERGY          RMS            GMAX         NAME    NUMBER
    335      -8.6320E+04     6.8212E-01     5.1113E+01     CD       1646

 BOND    =     6305.9400  ANGLE   =      262.0052  DIHED      =     1661.1945
 VDWAALS =    14350.2628  EEL     =  -118321.6847  HBOND      =        0.0000
 1-4 VDW =      493.7466  1-4 EEL =     8928.1019  RESTRAINT  =        0.0000


   NSTEP       ENERGY          RMS            GMAX         NAME    NUMBER
    340      -8.6342E+04     4.2430E-01     1.4721E+01     C         903

 BOND    =     6311.5035  ANGLE   =      253.8340  DIHED      =     1660.3524
 VDWAALS =    14354.8068  EEL     =  -118343.8067  HBOND      =        0.0000
 1-4 VDW =      494.9406  1-4 EEL =     8926.1681  RESTRAINT  =        0.0000


   NSTEP       ENERGY          RMS            GMAX         NAME    NUMBER
    345      -8.6356E+04     2.7125E-01     1.2825E+01     CB       1383

 BOND    =     6304.9392  ANGLE   =      250.4579  DIHED      =     1660.3183
 VDWAALS =    14365.0636  EEL     =  -118357.0255  HBOND      =        0.0000
 1-4 VDW =      495.4958  1-4 EEL =     8924.5530  RESTRAINT  =        0.0000


   NSTEP       ENERGY          RMS            GMAX         NAME    NUMBER
    350      -8.6365E+04     4.1437E-01     3.0163E+01     CG        325

 BOND    =     6311.8737  ANGLE   =      256.9821  DIHED      =     1660.0310
 VDWAALS =    14370.6171  EEL     =  -118385.0225  HBOND      =        0.0000
 1-4 VDW =      496.1863  1-4 EEL =     8924.5109  RESTRAINT  =        0.0000


   NSTEP       ENERGY          RMS            GMAX         NAME    NUMBER
    355      -8.6366E+04     3.1457E-01     1.5140E+01     CG        325

 BOND    =     6310.1433  ANGLE   =      256.3212  DIHED      =     1660.0478
 VDWAALS =    14370.9247  EEL     =  -118384.3971  HBOND      =        0.0000
 1-4 VDW =      496.1698  1-4 EEL =     8924.4897  RESTRAINT  =        0.0000


   NSTEP       ENERGY          RMS            GMAX         NAME    NUMBER
    360      -8.6375E+04     2.8116E-01     1.4827E+01     CG        325

 BOND    =     6309.1716  ANGLE   =      249.1719  DIHED      =     1660.3962
 VDWAALS =    14376.3491  EEL     =  -118390.6564  HBOND      =        0.0000
 1-4 VDW =      495.9074  1-4 EEL =     8924.6077  RESTRAINT  =        0.0000


   NSTEP       ENERGY          RMS            GMAX         NAME    NUMBER
    365      -8.6392E+04     3.6901E-01     1.4529E+01     OXT      2426

 BOND    =     6315.4407  ANGLE   =      255.3862  DIHED      =     1660.2378
 VDWAALS =    14388.2737  EEL     =  -118433.2079  HBOND      =        0.0000
 1-4 VDW =      495.4478  1-4 EEL =     8926.2624  RESTRAINT  =        0.0000


   NSTEP       ENERGY          RMS            GMAX         NAME    NUMBER
    370      -8.6426E+04     7.4490E-01     5.3316E+01     CD       1646

 BOND    =     6331.0662  ANGLE   =      266.0144  DIHED      =     1660.9501
 VDWAALS =    14446.9997  EEL     =  -118551.8897  HBOND      =        0.0000
 1-4 VDW =      493.6412  1-4 EEL =     8927.3923  RESTRAINT  =        0.0000


   NSTEP       ENERGY          RMS            GMAX         NAME    NUMBER
    375      -8.6479E+04     5.8027E-01     1.7538E+01     C        2409

 BOND    =     6351.4019  ANGLE   =      268.8295  DIHED      =     1662.1550
 VDWAALS =    14524.9883  EEL     =  -118705.1844  HBOND      =        0.0000
 1-4 VDW =      492.6093  1-4 EEL =     8925.8114  RESTRAINT  =        0.0000


   NSTEP       ENERGY          RMS            GMAX         NAME    NUMBER
    380      -8.6481E+04     5.3255E-01     1.4388E+01     OXT      2426

 BOND    =     6349.8682  ANGLE   =      268.4029  DIHED      =     1662.1096
 VDWAALS =    14524.6787  EEL     =  -118704.6693  HBOND      =        0.0000
 1-4 VDW =      492.5999  1-4 EEL =     8925.8349  RESTRAINT  =        0.0000


   NSTEP       ENERGY          RMS            GMAX         NAME    NUMBER
    385      -8.6524E+04     7.3574E-01     6.4564E+01     CD       1646

 BOND    =     6340.6278  ANGLE   =      262.8677  DIHED      =     1661.4557
 VDWAALS =    14508.6389  EEL     =  -118717.8064  HBOND      =        0.0000
 1-4 VDW =      494.3265  1-4 EEL =     8926.0790  RESTRAINT  =        0.0000


   NSTEP       ENERGY          RMS            GMAX         NAME    NUMBER
    390      -8.6545E+04     3.9902E-01     1.3602E+01     NZ       2368

 BOND    =     6346.3273  ANGLE   =      253.9041  DIHED      =     1660.9459
 VDWAALS =    14512.8527  EEL     =  -118738.7638  HBOND      =        0.0000
 1-4 VDW =      495.1862  1-4 EEL =     8924.5801  RESTRAINT  =        0.0000


   NSTEP       ENERGY          RMS            GMAX         NAME    NUMBER
    395      -8.6557E+04     2.3566E-01     1.1103E+01     CB       1383

 BOND    =     6339.7269  ANGLE   =      251.2330  DIHED      =     1660.7363
 VDWAALS =    14520.7371  EEL     =  -118747.6463  HBOND      =        0.0000
 1-4 VDW =      495.4507  1-4 EEL =     8923.1742  RESTRAINT  =        0.0000


   NSTEP       ENERGY          RMS            GMAX         NAME    NUMBER
    400      -8.6564E+04     4.0210E-01     3.2200E+01     CG        325

 BOND    =     6345.6519  ANGLE   =      257.0613  DIHED      =     1660.2002
 VDWAALS =    14524.0030  EEL     =  -118769.5020  HBOND      =        0.0000
 1-4 VDW =      495.9251  1-4 EEL =     8923.1108  RESTRAINT  =        0.0000


   NSTEP       ENERGY          RMS            GMAX         NAME    NUMBER
    405      -8.6565E+04     2.8692E-01     1.4571E+01     CG        325

 BOND    =     6344.0623  ANGLE   =      256.4308  DIHED      =     1660.2223
 VDWAALS =    14524.2975  EEL     =  -118769.0829  HBOND      =        0.0000
 1-4 VDW =      495.9143  1-4 EEL =     8923.0958  RESTRAINT  =        0.0000


   NSTEP       ENERGY          RMS            GMAX         NAME    NUMBER
    410      -8.6572E+04     2.5853E-01     1.1690E+01     CG        325

 BOND    =     6343.7625  ANGLE   =      250.2135  DIHED      =     1660.6134
 VDWAALS =    14528.6503  EEL     =  -118774.6320  HBOND      =        0.0000
 1-4 VDW =      495.7765  1-4 EEL =     8923.2539  RESTRAINT  =        0.0000


   NSTEP       ENERGY          RMS            GMAX         NAME    NUMBER
    415      -8.6587E+04     3.3269E-01     1.3949E+01     OXT      2426

 BOND    =     6348.8909  ANGLE   =      255.2770  DIHED      =     1660.5427
 VDWAALS =    14537.2304  EEL     =  -118809.3647  HBOND      =        0.0000
 1-4 VDW =      495.6163  1-4 EEL =     8924.7205  RESTRAINT  =        0.0000


   NSTEP       ENERGY          RMS            GMAX         NAME    NUMBER
    420      -8.6623E+04     7.5951E-01     5.1309E+01     CD       1646

 BOND    =     6366.1264  ANGLE   =      267.0374  DIHED      =     1661.0168
 VDWAALS =    14594.3799  EEL     =  -118931.3994  HBOND      =        0.0000
 1-4 VDW =      494.1400  1-4 EEL =     8926.1151  RESTRAINT  =        0.0000


   NSTEP       ENERGY          RMS            GMAX         NAME    NUMBER
    425      -8.6676E+04     5.7094E-01     1.6849E+01     CB       1383

 BOND    =     6382.8340  ANGLE   =      269.1733  DIHED      =     1661.6484
 VDWAALS =    14667.3048  EEL     =  -119074.7427  HBOND      =        0.0000
 1-4 VDW =      492.9763  1-4 EEL =     8924.4269  RESTRAINT  =        0.0000


   NSTEP       ENERGY          RMS            GMAX         NAME    NUMBER
    430      -8.6678E+04     5.2330E-01     1.4314E+01     CB       1383

 BOND    =     6381.6086  ANGLE   =      268.7641  DIHED      =     1661.6035
 VDWAALS =    14666.9884  EEL     =  -119074.5772  HBOND      =        0.0000
 1-4 VDW =      492.9657  1-4 EEL =     8924.4639  RESTRAINT  =        0.0000


   NSTEP       ENERGY          RMS            GMAX         NAME    NUMBER
    435      -8.6721E+04     7.3622E-01     5.1006E+01     CG        325

 BOND    =     6378.3382  ANGLE   =      263.8851  DIHED      =     1660.9707
 VDWAALS =    14652.0552  EEL     =  -119095.5129  HBOND      =        0.0000
 1-4 VDW =      494.2980  1-4 EEL =     8924.6752  RESTRAINT  =        0.0000


   NSTEP       ENERGY          RMS            GMAX         NAME    NUMBER
    440      -8.6741E+04     3.6896E-01     1.5985E+01     CG        325

 BOND    =     6378.9156  ANGLE   =      254.5509  DIHED      =     1660.4486
 VDWAALS =    14657.8927  EEL     =  -119111.0668  HBOND      =        0.0000
 1-4 VDW =      494.9138  1-4 EEL =     8923.1229  RESTRAINT  =        0.0000


   NSTEP       ENERGY          RMS            GMAX         NAME    NUMBER
    445      -8.6751E+04     2.3205E-01     9.5490E+00     CB       1383

 BOND    =     6374.9866  ANGLE   =      252.1485  DIHED      =     1660.3819
 VDWAALS =    14665.4923  EEL     =  -119121.0437  HBOND      =        0.0000
 1-4 VDW =      495.0954  1-4 EEL =     8921.7786  RESTRAINT  =        0.0000


   NSTEP       ENERGY          RMS            GMAX         NAME    NUMBER
    450      -8.6758E+04     3.7547E-01     2.5358E+01     CD       1646

 BOND    =     6379.9839  ANGLE   =      257.3236  DIHED      =     1660.0967
 VDWAALS =    14669.0156  EEL     =  -119141.1590  HBOND      =        0.0000
 1-4 VDW =      495.5286  1-4 EEL =     8921.5892  RESTRAINT  =        0.0000


   NSTEP       ENERGY          RMS            GMAX         NAME    NUMBER
    455      -8.6759E+04     2.6790E-01     1.1714E+01     O        2425

 BOND    =     6378.6752  ANGLE   =      256.6980  DIHED      =     1660.1098
 VDWAALS =    14669.3300  EEL     =  -119140.9765  HBOND      =        0.0000
 1-4 VDW =      495.5140  1-4 EEL =     8921.5912  RESTRAINT  =        0.0000


   NSTEP       ENERGY          RMS            GMAX         NAME    NUMBER
    460      -8.6766E+04     2.5097E-01     1.1156E+01     NZ       2368

 BOND    =     6377.7674  ANGLE   =      251.0265  DIHED      =     1660.4050
 VDWAALS =    14673.2224  EEL     =  -119145.4336  HBOND      =        0.0000
 1-4 VDW =      495.3238  1-4 EEL =     8921.8397  RESTRAINT  =        0.0000


   NSTEP       ENERGY          RMS            GMAX         NAME    NUMBER
    465      -8.6778E+04     3.1290E-01     1.0121E+01     CB       1383

 BOND    =     6383.1854  ANGLE   =      255.6137  DIHED      =     1660.1885
 VDWAALS =    14679.4443  EEL     =  -119174.9951  HBOND      =        0.0000
 1-4 VDW =      495.1685  1-4 EEL =     8923.0510  RESTRAINT  =        0.0000


   NSTEP       ENERGY          RMS            GMAX         NAME    NUMBER
    470      -8.6812E+04     7.3141E-01     4.2996E+01     CG        325

 BOND    =     6398.1568  ANGLE   =      265.7402  DIHED      =     1660.5583
 VDWAALS =    14730.4200  EEL     =  -119284.5832  HBOND      =        0.0000
 1-4 VDW =      493.9630  1-4 EEL =     8923.8770  RESTRAINT  =        0.0000


   NSTEP       ENERGY          RMS            GMAX         NAME    NUMBER
    475      -8.6862E+04     5.4860E-01     1.8179E+01     NZ       2368

 BOND    =     6413.7988  ANGLE   =      266.3483  DIHED      =     1661.3409
 VDWAALS =    14795.1301  EEL     =  -119413.6745  HBOND      =        0.0000
 1-4 VDW =      493.2416  1-4 EEL =     8921.7025  RESTRAINT  =        0.0000


   NSTEP       ENERGY          RMS            GMAX         NAME    NUMBER
    480      -8.6864E+04     4.9481E-01     1.4852E+01     CB       1383

 BOND    =     6412.4070  ANGLE   =      266.0084  DIHED      =     1661.2997
 VDWAALS =    14794.7996  EEL     =  -119413.4058  HBOND      =        0.0000
 1-4 VDW =      493.2349  1-4 EEL =     8921.7538  RESTRAINT  =        0.0000


   NSTEP       ENERGY          RMS            GMAX         NAME    NUMBER
    485      -8.6901E+04     6.4913E-01     5.6282E+01     CD       1646

 BOND    =     6406.7985  ANGLE   =      262.5630  DIHED      =     1661.0832
 VDWAALS =    14780.8999  EEL     =  -119429.4691  HBOND      =        0.0000
 1-4 VDW =      494.3397  1-4 EEL =     8922.3854  RESTRAINT  =        0.0000


   NSTEP       ENERGY          RMS            GMAX         NAME    NUMBER
    490      -8.6919E+04     3.3565E-01     1.5979E+01     NZ       2368

 BOND    =     6409.9673  ANGLE   =      254.2347  DIHED      =     1660.7837
 VDWAALS =    14786.1862  EEL     =  -119445.9185  HBOND      =        0.0000
 1-4 VDW =      494.9018  1-4 EEL =     8921.2070  RESTRAINT  =        0.0000


   NSTEP       ENERGY          RMS            GMAX         NAME    NUMBER
    495      -8.6927E+04     2.6202E-01     1.1701E+01     O       20429

 BOND    =     6405.3770  ANGLE   =      252.3113  DIHED      =     1660.5942
 VDWAALS =    14794.0559  EEL     =  -119454.7470  HBOND      =        0.0000
 1-4 VDW =      494.9283  1-4 EEL =     8920.0780  RESTRAINT  =        0.0000


   NSTEP       ENERGY          RMS            GMAX         NAME    NUMBER
    500      -8.6935E+04     4.5224E-01     3.9626E+01     CG        325

 BOND    =     6413.8153  ANGLE   =      258.1590  DIHED      =     1660.2672
 VDWAALS =    14798.5195  EEL     =  -119481.1325  HBOND      =        0.0000
 1-4 VDW =      495.3041  1-4 EEL =     8919.9611  RESTRAINT  =        0.0000


  Maximum number of minimization cycles reached.


                    FINAL RESULTS



   NSTEP       ENERGY          RMS            GMAX         NAME    NUMBER
    500      -8.6935E+04     4.5224E-01     3.9626E+01     CG        325

 BOND    =     6413.8153  ANGLE   =      258.1590  DIHED      =     1660.2672
 VDWAALS =    14798.5195  EEL     =  -119481.1325  HBOND      =        0.0000
 1-4 VDW =      495.3041  1-4 EEL =     8919.9611  RESTRAINT  =        0.0000
--------------------------------------------------------------------------------
   5.  TIMINGS
--------------------------------------------------------------------------------

|  NonSetup CPU Time in Major Routines:
|
|     Routine           Sec        %
|     ------------------------------
|     Nonbond          41.14   96.66
|     Bond              0.17    0.39
|     Angle             0.12    0.28
|     Dihedral          0.90    2.11
|     Shake             0.00    0.00
|     Other             0.24    0.55
|     ------------------------------
|     Total            42.56

|  PME Nonbond Pairlist CPU Time:
|
|     Routine              Sec        %
|     ---------------------------------
|     Set Up Cit           0.01    0.03
|     Build List           0.83    1.95
|     ---------------------------------
|     Total                0.84    1.97

|  PME Direct Force CPU Time:
|
|     Routine              Sec        %
|     ---------------------------------
|     NonBonded Calc      26.43   62.10
|     Exclude Masked       0.54    1.26
|     Other                0.20    0.47
|     ---------------------------------
|     Total               27.16   63.83

|  PME Reciprocal Force CPU Time:
|
|     Routine              Sec        %
|     ---------------------------------
|     1D bspline           0.39    0.91
|     Grid Charges         1.01    2.37
|     Scalar Sum           4.40   10.34
|     Gradient Sum         1.50    3.52
|     FFT                  5.81   13.66
|     ---------------------------------
|     Total               13.11   30.80

|  Setup CPU time:            0.07 seconds
|  NonSetup CPU time:        42.56 seconds
|  Total CPU time:           42.63 seconds     0.01 hours

|  Setup wall time:           0    seconds
|  NonSetup wall time:       43    seconds
|  Total wall time:          43    seconds     0.01 hours
