
          -------------------------------------------------------
          Amber 16 PMEMD                              2016
          -------------------------------------------------------

| PMEMD implementation of SANDER, Release 16

| Run on 12/21/2018 at 19:11:26

|   Executable path: pmemd.cuda
| Working directory: /home/german/lbp/run/wat1ifb/mhe/e
|          Hostname: Unknown
  [-O]verwriting output

File Assignments:
|   MDIN: 54equ.in                                                              
|  MDOUT: 54equ.out                                                             
| INPCRD: 53ewat1ifb.rst7                                                       
|   PARM: /home/german/lbp/top_files/wat1ifb.prmtop                             
| RESTRT: 54ewat1ifb.rst7                                                       
|   REFC: 53ewat1ifb.rst7                                                       
|  MDVEL: mdvel                                                                 
|   MDEN: mden                                                                  
|  MDCRD: 54ewat1ifb.nc                                                         
| MDINFO: mdinfo                                                                
|  MDFRC: mdfrc                                                                 


 Here is the input file:

Equilibration with solute restrictions                                         
&cntrl                                                                         
imin = 0,                           ! No Minimization                          
nmropt = 0,                         ! No NMR restraints read                   
                                                                               
! Nature and format of the input                                               
ntx = 5,                            ! Coordinates but no velocities will be rea
irest = 1,                          ! Do not run a new simulation              
                                                                               
! Nature and format of the output                                              
ntxo = 1,                           ! rstrt file in ASCII format               
ntpr = 500,                         ! inf in output every ntpr steps           
ntwr = 500,                         ! rstrt file every ntwr steps              
ntwx = 500,                         ! mdcrd file every ntwx steps              
ntwv = 0,                           ! mdvel without velocities                 
ntwe = 0,                           ! Do not write energies and temperatures   
idecomp = 0,                        ! No energy decomposition                  
iwrap = 1,                          ! Coordinates of the restart and mdcrd file
                                                                               
! Frozen or restrained atoms                                                   
ibelly = 0,                         ! No frozen atoms                          
ntr=1,                              ! Harmonic potential restraints            
restraint_wt = 0.014,                ! The weight for the positional restraints
restraintmask = ':1-131@N,CA,C,O',  ! restrained residues                      
                                                                               
! Molecular dynamics                                                           
nstlim = 50000,                     ! Number of MD-steps                       
dt = 0.002,                         ! Time step                                
                                                                               
! Temperature regulation                                                       
ntt = 3,                            ! Langevin thermostat                      
gamma_ln = 5,                       ! Gamma constant for Langevin              
temp0 = 300.0,                      ! Reference T at which the system is to be 
tempi = 300.0,                      ! Initial T                                
ig = -1,                            ! Seed for the RNG                         
                                                                               
! P and V regulation                                                           
ntp = 1,                            ! constant P                               
barostat = 1,                       ! Berendsen barostat                       
taup = 1,                           ! Pressure relaxation time                 
ntb = 2,                            ! Periodic box for constant P              
                                                                               
! SHAKE variables                                                              
ntc = 2,                            ! Bonds involving H are constrained        
ntf = 2,                            ! Bond interaction involving H are ommited.
                                                                               
cut = 10.0,                         ! Nonbonded cutoff                         
/                                                                              
&end                                                                           


Note: ig = -1. Setting random seed to   735529 based on wallclock time in 
      microseconds.
 
|--------------------- INFORMATION ----------------------
| GPU (CUDA) Version of PMEMD in use: NVIDIA GPU IN USE.
|                    Version 16.0.0
| 
|                      02/25/2016
| 
| Implementation by:
|                    Ross C. Walker     (SDSC)
|                    Scott Le Grand     (nVIDIA)
| 
| Precision model in use:
|      [SPFP] - Single Precision Forces, 64-bit Fixed Point
|               Accumulation. (Default)
| 
|--------------------------------------------------------
 
|----------------- CITATION INFORMATION -----------------
|
|    When publishing work that utilized the CUDA version
|    of AMBER, please cite the following in addition to
|    the regular AMBER citations:
|
|  - Romelia Salomon-Ferrer; Andreas W. Goetz; Duncan
|    Poole; Scott Le Grand; Ross C. Walker "Routine
|    microsecond molecular dynamics simulations with
|    AMBER - Part II: Particle Mesh Ewald", J. Chem.
|    Theory Comput., 2013, 9 (9), pp3878-3888,
|    DOI: 10.1021/ct400314y.
|
|  - Andreas W. Goetz; Mark J. Williamson; Dong Xu;
|    Duncan Poole; Scott Le Grand; Ross C. Walker
|    "Routine microsecond molecular dynamics simulations
|    with AMBER - Part I: Generalized Born", J. Chem.
|    Theory Comput., 2012, 8 (5), pp1542-1555.
|
|  - Scott Le Grand; Andreas W. Goetz; Ross C. Walker
|    "SPFP: Speed without compromise - a mixed precision
|    model for GPU accelerated molecular dynamics
|    simulations.", Comp. Phys. Comm., 2013, 184
|    pp374-380, DOI: 10.1016/j.cpc.2012.09.022
|
|--------------------------------------------------------
 
|------------------- GPU DEVICE INFO --------------------
|
|            CUDA_VISIBLE_DEVICES: 0
|   CUDA Capable Devices Detected:      1
|           CUDA Device ID in use:      0
|                CUDA Device Name: GeForce GTX 1060 6GB
|     CUDA Device Global Mem Size:   6072 MB
| CUDA Device Num Multiprocessors:     10
|           CUDA Device Core Freq:   1.76 GHz
|
|--------------------------------------------------------
 
 
| Conditional Compilation Defines Used:
| PUBFFT
| BINTRAJ
| CUDA
| EMIL

| Largest sphere to fit in unit cell has radius =    23.983

| New format PARM file being parsed.
| Version =    1.000 Date = 12/21/18 Time = 16:56:56

| Note: 1-4 EEL scale factors are being read from the topology file.

| Note: 1-4 VDW scale factors are being read from the topology file.
| Duplicated    0 dihedrals

| Duplicated    0 dihedrals

--------------------------------------------------------------------------------
   1.  RESOURCE   USE: 
--------------------------------------------------------------------------------

 getting new box info from bottom of inpcrd
 NATOM  =   15721 NTYPES =      16 NBONH =   14664 MBONA  =    1073
 NTHETH =    2406 MTHETA =    1438 NPHIH =    4850 MPHIA  =    4508
 NHPARM =       0 NPARM  =       0 NNB   =   29775 NRES   =    4667
 NBONA  =    1073 NTHETA =    1438 NPHIA =    4508 NUMBND =      65
 NUMANG =     143 NPTRA  =     183 NATYP =      34 NPHB   =       1
 IFBOX  =       2 NMXRS  =      24 IFCAP =       0 NEXTRA =       0
 NCOPY  =       0

| Coordinate Index Table dimensions:     9    9    9
| Direct force subcell size =     6.5273    6.5273    6.5273

     BOX TYPE: TRUNCATED OCTAHEDRON

--------------------------------------------------------------------------------
   2.  CONTROL  DATA  FOR  THE  RUN
--------------------------------------------------------------------------------

default_name                                                                    

General flags:
     imin    =       0, nmropt  =       0

Nature and format of input:
     ntx     =       5, irest   =       1, ntrx    =       1

Nature and format of output:
     ntxo    =       1, ntpr    =     500, ntrx    =       1, ntwr    =     500
     iwrap   =       1, ntwx    =     500, ntwv    =       0, ntwe    =       0
     ioutfm  =       1, ntwprt  =       0, idecomp =       0, rbornstat=      0

Potential function:
     ntf     =       2, ntb     =       2, igb     =       0, nsnb    =      25
     ipol    =       0, gbsa    =       0, iesp    =       0
     dielc   =   1.00000, cut     =  10.00000, intdiel =   1.00000

Frozen or restrained atoms:
     ibelly  =       0, ntr     =       1
     restraint_wt =   0.01400

Molecular dynamics:
     nstlim  =     50000, nscm    =         0, nrespa  =         1
     t       =   0.00000, dt      =   0.00200, vlimit  =  -1.00000

Langevin dynamics temperature regulation:
     ig      =  735529
     temp0   = 300.00000, tempi   = 300.00000, gamma_ln=   5.00000

Pressure regulation:
     ntp     =       1
     pres0   =   1.00000, comp    =  44.60000, taup    =   1.00000

SHAKE:
     ntc     =       2, jfastw  =       0
     tol     =   0.00001

| Intermolecular bonds treatment:
|     no_intermolecular_bonds =       1

| Energy averages sample interval:
|     ene_avg_sampling =     500

Ewald parameters:
     verbose =       0, ew_type =       0, nbflag  =       1, use_pme =       1
     vdwmeth =       1, eedmeth =       1, netfrc  =       1
     Box X =   58.746   Box Y =   58.746   Box Z =   58.746
     Alpha =  109.471   Beta  =  109.471   Gamma =  109.471
     NFFT1 =   64       NFFT2 =   64       NFFT3 =   64
     Cutoff=   10.000   Tol   =0.100E-04
     Ewald Coefficient =  0.27511
     Interpolation order =    4

    LOADING THE CONSTRAINED ATOMS AS GROUPS


   5.  REFERENCE ATOM COORDINATES

  default_name                                                                    
     Mask :1-131@N,CA,C,O; matches   524 atoms

--------------------------------------------------------------------------------
   3.  ATOMIC COORDINATES AND VELOCITIES
--------------------------------------------------------------------------------

default_name                                                                    
 begin time read from input coords =  5700.000 ps

 
 Number of triangulated 3-point waters found:     4536

     Sum of charges from parm topology file =  -0.00000004
     Forcing neutrality...

| Dynamic Memory, Types Used:
| Reals              812183
| Integers           593786

| Nonbonded Pairs Initial Allocation:     4755209

| GPU memory information (estimate):
| KB of GPU memory in use:    127704
| KB of CPU memory in use:     26040

--------------------------------------------------------------------------------
   4.  RESULTS
--------------------------------------------------------------------------------

 ---------------------------------------------------
 APPROXIMATING switch and d/dx switch using CUBIC SPLINE INTERPOLATION
 using   5000.0 points per unit in tabled values
 TESTING RELATIVE ERROR over r ranging from 0.0 to cutoff
| CHECK switch(x): max rel err =   0.2738E-14   at   2.422500
| CHECK d/dx switch(x): max rel err =   0.8314E-11   at   2.736960
 ---------------------------------------------------
|---------------------------------------------------
| APPROXIMATING direct energy using CUBIC SPLINE INTERPOLATION
|  with   50.0 points per unit in tabled values
| Relative Error Limit not exceeded for r .gt.   2.33
| APPROXIMATING direct force using CUBIC SPLINE INTERPOLATION
|  with   50.0 points per unit in tabled values
| Relative Error Limit not exceeded for r .gt.   2.80
|---------------------------------------------------
wrapping first mol.:       19.58379       27.69566       47.97029
wrapping first mol.:       19.58379       27.69566       47.97029

 NSTEP =      500   TIME(PS) =    5701.000  TEMP(K) =   298.89  PRESS =    73.1
 Etot   =    -37858.4459  EKtot   =      9651.4287  EPtot      =    -47509.8746
 BOND   =       403.5689  ANGLE   =      1049.1043  DIHED      =      1671.3333
 1-4 NB =       458.8940  1-4 EEL =      5748.4022  VDWAALS    =      5263.4758
 EELEC  =    -62106.4686  EHBOND  =         0.0000  RESTRAINT  =         1.8156
 EAMBER (non-restraint)  =    -47511.6902
 EKCMT  =      4124.2427  VIRIAL  =      3877.8763  VOLUME     =    156109.4742
                                                    Density    =         1.0288
 ------------------------------------------------------------------------------

wrapping first mol.:       19.59916       27.71739       48.00793
wrapping first mol.:       19.59916       27.71739       48.00793

 NSTEP =     1000   TIME(PS) =    5702.000  TEMP(K) =   303.10  PRESS =  -119.7
 Etot   =    -37693.5024  EKtot   =      9787.3389  EPtot      =    -47480.8412
 BOND   =       416.3590  ANGLE   =      1013.3846  DIHED      =      1649.5230
 1-4 NB =       464.9932  1-4 EEL =      5776.1168  VDWAALS    =      5092.6938
 EELEC  =    -61896.2345  EHBOND  =         0.0000  RESTRAINT  =         2.3229
 EAMBER (non-restraint)  =    -47483.1641
 EKCMT  =      4139.9615  VIRIAL  =      4544.2200  VOLUME     =    156479.9103
                                                    Density    =         1.0263
 ------------------------------------------------------------------------------

wrapping first mol.:       19.60757       27.72929       48.02854
wrapping first mol.:       19.60757       27.72929       48.02854

 NSTEP =     1500   TIME(PS) =    5703.000  TEMP(K) =   299.50  PRESS =   -49.1
 Etot   =    -37881.6024  EKtot   =      9671.1260  EPtot      =    -47552.7284
 BOND   =       413.4178  ANGLE   =      1045.5123  DIHED      =      1622.4618
 1-4 NB =       456.4462  1-4 EEL =      5734.0503  VDWAALS    =      5242.6638
 EELEC  =    -62069.7227  EHBOND  =         0.0000  RESTRAINT  =         2.4421
 EAMBER (non-restraint)  =    -47555.1705
 EKCMT  =      4039.8417  VIRIAL  =      4206.0580  VOLUME     =    156680.5204
                                                    Density    =         1.0250
 ------------------------------------------------------------------------------

wrapping first mol.:       19.60713       27.72867       48.02745
wrapping first mol.:       19.60713       27.72867       48.02745

 NSTEP =     2000   TIME(PS) =    5704.000  TEMP(K) =   299.72  PRESS =    51.8
 Etot   =    -37745.5891  EKtot   =      9678.1621  EPtot      =    -47423.7512
 BOND   =       393.6808  ANGLE   =      1031.7219  DIHED      =      1667.6926
 1-4 NB =       482.1091  1-4 EEL =      5719.9763  VDWAALS    =      5143.3601
 EELEC  =    -61864.8497  EHBOND  =         0.0000  RESTRAINT  =         2.5576
 EAMBER (non-restraint)  =    -47426.3088
 EKCMT  =      4105.5586  VIRIAL  =      3930.3322  VOLUME     =    156668.4926
                                                    Density    =         1.0251
 ------------------------------------------------------------------------------

wrapping first mol.:       19.58244       27.69375       47.96698
wrapping first mol.:       19.58244       27.69375       47.96698

 NSTEP =     2500   TIME(PS) =    5705.000  TEMP(K) =   305.41  PRESS =    41.1
 Etot   =    -37666.1550  EKtot   =      9861.8525  EPtot      =    -47528.0075
 BOND   =       396.8421  ANGLE   =      1019.3467  DIHED      =      1640.4182
 1-4 NB =       475.6952  1-4 EEL =      5767.3395  VDWAALS    =      5114.9955
 EELEC  =    -61945.8424  EHBOND  =         0.0000  RESTRAINT  =         3.1977
 EAMBER (non-restraint)  =    -47531.2052
 EKCMT  =      4199.2241  VIRIAL  =      4060.5593  VOLUME     =    156077.5872
                                                    Density    =         1.0290
 ------------------------------------------------------------------------------

wrapping first mol.:       19.57537       27.68376       47.94967
wrapping first mol.:       19.57537       27.68376       47.94967

 NSTEP =     3000   TIME(PS) =    5706.000  TEMP(K) =   302.91  PRESS =  -134.4
 Etot   =    -37760.5435  EKtot   =      9781.2305  EPtot      =    -47541.7740
 BOND   =       386.6093  ANGLE   =      1050.0635  DIHED      =      1649.3871
 1-4 NB =       469.5367  1-4 EEL =      5724.3469  VDWAALS    =      5185.5709
 EELEC  =    -62010.4230  EHBOND  =         0.0000  RESTRAINT  =         3.1346
 EAMBER (non-restraint)  =    -47544.9086
 EKCMT  =      4104.5631  VIRIAL  =      4557.1585  VOLUME     =    155911.1618
                                                    Density    =         1.0301
 ------------------------------------------------------------------------------

wrapping first mol.:       19.56916       27.67497       47.93445
wrapping first mol.:       19.56916       27.67497       47.93445

 NSTEP =     3500   TIME(PS) =    5707.000  TEMP(K) =   299.17  PRESS =   -37.6
 Etot   =    -38098.1032  EKtot   =      9660.5000  EPtot      =    -47758.6032
 BOND   =       368.0292  ANGLE   =      1070.0964  DIHED      =      1642.4008
 1-4 NB =       473.0168  1-4 EEL =      5795.2342  VDWAALS    =      5252.9302
 EELEC  =    -62363.8965  EHBOND  =         0.0000  RESTRAINT  =         3.5855
 EAMBER (non-restraint)  =    -47762.1887
 EKCMT  =      4102.2733  VIRIAL  =      4228.7526  VOLUME     =    155761.3383
                                                    Density    =         1.0311
 ------------------------------------------------------------------------------

wrapping first mol.:       19.57478       27.68292       47.94822
wrapping first mol.:       19.57478       27.68292       47.94822

 NSTEP =     4000   TIME(PS) =    5708.000  TEMP(K) =   299.95  PRESS =   267.0
 Etot   =    -37853.1130  EKtot   =      9685.5293  EPtot      =    -47538.6423
 BOND   =       399.2975  ANGLE   =      1005.0079  DIHED      =      1644.8277
 1-4 NB =       465.9848  1-4 EEL =      5770.2656  VDWAALS    =      5419.9703
 EELEC  =    -62247.8026  EHBOND  =         0.0000  RESTRAINT  =         3.8065
 EAMBER (non-restraint)  =    -47542.4488
 EKCMT  =      4026.3242  VIRIAL  =      3127.4756  VOLUME     =    155891.3956
                                                    Density    =         1.0302
 ------------------------------------------------------------------------------

wrapping first mol.:       19.59775       27.71541       48.00449
wrapping first mol.:       19.59775       27.71541       48.00449

 NSTEP =     4500   TIME(PS) =    5709.000  TEMP(K) =   300.13  PRESS =   227.5
 Etot   =    -37912.2959  EKtot   =      9691.5635  EPtot      =    -47603.8594
 BOND   =       438.3903  ANGLE   =      1056.6950  DIHED      =      1649.4478
 1-4 NB =       479.9682  1-4 EEL =      5730.3314  VDWAALS    =      5406.1245
 EELEC  =    -62368.8643  EHBOND  =         0.0000  RESTRAINT  =         4.0477
 EAMBER (non-restraint)  =    -47607.9071
 EKCMT  =      4114.1745  VIRIAL  =      3345.7585  VOLUME     =    156441.4659
                                                    Density    =         1.0266
 ------------------------------------------------------------------------------

wrapping first mol.:       19.58514       27.69756       47.97358
wrapping first mol.:       19.58514       27.69756       47.97358

 NSTEP =     5000   TIME(PS) =    5710.000  TEMP(K) =   299.98  PRESS =  -378.9
 Etot   =    -37937.0325  EKtot   =      9686.6963  EPtot      =    -47623.7287
 BOND   =       397.6533  ANGLE   =      1027.4540  DIHED      =      1637.4751
 1-4 NB =       474.7496  1-4 EEL =      5755.4770  VDWAALS    =      5081.6519
 EELEC  =    -62002.7972  EHBOND  =         0.0000  RESTRAINT  =         4.6077
 EAMBER (non-restraint)  =    -47628.3365
 EKCMT  =      4023.0187  VIRIAL  =      5300.5626  VOLUME     =    156147.9040
                                                    Density    =         1.0285
 ------------------------------------------------------------------------------

wrapping first mol.:       19.57540       27.68380       47.94974
wrapping first mol.:       19.57540       27.68380       47.94974

 NSTEP =     5500   TIME(PS) =    5711.000  TEMP(K) =   297.95  PRESS =   -70.2
 Etot   =    -38037.3385  EKtot   =      9621.1895  EPtot      =    -47658.5279
 BOND   =       386.3386  ANGLE   =      1069.8274  DIHED      =      1615.5936
 1-4 NB =       483.2590  1-4 EEL =      5765.6971  VDWAALS    =      5255.7886
 EELEC  =    -62239.3155  EHBOND  =         0.0000  RESTRAINT  =         4.2833
 EAMBER (non-restraint)  =    -47662.8112
 EKCMT  =      4059.4982  VIRIAL  =      4295.7138  VOLUME     =    155910.8943
                                                    Density    =         1.0301
 ------------------------------------------------------------------------------

wrapping first mol.:       19.58453       27.69671       47.97210
wrapping first mol.:       19.58453       27.69671       47.97210

 NSTEP =     6000   TIME(PS) =    5712.000  TEMP(K) =   300.73  PRESS =   217.7
 Etot   =    -37801.3966  EKtot   =      9710.9160  EPtot      =    -47512.3127
 BOND   =       408.4801  ANGLE   =      1024.8298  DIHED      =      1624.3361
 1-4 NB =       475.3032  1-4 EEL =      5736.3923  VDWAALS    =      5306.4953
 EELEC  =    -62092.9855  EHBOND  =         0.0000  RESTRAINT  =         4.8360
 EAMBER (non-restraint)  =    -47517.1486
 EKCMT  =      4071.8898  VIRIAL  =      3338.1776  VOLUME     =    156125.1400
                                                    Density    =         1.0287
 ------------------------------------------------------------------------------

wrapping first mol.:       19.58967       27.70398       47.98470
wrapping first mol.:       19.58967       27.70398       47.98470

 NSTEP =     6500   TIME(PS) =    5713.000  TEMP(K) =   297.03  PRESS =  -219.7
 Etot   =    -38090.1998  EKtot   =      9591.4082  EPtot      =    -47681.6080
 BOND   =       406.7886  ANGLE   =       972.7176  DIHED      =      1661.2244
 1-4 NB =       470.7888  1-4 EEL =      5745.1568  VDWAALS    =      5322.4358
 EELEC  =    -62265.1459  EHBOND  =         0.0000  RESTRAINT  =         4.4259
 EAMBER (non-restraint)  =    -47686.0339
 EKCMT  =      4020.0098  VIRIAL  =      4761.3635  VOLUME     =    156254.2204
                                                    Density    =         1.0278
 ------------------------------------------------------------------------------

wrapping first mol.:       19.59169       27.70684       47.98965
wrapping first mol.:       19.59169       27.70684       47.98965

 NSTEP =     7000   TIME(PS) =    5714.000  TEMP(K) =   297.25  PRESS =  -260.1
 Etot   =    -38068.8278  EKtot   =      9598.5918  EPtot      =    -47667.4196
 BOND   =       403.0381  ANGLE   =      1006.9829  DIHED      =      1642.1344
 1-4 NB =       474.3329  1-4 EEL =      5744.3676  VDWAALS    =      5171.4687
 EELEC  =    -62113.7952  EHBOND  =         0.0000  RESTRAINT  =         4.0508
 EAMBER (non-restraint)  =    -47671.4705
 EKCMT  =      4123.2580  VIRIAL  =      5000.8877  VOLUME     =    156303.1843
                                                    Density    =         1.0275
 ------------------------------------------------------------------------------

wrapping first mol.:       19.60213       27.72160       48.01521
wrapping first mol.:       19.60213       27.72160       48.01521

 NSTEP =     7500   TIME(PS) =    5715.000  TEMP(K) =   297.97  PRESS =   -31.1
 Etot   =    -38001.2174  EKtot   =      9621.8594  EPtot      =    -47623.0767
 BOND   =       415.5212  ANGLE   =      1037.3051  DIHED      =      1646.1487
 1-4 NB =       485.7282  1-4 EEL =      5751.3104  VDWAALS    =      5128.3204
 EELEC  =    -62091.8983  EHBOND  =         0.0000  RESTRAINT  =         4.4875
 EAMBER (non-restraint)  =    -47627.5643
 EKCMT  =      4067.2776  VIRIAL  =      4172.3510  VOLUME     =    156549.8994
                                                    Density    =         1.0259
 ------------------------------------------------------------------------------

wrapping first mol.:       19.60691       27.72836       48.02692
wrapping first mol.:       19.60691       27.72836       48.02692

 NSTEP =     8000   TIME(PS) =    5716.000  TEMP(K) =   301.80  PRESS =  -303.7
 Etot   =    -37928.0738  EKtot   =      9745.5088  EPtot      =    -47673.5826
 BOND   =       394.2697  ANGLE   =      1026.4220  DIHED      =      1646.6263
 1-4 NB =       469.4094  1-4 EEL =      5728.2765  VDWAALS    =      5362.8328
 EELEC  =    -62306.2545  EHBOND  =         0.0000  RESTRAINT  =         4.8353
 EAMBER (non-restraint)  =    -47678.4178
 EKCMT  =      4057.4770  VIRIAL  =      5084.6279  VOLUME     =    156668.2487
                                                    Density    =         1.0251
 ------------------------------------------------------------------------------

wrapping first mol.:       19.61222       27.73586       48.03992
wrapping first mol.:       19.61222       27.73586       48.03992

 NSTEP =     8500   TIME(PS) =    5717.000  TEMP(K) =   297.17  PRESS =   -44.1
 Etot   =    -37880.8707  EKtot   =      9596.0303  EPtot      =    -47476.9010
 BOND   =       400.2655  ANGLE   =       981.8997  DIHED      =      1647.8172
 1-4 NB =       468.2994  1-4 EEL =      5772.8420  VDWAALS    =      5287.2320
 EELEC  =    -62039.9402  EHBOND  =         0.0000  RESTRAINT  =         4.6835
 EAMBER (non-restraint)  =    -47481.5845
 EKCMT  =      4028.0433  VIRIAL  =      4177.4718  VOLUME     =    156791.8976
                                                    Density    =         1.0243
 ------------------------------------------------------------------------------

wrapping first mol.:       19.60181       27.72115       48.01443
wrapping first mol.:       19.60181       27.72115       48.01443

 NSTEP =     9000   TIME(PS) =    5718.000  TEMP(K) =   297.96  PRESS =   116.0
 Etot   =    -38029.7875  EKtot   =      9621.2783  EPtot      =    -47651.0658
 BOND   =       388.2986  ANGLE   =       968.2162  DIHED      =      1621.5726
 1-4 NB =       451.7998  1-4 EEL =      5759.4083  VDWAALS    =      5228.4953
 EELEC  =    -62073.8784  EHBOND  =         0.0000  RESTRAINT  =         5.0219
 EAMBER (non-restraint)  =    -47656.0877
 EKCMT  =      4031.8253  VIRIAL  =      3639.6128  VOLUME     =    156540.1934
                                                    Density    =         1.0259
 ------------------------------------------------------------------------------

wrapping first mol.:       19.57844       27.68809       47.95718
wrapping first mol.:       19.57844       27.68809       47.95718

 NSTEP =     9500   TIME(PS) =    5719.000  TEMP(K) =   303.32  PRESS =  -199.3
 Etot   =    -37877.1976  EKtot   =      9794.6162  EPtot      =    -47671.8138
 BOND   =       379.9448  ANGLE   =      1049.6552  DIHED      =      1643.3896
 1-4 NB =       475.5510  1-4 EEL =      5738.5051  VDWAALS    =      5176.5016
 EELEC  =    -62140.6633  EHBOND  =         0.0000  RESTRAINT  =         5.3022
 EAMBER (non-restraint)  =    -47677.1160
 EKCMT  =      4037.3645  VIRIAL  =      4708.5377  VOLUME     =    155985.2468
                                                    Density    =         1.0296
 ------------------------------------------------------------------------------

wrapping first mol.:       19.58219       27.69340       47.96636
wrapping first mol.:       19.58219       27.69340       47.96636

 NSTEP =    10000   TIME(PS) =    5720.000  TEMP(K) =   303.37  PRESS =   208.6
 Etot   =    -37799.7783  EKtot   =      9796.0293  EPtot      =    -47595.8076
 BOND   =       393.0328  ANGLE   =      1036.9173  DIHED      =      1650.1759
 1-4 NB =       472.4659  1-4 EEL =      5773.2575  VDWAALS    =      5290.2041
 EELEC  =    -62216.4503  EHBOND  =         0.0000  RESTRAINT  =         4.5891
 EAMBER (non-restraint)  =    -47600.3967
 EKCMT  =      4068.5874  VIRIAL  =      3365.6681  VOLUME     =    156069.2465
                                                    Density    =         1.0290
 ------------------------------------------------------------------------------

wrapping first mol.:       19.56678       27.67160       47.92861
wrapping first mol.:       19.56678       27.67160       47.92861

 NSTEP =    10500   TIME(PS) =    5721.000  TEMP(K) =   299.11  PRESS =  -302.9
 Etot   =    -37907.6353  EKtot   =      9658.6807  EPtot      =    -47566.3159
 BOND   =       393.2817  ANGLE   =      1032.8051  DIHED      =      1625.3965
 1-4 NB =       474.2295  1-4 EEL =      5753.8466  VDWAALS    =      5120.1254
 EELEC  =    -61969.9734  EHBOND  =         0.0000  RESTRAINT  =         3.9726
 EAMBER (non-restraint)  =    -47570.2885
 EKCMT  =      4067.9634  VIRIAL  =      5086.1992  VOLUME     =    155708.1322
                                                    Density    =         1.0314
 ------------------------------------------------------------------------------

wrapping first mol.:       19.55978       27.66170       47.91147
wrapping first mol.:       19.55978       27.66170       47.91147

 NSTEP =    11000   TIME(PS) =    5722.000  TEMP(K) =   303.73  PRESS =   133.3
 Etot   =    -37856.0769  EKtot   =      9807.8281  EPtot      =    -47663.9050
 BOND   =       367.8434  ANGLE   =      1049.7345  DIHED      =      1632.8285
 1-4 NB =       457.4811  1-4 EEL =      5814.7945  VDWAALS    =      5248.0438
 EELEC  =    -62238.4523  EHBOND  =         0.0000  RESTRAINT  =         3.8217
 EAMBER (non-restraint)  =    -47667.7267
 EKCMT  =      4051.6512  VIRIAL  =      3604.0204  VOLUME     =    155535.0214
                                                    Density    =         1.0326
 ------------------------------------------------------------------------------

wrapping first mol.:       19.56396       27.66761       47.92170
wrapping first mol.:       19.56396       27.66761       47.92170

 NSTEP =    11500   TIME(PS) =    5723.000  TEMP(K) =   300.59  PRESS =   136.1
 Etot   =    -37812.8764  EKtot   =      9706.2910  EPtot      =    -47519.1674
 BOND   =       395.4857  ANGLE   =      1054.6963  DIHED      =      1649.9910
 1-4 NB =       470.0206  1-4 EEL =      5812.2441  VDWAALS    =      5208.8288
 EELEC  =    -62114.1848  EHBOND  =         0.0000  RESTRAINT  =         3.7507
 EAMBER (non-restraint)  =    -47522.9181
 EKCMT  =      4106.6504  VIRIAL  =      3649.4078  VOLUME     =    155634.7055
                                                    Density    =         1.0319
 ------------------------------------------------------------------------------

wrapping first mol.:       19.55710       27.65792       47.90491
wrapping first mol.:       19.55710       27.65792       47.90491

 NSTEP =    12000   TIME(PS) =    5724.000  TEMP(K) =   298.82  PRESS =    65.7
 Etot   =    -38076.5937  EKtot   =      9649.1387  EPtot      =    -47725.7323
 BOND   =       398.6969  ANGLE   =      1011.3587  DIHED      =      1639.1533
 1-4 NB =       475.8107  1-4 EEL =      5744.7207  VDWAALS    =      5264.4423
 EELEC  =    -62265.0736  EHBOND  =         0.0000  RESTRAINT  =         5.1587
 EAMBER (non-restraint)  =    -47730.8911
 EKCMT  =      4020.1154  VIRIAL  =      3799.4956  VOLUME     =    155472.1463
                                                    Density    =         1.0330
 ------------------------------------------------------------------------------

wrapping first mol.:       19.57428       27.68220       47.94698
wrapping first mol.:       19.57428       27.68220       47.94698

 NSTEP =    12500   TIME(PS) =    5725.000  TEMP(K) =   302.00  PRESS =   158.0
 Etot   =    -37860.8692  EKtot   =      9751.8984  EPtot      =    -47612.7677
 BOND   =       378.3294  ANGLE   =      1045.3952  DIHED      =      1625.6993
 1-4 NB =       467.5390  1-4 EEL =      5717.0873  VDWAALS    =      5273.6872
 EELEC  =    -62124.9110  EHBOND  =         0.0000  RESTRAINT  =         4.4059
 EAMBER (non-restraint)  =    -47617.1736
 EKCMT  =      4104.1684  VIRIAL  =      3572.5524  VOLUME     =    155880.8162
                                                    Density    =         1.0303
 ------------------------------------------------------------------------------

wrapping first mol.:       19.57340       27.68097       47.94484
wrapping first mol.:       19.57340       27.68097       47.94484

 NSTEP =    13000   TIME(PS) =    5726.000  TEMP(K) =   299.08  PRESS =   -72.8
 Etot   =    -38163.5758  EKtot   =      9657.5840  EPtot      =    -47821.1597
 BOND   =       399.9003  ANGLE   =      1018.5695  DIHED      =      1621.2391
 1-4 NB =       474.6700  1-4 EEL =      5780.5455  VDWAALS    =      5184.1623
 EELEC  =    -62305.1297  EHBOND  =         0.0000  RESTRAINT  =         4.8832
 EAMBER (non-restraint)  =    -47826.0430
 EKCMT  =      4002.5675  VIRIAL  =      4247.5224  VOLUME     =    155863.1431
                                                    Density    =         1.0304
 ------------------------------------------------------------------------------

wrapping first mol.:       19.56895       27.67468       47.93395
wrapping first mol.:       19.56895       27.67468       47.93395

 NSTEP =    13500   TIME(PS) =    5727.000  TEMP(K) =   302.80  PRESS =   -85.5
 Etot   =    -37854.4988  EKtot   =      9777.7119  EPtot      =    -47632.2107
 BOND   =       415.5561  ANGLE   =      1034.4677  DIHED      =      1623.8187
 1-4 NB =       473.4549  1-4 EEL =      5711.6046  VDWAALS    =      5220.0558
 EELEC  =    -62115.2264  EHBOND  =         0.0000  RESTRAINT  =         4.0578
 EAMBER (non-restraint)  =    -47636.2685
 EKCMT  =      4141.3982  VIRIAL  =      4428.7769  VOLUME     =    155757.0910
                                                    Density    =         1.0311
 ------------------------------------------------------------------------------

wrapping first mol.:       19.55531       27.65538       47.90052
wrapping first mol.:       19.55531       27.65538       47.90052

 NSTEP =    14000   TIME(PS) =    5728.000  TEMP(K) =   301.33  PRESS =   -57.4
 Etot   =    -37900.9951  EKtot   =      9730.1738  EPtot      =    -47631.1689
 BOND   =       390.1492  ANGLE   =      1079.5095  DIHED      =      1625.2602
 1-4 NB =       466.1655  1-4 EEL =      5713.8013  VDWAALS    =      5066.6335
 EELEC  =    -61977.3847  EHBOND  =         0.0000  RESTRAINT  =         4.6966
 EAMBER (non-restraint)  =    -47635.8655
 EKCMT  =      4043.4523  VIRIAL  =      4235.9406  VOLUME     =    155431.1360
                                                    Density    =         1.0333
 ------------------------------------------------------------------------------

wrapping first mol.:       19.56490       27.66895       47.92402
wrapping first mol.:       19.56490       27.66895       47.92402

 NSTEP =    14500   TIME(PS) =    5729.000  TEMP(K) =   303.76  PRESS =    51.5
 Etot   =    -37780.6266  EKtot   =      9808.8057  EPtot      =    -47589.4322
 BOND   =       407.6083  ANGLE   =       994.9587  DIHED      =      1647.7377
 1-4 NB =       464.7458  1-4 EEL =      5774.1911  VDWAALS    =      5262.3002
 EELEC  =    -62145.8422  EHBOND  =         0.0000  RESTRAINT  =         4.8681
 EAMBER (non-restraint)  =    -47594.3004
 EKCMT  =      4145.3806  VIRIAL  =      3972.4470  VOLUME     =    155658.4216
                                                    Density    =         1.0317
 ------------------------------------------------------------------------------

wrapping first mol.:       19.57190       27.67884       47.94116
wrapping first mol.:       19.57190       27.67884       47.94116

 NSTEP =    15000   TIME(PS) =    5730.000  TEMP(K) =   299.63  PRESS =     5.1
 Etot   =    -38154.6418  EKtot   =      9675.3984  EPtot      =    -47830.0403
 BOND   =       409.5497  ANGLE   =      1038.5718  DIHED      =      1635.1895
 1-4 NB =       460.8821  1-4 EEL =      5760.8377  VDWAALS    =      5305.5261
 EELEC  =    -62445.0451  EHBOND  =         0.0000  RESTRAINT  =         4.4480
 EAMBER (non-restraint)  =    -47834.4882
 EKCMT  =      4063.0002  VIRIAL  =      4045.9822  VOLUME     =    155826.1941
                                                    Density    =         1.0306
 ------------------------------------------------------------------------------

wrapping first mol.:       19.56454       27.66844       47.92314
wrapping first mol.:       19.56454       27.66844       47.92314

 NSTEP =    15500   TIME(PS) =    5731.000  TEMP(K) =   295.43  PRESS =   -84.1
 Etot   =    -38173.8012  EKtot   =      9539.8281  EPtot      =    -47713.6293
 BOND   =       388.7113  ANGLE   =       977.9278  DIHED      =      1652.8514
 1-4 NB =       460.9442  1-4 EEL =      5776.4819  VDWAALS    =      5220.1571
 EELEC  =    -62195.7982  EHBOND  =         0.0000  RESTRAINT  =         5.0953
 EAMBER (non-restraint)  =    -47718.7245
 EKCMT  =      4008.1181  VIRIAL  =      4290.6632  VOLUME     =    155651.7520
                                                    Density    =         1.0318
 ------------------------------------------------------------------------------

wrapping first mol.:       19.55671       27.65736       47.90396
wrapping first mol.:       19.55671       27.65736       47.90396

 NSTEP =    16000   TIME(PS) =    5732.000  TEMP(K) =   299.07  PRESS =   135.8
 Etot   =    -37946.2638  EKtot   =      9657.2490  EPtot      =    -47603.5128
 BOND   =       423.7652  ANGLE   =      1048.2855  DIHED      =      1652.8066
 1-4 NB =       458.2433  1-4 EEL =      5715.9650  VDWAALS    =      5162.8176
 EELEC  =    -62070.0550  EHBOND  =         0.0000  RESTRAINT  =         4.6589
 EAMBER (non-restraint)  =    -47608.1718
 EKCMT  =      4036.3785  VIRIAL  =      3580.4479  VOLUME     =    155461.8714
                                                    Density    =         1.0330
 ------------------------------------------------------------------------------

wrapping first mol.:       19.57952       27.68962       47.95982
wrapping first mol.:       19.57952       27.68962       47.95982

 NSTEP =    16500   TIME(PS) =    5733.000  TEMP(K) =   296.20  PRESS =  -326.0
 Etot   =    -37926.4808  EKtot   =      9564.6260  EPtot      =    -47491.1067
 BOND   =       411.8414  ANGLE   =      1062.3623  DIHED      =      1639.9333
 1-4 NB =       452.3455  1-4 EEL =      5735.9417  VDWAALS    =      5222.1042
 EELEC  =    -62020.7336  EHBOND  =         0.0000  RESTRAINT  =         5.0985
 EAMBER (non-restraint)  =    -47496.2052
 EKCMT  =      3983.7250  VIRIAL  =      5081.8301  VOLUME     =    156012.8269
                                                    Density    =         1.0294
 ------------------------------------------------------------------------------

wrapping first mol.:       19.58619       27.69906       47.97618
wrapping first mol.:       19.58619       27.69906       47.97618

 NSTEP =    17000   TIME(PS) =    5734.000  TEMP(K) =   300.15  PRESS =  -111.2
 Etot   =    -37916.1344  EKtot   =      9692.0430  EPtot      =    -47608.1774
 BOND   =       370.4590  ANGLE   =      1061.4198  DIHED      =      1651.5270
 1-4 NB =       455.9966  1-4 EEL =      5730.1426  VDWAALS    =      5207.3440
 EELEC  =    -62089.6146  EHBOND  =         0.0000  RESTRAINT  =         4.5483
 EAMBER (non-restraint)  =    -47612.7257
 EKCMT  =      4072.0123  VIRIAL  =      4446.9053  VOLUME     =    156169.5029
                                                    Density    =         1.0284
 ------------------------------------------------------------------------------

wrapping first mol.:       19.58002       27.69034       47.96106
wrapping first mol.:       19.58002       27.69034       47.96106

 NSTEP =    17500   TIME(PS) =    5735.000  TEMP(K) =   302.31  PRESS =   -70.3
 Etot   =    -37819.4200  EKtot   =      9761.7188  EPtot      =    -47581.1388
 BOND   =       418.1248  ANGLE   =       982.6002  DIHED      =      1642.5589
 1-4 NB =       477.5108  1-4 EEL =      5735.5643  VDWAALS    =      5106.3891
 EELEC  =    -61948.2187  EHBOND  =         0.0000  RESTRAINT  =         4.3319
 EAMBER (non-restraint)  =    -47585.4707
 EKCMT  =      4120.9501  VIRIAL  =      4357.6451  VOLUME     =    156021.3988
                                                    Density    =         1.0293
 ------------------------------------------------------------------------------

wrapping first mol.:       19.56474       27.66872       47.92363
wrapping first mol.:       19.56474       27.66872       47.92363

 NSTEP =    18000   TIME(PS) =    5736.000  TEMP(K) =   302.56  PRESS =    83.6
 Etot   =    -37812.7506  EKtot   =      9769.8125  EPtot      =    -47582.5631
 BOND   =       381.9559  ANGLE   =      1061.2999  DIHED      =      1615.4330
 1-4 NB =       472.7280  1-4 EEL =      5794.5519  VDWAALS    =      5184.2511
 EELEC  =    -62097.2589  EHBOND  =         0.0000  RESTRAINT  =         4.4760
 EAMBER (non-restraint)  =    -47587.0392
 EKCMT  =      4088.5656  VIRIAL  =      3807.4577  VOLUME     =    155654.1764
                                                    Density    =         1.0318
 ------------------------------------------------------------------------------

wrapping first mol.:       19.57911       27.68905       47.95883
wrapping first mol.:       19.57911       27.68905       47.95883

 NSTEP =    18500   TIME(PS) =    5737.000  TEMP(K) =   300.26  PRESS =   148.5
 Etot   =    -37856.5348  EKtot   =      9695.6143  EPtot      =    -47552.1491
 BOND   =       396.5701  ANGLE   =      1003.5891  DIHED      =      1619.6753
 1-4 NB =       471.5842  1-4 EEL =      5734.1034  VDWAALS    =      5304.7057
 EELEC  =    -62087.0498  EHBOND  =         0.0000  RESTRAINT  =         4.6729
 EAMBER (non-restraint)  =    -47556.8220
 EKCMT  =      4158.9208  VIRIAL  =      3658.6059  VOLUME     =    155996.5672
                                                    Density    =         1.0295
 ------------------------------------------------------------------------------

wrapping first mol.:       19.58385       27.69575       47.97043
wrapping first mol.:       19.58385       27.69575       47.97043

 NSTEP =    19000   TIME(PS) =    5738.000  TEMP(K) =   301.83  PRESS =    89.4
 Etot   =    -37839.2754  EKtot   =      9746.2031  EPtot      =    -47585.4786
 BOND   =       394.4611  ANGLE   =      1003.1822  DIHED      =      1644.8988
 1-4 NB =       481.6531  1-4 EEL =      5751.9471  VDWAALS    =      5358.8072
 EELEC  =    -62224.5684  EHBOND  =         0.0000  RESTRAINT  =         4.1404
 EAMBER (non-restraint)  =    -47589.6190
 EKCMT  =      4075.6984  VIRIAL  =      3774.3596  VOLUME     =    156110.6285
                                                    Density    =         1.0288
 ------------------------------------------------------------------------------

wrapping first mol.:       19.58980       27.70416       47.98502
wrapping first mol.:       19.58980       27.70416       47.98502

 NSTEP =    19500   TIME(PS) =    5739.000  TEMP(K) =   298.63  PRESS =  -299.0
 Etot   =    -38027.0085  EKtot   =      9643.1650  EPtot      =    -47670.1736
 BOND   =       421.5645  ANGLE   =       982.5483  DIHED      =      1623.6643
 1-4 NB =       477.6200  1-4 EEL =      5765.4065  VDWAALS    =      5202.9061
 EELEC  =    -62149.0546  EHBOND  =         0.0000  RESTRAINT  =         5.1714
 EAMBER (non-restraint)  =    -47675.3450
 EKCMT  =      4060.2953  VIRIAL  =      5069.1983  VOLUME     =    156258.4440
                                                    Density    =         1.0278
 ------------------------------------------------------------------------------

wrapping first mol.:       19.58417       27.69619       47.97121
wrapping first mol.:       19.58417       27.69619       47.97121

 NSTEP =    20000   TIME(PS) =    5740.000  TEMP(K) =   298.72  PRESS =  -181.3
 Etot   =    -37832.1262  EKtot   =      9645.9307  EPtot      =    -47478.0569
 BOND   =       383.4527  ANGLE   =      1083.0472  DIHED      =      1655.6298
 1-4 NB =       474.0365  1-4 EEL =      5721.6589  VDWAALS    =      5283.2753
 EELEC  =    -62083.5973  EHBOND  =         0.0000  RESTRAINT  =         4.4399
 EAMBER (non-restraint)  =    -47482.4968
 EKCMT  =      4016.9939  VIRIAL  =      4627.9747  VOLUME     =    156121.9693
                                                    Density    =         1.0287
 ------------------------------------------------------------------------------

wrapping first mol.:       19.57486       27.68304       47.94842
wrapping first mol.:       19.57486       27.68304       47.94842

 NSTEP =    20500   TIME(PS) =    5741.000  TEMP(K) =   301.49  PRESS =  -118.0
 Etot   =    -37805.8537  EKtot   =      9735.3232  EPtot      =    -47541.1769
 BOND   =       414.0391  ANGLE   =       992.4601  DIHED      =      1626.5688
 1-4 NB =       474.3573  1-4 EEL =      5753.7092  VDWAALS    =      5168.1493
 EELEC  =    -61975.4931  EHBOND  =         0.0000  RESTRAINT  =         5.0323
 EAMBER (non-restraint)  =    -47546.2092
 EKCMT  =      4049.1050  VIRIAL  =      4446.4312  VOLUME     =    155898.7199
                                                    Density    =         1.0302
 ------------------------------------------------------------------------------

wrapping first mol.:       19.59301       27.70869       47.99286
wrapping first mol.:       19.59301       27.70869       47.99286

 NSTEP =    21000   TIME(PS) =    5742.000  TEMP(K) =   299.94  PRESS =  -183.4
 Etot   =    -37917.3685  EKtot   =      9685.2529  EPtot      =    -47602.6214
 BOND   =       384.4573  ANGLE   =      1066.2557  DIHED      =      1606.1727
 1-4 NB =       468.8537  1-4 EEL =      5790.7924  VDWAALS    =      5240.6613
 EELEC  =    -62164.7021  EHBOND  =         0.0000  RESTRAINT  =         4.8877
 EAMBER (non-restraint)  =    -47607.5091
 EKCMT  =      4095.0855  VIRIAL  =      4714.0400  VOLUME     =    156333.4780
                                                    Density    =         1.0273
 ------------------------------------------------------------------------------

wrapping first mol.:       19.59962       27.71804       48.00906
wrapping first mol.:       19.59962       27.71804       48.00906

 NSTEP =    21500   TIME(PS) =    5743.000  TEMP(K) =   297.97  PRESS =  -187.6
 Etot   =    -37915.4196  EKtot   =      9621.7754  EPtot      =    -47537.1950
 BOND   =       420.9733  ANGLE   =      1057.3276  DIHED      =      1628.0424
 1-4 NB =       471.6781  1-4 EEL =      5751.0742  VDWAALS    =      5263.3141
 EELEC  =    -62133.3530  EHBOND  =         0.0000  RESTRAINT  =         3.7483
 EAMBER (non-restraint)  =    -47540.9433
 EKCMT  =      4008.0217  VIRIAL  =      4641.7843  VOLUME     =    156491.8786
                                                    Density    =         1.0262
 ------------------------------------------------------------------------------

wrapping first mol.:       19.58132       27.69216       47.96423
wrapping first mol.:       19.58132       27.69216       47.96423

 NSTEP =    22000   TIME(PS) =    5744.000  TEMP(K) =   300.25  PRESS =  -194.2
 Etot   =    -37885.4954  EKtot   =      9695.2129  EPtot      =    -47580.7083
 BOND   =       409.0625  ANGLE   =      1008.0470  DIHED      =      1647.0147
 1-4 NB =       468.2463  1-4 EEL =      5742.8904  VDWAALS    =      5243.9313
 EELEC  =    -62103.2747  EHBOND  =         0.0000  RESTRAINT  =         3.3742
 EAMBER (non-restraint)  =    -47584.0825
 EKCMT  =      4016.0970  VIRIAL  =      4670.5001  VOLUME     =    156053.9874
                                                    Density    =         1.0291
 ------------------------------------------------------------------------------

wrapping first mol.:       19.57920       27.68916       47.95904
wrapping first mol.:       19.57920       27.68916       47.95904

 NSTEP =    22500   TIME(PS) =    5745.000  TEMP(K) =   298.75  PRESS =   -79.1
 Etot   =    -38093.9976  EKtot   =      9647.0264  EPtot      =    -47741.0240
 BOND   =       385.0225  ANGLE   =      1010.3502  DIHED      =      1629.6718
 1-4 NB =       460.5578  1-4 EEL =      5742.8162  VDWAALS    =      5147.3032
 EELEC  =    -62120.5318  EHBOND  =         0.0000  RESTRAINT  =         3.7860
 EAMBER (non-restraint)  =    -47744.8100
 EKCMT  =      4065.7090  VIRIAL  =      4332.1391  VOLUME     =    156001.7141
                                                    Density    =         1.0295
 ------------------------------------------------------------------------------

wrapping first mol.:       19.57222       27.67930       47.94196
wrapping first mol.:       19.57222       27.67930       47.94196

 NSTEP =    23000   TIME(PS) =    5746.000  TEMP(K) =   298.84  PRESS =   164.2
 Etot   =    -37944.4488  EKtot   =      9649.7969  EPtot      =    -47594.2457
 BOND   =       407.0649  ANGLE   =      1039.2776  DIHED      =      1636.2895
 1-4 NB =       468.0001  1-4 EEL =      5743.1080  VDWAALS    =      5260.4103
 EELEC  =    -62152.4923  EHBOND  =         0.0000  RESTRAINT  =         4.0963
 EAMBER (non-restraint)  =    -47598.3420
 EKCMT  =      4111.7552  VIRIAL  =      3559.3311  VOLUME     =    155831.7362
                                                    Density    =         1.0306
 ------------------------------------------------------------------------------

wrapping first mol.:       19.56201       27.66486       47.91694
wrapping first mol.:       19.56201       27.66486       47.91694

 NSTEP =    23500   TIME(PS) =    5747.000  TEMP(K) =   301.12  PRESS =    84.2
 Etot   =    -37772.7392  EKtot   =      9723.3975  EPtot      =    -47496.1367
 BOND   =       394.0550  ANGLE   =      1046.6383  DIHED      =      1637.6742
 1-4 NB =       460.8807  1-4 EEL =      5736.0038  VDWAALS    =      5263.8293
 EELEC  =    -62039.7462  EHBOND  =         0.0000  RESTRAINT  =         4.5282
 EAMBER (non-restraint)  =    -47500.6649
 EKCMT  =      4069.5174  VIRIAL  =      3786.7783  VOLUME     =    155589.0016
                                                    Density    =         1.0322
 ------------------------------------------------------------------------------

wrapping first mol.:       19.58153       27.69246       47.96474
wrapping first mol.:       19.58153       27.69246       47.96474

 NSTEP =    24000   TIME(PS) =    5748.000  TEMP(K) =   300.99  PRESS =  -162.3
 Etot   =    -37863.3125  EKtot   =      9719.2285  EPtot      =    -47582.5410
 BOND   =       386.1434  ANGLE   =      1038.4307  DIHED      =      1642.7984
 1-4 NB =       468.6487  1-4 EEL =      5698.5066  VDWAALS    =      5010.8090
 EELEC  =    -61832.4925  EHBOND  =         0.0000  RESTRAINT  =         4.6147
 EAMBER (non-restraint)  =    -47587.1557
 EKCMT  =      4097.5572  VIRIAL  =      4644.2827  VOLUME     =    156058.5914
                                                    Density    =         1.0291
 ------------------------------------------------------------------------------

wrapping first mol.:       19.57569       27.68420       47.95044
wrapping first mol.:       19.57569       27.68420       47.95044

 NSTEP =    24500   TIME(PS) =    5749.000  TEMP(K) =   300.58  PRESS =  -121.5
 Etot   =    -37889.1847  EKtot   =      9706.0977  EPtot      =    -47595.2823
 BOND   =       381.3926  ANGLE   =      1024.0676  DIHED      =      1614.3311
 1-4 NB =       474.0730  1-4 EEL =      5766.1508  VDWAALS    =      5133.3843
 EELEC  =    -61992.9890  EHBOND  =         0.0000  RESTRAINT  =         4.3073
 EAMBER (non-restraint)  =    -47599.5896
 EKCMT  =      4050.3505  VIRIAL  =      4459.4868  VOLUME     =    155918.4687
                                                    Density    =         1.0300
 ------------------------------------------------------------------------------

wrapping first mol.:       19.58586       27.69859       47.97536
wrapping first mol.:       19.58586       27.69859       47.97536

 NSTEP =    25000   TIME(PS) =    5750.000  TEMP(K) =   301.59  PRESS =    22.5
 Etot   =    -37838.4463  EKtot   =      9738.6299  EPtot      =    -47577.0761
 BOND   =       417.1737  ANGLE   =      1037.9598  DIHED      =      1636.4321
 1-4 NB =       470.6061  1-4 EEL =      5760.3757  VDWAALS    =      5287.8486
 EELEC  =    -62191.8438  EHBOND  =         0.0000  RESTRAINT  =         4.3716
 EAMBER (non-restraint)  =    -47581.4478
 EKCMT  =      4132.9869  VIRIAL  =      4057.1402  VOLUME     =    156159.7046
                                                    Density    =         1.0284
 ------------------------------------------------------------------------------

wrapping first mol.:       19.57891       27.68875       47.95832
wrapping first mol.:       19.57891       27.68875       47.95832

 NSTEP =    25500   TIME(PS) =    5751.000  TEMP(K) =   299.81  PRESS =  -141.1
 Etot   =    -37987.1613  EKtot   =      9681.0986  EPtot      =    -47668.2600
 BOND   =       410.7658  ANGLE   =      1019.6872  DIHED      =      1640.2917
 1-4 NB =       460.4733  1-4 EEL =      5717.9462  VDWAALS    =      5301.5202
 EELEC  =    -62223.6268  EHBOND  =         0.0000  RESTRAINT  =         4.6823
 EAMBER (non-restraint)  =    -47672.9423
 EKCMT  =      4112.2404  VIRIAL  =      4587.3223  VOLUME     =    155995.6289
                                                    Density    =         1.0295
 ------------------------------------------------------------------------------

wrapping first mol.:       19.55746       27.65842       47.90578
wrapping first mol.:       19.55746       27.65842       47.90578

 NSTEP =    26000   TIME(PS) =    5752.000  TEMP(K) =   298.38  PRESS =    -1.8
 Etot   =    -37834.4818  EKtot   =      9634.8037  EPtot      =    -47469.2855
 BOND   =       381.3756  ANGLE   =      1012.5900  DIHED      =      1630.4062
 1-4 NB =       467.7693  1-4 EEL =      5765.0485  VDWAALS    =      5209.3939
 EELEC  =    -61940.3593  EHBOND  =         0.0000  RESTRAINT  =         4.4903
 EAMBER (non-restraint)  =    -47473.7759
 EKCMT  =      4035.0385  VIRIAL  =      4041.0617  VOLUME     =    155481.5408
                                                    Density    =         1.0329
 ------------------------------------------------------------------------------

wrapping first mol.:       19.56828       27.67372       47.93229
wrapping first mol.:       19.56828       27.67372       47.93229

 NSTEP =    26500   TIME(PS) =    5753.000  TEMP(K) =   301.08  PRESS =  -163.6
 Etot   =    -37948.0642  EKtot   =      9722.1826  EPtot      =    -47670.2468
 BOND   =       391.8023  ANGLE   =      1006.4952  DIHED      =      1633.6896
 1-4 NB =       475.5752  1-4 EEL =      5816.0483  VDWAALS    =      5154.9948
 EELEC  =    -62154.0751  EHBOND  =         0.0000  RESTRAINT  =         5.2228
 EAMBER (non-restraint)  =    -47675.4696
 EKCMT  =      4068.6054  VIRIAL  =      4618.7366  VOLUME     =    155742.0780
                                                    Density    =         1.0312
 ------------------------------------------------------------------------------

wrapping first mol.:       19.54952       27.64720       47.88635
wrapping first mol.:       19.54952       27.64720       47.88635

 NSTEP =    27000   TIME(PS) =    5754.000  TEMP(K) =   298.34  PRESS =   254.1
 Etot   =    -38108.2999  EKtot   =      9633.7236  EPtot      =    -47742.0235
 BOND   =       389.3521  ANGLE   =       978.9692  DIHED      =      1643.0662
 1-4 NB =       468.2094  1-4 EEL =      5743.5942  VDWAALS    =      5318.3325
 EELEC  =    -62289.3471  EHBOND  =         0.0000  RESTRAINT  =         5.8001
 EAMBER (non-restraint)  =    -47747.8236
 EKCMT  =      4021.0455  VIRIAL  =      3169.1415  VOLUME     =    155288.8708
                                                    Density    =         1.0342
 ------------------------------------------------------------------------------

wrapping first mol.:       19.56295       27.66618       47.91923
wrapping first mol.:       19.56295       27.66618       47.91923

 NSTEP =    27500   TIME(PS) =    5755.000  TEMP(K) =   299.60  PRESS =  -355.9
 Etot   =    -37962.8960  EKtot   =      9674.4912  EPtot      =    -47637.3873
 BOND   =       420.7952  ANGLE   =      1024.7849  DIHED      =      1646.6747
 1-4 NB =       458.3837  1-4 EEL =      5728.8383  VDWAALS    =      5021.1437
 EELEC  =    -61943.5846  EHBOND  =         0.0000  RESTRAINT  =         5.5768
 EAMBER (non-restraint)  =    -47642.9641
 EKCMT  =      4072.6053  VIRIAL  =      5268.5245  VOLUME     =    155617.4818
                                                    Density    =         1.0320
 ------------------------------------------------------------------------------

wrapping first mol.:       19.56668       27.67146       47.92838
wrapping first mol.:       19.56668       27.67146       47.92838

 NSTEP =    28000   TIME(PS) =    5756.000  TEMP(K) =   297.05  PRESS =   -42.6
 Etot   =    -37995.6823  EKtot   =      9591.8701  EPtot      =    -47587.5524
 BOND   =       398.9918  ANGLE   =       989.3847  DIHED      =      1646.4572
 1-4 NB =       469.8877  1-4 EEL =      5791.8278  VDWAALS    =      5119.4507
 EELEC  =    -62009.0530  EHBOND  =         0.0000  RESTRAINT  =         5.5008
 EAMBER (non-restraint)  =    -47593.0532
 EKCMT  =      3997.4352  VIRIAL  =      4140.5189  VOLUME     =    155702.2108
                                                    Density    =         1.0315
 ------------------------------------------------------------------------------

wrapping first mol.:       19.57130       27.67800       47.93970
wrapping first mol.:       19.57130       27.67800       47.93970

 NSTEP =    28500   TIME(PS) =    5757.000  TEMP(K) =   297.54  PRESS =   -29.6
 Etot   =    -37947.2933  EKtot   =      9607.8838  EPtot      =    -47555.1771
 BOND   =       401.5003  ANGLE   =      1031.6641  DIHED      =      1620.2580
 1-4 NB =       471.0104  1-4 EEL =      5772.8018  VDWAALS    =      5261.8326
 EELEC  =    -62120.6954  EHBOND  =         0.0000  RESTRAINT  =         6.4509
 EAMBER (non-restraint)  =    -47561.6279
 EKCMT  =      4029.8099  VIRIAL  =      4129.4761  VOLUME     =    155812.3761
                                                    Density    =         1.0307
 ------------------------------------------------------------------------------

wrapping first mol.:       19.58058       27.69112       47.96243
wrapping first mol.:       19.58058       27.69112       47.96243

 NSTEP =    29000   TIME(PS) =    5758.000  TEMP(K) =   299.03  PRESS =    10.7
 Etot   =    -37810.4905  EKtot   =      9655.8105  EPtot      =    -47466.3010
 BOND   =       405.9304  ANGLE   =      1055.7427  DIHED      =      1657.9323
 1-4 NB =       469.4677  1-4 EEL =      5770.5584  VDWAALS    =      5231.4292
 EELEC  =    -62062.8463  EHBOND  =         0.0000  RESTRAINT  =         5.4845
 EAMBER (non-restraint)  =    -47471.7855
 EKCMT  =      4043.1366  VIRIAL  =      4007.0466  VOLUME     =    156033.5774
                                                    Density    =         1.0293
 ------------------------------------------------------------------------------

wrapping first mol.:       19.59334       27.70917       47.99368
wrapping first mol.:       19.59334       27.70917       47.99368

 NSTEP =    29500   TIME(PS) =    5759.000  TEMP(K) =   300.44  PRESS =    11.8
 Etot   =    -37713.2691  EKtot   =      9701.5996  EPtot      =    -47414.8687
 BOND   =       369.2979  ANGLE   =      1055.1815  DIHED      =      1622.6991
 1-4 NB =       472.1932  1-4 EEL =      5764.4141  VDWAALS    =      5185.8765
 EELEC  =    -61889.7476  EHBOND  =         0.0000  RESTRAINT  =         5.2166
 EAMBER (non-restraint)  =    -47420.0853
 EKCMT  =      4042.1723  VIRIAL  =      4002.3673  VOLUME     =    156338.8192
                                                    Density    =         1.0273
 ------------------------------------------------------------------------------

wrapping first mol.:       19.56528       27.66948       47.92495
wrapping first mol.:       19.56528       27.66948       47.92495

 NSTEP =    30000   TIME(PS) =    5760.000  TEMP(K) =   302.54  PRESS =  -323.2
 Etot   =    -37772.0795  EKtot   =      9769.1484  EPtot      =    -47541.2280
 BOND   =       412.3796  ANGLE   =       977.4378  DIHED      =      1627.1453
 1-4 NB =       471.2010  1-4 EEL =      5782.8235  VDWAALS    =      5036.6221
 EELEC  =    -61854.2599  EHBOND  =         0.0000  RESTRAINT  =         5.4226
 EAMBER (non-restraint)  =    -47546.6505
 EKCMT  =      4046.1121  VIRIAL  =      5132.4470  VOLUME     =    155672.7097
                                                    Density    =         1.0316
 ------------------------------------------------------------------------------

wrapping first mol.:       19.56866       27.67426       47.93322
wrapping first mol.:       19.56866       27.67426       47.93322

 NSTEP =    30500   TIME(PS) =    5761.000  TEMP(K) =   298.96  PRESS =   100.7
 Etot   =    -37948.7548  EKtot   =      9653.7734  EPtot      =    -47602.5282
 BOND   =       404.0344  ANGLE   =      1003.6065  DIHED      =      1655.6672
 1-4 NB =       472.8848  1-4 EEL =      5746.4094  VDWAALS    =      5168.4914
 EELEC  =    -62058.5917  EHBOND  =         0.0000  RESTRAINT  =         4.9698
 EAMBER (non-restraint)  =    -47607.4980
 EKCMT  =      4023.2551  VIRIAL  =      3684.6027  VOLUME     =    155747.4551
                                                    Density    =         1.0312
 ------------------------------------------------------------------------------

wrapping first mol.:       19.58502       27.69741       47.97331
wrapping first mol.:       19.58502       27.69741       47.97331

 NSTEP =    31000   TIME(PS) =    5762.000  TEMP(K) =   301.47  PRESS =   254.0
 Etot   =    -37952.8183  EKtot   =      9734.6895  EPtot      =    -47687.5078
 BOND   =       414.1366  ANGLE   =       993.3277  DIHED      =      1633.1034
 1-4 NB =       468.2147  1-4 EEL =      5751.1820  VDWAALS    =      5221.4752
 EELEC  =    -62174.3997  EHBOND  =         0.0000  RESTRAINT  =         5.4522
 EAMBER (non-restraint)  =    -47692.9600
 EKCMT  =      4128.6004  VIRIAL  =      3272.4443  VOLUME     =    156136.4274
                                                    Density    =         1.0286
 ------------------------------------------------------------------------------

wrapping first mol.:       19.59843       27.71637       48.00616
wrapping first mol.:       19.59843       27.71637       48.00616

 NSTEP =    31500   TIME(PS) =    5763.000  TEMP(K) =   301.06  PRESS =  -111.9
 Etot   =    -37915.6987  EKtot   =      9721.4131  EPtot      =    -47637.1118
 BOND   =       384.7545  ANGLE   =      1010.4124  DIHED      =      1608.7392
 1-4 NB =       468.9522  1-4 EEL =      5774.1757  VDWAALS    =      5274.5715
 EELEC  =    -62164.0098  EHBOND  =         0.0000  RESTRAINT  =         5.2924
 EAMBER (non-restraint)  =    -47642.4042
 EKCMT  =      4068.4551  VIRIAL  =      4446.4254  VOLUME     =    156462.4592
                                                    Density    =         1.0264
 ------------------------------------------------------------------------------

wrapping first mol.:       19.59271       27.70828       47.99215
wrapping first mol.:       19.59271       27.70828       47.99215

 NSTEP =    32000   TIME(PS) =    5764.000  TEMP(K) =   298.79  PRESS =   -33.4
 Etot   =    -37840.9852  EKtot   =      9648.3486  EPtot      =    -47489.3339
 BOND   =       398.7447  ANGLE   =      1052.2217  DIHED      =      1628.2757
 1-4 NB =       474.0237  1-4 EEL =      5788.2943  VDWAALS    =      5234.0769
 EELEC  =    -62069.3571  EHBOND  =         0.0000  RESTRAINT  =         4.3861
 EAMBER (non-restraint)  =    -47493.7200
 EKCMT  =      4016.7293  VIRIAL  =      4129.4967  VOLUME     =    156324.4296
                                                    Density    =         1.0273
 ------------------------------------------------------------------------------

wrapping first mol.:       19.58307       27.69464       47.96851
wrapping first mol.:       19.58307       27.69464       47.96851

 NSTEP =    32500   TIME(PS) =    5765.000  TEMP(K) =   298.85  PRESS =    76.9
 Etot   =    -37833.0037  EKtot   =      9649.9746  EPtot      =    -47482.9783
 BOND   =       379.6766  ANGLE   =      1070.9243  DIHED      =      1613.6888
 1-4 NB =       463.4194  1-4 EEL =      5768.0215  VDWAALS    =      5266.5621
 EELEC  =    -62049.2265  EHBOND  =         0.0000  RESTRAINT  =         3.9555
 EAMBER (non-restraint)  =    -47486.9338
 EKCMT  =      4011.7403  VIRIAL  =      3752.6338  VOLUME     =    156092.0634
                                                    Density    =         1.0289
 ------------------------------------------------------------------------------

wrapping first mol.:       19.58226       27.69350       47.96654
wrapping first mol.:       19.58226       27.69350       47.96654

 NSTEP =    33000   TIME(PS) =    5766.000  TEMP(K) =   301.49  PRESS =   -85.5
 Etot   =    -37738.0949  EKtot   =      9735.3584  EPtot      =    -47473.4533
 BOND   =       384.6666  ANGLE   =      1031.2918  DIHED      =      1619.7111
 1-4 NB =       476.1403  1-4 EEL =      5777.8338  VDWAALS    =      5116.4167
 EELEC  =    -61883.2673  EHBOND  =         0.0000  RESTRAINT  =         3.7537
 EAMBER (non-restraint)  =    -47477.2070
 EKCMT  =      4042.7858  VIRIAL  =      4330.9298  VOLUME     =    156075.0366
                                                    Density    =         1.0290
 ------------------------------------------------------------------------------

wrapping first mol.:       19.58662       27.69966       47.97721
wrapping first mol.:       19.58662       27.69966       47.97721

 NSTEP =    33500   TIME(PS) =    5767.000  TEMP(K) =   300.15  PRESS =   155.6
 Etot   =    -37899.6583  EKtot   =      9692.0059  EPtot      =    -47591.6641
 BOND   =       418.0697  ANGLE   =       975.3048  DIHED      =      1629.8554
 1-4 NB =       467.9644  1-4 EEL =      5783.9931  VDWAALS    =      5302.8867
 EELEC  =    -62173.2666  EHBOND  =         0.0000  RESTRAINT  =         3.5283
 EAMBER (non-restraint)  =    -47595.1924
 EKCMT  =      4092.0106  VIRIAL  =      3567.4383  VOLUME     =    156175.8713
                                                    Density    =         1.0283
 ------------------------------------------------------------------------------

wrapping first mol.:       19.57855       27.68826       47.95746
wrapping first mol.:       19.57855       27.68826       47.95746

 NSTEP =    34000   TIME(PS) =    5768.000  TEMP(K) =   299.66  PRESS =   -24.5
 Etot   =    -37804.2762  EKtot   =      9676.2490  EPtot      =    -47480.5252
 BOND   =       427.2765  ANGLE   =      1009.5475  DIHED      =      1625.5212
 1-4 NB =       470.8575  1-4 EEL =      5792.6377  VDWAALS    =      5173.5679
 EELEC  =    -61983.6874  EHBOND  =         0.0000  RESTRAINT  =         3.7538
 EAMBER (non-restraint)  =    -47484.2791
 EKCMT  =      3993.5946  VIRIAL  =      4076.2654  VOLUME     =    155985.5982
                                                    Density    =         1.0296
 ------------------------------------------------------------------------------

wrapping first mol.:       19.57904       27.68894       47.95864
wrapping first mol.:       19.57904       27.68894       47.95864

 NSTEP =    34500   TIME(PS) =    5769.000  TEMP(K) =   299.17  PRESS =   -51.0
 Etot   =    -37962.6307  EKtot   =      9660.6084  EPtot      =    -47623.2391
 BOND   =       396.6926  ANGLE   =       999.2317  DIHED      =      1615.0608
 1-4 NB =       477.1699  1-4 EEL =      5775.1354  VDWAALS    =      5150.6460
 EELEC  =    -62041.0757  EHBOND  =         0.0000  RESTRAINT  =         3.9002
 EAMBER (non-restraint)  =    -47627.1393
 EKCMT  =      4028.4229  VIRIAL  =      4200.3020  VOLUME     =    155997.4848
                                                    Density    =         1.0295
 ------------------------------------------------------------------------------

wrapping first mol.:       19.57638       27.68518       47.95213
wrapping first mol.:       19.57638       27.68518       47.95213

 NSTEP =    35000   TIME(PS) =    5770.000  TEMP(K) =   298.15  PRESS =    96.4
 Etot   =    -37786.7458  EKtot   =      9627.5732  EPtot      =    -47414.3190
 BOND   =       393.5729  ANGLE   =      1044.3676  DIHED      =      1622.5183
 1-4 NB =       470.4516  1-4 EEL =      5759.5326  VDWAALS    =      5119.9177
 EELEC  =    -61828.5071  EHBOND  =         0.0000  RESTRAINT  =         3.8273
 EAMBER (non-restraint)  =    -47418.1463
 EKCMT  =      4004.9815  VIRIAL  =      3680.4316  VOLUME     =    155931.9081
                                                    Density    =         1.0299
 ------------------------------------------------------------------------------

wrapping first mol.:       19.56850       27.67403       47.93282
wrapping first mol.:       19.56850       27.67403       47.93282

 NSTEP =    35500   TIME(PS) =    5771.000  TEMP(K) =   301.08  PRESS =   150.5
 Etot   =    -37970.9393  EKtot   =      9722.1035  EPtot      =    -47693.0428
 BOND   =       412.4319  ANGLE   =      1038.7266  DIHED      =      1604.2084
 1-4 NB =       465.9591  1-4 EEL =      5773.8678  VDWAALS    =      5291.7388
 EELEC  =    -62284.0478  EHBOND  =         0.0000  RESTRAINT  =         4.0722
 EAMBER (non-restraint)  =    -47697.1151
 EKCMT  =      4042.9285  VIRIAL  =      3536.7559  VOLUME     =    155742.8937
                                                    Density    =         1.0312
 ------------------------------------------------------------------------------

wrapping first mol.:       19.56730       27.67234       47.92989
wrapping first mol.:       19.56730       27.67234       47.92989

 NSTEP =    36000   TIME(PS) =    5772.000  TEMP(K) =   297.60  PRESS =   -16.7
 Etot   =    -37961.3313  EKtot   =      9609.7178  EPtot      =    -47571.0491
 BOND   =       364.3600  ANGLE   =       992.7372  DIHED      =      1640.7374
 1-4 NB =       487.3184  1-4 EEL =      5764.7497  VDWAALS    =      5240.4399
 EELEC  =    -62065.3775  EHBOND  =         0.0000  RESTRAINT  =         3.9859
 EAMBER (non-restraint)  =    -47575.0350
 EKCMT  =      4012.7700  VIRIAL  =      4069.0743  VOLUME     =    155716.6149
                                                    Density    =         1.0314
 ------------------------------------------------------------------------------

wrapping first mol.:       19.55527       27.65533       47.90043
wrapping first mol.:       19.55527       27.65533       47.90043

 NSTEP =    36500   TIME(PS) =    5773.000  TEMP(K) =   296.53  PRESS =    97.4
 Etot   =    -38153.2542  EKtot   =      9575.0996  EPtot      =    -47728.3538
 BOND   =       436.1445  ANGLE   =      1009.0922  DIHED      =      1624.9333
 1-4 NB =       462.2328  1-4 EEL =      5718.5792  VDWAALS    =      5199.7890
 EELEC  =    -62183.2898  EHBOND  =         0.0000  RESTRAINT  =         4.1649
 EAMBER (non-restraint)  =    -47732.5187
 EKCMT  =      3978.0456  VIRIAL  =      3651.0542  VOLUME     =    155428.0702
                                                    Density    =         1.0333
 ------------------------------------------------------------------------------

wrapping first mol.:       19.56507       27.66919       47.92444
wrapping first mol.:       19.56507       27.66919       47.92444

 NSTEP =    37000   TIME(PS) =    5774.000  TEMP(K) =   294.30  PRESS =  -124.0
 Etot   =    -38090.9114  EKtot   =      9503.2305  EPtot      =    -47594.1418
 BOND   =       390.9889  ANGLE   =      1067.9676  DIHED      =      1639.3011
 1-4 NB =       476.6610  1-4 EEL =      5791.8794  VDWAALS    =      5173.8146
 EELEC  =    -62139.3147  EHBOND  =         0.0000  RESTRAINT  =         4.5603
 EAMBER (non-restraint)  =    -47598.7021
 EKCMT  =      3999.2758  VIRIAL  =      4415.9669  VOLUME     =    155664.9636
                                                    Density    =         1.0317
 ------------------------------------------------------------------------------

wrapping first mol.:       19.60194       27.72133       48.01475
wrapping first mol.:       19.60194       27.72133       48.01475

 NSTEP =    37500   TIME(PS) =    5775.000  TEMP(K) =   301.59  PRESS =   -84.1
 Etot   =    -37794.2033  EKtot   =      9738.5693  EPtot      =    -47532.7727
 BOND   =       398.6962  ANGLE   =      1031.7601  DIHED      =      1632.5078
 1-4 NB =       474.0158  1-4 EEL =      5760.6528  VDWAALS    =      5157.6676
 EELEC  =    -61992.7184  EHBOND  =         0.0000  RESTRAINT  =         4.6454
 EAMBER (non-restraint)  =    -47537.4181
 EKCMT  =      4082.4496  VIRIAL  =      4366.7570  VOLUME     =    156546.0798
                                                    Density    =         1.0259
 ------------------------------------------------------------------------------

wrapping first mol.:       19.59294       27.70860       47.99270
wrapping first mol.:       19.59294       27.70860       47.99270

 NSTEP =    38000   TIME(PS) =    5776.000  TEMP(K) =   301.55  PRESS =   264.5
 Etot   =    -37704.7156  EKtot   =      9737.1855  EPtot      =    -47441.9011
 BOND   =       415.3455  ANGLE   =      1037.8820  DIHED      =      1636.2279
 1-4 NB =       457.0212  1-4 EEL =      5761.5952  VDWAALS    =      5223.2505
 EELEC  =    -61978.9293  EHBOND  =         0.0000  RESTRAINT  =         5.7058
 EAMBER (non-restraint)  =    -47447.6069
 EKCMT  =      4115.1764  VIRIAL  =      3222.4298  VOLUME     =    156325.6278
                                                    Density    =         1.0273
 ------------------------------------------------------------------------------

wrapping first mol.:       19.58544       27.69800       47.97434
wrapping first mol.:       19.58544       27.69800       47.97434

 NSTEP =    38500   TIME(PS) =    5777.000  TEMP(K) =   298.65  PRESS =     2.1
 Etot   =    -38044.5828  EKtot   =      9643.6719  EPtot      =    -47688.2547
 BOND   =       436.1984  ANGLE   =      1007.8288  DIHED      =      1636.6996
 1-4 NB =       459.4044  1-4 EEL =      5737.8798  VDWAALS    =      5256.8149
 EELEC  =    -62228.2675  EHBOND  =         0.0000  RESTRAINT  =         5.1869
 EAMBER (non-restraint)  =    -47693.4415
 EKCMT  =      4011.3788  VIRIAL  =      4004.1405  VOLUME     =    156149.9822
                                                    Density    =         1.0285
 ------------------------------------------------------------------------------

wrapping first mol.:       19.57498       27.68320       47.94871
wrapping first mol.:       19.57498       27.68320       47.94871

 NSTEP =    39000   TIME(PS) =    5778.000  TEMP(K) =   295.78  PRESS =    77.1
 Etot   =    -37973.8748  EKtot   =      9551.0234  EPtot      =    -47524.8982
 BOND   =       402.6825  ANGLE   =      1032.7706  DIHED      =      1644.6295
 1-4 NB =       467.8179  1-4 EEL =      5738.8588  VDWAALS    =      5222.2669
 EELEC  =    -62039.7550  EHBOND  =         0.0000  RESTRAINT  =         5.8305
 EAMBER (non-restraint)  =    -47530.7288
 EKCMT  =      4029.9134  VIRIAL  =      3770.3552  VOLUME     =    155898.8083
                                                    Density    =         1.0302
 ------------------------------------------------------------------------------

wrapping first mol.:       19.55662       27.65724       47.90374
wrapping first mol.:       19.55662       27.65724       47.90374

 NSTEP =    39500   TIME(PS) =    5779.000  TEMP(K) =   294.74  PRESS =  -189.5
 Etot   =    -38186.5744  EKtot   =      9517.2627  EPtot      =    -47703.8371
 BOND   =       414.5302  ANGLE   =      1029.2620  DIHED      =      1622.9541
 1-4 NB =       472.3970  1-4 EEL =      5791.7150  VDWAALS    =      5153.3693
 EELEC  =    -62193.3226  EHBOND  =         0.0000  RESTRAINT  =         5.2580
 EAMBER (non-restraint)  =    -47709.0951
 EKCMT  =      4016.2569  VIRIAL  =      4652.4499  VOLUME     =    155464.2879
                                                    Density    =         1.0330
 ------------------------------------------------------------------------------

wrapping first mol.:       19.56912       27.67492       47.93436
wrapping first mol.:       19.56912       27.67492       47.93436

 NSTEP =    40000   TIME(PS) =    5780.000  TEMP(K) =   298.34  PRESS =  -114.7
 Etot   =    -37908.4533  EKtot   =      9633.8145  EPtot      =    -47542.2678
 BOND   =       435.3072  ANGLE   =      1008.6962  DIHED      =      1655.5692
 1-4 NB =       468.6582  1-4 EEL =      5769.5699  VDWAALS    =      5121.9989
 EELEC  =    -62007.7565  EHBOND  =         0.0000  RESTRAINT  =         5.6892
 EAMBER (non-restraint)  =    -47547.9569
 EKCMT  =      3978.5172  VIRIAL  =      4364.4009  VOLUME     =    155761.5199
                                                    Density    =         1.0311
 ------------------------------------------------------------------------------

wrapping first mol.:       19.59186       27.70707       47.99005
wrapping first mol.:       19.59186       27.70707       47.99005

 NSTEP =    40500   TIME(PS) =    5781.000  TEMP(K) =   300.39  PRESS =   303.4
 Etot   =    -37779.4492  EKtot   =      9699.8057  EPtot      =    -47479.2548
 BOND   =       389.6865  ANGLE   =      1009.8953  DIHED      =      1613.9621
 1-4 NB =       473.2813  1-4 EEL =      5757.6145  VDWAALS    =      5287.3017
 EELEC  =    -62015.4739  EHBOND  =         0.0000  RESTRAINT  =         4.4775
 EAMBER (non-restraint)  =    -47483.7324
 EKCMT  =      4053.7137  VIRIAL  =      3029.8732  VOLUME     =    156299.2309
                                                    Density    =         1.0275
 ------------------------------------------------------------------------------

wrapping first mol.:       19.58819       27.70188       47.98106
wrapping first mol.:       19.58819       27.70188       47.98106

 NSTEP =    41000   TIME(PS) =    5782.000  TEMP(K) =   298.44  PRESS =   -37.7
 Etot   =    -38020.1457  EKtot   =      9636.7930  EPtot      =    -47656.9387
 BOND   =       397.4509  ANGLE   =      1034.5283  DIHED      =      1610.4249
 1-4 NB =       461.4604  1-4 EEL =      5727.0682  VDWAALS    =      5289.5109
 EELEC  =    -62182.4540  EHBOND  =         0.0000  RESTRAINT  =         5.0717
 EAMBER (non-restraint)  =    -47662.0104
 EKCMT  =      3923.7908  VIRIAL  =      4050.8383  VOLUME     =    156216.1181
                                                    Density    =         1.0281
 ------------------------------------------------------------------------------

wrapping first mol.:       19.57259       27.67982       47.94285
wrapping first mol.:       19.57259       27.67982       47.94285

 NSTEP =    41500   TIME(PS) =    5783.000  TEMP(K) =   300.41  PRESS =  -292.3
 Etot   =    -37903.0748  EKtot   =      9700.4727  EPtot      =    -47603.5474
 BOND   =       397.6963  ANGLE   =      1061.0084  DIHED      =      1619.8603
 1-4 NB =       465.5224  1-4 EEL =      5749.5351  VDWAALS    =      5009.6777
 EELEC  =    -61911.7806  EHBOND  =         0.0000  RESTRAINT  =         4.9328
 EAMBER (non-restraint)  =    -47608.4803
 EKCMT  =      4081.9880  VIRIAL  =      5065.5711  VOLUME     =    155846.7621
                                                    Density    =         1.0305
 ------------------------------------------------------------------------------

wrapping first mol.:       19.56902       27.67478       47.93412
wrapping first mol.:       19.56902       27.67478       47.93412

 NSTEP =    42000   TIME(PS) =    5784.000  TEMP(K) =   299.22  PRESS =  -190.1
 Etot   =    -37858.5705  EKtot   =      9662.0186  EPtot      =    -47520.5891
 BOND   =       428.1594  ANGLE   =      1033.1850  DIHED      =      1648.3373
 1-4 NB =       477.0812  1-4 EEL =      5763.8018  VDWAALS    =      5085.5487
 EELEC  =    -61961.1840  EHBOND  =         0.0000  RESTRAINT  =         4.4816
 EAMBER (non-restraint)  =    -47525.0707
 EKCMT  =      4032.5884  VIRIAL  =      4671.8047  VOLUME     =    155760.2338
                                                    Density    =         1.0311
 ------------------------------------------------------------------------------

wrapping first mol.:       19.58382       27.69570       47.97036
wrapping first mol.:       19.58382       27.69570       47.97036

 NSTEP =    42500   TIME(PS) =    5785.000  TEMP(K) =   302.62  PRESS =    58.5
 Etot   =    -37803.3758  EKtot   =      9771.7891  EPtot      =    -47575.1649
 BOND   =       419.0966  ANGLE   =       989.5524  DIHED      =      1620.7901
 1-4 NB =       472.7105  1-4 EEL =      5733.8977  VDWAALS    =      5223.1407
 EELEC  =    -62039.2546  EHBOND  =         0.0000  RESTRAINT  =         4.9018
 EAMBER (non-restraint)  =    -47580.0667
 EKCMT  =      4161.8479  VIRIAL  =      3964.6383  VOLUME     =    156110.3468
                                                    Density    =         1.0288
 ------------------------------------------------------------------------------

wrapping first mol.:       19.58065       27.69122       47.96259
wrapping first mol.:       19.58065       27.69122       47.96259

 NSTEP =    43000   TIME(PS) =    5786.000  TEMP(K) =   300.84  PRESS =   100.0
 Etot   =    -37632.5769  EKtot   =      9714.3154  EPtot      =    -47346.8923
 BOND   =       383.5389  ANGLE   =      1032.9685  DIHED      =      1642.7817
 1-4 NB =       480.0131  1-4 EEL =      5809.0252  VDWAALS    =      5089.9433
 EELEC  =    -61790.1926  EHBOND  =         0.0000  RESTRAINT  =         5.0297
 EAMBER (non-restraint)  =    -47351.9220
 EKCMT  =      3993.3908  VIRIAL  =      3656.4594  VOLUME     =    156033.9527
                                                    Density    =         1.0293
 ------------------------------------------------------------------------------

wrapping first mol.:       19.58654       27.69955       47.97703
wrapping first mol.:       19.58654       27.69955       47.97703

 NSTEP =    43500   TIME(PS) =    5787.000  TEMP(K) =   298.50  PRESS =  -197.0
 Etot   =    -37935.8992  EKtot   =      9638.7246  EPtot      =    -47574.6238
 BOND   =       378.7554  ANGLE   =      1016.0831  DIHED      =      1630.0786
 1-4 NB =       479.4999  1-4 EEL =      5731.3937  VDWAALS    =      5007.7422
 EELEC  =    -61823.1975  EHBOND  =         0.0000  RESTRAINT  =         5.0209
 EAMBER (non-restraint)  =    -47579.6447
 EKCMT  =      4023.7029  VIRIAL  =      4687.8986  VOLUME     =    156178.9789
                                                    Density    =         1.0283
 ------------------------------------------------------------------------------

wrapping first mol.:       19.57332       27.68085       47.94464
wrapping first mol.:       19.57332       27.68085       47.94464

 NSTEP =    44000   TIME(PS) =    5788.000  TEMP(K) =   300.86  PRESS =    96.6
 Etot   =    -37916.0488  EKtot   =      9715.0049  EPtot      =    -47631.0537
 BOND   =       405.7740  ANGLE   =       980.3507  DIHED      =      1633.4073
 1-4 NB =       471.1532  1-4 EEL =      5772.0763  VDWAALS    =      5257.1611
 EELEC  =    -62156.6520  EHBOND  =         0.0000  RESTRAINT  =         5.6759
 EAMBER (non-restraint)  =    -47636.7295
 EKCMT  =      4079.9993  VIRIAL  =      3754.7803  VOLUME     =    155858.7990
                                                    Density    =         1.0304
 ------------------------------------------------------------------------------

wrapping first mol.:       19.58534       27.69785       47.97408
wrapping first mol.:       19.58534       27.69785       47.97408

 NSTEP =    44500   TIME(PS) =    5789.000  TEMP(K) =   302.31  PRESS =   112.0
 Etot   =    -37729.7469  EKtot   =      9761.7207  EPtot      =    -47491.4676
 BOND   =       416.9476  ANGLE   =      1043.2707  DIHED      =      1641.9041
 1-4 NB =       461.7796  1-4 EEL =      5758.8812  VDWAALS    =      5113.1719
 EELEC  =    -61932.4263  EHBOND  =         0.0000  RESTRAINT  =         5.0037
 EAMBER (non-restraint)  =    -47496.4713
 EKCMT  =      4041.2286  VIRIAL  =      3663.4923  VOLUME     =    156145.9185
                                                    Density    =         1.0285
 ------------------------------------------------------------------------------

wrapping first mol.:       19.59291       27.70855       47.99262
wrapping first mol.:       19.59291       27.70855       47.99262

 NSTEP =    45000   TIME(PS) =    5790.000  TEMP(K) =   300.95  PRESS =  -311.1
 Etot   =    -37831.7560  EKtot   =      9718.0420  EPtot      =    -47549.7980
 BOND   =       415.6564  ANGLE   =      1031.7043  DIHED      =      1630.6700
 1-4 NB =       480.5178  1-4 EEL =      5778.9290  VDWAALS    =      5181.0202
 EELEC  =    -62073.4674  EHBOND  =         0.0000  RESTRAINT  =         5.1717
 EAMBER (non-restraint)  =    -47554.9697
 EKCMT  =      4076.4357  VIRIAL  =      5126.6295  VOLUME     =    156332.9061
                                                    Density    =         1.0273
 ------------------------------------------------------------------------------

wrapping first mol.:       19.59446       27.71076       47.99643
wrapping first mol.:       19.59446       27.71076       47.99643

 NSTEP =    45500   TIME(PS) =    5791.000  TEMP(K) =   300.97  PRESS =   117.8
 Etot   =    -37930.7716  EKtot   =      9718.4971  EPtot      =    -47649.2687
 BOND   =       397.1079  ANGLE   =       997.0129  DIHED      =      1642.1564
 1-4 NB =       474.9687  1-4 EEL =      5790.0243  VDWAALS    =      5263.1639
 EELEC  =    -62218.5571  EHBOND  =         0.0000  RESTRAINT  =         4.8543
 EAMBER (non-restraint)  =    -47654.1230
 EKCMT  =      4101.9745  VIRIAL  =      3704.1560  VOLUME     =    156364.2129
                                                    Density    =         1.0271
 ------------------------------------------------------------------------------

wrapping first mol.:       19.60619       27.72734       48.02515
wrapping first mol.:       19.60619       27.72734       48.02515

 NSTEP =    46000   TIME(PS) =    5792.000  TEMP(K) =   295.93  PRESS =   265.7
 Etot   =    -37879.1785  EKtot   =      9555.7002  EPtot      =    -47434.8787
 BOND   =       402.4739  ANGLE   =      1027.5558  DIHED      =      1643.2023
 1-4 NB =       483.4007  1-4 EEL =      5762.9396  VDWAALS    =      5346.4981
 EELEC  =    -62105.4345  EHBOND  =         0.0000  RESTRAINT  =         4.4854
 EAMBER (non-restraint)  =    -47439.3641
 EKCMT  =      4009.9161  VIRIAL  =      3111.4423  VOLUME     =    156643.0037
                                                    Density    =         1.0253
 ------------------------------------------------------------------------------

wrapping first mol.:       19.59103       27.70590       47.98802
wrapping first mol.:       19.59103       27.70590       47.98802

 NSTEP =    46500   TIME(PS) =    5793.000  TEMP(K) =   296.75  PRESS =  -258.5
 Etot   =    -37831.5565  EKtot   =      9582.2588  EPtot      =    -47413.8153
 BOND   =       425.2201  ANGLE   =      1028.2467  DIHED      =      1643.3952
 1-4 NB =       481.5178  1-4 EEL =      5735.3786  VDWAALS    =      5041.3722
 EELEC  =    -61773.7187  EHBOND  =         0.0000  RESTRAINT  =         4.7728
 EAMBER (non-restraint)  =    -47418.5881
 EKCMT  =      4065.6649  VIRIAL  =      4937.8119  VOLUME     =    156287.2707
                                                    Density    =         1.0276
 ------------------------------------------------------------------------------

wrapping first mol.:       19.59067       27.70539       47.98715
wrapping first mol.:       19.59067       27.70539       47.98715

 NSTEP =    47000   TIME(PS) =    5794.000  TEMP(K) =   301.68  PRESS =  -122.1
 Etot   =    -37916.7664  EKtot   =      9741.4863  EPtot      =    -47658.2527
 BOND   =       384.5533  ANGLE   =      1031.8637  DIHED      =      1620.8724
 1-4 NB =       468.9727  1-4 EEL =      5719.4756  VDWAALS    =      5268.3725
 EELEC  =    -62156.6553  EHBOND  =         0.0000  RESTRAINT  =         4.2925
 EAMBER (non-restraint)  =    -47662.5452
 EKCMT  =      4100.2282  VIRIAL  =      4512.1991  VOLUME     =    156276.7965
                                                    Density    =         1.0277
 ------------------------------------------------------------------------------

wrapping first mol.:       19.58798       27.70158       47.98054
wrapping first mol.:       19.58798       27.70158       47.98054

 NSTEP =    47500   TIME(PS) =    5795.000  TEMP(K) =   296.50  PRESS =  -286.6
 Etot   =    -38016.6647  EKtot   =      9574.1367  EPtot      =    -47590.8014
 BOND   =       428.8205  ANGLE   =      1041.6128  DIHED      =      1614.3002
 1-4 NB =       461.0566  1-4 EEL =      5776.0681  VDWAALS    =      5241.0822
 EELEC  =    -62157.9939  EHBOND  =         0.0000  RESTRAINT  =         4.2522
 EAMBER (non-restraint)  =    -47595.0536
 EKCMT  =      4060.9524  VIRIAL  =      5027.7276  VOLUME     =    156214.5620
                                                    Density    =         1.0281
 ------------------------------------------------------------------------------

wrapping first mol.:       19.57980       27.69002       47.96052
wrapping first mol.:       19.57980       27.69002       47.96052

 NSTEP =    48000   TIME(PS) =    5796.000  TEMP(K) =   300.15  PRESS =   -39.7
 Etot   =    -37770.0838  EKtot   =      9692.1445  EPtot      =    -47462.2284
 BOND   =       408.4540  ANGLE   =      1036.3165  DIHED      =      1627.7721
 1-4 NB =       471.8665  1-4 EEL =      5717.2922  VDWAALS    =      5138.1425
 EELEC  =    -61866.1712  EHBOND  =         0.0000  RESTRAINT  =         4.0991
 EAMBER (non-restraint)  =    -47466.3275
 EKCMT  =      4055.3324  VIRIAL  =      4188.9881  VOLUME     =    156015.6167
                                                    Density    =         1.0294
 ------------------------------------------------------------------------------

wrapping first mol.:       19.57647       27.68530       47.95235
wrapping first mol.:       19.57647       27.68530       47.95235

 NSTEP =    48500   TIME(PS) =    5797.000  TEMP(K) =   302.87  PRESS =   -63.9
 Etot   =    -37796.3489  EKtot   =      9779.9199  EPtot      =    -47576.2688
 BOND   =       413.9731  ANGLE   =      1019.9559  DIHED      =      1624.6500
 1-4 NB =       480.0859  1-4 EEL =      5757.1834  VDWAALS    =      5185.7453
 EELEC  =    -62062.5258  EHBOND  =         0.0000  RESTRAINT  =         4.6633
 EAMBER (non-restraint)  =    -47580.9321
 EKCMT  =      4117.8606  VIRIAL  =      4332.9516  VOLUME     =    155936.2411
                                                    Density    =         1.0299
 ------------------------------------------------------------------------------

wrapping first mol.:       19.56749       27.67261       47.93036
wrapping first mol.:       19.56749       27.67261       47.93036

 NSTEP =    49000   TIME(PS) =    5798.000  TEMP(K) =   298.30  PRESS =  -159.8
 Etot   =    -38012.7820  EKtot   =      9632.4297  EPtot      =    -47645.2117
 BOND   =       406.6576  ANGLE   =      1003.0463  DIHED      =      1618.5289
 1-4 NB =       485.1890  1-4 EEL =      5742.1227  VDWAALS    =      5127.0808
 EELEC  =    -62032.5069  EHBOND  =         0.0000  RESTRAINT  =         4.6700
 EAMBER (non-restraint)  =    -47649.8817
 EKCMT  =      4047.8694  VIRIAL  =      4585.1424  VOLUME     =    155723.2072
                                                    Density    =         1.0313
 ------------------------------------------------------------------------------

wrapping first mol.:       19.56283       27.66602       47.91895
wrapping first mol.:       19.56283       27.66602       47.91895

 NSTEP =    49500   TIME(PS) =    5799.000  TEMP(K) =   303.24  PRESS =  -133.8
 Etot   =    -37809.1653  EKtot   =      9791.9707  EPtot      =    -47601.1360
 BOND   =       393.9351  ANGLE   =      1083.5695  DIHED      =      1618.3652
 1-4 NB =       470.9481  1-4 EEL =      5753.7996  VDWAALS    =      5166.3038
 EELEC  =    -62092.0657  EHBOND  =         0.0000  RESTRAINT  =         4.0084
 EAMBER (non-restraint)  =    -47605.1444
 EKCMT  =      4021.3192  VIRIAL  =      4470.8087  VOLUME     =    155611.6113
                                                    Density    =         1.0321
 ------------------------------------------------------------------------------

wrapping first mol.:       19.57294       27.68032       47.94372
wrapping first mol.:       19.57294       27.68032       47.94372

 NSTEP =    50000   TIME(PS) =    5800.000  TEMP(K) =   299.98  PRESS =  -232.1
 Etot   =    -38047.9130  EKtot   =      9686.7764  EPtot      =    -47734.6893
 BOND   =       410.1877  ANGLE   =      1039.0560  DIHED      =      1613.9878
 1-4 NB =       482.5745  1-4 EEL =      5765.8274  VDWAALS    =      5191.3209
 EELEC  =    -62241.8242  EHBOND  =         0.0000  RESTRAINT  =         4.1804
 EAMBER (non-restraint)  =    -47738.8698
 EKCMT  =      4008.5255  VIRIAL  =      4789.6071  VOLUME     =    155854.4121
                                                    Density    =         1.0304
 ------------------------------------------------------------------------------


      A V E R A G E S   O V E R     100 S T E P S


 NSTEP =    50000   TIME(PS) =    5800.000  TEMP(K) =   299.83  PRESS =   -36.2
 Etot   =    -37903.3862  EKtot   =      9681.9259  EPtot      =    -47585.3121
 BOND   =       401.3116  ANGLE   =      1026.2998  DIHED      =      1634.2225
 1-4 NB =       470.5123  1-4 EEL =      5756.5042  VDWAALS    =      5205.8307
 EELEC  =    -62084.5062  EHBOND  =         0.0000  RESTRAINT  =         4.5129
 EAMBER (non-restraint)  =    -47589.8250
 EKCMT  =      4058.1242  VIRIAL  =      4179.9633  VOLUME     =    156009.5370
                                                    Density    =         1.0294
 ------------------------------------------------------------------------------


      R M S  F L U C T U A T I O N S


 NSTEP =    50000   TIME(PS) =    5800.000  TEMP(K) =     2.14  PRESS =   162.1
 Etot   =       118.3546  EKtot   =        69.1460  EPtot      =        91.8626
 BOND   =        16.2754  ANGLE   =        27.1943  DIHED      =        14.0437
 1-4 NB =         7.5412  1-4 EEL =        25.0430  VDWAALS    =        85.9818
 EELEC  =       133.2620  EHBOND  =         0.0000  RESTRAINT  =         0.7684
 EAMBER (non-restraint)  =        91.0942
 EKCMT  =        47.2964  VIRIAL  =       541.4849  VOLUME     =       322.4218
                                                    Density    =         0.0021
 ------------------------------------------------------------------------------

--------------------------------------------------------------------------------
   5.  TIMINGS
--------------------------------------------------------------------------------

|  NonSetup CPU Time in Major Routines:
|
|     Routine           Sec        %
|     ------------------------------
|     Nonbond          97.04   89.69
|     Bond              0.00    0.00
|     Angle             0.00    0.00
|     Dihedral          0.00    0.00
|     Shake             0.29    0.27
|     RunMD            10.81    9.99
|     Other             0.05    0.05
|     ------------------------------
|     Total           108.19

|  PME Nonbond Pairlist CPU Time:
|
|     Routine              Sec        %
|     ---------------------------------
|     Set Up Cit           0.00    0.00
|     Build List           0.00    0.00
|     ---------------------------------
|     Total                0.00    0.00

|  PME Direct Force CPU Time:
|
|     Routine              Sec        %
|     ---------------------------------
|     NonBonded Calc       0.00    0.00
|     Exclude Masked       0.00    0.00
|     Other                0.03    0.03
|     ---------------------------------
|     Total                0.03    0.03

|  PME Reciprocal Force CPU Time:
|
|     Routine              Sec        %
|     ---------------------------------
|     1D bspline           0.00    0.00
|     Grid Charges         0.00    0.00
|     Scalar Sum           0.00    0.00
|     Gradient Sum         0.00    0.00
|     FFT                  0.00    0.00
|     ---------------------------------
|     Total                0.00    0.00

|  Final Performance Info:
|     -----------------------------------------------------
|     Average timings for last   21500 steps:
|     Elapsed(s) =      46.51 Per Step(ms) =       2.16
|         ns/day =      79.88   seconds/ns =    1081.61
|
|     Average timings for all steps:
|     Elapsed(s) =     108.20 Per Step(ms) =       2.16
|         ns/day =      79.85   seconds/ns =    1081.98
|     -----------------------------------------------------

|  Setup CPU time:            0.42 seconds
|  NonSetup CPU time:       108.19 seconds
|  Total CPU time:          108.61 seconds     0.03 hours

|  Setup wall time:           0    seconds
|  NonSetup wall time:      108    seconds
|  Total wall time:         108    seconds     0.03 hours
