
          -------------------------------------------------------
          Amber 16 PMEMD                              2016
          -------------------------------------------------------

| PMEMD implementation of SANDER, Release 16

| Run on 12/21/2018 at 19:20:30

|   Executable path: pmemd.cuda
| Working directory: /home/german/lbp/run/wat1ifb/mhe/e
|          Hostname: Unknown
  [-O]verwriting output

File Assignments:
|   MDIN: 59equ.in                                                              
|  MDOUT: 59equ.out                                                             
| INPCRD: 58ewat1ifb.rst7                                                       
|   PARM: /home/german/lbp/top_files/wat1ifb.prmtop                             
| RESTRT: 59ewat1ifb.rst7                                                       
|   REFC: 58ewat1ifb.rst7                                                       
|  MDVEL: mdvel                                                                 
|   MDEN: mden                                                                  
|  MDCRD: 59ewat1ifb.nc                                                         
| MDINFO: mdinfo                                                                
|  MDFRC: mdfrc                                                                 


 Here is the input file:

Equilibration with solute restrictions                                         
&cntrl                                                                         
imin = 0,                           ! No Minimization                          
nmropt = 0,                         ! No NMR restraints read                   
                                                                               
! Nature and format of the input                                               
ntx = 5,                            ! Coordinates but no velocities will be rea
irest = 1,                          ! Do not run a new simulation              
                                                                               
! Nature and format of the output                                              
ntxo = 1,                           ! rstrt file in ASCII format               
ntpr = 500,                         ! inf in output every ntpr steps           
ntwr = 500,                         ! rstrt file every ntwr steps              
ntwx = 500,                         ! mdcrd file every ntwx steps              
ntwv = 0,                           ! mdvel without velocities                 
ntwe = 0,                           ! Do not write energies and temperatures   
idecomp = 0,                        ! No energy decomposition                  
iwrap = 1,                          ! Coordinates of the restart and mdcrd file
                                                                               
! Frozen or restrained atoms                                                   
ibelly = 0,                         ! No frozen atoms                          
ntr=1,                              ! Harmonic potential restraints            
restraint_wt = 0.009,                ! The weight for the positional restraints
restraintmask = ':1-131@N,CA,C,O',  ! restrained residues                      
                                                                               
! Molecular dynamics                                                           
nstlim = 50000,                     ! Number of MD-steps                       
dt = 0.002,                         ! Time step                                
                                                                               
! Temperature regulation                                                       
ntt = 3,                            ! Langevin thermostat                      
gamma_ln = 5,                       ! Gamma constant for Langevin              
temp0 = 300.0,                      ! Reference T at which the system is to be 
tempi = 300.0,                      ! Initial T                                
ig = -1,                            ! Seed for the RNG                         
                                                                               
! P and V regulation                                                           
ntp = 1,                            ! constant P                               
barostat = 1,                       ! Berendsen barostat                       
taup = 1,                           ! Pressure relaxation time                 
ntb = 2,                            ! Periodic box for constant P              
                                                                               
! SHAKE variables                                                              
ntc = 2,                            ! Bonds involving H are constrained        
ntf = 2,                            ! Bond interaction involving H are ommited.
                                                                               
cut = 10.0,                         ! Nonbonded cutoff                         
/                                                                              
&end                                                                           


Note: ig = -1. Setting random seed to   394813 based on wallclock time in 
      microseconds.
 
|--------------------- INFORMATION ----------------------
| GPU (CUDA) Version of PMEMD in use: NVIDIA GPU IN USE.
|                    Version 16.0.0
| 
|                      02/25/2016
| 
| Implementation by:
|                    Ross C. Walker     (SDSC)
|                    Scott Le Grand     (nVIDIA)
| 
| Precision model in use:
|      [SPFP] - Single Precision Forces, 64-bit Fixed Point
|               Accumulation. (Default)
| 
|--------------------------------------------------------
 
|----------------- CITATION INFORMATION -----------------
|
|    When publishing work that utilized the CUDA version
|    of AMBER, please cite the following in addition to
|    the regular AMBER citations:
|
|  - Romelia Salomon-Ferrer; Andreas W. Goetz; Duncan
|    Poole; Scott Le Grand; Ross C. Walker "Routine
|    microsecond molecular dynamics simulations with
|    AMBER - Part II: Particle Mesh Ewald", J. Chem.
|    Theory Comput., 2013, 9 (9), pp3878-3888,
|    DOI: 10.1021/ct400314y.
|
|  - Andreas W. Goetz; Mark J. Williamson; Dong Xu;
|    Duncan Poole; Scott Le Grand; Ross C. Walker
|    "Routine microsecond molecular dynamics simulations
|    with AMBER - Part I: Generalized Born", J. Chem.
|    Theory Comput., 2012, 8 (5), pp1542-1555.
|
|  - Scott Le Grand; Andreas W. Goetz; Ross C. Walker
|    "SPFP: Speed without compromise - a mixed precision
|    model for GPU accelerated molecular dynamics
|    simulations.", Comp. Phys. Comm., 2013, 184
|    pp374-380, DOI: 10.1016/j.cpc.2012.09.022
|
|--------------------------------------------------------
 
|------------------- GPU DEVICE INFO --------------------
|
|            CUDA_VISIBLE_DEVICES: 0
|   CUDA Capable Devices Detected:      1
|           CUDA Device ID in use:      0
|                CUDA Device Name: GeForce GTX 1060 6GB
|     CUDA Device Global Mem Size:   6072 MB
| CUDA Device Num Multiprocessors:     10
|           CUDA Device Core Freq:   1.76 GHz
|
|--------------------------------------------------------
 
 
| Conditional Compilation Defines Used:
| PUBFFT
| BINTRAJ
| CUDA
| EMIL

| Largest sphere to fit in unit cell has radius =    23.960

| New format PARM file being parsed.
| Version =    1.000 Date = 12/21/18 Time = 16:56:56

| Note: 1-4 EEL scale factors are being read from the topology file.

| Note: 1-4 VDW scale factors are being read from the topology file.
| Duplicated    0 dihedrals

| Duplicated    0 dihedrals

--------------------------------------------------------------------------------
   1.  RESOURCE   USE: 
--------------------------------------------------------------------------------

 getting new box info from bottom of inpcrd
 NATOM  =   15721 NTYPES =      16 NBONH =   14664 MBONA  =    1073
 NTHETH =    2406 MTHETA =    1438 NPHIH =    4850 MPHIA  =    4508
 NHPARM =       0 NPARM  =       0 NNB   =   29775 NRES   =    4667
 NBONA  =    1073 NTHETA =    1438 NPHIA =    4508 NUMBND =      65
 NUMANG =     143 NPTRA  =     183 NATYP =      34 NPHB   =       1
 IFBOX  =       2 NMXRS  =      24 IFCAP =       0 NEXTRA =       0
 NCOPY  =       0

| Coordinate Index Table dimensions:     9    9    9
| Direct force subcell size =     6.5211    6.5211    6.5211

     BOX TYPE: TRUNCATED OCTAHEDRON

--------------------------------------------------------------------------------
   2.  CONTROL  DATA  FOR  THE  RUN
--------------------------------------------------------------------------------

default_name                                                                    

General flags:
     imin    =       0, nmropt  =       0

Nature and format of input:
     ntx     =       5, irest   =       1, ntrx    =       1

Nature and format of output:
     ntxo    =       1, ntpr    =     500, ntrx    =       1, ntwr    =     500
     iwrap   =       1, ntwx    =     500, ntwv    =       0, ntwe    =       0
     ioutfm  =       1, ntwprt  =       0, idecomp =       0, rbornstat=      0

Potential function:
     ntf     =       2, ntb     =       2, igb     =       0, nsnb    =      25
     ipol    =       0, gbsa    =       0, iesp    =       0
     dielc   =   1.00000, cut     =  10.00000, intdiel =   1.00000

Frozen or restrained atoms:
     ibelly  =       0, ntr     =       1
     restraint_wt =   0.00900

Molecular dynamics:
     nstlim  =     50000, nscm    =         0, nrespa  =         1
     t       =   0.00000, dt      =   0.00200, vlimit  =  -1.00000

Langevin dynamics temperature regulation:
     ig      =  394813
     temp0   = 300.00000, tempi   = 300.00000, gamma_ln=   5.00000

Pressure regulation:
     ntp     =       1
     pres0   =   1.00000, comp    =  44.60000, taup    =   1.00000

SHAKE:
     ntc     =       2, jfastw  =       0
     tol     =   0.00001

| Intermolecular bonds treatment:
|     no_intermolecular_bonds =       1

| Energy averages sample interval:
|     ene_avg_sampling =     500

Ewald parameters:
     verbose =       0, ew_type =       0, nbflag  =       1, use_pme =       1
     vdwmeth =       1, eedmeth =       1, netfrc  =       1
     Box X =   58.690   Box Y =   58.690   Box Z =   58.690
     Alpha =  109.471   Beta  =  109.471   Gamma =  109.471
     NFFT1 =   64       NFFT2 =   64       NFFT3 =   64
     Cutoff=   10.000   Tol   =0.100E-04
     Ewald Coefficient =  0.27511
     Interpolation order =    4

    LOADING THE CONSTRAINED ATOMS AS GROUPS


   5.  REFERENCE ATOM COORDINATES

  default_name                                                                    
     Mask :1-131@N,CA,C,O; matches   524 atoms

--------------------------------------------------------------------------------
   3.  ATOMIC COORDINATES AND VELOCITIES
--------------------------------------------------------------------------------

default_name                                                                    
 begin time read from input coords =  6200.000 ps

 
 Number of triangulated 3-point waters found:     4536

     Sum of charges from parm topology file =  -0.00000004
     Forcing neutrality...

| Dynamic Memory, Types Used:
| Reals              812183
| Integers           593786

| Nonbonded Pairs Initial Allocation:     4755209

| GPU memory information (estimate):
| KB of GPU memory in use:    127704
| KB of CPU memory in use:     26040

--------------------------------------------------------------------------------
   4.  RESULTS
--------------------------------------------------------------------------------

 ---------------------------------------------------
 APPROXIMATING switch and d/dx switch using CUBIC SPLINE INTERPOLATION
 using   5000.0 points per unit in tabled values
 TESTING RELATIVE ERROR over r ranging from 0.0 to cutoff
| CHECK switch(x): max rel err =   0.2738E-14   at   2.422500
| CHECK d/dx switch(x): max rel err =   0.8314E-11   at   2.736960
 ---------------------------------------------------
|---------------------------------------------------
| APPROXIMATING direct energy using CUBIC SPLINE INTERPOLATION
|  with   50.0 points per unit in tabled values
| Relative Error Limit not exceeded for r .gt.   2.33
| APPROXIMATING direct force using CUBIC SPLINE INTERPOLATION
|  with   50.0 points per unit in tabled values
| Relative Error Limit not exceeded for r .gt.   2.80
|---------------------------------------------------
wrapping first mol.:       19.55328       27.65251       47.89554
wrapping first mol.:       19.55328       27.65251       47.89554

 NSTEP =      500   TIME(PS) =    6201.000  TEMP(K) =   298.59  PRESS =  -597.3
 Etot   =    -37827.5575  EKtot   =      9641.6143  EPtot      =    -47469.1718
 BOND   =       381.9660  ANGLE   =      1021.2238  DIHED      =      1628.3740
 1-4 NB =       471.5154  1-4 EEL =      5769.9586  VDWAALS    =      4828.5192
 EELEC  =    -61571.7592  EHBOND  =         0.0000  RESTRAINT  =         1.0305
 EAMBER (non-restraint)  =    -47470.2023
 EKCMT  =      4135.7243  VIRIAL  =      6139.5581  VOLUME     =    155390.1413
                                                    Density    =         1.0335
 ------------------------------------------------------------------------------

wrapping first mol.:       19.56668       27.67147       47.92839
wrapping first mol.:       19.56668       27.67147       47.92839

 NSTEP =     1000   TIME(PS) =    6202.000  TEMP(K) =   298.72  PRESS =   -89.8
 Etot   =    -37958.5886  EKtot   =      9645.8516  EPtot      =    -47604.4402
 BOND   =       378.8296  ANGLE   =      1036.2399  DIHED      =      1639.6380
 1-4 NB =       454.5200  1-4 EEL =      5788.5440  VDWAALS    =      5189.5935
 EELEC  =    -62092.9998  EHBOND  =         0.0000  RESTRAINT  =         1.1948
 EAMBER (non-restraint)  =    -47605.6349
 EKCMT  =      4077.1989  VIRIAL  =      4379.2040  VOLUME     =    155702.9687
                                                    Density    =         1.0314
 ------------------------------------------------------------------------------

wrapping first mol.:       19.57133       27.67803       47.93976
wrapping first mol.:       19.57133       27.67803       47.93976

 NSTEP =     1500   TIME(PS) =    6203.000  TEMP(K) =   302.52  PRESS =  -199.8
 Etot   =    -37685.3235  EKtot   =      9768.6475  EPtot      =    -47453.9710
 BOND   =       398.5150  ANGLE   =      1046.0859  DIHED      =      1657.5177
 1-4 NB =       479.6930  1-4 EEL =      5744.9588  VDWAALS    =      5143.9588
 EELEC  =    -61926.1097  EHBOND  =         0.0000  RESTRAINT  =         1.4094
 EAMBER (non-restraint)  =    -47455.3804
 EKCMT  =      4081.1850  VIRIAL  =      4753.3384  VOLUME     =    155815.3524
                                                    Density    =         1.0307
 ------------------------------------------------------------------------------

wrapping first mol.:       19.56332       27.66672       47.92016
wrapping first mol.:       19.56332       27.66672       47.92016

 NSTEP =     2000   TIME(PS) =    6204.000  TEMP(K) =   294.64  PRESS =   164.3
 Etot   =    -37945.0629  EKtot   =      9514.2803  EPtot      =    -47459.3432
 BOND   =       410.5024  ANGLE   =      1040.6619  DIHED      =      1637.1743
 1-4 NB =       459.6666  1-4 EEL =      5740.6009  VDWAALS    =      5115.7975
 EELEC  =    -61865.1205  EHBOND  =         0.0000  RESTRAINT  =         1.3737
 EAMBER (non-restraint)  =    -47460.7169
 EKCMT  =      4033.0149  VIRIAL  =      3480.8068  VOLUME     =    155619.2370
                                                    Density    =         1.0320
 ------------------------------------------------------------------------------

wrapping first mol.:       19.58167       27.69267       47.96511
wrapping first mol.:       19.58167       27.69267       47.96511

 NSTEP =     2500   TIME(PS) =    6205.000  TEMP(K) =   297.49  PRESS =  -326.8
 Etot   =    -37930.8766  EKtot   =      9606.1680  EPtot      =    -47537.0446
 BOND   =       420.8663  ANGLE   =      1021.9294  DIHED      =      1658.0054
 1-4 NB =       461.7366  1-4 EEL =      5765.3751  VDWAALS    =      5246.5339
 EELEC  =    -62112.8480  EHBOND  =         0.0000  RESTRAINT  =         1.3567
 EAMBER (non-restraint)  =    -47538.4012
 EKCMT  =      4080.2469  VIRIAL  =      5181.5040  VOLUME     =    156064.4118
                                                    Density    =         1.0291
 ------------------------------------------------------------------------------

wrapping first mol.:       19.56704       27.67197       47.92926
wrapping first mol.:       19.56704       27.67197       47.92926

 NSTEP =     3000   TIME(PS) =    6206.000  TEMP(K) =   305.02  PRESS =  -112.2
 Etot   =    -37850.4814  EKtot   =      9849.3281  EPtot      =    -47699.8095
 BOND   =       431.5688  ANGLE   =      1061.8478  DIHED      =      1622.3634
 1-4 NB =       459.3613  1-4 EEL =      5748.8065  VDWAALS    =      5163.3797
 EELEC  =    -62188.9007  EHBOND  =         0.0000  RESTRAINT  =         1.7637
 EAMBER (non-restraint)  =    -47701.5732
 EKCMT  =      4165.4053  VIRIAL  =      4542.5228  VOLUME     =    155711.7524
                                                    Density    =         1.0314
 ------------------------------------------------------------------------------

wrapping first mol.:       19.56975       27.67581       47.93590
wrapping first mol.:       19.56975       27.67581       47.93590

 NSTEP =     3500   TIME(PS) =    6207.000  TEMP(K) =   297.10  PRESS =  -305.4
 Etot   =    -38147.4829  EKtot   =      9593.5771  EPtot      =    -47741.0600
 BOND   =       386.1645  ANGLE   =      1005.5445  DIHED      =      1649.6915
 1-4 NB =       480.6851  1-4 EEL =      5792.7633  VDWAALS    =      5227.2069
 EELEC  =    -62284.6619  EHBOND  =         0.0000  RESTRAINT  =         1.5460
 EAMBER (non-restraint)  =    -47742.6060
 EKCMT  =      4068.2461  VIRIAL  =      5095.5767  VOLUME     =    155779.2050
                                                    Density    =         1.0309
 ------------------------------------------------------------------------------

wrapping first mol.:       19.56777       27.67300       47.93104
wrapping first mol.:       19.56777       27.67300       47.93104

 NSTEP =     4000   TIME(PS) =    6208.000  TEMP(K) =   299.91  PRESS =   -18.6
 Etot   =    -37925.6428  EKtot   =      9684.5068  EPtot      =    -47610.1497
 BOND   =       393.7202  ANGLE   =      1067.4844  DIHED      =      1638.1261
 1-4 NB =       458.4876  1-4 EEL =      5751.7892  VDWAALS    =      5173.3305
 EELEC  =    -62094.6656  EHBOND  =         0.0000  RESTRAINT  =         1.5779
 EAMBER (non-restraint)  =    -47611.7276
 EKCMT  =      4066.6394  VIRIAL  =      4129.0924  VOLUME     =    155727.8873
                                                    Density    =         1.0313
 ------------------------------------------------------------------------------

wrapping first mol.:       19.57398       27.68179       47.94627
wrapping first mol.:       19.57398       27.68179       47.94627

 NSTEP =     4500   TIME(PS) =    6209.000  TEMP(K) =   299.25  PRESS =  -121.3
 Etot   =    -37988.9500  EKtot   =      9663.0332  EPtot      =    -47651.9832
 BOND   =       392.0388  ANGLE   =      1030.2142  DIHED      =      1660.0935
 1-4 NB =       472.5851  1-4 EEL =      5729.8690  VDWAALS    =      5080.3061
 EELEC  =    -62019.1226  EHBOND  =         0.0000  RESTRAINT  =         2.0327
 EAMBER (non-restraint)  =    -47654.0159
 EKCMT  =      4076.8423  VIRIAL  =      4485.2056  VOLUME     =    155877.7376
                                                    Density    =         1.0303
 ------------------------------------------------------------------------------

wrapping first mol.:       19.56473       27.66871       47.92361
wrapping first mol.:       19.56473       27.66871       47.92361

 NSTEP =     5000   TIME(PS) =    6210.000  TEMP(K) =   303.70  PRESS =   -16.3
 Etot   =    -37804.7247  EKtot   =      9806.6309  EPtot      =    -47611.3556
 BOND   =       389.6684  ANGLE   =      1007.5048  DIHED      =      1655.8194
 1-4 NB =       468.9298  1-4 EEL =      5748.8323  VDWAALS    =      5188.0803
 EELEC  =    -62071.9933  EHBOND  =         0.0000  RESTRAINT  =         1.8025
 EAMBER (non-restraint)  =    -47613.1581
 EKCMT  =      4112.7530  VIRIAL  =      4167.4928  VOLUME     =    155655.4126
                                                    Density    =         1.0318
 ------------------------------------------------------------------------------

wrapping first mol.:       19.58512       27.69754       47.97355
wrapping first mol.:       19.58512       27.69754       47.97355

 NSTEP =     5500   TIME(PS) =    6211.000  TEMP(K) =   299.71  PRESS =   108.2
 Etot   =    -37870.3571  EKtot   =      9677.9805  EPtot      =    -47548.3376
 BOND   =       404.7173  ANGLE   =      1033.8663  DIHED      =      1660.2000
 1-4 NB =       466.8085  1-4 EEL =      5748.7493  VDWAALS    =      5151.0702
 EELEC  =    -62015.3859  EHBOND  =         0.0000  RESTRAINT  =         1.6367
 EAMBER (non-restraint)  =    -47549.9743
 EKCMT  =      4035.9678  VIRIAL  =      3671.2159  VOLUME     =    156140.7472
                                                    Density    =         1.0286
 ------------------------------------------------------------------------------

wrapping first mol.:       19.57570       27.68421       47.95046
wrapping first mol.:       19.57570       27.68421       47.95046

 NSTEP =     6000   TIME(PS) =    6212.000  TEMP(K) =   296.72  PRESS =  -216.9
 Etot   =    -38043.5656  EKtot   =      9581.2959  EPtot      =    -47624.8615
 BOND   =       396.2562  ANGLE   =      1012.0549  DIHED      =      1645.0045
 1-4 NB =       471.8310  1-4 EEL =      5738.2110  VDWAALS    =      5145.8756
 EELEC  =    -62035.7588  EHBOND  =         0.0000  RESTRAINT  =         1.6642
 EAMBER (non-restraint)  =    -47626.5257
 EKCMT  =      4061.4787  VIRIAL  =      4791.7374  VOLUME     =    155919.9606
                                                    Density    =         1.0300
 ------------------------------------------------------------------------------

wrapping first mol.:       19.57046       27.67681       47.93764
wrapping first mol.:       19.57046       27.67681       47.93764

 NSTEP =     6500   TIME(PS) =    6213.000  TEMP(K) =   302.54  PRESS =  -221.9
 Etot   =    -37757.7571  EKtot   =      9769.3926  EPtot      =    -47527.1497
 BOND   =       420.1567  ANGLE   =      1044.0449  DIHED      =      1656.2476
 1-4 NB =       460.2537  1-4 EEL =      5695.8249  VDWAALS    =      5115.4444
 EELEC  =    -61921.0875  EHBOND  =         0.0000  RESTRAINT  =         1.9657
 EAMBER (non-restraint)  =    -47529.1154
 EKCMT  =      4105.4278  VIRIAL  =      4851.7296  VOLUME     =    155795.0559
                                                    Density    =         1.0308
 ------------------------------------------------------------------------------

wrapping first mol.:       19.57292       27.68029       47.94366
wrapping first mol.:       19.57292       27.68029       47.94366

 NSTEP =     7000   TIME(PS) =    6214.000  TEMP(K) =   300.00  PRESS =   203.1
 Etot   =    -37759.8114  EKtot   =      9687.1182  EPtot      =    -47446.9296
 BOND   =       396.0214  ANGLE   =      1040.9749  DIHED      =      1652.9659
 1-4 NB =       472.5206  1-4 EEL =      5738.3589  VDWAALS    =      5193.5296
 EELEC  =    -61943.2555  EHBOND  =         0.0000  RESTRAINT  =         1.9548
 EAMBER (non-restraint)  =    -47448.8843
 EKCMT  =      3981.8626  VIRIAL  =      3298.4610  VOLUME     =    155847.7782
                                                    Density    =         1.0305
 ------------------------------------------------------------------------------

wrapping first mol.:       19.57820       27.68775       47.95659
wrapping first mol.:       19.57820       27.68775       47.95659

 NSTEP =     7500   TIME(PS) =    6215.000  TEMP(K) =   301.86  PRESS =    89.6
 Etot   =    -38005.7272  EKtot   =      9747.3145  EPtot      =    -47753.0416
 BOND   =       401.7194  ANGLE   =      1044.7142  DIHED      =      1640.6201
 1-4 NB =       461.6939  1-4 EEL =      5741.6558  VDWAALS    =      5291.3074
 EELEC  =    -62336.8489  EHBOND  =         0.0000  RESTRAINT  =         2.0965
 EAMBER (non-restraint)  =    -47755.1381
 EKCMT  =      4121.5738  VIRIAL  =      3819.7492  VOLUME     =    155975.4744
                                                    Density    =         1.0296
 ------------------------------------------------------------------------------

wrapping first mol.:       19.56733       27.67238       47.92997
wrapping first mol.:       19.56733       27.67238       47.92997

 NSTEP =     8000   TIME(PS) =    6216.000  TEMP(K) =   297.43  PRESS =  -208.4
 Etot   =    -38038.0921  EKtot   =      9604.2607  EPtot      =    -47642.3528
 BOND   =       411.4666  ANGLE   =       997.2109  DIHED      =      1631.1345
 1-4 NB =       462.9957  1-4 EEL =      5785.2399  VDWAALS    =      5238.7009
 EELEC  =    -62171.3489  EHBOND  =         0.0000  RESTRAINT  =         2.2475
 EAMBER (non-restraint)  =    -47644.6003
 EKCMT  =      4048.3726  VIRIAL  =      4749.1332  VOLUME     =    155720.0096
                                                    Density    =         1.0313
 ------------------------------------------------------------------------------

wrapping first mol.:       19.56256       27.66564       47.91830
wrapping first mol.:       19.56256       27.66564       47.91830

 NSTEP =     8500   TIME(PS) =    6217.000  TEMP(K) =   297.72  PRESS =   142.2
 Etot   =    -38185.9970  EKtot   =      9613.5156  EPtot      =    -47799.5126
 BOND   =       418.2106  ANGLE   =       951.3145  DIHED      =      1638.6510
 1-4 NB =       477.1683  1-4 EEL =      5741.4592  VDWAALS    =      5377.1089
 EELEC  =    -62405.9691  EHBOND  =         0.0000  RESTRAINT  =         2.5441
 EAMBER (non-restraint)  =    -47802.0566
 EKCMT  =      3981.1361  VIRIAL  =      3503.5542  VOLUME     =    155601.4328
                                                    Density    =         1.0321
 ------------------------------------------------------------------------------

wrapping first mol.:       19.58194       27.69304       47.96574
wrapping first mol.:       19.58194       27.69304       47.96574

 NSTEP =     9000   TIME(PS) =    6218.000  TEMP(K) =   302.35  PRESS =   183.8
 Etot   =    -37880.1141  EKtot   =      9763.1777  EPtot      =    -47643.2918
 BOND   =       368.3394  ANGLE   =      1018.4373  DIHED      =      1641.4291
 1-4 NB =       483.9680  1-4 EEL =      5718.5860  VDWAALS    =      5287.8517
 EELEC  =    -62164.9139  EHBOND  =         0.0000  RESTRAINT  =         3.0106
 EAMBER (non-restraint)  =    -47646.3024
 EKCMT  =      4085.9637  VIRIAL  =      3466.7286  VOLUME     =    156063.5417
                                                    Density    =         1.0291
 ------------------------------------------------------------------------------

wrapping first mol.:       19.57927       27.68926       47.95920
wrapping first mol.:       19.57927       27.68926       47.95920

 NSTEP =     9500   TIME(PS) =    6219.000  TEMP(K) =   301.90  PRESS =    44.3
 Etot   =    -37803.1889  EKtot   =      9748.5938  EPtot      =    -47551.7827
 BOND   =       397.4676  ANGLE   =      1042.0291  DIHED      =      1628.9595
 1-4 NB =       468.5616  1-4 EEL =      5756.7796  VDWAALS    =      5300.4475
 EELEC  =    -62149.3542  EHBOND  =         0.0000  RESTRAINT  =         3.3265
 EAMBER (non-restraint)  =    -47555.1092
 EKCMT  =      4083.4242  VIRIAL  =      3934.2655  VOLUME     =    156001.6412
                                                    Density    =         1.0295
 ------------------------------------------------------------------------------

wrapping first mol.:       19.56446       27.66833       47.92295
wrapping first mol.:       19.56446       27.66833       47.92295

 NSTEP =    10000   TIME(PS) =    6220.000  TEMP(K) =   299.98  PRESS =   212.7
 Etot   =    -37858.7261  EKtot   =      9686.7344  EPtot      =    -47545.4605
 BOND   =       421.6109  ANGLE   =      1050.2012  DIHED      =      1624.6258
 1-4 NB =       467.4831  1-4 EEL =      5739.4084  VDWAALS    =      5354.5226
 EELEC  =    -62206.3740  EHBOND  =         0.0000  RESTRAINT  =         3.0615
 EAMBER (non-restraint)  =    -47548.5220
 EKCMT  =      4032.4264  VIRIAL  =      3317.6074  VOLUME     =    155645.7782
                                                    Density    =         1.0318
 ------------------------------------------------------------------------------

wrapping first mol.:       19.56079       27.66313       47.91394
wrapping first mol.:       19.56079       27.66313       47.91394

 NSTEP =    10500   TIME(PS) =    6221.000  TEMP(K) =   304.91  PRESS =   242.9
 Etot   =    -37802.0479  EKtot   =      9845.6582  EPtot      =    -47647.7061
 BOND   =       378.2946  ANGLE   =      1013.1225  DIHED      =      1644.1044
 1-4 NB =       456.0467  1-4 EEL =      5744.3905  VDWAALS    =      5381.9523
 EELEC  =    -62268.9499  EHBOND  =         0.0000  RESTRAINT  =         3.3327
 EAMBER (non-restraint)  =    -47651.0388
 EKCMT  =      4160.8509  VIRIAL  =      3345.1209  VOLUME     =    155557.6058
                                                    Density    =         1.0324
 ------------------------------------------------------------------------------

wrapping first mol.:       19.57038       27.67670       47.93745
wrapping first mol.:       19.57038       27.67670       47.93745

 NSTEP =    11000   TIME(PS) =    6222.000  TEMP(K) =   299.15  PRESS =   272.0
 Etot   =    -37953.8736  EKtot   =      9659.8174  EPtot      =    -47613.6910
 BOND   =       427.4522  ANGLE   =      1036.7394  DIHED      =      1630.8268
 1-4 NB =       480.6057  1-4 EEL =      5755.3206  VDWAALS    =      5362.4859
 EELEC  =    -62310.2373  EHBOND  =         0.0000  RESTRAINT  =         3.1157
 EAMBER (non-restraint)  =    -47616.8067
 EKCMT  =      4048.0604  VIRIAL  =      3133.1836  VOLUME     =    155786.2982
                                                    Density    =         1.0309
 ------------------------------------------------------------------------------

wrapping first mol.:       19.57402       27.68184       47.94634
wrapping first mol.:       19.57402       27.68184       47.94634

 NSTEP =    11500   TIME(PS) =    6223.000  TEMP(K) =   295.05  PRESS =  -245.5
 Etot   =    -38014.0613  EKtot   =      9527.5742  EPtot      =    -47541.6355
 BOND   =       424.0432  ANGLE   =      1000.7907  DIHED      =      1642.1928
 1-4 NB =       460.7402  1-4 EEL =      5754.5452  VDWAALS    =      5068.2867
 EELEC  =    -61895.7604  EHBOND  =         0.0000  RESTRAINT  =         3.5260
 EAMBER (non-restraint)  =    -47545.1615
 EKCMT  =      4003.8223  VIRIAL  =      4830.2356  VOLUME     =    155880.2239
                                                    Density    =         1.0303
 ------------------------------------------------------------------------------

wrapping first mol.:       19.57099       27.67756       47.93894
wrapping first mol.:       19.57099       27.67756       47.93894

 NSTEP =    12000   TIME(PS) =    6224.000  TEMP(K) =   300.68  PRESS =  -142.0
 Etot   =    -37954.0597  EKtot   =      9709.1631  EPtot      =    -47663.2228
 BOND   =       384.6307  ANGLE   =      1077.4795  DIHED      =      1654.4803
 1-4 NB =       465.0766  1-4 EEL =      5752.4263  VDWAALS    =      5162.9992
 EELEC  =    -62164.0610  EHBOND  =         0.0000  RESTRAINT  =         3.7456
 EAMBER (non-restraint)  =    -47666.9684
 EKCMT  =      4097.4340  VIRIAL  =      4575.2369  VOLUME     =    155806.6211
                                                    Density    =         1.0308
 ------------------------------------------------------------------------------

wrapping first mol.:       19.58301       27.69455       47.96837
wrapping first mol.:       19.58301       27.69455       47.96837

 NSTEP =    12500   TIME(PS) =    6225.000  TEMP(K) =   302.89  PRESS =  -116.3
 Etot   =    -37840.4732  EKtot   =      9780.6094  EPtot      =    -47621.0825
 BOND   =       427.6567  ANGLE   =      1013.7523  DIHED      =      1628.8109
 1-4 NB =       455.2541  1-4 EEL =      5759.4767  VDWAALS    =      5110.2517
 EELEC  =    -62019.5083  EHBOND  =         0.0000  RESTRAINT  =         3.2232
 EAMBER (non-restraint)  =    -47624.3058
 EKCMT  =      4092.4523  VIRIAL  =      4484.5427  VOLUME     =    156093.3121
                                                    Density    =         1.0289
 ------------------------------------------------------------------------------

wrapping first mol.:       19.60192       27.72130       48.01469
wrapping first mol.:       19.60192       27.72130       48.01469

 NSTEP =    13000   TIME(PS) =    6226.000  TEMP(K) =   300.15  PRESS =   -16.9
 Etot   =    -37803.6757  EKtot   =      9692.0859  EPtot      =    -47495.7616
 BOND   =       379.6520  ANGLE   =      1065.5012  DIHED      =      1649.0593
 1-4 NB =       459.0182  1-4 EEL =      5775.0516  VDWAALS    =      5274.2310
 EELEC  =    -62101.3131  EHBOND  =         0.0000  RESTRAINT  =         3.0382
 EAMBER (non-restraint)  =    -47498.7998
 EKCMT  =      4029.7053  VIRIAL  =      4086.8188  VOLUME     =    156544.6263
                                                    Density    =         1.0259
 ------------------------------------------------------------------------------

wrapping first mol.:       19.59560       27.71237       47.99923
wrapping first mol.:       19.59560       27.71237       47.99923

 NSTEP =    13500   TIME(PS) =    6227.000  TEMP(K) =   300.55  PRESS =    82.1
 Etot   =    -37747.3368  EKtot   =      9705.1523  EPtot      =    -47452.4892
 BOND   =       391.5065  ANGLE   =      1022.7316  DIHED      =      1625.0974
 1-4 NB =       474.0917  1-4 EEL =      5750.9332  VDWAALS    =      5214.2097
 EELEC  =    -61934.4909  EHBOND  =         0.0000  RESTRAINT  =         3.4317
 EAMBER (non-restraint)  =    -47455.9208
 EKCMT  =      4089.5086  VIRIAL  =      3812.2959  VOLUME     =    156392.0140
                                                    Density    =         1.0269
 ------------------------------------------------------------------------------

wrapping first mol.:       19.59175       27.70692       47.98980
wrapping first mol.:       19.59175       27.70692       47.98980

 NSTEP =    14000   TIME(PS) =    6228.000  TEMP(K) =   298.07  PRESS =     7.2
 Etot   =    -38165.3874  EKtot   =      9624.9082  EPtot      =    -47790.2956
 BOND   =       389.5535  ANGLE   =      1015.8400  DIHED      =      1619.9448
 1-4 NB =       474.0853  1-4 EEL =      5723.4439  VDWAALS    =      5309.4865
 EELEC  =    -62325.9653  EHBOND  =         0.0000  RESTRAINT  =         3.3157
 EAMBER (non-restraint)  =    -47793.6113
 EKCMT  =      3954.7166  VIRIAL  =      3930.3543  VOLUME     =    156300.8736
                                                    Density    =         1.0275
 ------------------------------------------------------------------------------

wrapping first mol.:       19.58304       27.69460       47.96845
wrapping first mol.:       19.58304       27.69460       47.96845

 NSTEP =    14500   TIME(PS) =    6229.000  TEMP(K) =   299.42  PRESS =   254.0
 Etot   =    -37885.8750  EKtot   =      9668.4395  EPtot      =    -47554.3145
 BOND   =       422.0056  ANGLE   =      1033.1366  DIHED      =      1647.7427
 1-4 NB =       465.4892  1-4 EEL =      5784.1888  VDWAALS    =      5397.6085
 EELEC  =    -62307.7157  EHBOND  =         0.0000  RESTRAINT  =         3.2300
 EAMBER (non-restraint)  =    -47557.5445
 EKCMT  =      4078.1616  VIRIAL  =      3222.1885  VOLUME     =    156088.9888
                                                    Density    =         1.0289
 ------------------------------------------------------------------------------

wrapping first mol.:       19.57426       27.68218       47.94694
wrapping first mol.:       19.57426       27.68218       47.94694

 NSTEP =    15000   TIME(PS) =    6230.000  TEMP(K) =   297.68  PRESS =   -12.4
 Etot   =    -38081.5267  EKtot   =      9612.2900  EPtot      =    -47693.8168
 BOND   =       395.0592  ANGLE   =      1006.1404  DIHED      =      1632.2267
 1-4 NB =       465.8164  1-4 EEL =      5763.8306  VDWAALS    =      5237.4601
 EELEC  =    -62197.6261  EHBOND  =         0.0000  RESTRAINT  =         3.2760
 EAMBER (non-restraint)  =    -47697.0927
 EKCMT  =      4051.2281  VIRIAL  =      4093.0402  VOLUME     =    155882.8219
                                                    Density    =         1.0303
 ------------------------------------------------------------------------------

wrapping first mol.:       19.56643       27.67110       47.92775
wrapping first mol.:       19.56643       27.67110       47.92775

 NSTEP =    15500   TIME(PS) =    6231.000  TEMP(K) =   300.46  PRESS =    86.2
 Etot   =    -37835.4568  EKtot   =      9702.1650  EPtot      =    -47537.6218
 BOND   =       392.9881  ANGLE   =      1054.9159  DIHED      =      1646.7908
 1-4 NB =       466.6946  1-4 EEL =      5778.9300  VDWAALS    =      5189.6076
 EELEC  =    -62070.4547  EHBOND  =         0.0000  RESTRAINT  =         2.9058
 EAMBER (non-restraint)  =    -47540.5276
 EKCMT  =      4034.5946  VIRIAL  =      3744.9296  VOLUME     =    155694.3614
                                                    Density    =         1.0315
 ------------------------------------------------------------------------------

wrapping first mol.:       19.56877       27.67443       47.93351
wrapping first mol.:       19.56877       27.67443       47.93351

 NSTEP =    16000   TIME(PS) =    6232.000  TEMP(K) =   301.51  PRESS =  -501.0
 Etot   =    -37893.0071  EKtot   =      9735.9990  EPtot      =    -47629.0062
 BOND   =       394.6127  ANGLE   =      1023.1945  DIHED      =      1651.6009
 1-4 NB =       466.7499  1-4 EEL =      5760.0765  VDWAALS    =      4976.7223
 EELEC  =    -61905.2745  EHBOND  =         0.0000  RESTRAINT  =         3.3115
 EAMBER (non-restraint)  =    -47632.3176
 EKCMT  =      4090.2105  VIRIAL  =      5775.0220  VOLUME     =    155758.5908
                                                    Density    =         1.0311
 ------------------------------------------------------------------------------

wrapping first mol.:       19.59190       27.70714       47.99016
wrapping first mol.:       19.59190       27.70714       47.99016

 NSTEP =    16500   TIME(PS) =    6233.000  TEMP(K) =   297.88  PRESS =   -18.7
 Etot   =    -37889.2071  EKtot   =      9618.6836  EPtot      =    -47507.8907
 BOND   =       416.8034  ANGLE   =      1071.1227  DIHED      =      1631.6516
 1-4 NB =       466.0020  1-4 EEL =      5763.8361  VDWAALS    =      5162.5356
 EELEC  =    -62022.7826  EHBOND  =         0.0000  RESTRAINT  =         2.9405
 EAMBER (non-restraint)  =    -47510.8312
 EKCMT  =      4087.0210  VIRIAL  =      4150.1477  VOLUME     =    156304.8166
                                                    Density    =         1.0275
 ------------------------------------------------------------------------------

wrapping first mol.:       19.57544       27.68386       47.94985
wrapping first mol.:       19.57544       27.68386       47.94985

 NSTEP =    17000   TIME(PS) =    6234.000  TEMP(K) =   299.12  PRESS =    88.3
 Etot   =    -37915.1253  EKtot   =      9659.0020  EPtot      =    -47574.1273
 BOND   =       390.1331  ANGLE   =      1072.3028  DIHED      =      1634.4155
 1-4 NB =       461.9297  1-4 EEL =      5745.8909  VDWAALS    =      5259.0124
 EELEC  =    -62141.0830  EHBOND  =         0.0000  RESTRAINT  =         3.2714
 EAMBER (non-restraint)  =    -47577.3986
 EKCMT  =      4059.4051  VIRIAL  =      3762.3057  VOLUME     =    155909.7264
                                                    Density    =         1.0301
 ------------------------------------------------------------------------------

wrapping first mol.:       19.55884       27.66037       47.90917
wrapping first mol.:       19.55884       27.66037       47.90917

 NSTEP =    17500   TIME(PS) =    6235.000  TEMP(K) =   298.68  PRESS =  -115.0
 Etot   =    -37842.7633  EKtot   =      9644.7764  EPtot      =    -47487.5397
 BOND   =       395.1221  ANGLE   =      1071.8504  DIHED      =      1655.4600
 1-4 NB =       460.3265  1-4 EEL =      5741.3669  VDWAALS    =      5155.4917
 EELEC  =    -61970.5905  EHBOND  =         0.0000  RESTRAINT  =         3.4331
 EAMBER (non-restraint)  =    -47490.9728
 EKCMT  =      3988.5493  VIRIAL  =      4374.7003  VOLUME     =    155516.0681
                                                    Density    =         1.0327
 ------------------------------------------------------------------------------

wrapping first mol.:       19.57226       27.67935       47.94204
wrapping first mol.:       19.57226       27.67935       47.94204

 NSTEP =    18000   TIME(PS) =    6236.000  TEMP(K) =   297.78  PRESS =   109.0
 Etot   =    -38181.4048  EKtot   =      9615.7129  EPtot      =    -47797.1177
 BOND   =       423.0879  ANGLE   =      1019.9377  DIHED      =      1627.6900
 1-4 NB =       471.3212  1-4 EEL =      5736.7432  VDWAALS    =      5390.6747
 EELEC  =    -62469.2126  EHBOND  =         0.0000  RESTRAINT  =         2.6402
 EAMBER (non-restraint)  =    -47799.7578
 EKCMT  =      4054.6146  VIRIAL  =      3687.8776  VOLUME     =    155833.3289
                                                    Density    =         1.0306
 ------------------------------------------------------------------------------

wrapping first mol.:       19.57049       27.67684       47.93770
wrapping first mol.:       19.57049       27.67684       47.93770

 NSTEP =    18500   TIME(PS) =    6237.000  TEMP(K) =   297.16  PRESS =  -389.2
 Etot   =    -37865.8039  EKtot   =      9595.4941  EPtot      =    -47461.2980
 BOND   =       415.1424  ANGLE   =      1014.3285  DIHED      =      1649.2607
 1-4 NB =       460.4450  1-4 EEL =      5815.7329  VDWAALS    =      5005.9549
 EELEC  =    -61825.1964  EHBOND  =         0.0000  RESTRAINT  =         3.0339
 EAMBER (non-restraint)  =    -47464.3319
 EKCMT  =      4063.0875  VIRIAL  =      5372.2923  VOLUME     =    155797.8921
                                                    Density    =         1.0308
 ------------------------------------------------------------------------------

wrapping first mol.:       19.57225       27.67934       47.94201
wrapping first mol.:       19.57225       27.67934       47.94201

 NSTEP =    19000   TIME(PS) =    6238.000  TEMP(K) =   302.75  PRESS =  -303.9
 Etot   =    -37896.7450  EKtot   =      9776.1025  EPtot      =    -47672.8475
 BOND   =       405.0603  ANGLE   =      1036.4729  DIHED      =      1629.5346
 1-4 NB =       462.1016  1-4 EEL =      5774.8156  VDWAALS    =      5030.5992
 EELEC  =    -62014.3481  EHBOND  =         0.0000  RESTRAINT  =         2.9162
 EAMBER (non-restraint)  =    -47675.7638
 EKCMT  =      4109.9439  VIRIAL  =      5132.4048  VOLUME     =    155838.7745
                                                    Density    =         1.0305
 ------------------------------------------------------------------------------

wrapping first mol.:       19.56046       27.66267       47.91315
wrapping first mol.:       19.56046       27.66267       47.91315

 NSTEP =    19500   TIME(PS) =    6239.000  TEMP(K) =   302.91  PRESS =   175.7
 Etot   =    -37699.5585  EKtot   =      9781.1182  EPtot      =    -47480.6767
 BOND   =       418.0073  ANGLE   =      1057.4251  DIHED      =      1638.9278
 1-4 NB =       470.4768  1-4 EEL =      5778.3390  VDWAALS    =      5203.3035
 EELEC  =    -62049.8564  EHBOND  =         0.0000  RESTRAINT  =         2.7001
 EAMBER (non-restraint)  =    -47483.3768
 EKCMT  =      4162.1298  VIRIAL  =      3571.9073  VOLUME     =    155550.8226
                                                    Density    =         1.0325
 ------------------------------------------------------------------------------

wrapping first mol.:       19.57639       27.68519       47.95216
wrapping first mol.:       19.57639       27.68519       47.95216

 NSTEP =    20000   TIME(PS) =    6240.000  TEMP(K) =   299.43  PRESS =  -163.6
 Etot   =    -37777.8013  EKtot   =      9668.8857  EPtot      =    -47446.6870
 BOND   =       408.7477  ANGLE   =      1028.4435  DIHED      =      1622.3177
 1-4 NB =       463.7102  1-4 EEL =      5785.7957  VDWAALS    =      5230.9650
 EELEC  =    -61989.4053  EHBOND  =         0.0000  RESTRAINT  =         2.7384
 EAMBER (non-restraint)  =    -47449.4254
 EKCMT  =      4114.6883  VIRIAL  =      4665.4761  VOLUME     =    155935.7829
                                                    Density    =         1.0299
 ------------------------------------------------------------------------------

wrapping first mol.:       19.58626       27.69916       47.97634
wrapping first mol.:       19.58626       27.69916       47.97634

 NSTEP =    20500   TIME(PS) =    6241.000  TEMP(K) =   299.93  PRESS =    17.9
 Etot   =    -37748.8035  EKtot   =      9685.0254  EPtot      =    -47433.8289
 BOND   =       388.7303  ANGLE   =      1056.4987  DIHED      =      1625.7433
 1-4 NB =       478.9708  1-4 EEL =      5822.5300  VDWAALS    =      5168.5930
 EELEC  =    -61977.6254  EHBOND  =         0.0000  RESTRAINT  =         2.7304
 EAMBER (non-restraint)  =    -47436.5592
 EKCMT  =      4086.7157  VIRIAL  =      4026.2284  VOLUME     =    156169.3105
                                                    Density    =         1.0284
 ------------------------------------------------------------------------------

wrapping first mol.:       19.56583       27.67026       47.92628
wrapping first mol.:       19.56583       27.67026       47.92628

 NSTEP =    21000   TIME(PS) =    6242.000  TEMP(K) =   299.37  PRESS =  -163.1
 Etot   =    -37884.8165  EKtot   =      9667.0127  EPtot      =    -47551.8292
 BOND   =       399.7708  ANGLE   =      1042.9759  DIHED      =      1629.9175
 1-4 NB =       468.4743  1-4 EEL =      5717.9859  VDWAALS    =      5152.8150
 EELEC  =    -61966.7392  EHBOND  =         0.0000  RESTRAINT  =         2.9706
 EAMBER (non-restraint)  =    -47554.7998
 EKCMT  =      4091.9109  VIRIAL  =      4640.2398  VOLUME     =    155683.5079
                                                    Density    =         1.0316
 ------------------------------------------------------------------------------

wrapping first mol.:       19.57340       27.68096       47.94483
wrapping first mol.:       19.57340       27.68096       47.94483

 NSTEP =    21500   TIME(PS) =    6243.000  TEMP(K) =   301.41  PRESS =  -165.0
 Etot   =    -37783.4413  EKtot   =      9732.9365  EPtot      =    -47516.3779
 BOND   =       434.4726  ANGLE   =      1020.5651  DIHED      =      1630.9919
 1-4 NB =       466.2855  1-4 EEL =      5785.6133  VDWAALS    =      5122.0955
 EELEC  =    -61979.0525  EHBOND  =         0.0000  RESTRAINT  =         2.6508
 EAMBER (non-restraint)  =    -47519.0287
 EKCMT  =      4103.8758  VIRIAL  =      4659.2952  VOLUME     =    155864.3396
                                                    Density    =         1.0304
 ------------------------------------------------------------------------------

wrapping first mol.:       19.56371       27.66726       47.92110
wrapping first mol.:       19.56371       27.66726       47.92110

 NSTEP =    22000   TIME(PS) =    6244.000  TEMP(K) =   301.59  PRESS =   168.3
 Etot   =    -38036.1951  EKtot   =      9738.4453  EPtot      =    -47774.6404
 BOND   =       413.9396  ANGLE   =      1006.3413  DIHED      =      1645.8771
 1-4 NB =       472.0785  1-4 EEL =      5740.6426  VDWAALS    =      5317.4459
 EELEC  =    -62373.3041  EHBOND  =         0.0000  RESTRAINT  =         2.3388
 EAMBER (non-restraint)  =    -47776.9792
 EKCMT  =      4042.0894  VIRIAL  =      3476.6165  VOLUME     =    155628.3786
                                                    Density    =         1.0319
 ------------------------------------------------------------------------------

wrapping first mol.:       19.56571       27.67010       47.92601
wrapping first mol.:       19.56571       27.67010       47.92601

 NSTEP =    22500   TIME(PS) =    6245.000  TEMP(K) =   299.02  PRESS =   161.7
 Etot   =    -37877.8672  EKtot   =      9655.5020  EPtot      =    -47533.3692
 BOND   =       388.2161  ANGLE   =      1043.5528  DIHED      =      1656.5713
 1-4 NB =       483.1615  1-4 EEL =      5760.0292  VDWAALS    =      5144.0276
 EELEC  =    -62011.4451  EHBOND  =         0.0000  RESTRAINT  =         2.5173
 EAMBER (non-restraint)  =    -47535.8865
 EKCMT  =      4051.0640  VIRIAL  =      3507.5100  VOLUME     =    155676.3260
                                                    Density    =         1.0316
 ------------------------------------------------------------------------------

wrapping first mol.:       19.56969       27.67572       47.93574
wrapping first mol.:       19.56969       27.67572       47.93574

 NSTEP =    23000   TIME(PS) =    6246.000  TEMP(K) =   306.89  PRESS =   244.9
 Etot   =    -37669.8804  EKtot   =      9909.7627  EPtot      =    -47579.6431
 BOND   =       398.5352  ANGLE   =      1033.3530  DIHED      =      1601.7845
 1-4 NB =       473.9390  1-4 EEL =      5779.2096  VDWAALS    =      5155.6466
 EELEC  =    -62024.9401  EHBOND  =         0.0000  RESTRAINT  =         2.8291
 EAMBER (non-restraint)  =    -47582.4722
 EKCMT  =      4142.4917  VIRIAL  =      3318.6931  VOLUME     =    155770.0374
                                                    Density    =         1.0310
 ------------------------------------------------------------------------------

wrapping first mol.:       19.53618       27.62833       47.85367
wrapping first mol.:       19.53618       27.62833       47.85367

 NSTEP =    23500   TIME(PS) =    6247.000  TEMP(K) =   297.86  PRESS =    68.8
 Etot   =    -38155.8135  EKtot   =      9618.2363  EPtot      =    -47774.0498
 BOND   =       414.5243  ANGLE   =       994.2575  DIHED      =      1627.2589
 1-4 NB =       476.7274  1-4 EEL =      5752.3546  VDWAALS    =      5181.8423
 EELEC  =    -62223.8477  EHBOND  =         0.0000  RESTRAINT  =         2.8329
 EAMBER (non-restraint)  =    -47776.8827
 EKCMT  =      4040.5987  VIRIAL  =      3810.5231  VOLUME     =    154973.7191
                                                    Density    =         1.0363
 ------------------------------------------------------------------------------

wrapping first mol.:       19.55483       27.65470       47.89934
wrapping first mol.:       19.55483       27.65470       47.89934

 NSTEP =    24000   TIME(PS) =    6248.000  TEMP(K) =   304.58  PRESS =    94.1
 Etot   =    -37661.5291  EKtot   =      9835.0146  EPtot      =    -47496.5438
 BOND   =       411.9485  ANGLE   =      1028.5791  DIHED      =      1630.6090
 1-4 NB =       474.9737  1-4 EEL =      5756.6702  VDWAALS    =      5148.6267
 EELEC  =    -61951.0325  EHBOND  =         0.0000  RESTRAINT  =         3.0816
 EAMBER (non-restraint)  =    -47499.6254
 EKCMT  =      4197.2892  VIRIAL  =      3881.3881  VOLUME     =    155417.5271
                                                    Density    =         1.0333
 ------------------------------------------------------------------------------

wrapping first mol.:       19.58178       27.69282       47.96537
wrapping first mol.:       19.58178       27.69282       47.96537

 NSTEP =    24500   TIME(PS) =    6249.000  TEMP(K) =   300.34  PRESS =  -220.5
 Etot   =    -37873.7121  EKtot   =      9698.2832  EPtot      =    -47571.9953
 BOND   =       385.2549  ANGLE   =      1001.8670  DIHED      =      1632.1341
 1-4 NB =       467.3349  1-4 EEL =      5753.7666  VDWAALS    =      5038.0973
 EELEC  =    -61853.6862  EHBOND  =         0.0000  RESTRAINT  =         3.2360
 EAMBER (non-restraint)  =    -47575.2313
 EKCMT  =      4087.9943  VIRIAL  =      4830.8744  VOLUME     =    156065.4741
                                                    Density    =         1.0291
 ------------------------------------------------------------------------------

wrapping first mol.:       19.59080       27.70558       47.98746
wrapping first mol.:       19.59080       27.70558       47.98746

 NSTEP =    25000   TIME(PS) =    6250.000  TEMP(K) =   300.38  PRESS =    21.5
 Etot   =    -37885.7505  EKtot   =      9699.4707  EPtot      =    -47585.2212
 BOND   =       384.2578  ANGLE   =      1023.6344  DIHED      =      1630.0271
 1-4 NB =       467.4142  1-4 EEL =      5792.7896  VDWAALS    =      5359.0154
 EELEC  =    -62245.4651  EHBOND  =         0.0000  RESTRAINT  =         3.1055
 EAMBER (non-restraint)  =    -47588.3267
 EKCMT  =      4085.5143  VIRIAL  =      4012.9750  VOLUME     =    156277.9062
                                                    Density    =         1.0277
 ------------------------------------------------------------------------------

wrapping first mol.:       19.56701       27.67193       47.92918
wrapping first mol.:       19.56701       27.67193       47.92918

 NSTEP =    25500   TIME(PS) =    6251.000  TEMP(K) =   300.08  PRESS =  -200.7
 Etot   =    -38073.5433  EKtot   =      9689.8223  EPtot      =    -47763.3656
 BOND   =       400.0993  ANGLE   =      1056.0553  DIHED      =      1631.8085
 1-4 NB =       478.4252  1-4 EEL =      5766.4285  VDWAALS    =      5143.3398
 EELEC  =    -62242.4745  EHBOND  =         0.0000  RESTRAINT  =         2.9523
 EAMBER (non-restraint)  =    -47766.3179
 EKCMT  =      4060.3080  VIRIAL  =      4734.9284  VOLUME     =    155712.2314
                                                    Density    =         1.0314
 ------------------------------------------------------------------------------

wrapping first mol.:       19.57107       27.67767       47.93913
wrapping first mol.:       19.57107       27.67767       47.93913

 NSTEP =    26000   TIME(PS) =    6252.000  TEMP(K) =   302.50  PRESS =    39.1
 Etot   =    -37900.4716  EKtot   =      9768.0293  EPtot      =    -47668.5009
 BOND   =       408.2016  ANGLE   =      1036.3503  DIHED      =      1629.8777
 1-4 NB =       474.3525  1-4 EEL =      5763.8585  VDWAALS    =      5136.1709
 EELEC  =    -62120.2055  EHBOND  =         0.0000  RESTRAINT  =         2.8932
 EAMBER (non-restraint)  =    -47671.3941
 EKCMT  =      4123.7394  VIRIAL  =      3992.2276  VOLUME     =    155805.8992
                                                    Density    =         1.0308
 ------------------------------------------------------------------------------

wrapping first mol.:       19.55865       27.66011       47.90871
wrapping first mol.:       19.55865       27.66011       47.90871

 NSTEP =    26500   TIME(PS) =    6253.000  TEMP(K) =   299.29  PRESS =    18.0
 Etot   =    -38009.4261  EKtot   =      9664.2568  EPtot      =    -47673.6829
 BOND   =       418.5825  ANGLE   =      1015.9829  DIHED      =      1635.3975
 1-4 NB =       478.1401  1-4 EEL =      5748.5130  VDWAALS    =      5297.5151
 EELEC  =    -62271.2405  EHBOND  =         0.0000  RESTRAINT  =         3.4266
 EAMBER (non-restraint)  =    -47677.1095
 EKCMT  =      4029.7626  VIRIAL  =      3969.3173  VOLUME     =    155509.8205
                                                    Density    =         1.0327
 ------------------------------------------------------------------------------

wrapping first mol.:       19.54540       27.64137       47.87626
wrapping first mol.:       19.54540       27.64137       47.87626

 NSTEP =    27000   TIME(PS) =    6254.000  TEMP(K) =   298.23  PRESS =   341.6
 Etot   =    -37904.4110  EKtot   =      9630.0146  EPtot      =    -47534.4257
 BOND   =       405.0064  ANGLE   =      1059.9741  DIHED      =      1631.9018
 1-4 NB =       473.8270  1-4 EEL =      5745.7990  VDWAALS    =      5407.9051
 EELEC  =    -62261.8009  EHBOND  =         0.0000  RESTRAINT  =         2.9619
 EAMBER (non-restraint)  =    -47537.3876
 EKCMT  =      4101.1283  VIRIAL  =      2956.4697  VOLUME     =    155189.5320
                                                    Density    =         1.0349
 ------------------------------------------------------------------------------

wrapping first mol.:       19.56144       27.66405       47.91554
wrapping first mol.:       19.56144       27.66405       47.91554

 NSTEP =    27500   TIME(PS) =    6255.000  TEMP(K) =   302.07  PRESS =    38.9
 Etot   =    -37958.9856  EKtot   =      9754.2510  EPtot      =    -47713.2366
 BOND   =       404.7022  ANGLE   =      1051.6642  DIHED      =      1616.2461
 1-4 NB =       474.5048  1-4 EEL =      5777.2488  VDWAALS    =      5378.2922
 EELEC  =    -62418.5901  EHBOND  =         0.0000  RESTRAINT  =         2.6952
 EAMBER (non-restraint)  =    -47715.9318
 EKCMT  =      4065.3657  VIRIAL  =      3934.5874  VOLUME     =    155575.9694
                                                    Density    =         1.0323
 ------------------------------------------------------------------------------

wrapping first mol.:       19.57796       27.68742       47.95601
wrapping first mol.:       19.57796       27.68742       47.95601

 NSTEP =    28000   TIME(PS) =    6256.000  TEMP(K) =   303.05  PRESS =  -317.6
 Etot   =    -37875.4907  EKtot   =      9785.6260  EPtot      =    -47661.1166
 BOND   =       413.6208  ANGLE   =      1026.2892  DIHED      =      1628.2612
 1-4 NB =       459.6416  1-4 EEL =      5748.2561  VDWAALS    =      5070.7720
 EELEC  =    -62011.0650  EHBOND  =         0.0000  RESTRAINT  =         3.1075
 EAMBER (non-restraint)  =    -47664.2241
 EKCMT  =      4100.8428  VIRIAL  =      5170.4940  VOLUME     =    155975.4829
                                                    Density    =         1.0296
 ------------------------------------------------------------------------------

wrapping first mol.:       19.57135       27.67806       47.93980
wrapping first mol.:       19.57135       27.67806       47.93980

 NSTEP =    28500   TIME(PS) =    6257.000  TEMP(K) =   300.00  PRESS =   262.0
 Etot   =    -37916.9124  EKtot   =      9687.4160  EPtot      =    -47604.3284
 BOND   =       364.7469  ANGLE   =      1035.8923  DIHED      =      1639.3258
 1-4 NB =       467.9277  1-4 EEL =      5726.2750  VDWAALS    =      5293.8383
 EELEC  =    -62135.5767  EHBOND  =         0.0000  RESTRAINT  =         3.2423
 EAMBER (non-restraint)  =    -47607.5707
 EKCMT  =      4049.1982  VIRIAL  =      3167.9071  VOLUME     =    155809.3807
                                                    Density    =         1.0307
 ------------------------------------------------------------------------------

wrapping first mol.:       19.57651       27.68536       47.95245
wrapping first mol.:       19.57651       27.68536       47.95245

 NSTEP =    29000   TIME(PS) =    6258.000  TEMP(K) =   300.80  PRESS =   179.7
 Etot   =    -37967.7849  EKtot   =      9713.2090  EPtot      =    -47680.9939
 BOND   =       363.9102  ANGLE   =      1015.4890  DIHED      =      1620.7597
 1-4 NB =       478.0046  1-4 EEL =      5746.8302  VDWAALS    =      5214.4595
 EELEC  =    -62123.5474  EHBOND  =         0.0000  RESTRAINT  =         3.1004
 EAMBER (non-restraint)  =    -47684.0943
 EKCMT  =      4099.1496  VIRIAL  =      3494.2872  VOLUME     =    155933.8233
                                                    Density    =         1.0299
 ------------------------------------------------------------------------------

wrapping first mol.:       19.57931       27.68932       47.95930
wrapping first mol.:       19.57931       27.68932       47.95930

 NSTEP =    29500   TIME(PS) =    6259.000  TEMP(K) =   296.97  PRESS =    69.1
 Etot   =    -37936.3432  EKtot   =      9589.5000  EPtot      =    -47525.8432
 BOND   =       388.4795  ANGLE   =       996.5622  DIHED      =      1632.3111
 1-4 NB =       479.5460  1-4 EEL =      5784.9281  VDWAALS    =      5233.2660
 EELEC  =    -62044.2936  EHBOND  =         0.0000  RESTRAINT  =         3.3577
 EAMBER (non-restraint)  =    -47529.2008
 EKCMT  =      4028.8856  VIRIAL  =      3796.0885  VOLUME     =    156002.2597
                                                    Density    =         1.0295
 ------------------------------------------------------------------------------

wrapping first mol.:       19.58399       27.69594       47.97077
wrapping first mol.:       19.58399       27.69594       47.97077

 NSTEP =    30000   TIME(PS) =    6260.000  TEMP(K) =   303.32  PRESS =  -173.5
 Etot   =    -37769.5796  EKtot   =      9794.4512  EPtot      =    -47564.0307
 BOND   =       407.9055  ANGLE   =      1018.2165  DIHED      =      1600.9914
 1-4 NB =       470.3052  1-4 EEL =      5763.5346  VDWAALS    =      5150.6834
 EELEC  =    -61979.6778  EHBOND  =         0.0000  RESTRAINT  =         4.0106
 EAMBER (non-restraint)  =    -47568.0413
 EKCMT  =      4143.8037  VIRIAL  =      4728.7899  VOLUME     =    156117.5947
                                                    Density    =         1.0287
 ------------------------------------------------------------------------------

wrapping first mol.:       19.58997       27.70441       47.98544
wrapping first mol.:       19.58997       27.70441       47.98544

 NSTEP =    30500   TIME(PS) =    6261.000  TEMP(K) =   300.18  PRESS =    53.5
 Etot   =    -37843.2553  EKtot   =      9692.9775  EPtot      =    -47536.2328
 BOND   =       373.2717  ANGLE   =      1045.4219  DIHED      =      1641.1265
 1-4 NB =       474.2962  1-4 EEL =      5763.5113  VDWAALS    =      5268.9615
 EELEC  =    -62106.7062  EHBOND  =         0.0000  RESTRAINT  =         3.8845
 EAMBER (non-restraint)  =    -47540.1173
 EKCMT  =      4074.9943  VIRIAL  =      3894.6467  VOLUME     =    156257.6420
                                                    Density    =         1.0278
 ------------------------------------------------------------------------------

wrapping first mol.:       19.57163       27.67846       47.94049
wrapping first mol.:       19.57163       27.67846       47.94049

 NSTEP =    31000   TIME(PS) =    6262.000  TEMP(K) =   297.95  PRESS =   -17.0
 Etot   =    -37964.7277  EKtot   =      9621.1494  EPtot      =    -47585.8771
 BOND   =       416.3621  ANGLE   =      1066.7278  DIHED      =      1636.2775
 1-4 NB =       479.5504  1-4 EEL =      5784.7623  VDWAALS    =      5327.5283
 EELEC  =    -62301.1587  EHBOND  =         0.0000  RESTRAINT  =         4.0732
 EAMBER (non-restraint)  =    -47589.9503
 EKCMT  =      4006.7755  VIRIAL  =      4063.8210  VOLUME     =    155819.9928
                                                    Density    =         1.0307
 ------------------------------------------------------------------------------

wrapping first mol.:       19.57861       27.68833       47.95759
wrapping first mol.:       19.57861       27.68833       47.95759

 NSTEP =    31500   TIME(PS) =    6263.000  TEMP(K) =   296.45  PRESS =  -110.9
 Etot   =    -37946.7383  EKtot   =      9572.6504  EPtot      =    -47519.3886
 BOND   =       399.9739  ANGLE   =      1046.1676  DIHED      =      1643.0115
 1-4 NB =       467.3793  1-4 EEL =      5771.7932  VDWAALS    =      5193.1319
 EELEC  =    -62045.3370  EHBOND  =         0.0000  RESTRAINT  =         4.4909
 EAMBER (non-restraint)  =    -47523.8796
 EKCMT  =      4037.7748  VIRIAL  =      4411.1921  VOLUME     =    155988.0752
                                                    Density    =         1.0296
 ------------------------------------------------------------------------------

wrapping first mol.:       19.56052       27.66275       47.91329
wrapping first mol.:       19.56052       27.66275       47.91329

 NSTEP =    32000   TIME(PS) =    6264.000  TEMP(K) =   298.56  PRESS =   213.5
 Etot   =    -37819.9280  EKtot   =      9640.7041  EPtot      =    -47460.6321
 BOND   =       371.7564  ANGLE   =      1057.4060  DIHED      =      1663.2889
 1-4 NB =       458.8710  1-4 EEL =      5749.1856  VDWAALS    =      5266.4667
 EELEC  =    -62031.6497  EHBOND  =         0.0000  RESTRAINT  =         4.0431
 EAMBER (non-restraint)  =    -47464.6752
 EKCMT  =      4084.2977  VIRIAL  =      3367.3515  VOLUME     =    155551.6343
                                                    Density    =         1.0325
 ------------------------------------------------------------------------------

wrapping first mol.:       19.57348       27.68108       47.94503
wrapping first mol.:       19.57348       27.68108       47.94503

 NSTEP =    32500   TIME(PS) =    6265.000  TEMP(K) =   298.32  PRESS =    -7.1
 Etot   =    -38053.6860  EKtot   =      9632.8750  EPtot      =    -47686.5610
 BOND   =       390.6277  ANGLE   =      1019.6734  DIHED      =      1629.0186
 1-4 NB =       474.3649  1-4 EEL =      5767.0960  VDWAALS    =      5213.8970
 EELEC  =    -62185.0312  EHBOND  =         0.0000  RESTRAINT  =         3.7925
 EAMBER (non-restraint)  =    -47690.3535
 EKCMT  =      4056.2947  VIRIAL  =      4080.0761  VOLUME     =    155864.0402
                                                    Density    =         1.0304
 ------------------------------------------------------------------------------

wrapping first mol.:       19.56437       27.66819       47.92271
wrapping first mol.:       19.56437       27.66819       47.92271

 NSTEP =    33000   TIME(PS) =    6266.000  TEMP(K) =   301.16  PRESS =    82.6
 Etot   =    -37824.0472  EKtot   =      9724.7305  EPtot      =    -47548.7777
 BOND   =       390.1214  ANGLE   =      1008.1279  DIHED      =      1668.9258
 1-4 NB =       477.1346  1-4 EEL =      5722.4422  VDWAALS    =      5157.0070
 EELEC  =    -61977.1487  EHBOND  =         0.0000  RESTRAINT  =         4.6121
 EAMBER (non-restraint)  =    -47553.3897
 EKCMT  =      4048.2865  VIRIAL  =      3770.6019  VOLUME     =    155645.2637
                                                    Density    =         1.0318
 ------------------------------------------------------------------------------

wrapping first mol.:       19.57933       27.68936       47.95937
wrapping first mol.:       19.57933       27.68936       47.95937

 NSTEP =    33500   TIME(PS) =    6267.000  TEMP(K) =   296.26  PRESS =   342.8
 Etot   =    -37799.9917  EKtot   =      9566.6533  EPtot      =    -47366.6450
 BOND   =       401.1087  ANGLE   =      1068.2004  DIHED      =      1625.4608
 1-4 NB =       471.1433  1-4 EEL =      5770.6834  VDWAALS    =      5358.1507
 EELEC  =    -62065.8112  EHBOND  =         0.0000  RESTRAINT  =         4.4190
 EAMBER (non-restraint)  =    -47371.0640
 EKCMT  =      4021.3972  VIRIAL  =      2866.7504  VOLUME     =    155999.1219
                                                    Density    =         1.0295
 ------------------------------------------------------------------------------

wrapping first mol.:       19.56948       27.67542       47.93524
wrapping first mol.:       19.56948       27.67542       47.93524

 NSTEP =    34000   TIME(PS) =    6268.000  TEMP(K) =   298.49  PRESS =   142.3
 Etot   =    -37730.6207  EKtot   =      9638.3652  EPtot      =    -47368.9860
 BOND   =       395.9865  ANGLE   =      1039.9918  DIHED      =      1643.0633
 1-4 NB =       475.7258  1-4 EEL =      5749.4314  VDWAALS    =      5174.0032
 EELEC  =    -61851.6680  EHBOND  =         0.0000  RESTRAINT  =         4.4801
 EAMBER (non-restraint)  =    -47373.4661
 EKCMT  =      4018.2618  VIRIAL  =      3539.5174  VOLUME     =    155766.5219
                                                    Density    =         1.0310
 ------------------------------------------------------------------------------

wrapping first mol.:       19.57345       27.68103       47.94495
wrapping first mol.:       19.57345       27.68103       47.94495

 NSTEP =    34500   TIME(PS) =    6269.000  TEMP(K) =   301.14  PRESS =   235.8
 Etot   =    -37850.4847  EKtot   =      9724.1592  EPtot      =    -47574.6439
 BOND   =       405.2897  ANGLE   =       991.5617  DIHED      =      1638.7356
 1-4 NB =       454.4337  1-4 EEL =      5764.1982  VDWAALS    =      5151.8323
 EELEC  =    -61984.5153  EHBOND  =         0.0000  RESTRAINT  =         3.8202
 EAMBER (non-restraint)  =    -47578.4641
 EKCMT  =      4121.5330  VIRIAL  =      3328.0354  VOLUME     =    155859.9569
                                                    Density    =         1.0304
 ------------------------------------------------------------------------------

wrapping first mol.:       19.56564       27.66999       47.92582
wrapping first mol.:       19.56564       27.66999       47.92582

 NSTEP =    35000   TIME(PS) =    6270.000  TEMP(K) =   300.01  PRESS =  -231.2
 Etot   =    -37767.8536  EKtot   =      9687.4268  EPtot      =    -47455.2804
 BOND   =       406.1017  ANGLE   =      1027.5695  DIHED      =      1673.5246
 1-4 NB =       471.4165  1-4 EEL =      5739.3145  VDWAALS    =      5034.1989
 EELEC  =    -61811.3362  EHBOND  =         0.0000  RESTRAINT  =         3.9302
 EAMBER (non-restraint)  =    -47459.2106
 EKCMT  =      4016.4091  VIRIAL  =      4793.6451  VOLUME     =    155679.9470
                                                    Density    =         1.0316
 ------------------------------------------------------------------------------

wrapping first mol.:       19.57969       27.68987       47.96025
wrapping first mol.:       19.57969       27.68987       47.96025

 NSTEP =    35500   TIME(PS) =    6271.000  TEMP(K) =   302.53  PRESS =   165.8
 Etot   =    -37912.3458  EKtot   =      9769.0957  EPtot      =    -47681.4415
 BOND   =       399.1894  ANGLE   =       985.7018  DIHED      =      1625.7535
 1-4 NB =       475.9953  1-4 EEL =      5788.3843  VDWAALS    =      5326.2727
 EELEC  =    -62286.6660  EHBOND  =         0.0000  RESTRAINT  =         3.9274
 EAMBER (non-restraint)  =    -47685.3690
 EKCMT  =      4105.9739  VIRIAL  =      3547.4532  VOLUME     =    156010.2034
                                                    Density    =         1.0294
 ------------------------------------------------------------------------------

wrapping first mol.:       19.58626       27.69916       47.97635
wrapping first mol.:       19.58626       27.69916       47.97635

 NSTEP =    36000   TIME(PS) =    6272.000  TEMP(K) =   296.30  PRESS =  -171.0
 Etot   =    -38090.2413  EKtot   =      9567.6621  EPtot      =    -47657.9034
 BOND   =       388.6010  ANGLE   =      1048.7198  DIHED      =      1630.4911
 1-4 NB =       448.4492  1-4 EEL =      5756.9173  VDWAALS    =      5166.6781
 EELEC  =    -62101.7211  EHBOND  =         0.0000  RESTRAINT  =         3.9612
 EAMBER (non-restraint)  =    -47661.8646
 EKCMT  =      3943.2732  VIRIAL  =      4519.8348  VOLUME     =    156172.0150
                                                    Density    =         1.0284
 ------------------------------------------------------------------------------

wrapping first mol.:       19.57311       27.68056       47.94414
wrapping first mol.:       19.57311       27.68056       47.94414

 NSTEP =    36500   TIME(PS) =    6273.000  TEMP(K) =   299.18  PRESS =    26.1
 Etot   =    -38026.5009  EKtot   =      9660.6279  EPtot      =    -47687.1288
 BOND   =       383.1591  ANGLE   =      1024.4395  DIHED      =      1636.9294
 1-4 NB =       468.2426  1-4 EEL =      5808.0700  VDWAALS    =      5309.7832
 EELEC  =    -62321.6043  EHBOND  =         0.0000  RESTRAINT  =         3.8517
 EAMBER (non-restraint)  =    -47690.9805
 EKCMT  =      4052.4332  VIRIAL  =      3964.4819  VOLUME     =    155854.8973
                                                    Density    =         1.0304
 ------------------------------------------------------------------------------

wrapping first mol.:       19.57172       27.67859       47.94071
wrapping first mol.:       19.57172       27.67859       47.94071

 NSTEP =    37000   TIME(PS) =    6274.000  TEMP(K) =   297.48  PRESS =   181.6
 Etot   =    -37974.0587  EKtot   =      9605.8516  EPtot      =    -47579.9103
 BOND   =       409.1192  ANGLE   =      1010.9237  DIHED      =      1639.1761
 1-4 NB =       463.7986  1-4 EEL =      5756.3137  VDWAALS    =      5341.7220
 EELEC  =    -62204.6699  EHBOND  =         0.0000  RESTRAINT  =         3.7063
 EAMBER (non-restraint)  =    -47583.6166
 EKCMT  =      4027.3995  VIRIAL  =      3416.2872  VOLUME     =    155819.3512
                                                    Density    =         1.0307
 ------------------------------------------------------------------------------

wrapping first mol.:       19.57345       27.68104       47.94496
wrapping first mol.:       19.57345       27.68104       47.94496

 NSTEP =    37500   TIME(PS) =    6275.000  TEMP(K) =   301.07  PRESS =    85.1
 Etot   =    -37902.5636  EKtot   =      9721.6738  EPtot      =    -47624.2374
 BOND   =       431.8632  ANGLE   =      1026.5214  DIHED      =      1617.0639
 1-4 NB =       456.6125  1-4 EEL =      5719.8594  VDWAALS    =      5395.9411
 EELEC  =    -62276.1543  EHBOND  =         0.0000  RESTRAINT  =         4.0554
 EAMBER (non-restraint)  =    -47628.2929
 EKCMT  =      4066.8647  VIRIAL  =      3780.5725  VOLUME     =    155862.1131
                                                    Density    =         1.0304
 ------------------------------------------------------------------------------

wrapping first mol.:       19.57751       27.68678       47.95491
wrapping first mol.:       19.57751       27.68678       47.95491

 NSTEP =    38000   TIME(PS) =    6276.000  TEMP(K) =   300.81  PRESS =   165.5
 Etot   =    -37893.4866  EKtot   =      9713.3125  EPtot      =    -47606.7991
 BOND   =       424.3847  ANGLE   =      1017.5721  DIHED      =      1611.8249
 1-4 NB =       468.6376  1-4 EEL =      5706.2133  VDWAALS    =      5262.5891
 EELEC  =    -62102.2950  EHBOND  =         0.0000  RESTRAINT  =         4.2742
 EAMBER (non-restraint)  =    -47611.0734
 EKCMT  =      4116.1160  VIRIAL  =      3558.7482  VOLUME     =    155958.0562
                                                    Density    =         1.0298
 ------------------------------------------------------------------------------

wrapping first mol.:       19.56453       27.66842       47.92311
wrapping first mol.:       19.56453       27.66842       47.92311

 NSTEP =    38500   TIME(PS) =    6277.000  TEMP(K) =   301.56  PRESS =   -93.2
 Etot   =    -37920.7805  EKtot   =      9737.5166  EPtot      =    -47658.2971
 BOND   =       383.5298  ANGLE   =      1048.4658  DIHED      =      1635.3288
 1-4 NB =       473.5310  1-4 EEL =      5717.9339  VDWAALS    =      5185.4497
 EELEC  =    -62106.7007  EHBOND  =         0.0000  RESTRAINT  =         4.1646
 EAMBER (non-restraint)  =    -47662.4617
 EKCMT  =      4088.3588  VIRIAL  =      4401.5345  VOLUME     =    155651.6238
                                                    Density    =         1.0318
 ------------------------------------------------------------------------------

wrapping first mol.:       19.55940       27.66117       47.91055
wrapping first mol.:       19.55940       27.66117       47.91055

 NSTEP =    39000   TIME(PS) =    6278.000  TEMP(K) =   299.97  PRESS =  -115.6
 Etot   =    -37791.6858  EKtot   =      9686.3818  EPtot      =    -47478.0676
 BOND   =       432.3237  ANGLE   =      1053.6478  DIHED      =      1623.5766
 1-4 NB =       463.5074  1-4 EEL =      5738.4075  VDWAALS    =      5192.8322
 EELEC  =    -61986.8443  EHBOND  =         0.0000  RESTRAINT  =         4.4815
 EAMBER (non-restraint)  =    -47482.5491
 EKCMT  =      4111.0283  VIRIAL  =      4499.0881  VOLUME     =    155529.5901
                                                    Density    =         1.0326
 ------------------------------------------------------------------------------

wrapping first mol.:       19.56147       27.66410       47.91562
wrapping first mol.:       19.56147       27.66410       47.91562

 NSTEP =    39500   TIME(PS) =    6279.000  TEMP(K) =   302.70  PRESS =   -52.1
 Etot   =    -37926.9265  EKtot   =      9774.5059  EPtot      =    -47701.4324
 BOND   =       402.5044  ANGLE   =      1034.1148  DIHED      =      1623.0245
 1-4 NB =       465.2619  1-4 EEL =      5730.9947  VDWAALS    =      5230.7322
 EELEC  =    -62193.4567  EHBOND  =         0.0000  RESTRAINT  =         5.3918
 EAMBER (non-restraint)  =    -47706.8242
 EKCMT  =      4112.6252  VIRIAL  =      4287.4872  VOLUME     =    155578.0722
                                                    Density    =         1.0323
 ------------------------------------------------------------------------------

wrapping first mol.:       19.54882       27.64621       47.88464
wrapping first mol.:       19.54882       27.64621       47.88464

 NSTEP =    40000   TIME(PS) =    6280.000  TEMP(K) =   300.56  PRESS =   108.9
 Etot   =    -37824.5735  EKtot   =      9705.4531  EPtot      =    -47530.0266
 BOND   =       399.5879  ANGLE   =      1055.3853  DIHED      =      1625.7929
 1-4 NB =       479.6983  1-4 EEL =      5769.7663  VDWAALS    =      5241.2144
 EELEC  =    -62106.9152  EHBOND  =         0.0000  RESTRAINT  =         5.4435
 EAMBER (non-restraint)  =    -47535.4701
 EKCMT  =      4063.1133  VIRIAL  =      3698.0496  VOLUME     =    155274.2598
                                                    Density    =         1.0343
 ------------------------------------------------------------------------------

wrapping first mol.:       19.55000       27.64788       47.88752
wrapping first mol.:       19.55000       27.64788       47.88752

 NSTEP =    40500   TIME(PS) =    6281.000  TEMP(K) =   302.70  PRESS =     4.6
 Etot   =    -38025.2089  EKtot   =      9774.3252  EPtot      =    -47799.5341
 BOND   =       395.9039  ANGLE   =      1023.8397  DIHED      =      1637.5281
 1-4 NB =       479.0190  1-4 EEL =      5724.7128  VDWAALS    =      5390.1327
 EELEC  =    -62455.9213  EHBOND  =         0.0000  RESTRAINT  =         5.2511
 EAMBER (non-restraint)  =    -47804.7852
 EKCMT  =      4074.3642  VIRIAL  =      4058.7915  VOLUME     =    155303.7579
                                                    Density    =         1.0341
 ------------------------------------------------------------------------------

wrapping first mol.:       19.54843       27.64565       47.88368
wrapping first mol.:       19.54843       27.64565       47.88368

 NSTEP =    41000   TIME(PS) =    6282.000  TEMP(K) =   299.76  PRESS =   296.1
 Etot   =    -37975.7427  EKtot   =      9679.5547  EPtot      =    -47655.2974
 BOND   =       401.9853  ANGLE   =      1023.6676  DIHED      =      1612.4959
 1-4 NB =       460.7747  1-4 EEL =      5777.5581  VDWAALS    =      5271.0873
 EELEC  =    -62208.4686  EHBOND  =         0.0000  RESTRAINT  =         5.6022
 EAMBER (non-restraint)  =    -47660.8996
 EKCMT  =      4100.8481  VIRIAL  =      3108.1353  VOLUME     =    155262.2763
                                                    Density    =         1.0344
 ------------------------------------------------------------------------------

wrapping first mol.:       19.55552       27.65567       47.90103
wrapping first mol.:       19.55552       27.65567       47.90103

 NSTEP =    41500   TIME(PS) =    6283.000  TEMP(K) =   301.65  PRESS =  -157.8
 Etot   =    -37862.3424  EKtot   =      9740.6641  EPtot      =    -47603.0064
 BOND   =       420.2369  ANGLE   =      1032.6496  DIHED      =      1624.7199
 1-4 NB =       466.3706  1-4 EEL =      5753.0718  VDWAALS    =      5260.9314
 EELEC  =    -62166.7396  EHBOND  =         0.0000  RESTRAINT  =         5.7530
 EAMBER (non-restraint)  =    -47608.7594
 EKCMT  =      4116.8372  VIRIAL  =      4646.3870  VOLUME     =    155437.4363
                                                    Density    =         1.0332
 ------------------------------------------------------------------------------

wrapping first mol.:       19.56818       27.67358       47.93205
wrapping first mol.:       19.56818       27.67358       47.93205

 NSTEP =    42000   TIME(PS) =    6284.000  TEMP(K) =   301.61  PRESS =   246.0
 Etot   =    -37892.5097  EKtot   =      9739.1738  EPtot      =    -47631.6835
 BOND   =       399.3660  ANGLE   =      1014.1461  DIHED      =      1637.6191
 1-4 NB =       482.9902  1-4 EEL =      5747.3894  VDWAALS    =      5281.0786
 EELEC  =    -62200.7326  EHBOND  =         0.0000  RESTRAINT  =         6.4597
 EAMBER (non-restraint)  =    -47638.1433
 EKCMT  =      4140.9831  VIRIAL  =      3313.8580  VOLUME     =    155733.9666
                                                    Density    =         1.0312
 ------------------------------------------------------------------------------

wrapping first mol.:       19.58179       27.69284       47.96540
wrapping first mol.:       19.58179       27.69284       47.96540

 NSTEP =    42500   TIME(PS) =    6285.000  TEMP(K) =   301.36  PRESS =  -110.1
 Etot   =    -37926.1972  EKtot   =      9731.1934  EPtot      =    -47657.3905
 BOND   =       381.7894  ANGLE   =       997.8375  DIHED      =      1620.2611
 1-4 NB =       480.9259  1-4 EEL =      5750.6781  VDWAALS    =      5142.2075
 EELEC  =    -62036.9871  EHBOND  =         0.0000  RESTRAINT  =         5.8971
 EAMBER (non-restraint)  =    -47663.2876
 EKCMT  =      4096.2701  VIRIAL  =      4467.2991  VOLUME     =    156064.2193
                                                    Density    =         1.0291
 ------------------------------------------------------------------------------

wrapping first mol.:       19.58860       27.70246       47.98206
wrapping first mol.:       19.58860       27.70246       47.98206

 NSTEP =    43000   TIME(PS) =    6286.000  TEMP(K) =   301.46  PRESS =    47.4
 Etot   =    -37645.7397  EKtot   =      9734.4180  EPtot      =    -47380.1576
 BOND   =       394.4733  ANGLE   =      1025.1535  DIHED      =      1638.7620
 1-4 NB =       489.7795  1-4 EEL =      5764.4064  VDWAALS    =      5215.2085
 EELEC  =    -61914.3808  EHBOND  =         0.0000  RESTRAINT  =         6.4400
 EAMBER (non-restraint)  =    -47386.5976
 EKCMT  =      4093.5195  VIRIAL  =      3933.7782  VOLUME     =    156224.7715
                                                    Density    =         1.0280
 ------------------------------------------------------------------------------

wrapping first mol.:       19.58734       27.70068       47.97897
wrapping first mol.:       19.58734       27.70068       47.97897

 NSTEP =    43500   TIME(PS) =    6287.000  TEMP(K) =   297.39  PRESS =   418.7
 Etot   =    -37851.2597  EKtot   =      9602.9951  EPtot      =    -47454.2549
 BOND   =       404.7326  ANGLE   =      1062.5357  DIHED      =      1643.0474
 1-4 NB =       472.6007  1-4 EEL =      5721.1818  VDWAALS    =      5363.6422
 EELEC  =    -62128.6620  EHBOND  =         0.0000  RESTRAINT  =         6.6667
 EAMBER (non-restraint)  =    -47460.9216
 EKCMT  =      4084.2506  VIRIAL  =      2672.2840  VOLUME     =    156189.4270
                                                    Density    =         1.0282
 ------------------------------------------------------------------------------

wrapping first mol.:       19.57794       27.68739       47.95596
wrapping first mol.:       19.57794       27.68739       47.95596

 NSTEP =    44000   TIME(PS) =    6288.000  TEMP(K) =   299.09  PRESS =   218.5
 Etot   =    -37891.8221  EKtot   =      9657.8604  EPtot      =    -47549.6825
 BOND   =       410.6602  ANGLE   =      1038.0701  DIHED      =      1642.7800
 1-4 NB =       472.1572  1-4 EEL =      5738.3141  VDWAALS    =      5377.0085
 EELEC  =    -62234.5778  EHBOND  =         0.0000  RESTRAINT  =         5.9052
 EAMBER (non-restraint)  =    -47555.5876
 EKCMT  =      3995.4695  VIRIAL  =      3259.7520  VOLUME     =    155967.5198
                                                    Density    =         1.0297
 ------------------------------------------------------------------------------

wrapping first mol.:       19.58200       27.69313       47.96591
wrapping first mol.:       19.58200       27.69313       47.96591

 NSTEP =    44500   TIME(PS) =    6289.000  TEMP(K) =   302.21  PRESS =  -274.2
 Etot   =    -37998.0394  EKtot   =      9758.6602  EPtot      =    -47756.6996
 BOND   =       382.3939  ANGLE   =      1024.0512  DIHED      =      1628.6559
 1-4 NB =       479.5983  1-4 EEL =      5786.7290  VDWAALS    =      5093.5494
 EELEC  =    -62157.1519  EHBOND  =         0.0000  RESTRAINT  =         5.4746
 EAMBER (non-restraint)  =    -47762.1742
 EKCMT  =      4141.9802  VIRIAL  =      5065.9674  VOLUME     =    156071.5025
                                                    Density    =         1.0290
 ------------------------------------------------------------------------------

wrapping first mol.:       19.57300       27.68041       47.94387
wrapping first mol.:       19.57300       27.68041       47.94387

 NSTEP =    45000   TIME(PS) =    6290.000  TEMP(K) =   303.69  PRESS =   134.5
 Etot   =    -37737.8193  EKtot   =      9806.2656  EPtot      =    -47544.0850
 BOND   =       399.2779  ANGLE   =      1039.2013  DIHED      =      1628.0686
 1-4 NB =       478.6802  1-4 EEL =      5750.0662  VDWAALS    =      5129.8461
 EELEC  =    -61973.9813  EHBOND  =         0.0000  RESTRAINT  =         4.7560
 EAMBER (non-restraint)  =    -47548.8409
 EKCMT  =      4109.8710  VIRIAL  =      3657.3030  VOLUME     =    155850.7612
                                                    Density    =         1.0305
 ------------------------------------------------------------------------------

wrapping first mol.:       19.57578       27.68433       47.95067
wrapping first mol.:       19.57578       27.68433       47.95067

 NSTEP =    45500   TIME(PS) =    6291.000  TEMP(K) =   298.12  PRESS =    85.9
 Etot   =    -38014.5701  EKtot   =      9626.4111  EPtot      =    -47640.9812
 BOND   =       408.9645  ANGLE   =      1024.9183  DIHED      =      1634.7493
 1-4 NB =       469.8183  1-4 EEL =      5760.8329  VDWAALS    =      5261.9731
 EELEC  =    -62206.9593  EHBOND  =         0.0000  RESTRAINT  =         4.7216
 EAMBER (non-restraint)  =    -47645.7028
 EKCMT  =      4038.7613  VIRIAL  =      3749.6689  VOLUME     =    155917.7919
                                                    Density    =         1.0300
 ------------------------------------------------------------------------------

wrapping first mol.:       19.57276       27.68006       47.94326
wrapping first mol.:       19.57276       27.68006       47.94326

 NSTEP =    46000   TIME(PS) =    6292.000  TEMP(K) =   302.31  PRESS =     9.9
 Etot   =    -37746.1837  EKtot   =      9761.9365  EPtot      =    -47508.1202
 BOND   =       413.9671  ANGLE   =      1079.9695  DIHED      =      1624.8362
 1-4 NB =       472.9818  1-4 EEL =      5770.2940  VDWAALS    =      5248.2806
 EELEC  =    -62122.7053  EHBOND  =         0.0000  RESTRAINT  =         4.2559
 EAMBER (non-restraint)  =    -47512.3762
 EKCMT  =      4087.9369  VIRIAL  =      4054.4972  VOLUME     =    155846.5761
                                                    Density    =         1.0305
 ------------------------------------------------------------------------------

wrapping first mol.:       19.57279       27.68010       47.94333
wrapping first mol.:       19.57279       27.68010       47.94333

 NSTEP =    46500   TIME(PS) =    6293.000  TEMP(K) =   300.11  PRESS =   480.1
 Etot   =    -37850.9546  EKtot   =      9690.8213  EPtot      =    -47541.7759
 BOND   =       390.3786  ANGLE   =      1037.0925  DIHED      =      1637.6714
 1-4 NB =       462.0434  1-4 EEL =      5780.3939  VDWAALS    =      5276.5113
 EELEC  =    -62130.6441  EHBOND  =         0.0000  RESTRAINT  =         4.7770
 EAMBER (non-restraint)  =    -47546.5529
 EKCMT  =      4056.8983  VIRIAL  =      2441.5741  VOLUME     =    155840.7783
                                                    Density    =         1.0305
 ------------------------------------------------------------------------------

wrapping first mol.:       19.59715       27.71456       48.00302
wrapping first mol.:       19.59715       27.71456       48.00302

 NSTEP =    47000   TIME(PS) =    6294.000  TEMP(K) =   304.32  PRESS =  -107.3
 Etot   =    -37572.3647  EKtot   =      9826.6084  EPtot      =    -47398.9731
 BOND   =       420.5341  ANGLE   =      1054.7774  DIHED      =      1629.7532
 1-4 NB =       474.5268  1-4 EEL =      5726.9829  VDWAALS    =      5227.1712
 EELEC  =    -61937.2639  EHBOND  =         0.0000  RESTRAINT  =         4.5452
 EAMBER (non-restraint)  =    -47403.5183
 EKCMT  =      4200.1061  VIRIAL  =      4562.5366  VOLUME     =    156431.7210
                                                    Density    =         1.0266
 ------------------------------------------------------------------------------

wrapping first mol.:       19.59382       27.70985       47.99487
wrapping first mol.:       19.59382       27.70985       47.99487

 NSTEP =    47500   TIME(PS) =    6295.000  TEMP(K) =   297.73  PRESS =   -26.2
 Etot   =    -37834.6339  EKtot   =      9614.0596  EPtot      =    -47448.6935
 BOND   =       396.4441  ANGLE   =       998.9736  DIHED      =      1619.9890
 1-4 NB =       470.9941  1-4 EEL =      5811.6008  VDWAALS    =      5134.5584
 EELEC  =    -61885.7234  EHBOND  =         0.0000  RESTRAINT  =         4.4699
 EAMBER (non-restraint)  =    -47453.1634
 EKCMT  =      4018.7698  VIRIAL  =      4107.0836  VOLUME     =    156350.8854
                                                    Density    =         1.0272
 ------------------------------------------------------------------------------

wrapping first mol.:       19.58374       27.69559       47.97016
wrapping first mol.:       19.58374       27.69559       47.97016

 NSTEP =    48000   TIME(PS) =    6296.000  TEMP(K) =   297.45  PRESS =   110.0
 Etot   =    -37885.8841  EKtot   =      9605.0811  EPtot      =    -47490.9652
 BOND   =       382.8221  ANGLE   =       992.3317  DIHED      =      1634.7633
 1-4 NB =       477.3755  1-4 EEL =      5791.1018  VDWAALS    =      5219.1824
 EELEC  =    -61993.5276  EHBOND  =         0.0000  RESTRAINT  =         4.9855
 EAMBER (non-restraint)  =    -47495.9507
 EKCMT  =      4020.9618  VIRIAL  =      3650.3591  VOLUME     =    156107.6769
                                                    Density    =         1.0288
 ------------------------------------------------------------------------------

wrapping first mol.:       19.57526       27.68360       47.94939
wrapping first mol.:       19.57526       27.68360       47.94939

 NSTEP =    48500   TIME(PS) =    6297.000  TEMP(K) =   301.11  PRESS =   261.4
 Etot   =    -37620.0547  EKtot   =      9723.2441  EPtot      =    -47343.2988
 BOND   =       389.2588  ANGLE   =      1059.8562  DIHED      =      1656.8066
 1-4 NB =       460.8698  1-4 EEL =      5776.1501  VDWAALS    =      5293.7231
 EELEC  =    -61984.9848  EHBOND  =         0.0000  RESTRAINT  =         5.0214
 EAMBER (non-restraint)  =    -47348.3202
 EKCMT  =      4040.3101  VIRIAL  =      3160.3022  VOLUME     =    155902.9061
                                                    Density    =         1.0301
 ------------------------------------------------------------------------------

wrapping first mol.:       19.58365       27.69546       47.96994
wrapping first mol.:       19.58365       27.69546       47.96994

 NSTEP =    49000   TIME(PS) =    6298.000  TEMP(K) =   301.64  PRESS =    57.1
 Etot   =    -37661.4890  EKtot   =      9740.2275  EPtot      =    -47401.7166
 BOND   =       396.0041  ANGLE   =       988.6285  DIHED      =      1636.2648
 1-4 NB =       471.8550  1-4 EEL =      5751.0160  VDWAALS    =      5161.4176
 EELEC  =    -61811.3760  EHBOND  =         0.0000  RESTRAINT  =         4.4735
 EAMBER (non-restraint)  =    -47406.1901
 EKCMT  =      4133.8879  VIRIAL  =      3941.4643  VOLUME     =    156106.2416
                                                    Density    =         1.0288
 ------------------------------------------------------------------------------

wrapping first mol.:       19.59294       27.70861       47.99271
wrapping first mol.:       19.59294       27.70861       47.99271

 NSTEP =    49500   TIME(PS) =    6299.000  TEMP(K) =   299.10  PRESS =    38.1
 Etot   =    -37944.5940  EKtot   =      9658.0947  EPtot      =    -47602.6887
 BOND   =       393.8310  ANGLE   =      1012.9293  DIHED      =      1642.0288
 1-4 NB =       465.2569  1-4 EEL =      5744.1684  VDWAALS    =      5233.7679
 EELEC  =    -62098.2825  EHBOND  =         0.0000  RESTRAINT  =         3.6114
 EAMBER (non-restraint)  =    -47606.3002
 EKCMT  =      4072.8011  VIRIAL  =      3944.0620  VOLUME     =    156328.9127
                                                    Density    =         1.0273
 ------------------------------------------------------------------------------

wrapping first mol.:       19.58552       27.69811       47.97453
wrapping first mol.:       19.58552       27.69811       47.97453

 NSTEP =    50000   TIME(PS) =    6300.000  TEMP(K) =   295.89  PRESS =    -2.8
 Etot   =    -38034.2582  EKtot   =      9554.5693  EPtot      =    -47588.8275
 BOND   =       431.9068  ANGLE   =      1030.1506  DIHED      =      1622.9188
 1-4 NB =       481.3768  1-4 EEL =      5742.0300  VDWAALS    =      5145.7519
 EELEC  =    -62046.7987  EHBOND  =         0.0000  RESTRAINT  =         3.8363
 EAMBER (non-restraint)  =    -47592.6639
 EKCMT  =      4038.8330  VIRIAL  =      4048.4157  VOLUME     =    156151.8867
                                                    Density    =         1.0285
 ------------------------------------------------------------------------------


      A V E R A G E S   O V E R     100 S T E P S


 NSTEP =    50000   TIME(PS) =    6300.000  TEMP(K) =   300.10  PRESS =    12.3
 Etot   =    -37890.4014  EKtot   =      9690.6286  EPtot      =    -47581.0300
 BOND   =       401.1406  ANGLE   =      1031.1003  DIHED      =      1635.9169
 1-4 NB =       469.6853  1-4 EEL =      5757.0812  VDWAALS    =      5215.7627
 EELEC  =    -62095.2118  EHBOND  =         0.0000  RESTRAINT  =         3.4947
 EAMBER (non-restraint)  =    -47584.5247
 EKCMT  =      4073.7367  VIRIAL  =      4032.5070  VOLUME     =    155849.2099
                                                    Density    =         1.0305
 ------------------------------------------------------------------------------


      R M S  F L U C T U A T I O N S


 NSTEP =    50000   TIME(PS) =    6300.000  TEMP(K) =     2.34  PRESS =   194.5
 Etot   =       124.1297  EKtot   =        75.5065  EPtot      =       106.2571
 BOND   =        15.9451  ANGLE   =        23.4533  DIHED      =        13.3214
 1-4 NB =         7.9458  1-4 EEL =        23.6021  VDWAALS    =       104.1915
 EELEC  =       157.1199  EHBOND  =         0.0000  RESTRAINT  =         1.2334
 EAMBER (non-restraint)  =       105.0238
 EKCMT  =        47.3355  VIRIAL  =       660.9205  VOLUME     =       279.7424
                                                    Density    =         0.0019
 ------------------------------------------------------------------------------

--------------------------------------------------------------------------------
   5.  TIMINGS
--------------------------------------------------------------------------------

|  NonSetup CPU Time in Major Routines:
|
|     Routine           Sec        %
|     ------------------------------
|     Nonbond          97.22   89.81
|     Bond              0.00    0.00
|     Angle             0.00    0.00
|     Dihedral          0.00    0.00
|     Shake             0.30    0.28
|     RunMD            10.69    9.87
|     Other             0.04    0.04
|     ------------------------------
|     Total           108.25

|  PME Nonbond Pairlist CPU Time:
|
|     Routine              Sec        %
|     ---------------------------------
|     Set Up Cit           0.00    0.00
|     Build List           0.00    0.00
|     ---------------------------------
|     Total                0.00    0.00

|  PME Direct Force CPU Time:
|
|     Routine              Sec        %
|     ---------------------------------
|     NonBonded Calc       0.00    0.00
|     Exclude Masked       0.00    0.00
|     Other                0.02    0.02
|     ---------------------------------
|     Total                0.02    0.02

|  PME Reciprocal Force CPU Time:
|
|     Routine              Sec        %
|     ---------------------------------
|     1D bspline           0.00    0.00
|     Grid Charges         0.00    0.00
|     Scalar Sum           0.00    0.00
|     Gradient Sum         0.00    0.00
|     FFT                  0.00    0.00
|     ---------------------------------
|     Total                0.00    0.00

|  Final Performance Info:
|     -----------------------------------------------------
|     Average timings for last   22000 steps:
|     Elapsed(s) =      47.62 Per Step(ms) =       2.16
|         ns/day =      79.83   seconds/ns =    1082.35
|
|     Average timings for all steps:
|     Elapsed(s) =     108.26 Per Step(ms) =       2.17
|         ns/day =      79.81   seconds/ns =    1082.64
|     -----------------------------------------------------

|  Setup CPU time:            0.42 seconds
|  NonSetup CPU time:       108.25 seconds
|  Total CPU time:          108.67 seconds     0.03 hours

|  Setup wall time:           1    seconds
|  NonSetup wall time:      108    seconds
|  Total wall time:         109    seconds     0.03 hours
