
          -------------------------------------------------------
          Amber 16 PMEMD                              2016
          -------------------------------------------------------

| PMEMD implementation of SANDER, Release 16

| Run on 04/16/2018 at 15:08:14

|   Executable path: pmemd.cuda
| Working directory: /home/german/lbp/run/4xcp/mhe/e
|          Hostname: Unknown
  [-O]verwriting output

File Assignments:
|   MDIN: 19equ.in                                                              
|  MDOUT: 19equ.out                                                             
| INPCRD: 18e4xcp.rst7                                                          
|   PARM: /home/german/lbp/top_files/4xcp.prmtop                                
| RESTRT: 19e4xcp.rst7                                                          
|   REFC: 18e4xcp.rst7                                                          
|  MDVEL: mdvel                                                                 
|   MDEN: mden                                                                  
|  MDCRD: 19e4xcp.nc                                                            
| MDINFO: mdinfo                                                                
|  MDFRC: mdfrc                                                                 


 Here is the input file:

Equilibration with solute restrictions                                         
&cntrl                                                                         
imin = 0,                           ! No Minimization                          
nmropt = 0,                         ! No NMR restraints read                   
                                                                               
! Nature and format of the input                                               
ntx = 5,                            ! Coordinates but no velocities will be rea
irest = 1,                          ! Do not run a new simulation              
                                                                               
! Nature and format of the output                                              
ntxo = 1,                           ! rstrt file in ASCII format               
ntpr = 500,                         ! inf in output every ntpr steps           
ntwr = 500,                         ! rstrt file every ntwr steps              
ntwx = 500,                         ! mdcrd file every ntwx steps              
ntwv = 0,                           ! mdvel without velocities                 
ntwe = 0,                           ! Do not write energies and temperatures   
idecomp = 0,                        ! No energy decomposition                  
iwrap = 1,                          ! Coordinates of the restart and mdcrd file
                                                                               
! Frozen or restrained atoms                                                   
ibelly = 0,                         ! No frozen atoms                          
ntr=1,                              ! Harmonic potential restraints            
restraint_wt = 0.6,                ! The weight for the positional restraints  
restraintmask = ':1-154@N,CA,C,O|:155',  ! restrained residues                 
                                                                               
! Molecular dynamics                                                           
nstlim = 50000,                     ! Number of MD-steps                       
dt = 0.002,                         ! Time step                                
                                                                               
! Temperature regulation                                                       
ntt = 3,                            ! Langevin thermostat                      
gamma_ln = 5,                       ! Gamma constant for Langevin              
temp0 = 300.0,                      ! Reference T at which the system is to be 
tempi = 300.0,                      ! Initial T                                
ig = -1,                            ! Seed for the RNG                         
                                                                               
! P and V regulation                                                           
ntp = 1,                            ! constant P                               
barostat = 1,                       ! Berendsen barostat                       
taup = 1,                           ! Pressure relaxation time                 
ntb = 2,                            ! Periodic box for constant P              
                                                                               
! SHAKE variables                                                              
ntc = 2,                            ! Bonds involving H are constrained        
ntf = 2,                            ! Bond interaction involving H are ommited.
                                                                               
cut = 10.0,                         ! Nonbonded cutoff                         
/                                                                              
&end                                                                           


Note: ig = -1. Setting random seed to   768271 based on wallclock time in 
      microseconds.
 
|--------------------- INFORMATION ----------------------
| GPU (CUDA) Version of PMEMD in use: NVIDIA GPU IN USE.
|                    Version 16.0.0
| 
|                      02/25/2016
| 
| Implementation by:
|                    Ross C. Walker     (SDSC)
|                    Scott Le Grand     (nVIDIA)
| 
| Precision model in use:
|      [SPFP] - Single Precision Forces, 64-bit Fixed Point
|               Accumulation. (Default)
| 
|--------------------------------------------------------
 
|----------------- CITATION INFORMATION -----------------
|
|    When publishing work that utilized the CUDA version
|    of AMBER, please cite the following in addition to
|    the regular AMBER citations:
|
|  - Romelia Salomon-Ferrer; Andreas W. Goetz; Duncan
|    Poole; Scott Le Grand; Ross C. Walker "Routine
|    microsecond molecular dynamics simulations with
|    AMBER - Part II: Particle Mesh Ewald", J. Chem.
|    Theory Comput., 2013, 9 (9), pp3878-3888,
|    DOI: 10.1021/ct400314y.
|
|  - Andreas W. Goetz; Mark J. Williamson; Dong Xu;
|    Duncan Poole; Scott Le Grand; Ross C. Walker
|    "Routine microsecond molecular dynamics simulations
|    with AMBER - Part I: Generalized Born", J. Chem.
|    Theory Comput., 2012, 8 (5), pp1542-1555.
|
|  - Scott Le Grand; Andreas W. Goetz; Ross C. Walker
|    "SPFP: Speed without compromise - a mixed precision
|    model for GPU accelerated molecular dynamics
|    simulations.", Comp. Phys. Comm., 2013, 184
|    pp374-380, DOI: 10.1016/j.cpc.2012.09.022
|
|--------------------------------------------------------
 
|------------------- GPU DEVICE INFO --------------------
|
|            CUDA_VISIBLE_DEVICES: 1
|   CUDA Capable Devices Detected:      1
|           CUDA Device ID in use:      0
|                CUDA Device Name: GeForce GTX 1060 6GB
|     CUDA Device Global Mem Size:   6072 MB
| CUDA Device Num Multiprocessors:     10
|           CUDA Device Core Freq:   1.76 GHz
|
|--------------------------------------------------------
 
 
| Conditional Compilation Defines Used:
| PUBFFT
| BINTRAJ
| CUDA
| EMIL

| Largest sphere to fit in unit cell has radius =    27.160

| New format PARM file being parsed.
| Version =    1.000 Date = 04/14/18 Time = 19:54:59

| Note: 1-4 EEL scale factors are being read from the topology file.

| Note: 1-4 VDW scale factors are being read from the topology file.
| Duplicated    0 dihedrals

| Duplicated    0 dihedrals

--------------------------------------------------------------------------------
   1.  RESOURCE   USE: 
--------------------------------------------------------------------------------

 getting new box info from bottom of inpcrd
 NATOM  =   22707 NTYPES =      17 NBONH =   21487 MBONA  =    1237
 NTHETH =    2916 MTHETA =    1649 NPHIH =    5625 MPHIA  =    5085
 NHPARM =       0 NPARM  =       0 NNB   =   40734 NRES   =    6902
 NBONA  =    1237 NTHETA =    1649 NPHIA =    5085 NUMBND =      64
 NUMANG =     139 NPTRA  =     166 NATYP =      37 NPHB   =       1
 IFBOX  =       2 NMXRS  =      50 IFCAP =       0 NEXTRA =       0
 NCOPY  =       0

| Coordinate Index Table dimensions:    10   10   10
| Direct force subcell size =     6.6527    6.6527    6.6527

     BOX TYPE: TRUNCATED OCTAHEDRON

--------------------------------------------------------------------------------
   2.  CONTROL  DATA  FOR  THE  RUN
--------------------------------------------------------------------------------

default_name                                                                    

General flags:
     imin    =       0, nmropt  =       0

Nature and format of input:
     ntx     =       5, irest   =       1, ntrx    =       1

Nature and format of output:
     ntxo    =       1, ntpr    =     500, ntrx    =       1, ntwr    =     500
     iwrap   =       1, ntwx    =     500, ntwv    =       0, ntwe    =       0
     ioutfm  =       1, ntwprt  =       0, idecomp =       0, rbornstat=      0

Potential function:
     ntf     =       2, ntb     =       2, igb     =       0, nsnb    =      25
     ipol    =       0, gbsa    =       0, iesp    =       0
     dielc   =   1.00000, cut     =  10.00000, intdiel =   1.00000

Frozen or restrained atoms:
     ibelly  =       0, ntr     =       1
     restraint_wt =   0.60000

Molecular dynamics:
     nstlim  =     50000, nscm    =         0, nrespa  =         1
     t       =   0.00000, dt      =   0.00200, vlimit  =  -1.00000

Langevin dynamics temperature regulation:
     ig      =  768271
     temp0   = 300.00000, tempi   = 300.00000, gamma_ln=   5.00000

Pressure regulation:
     ntp     =       1
     pres0   =   1.00000, comp    =  44.60000, taup    =   1.00000

SHAKE:
     ntc     =       2, jfastw  =       0
     tol     =   0.00001

| Intermolecular bonds treatment:
|     no_intermolecular_bonds =       1

| Energy averages sample interval:
|     ene_avg_sampling =     500

Ewald parameters:
     verbose =       0, ew_type =       0, nbflag  =       1, use_pme =       1
     vdwmeth =       1, eedmeth =       1, netfrc  =       1
     Box X =   66.527   Box Y =   66.527   Box Z =   66.527
     Alpha =  109.471   Beta  =  109.471   Gamma =  109.471
     NFFT1 =   64       NFFT2 =   64       NFFT3 =   64
     Cutoff=   10.000   Tol   =0.100E-04
     Ewald Coefficient =  0.27511
     Interpolation order =    4

    LOADING THE CONSTRAINED ATOMS AS GROUPS


   5.  REFERENCE ATOM COORDINATES

  default_name                                                                    
     Mask :1-154@N,CA,C,O|:155; matches   666 atoms

--------------------------------------------------------------------------------
   3.  ATOMIC COORDINATES AND VELOCITIES
--------------------------------------------------------------------------------

default_name                                                                    
 begin time read from input coords =  1940.000 ps

 
 Number of triangulated 3-point waters found:     6742

     Sum of charges from parm topology file =  -0.00100007
     Forcing neutrality...

| Dynamic Memory, Types Used:
| Reals             1110941
| Integers           801642

| Nonbonded Pairs Initial Allocation:     6868299

| GPU memory information (estimate):
| KB of GPU memory in use:    164972
| KB of CPU memory in use:     32499

--------------------------------------------------------------------------------
   4.  RESULTS
--------------------------------------------------------------------------------

 ---------------------------------------------------
 APPROXIMATING switch and d/dx switch using CUBIC SPLINE INTERPOLATION
 using   5000.0 points per unit in tabled values
 TESTING RELATIVE ERROR over r ranging from 0.0 to cutoff
| CHECK switch(x): max rel err =   0.2738E-14   at   2.422500
| CHECK d/dx switch(x): max rel err =   0.8314E-11   at   2.736960
 ---------------------------------------------------
|---------------------------------------------------
| APPROXIMATING direct energy using CUBIC SPLINE INTERPOLATION
|  with   50.0 points per unit in tabled values
| Relative Error Limit not exceeded for r .gt.   2.33
| APPROXIMATING direct force using CUBIC SPLINE INTERPOLATION
|  with   50.0 points per unit in tabled values
| Relative Error Limit not exceeded for r .gt.   2.80
|---------------------------------------------------
wrapping first mol.:       22.18021       31.36755       54.33018
wrapping first mol.:       22.18021       31.36755       54.33018

 NSTEP =      500   TIME(PS) =    1941.000  TEMP(K) =   302.30  PRESS =   178.7
 Etot   =    -54226.0999  EKtot   =     14007.2305  EPtot      =    -68233.3304
 BOND   =       457.5641  ANGLE   =      1228.4396  DIHED      =      1848.9728
 1-4 NB =       575.0473  1-4 EEL =      8849.3153  VDWAALS    =      8183.7717
 EELEC  =    -89424.0359  EHBOND  =         0.0000  RESTRAINT  =        47.5947
 EAMBER (non-restraint)  =    -68280.9251
 EKCMT  =      6152.7680  VIRIAL  =      5277.8447  VOLUME     =    226794.0109
                                                    Density    =         1.0168
 ------------------------------------------------------------------------------

wrapping first mol.:       22.18067       31.36821       54.33133
wrapping first mol.:       22.18067       31.36821       54.33133

 NSTEP =     1000   TIME(PS) =    1942.000  TEMP(K) =   297.37  PRESS =  -333.5
 Etot   =    -54535.9013  EKtot   =     13778.5303  EPtot      =    -68314.4316
 BOND   =       437.0667  ANGLE   =      1213.9224  DIHED      =      1884.6581
 1-4 NB =       576.1763  1-4 EEL =      8868.0092  VDWAALS    =      7956.5360
 EELEC  =    -89294.9065  EHBOND  =         0.0000  RESTRAINT  =        44.1062
 EAMBER (non-restraint)  =    -68358.5378
 EKCMT  =      6025.7610  VIRIAL  =      7659.0214  VOLUME     =    226818.6770
                                                    Density    =         1.0167
 ------------------------------------------------------------------------------

wrapping first mol.:       22.18159       31.36950       54.33357
wrapping first mol.:       22.18159       31.36950       54.33357

 NSTEP =     1500   TIME(PS) =    1943.000  TEMP(K) =   302.45  PRESS =  -128.5
 Etot   =    -54334.8072  EKtot   =     14014.0010  EPtot      =    -68348.8081
 BOND   =       418.5585  ANGLE   =      1218.5817  DIHED      =      1872.4367
 1-4 NB =       575.4062  1-4 EEL =      8828.2978  VDWAALS    =      8159.0469
 EELEC  =    -89469.5170  EHBOND  =         0.0000  RESTRAINT  =        48.3812
 EAMBER (non-restraint)  =    -68397.1893
 EKCMT  =      6011.2868  VIRIAL  =      6640.7444  VOLUME     =    226842.6024
                                                    Density    =         1.0166
 ------------------------------------------------------------------------------

wrapping first mol.:       22.17855       31.36521       54.32613
wrapping first mol.:       22.17855       31.36521       54.32613

 NSTEP =     2000   TIME(PS) =    1944.000  TEMP(K) =   300.36  PRESS =  -120.9
 Etot   =    -54218.1627  EKtot   =     13917.1719  EPtot      =    -68135.3346
 BOND   =       495.4513  ANGLE   =      1278.2223  DIHED      =      1888.0112
 1-4 NB =       569.9368  1-4 EEL =      8864.7120  VDWAALS    =      8029.5253
 EELEC  =    -89308.2922  EHBOND  =         0.0000  RESTRAINT  =        47.0987
 EAMBER (non-restraint)  =    -68182.4333
 EKCMT  =      6107.3453  VIRIAL  =      6699.1259  VOLUME     =    226749.3397
                                                    Density    =         1.0170
 ------------------------------------------------------------------------------

wrapping first mol.:       22.17311       31.35751       54.31279
wrapping first mol.:       22.17311       31.35751       54.31279

 NSTEP =     2500   TIME(PS) =    1945.000  TEMP(K) =   303.22  PRESS =    64.5
 Etot   =    -54479.9964  EKtot   =     14049.8193  EPtot      =    -68529.8157
 BOND   =       454.9900  ANGLE   =      1204.7663  DIHED      =      1873.5566
 1-4 NB =       580.8208  1-4 EEL =      8864.6608  VDWAALS    =      8247.6845
 EELEC  =    -89798.8044  EHBOND  =         0.0000  RESTRAINT  =        42.5097
 EAMBER (non-restraint)  =    -68572.3254
 EKCMT  =      6119.6067  VIRIAL  =      5803.8509  VOLUME     =    226578.6224
                                                    Density    =         1.0178
 ------------------------------------------------------------------------------

wrapping first mol.:       22.18079       31.36838       54.33162
wrapping first mol.:       22.18079       31.36838       54.33162

 NSTEP =     3000   TIME(PS) =    1946.000  TEMP(K) =   298.23  PRESS =  -158.4
 Etot   =    -54568.2790  EKtot   =     13818.3750  EPtot      =    -68386.6540
 BOND   =       460.5814  ANGLE   =      1251.5272  DIHED      =      1864.1939
 1-4 NB =       567.2849  1-4 EEL =      8873.1084  VDWAALS    =      8126.0091
 EELEC  =    -89577.1568  EHBOND  =         0.0000  RESTRAINT  =        47.7978
 EAMBER (non-restraint)  =    -68434.4519
 EKCMT  =      6053.7520  VIRIAL  =      6829.7256  VOLUME     =    226818.8202
                                                    Density    =         1.0167
 ------------------------------------------------------------------------------

wrapping first mol.:       22.17126       31.35489       54.30826
wrapping first mol.:       22.17126       31.35489       54.30826

 NSTEP =     3500   TIME(PS) =    1947.000  TEMP(K) =   298.77  PRESS =    50.7
 Etot   =    -54747.8491  EKtot   =     13843.3984  EPtot      =    -68591.2476
 BOND   =       420.9379  ANGLE   =      1269.8013  DIHED      =      1868.9752
 1-4 NB =       577.1363  1-4 EEL =      8858.6011  VDWAALS    =      8239.0981
 EELEC  =    -89880.1985  EHBOND  =         0.0000  RESTRAINT  =        54.4010
 EAMBER (non-restraint)  =    -68645.6485
 EKCMT  =      6044.0719  VIRIAL  =      5796.0789  VOLUME     =    226522.1136
                                                    Density    =         1.0180
 ------------------------------------------------------------------------------

wrapping first mol.:       22.18749       31.37785       54.34802
wrapping first mol.:       22.18749       31.37785       54.34802

 NSTEP =     4000   TIME(PS) =    1948.000  TEMP(K) =   299.13  PRESS =   187.3
 Etot   =    -54401.5242  EKtot   =     13860.1748  EPtot      =    -68261.6990
 BOND   =       457.3571  ANGLE   =      1214.3832  DIHED      =      1869.9358
 1-4 NB =       576.0789  1-4 EEL =      8821.2395  VDWAALS    =      8232.2440
 EELEC  =    -89482.3919  EHBOND  =         0.0000  RESTRAINT  =        49.4545
 EAMBER (non-restraint)  =    -68311.1535
 EKCMT  =      5960.2587  VIRIAL  =      5042.2412  VOLUME     =    227017.2676
                                                    Density    =         1.0158
 ------------------------------------------------------------------------------

wrapping first mol.:       22.17384       31.35854       54.31459
wrapping first mol.:       22.17384       31.35854       54.31459

 NSTEP =     4500   TIME(PS) =    1949.000  TEMP(K) =   299.02  PRESS =     5.1
 Etot   =    -54431.1839  EKtot   =     13855.3154  EPtot      =    -68286.4993
 BOND   =       472.6786  ANGLE   =      1252.3947  DIHED      =      1869.1945
 1-4 NB =       561.1370  1-4 EEL =      8879.8249  VDWAALS    =      8063.0371
 EELEC  =    -89438.0829  EHBOND  =         0.0000  RESTRAINT  =        53.3168
 EAMBER (non-restraint)  =    -68339.8161
 EKCMT  =      6099.0218  VIRIAL  =      6073.9325  VOLUME     =    226602.2511
                                                    Density    =         1.0177
 ------------------------------------------------------------------------------

wrapping first mol.:       22.17567       31.36113       54.31906
wrapping first mol.:       22.17567       31.36113       54.31906

 NSTEP =     5000   TIME(PS) =    1950.000  TEMP(K) =   300.74  PRESS =   125.9
 Etot   =    -54401.1500  EKtot   =     13934.8730  EPtot      =    -68336.0230
 BOND   =       484.2645  ANGLE   =      1207.6137  DIHED      =      1867.2744
 1-4 NB =       587.1883  1-4 EEL =      8858.6712  VDWAALS    =      8149.7508
 EELEC  =    -89541.3078  EHBOND  =         0.0000  RESTRAINT  =        50.5218
 EAMBER (non-restraint)  =    -68386.5448
 EKCMT  =      6078.9127  VIRIAL  =      5462.9449  VOLUME     =    226655.8087
                                                    Density    =         1.0174
 ------------------------------------------------------------------------------

wrapping first mol.:       22.17541       31.36076       54.31843
wrapping first mol.:       22.17541       31.36076       54.31843

 NSTEP =     5500   TIME(PS) =    1951.000  TEMP(K) =   299.12  PRESS =   101.9
 Etot   =    -54624.0184  EKtot   =     13860.0117  EPtot      =    -68484.0301
 BOND   =       470.4168  ANGLE   =      1172.7257  DIHED      =      1875.8298
 1-4 NB =       559.3310  1-4 EEL =      8840.6675  VDWAALS    =      8183.1514
 EELEC  =    -89637.9772  EHBOND  =         0.0000  RESTRAINT  =        51.8248
 EAMBER (non-restraint)  =    -68535.8550
 EKCMT  =      6115.1262  VIRIAL  =      5616.5696  VOLUME     =    226648.4189
                                                    Density    =         1.0174
 ------------------------------------------------------------------------------

wrapping first mol.:       22.17356       31.35815       54.31390
wrapping first mol.:       22.17356       31.35815       54.31390

 NSTEP =     6000   TIME(PS) =    1952.000  TEMP(K) =   297.27  PRESS =    51.5
 Etot   =    -54618.6903  EKtot   =     13773.9424  EPtot      =    -68392.6327
 BOND   =       433.3609  ANGLE   =      1194.9125  DIHED      =      1861.0142
 1-4 NB =       583.3721  1-4 EEL =      8858.8663  VDWAALS    =      8146.2483
 EELEC  =    -89521.4617  EHBOND  =         0.0000  RESTRAINT  =        51.0548
 EAMBER (non-restraint)  =    -68443.6875
 EKCMT  =      6005.7894  VIRIAL  =      5753.8853  VOLUME     =    226592.7430
                                                    Density    =         1.0177
 ------------------------------------------------------------------------------

wrapping first mol.:       22.17831       31.36487       54.32554
wrapping first mol.:       22.17831       31.36487       54.32554

 NSTEP =     6500   TIME(PS) =    1953.000  TEMP(K) =   300.05  PRESS =    95.7
 Etot   =    -54383.0855  EKtot   =     13903.0859  EPtot      =    -68286.1714
 BOND   =       478.1916  ANGLE   =      1198.0234  DIHED      =      1869.1375
 1-4 NB =       575.4917  1-4 EEL =      8889.2001  VDWAALS    =      8130.3228
 EELEC  =    -89475.8569  EHBOND  =         0.0000  RESTRAINT  =        49.3184
 EAMBER (non-restraint)  =    -68335.4899
 EKCMT  =      6063.2293  VIRIAL  =      5594.9019  VOLUME     =    226737.5282
                                                    Density    =         1.0170
 ------------------------------------------------------------------------------

wrapping first mol.:       22.18075       31.36832       54.33151
wrapping first mol.:       22.18075       31.36832       54.33151

 NSTEP =     7000   TIME(PS) =    1954.000  TEMP(K) =   302.15  PRESS =   102.8
 Etot   =    -54291.3269  EKtot   =     14000.1445  EPtot      =    -68291.4714
 BOND   =       476.6229  ANGLE   =      1198.5146  DIHED      =      1876.7648
 1-4 NB =       569.7898  1-4 EEL =      8891.4860  VDWAALS    =      8084.4514
 EELEC  =    -89436.4937  EHBOND  =         0.0000  RESTRAINT  =        47.3929
 EAMBER (non-restraint)  =    -68338.8643
 EKCMT  =      6113.5984  VIRIAL  =      5610.2096  VOLUME     =    226812.2132
                                                    Density    =         1.0167
 ------------------------------------------------------------------------------

wrapping first mol.:       22.17515       31.36040       54.31780
wrapping first mol.:       22.17515       31.36040       54.31780

 NSTEP =     7500   TIME(PS) =    1955.000  TEMP(K) =   296.55  PRESS =   -67.0
 Etot   =    -54513.7813  EKtot   =     13740.6172  EPtot      =    -68254.3985
 BOND   =       458.2871  ANGLE   =      1222.3426  DIHED      =      1875.3204
 1-4 NB =       564.3060  1-4 EEL =      8845.7777  VDWAALS    =      8141.0192
 EELEC  =    -89419.1871  EHBOND  =         0.0000  RESTRAINT  =        57.7355
 EAMBER (non-restraint)  =    -68312.1341
 EKCMT  =      6051.9807  VIRIAL  =      6380.0559  VOLUME     =    226643.9912
                                                    Density    =         1.0175
 ------------------------------------------------------------------------------

wrapping first mol.:       22.16903       31.35174       54.30280
wrapping first mol.:       22.16903       31.35174       54.30280

 NSTEP =     8000   TIME(PS) =    1956.000  TEMP(K) =   300.73  PRESS =    23.5
 Etot   =    -54374.7810  EKtot   =     13934.5264  EPtot      =    -68309.3074
 BOND   =       470.2538  ANGLE   =      1202.7919  DIHED      =      1861.9610
 1-4 NB =       577.4570  1-4 EEL =      8865.3148  VDWAALS    =      8221.2517
 EELEC  =    -89559.5006  EHBOND  =         0.0000  RESTRAINT  =        51.1630
 EAMBER (non-restraint)  =    -68360.4704
 EKCMT  =      5995.9794  VIRIAL  =      5880.9895  VOLUME     =    226454.3764
                                                    Density    =         1.0183
 ------------------------------------------------------------------------------

wrapping first mol.:       22.17009       31.35324       54.30540
wrapping first mol.:       22.17009       31.35324       54.30540

 NSTEP =     8500   TIME(PS) =    1957.000  TEMP(K) =   299.73  PRESS =    -1.2
 Etot   =    -54423.9669  EKtot   =     13888.0508  EPtot      =    -68312.0177
 BOND   =       437.4978  ANGLE   =      1224.0657  DIHED      =      1876.4384
 1-4 NB =       575.3820  1-4 EEL =      8868.8787  VDWAALS    =      8292.3798
 EELEC  =    -89639.3405  EHBOND  =         0.0000  RESTRAINT  =        52.6805
 EAMBER (non-restraint)  =    -68364.6982
 EKCMT  =      5972.6523  VIRIAL  =      5978.6666  VOLUME     =    226487.3932
                                                    Density    =         1.0182
 ------------------------------------------------------------------------------

wrapping first mol.:       22.17055       31.35390       54.30654
wrapping first mol.:       22.17055       31.35390       54.30654

 NSTEP =     9000   TIME(PS) =    1958.000  TEMP(K) =   303.62  PRESS =   126.0
 Etot   =    -54288.8270  EKtot   =     14068.3525  EPtot      =    -68357.1795
 BOND   =       432.8515  ANGLE   =      1190.3603  DIHED      =      1878.2163
 1-4 NB =       572.3284  1-4 EEL =      8874.8581  VDWAALS    =      8317.9296
 EELEC  =    -89668.3789  EHBOND  =         0.0000  RESTRAINT  =        44.6553
 EAMBER (non-restraint)  =    -68401.8348
 EKCMT  =      6135.6730  VIRIAL  =      5519.6416  VOLUME     =    226499.1031
                                                    Density    =         1.0181
 ------------------------------------------------------------------------------

wrapping first mol.:       22.16072       31.33999       54.28245
wrapping first mol.:       22.16072       31.33999       54.28245

 NSTEP =     9500   TIME(PS) =    1959.000  TEMP(K) =   297.80  PRESS =  -213.5
 Etot   =    -54496.1262  EKtot   =     13798.8867  EPtot      =    -68295.0129
 BOND   =       457.7385  ANGLE   =      1248.1658  DIHED      =      1895.5485
 1-4 NB =       573.2429  1-4 EEL =      8862.0287  VDWAALS    =      8097.2528
 EELEC  =    -89480.5223  EHBOND  =         0.0000  RESTRAINT  =        51.5321
 EAMBER (non-restraint)  =    -68346.5451
 EKCMT  =      6006.1461  VIRIAL  =      7048.9151  VOLUME     =    226204.6464
                                                    Density    =         1.0194
 ------------------------------------------------------------------------------

wrapping first mol.:       22.16689       31.34872       54.29757
wrapping first mol.:       22.16689       31.34872       54.29757

 NSTEP =    10000   TIME(PS) =    1960.000  TEMP(K) =   300.70  PRESS =  -123.4
 Etot   =    -54305.6924  EKtot   =     13933.2197  EPtot      =    -68238.9122
 BOND   =       472.6465  ANGLE   =      1222.7960  DIHED      =      1865.5090
 1-4 NB =       568.2395  1-4 EEL =      8884.4603  VDWAALS    =      8068.1615
 EELEC  =    -89367.8447  EHBOND  =         0.0000  RESTRAINT  =        47.1197
 EAMBER (non-restraint)  =    -68286.0319
 EKCMT  =      6057.3040  VIRIAL  =      6660.6254  VOLUME     =    226391.9198
                                                    Density    =         1.0186
 ------------------------------------------------------------------------------

wrapping first mol.:       22.17357       31.35816       54.31393
wrapping first mol.:       22.17357       31.35816       54.31393

 NSTEP =    10500   TIME(PS) =    1961.000  TEMP(K) =   299.48  PRESS =   -71.2
 Etot   =    -54502.7322  EKtot   =     13876.5098  EPtot      =    -68379.2420
 BOND   =       407.3198  ANGLE   =      1244.2844  DIHED      =      1860.8168
 1-4 NB =       569.7371  1-4 EEL =      8888.2153  VDWAALS    =      8040.8165
 EELEC  =    -89441.8668  EHBOND  =         0.0000  RESTRAINT  =        51.4349
 EAMBER (non-restraint)  =    -68430.6769
 EKCMT  =      6005.9280  VIRIAL  =      6354.2508  VOLUME     =    226595.5297
                                                    Density    =         1.0177
 ------------------------------------------------------------------------------

wrapping first mol.:       22.16876       31.35136       54.30214
wrapping first mol.:       22.16876       31.35136       54.30214

 NSTEP =    11000   TIME(PS) =    1962.000  TEMP(K) =   301.93  PRESS =   -67.4
 Etot   =    -54373.8921  EKtot   =     13990.1670  EPtot      =    -68364.0591
 BOND   =       435.1903  ANGLE   =      1209.0871  DIHED      =      1861.2050
 1-4 NB =       589.3871  1-4 EEL =      8911.9530  VDWAALS    =      7992.5273
 EELEC  =    -89417.5472  EHBOND  =         0.0000  RESTRAINT  =        54.1383
 EAMBER (non-restraint)  =    -68418.1974
 EKCMT  =      6115.9174  VIRIAL  =      6445.5551  VOLUME     =    226448.0322
                                                    Density    =         1.0183
 ------------------------------------------------------------------------------

wrapping first mol.:       22.16111       31.34054       54.28340
wrapping first mol.:       22.16111       31.34054       54.28340

 NSTEP =    11500   TIME(PS) =    1963.000  TEMP(K) =   301.35  PRESS =   -80.3
 Etot   =    -54659.6555  EKtot   =     13963.2646  EPtot      =    -68622.9201
 BOND   =       441.9991  ANGLE   =      1235.5899  DIHED      =      1846.1267
 1-4 NB =       573.1525  1-4 EEL =      8868.1458  VDWAALS    =      8206.1250
 EELEC  =    -89838.1332  EHBOND  =         0.0000  RESTRAINT  =        44.0741
 EAMBER (non-restraint)  =    -68666.9942
 EKCMT  =      6020.6344  VIRIAL  =      6412.6615  VOLUME     =    226213.8083
                                                    Density    =         1.0194
 ------------------------------------------------------------------------------

wrapping first mol.:       22.17932       31.36630       54.32802
wrapping first mol.:       22.17932       31.36630       54.32802

 NSTEP =    12000   TIME(PS) =    1964.000  TEMP(K) =   300.35  PRESS =    36.1
 Etot   =    -54288.6134  EKtot   =     13916.7930  EPtot      =    -68205.4063
 BOND   =       434.2468  ANGLE   =      1234.1681  DIHED      =      1882.8011
 1-4 NB =       563.1937  1-4 EEL =      8861.4872  VDWAALS    =      8181.7333
 EELEC  =    -89413.8559  EHBOND  =         0.0000  RESTRAINT  =        50.8194
 EAMBER (non-restraint)  =    -68256.2257
 EKCMT  =      5995.0010  VIRIAL  =      5818.3153  VOLUME     =    226769.7803
                                                    Density    =         1.0169
 ------------------------------------------------------------------------------

wrapping first mol.:       22.19023       31.38173       54.35474
wrapping first mol.:       22.19023       31.38173       54.35474

 NSTEP =    12500   TIME(PS) =    1965.000  TEMP(K) =   301.43  PRESS =   -39.4
 Etot   =    -54319.8656  EKtot   =     13966.6406  EPtot      =    -68286.5063
 BOND   =       460.0110  ANGLE   =      1189.4202  DIHED      =      1870.1468
 1-4 NB =       565.5719  1-4 EEL =      8900.6035  VDWAALS    =      8244.5139
 EELEC  =    -89566.0188  EHBOND  =         0.0000  RESTRAINT  =        49.2452
 EAMBER (non-restraint)  =    -68335.7514
 EKCMT  =      5988.3179  VIRIAL  =      6181.6482  VOLUME     =    227106.1372
                                                    Density    =         1.0154
 ------------------------------------------------------------------------------

wrapping first mol.:       22.17587       31.36142       54.31956
wrapping first mol.:       22.17587       31.36142       54.31956

 NSTEP =    13000   TIME(PS) =    1966.000  TEMP(K) =   299.14  PRESS =   -88.1
 Etot   =    -54440.5089  EKtot   =     13860.6709  EPtot      =    -68301.1798
 BOND   =       440.9433  ANGLE   =      1156.1547  DIHED      =      1864.6365
 1-4 NB =       591.0872  1-4 EEL =      8925.7063  VDWAALS    =      7976.2248
 EELEC  =    -89302.5145  EHBOND  =         0.0000  RESTRAINT  =        46.5819
 EAMBER (non-restraint)  =    -68347.7618
 EKCMT  =      6012.3253  VIRIAL  =      6443.4579  VOLUME     =    226666.4343
                                                    Density    =         1.0174
 ------------------------------------------------------------------------------

wrapping first mol.:       22.15822       31.33646       54.27633
wrapping first mol.:       22.15822       31.33646       54.27633

 NSTEP =    13500   TIME(PS) =    1967.000  TEMP(K) =   300.67  PRESS =   -64.1
 Etot   =    -54530.2947  EKtot   =     13931.8701  EPtot      =    -68462.1648
 BOND   =       457.1885  ANGLE   =      1219.5121  DIHED      =      1864.2788
 1-4 NB =       585.2699  1-4 EEL =      8883.7047  VDWAALS    =      8170.2621
 EELEC  =    -89696.2993  EHBOND  =         0.0000  RESTRAINT  =        53.9183
 EAMBER (non-restraint)  =    -68516.0832
 EKCMT  =      6111.3873  VIRIAL  =      6424.1469  VOLUME     =    226125.2287
                                                    Density    =         1.0198
 ------------------------------------------------------------------------------

wrapping first mol.:       22.15525       31.33225       54.26905
wrapping first mol.:       22.15525       31.33225       54.26905

 NSTEP =    14000   TIME(PS) =    1968.000  TEMP(K) =   302.99  PRESS =   184.0
 Etot   =    -54314.9541  EKtot   =     14038.9287  EPtot      =    -68353.8828
 BOND   =       462.6807  ANGLE   =      1211.3941  DIHED      =      1866.0646
 1-4 NB =       567.4005  1-4 EEL =      8849.1297  VDWAALS    =      8086.0585
 EELEC  =    -89445.4692  EHBOND  =         0.0000  RESTRAINT  =        48.8585
 EAMBER (non-restraint)  =    -68402.7413
 EKCMT  =      6117.3834  VIRIAL  =      5219.4623  VOLUME     =    226029.1594
                                                    Density    =         1.0202
 ------------------------------------------------------------------------------

wrapping first mol.:       22.16441       31.34521       54.29149
wrapping first mol.:       22.16441       31.34521       54.29149

 NSTEP =    14500   TIME(PS) =    1969.000  TEMP(K) =   301.77  PRESS =  -174.5
 Etot   =    -54421.0026  EKtot   =     13982.7832  EPtot      =    -68403.7858
 BOND   =       445.1234  ANGLE   =      1226.3572  DIHED      =      1855.1587
 1-4 NB =       586.1948  1-4 EEL =      8928.4479  VDWAALS    =      7982.3819
 EELEC  =    -89477.7329  EHBOND  =         0.0000  RESTRAINT  =        50.2832
 EAMBER (non-restraint)  =    -68454.0689
 EKCMT  =      5920.8266  VIRIAL  =      6773.3292  VOLUME     =    226316.9661
                                                    Density    =         1.0189
 ------------------------------------------------------------------------------

wrapping first mol.:       22.18608       31.37586       54.34457
wrapping first mol.:       22.18608       31.37586       54.34457

 NSTEP =    15000   TIME(PS) =    1970.000  TEMP(K) =   298.25  PRESS =    13.3
 Etot   =    -54556.7917  EKtot   =     13819.4248  EPtot      =    -68376.2165
 BOND   =       443.7562  ANGLE   =      1261.7855  DIHED      =      1862.3896
 1-4 NB =       561.4236  1-4 EEL =      8876.6878  VDWAALS    =      8188.4966
 EELEC  =    -89619.8550  EHBOND  =         0.0000  RESTRAINT  =        49.0992
 EAMBER (non-restraint)  =    -68425.3157
 EKCMT  =      6054.9278  VIRIAL  =      5989.7684  VOLUME     =    226977.6274
                                                    Density    =         1.0160
 ------------------------------------------------------------------------------

wrapping first mol.:       22.17658       31.36242       54.32129
wrapping first mol.:       22.17658       31.36242       54.32129

 NSTEP =    15500   TIME(PS) =    1971.000  TEMP(K) =   300.92  PRESS =   159.7
 Etot   =    -54402.1599  EKtot   =     13943.3857  EPtot      =    -68345.5456
 BOND   =       459.9277  ANGLE   =      1193.3606  DIHED      =      1858.6263
 1-4 NB =       580.7601  1-4 EEL =      8921.7842  VDWAALS    =      8231.3450
 EELEC  =    -89639.2326  EHBOND  =         0.0000  RESTRAINT  =        47.8831
 EAMBER (non-restraint)  =    -68393.4287
 EKCMT  =      6109.5120  VIRIAL  =      5328.0306  VOLUME     =    226683.0744
                                                    Density    =         1.0173
 ------------------------------------------------------------------------------

wrapping first mol.:       22.18679       31.37686       54.34631
wrapping first mol.:       22.18679       31.37686       54.34631

 NSTEP =    16000   TIME(PS) =    1972.000  TEMP(K) =   300.22  PRESS =    73.3
 Etot   =    -54545.0707  EKtot   =     13910.5693  EPtot      =    -68455.6400
 BOND   =       463.6448  ANGLE   =      1198.4137  DIHED      =      1863.1370
 1-4 NB =       573.2241  1-4 EEL =      8875.3460  VDWAALS    =      8244.2476
 EELEC  =    -89724.5546  EHBOND  =         0.0000  RESTRAINT  =        50.9014
 EAMBER (non-restraint)  =    -68506.5414
 EKCMT  =      6078.8999  VIRIAL  =      5719.7847  VOLUME     =    226998.2143
                                                    Density    =         1.0159
 ------------------------------------------------------------------------------

wrapping first mol.:       22.17798       31.36440       54.32472
wrapping first mol.:       22.17798       31.36440       54.32472

 NSTEP =    16500   TIME(PS) =    1973.000  TEMP(K) =   302.24  PRESS =   233.9
 Etot   =    -54221.9670  EKtot   =     14004.5938  EPtot      =    -68226.5607
 BOND   =       439.0455  ANGLE   =      1207.4109  DIHED      =      1863.0812
 1-4 NB =       577.1790  1-4 EEL =      8893.7670  VDWAALS    =      8173.4440
 EELEC  =    -89430.6622  EHBOND  =         0.0000  RESTRAINT  =        50.1739
 EAMBER (non-restraint)  =    -68276.7346
 EKCMT  =      6008.9871  VIRIAL  =      4863.8245  VOLUME     =    226724.5364
                                                    Density    =         1.0171
 ------------------------------------------------------------------------------

wrapping first mol.:       22.17969       31.36681       54.32891
wrapping first mol.:       22.17969       31.36681       54.32891

 NSTEP =    17000   TIME(PS) =    1974.000  TEMP(K) =   302.22  PRESS =  -272.9
 Etot   =    -54399.5221  EKtot   =     14003.4512  EPtot      =    -68402.9733
 BOND   =       451.0091  ANGLE   =      1193.9710  DIHED      =      1898.2632
 1-4 NB =       588.7179  1-4 EEL =      8906.0667  VDWAALS    =      8094.4690
 EELEC  =    -89584.4538  EHBOND  =         0.0000  RESTRAINT  =        48.9835
 EAMBER (non-restraint)  =    -68451.9568
 EKCMT  =      6163.9765  VIRIAL  =      7500.5033  VOLUME     =    226787.1917
                                                    Density    =         1.0168
 ------------------------------------------------------------------------------

wrapping first mol.:       22.16967       31.35265       54.30438
wrapping first mol.:       22.16967       31.35265       54.30438

 NSTEP =    17500   TIME(PS) =    1975.000  TEMP(K) =   297.91  PRESS =    65.0
 Etot   =    -54883.3978  EKtot   =     13803.9404  EPtot      =    -68687.3383
 BOND   =       463.3125  ANGLE   =      1193.7289  DIHED      =      1858.4602
 1-4 NB =       577.6229  1-4 EEL =      8881.5690  VDWAALS    =      8225.2105
 EELEC  =    -89942.5520  EHBOND  =         0.0000  RESTRAINT  =        55.3097
 EAMBER (non-restraint)  =    -68742.6480
 EKCMT  =      6068.9489  VIRIAL  =      5750.9553  VOLUME     =    226473.2737
                                                    Density    =         1.0182
 ------------------------------------------------------------------------------

wrapping first mol.:       22.17361       31.35822       54.31403
wrapping first mol.:       22.17361       31.35822       54.31403

 NSTEP =    18000   TIME(PS) =    1976.000  TEMP(K) =   297.97  PRESS =   138.6
 Etot   =    -54393.2296  EKtot   =     13806.5078  EPtot      =    -68199.7374
 BOND   =       433.8079  ANGLE   =      1231.5899  DIHED      =      1896.3312
 1-4 NB =       566.5083  1-4 EEL =      8844.4283  VDWAALS    =      8285.7588
 EELEC  =    -89516.2334  EHBOND  =         0.0000  RESTRAINT  =        58.0716
 EAMBER (non-restraint)  =    -68257.8091
 EKCMT  =      6020.0405  VIRIAL  =      5342.1211  VOLUME     =    226592.6449
                                                    Density    =         1.0177
 ------------------------------------------------------------------------------

wrapping first mol.:       22.18825       31.37892       54.34988
wrapping first mol.:       22.18825       31.37892       54.34988

 NSTEP =    18500   TIME(PS) =    1977.000  TEMP(K) =   301.92  PRESS =    94.3
 Etot   =    -54332.0689  EKtot   =     13989.3418  EPtot      =    -68321.4107
 BOND   =       449.8433  ANGLE   =      1209.1913  DIHED      =      1896.2308
 1-4 NB =       577.2448  1-4 EEL =      8861.3792  VDWAALS    =      8171.6200
 EELEC  =    -89539.2586  EHBOND  =         0.0000  RESTRAINT  =        52.3386
 EAMBER (non-restraint)  =    -68373.7492
 EKCMT  =      6049.4166  VIRIAL  =      5586.9415  VOLUME     =    227042.4988
                                                    Density    =         1.0157
 ------------------------------------------------------------------------------

wrapping first mol.:       22.19498       31.38843       54.36636
wrapping first mol.:       22.19498       31.38843       54.36636

 NSTEP =    19000   TIME(PS) =    1978.000  TEMP(K) =   300.56  PRESS =   265.1
 Etot   =    -54372.2934  EKtot   =     13926.3350  EPtot      =    -68298.6283
 BOND   =       473.3224  ANGLE   =      1241.0577  DIHED      =      1898.0670
 1-4 NB =       566.9163  1-4 EEL =      8881.9149  VDWAALS    =      8399.8681
 EELEC  =    -89813.8303  EHBOND  =         0.0000  RESTRAINT  =        54.0556
 EAMBER (non-restraint)  =    -68352.6839
 EKCMT  =      6080.3574  VIRIAL  =      4779.5097  VOLUME     =    227245.5946
                                                    Density    =         1.0148
 ------------------------------------------------------------------------------

wrapping first mol.:       22.18459       31.37375       54.34093
wrapping first mol.:       22.18459       31.37375       54.34093

 NSTEP =    19500   TIME(PS) =    1979.000  TEMP(K) =   299.20  PRESS =  -120.7
 Etot   =    -54379.8282  EKtot   =     13863.5371  EPtot      =    -68243.3653
 BOND   =       480.1731  ANGLE   =      1142.8596  DIHED      =      1870.8936
 1-4 NB =       581.6544  1-4 EEL =      8881.0233  VDWAALS    =      8163.8076
 EELEC  =    -89409.9158  EHBOND  =         0.0000  RESTRAINT  =        46.1390
 EAMBER (non-restraint)  =    -68289.5043
 EKCMT  =      5987.8969  VIRIAL  =      6579.4781  VOLUME     =    226934.6753
                                                    Density    =         1.0162
 ------------------------------------------------------------------------------

wrapping first mol.:       22.17628       31.36200       54.32057
wrapping first mol.:       22.17628       31.36200       54.32057

 NSTEP =    20000   TIME(PS) =    1980.000  TEMP(K) =   301.48  PRESS =  -280.4
 Etot   =    -54385.3787  EKtot   =     13969.1338  EPtot      =    -68354.5125
 BOND   =       440.4809  ANGLE   =      1214.8353  DIHED      =      1880.9687
 1-4 NB =       569.8881  1-4 EEL =      8857.4034  VDWAALS    =      8068.4617
 EELEC  =    -89433.2667  EHBOND  =         0.0000  RESTRAINT  =        46.7162
 EAMBER (non-restraint)  =    -68401.2287
 EKCMT  =      6004.3233  VIRIAL  =      7376.7833  VOLUME     =    226682.9112
                                                    Density    =         1.0173
 ------------------------------------------------------------------------------

wrapping first mol.:       22.14949       31.32411       54.25494
wrapping first mol.:       22.14949       31.32411       54.25494

 NSTEP =    20500   TIME(PS) =    1981.000  TEMP(K) =   295.36  PRESS =   -40.9
 Etot   =    -54634.3659  EKtot   =     13685.7031  EPtot      =    -68320.0690
 BOND   =       484.1799  ANGLE   =      1197.2106  DIHED      =      1873.5521
 1-4 NB =       581.0225  1-4 EEL =      8862.6908  VDWAALS    =      8186.5937
 EELEC  =    -89558.6326  EHBOND  =         0.0000  RESTRAINT  =        53.3141
 EAMBER (non-restraint)  =    -68373.3831
 EKCMT  =      5874.7710  VIRIAL  =      6074.2897  VOLUME     =    225857.4880
                                                    Density    =         1.0210
 ------------------------------------------------------------------------------

wrapping first mol.:       22.15545       31.33254       54.26954
wrapping first mol.:       22.15545       31.33254       54.26954

 NSTEP =    21000   TIME(PS) =    1982.000  TEMP(K) =   300.55  PRESS =   154.0
 Etot   =    -54406.1359  EKtot   =     13926.1289  EPtot      =    -68332.2648
 BOND   =       443.5850  ANGLE   =      1229.8446  DIHED      =      1880.1979
 1-4 NB =       572.6697  1-4 EEL =      8856.0673  VDWAALS    =      8159.8894
 EELEC  =    -89517.7370  EHBOND  =         0.0000  RESTRAINT  =        43.2183
 EAMBER (non-restraint)  =    -68375.4831
 EKCMT  =      6028.2973  VIRIAL  =      5276.5420  VOLUME     =    226035.9050
                                                    Density    =         1.0202
 ------------------------------------------------------------------------------

wrapping first mol.:       22.15329       31.32948       54.26424
wrapping first mol.:       22.15329       31.32948       54.26424

 NSTEP =    21500   TIME(PS) =    1983.000  TEMP(K) =   300.82  PRESS =   -53.2
 Etot   =    -54308.0655  EKtot   =     13938.7939  EPtot      =    -68246.8595
 BOND   =       436.5395  ANGLE   =      1263.4634  DIHED      =      1890.0591
 1-4 NB =       585.5185  1-4 EEL =      8889.2152  VDWAALS    =      8174.8829
 EELEC  =    -89535.6201  EHBOND  =         0.0000  RESTRAINT  =        49.0820
 EAMBER (non-restraint)  =    -68295.9414
 EKCMT  =      6089.4103  VIRIAL  =      6349.0705  VOLUME     =    225973.8673
                                                    Density    =         1.0205
 ------------------------------------------------------------------------------

wrapping first mol.:       22.17132       31.35498       54.30842
wrapping first mol.:       22.17132       31.35498       54.30842

 NSTEP =    22000   TIME(PS) =    1984.000  TEMP(K) =   298.20  PRESS =   213.4
 Etot   =    -54475.6606  EKtot   =     13817.4004  EPtot      =    -68293.0610
 BOND   =       483.5288  ANGLE   =      1285.9804  DIHED      =      1868.0120
 1-4 NB =       575.1512  1-4 EEL =      8846.0504  VDWAALS    =      8399.9392
 EELEC  =    -89804.9827  EHBOND  =         0.0000  RESTRAINT  =        53.2596
 EAMBER (non-restraint)  =    -68346.3206
 EKCMT  =      6048.7564  VIRIAL  =      5005.2420  VOLUME     =    226520.9038
                                                    Density    =         1.0180
 ------------------------------------------------------------------------------

wrapping first mol.:       22.19744       31.39192       54.37239
wrapping first mol.:       22.19744       31.39192       54.37239

 NSTEP =    22500   TIME(PS) =    1985.000  TEMP(K) =   301.34  PRESS =   142.1
 Etot   =    -54295.9840  EKtot   =     13962.7754  EPtot      =    -68258.7594
 BOND   =       431.4153  ANGLE   =      1196.6233  DIHED      =      1865.0874
 1-4 NB =       587.2655  1-4 EEL =      8851.8188  VDWAALS    =      8188.5975
 EELEC  =    -89427.4064  EHBOND  =         0.0000  RESTRAINT  =        47.8391
 EAMBER (non-restraint)  =    -68306.5985
 EKCMT  =      6036.5603  VIRIAL  =      5338.9549  VOLUME     =    227323.7802
                                                    Density    =         1.0144
 ------------------------------------------------------------------------------

wrapping first mol.:       22.19129       31.38322       54.35732
wrapping first mol.:       22.19129       31.38322       54.35732

 NSTEP =    23000   TIME(PS) =    1986.000  TEMP(K) =   299.06  PRESS =  -301.4
 Etot   =    -54628.6744  EKtot   =     13856.8477  EPtot      =    -68485.5221
 BOND   =       435.7889  ANGLE   =      1199.4013  DIHED      =      1844.9834
 1-4 NB =       571.8171  1-4 EEL =      8881.8371  VDWAALS    =      8022.3805
 EELEC  =    -89493.0317  EHBOND  =         0.0000  RESTRAINT  =        51.3015
 EAMBER (non-restraint)  =    -68536.8236
 EKCMT  =      6042.5819  VIRIAL  =      7520.7342  VOLUME     =    227143.7815
                                                    Density    =         1.0152
 ------------------------------------------------------------------------------

wrapping first mol.:       22.17974       31.36689       54.32905
wrapping first mol.:       22.17974       31.36689       54.32905

 NSTEP =    23500   TIME(PS) =    1987.000  TEMP(K) =   300.31  PRESS =    69.4
 Etot   =    -54396.5279  EKtot   =     13915.0107  EPtot      =    -68311.5387
 BOND   =       453.8151  ANGLE   =      1245.6677  DIHED      =      1857.6720
 1-4 NB =       574.0468  1-4 EEL =      8878.3789  VDWAALS    =      8042.8630
 EELEC  =    -89414.5820  EHBOND  =         0.0000  RESTRAINT  =        50.5998
 EAMBER (non-restraint)  =    -68362.1384
 EKCMT  =      6079.4717  VIRIAL  =      5739.7007  VOLUME     =    226782.0021
                                                    Density    =         1.0169
 ------------------------------------------------------------------------------

wrapping first mol.:       22.19738       31.39184       54.37226
wrapping first mol.:       22.19738       31.39184       54.37226

 NSTEP =    24000   TIME(PS) =    1988.000  TEMP(K) =   297.32  PRESS =   106.8
 Etot   =    -54662.8501  EKtot   =     13776.2256  EPtot      =    -68439.0756
 BOND   =       448.4069  ANGLE   =      1179.5938  DIHED      =      1878.3524
 1-4 NB =       580.5568  1-4 EEL =      8890.7097  VDWAALS    =      8293.3189
 EELEC  =    -89756.2364  EHBOND  =         0.0000  RESTRAINT  =        46.2223
 EAMBER (non-restraint)  =    -68485.2980
 EKCMT  =      5974.2045  VIRIAL  =      5450.1265  VOLUME     =    227322.7888
                                                    Density    =         1.0144
 ------------------------------------------------------------------------------

wrapping first mol.:       22.18751       31.37788       54.34807
wrapping first mol.:       22.18751       31.37788       54.34807

 NSTEP =    24500   TIME(PS) =    1989.000  TEMP(K) =   297.21  PRESS =   194.8
 Etot   =    -54575.3650  EKtot   =     13771.2920  EPtot      =    -68346.6570
 BOND   =       437.8082  ANGLE   =      1220.9222  DIHED      =      1856.9985
 1-4 NB =       579.0266  1-4 EEL =      8853.0213  VDWAALS    =      8369.3384
 EELEC  =    -89719.1174  EHBOND  =         0.0000  RESTRAINT  =        55.3454
 EAMBER (non-restraint)  =    -68402.0023
 EKCMT  =      5980.2947  VIRIAL  =      5025.6901  VOLUME     =    227017.7852
                                                    Density    =         1.0158
 ------------------------------------------------------------------------------

wrapping first mol.:       22.17270       31.35693       54.31179
wrapping first mol.:       22.17270       31.35693       54.31179

 NSTEP =    25000   TIME(PS) =    1990.000  TEMP(K) =   302.66  PRESS =   -62.6
 Etot   =    -54506.2512  EKtot   =     14023.9131  EPtot      =    -68530.1642
 BOND   =       462.1452  ANGLE   =      1179.6983  DIHED      =      1830.9673
 1-4 NB =       576.9006  1-4 EEL =      8890.1157  VDWAALS    =      7984.6274
 EELEC  =    -89514.2190  EHBOND  =         0.0000  RESTRAINT  =        59.6004
 EAMBER (non-restraint)  =    -68589.7646
 EKCMT  =      6123.9776  VIRIAL  =      6430.3756  VOLUME     =    226568.6484
                                                    Density    =         1.0178
 ------------------------------------------------------------------------------

wrapping first mol.:       22.17416       31.35900       54.31537
wrapping first mol.:       22.17416       31.35900       54.31537

 NSTEP =    25500   TIME(PS) =    1991.000  TEMP(K) =   297.41  PRESS =    -3.4
 Etot   =    -54555.3519  EKtot   =     13780.5908  EPtot      =    -68335.9427
 BOND   =       453.6587  ANGLE   =      1171.3894  DIHED      =      1872.7312
 1-4 NB =       572.9102  1-4 EEL =      8869.8997  VDWAALS    =      8090.7529
 EELEC  =    -89415.3783  EHBOND  =         0.0000  RESTRAINT  =        48.0935
 EAMBER (non-restraint)  =    -68384.0362
 EKCMT  =      5967.2044  VIRIAL  =      5983.6187  VOLUME     =    226612.2798
                                                    Density    =         1.0176
 ------------------------------------------------------------------------------

wrapping first mol.:       22.17480       31.35990       54.31693
wrapping first mol.:       22.17480       31.35990       54.31693

 NSTEP =    26000   TIME(PS) =    1992.000  TEMP(K) =   299.58  PRESS =    55.2
 Etot   =    -54476.9029  EKtot   =     13881.1191  EPtot      =    -68358.0220
 BOND   =       460.4008  ANGLE   =      1236.8442  DIHED      =      1859.6865
 1-4 NB =       573.4441  1-4 EEL =      8879.7671  VDWAALS    =      8099.9868
 EELEC  =    -89518.5141  EHBOND  =         0.0000  RESTRAINT  =        50.3626
 EAMBER (non-restraint)  =    -68408.3846
 EKCMT  =      6004.2427  VIRIAL  =      5734.3701  VOLUME     =    226630.6237
                                                    Density    =         1.0175
 ------------------------------------------------------------------------------

wrapping first mol.:       22.17432       31.35923       54.31577
wrapping first mol.:       22.17432       31.35923       54.31577

 NSTEP =    26500   TIME(PS) =    1993.000  TEMP(K) =   300.49  PRESS =   255.6
 Etot   =    -54549.4833  EKtot   =     13923.3350  EPtot      =    -68472.8183
 BOND   =       474.7770  ANGLE   =      1217.3700  DIHED      =      1848.9993
 1-4 NB =       565.6885  1-4 EEL =      8857.7301  VDWAALS    =      8259.9380
 EELEC  =    -89741.6015  EHBOND  =         0.0000  RESTRAINT  =        44.2802
 EAMBER (non-restraint)  =    -68517.0985
 EKCMT  =      6063.0597  VIRIAL  =      4812.4430  VOLUME     =    226612.0226
                                                    Density    =         1.0176
 ------------------------------------------------------------------------------

wrapping first mol.:       22.17473       31.35980       54.31677
wrapping first mol.:       22.17473       31.35980       54.31677

 NSTEP =    27000   TIME(PS) =    1994.000  TEMP(K) =   301.08  PRESS =   -80.5
 Etot   =    -54276.3735  EKtot   =     13950.4375  EPtot      =    -68226.8110
 BOND   =       458.5368  ANGLE   =      1231.5006  DIHED      =      1859.6771
 1-4 NB =       582.4705  1-4 EEL =      8832.1506  VDWAALS    =      8165.6609
 EELEC  =    -89411.9571  EHBOND  =         0.0000  RESTRAINT  =        55.1497
 EAMBER (non-restraint)  =    -68281.9607
 EKCMT  =      6100.7724  VIRIAL  =      6494.7039  VOLUME     =    226631.3329
                                                    Density    =         1.0175
 ------------------------------------------------------------------------------

wrapping first mol.:       22.15488       31.33173       54.26814
wrapping first mol.:       22.15488       31.33173       54.26814

 NSTEP =    27500   TIME(PS) =    1995.000  TEMP(K) =   298.07  PRESS =  -179.8
 Etot   =    -54738.0101  EKtot   =     13811.1445  EPtot      =    -68549.1546
 BOND   =       489.6464  ANGLE   =      1230.4530  DIHED      =      1855.8642
 1-4 NB =       575.1485  1-4 EEL =      8875.9897  VDWAALS    =      8013.1939
 EELEC  =    -89642.1827  EHBOND  =         0.0000  RESTRAINT  =        52.7324
 EAMBER (non-restraint)  =    -68601.8870
 EKCMT  =      5955.4552  VIRIAL  =      6832.7698  VOLUME     =    226025.1684
                                                    Density    =         1.0203
 ------------------------------------------------------------------------------

wrapping first mol.:       22.14278       31.31461       54.23850
wrapping first mol.:       22.14278       31.31461       54.23850

 NSTEP =    28000   TIME(PS) =    1996.000  TEMP(K) =   298.79  PRESS =   -22.0
 Etot   =    -54610.0200  EKtot   =     13844.5762  EPtot      =    -68454.5962
 BOND   =       431.7856  ANGLE   =      1195.6473  DIHED      =      1857.6125
 1-4 NB =       587.8670  1-4 EEL =      8888.7734  VDWAALS    =      8192.9274
 EELEC  =    -89662.7861  EHBOND  =         0.0000  RESTRAINT  =        53.5767
 EAMBER (non-restraint)  =    -68508.1729
 EKCMT  =      6019.8867  VIRIAL  =      6126.9788  VOLUME     =    225651.8094
                                                    Density    =         1.0219
 ------------------------------------------------------------------------------

wrapping first mol.:       22.17079       31.35423       54.30712
wrapping first mol.:       22.17079       31.35423       54.30712

 NSTEP =    28500   TIME(PS) =    1997.000  TEMP(K) =   297.58  PRESS =  -256.2
 Etot   =    -54413.7591  EKtot   =     13788.6123  EPtot      =    -68202.3714
 BOND   =       503.1606  ANGLE   =      1223.6197  DIHED      =      1876.0971
 1-4 NB =       570.2017  1-4 EEL =      8888.1157  VDWAALS    =      7977.7127
 EELEC  =    -89294.1564  EHBOND  =         0.0000  RESTRAINT  =        52.8775
 EAMBER (non-restraint)  =    -68255.2489
 EKCMT  =      6092.8110  VIRIAL  =      7345.5893  VOLUME     =    226514.1412
                                                    Density    =         1.0181
 ------------------------------------------------------------------------------

wrapping first mol.:       22.16059       31.33980       54.28213
wrapping first mol.:       22.16059       31.33980       54.28213

 NSTEP =    29000   TIME(PS) =    1998.000  TEMP(K) =   299.46  PRESS =  -281.4
 Etot   =    -54495.4546  EKtot   =     13875.7832  EPtot      =    -68371.2378
 BOND   =       461.8973  ANGLE   =      1226.2427  DIHED      =      1869.1753
 1-4 NB =       574.8673  1-4 EEL =      8826.7919  VDWAALS    =      7885.7471
 EELEC  =    -89262.9343  EHBOND  =         0.0000  RESTRAINT  =        46.9749
 EAMBER (non-restraint)  =    -68418.2126
 EKCMT  =      5971.7839  VIRIAL  =      7345.9547  VOLUME     =    226202.0363
                                                    Density    =         1.0195
 ------------------------------------------------------------------------------

wrapping first mol.:       22.17331       31.35780       54.31330
wrapping first mol.:       22.17331       31.35780       54.31330

 NSTEP =    29500   TIME(PS) =    1999.000  TEMP(K) =   297.36  PRESS =   -55.9
 Etot   =    -54487.2511  EKtot   =     13778.3691  EPtot      =    -68265.6203
 BOND   =       414.9801  ANGLE   =      1213.6154  DIHED      =      1852.0649
 1-4 NB =       600.7831  1-4 EEL =      8892.0765  VDWAALS    =      8115.3031
 EELEC  =    -89402.7692  EHBOND  =         0.0000  RESTRAINT  =        48.3258
 EAMBER (non-restraint)  =    -68313.9461
 EKCMT  =      5957.0310  VIRIAL  =      6230.7125  VOLUME     =    226587.4029
                                                    Density    =         1.0177
 ------------------------------------------------------------------------------

wrapping first mol.:       22.17392       31.35865       54.31477
wrapping first mol.:       22.17392       31.35865       54.31477

 NSTEP =    30000   TIME(PS) =    2000.000  TEMP(K) =   299.59  PRESS =   286.9
 Etot   =    -54227.5038  EKtot   =     13881.7275  EPtot      =    -68109.2313
 BOND   =       438.0754  ANGLE   =      1205.8966  DIHED      =      1873.7472
 1-4 NB =       590.6311  1-4 EEL =      8886.4090  VDWAALS    =      8154.1758
 EELEC  =    -89314.8891  EHBOND  =         0.0000  RESTRAINT  =        56.7228
 EAMBER (non-restraint)  =    -68165.9541
 EKCMT  =      6092.3964  VIRIAL  =      4688.6945  VOLUME     =    226598.8929
                                                    Density    =         1.0177
 ------------------------------------------------------------------------------

wrapping first mol.:       22.17500       31.36018       54.31742
wrapping first mol.:       22.17500       31.36018       54.31742

 NSTEP =    30500   TIME(PS) =    2001.000  TEMP(K) =   303.64  PRESS =  -244.1
 Etot   =    -54204.3836  EKtot   =     14069.4736  EPtot      =    -68273.8573
 BOND   =       424.0874  ANGLE   =      1241.5524  DIHED      =      1859.8023
 1-4 NB =       585.7345  1-4 EEL =      8842.0398  VDWAALS    =      8021.5744
 EELEC  =    -89301.1176  EHBOND  =         0.0000  RESTRAINT  =        52.4695
 EAMBER (non-restraint)  =    -68326.3268
 EKCMT  =      6086.9302  VIRIAL  =      7281.5933  VOLUME     =    226642.8067
                                                    Density    =         1.0175
 ------------------------------------------------------------------------------

wrapping first mol.:       22.15238       31.32820       54.26202
wrapping first mol.:       22.15238       31.32820       54.26202

 NSTEP =    31000   TIME(PS) =    2002.000  TEMP(K) =   302.05  PRESS =   -24.8
 Etot   =    -54368.3453  EKtot   =     13995.6289  EPtot      =    -68363.9743
 BOND   =       439.4039  ANGLE   =      1193.5913  DIHED      =      1876.1229
 1-4 NB =       584.4065  1-4 EEL =      8874.5565  VDWAALS    =      8048.0491
 EELEC  =    -89434.9556  EHBOND  =         0.0000  RESTRAINT  =        54.8513
 EAMBER (non-restraint)  =    -68418.8256
 EKCMT  =      6125.4595  VIRIAL  =      6246.4019  VOLUME     =    225945.6276
                                                    Density    =         1.0206
 ------------------------------------------------------------------------------

wrapping first mol.:       22.14236       31.31402       54.23748
wrapping first mol.:       22.14236       31.31402       54.23748

 NSTEP =    31500   TIME(PS) =    2003.000  TEMP(K) =   299.40  PRESS =  -141.7
 Etot   =    -54510.9356  EKtot   =     13872.6182  EPtot      =    -68383.5537
 BOND   =       446.6845  ANGLE   =      1214.9926  DIHED      =      1878.4058
 1-4 NB =       584.0530  1-4 EEL =      8833.2477  VDWAALS    =      8178.1805
 EELEC  =    -89566.4193  EHBOND  =         0.0000  RESTRAINT  =        47.3014
 EAMBER (non-restraint)  =    -68430.8551
 EKCMT  =      5991.8339  VIRIAL  =      6682.2659  VOLUME     =    225641.4516
                                                    Density    =         1.0220
 ------------------------------------------------------------------------------

wrapping first mol.:       22.13599       31.30501       54.22186
wrapping first mol.:       22.13599       31.30501       54.22186

 NSTEP =    32000   TIME(PS) =    2004.000  TEMP(K) =   299.89  PRESS =  -299.5
 Etot   =    -54411.4091  EKtot   =     13895.5410  EPtot      =    -68306.9501
 BOND   =       426.9602  ANGLE   =      1295.3179  DIHED      =      1869.5690
 1-4 NB =       586.2066  1-4 EEL =      8831.0590  VDWAALS    =      7849.5783
 EELEC  =    -89220.7458  EHBOND  =         0.0000  RESTRAINT  =        55.1046
 EAMBER (non-restraint)  =    -68362.0547
 EKCMT  =      6137.5924  VIRIAL  =      7595.4730  VOLUME     =    225449.8484
                                                    Density    =         1.0229
 ------------------------------------------------------------------------------

wrapping first mol.:       22.14407       31.31644       54.24166
wrapping first mol.:       22.14407       31.31644       54.24166

 NSTEP =    32500   TIME(PS) =    2005.000  TEMP(K) =   299.76  PRESS =    63.5
 Etot   =    -54224.4949  EKtot   =     13889.6777  EPtot      =    -68114.1726
 BOND   =       499.6275  ANGLE   =      1181.7627  DIHED      =      1847.0869
 1-4 NB =       569.2631  1-4 EEL =      8818.6884  VDWAALS    =      7964.2327
 EELEC  =    -89042.7924  EHBOND  =         0.0000  RESTRAINT  =        47.9585
 EAMBER (non-restraint)  =    -68162.1311
 EKCMT  =      5949.8770  VIRIAL  =      5640.6657  VOLUME     =    225689.5055
                                                    Density    =         1.0218
 ------------------------------------------------------------------------------

wrapping first mol.:       22.17159       31.35537       54.30909
wrapping first mol.:       22.17159       31.35537       54.30909

 NSTEP =    33000   TIME(PS) =    2006.000  TEMP(K) =   298.83  PRESS =    39.8
 Etot   =    -54233.9574  EKtot   =     13846.5898  EPtot      =    -68080.5472
 BOND   =       453.0636  ANGLE   =      1248.8204  DIHED      =      1858.6743
 1-4 NB =       589.5196  1-4 EEL =      8849.0397  VDWAALS    =      8141.6012
 EELEC  =    -89275.2833  EHBOND  =         0.0000  RESTRAINT  =        54.0173
 EAMBER (non-restraint)  =    -68134.5645
 EKCMT  =      6007.7985  VIRIAL  =      5812.9029  VOLUME     =    226532.7328
                                                    Density    =         1.0180
 ------------------------------------------------------------------------------

wrapping first mol.:       22.18310       31.37163       54.33726
wrapping first mol.:       22.18310       31.37163       54.33726

 NSTEP =    33500   TIME(PS) =    2007.000  TEMP(K) =   300.04  PRESS =   284.0
 Etot   =    -54493.7088  EKtot   =     13902.5000  EPtot      =    -68396.2088
 BOND   =       468.1526  ANGLE   =      1210.9267  DIHED      =      1879.5090
 1-4 NB =       560.2446  1-4 EEL =      8829.4512  VDWAALS    =      8318.7800
 EELEC  =    -89705.2054  EHBOND  =         0.0000  RESTRAINT  =        41.9325
 EAMBER (non-restraint)  =    -68438.1413
 EKCMT  =      6011.1744  VIRIAL  =      4619.9198  VOLUME     =    226880.5080
                                                    Density    =         1.0164
 ------------------------------------------------------------------------------

wrapping first mol.:       22.20319       31.40005       54.38648
wrapping first mol.:       22.20319       31.40005       54.38648

 NSTEP =    34000   TIME(PS) =    2008.000  TEMP(K) =   302.23  PRESS =   -19.0
 Etot   =    -54484.4299  EKtot   =     14003.9355  EPtot      =    -68488.3654
 BOND   =       445.3728  ANGLE   =      1217.5211  DIHED      =      1869.7657
 1-4 NB =       588.2004  1-4 EEL =      8862.9356  VDWAALS    =      8199.9506
 EELEC  =    -89723.4248  EHBOND  =         0.0000  RESTRAINT  =        51.3131
 EAMBER (non-restraint)  =    -68539.6786
 EKCMT  =      6197.2897  VIRIAL  =      6290.6927  VOLUME     =    227503.7302
                                                    Density    =         1.0136
 ------------------------------------------------------------------------------

wrapping first mol.:       22.20013       31.39572       54.37898
wrapping first mol.:       22.20013       31.39572       54.37898

 NSTEP =    34500   TIME(PS) =    2009.000  TEMP(K) =   302.44  PRESS =    66.8
 Etot   =    -54370.7568  EKtot   =     14013.7188  EPtot      =    -68384.4756
 BOND   =       441.2983  ANGLE   =      1208.6805  DIHED      =      1862.2394
 1-4 NB =       570.5398  1-4 EEL =      8888.2350  VDWAALS    =      8205.9215
 EELEC  =    -89610.4900  EHBOND  =         0.0000  RESTRAINT  =        49.0998
 EAMBER (non-restraint)  =    -68433.5754
 EKCMT  =      6083.7161  VIRIAL  =      5755.8923  VOLUME     =    227407.8700
                                                    Density    =         1.0141
 ------------------------------------------------------------------------------

wrapping first mol.:       22.18851       31.37929       54.35051
wrapping first mol.:       22.18851       31.37929       54.35051

 NSTEP =    35000   TIME(PS) =    2010.000  TEMP(K) =   300.47  PRESS =  -122.0
 Etot   =    -54330.6541  EKtot   =     13922.5088  EPtot      =    -68253.1629
 BOND   =       441.4016  ANGLE   =      1172.6397  DIHED      =      1864.2527
 1-4 NB =       596.6046  1-4 EEL =      8866.2668  VDWAALS    =      8155.0636
 EELEC  =    -89406.0409  EHBOND  =         0.0000  RESTRAINT  =        56.6490
 EAMBER (non-restraint)  =    -68309.8119
 EKCMT  =      6032.4032  VIRIAL  =      6630.4569  VOLUME     =    227054.7709
                                                    Density    =         1.0156
 ------------------------------------------------------------------------------

wrapping first mol.:       22.19313       31.38582       54.36183
wrapping first mol.:       22.19313       31.38582       54.36183

 NSTEP =    35500   TIME(PS) =    2011.000  TEMP(K) =   300.33  PRESS =  -242.4
 Etot   =    -54175.4917  EKtot   =     13915.7656  EPtot      =    -68091.2573
 BOND   =       452.7009  ANGLE   =      1228.0879  DIHED      =      1850.0238
 1-4 NB =       563.2440  1-4 EEL =      8858.4815  VDWAALS    =      8043.3027
 EELEC  =    -89139.9922  EHBOND  =         0.0000  RESTRAINT  =        52.8940
 EAMBER (non-restraint)  =    -68144.1513
 EKCMT  =      6054.6116  VIRIAL  =      7243.4799  VOLUME     =    227199.0923
                                                    Density    =         1.0150
 ------------------------------------------------------------------------------

wrapping first mol.:       22.18171       31.36967       54.33385
wrapping first mol.:       22.18171       31.36967       54.33385

 NSTEP =    36000   TIME(PS) =    2012.000  TEMP(K) =   299.51  PRESS =   106.1
 Etot   =    -54285.7235  EKtot   =     13877.8438  EPtot      =    -68163.5673
 BOND   =       450.0579  ANGLE   =      1245.7711  DIHED      =      1848.1814
 1-4 NB =       576.2217  1-4 EEL =      8843.8709  VDWAALS    =      8241.2414
 EELEC  =    -89419.2435  EHBOND  =         0.0000  RESTRAINT  =        50.3318
 EAMBER (non-restraint)  =    -68213.8991
 EKCMT  =      6070.6746  VIRIAL  =      5550.9213  VOLUME     =    226841.4482
                                                    Density    =         1.0166
 ------------------------------------------------------------------------------

wrapping first mol.:       22.17572       31.36120       54.31919
wrapping first mol.:       22.17572       31.36120       54.31919

 NSTEP =    36500   TIME(PS) =    2013.000  TEMP(K) =   302.07  PRESS =  -140.5
 Etot   =    -54105.4118  EKtot   =     13996.3789  EPtot      =    -68101.7907
 BOND   =       473.1148  ANGLE   =      1242.7632  DIHED      =      1835.9718
 1-4 NB =       559.3408  1-4 EEL =      8821.3778  VDWAALS    =      8107.9175
 EELEC  =    -89199.0951  EHBOND  =         0.0000  RESTRAINT  =        56.8184
 EAMBER (non-restraint)  =    -68158.6092
 EKCMT  =      6051.7347  VIRIAL  =      6739.3474  VOLUME     =    226662.7982
                                                    Density    =         1.0174
 ------------------------------------------------------------------------------

wrapping first mol.:       22.18125       31.36903       54.33274
wrapping first mol.:       22.18125       31.36903       54.33274

 NSTEP =    37000   TIME(PS) =    2014.000  TEMP(K) =   303.37  PRESS =   109.1
 Etot   =    -54385.0377  EKtot   =     14056.6318  EPtot      =    -68441.6695
 BOND   =       448.5376  ANGLE   =      1240.3775  DIHED      =      1868.3592
 1-4 NB =       565.5495  1-4 EEL =      8838.6814  VDWAALS    =      8383.7472
 EELEC  =    -89846.9158  EHBOND  =         0.0000  RESTRAINT  =        59.9939
 EAMBER (non-restraint)  =    -68501.6634
 EKCMT  =      6106.1037  VIRIAL  =      5571.7743  VOLUME     =    226827.4625
                                                    Density    =         1.0166
 ------------------------------------------------------------------------------

wrapping first mol.:       22.19515       31.38868       54.36678
wrapping first mol.:       22.19515       31.38868       54.36678

 NSTEP =    37500   TIME(PS) =    2015.000  TEMP(K) =   297.25  PRESS =   -89.3
 Etot   =    -54610.2941  EKtot   =     13773.3779  EPtot      =    -68383.6720
 BOND   =       477.0179  ANGLE   =      1221.9816  DIHED      =      1839.5095
 1-4 NB =       579.6923  1-4 EEL =      8851.4235  VDWAALS    =      8257.0285
 EELEC  =    -89660.3371  EHBOND  =         0.0000  RESTRAINT  =        50.0118
 EAMBER (non-restraint)  =    -68433.6838
 EKCMT  =      5939.1337  VIRIAL  =      6377.2147  VOLUME     =    227258.0850
                                                    Density    =         1.0147
 ------------------------------------------------------------------------------

wrapping first mol.:       22.16512       31.34622       54.29324
wrapping first mol.:       22.16512       31.34622       54.29324

 NSTEP =    38000   TIME(PS) =    2016.000  TEMP(K) =   300.53  PRESS =    55.3
 Etot   =    -54514.3492  EKtot   =     13924.9326  EPtot      =    -68439.2818
 BOND   =       443.5934  ANGLE   =      1233.9502  DIHED      =      1860.3173
 1-4 NB =       570.4164  1-4 EEL =      8822.4179  VDWAALS    =      8331.5783
 EELEC  =    -89754.5484  EHBOND  =         0.0000  RESTRAINT  =        52.9930
 EAMBER (non-restraint)  =    -68492.2748
 EKCMT  =      6017.6131  VIRIAL  =      5747.1925  VOLUME     =    226334.1112
                                                    Density    =         1.0189
 ------------------------------------------------------------------------------

wrapping first mol.:       22.17849       31.36511       54.32597
wrapping first mol.:       22.17849       31.36511       54.32597

 NSTEP =    38500   TIME(PS) =    2017.000  TEMP(K) =   298.95  PRESS =   -65.3
 Etot   =    -54515.7185  EKtot   =     13851.7363  EPtot      =    -68367.4548
 BOND   =       481.8492  ANGLE   =      1259.4814  DIHED      =      1862.7762
 1-4 NB =       565.9107  1-4 EEL =      8862.6808  VDWAALS    =      8090.1578
 EELEC  =    -89541.6702  EHBOND  =         0.0000  RESTRAINT  =        51.3593
 EAMBER (non-restraint)  =    -68418.8142
 EKCMT  =      6074.0835  VIRIAL  =      6393.7958  VOLUME     =    226746.1323
                                                    Density    =         1.0170
 ------------------------------------------------------------------------------

wrapping first mol.:       22.18965       31.38090       54.35332
wrapping first mol.:       22.18965       31.38090       54.35332

 NSTEP =    39000   TIME(PS) =    2018.000  TEMP(K) =   302.22  PRESS =    -4.7
 Etot   =    -54473.1001  EKtot   =     14003.3770  EPtot      =    -68476.4770
 BOND   =       473.7031  ANGLE   =      1215.3215  DIHED      =      1855.2363
 1-4 NB =       569.4086  1-4 EEL =      8838.8974  VDWAALS    =      8177.7842
 EELEC  =    -89655.7818  EHBOND  =         0.0000  RESTRAINT  =        48.9536
 EAMBER (non-restraint)  =    -68525.4306
 EKCMT  =      6160.4907  VIRIAL  =      6183.4791  VOLUME     =    227087.5462
                                                    Density    =         1.0155
 ------------------------------------------------------------------------------

wrapping first mol.:       22.19598       31.38986       54.36883
wrapping first mol.:       22.19598       31.38986       54.36883

 NSTEP =    39500   TIME(PS) =    2019.000  TEMP(K) =   299.92  PRESS =   102.0
 Etot   =    -54671.7330  EKtot   =     13897.0420  EPtot      =    -68568.7750
 BOND   =       488.0769  ANGLE   =      1178.2633  DIHED      =      1844.2288
 1-4 NB =       576.0846  1-4 EEL =      8879.4439  VDWAALS    =      8327.2795
 EELEC  =    -89912.2744  EHBOND  =         0.0000  RESTRAINT  =        50.1225
 EAMBER (non-restraint)  =    -68618.8975
 EKCMT  =      5983.4666  VIRIAL  =      5482.7520  VOLUME     =    227279.8554
                                                    Density    =         1.0146
 ------------------------------------------------------------------------------

wrapping first mol.:       22.18225       31.37043       54.33518
wrapping first mol.:       22.18225       31.37043       54.33518

 NSTEP =    40000   TIME(PS) =    2020.000  TEMP(K) =   303.65  PRESS =    16.7
 Etot   =    -54171.2296  EKtot   =     14069.7959  EPtot      =    -68241.0255
 BOND   =       457.2764  ANGLE   =      1194.0636  DIHED      =      1859.8595
 1-4 NB =       569.2745  1-4 EEL =      8840.3667  VDWAALS    =      8079.2114
 EELEC  =    -89285.6929  EHBOND  =         0.0000  RESTRAINT  =        44.6154
 EAMBER (non-restraint)  =    -68285.6408
 EKCMT  =      6170.0804  VIRIAL  =      6088.1264  VOLUME     =    226859.8941
                                                    Density    =         1.0165
 ------------------------------------------------------------------------------

wrapping first mol.:       22.17915       31.36606       54.32760
wrapping first mol.:       22.17915       31.36606       54.32760

 NSTEP =    40500   TIME(PS) =    2021.000  TEMP(K) =   301.91  PRESS =  -180.1
 Etot   =    -54282.3113  EKtot   =     13988.8848  EPtot      =    -68271.1961
 BOND   =       488.3522  ANGLE   =      1204.3881  DIHED      =      1867.2817
 1-4 NB =       559.7746  1-4 EEL =      8825.1272  VDWAALS    =      8070.3087
 EELEC  =    -89332.5637  EHBOND  =         0.0000  RESTRAINT  =        46.1351
 EAMBER (non-restraint)  =    -68317.3312
 EKCMT  =      6131.0442  VIRIAL  =      7012.7562  VOLUME     =    226768.8857
                                                    Density    =         1.0169
 ------------------------------------------------------------------------------

wrapping first mol.:       22.17452       31.35951       54.31626
wrapping first mol.:       22.17452       31.35951       54.31626

 NSTEP =    41000   TIME(PS) =    2022.000  TEMP(K) =   300.77  PRESS =  -178.2
 Etot   =    -54500.6263  EKtot   =     13936.4580  EPtot      =    -68437.0843
 BOND   =       430.6338  ANGLE   =      1239.6925  DIHED      =      1871.1809
 1-4 NB =       588.6586  1-4 EEL =      8846.3800  VDWAALS    =      8015.4758
 EELEC  =    -89481.1674  EHBOND  =         0.0000  RESTRAINT  =        52.0614
 EAMBER (non-restraint)  =    -68489.1457
 EKCMT  =      6144.8539  VIRIAL  =      7016.9442  VOLUME     =    226626.8892
                                                    Density    =         1.0175
 ------------------------------------------------------------------------------

wrapping first mol.:       22.17183       31.35570       54.30966
wrapping first mol.:       22.17183       31.35570       54.30966

 NSTEP =    41500   TIME(PS) =    2023.000  TEMP(K) =   300.67  PRESS =    20.2
 Etot   =    -54430.6313  EKtot   =     13931.6836  EPtot      =    -68362.3149
 BOND   =       433.1797  ANGLE   =      1236.7159  DIHED      =      1844.8000
 1-4 NB =       580.0566  1-4 EEL =      8854.6989  VDWAALS    =      8200.1513
 EELEC  =    -89569.4761  EHBOND  =         0.0000  RESTRAINT  =        57.5587
 EAMBER (non-restraint)  =    -68419.8736
 EKCMT  =      6044.3936  VIRIAL  =      5945.7569  VOLUME     =    226540.3394
                                                    Density    =         1.0179
 ------------------------------------------------------------------------------

wrapping first mol.:       22.17285       31.35715       54.31217
wrapping first mol.:       22.17285       31.35715       54.31217

 NSTEP =    42000   TIME(PS) =    2024.000  TEMP(K) =   297.77  PRESS =   330.4
 Etot   =    -54445.5744  EKtot   =     13797.1543  EPtot      =    -68242.7287
 BOND   =       422.6602  ANGLE   =      1244.5175  DIHED      =      1864.2236
 1-4 NB =       557.8978  1-4 EEL =      8854.4537  VDWAALS    =      8306.0981
 EELEC  =    -89548.0936  EHBOND  =         0.0000  RESTRAINT  =        55.5141
 EAMBER (non-restraint)  =    -68298.2427
 EKCMT  =      5999.8823  VIRIAL  =      4383.8265  VOLUME     =    226565.3917
                                                    Density    =         1.0178
 ------------------------------------------------------------------------------

wrapping first mol.:       22.18711       31.37731       54.34709
wrapping first mol.:       22.18711       31.37731       54.34709

 NSTEP =    42500   TIME(PS) =    2025.000  TEMP(K) =   299.97  PRESS =    26.6
 Etot   =    -54218.6653  EKtot   =     13899.3984  EPtot      =    -68118.0638
 BOND   =       488.5917  ANGLE   =      1243.5680  DIHED      =      1864.2608
 1-4 NB =       550.5508  1-4 EEL =      8821.9858  VDWAALS    =      8035.1932
 EELEC  =    -89174.0723  EHBOND  =         0.0000  RESTRAINT  =        51.8582
 EAMBER (non-restraint)  =    -68169.9220
 EKCMT  =      6011.9876  VIRIAL  =      5881.5968  VOLUME     =    227008.8948
                                                    Density    =         1.0158
 ------------------------------------------------------------------------------

wrapping first mol.:       22.17619       31.36186       54.32033
wrapping first mol.:       22.17619       31.36186       54.32033

 NSTEP =    43000   TIME(PS) =    2026.000  TEMP(K) =   298.79  PRESS =   -89.8
 Etot   =    -54284.6352  EKtot   =     13844.3652  EPtot      =    -68129.0004
 BOND   =       442.3233  ANGLE   =      1215.5751  DIHED      =      1870.0355
 1-4 NB =       569.1285  1-4 EEL =      8870.2146  VDWAALS    =      8092.4535
 EELEC  =    -89239.4124  EHBOND  =         0.0000  RESTRAINT  =        50.6816
 EAMBER (non-restraint)  =    -68179.6820
 EKCMT  =      6025.4761  VIRIAL  =      6465.1275  VOLUME     =    226676.1104
                                                    Density    =         1.0173
 ------------------------------------------------------------------------------

wrapping first mol.:       22.18372       31.37251       54.33878
wrapping first mol.:       22.18372       31.37251       54.33878

 NSTEP =    43500   TIME(PS) =    2027.000  TEMP(K) =   295.50  PRESS =   -25.9
 Etot   =    -54653.3581  EKtot   =     13691.9414  EPtot      =    -68345.2995
 BOND   =       448.8138  ANGLE   =      1218.4191  DIHED      =      1862.5913
 1-4 NB =       579.3406  1-4 EEL =      8874.9931  VDWAALS    =      8217.3759
 EELEC  =    -89597.6211  EHBOND  =         0.0000  RESTRAINT  =        50.7877
 EAMBER (non-restraint)  =    -68396.0872
 EKCMT  =      5917.5281  VIRIAL  =      6044.5121  VOLUME     =    226905.7918
                                                    Density    =         1.0163
 ------------------------------------------------------------------------------

wrapping first mol.:       22.18100       31.36866       54.33211
wrapping first mol.:       22.18100       31.36866       54.33211

 NSTEP =    44000   TIME(PS) =    2028.000  TEMP(K) =   302.02  PRESS =   156.8
 Etot   =    -54607.7152  EKtot   =     13994.2100  EPtot      =    -68601.9251
 BOND   =       455.6541  ANGLE   =      1183.5318  DIHED      =      1864.1243
 1-4 NB =       574.4292  1-4 EEL =      8829.3790  VDWAALS    =      8331.9734
 EELEC  =    -89888.2229  EHBOND  =         0.0000  RESTRAINT  =        47.2061
 EAMBER (non-restraint)  =    -68649.1312
 EKCMT  =      6130.6478  VIRIAL  =      5362.8843  VOLUME     =    226818.6470
                                                    Density    =         1.0167
 ------------------------------------------------------------------------------

wrapping first mol.:       22.17795       31.36436       54.32466
wrapping first mol.:       22.17795       31.36436       54.32466

 NSTEP =    44500   TIME(PS) =    2029.000  TEMP(K) =   297.98  PRESS =   -51.4
 Etot   =    -54696.0741  EKtot   =     13807.1426  EPtot      =    -68503.2167
 BOND   =       457.4959  ANGLE   =      1192.4771  DIHED      =      1876.1703
 1-4 NB =       580.8373  1-4 EEL =      8853.0582  VDWAALS    =      8196.1188
 EELEC  =    -89704.4534  EHBOND  =         0.0000  RESTRAINT  =        45.0791
 EAMBER (non-restraint)  =    -68548.2958
 EKCMT  =      5940.0946  VIRIAL  =      6191.5942  VOLUME     =    226729.4864
                                                    Density    =         1.0171
 ------------------------------------------------------------------------------

wrapping first mol.:       22.18863       31.37946       54.35082
wrapping first mol.:       22.18863       31.37946       54.35082

 NSTEP =    45000   TIME(PS) =    2030.000  TEMP(K) =   299.61  PRESS =  -338.6
 Etot   =    -54391.9592  EKtot   =     13882.5186  EPtot      =    -68274.4777
 BOND   =       446.4310  ANGLE   =      1208.0451  DIHED      =      1854.8458
 1-4 NB =       572.6905  1-4 EEL =      8837.4643  VDWAALS    =      8080.6201
 EELEC  =    -89321.8208  EHBOND  =         0.0000  RESTRAINT  =        47.2463
 EAMBER (non-restraint)  =    -68321.7240
 EKCMT  =      6022.3789  VIRIAL  =      7682.6000  VOLUME     =    227062.9696
                                                    Density    =         1.0156
 ------------------------------------------------------------------------------

wrapping first mol.:       22.16968       31.35266       54.30439
wrapping first mol.:       22.16968       31.35266       54.30439

 NSTEP =    45500   TIME(PS) =    2031.000  TEMP(K) =   299.48  PRESS =  -117.3
 Etot   =    -54660.7281  EKtot   =     13876.5391  EPtot      =    -68537.2671
 BOND   =       447.5561  ANGLE   =      1156.9317  DIHED      =      1858.8043
 1-4 NB =       584.9383  1-4 EEL =      8882.9821  VDWAALS    =      8193.6166
 EELEC  =    -89709.0741  EHBOND  =         0.0000  RESTRAINT  =        46.9778
 EAMBER (non-restraint)  =    -68584.2449
 EKCMT  =      6150.4277  VIRIAL  =      6724.0317  VOLUME     =    226477.1598
                                                    Density    =         1.0182
 ------------------------------------------------------------------------------

wrapping first mol.:       22.16429       31.34503       54.29119
wrapping first mol.:       22.16429       31.34503       54.29119

 NSTEP =    46000   TIME(PS) =    2032.000  TEMP(K) =   300.84  PRESS =   -64.0
 Etot   =    -54455.3754  EKtot   =     13939.4268  EPtot      =    -68394.8022
 BOND   =       441.6815  ANGLE   =      1232.9445  DIHED      =      1861.8381
 1-4 NB =       572.4267  1-4 EEL =      8857.3597  VDWAALS    =      8038.5912
 EELEC  =    -89445.8211  EHBOND  =         0.0000  RESTRAINT  =        46.1772
 EAMBER (non-restraint)  =    -68440.9794
 EKCMT  =      6023.1794  VIRIAL  =      6335.8395  VOLUME     =    226310.8960
                                                    Density    =         1.0190
 ------------------------------------------------------------------------------

wrapping first mol.:       22.15381       31.33021       54.26551
wrapping first mol.:       22.15381       31.33021       54.26551

 NSTEP =    46500   TIME(PS) =    2033.000  TEMP(K) =   300.50  PRESS =  -139.9
 Etot   =    -54364.6541  EKtot   =     13923.9619  EPtot      =    -68288.6160
 BOND   =       480.5074  ANGLE   =      1205.3542  DIHED      =      1857.4561
 1-4 NB =       569.0185  1-4 EEL =      8834.2100  VDWAALS    =      8014.8883
 EELEC  =    -89298.8720  EHBOND  =         0.0000  RESTRAINT  =        48.8214
 EAMBER (non-restraint)  =    -68337.4374
 EKCMT  =      6041.5052  VIRIAL  =      6724.2937  VOLUME     =    225991.5292
                                                    Density    =         1.0204
 ------------------------------------------------------------------------------

wrapping first mol.:       22.15459       31.33133       54.26745
wrapping first mol.:       22.15459       31.33133       54.26745

 NSTEP =    47000   TIME(PS) =    2034.000  TEMP(K) =   298.22  PRESS =   -22.2
 Etot   =    -54341.5782  EKtot   =     13818.3418  EPtot      =    -68159.9200
 BOND   =       437.4555  ANGLE   =      1197.3441  DIHED      =      1878.5924
 1-4 NB =       592.5684  1-4 EEL =      8853.1220  VDWAALS    =      8083.6433
 EELEC  =    -89252.2902  EHBOND  =         0.0000  RESTRAINT  =        49.6446
 EAMBER (non-restraint)  =    -68209.5645
 EKCMT  =      5963.8422  VIRIAL  =      6072.1585  VOLUME     =    226013.2957
                                                    Density    =         1.0203
 ------------------------------------------------------------------------------

wrapping first mol.:       22.13621       31.30533       54.22242
wrapping first mol.:       22.13621       31.30533       54.22242

 NSTEP =    47500   TIME(PS) =    2035.000  TEMP(K) =   302.31  PRESS =   479.0
 Etot   =    -54389.1085  EKtot   =     14007.7480  EPtot      =    -68396.8566
 BOND   =       461.7744  ANGLE   =      1239.6779  DIHED      =      1865.8972
 1-4 NB =       577.0173  1-4 EEL =      8830.9865  VDWAALS    =      8167.4732
 EELEC  =    -89586.3216  EHBOND  =         0.0000  RESTRAINT  =        46.6386
 EAMBER (non-restraint)  =    -68443.4952
 EKCMT  =      6084.0755  VIRIAL  =      3752.4027  VOLUME     =    225441.1118
                                                    Density    =         1.0229
 ------------------------------------------------------------------------------

wrapping first mol.:       22.14773       31.32162       54.25064
wrapping first mol.:       22.14773       31.32162       54.25064

 NSTEP =    48000   TIME(PS) =    2036.000  TEMP(K) =   301.76  PRESS =   257.4
 Etot   =    -54387.3912  EKtot   =     13982.3584  EPtot      =    -68369.7496
 BOND   =       439.8128  ANGLE   =      1224.0368  DIHED      =      1857.8767
 1-4 NB =       590.9127  1-4 EEL =      8938.3888  VDWAALS    =      8175.7728
 EELEC  =    -89638.9657  EHBOND  =         0.0000  RESTRAINT  =        42.4155
 EAMBER (non-restraint)  =    -68412.1651
 EKCMT  =      6196.8476  VIRIAL  =      4942.1105  VOLUME     =    225797.7679
                                                    Density    =         1.0213
 ------------------------------------------------------------------------------

wrapping first mol.:       22.16158       31.34120       54.28455
wrapping first mol.:       22.16158       31.34120       54.28455

 NSTEP =    48500   TIME(PS) =    2037.000  TEMP(K) =   300.97  PRESS =   337.0
 Etot   =    -54311.3472  EKtot   =     13945.5928  EPtot      =    -68256.9400
 BOND   =       455.5576  ANGLE   =      1265.9488  DIHED      =      1834.6418
 1-4 NB =       573.4922  1-4 EEL =      8851.3071  VDWAALS    =      8278.5295
 EELEC  =    -89565.5819  EHBOND  =         0.0000  RESTRAINT  =        49.1648
 EAMBER (non-restraint)  =    -68306.1049
 EKCMT  =      6058.1249  VIRIAL  =      4412.0178  VOLUME     =    226219.8067
                                                    Density    =         1.0194
 ------------------------------------------------------------------------------

wrapping first mol.:       22.13947       31.30994       54.23041
wrapping first mol.:       22.13947       31.30994       54.23041

 NSTEP =    49000   TIME(PS) =    2038.000  TEMP(K) =   301.72  PRESS =   111.7
 Etot   =    -54430.5887  EKtot   =     13980.1846  EPtot      =    -68410.7733
 BOND   =       444.3271  ANGLE   =      1225.9888  DIHED      =      1886.3018
 1-4 NB =       585.7114  1-4 EEL =      8861.3939  VDWAALS    =      8071.4624
 EELEC  =    -89534.3613  EHBOND  =         0.0000  RESTRAINT  =        48.4025
 EAMBER (non-restraint)  =    -68459.1758
 EKCMT  =      6031.2609  VIRIAL  =      5487.3522  VOLUME     =    225548.1491
                                                    Density    =         1.0224
 ------------------------------------------------------------------------------

wrapping first mol.:       22.15351       31.32980       54.26480
wrapping first mol.:       22.15351       31.32980       54.26480

 NSTEP =    49500   TIME(PS) =    2039.000  TEMP(K) =   300.53  PRESS =   -46.0
 Etot   =    -54407.1839  EKtot   =     13925.3408  EPtot      =    -68332.5247
 BOND   =       449.5634  ANGLE   =      1260.1470  DIHED      =      1852.3962
 1-4 NB =       579.5468  1-4 EEL =      8891.0161  VDWAALS    =      8299.5120
 EELEC  =    -89710.7661  EHBOND  =         0.0000  RESTRAINT  =        46.0600
 EAMBER (non-restraint)  =    -68378.5847
 EKCMT  =      6060.4132  VIRIAL  =      6284.8273  VOLUME     =    225980.6991
                                                    Density    =         1.0205
 ------------------------------------------------------------------------------

wrapping first mol.:       22.15930       31.33799       54.27898
wrapping first mol.:       22.15930       31.33799       54.27898

 NSTEP =    50000   TIME(PS) =    2040.000  TEMP(K) =   298.39  PRESS =    51.7
 Etot   =    -54579.9638  EKtot   =     13826.0312  EPtot      =    -68405.9951
 BOND   =       466.0494  ANGLE   =      1202.6503  DIHED      =      1873.6495
 1-4 NB =       575.9570  1-4 EEL =      8836.4999  VDWAALS    =      8108.1753
 EELEC  =    -89530.1513  EHBOND  =         0.0000  RESTRAINT  =        61.1748
 EAMBER (non-restraint)  =    -68467.1699
 EKCMT  =      6040.1964  VIRIAL  =      5787.5439  VOLUME     =    226155.9747
                                                    Density    =         1.0197
 ------------------------------------------------------------------------------


      A V E R A G E S   O V E R     100 S T E P S


 NSTEP =    50000   TIME(PS) =    2040.000  TEMP(K) =   300.10  PRESS =     0.8
 Etot   =    -54434.8910  EKtot   =     13905.1572  EPtot      =    -68340.0482
 BOND   =       454.0488  ANGLE   =      1218.2333  DIHED      =      1865.8903
 1-4 NB =       575.8014  1-4 EEL =      8864.0253  VDWAALS    =      8150.7369
 EELEC  =    -89519.1438  EHBOND  =         0.0000  RESTRAINT  =        50.3596
 EAMBER (non-restraint)  =    -68390.4078
 EKCMT  =      6048.5847  VIRIAL  =      6044.7158  VOLUME     =    226583.8290
                                                    Density    =         1.0177
 ------------------------------------------------------------------------------


      R M S  F L U C T U A T I O N S


 NSTEP =    50000   TIME(PS) =    2040.000  TEMP(K) =     1.84  PRESS =   161.1
 Etot   =       144.9985  EKtot   =        85.3350  EPtot      =       122.6177
 BOND   =        19.6552  ANGLE   =        27.9258  DIHED      =        13.4913
 1-4 NB =         9.3019  1-4 EEL =        25.3255  VDWAALS    =       112.0710
 EELEC  =       183.0652  EHBOND  =         0.0000  RESTRAINT  =         4.0252
 EAMBER (non-restraint)  =       118.5924
 EKCMT  =        64.7945  VIRIAL  =       785.0676  VOLUME     =       439.7243
                                                    Density    =         0.0020
 ------------------------------------------------------------------------------

--------------------------------------------------------------------------------
   5.  TIMINGS
--------------------------------------------------------------------------------

|  NonSetup CPU Time in Major Routines:
|
|     Routine           Sec        %
|     ------------------------------
|     Nonbond         127.99   88.52
|     Bond              0.00    0.00
|     Angle             0.00    0.00
|     Dihedral          0.00    0.00
|     Shake             0.34    0.23
|     RunMD            16.24   11.23
|     Other             0.02    0.02
|     ------------------------------
|     Total           144.59

|  PME Nonbond Pairlist CPU Time:
|
|     Routine              Sec        %
|     ---------------------------------
|     Set Up Cit           0.00    0.00
|     Build List           0.00    0.00
|     ---------------------------------
|     Total                0.00    0.00

|  PME Direct Force CPU Time:
|
|     Routine              Sec        %
|     ---------------------------------
|     NonBonded Calc       0.00    0.00
|     Exclude Masked       0.00    0.00
|     Other                0.01    0.01
|     ---------------------------------
|     Total                0.01    0.01

|  PME Reciprocal Force CPU Time:
|
|     Routine              Sec        %
|     ---------------------------------
|     1D bspline           0.00    0.00
|     Grid Charges         0.00    0.00
|     Scalar Sum           0.00    0.00
|     Gradient Sum         0.00    0.00
|     FFT                  0.00    0.00
|     ---------------------------------
|     Total                0.00    0.00

|  Final Performance Info:
|     -----------------------------------------------------
|     Average timings for last    8000 steps:
|     Elapsed(s) =      23.13 Per Step(ms) =       2.89
|         ns/day =      59.77   seconds/ns =    1445.42
|
|     Average timings for all steps:
|     Elapsed(s) =     144.58 Per Step(ms) =       2.89
|         ns/day =      59.76   seconds/ns =    1445.78
|     -----------------------------------------------------

|  Setup CPU time:            0.51 seconds
|  NonSetup CPU time:       144.59 seconds
|  Total CPU time:          145.10 seconds     0.04 hours

|  Setup wall time:           0    seconds
|  NonSetup wall time:      145    seconds
|  Total wall time:         145    seconds     0.04 hours
