
          -------------------------------------------------------
          Amber 16 PMEMD                              2016
          -------------------------------------------------------

| PMEMD implementation of SANDER, Release 16

| Run on 04/12/2018 at 09:58:36

|   Executable path: pmemd.cuda
| Working directory: /home/german/lbp/run/4xcp/mhe/e
|          Hostname: Unknown
  [-O]verwriting output

File Assignments:
|   MDIN: 7equ.in                                                               
|  MDOUT: 7equ.out                                                              
| INPCRD: 6e4xcp.rst7                                                           
|   PARM: /home/german/lbp/top_files/4xcp.prmtop                                
| RESTRT: 7e4xcp.rst7                                                           
|   REFC: 6e4xcp.rst7                                                           
|  MDVEL: mdvel                                                                 
|   MDEN: mden                                                                  
|  MDCRD: 7e4xcp.nc                                                             
| MDINFO: mdinfo                                                                
|  MDFRC: mdfrc                                                                 


 Here is the input file:

Equilibration with solute restrictions                                         
&cntrl                                                                         
imin = 0,                           ! No Minimization                          
nmropt = 0,                         ! No NMR restraints read                   
                                                                               
! Nature and format of the input                                               
ntx = 5,                            ! Coordinates but no velocities will be rea
irest = 1,                          ! Do not run a new simulation              
                                                                               
! Nature and format of the output                                              
ntxo = 1,                           ! rstrt file in ASCII format               
ntpr = 500,                         ! inf in output every ntpr steps           
ntwr = 500,                         ! rstrt file every ntwr steps              
ntwx = 500,                         ! mdcrd file every ntwx steps              
ntwv = 0,                           ! mdvel without velocities                 
ntwe = 0,                           ! Energies and temperatures not written in 
idecomp = 0,                        ! No energy decomposition                  
iwrap = 1,                          ! Coordinates of the restart and mdcrd file
                                                                               
! Frozen or restrained atoms                                                   
ibelly = 0,                         ! No frozen atoms                          
ntr=1,                              ! Harmonic potential restraints            
restraint_wt = 10.0,                ! The weight for the positional restraints 
restraintmask = ':1-154@N,CA,C,O|:155',  ! restrained residues                 
                                                                               
! Molecular dynamics                                                           
nstlim = 50000,                     ! Number of MD-steps                       
dt = 0.002,                         ! Time step                                
                                                                               
! Temperature regulation                                                       
ntt = 3,                            ! Langevin thermostat                      
gamma_ln = 5,                       ! Gamma constant for Langevin              
temp0 = 300.0,                      ! Reference T at which the system is to be 
tempi = 300.0,                      ! Initial T                                
ig = -1,                            ! Seed for the RNG                         
                                                                               
! P and V regulation                                                           
ntp = 0,                            ! No pressure control                      
ntb = 1,                            ! Periodic box for constant V              
                                                                               
! SHAKE variables                                                              
ntc = 2,                            ! Bonds involving H are constrained        
ntf = 2,                            ! Bond interaction involving H are ommited.
                                                                               
cut = 10.0,                         ! Nonbonded cutoff                         
/                                                                              
&end                                                                           


Note: ig = -1. Setting random seed to   493168 based on wallclock time in 
      microseconds.
 
|--------------------- INFORMATION ----------------------
| GPU (CUDA) Version of PMEMD in use: NVIDIA GPU IN USE.
|                    Version 16.0.0
| 
|                      02/25/2016
| 
| Implementation by:
|                    Ross C. Walker     (SDSC)
|                    Scott Le Grand     (nVIDIA)
| 
| Precision model in use:
|      [SPFP] - Single Precision Forces, 64-bit Fixed Point
|               Accumulation. (Default)
| 
|--------------------------------------------------------
 
|----------------- CITATION INFORMATION -----------------
|
|    When publishing work that utilized the CUDA version
|    of AMBER, please cite the following in addition to
|    the regular AMBER citations:
|
|  - Romelia Salomon-Ferrer; Andreas W. Goetz; Duncan
|    Poole; Scott Le Grand; Ross C. Walker "Routine
|    microsecond molecular dynamics simulations with
|    AMBER - Part II: Particle Mesh Ewald", J. Chem.
|    Theory Comput., 2013, 9 (9), pp3878-3888,
|    DOI: 10.1021/ct400314y.
|
|  - Andreas W. Goetz; Mark J. Williamson; Dong Xu;
|    Duncan Poole; Scott Le Grand; Ross C. Walker
|    "Routine microsecond molecular dynamics simulations
|    with AMBER - Part I: Generalized Born", J. Chem.
|    Theory Comput., 2012, 8 (5), pp1542-1555.
|
|  - Scott Le Grand; Andreas W. Goetz; Ross C. Walker
|    "SPFP: Speed without compromise - a mixed precision
|    model for GPU accelerated molecular dynamics
|    simulations.", Comp. Phys. Comm., 2013, 184
|    pp374-380, DOI: 10.1016/j.cpc.2012.09.022
|
|--------------------------------------------------------
 
|------------------- GPU DEVICE INFO --------------------
|
|            CUDA_VISIBLE_DEVICES: not set
|   CUDA Capable Devices Detected:      2
|           CUDA Device ID in use:      0
|                CUDA Device Name: GeForce GTX 1060 6GB
|     CUDA Device Global Mem Size:   6072 MB
| CUDA Device Num Multiprocessors:     10
|           CUDA Device Core Freq:   1.76 GHz
|
|--------------------------------------------------------
 
 
| Conditional Compilation Defines Used:
| PUBFFT
| BINTRAJ
| CUDA
| EMIL

| Largest sphere to fit in unit cell has radius =    28.575

| New format PARM file being parsed.
| Version =    1.000 Date = 04/11/18 Time = 21:32:48

| Note: 1-4 EEL scale factors are being read from the topology file.

| Note: 1-4 VDW scale factors are being read from the topology file.
| Duplicated    0 dihedrals

| Duplicated    0 dihedrals

--------------------------------------------------------------------------------
   1.  RESOURCE   USE: 
--------------------------------------------------------------------------------

 getting new box info from bottom of inpcrd
 NATOM  =   22657 NTYPES =      17 NBONH =   21455 MBONA  =    1220
 NTHETH =    2839 MTHETA =    1632 NPHIH =    5501 MPHIA  =    5045
 NHPARM =       0 NPARM  =       0 NNB   =   40455 NRES   =    6901
 NBONA  =    1220 NTHETA =    1632 NPHIA =    5045 NUMBND =      58
 NUMANG =     130 NPTRA  =     163 NATYP =      31 NPHB   =       1
 IFBOX  =       2 NMXRS  =      24 IFCAP =       0 NEXTRA =       0
 NCOPY  =       0

| Coordinate Index Table dimensions:    11   11   11
| Direct force subcell size =     6.3632    6.3632    6.3632

     BOX TYPE: TRUNCATED OCTAHEDRON

--------------------------------------------------------------------------------
   2.  CONTROL  DATA  FOR  THE  RUN
--------------------------------------------------------------------------------

default_name                                                                    

General flags:
     imin    =       0, nmropt  =       0

Nature and format of input:
     ntx     =       5, irest   =       1, ntrx    =       1

Nature and format of output:
     ntxo    =       1, ntpr    =     500, ntrx    =       1, ntwr    =     500
     iwrap   =       1, ntwx    =     500, ntwv    =       0, ntwe    =       0
     ioutfm  =       1, ntwprt  =       0, idecomp =       0, rbornstat=      0

Potential function:
     ntf     =       2, ntb     =       1, igb     =       0, nsnb    =      25
     ipol    =       0, gbsa    =       0, iesp    =       0
     dielc   =   1.00000, cut     =  10.00000, intdiel =   1.00000

Frozen or restrained atoms:
     ibelly  =       0, ntr     =       1
     restraint_wt =  10.00000

Molecular dynamics:
     nstlim  =     50000, nscm    =         0, nrespa  =         1
     t       =   0.00000, dt      =   0.00200, vlimit  =  -1.00000

Langevin dynamics temperature regulation:
     ig      =  493168
     temp0   = 300.00000, tempi   = 300.00000, gamma_ln=   5.00000

SHAKE:
     ntc     =       2, jfastw  =       0
     tol     =   0.00001

| Intermolecular bonds treatment:
|     no_intermolecular_bonds =       1

| Energy averages sample interval:
|     ene_avg_sampling =     500

Ewald parameters:
     verbose =       0, ew_type =       0, nbflag  =       1, use_pme =       1
     vdwmeth =       1, eedmeth =       1, netfrc  =       1
     Box X =   69.995   Box Y =   69.995   Box Z =   69.995
     Alpha =  109.471   Beta  =  109.471   Gamma =  109.471
     NFFT1 =   72       NFFT2 =   72       NFFT3 =   72
     Cutoff=   10.000   Tol   =0.100E-04
     Ewald Coefficient =  0.27511
     Interpolation order =    4

    LOADING THE CONSTRAINED ATOMS AS GROUPS


   5.  REFERENCE ATOM COORDINATES

  default_name                                                                    
     Mask :1-154@N,CA,C,O|:155; matches   617 atoms

--------------------------------------------------------------------------------
   3.  ATOMIC COORDINATES AND VELOCITIES
--------------------------------------------------------------------------------

default_name                                                                    
 begin time read from input coords =   740.000 ps

 
 Number of triangulated 3-point waters found:     6742

     Sum of charges from parm topology file =  -0.00000007
     Forcing neutrality...

| Dynamic Memory, Types Used:
| Reals              803839
| Integers           796222

| Nonbonded Pairs Initial Allocation:     6853176

| GPU memory information (estimate):
| KB of GPU memory in use:    189047
| KB of CPU memory in use:     36983

--------------------------------------------------------------------------------
   4.  RESULTS
--------------------------------------------------------------------------------

 ---------------------------------------------------
 APPROXIMATING switch and d/dx switch using CUBIC SPLINE INTERPOLATION
 using   5000.0 points per unit in tabled values
 TESTING RELATIVE ERROR over r ranging from 0.0 to cutoff
| CHECK switch(x): max rel err =   0.2738E-14   at   2.422500
| CHECK d/dx switch(x): max rel err =   0.8314E-11   at   2.736960
 ---------------------------------------------------
|---------------------------------------------------
| APPROXIMATING direct energy using CUBIC SPLINE INTERPOLATION
|  with   50.0 points per unit in tabled values
| Relative Error Limit not exceeded for r .gt.   2.33
| APPROXIMATING direct force using CUBIC SPLINE INTERPOLATION
|  with   50.0 points per unit in tabled values
| Relative Error Limit not exceeded for r .gt.   2.80
|---------------------------------------------------
wrapping first mol.:       23.33180       32.99614       57.15099
wrapping first mol.:       23.33180       32.99614       57.15099

 NSTEP =      500   TIME(PS) =     741.000  TEMP(K) =   299.80  PRESS =     0.0
 Etot   =    -53060.1375  EKtot   =     13856.3633  EPtot      =    -66916.5007
 BOND   =       452.5694  ANGLE   =      1147.5033  DIHED      =      1851.6619
 1-4 NB =       563.9000  1-4 EEL =      8897.1211  VDWAALS    =      7918.4588
 EELEC  =    -87897.2877  EHBOND  =         0.0000  RESTRAINT  =       149.5725
 EAMBER (non-restraint)  =    -67066.0732
 ------------------------------------------------------------------------------

wrapping first mol.:       23.33180       32.99614       57.15099
wrapping first mol.:       23.33180       32.99614       57.15099

 NSTEP =     1000   TIME(PS) =     742.000  TEMP(K) =   299.45  PRESS =     0.0
 Etot   =    -53145.3272  EKtot   =     13840.0771  EPtot      =    -66985.4043
 BOND   =       463.4549  ANGLE   =      1238.7046  DIHED      =      1837.9752
 1-4 NB =       560.1267  1-4 EEL =      8907.3963  VDWAALS    =      7700.5196
 EELEC  =    -87820.0568  EHBOND  =         0.0000  RESTRAINT  =       126.4752
 EAMBER (non-restraint)  =    -67111.8795
 ------------------------------------------------------------------------------

wrapping first mol.:       23.33180       32.99614       57.15099
wrapping first mol.:       23.33180       32.99614       57.15099

 NSTEP =     1500   TIME(PS) =     743.000  TEMP(K) =   301.15  PRESS =     0.0
 Etot   =    -52947.7895  EKtot   =     13918.5420  EPtot      =    -66866.3315
 BOND   =       411.6741  ANGLE   =      1168.1341  DIHED      =      1847.2627
 1-4 NB =       574.8710  1-4 EEL =      8908.5235  VDWAALS    =      7803.7794
 EELEC  =    -87722.5831  EHBOND  =         0.0000  RESTRAINT  =       142.0068
 EAMBER (non-restraint)  =    -67008.3382
 ------------------------------------------------------------------------------

wrapping first mol.:       23.33180       32.99614       57.15099
wrapping first mol.:       23.33180       32.99614       57.15099

 NSTEP =     2000   TIME(PS) =     744.000  TEMP(K) =   299.25  PRESS =     0.0
 Etot   =    -53255.0785  EKtot   =     13830.6191  EPtot      =    -67085.6977
 BOND   =       425.8467  ANGLE   =      1190.4517  DIHED      =      1840.0725
 1-4 NB =       564.2696  1-4 EEL =      8930.0342  VDWAALS    =      7891.4048
 EELEC  =    -88062.8069  EHBOND  =         0.0000  RESTRAINT  =       135.0297
 EAMBER (non-restraint)  =    -67220.7274
 ------------------------------------------------------------------------------

wrapping first mol.:       23.33180       32.99614       57.15099
wrapping first mol.:       23.33180       32.99614       57.15099

 NSTEP =     2500   TIME(PS) =     745.000  TEMP(K) =   299.84  PRESS =     0.0
 Etot   =    -52881.8524  EKtot   =     13857.8955  EPtot      =    -66739.7479
 BOND   =       421.9486  ANGLE   =      1180.7410  DIHED      =      1837.8001
 1-4 NB =       582.2549  1-4 EEL =      8911.7237  VDWAALS    =      7782.1939
 EELEC  =    -87612.6595  EHBOND  =         0.0000  RESTRAINT  =       156.2493
 EAMBER (non-restraint)  =    -66895.9973
 ------------------------------------------------------------------------------

wrapping first mol.:       23.33180       32.99614       57.15099
wrapping first mol.:       23.33180       32.99614       57.15099

 NSTEP =     3000   TIME(PS) =     746.000  TEMP(K) =   300.88  PRESS =     0.0
 Etot   =    -53094.7224  EKtot   =     13906.1064  EPtot      =    -67000.8289
 BOND   =       428.0271  ANGLE   =      1180.0230  DIHED      =      1856.7008
 1-4 NB =       570.1292  1-4 EEL =      8846.2437  VDWAALS    =      8034.1493
 EELEC  =    -88071.4623  EHBOND  =         0.0000  RESTRAINT  =       155.3605
 EAMBER (non-restraint)  =    -67156.1893
 ------------------------------------------------------------------------------

wrapping first mol.:       23.33180       32.99614       57.15099
wrapping first mol.:       23.33180       32.99614       57.15099

 NSTEP =     3500   TIME(PS) =     747.000  TEMP(K) =   299.70  PRESS =     0.0
 Etot   =    -53229.9009  EKtot   =     13851.5029  EPtot      =    -67081.4038
 BOND   =       439.1914  ANGLE   =      1179.3500  DIHED      =      1835.6034
 1-4 NB =       573.1315  1-4 EEL =      8897.8559  VDWAALS    =      7880.8140
 EELEC  =    -88020.6802  EHBOND  =         0.0000  RESTRAINT  =       133.3302
 EAMBER (non-restraint)  =    -67214.7340
 ------------------------------------------------------------------------------

wrapping first mol.:       23.33180       32.99614       57.15099
wrapping first mol.:       23.33180       32.99614       57.15099

 NSTEP =     4000   TIME(PS) =     748.000  TEMP(K) =   299.10  PRESS =     0.0
 Etot   =    -53229.6118  EKtot   =     13823.7549  EPtot      =    -67053.3667
 BOND   =       475.9781  ANGLE   =      1208.1616  DIHED      =      1852.3001
 1-4 NB =       562.6805  1-4 EEL =      8872.2398  VDWAALS    =      8126.3679
 EELEC  =    -88302.1584  EHBOND  =         0.0000  RESTRAINT  =       151.0636
 EAMBER (non-restraint)  =    -67204.4303
 ------------------------------------------------------------------------------

wrapping first mol.:       23.33180       32.99614       57.15099
wrapping first mol.:       23.33180       32.99614       57.15099

 NSTEP =     4500   TIME(PS) =     749.000  TEMP(K) =   297.87  PRESS =     0.0
 Etot   =    -53111.8189  EKtot   =     13767.0566  EPtot      =    -66878.8755
 BOND   =       433.2582  ANGLE   =      1284.4908  DIHED      =      1863.9671
 1-4 NB =       558.1106  1-4 EEL =      8877.6289  VDWAALS    =      8051.1442
 EELEC  =    -88094.5793  EHBOND  =         0.0000  RESTRAINT  =       147.1040
 EAMBER (non-restraint)  =    -67025.9796
 ------------------------------------------------------------------------------

wrapping first mol.:       23.33180       32.99614       57.15099
wrapping first mol.:       23.33180       32.99614       57.15099

 NSTEP =     5000   TIME(PS) =     750.000  TEMP(K) =   301.07  PRESS =     0.0
 Etot   =    -53003.0720  EKtot   =     13914.8486  EPtot      =    -66917.9207
 BOND   =       443.1834  ANGLE   =      1212.0576  DIHED      =      1835.6926
 1-4 NB =       571.1661  1-4 EEL =      8890.1680  VDWAALS    =      7786.9126
 EELEC  =    -87815.1479  EHBOND  =         0.0000  RESTRAINT  =       158.0469
 EAMBER (non-restraint)  =    -67075.9675
 ------------------------------------------------------------------------------

wrapping first mol.:       23.33180       32.99614       57.15099
wrapping first mol.:       23.33180       32.99614       57.15099

 NSTEP =     5500   TIME(PS) =     751.000  TEMP(K) =   298.89  PRESS =     0.0
 Etot   =    -53367.2489  EKtot   =     13814.3594  EPtot      =    -67181.6082
 BOND   =       407.3123  ANGLE   =      1158.7629  DIHED      =      1865.5123
 1-4 NB =       572.2792  1-4 EEL =      8903.3094  VDWAALS    =      8029.8562
 EELEC  =    -88279.0340  EHBOND  =         0.0000  RESTRAINT  =       160.3935
 EAMBER (non-restraint)  =    -67342.0017
 ------------------------------------------------------------------------------

wrapping first mol.:       23.33180       32.99614       57.15099
wrapping first mol.:       23.33180       32.99614       57.15099

 NSTEP =     6000   TIME(PS) =     752.000  TEMP(K) =   299.78  PRESS =     0.0
 Etot   =    -53131.0308  EKtot   =     13855.4756  EPtot      =    -66986.5064
 BOND   =       414.7383  ANGLE   =      1189.6063  DIHED      =      1850.4215
 1-4 NB =       564.1991  1-4 EEL =      8922.1751  VDWAALS    =      7887.3273
 EELEC  =    -87944.8462  EHBOND  =         0.0000  RESTRAINT  =       129.8723
 EAMBER (non-restraint)  =    -67116.3787
 ------------------------------------------------------------------------------

wrapping first mol.:       23.33180       32.99614       57.15099
wrapping first mol.:       23.33180       32.99614       57.15099

 NSTEP =     6500   TIME(PS) =     753.000  TEMP(K) =   298.39  PRESS =     0.0
 Etot   =    -53095.7332  EKtot   =     13790.8008  EPtot      =    -66886.5340
 BOND   =       462.2110  ANGLE   =      1188.0393  DIHED      =      1848.9440
 1-4 NB =       570.9152  1-4 EEL =      8871.8527  VDWAALS    =      8001.8324
 EELEC  =    -87964.1306  EHBOND  =         0.0000  RESTRAINT  =       133.8019
 EAMBER (non-restraint)  =    -67020.3359
 ------------------------------------------------------------------------------

wrapping first mol.:       23.33180       32.99614       57.15099
wrapping first mol.:       23.33180       32.99614       57.15099

 NSTEP =     7000   TIME(PS) =     754.000  TEMP(K) =   296.08  PRESS =     0.0
 Etot   =    -53037.1046  EKtot   =     13684.2773  EPtot      =    -66721.3819
 BOND   =       476.0199  ANGLE   =      1178.6886  DIHED      =      1868.3744
 1-4 NB =       559.9466  1-4 EEL =      8891.5759  VDWAALS    =      7858.0813
 EELEC  =    -87705.1911  EHBOND  =         0.0000  RESTRAINT  =       151.1226
 EAMBER (non-restraint)  =    -66872.5045
 ------------------------------------------------------------------------------

wrapping first mol.:       23.33180       32.99614       57.15099
wrapping first mol.:       23.33180       32.99614       57.15099

 NSTEP =     7500   TIME(PS) =     755.000  TEMP(K) =   297.96  PRESS =     0.0
 Etot   =    -53135.2797  EKtot   =     13771.0137  EPtot      =    -66906.2933
 BOND   =       445.6985  ANGLE   =      1195.3423  DIHED      =      1831.9433
 1-4 NB =       569.5273  1-4 EEL =      8908.9296  VDWAALS    =      7811.1788
 EELEC  =    -87793.7138  EHBOND  =         0.0000  RESTRAINT  =       124.8008
 EAMBER (non-restraint)  =    -67031.0942
 ------------------------------------------------------------------------------

wrapping first mol.:       23.33180       32.99614       57.15099
wrapping first mol.:       23.33180       32.99614       57.15099

 NSTEP =     8000   TIME(PS) =     756.000  TEMP(K) =   303.00  PRESS =     0.0
 Etot   =    -52987.8442  EKtot   =     14004.0674  EPtot      =    -66991.9116
 BOND   =       435.3204  ANGLE   =      1138.5423  DIHED      =      1852.2404
 1-4 NB =       563.2930  1-4 EEL =      8920.3180  VDWAALS    =      7889.9325
 EELEC  =    -87955.4534  EHBOND  =         0.0000  RESTRAINT  =       163.8953
 EAMBER (non-restraint)  =    -67155.8069
 ------------------------------------------------------------------------------

wrapping first mol.:       23.33180       32.99614       57.15099
wrapping first mol.:       23.33180       32.99614       57.15099

 NSTEP =     8500   TIME(PS) =     757.000  TEMP(K) =   300.54  PRESS =     0.0
 Etot   =    -52920.8056  EKtot   =     13890.4033  EPtot      =    -66811.2089
 BOND   =       438.0386  ANGLE   =      1209.3657  DIHED      =      1851.8781
 1-4 NB =       562.1885  1-4 EEL =      8924.5366  VDWAALS    =      7722.1024
 EELEC  =    -87654.5716  EHBOND  =         0.0000  RESTRAINT  =       135.2528
 EAMBER (non-restraint)  =    -66946.4617
 ------------------------------------------------------------------------------

wrapping first mol.:       23.33180       32.99614       57.15099
wrapping first mol.:       23.33180       32.99614       57.15099

 NSTEP =     9000   TIME(PS) =     758.000  TEMP(K) =   299.81  PRESS =     0.0
 Etot   =    -53189.9877  EKtot   =     13856.7822  EPtot      =    -67046.7699
 BOND   =       432.5147  ANGLE   =      1150.2375  DIHED      =      1818.6487
 1-4 NB =       558.8473  1-4 EEL =      8882.2863  VDWAALS    =      7912.1074
 EELEC  =    -87941.7389  EHBOND  =         0.0000  RESTRAINT  =       140.3271
 EAMBER (non-restraint)  =    -67187.0969
 ------------------------------------------------------------------------------

wrapping first mol.:       23.33180       32.99614       57.15099
wrapping first mol.:       23.33180       32.99614       57.15099

 NSTEP =     9500   TIME(PS) =     759.000  TEMP(K) =   300.26  PRESS =     0.0
 Etot   =    -53152.1120  EKtot   =     13877.5742  EPtot      =    -67029.6862
 BOND   =       468.3826  ANGLE   =      1194.8060  DIHED      =      1855.8065
 1-4 NB =       565.1957  1-4 EEL =      8903.8252  VDWAALS    =      7788.1031
 EELEC  =    -87955.8616  EHBOND  =         0.0000  RESTRAINT  =       150.0563
 EAMBER (non-restraint)  =    -67179.7425
 ------------------------------------------------------------------------------

wrapping first mol.:       23.33180       32.99614       57.15099
wrapping first mol.:       23.33180       32.99614       57.15099

 NSTEP =    10000   TIME(PS) =     760.000  TEMP(K) =   298.21  PRESS =     0.0
 Etot   =    -53309.3852  EKtot   =     13782.5811  EPtot      =    -67091.9662
 BOND   =       460.1036  ANGLE   =      1145.9844  DIHED      =      1858.1385
 1-4 NB =       580.1498  1-4 EEL =      8894.2946  VDWAALS    =      7753.1563
 EELEC  =    -87929.2206  EHBOND  =         0.0000  RESTRAINT  =       145.4273
 EAMBER (non-restraint)  =    -67237.3935
 ------------------------------------------------------------------------------

wrapping first mol.:       23.33180       32.99614       57.15099
wrapping first mol.:       23.33180       32.99614       57.15099

 NSTEP =    10500   TIME(PS) =     761.000  TEMP(K) =   299.27  PRESS =     0.0
 Etot   =    -53006.3610  EKtot   =     13831.4941  EPtot      =    -66837.8551
 BOND   =       402.1490  ANGLE   =      1183.7242  DIHED      =      1840.7435
 1-4 NB =       578.0175  1-4 EEL =      8917.7187  VDWAALS    =      7705.0425
 EELEC  =    -87614.9701  EHBOND  =         0.0000  RESTRAINT  =       149.7195
 EAMBER (non-restraint)  =    -66987.5746
 ------------------------------------------------------------------------------

wrapping first mol.:       23.33180       32.99614       57.15099
wrapping first mol.:       23.33180       32.99614       57.15099

 NSTEP =    11000   TIME(PS) =     762.000  TEMP(K) =   299.28  PRESS =     0.0
 Etot   =    -53111.5244  EKtot   =     13832.0664  EPtot      =    -66943.5908
 BOND   =       480.3642  ANGLE   =      1180.0070  DIHED      =      1860.4860
 1-4 NB =       550.9114  1-4 EEL =      8903.3648  VDWAALS    =      7985.0279
 EELEC  =    -88036.4724  EHBOND  =         0.0000  RESTRAINT  =       132.7202
 EAMBER (non-restraint)  =    -67076.3110
 ------------------------------------------------------------------------------

wrapping first mol.:       23.33180       32.99614       57.15099
wrapping first mol.:       23.33180       32.99614       57.15099

 NSTEP =    11500   TIME(PS) =     763.000  TEMP(K) =   299.31  PRESS =     0.0
 Etot   =    -52936.2058  EKtot   =     13833.7324  EPtot      =    -66769.9382
 BOND   =       475.5723  ANGLE   =      1181.3523  DIHED      =      1845.1794
 1-4 NB =       570.9890  1-4 EEL =      8871.5151  VDWAALS    =      8014.0705
 EELEC  =    -87886.4868  EHBOND  =         0.0000  RESTRAINT  =       157.8701
 EAMBER (non-restraint)  =    -66927.8082
 ------------------------------------------------------------------------------

wrapping first mol.:       23.33180       32.99614       57.15099
wrapping first mol.:       23.33180       32.99614       57.15099

 NSTEP =    12000   TIME(PS) =     764.000  TEMP(K) =   302.48  PRESS =     0.0
 Etot   =    -52855.0755  EKtot   =     13980.0762  EPtot      =    -66835.1517
 BOND   =       483.0660  ANGLE   =      1198.2882  DIHED      =      1839.1168
 1-4 NB =       558.2594  1-4 EEL =      8873.2193  VDWAALS    =      7931.2214
 EELEC  =    -87883.0278  EHBOND  =         0.0000  RESTRAINT  =       164.7050
 EAMBER (non-restraint)  =    -66999.8567
 ------------------------------------------------------------------------------

wrapping first mol.:       23.33180       32.99614       57.15099
wrapping first mol.:       23.33180       32.99614       57.15099

 NSTEP =    12500   TIME(PS) =     765.000  TEMP(K) =   300.00  PRESS =     0.0
 Etot   =    -53052.5381  EKtot   =     13865.6348  EPtot      =    -66918.1729
 BOND   =       440.6152  ANGLE   =      1186.9616  DIHED      =      1860.2711
 1-4 NB =       555.1028  1-4 EEL =      8890.6359  VDWAALS    =      8081.8930
 EELEC  =    -88076.7673  EHBOND  =         0.0000  RESTRAINT  =       143.1149
 EAMBER (non-restraint)  =    -67061.2878
 ------------------------------------------------------------------------------

wrapping first mol.:       23.33180       32.99614       57.15099
wrapping first mol.:       23.33180       32.99614       57.15099

 NSTEP =    13000   TIME(PS) =     766.000  TEMP(K) =   300.40  PRESS =     0.0
 Etot   =    -53127.6071  EKtot   =     13883.8652  EPtot      =    -67011.4724
 BOND   =       441.6400  ANGLE   =      1156.8463  DIHED      =      1844.4994
 1-4 NB =       556.7312  1-4 EEL =      8891.6244  VDWAALS    =      7847.1370
 EELEC  =    -87895.4745  EHBOND  =         0.0000  RESTRAINT  =       145.5238
 EAMBER (non-restraint)  =    -67156.9961
 ------------------------------------------------------------------------------

wrapping first mol.:       23.33180       32.99614       57.15099
wrapping first mol.:       23.33180       32.99614       57.15099

 NSTEP =    13500   TIME(PS) =     767.000  TEMP(K) =   301.80  PRESS =     0.0
 Etot   =    -53027.6683  EKtot   =     13948.3945  EPtot      =    -66976.0628
 BOND   =       442.2027  ANGLE   =      1175.9403  DIHED      =      1854.4599
 1-4 NB =       563.6379  1-4 EEL =      8917.2667  VDWAALS    =      8118.3858
 EELEC  =    -88196.4425  EHBOND  =         0.0000  RESTRAINT  =       148.4864
 EAMBER (non-restraint)  =    -67124.5491
 ------------------------------------------------------------------------------

wrapping first mol.:       23.33180       32.99614       57.15099
wrapping first mol.:       23.33180       32.99614       57.15099

 NSTEP =    14000   TIME(PS) =     768.000  TEMP(K) =   301.51  PRESS =     0.0
 Etot   =    -53052.8897  EKtot   =     13935.1895  EPtot      =    -66988.0792
 BOND   =       425.2048  ANGLE   =      1176.0333  DIHED      =      1863.7634
 1-4 NB =       567.4465  1-4 EEL =      8853.2530  VDWAALS    =      8170.0018
 EELEC  =    -88190.9636  EHBOND  =         0.0000  RESTRAINT  =       147.1816
 EAMBER (non-restraint)  =    -67135.2608
 ------------------------------------------------------------------------------

wrapping first mol.:       23.33180       32.99614       57.15099
wrapping first mol.:       23.33180       32.99614       57.15099

 NSTEP =    14500   TIME(PS) =     769.000  TEMP(K) =   302.87  PRESS =     0.0
 Etot   =    -52992.6500  EKtot   =     13998.2041  EPtot      =    -66990.8541
 BOND   =       433.1366  ANGLE   =      1195.0908  DIHED      =      1827.5554
 1-4 NB =       580.5487  1-4 EEL =      8895.2068  VDWAALS    =      7817.2465
 EELEC  =    -87891.7100  EHBOND  =         0.0000  RESTRAINT  =       152.0711
 EAMBER (non-restraint)  =    -67142.9252
 ------------------------------------------------------------------------------

wrapping first mol.:       23.33180       32.99614       57.15099
wrapping first mol.:       23.33180       32.99614       57.15099

 NSTEP =    15000   TIME(PS) =     770.000  TEMP(K) =   301.52  PRESS =     0.0
 Etot   =    -53164.7469  EKtot   =     13935.4648  EPtot      =    -67100.2118
 BOND   =       462.0076  ANGLE   =      1213.6457  DIHED      =      1871.4655
 1-4 NB =       564.1333  1-4 EEL =      8885.3939  VDWAALS    =      8042.2671
 EELEC  =    -88278.8607  EHBOND  =         0.0000  RESTRAINT  =       139.7359
 EAMBER (non-restraint)  =    -67239.9476
 ------------------------------------------------------------------------------

wrapping first mol.:       23.33180       32.99614       57.15099
wrapping first mol.:       23.33180       32.99614       57.15099

 NSTEP =    15500   TIME(PS) =     771.000  TEMP(K) =   296.48  PRESS =     0.0
 Etot   =    -53418.0482  EKtot   =     13702.9180  EPtot      =    -67120.9662
 BOND   =       443.8026  ANGLE   =      1179.9142  DIHED      =      1852.0949
 1-4 NB =       561.1483  1-4 EEL =      8931.7390  VDWAALS    =      7807.4501
 EELEC  =    -88039.0509  EHBOND  =         0.0000  RESTRAINT  =       141.9356
 EAMBER (non-restraint)  =    -67262.9018
 ------------------------------------------------------------------------------

wrapping first mol.:       23.33180       32.99614       57.15099
wrapping first mol.:       23.33180       32.99614       57.15099

 NSTEP =    16000   TIME(PS) =     772.000  TEMP(K) =   298.95  PRESS =     0.0
 Etot   =    -53156.0916  EKtot   =     13816.7168  EPtot      =    -66972.8084
 BOND   =       446.3259  ANGLE   =      1179.0900  DIHED      =      1872.6175
 1-4 NB =       549.8566  1-4 EEL =      8848.8391  VDWAALS    =      7816.9673
 EELEC  =    -87827.0716  EHBOND  =         0.0000  RESTRAINT  =       140.5668
 EAMBER (non-restraint)  =    -67113.3752
 ------------------------------------------------------------------------------

wrapping first mol.:       23.33180       32.99614       57.15099
wrapping first mol.:       23.33180       32.99614       57.15099

 NSTEP =    16500   TIME(PS) =     773.000  TEMP(K) =   299.77  PRESS =     0.0
 Etot   =    -53268.7011  EKtot   =     13854.7314  EPtot      =    -67123.4325
 BOND   =       421.9459  ANGLE   =      1171.7294  DIHED      =      1844.7029
 1-4 NB =       555.3768  1-4 EEL =      8897.5893  VDWAALS    =      7852.7004
 EELEC  =    -88010.5239  EHBOND  =         0.0000  RESTRAINT  =       143.0466
 EAMBER (non-restraint)  =    -67266.4791
 ------------------------------------------------------------------------------

wrapping first mol.:       23.33180       32.99614       57.15099
wrapping first mol.:       23.33180       32.99614       57.15099

 NSTEP =    17000   TIME(PS) =     774.000  TEMP(K) =   299.69  PRESS =     0.0
 Etot   =    -52881.8331  EKtot   =     13851.3105  EPtot      =    -66733.1436
 BOND   =       402.9214  ANGLE   =      1223.7314  DIHED      =      1877.1043
 1-4 NB =       565.1940  1-4 EEL =      8915.9113  VDWAALS    =      7790.0148
 EELEC  =    -87649.4099  EHBOND  =         0.0000  RESTRAINT  =       141.3891
 EAMBER (non-restraint)  =    -66874.5327
 ------------------------------------------------------------------------------

wrapping first mol.:       23.33180       32.99614       57.15099
wrapping first mol.:       23.33180       32.99614       57.15099

 NSTEP =    17500   TIME(PS) =     775.000  TEMP(K) =   298.09  PRESS =     0.0
 Etot   =    -53115.3053  EKtot   =     13777.0059  EPtot      =    -66892.3112
 BOND   =       450.5234  ANGLE   =      1196.4964  DIHED      =      1839.6461
 1-4 NB =       556.7818  1-4 EEL =      8895.6152  VDWAALS    =      8009.5008
 EELEC  =    -87987.7948  EHBOND  =         0.0000  RESTRAINT  =       146.9199
 EAMBER (non-restraint)  =    -67039.2311
 ------------------------------------------------------------------------------

wrapping first mol.:       23.33180       32.99614       57.15099
wrapping first mol.:       23.33180       32.99614       57.15099

 NSTEP =    18000   TIME(PS) =     776.000  TEMP(K) =   299.12  PRESS =     0.0
 Etot   =    -53101.5267  EKtot   =     13824.8320  EPtot      =    -66926.3587
 BOND   =       425.1276  ANGLE   =      1177.9207  DIHED      =      1839.2677
 1-4 NB =       542.0415  1-4 EEL =      8914.1354  VDWAALS    =      7929.4708
 EELEC  =    -87880.7703  EHBOND  =         0.0000  RESTRAINT  =       126.4478
 EAMBER (non-restraint)  =    -67052.8065
 ------------------------------------------------------------------------------

wrapping first mol.:       23.33180       32.99614       57.15099
wrapping first mol.:       23.33180       32.99614       57.15099

 NSTEP =    18500   TIME(PS) =     777.000  TEMP(K) =   300.53  PRESS =     0.0
 Etot   =    -52963.7815  EKtot   =     13889.9766  EPtot      =    -66853.7581
 BOND   =       442.5461  ANGLE   =      1177.3652  DIHED      =      1859.6548
 1-4 NB =       555.5039  1-4 EEL =      8886.4708  VDWAALS    =      7779.5927
 EELEC  =    -87700.5892  EHBOND  =         0.0000  RESTRAINT  =       145.6975
 EAMBER (non-restraint)  =    -66999.4555
 ------------------------------------------------------------------------------

wrapping first mol.:       23.33180       32.99614       57.15099
wrapping first mol.:       23.33180       32.99614       57.15099

 NSTEP =    19000   TIME(PS) =     778.000  TEMP(K) =   300.72  PRESS =     0.0
 Etot   =    -52712.0963  EKtot   =     13898.5518  EPtot      =    -66610.6481
 BOND   =       440.7366  ANGLE   =      1162.6692  DIHED      =      1851.4700
 1-4 NB =       571.5802  1-4 EEL =      8892.0519  VDWAALS    =      7864.7607
 EELEC  =    -87544.8643  EHBOND  =         0.0000  RESTRAINT  =       150.9477
 EAMBER (non-restraint)  =    -66761.5957
 ------------------------------------------------------------------------------

wrapping first mol.:       23.33180       32.99614       57.15099
wrapping first mol.:       23.33180       32.99614       57.15099

 NSTEP =    19500   TIME(PS) =     779.000  TEMP(K) =   299.03  PRESS =     0.0
 Etot   =    -52923.6458  EKtot   =     13820.7783  EPtot      =    -66744.4241
 BOND   =       478.1201  ANGLE   =      1235.1765  DIHED      =      1853.8045
 1-4 NB =       561.5935  1-4 EEL =      8865.0025  VDWAALS    =      7816.1976
 EELEC  =    -87712.9213  EHBOND  =         0.0000  RESTRAINT  =       158.6025
 EAMBER (non-restraint)  =    -66903.0266
 ------------------------------------------------------------------------------

wrapping first mol.:       23.33180       32.99614       57.15099
wrapping first mol.:       23.33180       32.99614       57.15099

 NSTEP =    20000   TIME(PS) =     780.000  TEMP(K) =   300.97  PRESS =     0.0
 Etot   =    -52781.8644  EKtot   =     13910.4873  EPtot      =    -66692.3517
 BOND   =       419.4362  ANGLE   =      1165.0857  DIHED      =      1857.5676
 1-4 NB =       581.6863  1-4 EEL =      8908.1661  VDWAALS    =      7862.4639
 EELEC  =    -87631.4470  EHBOND  =         0.0000  RESTRAINT  =       144.6894
 EAMBER (non-restraint)  =    -66837.0411
 ------------------------------------------------------------------------------

wrapping first mol.:       23.33180       32.99614       57.15099
wrapping first mol.:       23.33180       32.99614       57.15099

 NSTEP =    20500   TIME(PS) =     781.000  TEMP(K) =   298.74  PRESS =     0.0
 Etot   =    -53214.4293  EKtot   =     13807.2158  EPtot      =    -67021.6451
 BOND   =       473.5726  ANGLE   =      1183.3294  DIHED      =      1855.9839
 1-4 NB =       560.0980  1-4 EEL =      8900.6143  VDWAALS    =      7723.6704
 EELEC  =    -87864.9021  EHBOND  =         0.0000  RESTRAINT  =       145.9883
 EAMBER (non-restraint)  =    -67167.6334
 ------------------------------------------------------------------------------

wrapping first mol.:       23.33180       32.99614       57.15099
wrapping first mol.:       23.33180       32.99614       57.15099

 NSTEP =    21000   TIME(PS) =     782.000  TEMP(K) =   301.80  PRESS =     0.0
 Etot   =    -52875.2690  EKtot   =     13948.7471  EPtot      =    -66824.0161
 BOND   =       431.7799  ANGLE   =      1179.4493  DIHED      =      1856.3638
 1-4 NB =       572.1032  1-4 EEL =      8910.7647  VDWAALS    =      7817.6648
 EELEC  =    -87736.4583  EHBOND  =         0.0000  RESTRAINT  =       144.3164
 EAMBER (non-restraint)  =    -66968.3325
 ------------------------------------------------------------------------------

wrapping first mol.:       23.33180       32.99614       57.15099
wrapping first mol.:       23.33180       32.99614       57.15099

 NSTEP =    21500   TIME(PS) =     783.000  TEMP(K) =   297.66  PRESS =     0.0
 Etot   =    -53048.7372  EKtot   =     13757.3379  EPtot      =    -66806.0751
 BOND   =       451.0516  ANGLE   =      1131.4660  DIHED      =      1843.1732
 1-4 NB =       569.7543  1-4 EEL =      8864.5634  VDWAALS    =      7827.6575
 EELEC  =    -87625.4510  EHBOND  =         0.0000  RESTRAINT  =       131.7099
 EAMBER (non-restraint)  =    -66937.7850
 ------------------------------------------------------------------------------

wrapping first mol.:       23.33180       32.99614       57.15099
wrapping first mol.:       23.33180       32.99614       57.15099

 NSTEP =    22000   TIME(PS) =     784.000  TEMP(K) =   301.16  PRESS =     0.0
 Etot   =    -53064.0058  EKtot   =     13918.9883  EPtot      =    -66982.9941
 BOND   =       459.9422  ANGLE   =      1123.6267  DIHED      =      1849.4576
 1-4 NB =       562.9647  1-4 EEL =      8901.6937  VDWAALS    =      7799.2968
 EELEC  =    -87829.1404  EHBOND  =         0.0000  RESTRAINT  =       149.1646
 EAMBER (non-restraint)  =    -67132.1587
 ------------------------------------------------------------------------------

wrapping first mol.:       23.33180       32.99614       57.15099
wrapping first mol.:       23.33180       32.99614       57.15099

 NSTEP =    22500   TIME(PS) =     785.000  TEMP(K) =   299.29  PRESS =     0.0
 Etot   =    -53035.0800  EKtot   =     13832.7539  EPtot      =    -66867.8339
 BOND   =       433.7847  ANGLE   =      1139.7586  DIHED      =      1848.2148
 1-4 NB =       570.0670  1-4 EEL =      8877.8378  VDWAALS    =      7757.7113
 EELEC  =    -87638.5714  EHBOND  =         0.0000  RESTRAINT  =       143.3632
 EAMBER (non-restraint)  =    -67011.1972
 ------------------------------------------------------------------------------

wrapping first mol.:       23.33180       32.99614       57.15099
wrapping first mol.:       23.33180       32.99614       57.15099

 NSTEP =    23000   TIME(PS) =     786.000  TEMP(K) =   299.49  PRESS =     0.0
 Etot   =    -53204.1187  EKtot   =     13841.8037  EPtot      =    -67045.9224
 BOND   =       426.3984  ANGLE   =      1151.3860  DIHED      =      1836.5925
 1-4 NB =       563.4347  1-4 EEL =      8875.3501  VDWAALS    =      7913.4143
 EELEC  =    -87973.5397  EHBOND  =         0.0000  RESTRAINT  =       161.0412
 EAMBER (non-restraint)  =    -67206.9637
 ------------------------------------------------------------------------------

wrapping first mol.:       23.33180       32.99614       57.15099
wrapping first mol.:       23.33180       32.99614       57.15099

 NSTEP =    23500   TIME(PS) =     787.000  TEMP(K) =   301.80  PRESS =     0.0
 Etot   =    -53041.0973  EKtot   =     13948.6982  EPtot      =    -66989.7955
 BOND   =       434.0742  ANGLE   =      1149.3358  DIHED      =      1866.7505
 1-4 NB =       568.2435  1-4 EEL =      8889.0333  VDWAALS    =      7976.2881
 EELEC  =    -88028.2524  EHBOND  =         0.0000  RESTRAINT  =       154.7314
 EAMBER (non-restraint)  =    -67144.5270
 ------------------------------------------------------------------------------

wrapping first mol.:       23.33180       32.99614       57.15099
wrapping first mol.:       23.33180       32.99614       57.15099

 NSTEP =    24000   TIME(PS) =     788.000  TEMP(K) =   298.91  PRESS =     0.0
 Etot   =    -53204.5298  EKtot   =     13815.1016  EPtot      =    -67019.6313
 BOND   =       457.7793  ANGLE   =      1195.0501  DIHED      =      1855.9689
 1-4 NB =       551.1699  1-4 EEL =      8868.4428  VDWAALS    =      7998.1952
 EELEC  =    -88081.2015  EHBOND  =         0.0000  RESTRAINT  =       134.9640
 EAMBER (non-restraint)  =    -67154.5953
 ------------------------------------------------------------------------------

wrapping first mol.:       23.33180       32.99614       57.15099
wrapping first mol.:       23.33180       32.99614       57.15099

 NSTEP =    24500   TIME(PS) =     789.000  TEMP(K) =   300.27  PRESS =     0.0
 Etot   =    -53020.3667  EKtot   =     13877.8037  EPtot      =    -66898.1704
 BOND   =       468.7404  ANGLE   =      1146.4033  DIHED      =      1855.5321
 1-4 NB =       570.6588  1-4 EEL =      8915.4730  VDWAALS    =      7839.3503
 EELEC  =    -87849.7010  EHBOND  =         0.0000  RESTRAINT  =       155.3726
 EAMBER (non-restraint)  =    -67053.5430
 ------------------------------------------------------------------------------

wrapping first mol.:       23.33180       32.99614       57.15099
wrapping first mol.:       23.33180       32.99614       57.15099

 NSTEP =    25000   TIME(PS) =     790.000  TEMP(K) =   299.08  PRESS =     0.0
 Etot   =    -53148.2747  EKtot   =     13823.0371  EPtot      =    -66971.3118
 BOND   =       436.8522  ANGLE   =      1174.5847  DIHED      =      1843.8522
 1-4 NB =       565.0096  1-4 EEL =      8882.3695  VDWAALS    =      7961.1469
 EELEC  =    -87988.5252  EHBOND  =         0.0000  RESTRAINT  =       153.3983
 EAMBER (non-restraint)  =    -67124.7100
 ------------------------------------------------------------------------------

wrapping first mol.:       23.33180       32.99614       57.15099
wrapping first mol.:       23.33180       32.99614       57.15099

 NSTEP =    25500   TIME(PS) =     791.000  TEMP(K) =   299.43  PRESS =     0.0
 Etot   =    -53008.7571  EKtot   =     13839.0195  EPtot      =    -66847.7766
 BOND   =       413.8139  ANGLE   =      1181.4401  DIHED      =      1878.8228
 1-4 NB =       567.9529  1-4 EEL =      8915.0383  VDWAALS    =      7856.6361
 EELEC  =    -87809.9338  EHBOND  =         0.0000  RESTRAINT  =       148.4531
 EAMBER (non-restraint)  =    -66996.2297
 ------------------------------------------------------------------------------

wrapping first mol.:       23.33180       32.99614       57.15099
wrapping first mol.:       23.33180       32.99614       57.15099

 NSTEP =    26000   TIME(PS) =     792.000  TEMP(K) =   302.65  PRESS =     0.0
 Etot   =    -53209.3325  EKtot   =     13988.0957  EPtot      =    -67197.4282
 BOND   =       394.8709  ANGLE   =      1179.8639  DIHED      =      1874.4551
 1-4 NB =       575.5393  1-4 EEL =      8932.8481  VDWAALS    =      7656.9323
 EELEC  =    -87956.0524  EHBOND  =         0.0000  RESTRAINT  =       144.1145
 EAMBER (non-restraint)  =    -67341.5427
 ------------------------------------------------------------------------------

wrapping first mol.:       23.33180       32.99614       57.15099
wrapping first mol.:       23.33180       32.99614       57.15099

 NSTEP =    26500   TIME(PS) =     793.000  TEMP(K) =   302.75  PRESS =     0.0
 Etot   =    -52895.0804  EKtot   =     13992.3594  EPtot      =    -66887.4398
 BOND   =       436.9200  ANGLE   =      1216.3915  DIHED      =      1843.5266
 1-4 NB =       580.0171  1-4 EEL =      8880.2026  VDWAALS    =      7623.9017
 EELEC  =    -87615.8069  EHBOND  =         0.0000  RESTRAINT  =       147.4077
 EAMBER (non-restraint)  =    -67034.8475
 ------------------------------------------------------------------------------

wrapping first mol.:       23.33180       32.99614       57.15099
wrapping first mol.:       23.33180       32.99614       57.15099

 NSTEP =    27000   TIME(PS) =     794.000  TEMP(K) =   299.14  PRESS =     0.0
 Etot   =    -53165.0973  EKtot   =     13825.7109  EPtot      =    -66990.8082
 BOND   =       445.7651  ANGLE   =      1136.4118  DIHED      =      1852.5983
 1-4 NB =       559.4718  1-4 EEL =      8900.2982  VDWAALS    =      7737.9048
 EELEC  =    -87769.9867  EHBOND  =         0.0000  RESTRAINT  =       146.7285
 EAMBER (non-restraint)  =    -67137.5367
 ------------------------------------------------------------------------------

wrapping first mol.:       23.33180       32.99614       57.15099
wrapping first mol.:       23.33180       32.99614       57.15099

 NSTEP =    27500   TIME(PS) =     795.000  TEMP(K) =   301.76  PRESS =     0.0
 Etot   =    -53026.0444  EKtot   =     13946.7725  EPtot      =    -66972.8168
 BOND   =       429.8745  ANGLE   =      1175.3452  DIHED      =      1874.5233
 1-4 NB =       563.8298  1-4 EEL =      8903.1117  VDWAALS    =      7891.2793
 EELEC  =    -87954.4539  EHBOND  =         0.0000  RESTRAINT  =       143.6732
 EAMBER (non-restraint)  =    -67116.4901
 ------------------------------------------------------------------------------

wrapping first mol.:       23.33180       32.99614       57.15099
wrapping first mol.:       23.33180       32.99614       57.15099

 NSTEP =    28000   TIME(PS) =     796.000  TEMP(K) =   302.04  PRESS =     0.0
 Etot   =    -53134.1265  EKtot   =     13959.7412  EPtot      =    -67093.8677
 BOND   =       463.7915  ANGLE   =      1165.3427  DIHED      =      1880.1721
 1-4 NB =       548.8465  1-4 EEL =      8895.8181  VDWAALS    =      7998.1942
 EELEC  =    -88197.1021  EHBOND  =         0.0000  RESTRAINT  =       151.0693
 EAMBER (non-restraint)  =    -67244.9370
 ------------------------------------------------------------------------------

wrapping first mol.:       23.33180       32.99614       57.15099
wrapping first mol.:       23.33180       32.99614       57.15099

 NSTEP =    28500   TIME(PS) =     797.000  TEMP(K) =   303.12  PRESS =     0.0
 Etot   =    -53170.3933  EKtot   =     14009.8076  EPtot      =    -67180.2009
 BOND   =       411.6420  ANGLE   =      1161.9582  DIHED      =      1879.0222
 1-4 NB =       586.5928  1-4 EEL =      8903.1998  VDWAALS    =      7839.7114
 EELEC  =    -88104.9886  EHBOND  =         0.0000  RESTRAINT  =       142.6614
 EAMBER (non-restraint)  =    -67322.8623
 ------------------------------------------------------------------------------

wrapping first mol.:       23.33180       32.99614       57.15099
wrapping first mol.:       23.33180       32.99614       57.15099

 NSTEP =    29000   TIME(PS) =     798.000  TEMP(K) =   298.48  PRESS =     0.0
 Etot   =    -53263.7976  EKtot   =     13795.0469  EPtot      =    -67058.8445
 BOND   =       421.9754  ANGLE   =      1244.4459  DIHED      =      1852.3728
 1-4 NB =       573.2922  1-4 EEL =      8913.5234  VDWAALS    =      7986.4559
 EELEC  =    -88201.0428  EHBOND  =         0.0000  RESTRAINT  =       150.1328
 EAMBER (non-restraint)  =    -67208.9773
 ------------------------------------------------------------------------------

wrapping first mol.:       23.33180       32.99614       57.15099
wrapping first mol.:       23.33180       32.99614       57.15099

 NSTEP =    29500   TIME(PS) =     799.000  TEMP(K) =   300.06  PRESS =     0.0
 Etot   =    -53373.0830  EKtot   =     13868.1689  EPtot      =    -67241.2520
 BOND   =       452.3702  ANGLE   =      1171.5413  DIHED      =      1872.4311
 1-4 NB =       572.9701  1-4 EEL =      8904.6021  VDWAALS    =      8026.1900
 EELEC  =    -88398.4290  EHBOND  =         0.0000  RESTRAINT  =       157.0722
 EAMBER (non-restraint)  =    -67398.3241
 ------------------------------------------------------------------------------

wrapping first mol.:       23.33180       32.99614       57.15099
wrapping first mol.:       23.33180       32.99614       57.15099

 NSTEP =    30000   TIME(PS) =     800.000  TEMP(K) =   300.80  PRESS =     0.0
 Etot   =    -53199.2506  EKtot   =     13902.5488  EPtot      =    -67101.7994
 BOND   =       462.4431  ANGLE   =      1177.2316  DIHED      =      1844.6818
 1-4 NB =       568.9319  1-4 EEL =      8885.5355  VDWAALS    =      7904.3494
 EELEC  =    -88079.9818  EHBOND  =         0.0000  RESTRAINT  =       135.0090
 EAMBER (non-restraint)  =    -67236.8085
 ------------------------------------------------------------------------------

wrapping first mol.:       23.33180       32.99614       57.15099
wrapping first mol.:       23.33180       32.99614       57.15099

 NSTEP =    30500   TIME(PS) =     801.000  TEMP(K) =   298.03  PRESS =     0.0
 Etot   =    -53238.9818  EKtot   =     13774.4307  EPtot      =    -67013.4125
 BOND   =       442.5083  ANGLE   =      1180.0579  DIHED      =      1844.5677
 1-4 NB =       565.1789  1-4 EEL =      8913.3274  VDWAALS    =      7764.6671
 EELEC  =    -87872.0632  EHBOND  =         0.0000  RESTRAINT  =       148.3435
 EAMBER (non-restraint)  =    -67161.7560
 ------------------------------------------------------------------------------

wrapping first mol.:       23.33180       32.99614       57.15099
wrapping first mol.:       23.33180       32.99614       57.15099

 NSTEP =    31000   TIME(PS) =     802.000  TEMP(K) =   297.34  PRESS =     0.0
 Etot   =    -53054.7095  EKtot   =     13742.7090  EPtot      =    -66797.4185
 BOND   =       452.9427  ANGLE   =      1160.7581  DIHED      =      1842.2813
 1-4 NB =       557.4172  1-4 EEL =      8879.2003  VDWAALS    =      7869.1532
 EELEC  =    -87700.7305  EHBOND  =         0.0000  RESTRAINT  =       141.5593
 EAMBER (non-restraint)  =    -66938.9779
 ------------------------------------------------------------------------------

wrapping first mol.:       23.33180       32.99614       57.15099
wrapping first mol.:       23.33180       32.99614       57.15099

 NSTEP =    31500   TIME(PS) =     803.000  TEMP(K) =   299.07  PRESS =     0.0
 Etot   =    -53139.5633  EKtot   =     13822.4297  EPtot      =    -66961.9929
 BOND   =       446.4122  ANGLE   =      1183.7560  DIHED      =      1876.5026
 1-4 NB =       586.8033  1-4 EEL =      8934.9136  VDWAALS    =      7806.1192
 EELEC  =    -87942.8397  EHBOND  =         0.0000  RESTRAINT  =       146.3398
 EAMBER (non-restraint)  =    -67108.3327
 ------------------------------------------------------------------------------

wrapping first mol.:       23.33180       32.99614       57.15099
wrapping first mol.:       23.33180       32.99614       57.15099

 NSTEP =    32000   TIME(PS) =     804.000  TEMP(K) =   302.18  PRESS =     0.0
 Etot   =    -52869.7494  EKtot   =     13966.3320  EPtot      =    -66836.0814
 BOND   =       445.7096  ANGLE   =      1188.3146  DIHED      =      1852.1039
 1-4 NB =       579.7859  1-4 EEL =      8909.0144  VDWAALS    =      7803.6872
 EELEC  =    -87754.0314  EHBOND  =         0.0000  RESTRAINT  =       139.3344
 EAMBER (non-restraint)  =    -66975.4158
 ------------------------------------------------------------------------------

wrapping first mol.:       23.33180       32.99614       57.15099
wrapping first mol.:       23.33180       32.99614       57.15099

 NSTEP =    32500   TIME(PS) =     805.000  TEMP(K) =   300.44  PRESS =     0.0
 Etot   =    -53061.0267  EKtot   =     13885.6309  EPtot      =    -66946.6575
 BOND   =       452.0590  ANGLE   =      1156.0154  DIHED      =      1845.9864
 1-4 NB =       577.6995  1-4 EEL =      8915.8076  VDWAALS    =      7901.8638
 EELEC  =    -87943.6022  EHBOND  =         0.0000  RESTRAINT  =       147.5129
 EAMBER (non-restraint)  =    -67094.1705
 ------------------------------------------------------------------------------

wrapping first mol.:       23.33180       32.99614       57.15099
wrapping first mol.:       23.33180       32.99614       57.15099

 NSTEP =    33000   TIME(PS) =     806.000  TEMP(K) =   301.98  PRESS =     0.0
 Etot   =    -52896.4912  EKtot   =     13956.7412  EPtot      =    -66853.2324
 BOND   =       435.4331  ANGLE   =      1193.0006  DIHED      =      1822.3914
 1-4 NB =       575.3554  1-4 EEL =      8935.5668  VDWAALS    =      8123.9366
 EELEC  =    -88108.9772  EHBOND  =         0.0000  RESTRAINT  =       170.0609
 EAMBER (non-restraint)  =    -67023.2933
 ------------------------------------------------------------------------------

wrapping first mol.:       23.33180       32.99614       57.15099
wrapping first mol.:       23.33180       32.99614       57.15099

 NSTEP =    33500   TIME(PS) =     807.000  TEMP(K) =   301.05  PRESS =     0.0
 Etot   =    -53015.5898  EKtot   =     13914.1836  EPtot      =    -66929.7734
 BOND   =       478.1178  ANGLE   =      1210.5408  DIHED      =      1833.7925
 1-4 NB =       546.6660  1-4 EEL =      8883.1393  VDWAALS    =      7933.9790
 EELEC  =    -87969.0810  EHBOND  =         0.0000  RESTRAINT  =       153.0723
 EAMBER (non-restraint)  =    -67082.8457
 ------------------------------------------------------------------------------

wrapping first mol.:       23.33180       32.99614       57.15099
wrapping first mol.:       23.33180       32.99614       57.15099

 NSTEP =    34000   TIME(PS) =     808.000  TEMP(K) =   300.05  PRESS =     0.0
 Etot   =    -53080.6659  EKtot   =     13867.6963  EPtot      =    -66948.3622
 BOND   =       451.1107  ANGLE   =      1203.1134  DIHED      =      1846.4074
 1-4 NB =       557.3314  1-4 EEL =      8898.6405  VDWAALS    =      7906.3229
 EELEC  =    -87958.8853  EHBOND  =         0.0000  RESTRAINT  =       147.5969
 EAMBER (non-restraint)  =    -67095.9591
 ------------------------------------------------------------------------------

wrapping first mol.:       23.33180       32.99614       57.15099
wrapping first mol.:       23.33180       32.99614       57.15099

 NSTEP =    34500   TIME(PS) =     809.000  TEMP(K) =   300.18  PRESS =     0.0
 Etot   =    -52925.2232  EKtot   =     13873.7812  EPtot      =    -66799.0045
 BOND   =       436.1133  ANGLE   =      1226.3838  DIHED      =      1851.7004
 1-4 NB =       553.9008  1-4 EEL =      8910.5563  VDWAALS    =      7784.3292
 EELEC  =    -87700.3352  EHBOND  =         0.0000  RESTRAINT  =       138.3468
 EAMBER (non-restraint)  =    -66937.3513
 ------------------------------------------------------------------------------

wrapping first mol.:       23.33180       32.99614       57.15099
wrapping first mol.:       23.33180       32.99614       57.15099

 NSTEP =    35000   TIME(PS) =     810.000  TEMP(K) =   300.17  PRESS =     0.0
 Etot   =    -53085.2486  EKtot   =     13873.1016  EPtot      =    -66958.3501
 BOND   =       430.0937  ANGLE   =      1163.1723  DIHED      =      1853.2039
 1-4 NB =       584.5183  1-4 EEL =      8922.9070  VDWAALS    =      7949.6595
 EELEC  =    -88007.4023  EHBOND  =         0.0000  RESTRAINT  =       145.4975
 EAMBER (non-restraint)  =    -67103.8476
 ------------------------------------------------------------------------------

wrapping first mol.:       23.33180       32.99614       57.15099
wrapping first mol.:       23.33180       32.99614       57.15099

 NSTEP =    35500   TIME(PS) =     811.000  TEMP(K) =   298.04  PRESS =     0.0
 Etot   =    -52970.8651  EKtot   =     13774.9854  EPtot      =    -66745.8505
 BOND   =       435.1008  ANGLE   =      1164.5344  DIHED      =      1837.1614
 1-4 NB =       547.9595  1-4 EEL =      8874.3136  VDWAALS    =      7901.5128
 EELEC  =    -87653.4497  EHBOND  =         0.0000  RESTRAINT  =       147.0167
 EAMBER (non-restraint)  =    -66892.8671
 ------------------------------------------------------------------------------

wrapping first mol.:       23.33180       32.99614       57.15099
wrapping first mol.:       23.33180       32.99614       57.15099

 NSTEP =    36000   TIME(PS) =     812.000  TEMP(K) =   304.19  PRESS =     0.0
 Etot   =    -52961.9713  EKtot   =     14059.0781  EPtot      =    -67021.0494
 BOND   =       426.0973  ANGLE   =      1175.3938  DIHED      =      1846.9135
 1-4 NB =       572.3833  1-4 EEL =      8908.6509  VDWAALS    =      7725.0276
 EELEC  =    -87829.7410  EHBOND  =         0.0000  RESTRAINT  =       154.2252
 EAMBER (non-restraint)  =    -67175.2746
 ------------------------------------------------------------------------------

wrapping first mol.:       23.33180       32.99614       57.15099
wrapping first mol.:       23.33180       32.99614       57.15099

 NSTEP =    36500   TIME(PS) =     813.000  TEMP(K) =   300.15  PRESS =     0.0
 Etot   =    -52981.3131  EKtot   =     13872.3301  EPtot      =    -66853.6431
 BOND   =       444.9096  ANGLE   =      1238.6019  DIHED      =      1846.6556
 1-4 NB =       575.4392  1-4 EEL =      8905.8432  VDWAALS    =      7997.1951
 EELEC  =    -88024.2041  EHBOND  =         0.0000  RESTRAINT  =       161.9164
 EAMBER (non-restraint)  =    -67015.5596
 ------------------------------------------------------------------------------

wrapping first mol.:       23.33180       32.99614       57.15099
wrapping first mol.:       23.33180       32.99614       57.15099

 NSTEP =    37000   TIME(PS) =     814.000  TEMP(K) =   297.52  PRESS =     0.0
 Etot   =    -53125.2171  EKtot   =     13750.6758  EPtot      =    -66875.8929
 BOND   =       437.6491  ANGLE   =      1141.8295  DIHED      =      1861.8464
 1-4 NB =       563.2489  1-4 EEL =      8885.2368  VDWAALS    =      7913.6839
 EELEC  =    -87837.0573  EHBOND  =         0.0000  RESTRAINT  =       157.6697
 EAMBER (non-restraint)  =    -67033.5625
 ------------------------------------------------------------------------------

wrapping first mol.:       23.33180       32.99614       57.15099
wrapping first mol.:       23.33180       32.99614       57.15099

 NSTEP =    37500   TIME(PS) =     815.000  TEMP(K) =   301.32  PRESS =     0.0
 Etot   =    -52834.6379  EKtot   =     13926.3916  EPtot      =    -66761.0295
 BOND   =       470.7659  ANGLE   =      1166.4722  DIHED      =      1846.8429
 1-4 NB =       570.1266  1-4 EEL =      8857.2494  VDWAALS    =      7876.7768
 EELEC  =    -87700.4438  EHBOND  =         0.0000  RESTRAINT  =       151.1804
 EAMBER (non-restraint)  =    -66912.2099
 ------------------------------------------------------------------------------

wrapping first mol.:       23.33180       32.99614       57.15099
wrapping first mol.:       23.33180       32.99614       57.15099

 NSTEP =    38000   TIME(PS) =     816.000  TEMP(K) =   298.87  PRESS =     0.0
 Etot   =    -53055.3904  EKtot   =     13813.0537  EPtot      =    -66868.4441
 BOND   =       437.7258  ANGLE   =      1153.2592  DIHED      =      1865.5231
 1-4 NB =       564.5041  1-4 EEL =      8942.0061  VDWAALS    =      7762.6869
 EELEC  =    -87734.5302  EHBOND  =         0.0000  RESTRAINT  =       140.3809
 EAMBER (non-restraint)  =    -67008.8249
 ------------------------------------------------------------------------------

wrapping first mol.:       23.33180       32.99614       57.15099
wrapping first mol.:       23.33180       32.99614       57.15099

 NSTEP =    38500   TIME(PS) =     817.000  TEMP(K) =   298.50  PRESS =     0.0
 Etot   =    -53018.4796  EKtot   =     13796.0811  EPtot      =    -66814.5606
 BOND   =       474.7324  ANGLE   =      1153.6048  DIHED      =      1857.1241
 1-4 NB =       560.7815  1-4 EEL =      8870.7469  VDWAALS    =      7772.0562
 EELEC  =    -87647.5276  EHBOND  =         0.0000  RESTRAINT  =       143.9212
 EAMBER (non-restraint)  =    -66958.4818
 ------------------------------------------------------------------------------

wrapping first mol.:       23.33180       32.99614       57.15099
wrapping first mol.:       23.33180       32.99614       57.15099

 NSTEP =    39000   TIME(PS) =     818.000  TEMP(K) =   303.22  PRESS =     0.0
 Etot   =    -52970.5677  EKtot   =     14014.2842  EPtot      =    -66984.8519
 BOND   =       422.3889  ANGLE   =      1157.3248  DIHED      =      1853.4970
 1-4 NB =       573.2514  1-4 EEL =      8932.2926  VDWAALS    =      8106.5042
 EELEC  =    -88172.5241  EHBOND  =         0.0000  RESTRAINT  =       142.4132
 EAMBER (non-restraint)  =    -67127.2651
 ------------------------------------------------------------------------------

wrapping first mol.:       23.33180       32.99614       57.15099
wrapping first mol.:       23.33180       32.99614       57.15099

 NSTEP =    39500   TIME(PS) =     819.000  TEMP(K) =   300.19  PRESS =     0.0
 Etot   =    -53069.4999  EKtot   =     13874.0264  EPtot      =    -66943.5263
 BOND   =       452.7494  ANGLE   =      1149.3478  DIHED      =      1849.8422
 1-4 NB =       569.8504  1-4 EEL =      8916.6993  VDWAALS    =      7693.5344
 EELEC  =    -87716.3006  EHBOND  =         0.0000  RESTRAINT  =       140.7509
 EAMBER (non-restraint)  =    -67084.2771
 ------------------------------------------------------------------------------

wrapping first mol.:       23.33180       32.99614       57.15099
wrapping first mol.:       23.33180       32.99614       57.15099

 NSTEP =    40000   TIME(PS) =     820.000  TEMP(K) =   304.84  PRESS =     0.0
 Etot   =    -52845.5768  EKtot   =     14089.2812  EPtot      =    -66934.8580
 BOND   =       481.8239  ANGLE   =      1141.5525  DIHED      =      1847.8513
 1-4 NB =       580.9845  1-4 EEL =      8896.5286  VDWAALS    =      7986.4520
 EELEC  =    -88014.7378  EHBOND  =         0.0000  RESTRAINT  =       144.6870
 EAMBER (non-restraint)  =    -67079.5450
 ------------------------------------------------------------------------------

wrapping first mol.:       23.33180       32.99614       57.15099
wrapping first mol.:       23.33180       32.99614       57.15099

 NSTEP =    40500   TIME(PS) =     821.000  TEMP(K) =   300.90  PRESS =     0.0
 Etot   =    -52860.6432  EKtot   =     13906.8457  EPtot      =    -66767.4889
 BOND   =       443.9724  ANGLE   =      1139.4305  DIHED      =      1852.9385
 1-4 NB =       565.1347  1-4 EEL =      8904.2567  VDWAALS    =      7769.7404
 EELEC  =    -87611.9819  EHBOND  =         0.0000  RESTRAINT  =       169.0199
 EAMBER (non-restraint)  =    -66936.5087
 ------------------------------------------------------------------------------

wrapping first mol.:       23.33180       32.99614       57.15099
wrapping first mol.:       23.33180       32.99614       57.15099

 NSTEP =    41000   TIME(PS) =     822.000  TEMP(K) =   298.52  PRESS =     0.0
 Etot   =    -53036.4030  EKtot   =     13796.8916  EPtot      =    -66833.2946
 BOND   =       447.8257  ANGLE   =      1189.5314  DIHED      =      1864.4156
 1-4 NB =       569.6417  1-4 EEL =      8905.6970  VDWAALS    =      8132.0235
 EELEC  =    -88088.6562  EHBOND  =         0.0000  RESTRAINT  =       146.2266
 EAMBER (non-restraint)  =    -66979.5212
 ------------------------------------------------------------------------------

wrapping first mol.:       23.33180       32.99614       57.15099
wrapping first mol.:       23.33180       32.99614       57.15099

 NSTEP =    41500   TIME(PS) =     823.000  TEMP(K) =   302.43  PRESS =     0.0
 Etot   =    -52877.9641  EKtot   =     13977.7188  EPtot      =    -66855.6829
 BOND   =       425.6082  ANGLE   =      1211.4709  DIHED      =      1833.8820
 1-4 NB =       574.4768  1-4 EEL =      8924.6089  VDWAALS    =      7670.5028
 EELEC  =    -87639.1036  EHBOND  =         0.0000  RESTRAINT  =       142.8713
 EAMBER (non-restraint)  =    -66998.5542
 ------------------------------------------------------------------------------

wrapping first mol.:       23.33180       32.99614       57.15099
wrapping first mol.:       23.33180       32.99614       57.15099

 NSTEP =    42000   TIME(PS) =     824.000  TEMP(K) =   302.28  PRESS =     0.0
 Etot   =    -52992.1526  EKtot   =     13970.7246  EPtot      =    -66962.8772
 BOND   =       442.3160  ANGLE   =      1205.6590  DIHED      =      1833.6868
 1-4 NB =       574.7141  1-4 EEL =      8894.5910  VDWAALS    =      7707.8624
 EELEC  =    -87761.8863  EHBOND  =         0.0000  RESTRAINT  =       140.1798
 EAMBER (non-restraint)  =    -67103.0570
 ------------------------------------------------------------------------------

wrapping first mol.:       23.33180       32.99614       57.15099
wrapping first mol.:       23.33180       32.99614       57.15099

 NSTEP =    42500   TIME(PS) =     825.000  TEMP(K) =   301.62  PRESS =     0.0
 Etot   =    -52992.6815  EKtot   =     13940.3096  EPtot      =    -66932.9911
 BOND   =       437.2504  ANGLE   =      1205.9605  DIHED      =      1833.3354
 1-4 NB =       558.8771  1-4 EEL =      8865.5073  VDWAALS    =      7731.3630
 EELEC  =    -87718.5386  EHBOND  =         0.0000  RESTRAINT  =       153.2539
 EAMBER (non-restraint)  =    -67086.2450
 ------------------------------------------------------------------------------

wrapping first mol.:       23.33180       32.99614       57.15099
wrapping first mol.:       23.33180       32.99614       57.15099

 NSTEP =    43000   TIME(PS) =     826.000  TEMP(K) =   298.59  PRESS =     0.0
 Etot   =    -53110.2901  EKtot   =     13800.1885  EPtot      =    -66910.4786
 BOND   =       438.7053  ANGLE   =      1144.2668  DIHED      =      1849.9511
 1-4 NB =       567.5672  1-4 EEL =      8930.4404  VDWAALS    =      7854.3729
 EELEC  =    -87850.9662  EHBOND  =         0.0000  RESTRAINT  =       155.1839
 EAMBER (non-restraint)  =    -67065.6625
 ------------------------------------------------------------------------------

wrapping first mol.:       23.33180       32.99614       57.15099
wrapping first mol.:       23.33180       32.99614       57.15099

 NSTEP =    43500   TIME(PS) =     827.000  TEMP(K) =   302.50  PRESS =     0.0
 Etot   =    -53045.2451  EKtot   =     13981.0625  EPtot      =    -67026.3076
 BOND   =       449.7834  ANGLE   =      1115.0906  DIHED      =      1848.0185
 1-4 NB =       564.0959  1-4 EEL =      8920.3965  VDWAALS    =      7991.0855
 EELEC  =    -88054.4123  EHBOND  =         0.0000  RESTRAINT  =       139.6343
 EAMBER (non-restraint)  =    -67165.9418
 ------------------------------------------------------------------------------

wrapping first mol.:       23.33180       32.99614       57.15099
wrapping first mol.:       23.33180       32.99614       57.15099

 NSTEP =    44000   TIME(PS) =     828.000  TEMP(K) =   302.59  PRESS =     0.0
 Etot   =    -52905.8536  EKtot   =     13985.3340  EPtot      =    -66891.1876
 BOND   =       427.8939  ANGLE   =      1169.6631  DIHED      =      1841.7010
 1-4 NB =       567.3752  1-4 EEL =      8884.1010  VDWAALS    =      8026.8630
 EELEC  =    -87960.3724  EHBOND  =         0.0000  RESTRAINT  =       151.5876
 EAMBER (non-restraint)  =    -67042.7752
 ------------------------------------------------------------------------------

wrapping first mol.:       23.33180       32.99614       57.15099
wrapping first mol.:       23.33180       32.99614       57.15099

 NSTEP =    44500   TIME(PS) =     829.000  TEMP(K) =   298.91  PRESS =     0.0
 Etot   =    -53103.9571  EKtot   =     13815.0166  EPtot      =    -66918.9737
 BOND   =       447.0885  ANGLE   =      1202.2639  DIHED      =      1863.8931
 1-4 NB =       553.5194  1-4 EEL =      8910.4487  VDWAALS    =      7840.0980
 EELEC  =    -87887.7020  EHBOND  =         0.0000  RESTRAINT  =       151.4167
 EAMBER (non-restraint)  =    -67070.3905
 ------------------------------------------------------------------------------

wrapping first mol.:       23.33180       32.99614       57.15099
wrapping first mol.:       23.33180       32.99614       57.15099

 NSTEP =    45000   TIME(PS) =     830.000  TEMP(K) =   297.53  PRESS =     0.0
 Etot   =    -53251.3847  EKtot   =     13751.4355  EPtot      =    -67002.8203
 BOND   =       435.0174  ANGLE   =      1193.9050  DIHED      =      1827.3164
 1-4 NB =       568.9790  1-4 EEL =      8896.3108  VDWAALS    =      7931.7293
 EELEC  =    -88006.8958  EHBOND  =         0.0000  RESTRAINT  =       150.8176
 EAMBER (non-restraint)  =    -67153.6379
 ------------------------------------------------------------------------------

wrapping first mol.:       23.33180       32.99614       57.15099
wrapping first mol.:       23.33180       32.99614       57.15099

 NSTEP =    45500   TIME(PS) =     831.000  TEMP(K) =   299.92  PRESS =     0.0
 Etot   =    -53147.5281  EKtot   =     13861.7070  EPtot      =    -67009.2351
 BOND   =       437.4062  ANGLE   =      1189.8045  DIHED      =      1829.8332
 1-4 NB =       554.1515  1-4 EEL =      8885.9900  VDWAALS    =      7857.0158
 EELEC  =    -87931.2475  EHBOND  =         0.0000  RESTRAINT  =       167.8111
 EAMBER (non-restraint)  =    -67177.0463
 ------------------------------------------------------------------------------

wrapping first mol.:       23.33180       32.99614       57.15099
wrapping first mol.:       23.33180       32.99614       57.15099

 NSTEP =    46000   TIME(PS) =     832.000  TEMP(K) =   299.45  PRESS =     0.0
 Etot   =    -52962.1593  EKtot   =     13840.0010  EPtot      =    -66802.1603
 BOND   =       432.1229  ANGLE   =      1202.3136  DIHED      =      1841.1437
 1-4 NB =       577.0813  1-4 EEL =      8907.7414  VDWAALS    =      7662.5914
 EELEC  =    -87574.0696  EHBOND  =         0.0000  RESTRAINT  =       148.9150
 EAMBER (non-restraint)  =    -66951.0752
 ------------------------------------------------------------------------------

wrapping first mol.:       23.33180       32.99614       57.15099
wrapping first mol.:       23.33180       32.99614       57.15099

 NSTEP =    46500   TIME(PS) =     833.000  TEMP(K) =   296.24  PRESS =     0.0
 Etot   =    -53272.5838  EKtot   =     13691.7441  EPtot      =    -66964.3280
 BOND   =       447.0175  ANGLE   =      1185.9649  DIHED      =      1864.3103
 1-4 NB =       547.2397  1-4 EEL =      8855.8724  VDWAALS    =      7943.6028
 EELEC  =    -87963.6866  EHBOND  =         0.0000  RESTRAINT  =       155.3510
 EAMBER (non-restraint)  =    -67119.6790
 ------------------------------------------------------------------------------

wrapping first mol.:       23.33180       32.99614       57.15099
wrapping first mol.:       23.33180       32.99614       57.15099

 NSTEP =    47000   TIME(PS) =     834.000  TEMP(K) =   302.91  PRESS =     0.0
 Etot   =    -52999.3293  EKtot   =     14000.0791  EPtot      =    -66999.4084
 BOND   =       445.1118  ANGLE   =      1201.2841  DIHED      =      1844.5326
 1-4 NB =       568.6305  1-4 EEL =      8895.5273  VDWAALS    =      8018.3416
 EELEC  =    -88125.3251  EHBOND  =         0.0000  RESTRAINT  =       152.4887
 EAMBER (non-restraint)  =    -67151.8971
 ------------------------------------------------------------------------------

wrapping first mol.:       23.33180       32.99614       57.15099
wrapping first mol.:       23.33180       32.99614       57.15099

 NSTEP =    47500   TIME(PS) =     835.000  TEMP(K) =   302.47  PRESS =     0.0
 Etot   =    -53114.7012  EKtot   =     13979.6250  EPtot      =    -67094.3262
 BOND   =       417.9770  ANGLE   =      1196.6097  DIHED      =      1837.2605
 1-4 NB =       574.7219  1-4 EEL =      8916.6452  VDWAALS    =      7639.8950
 EELEC  =    -87829.3913  EHBOND  =         0.0000  RESTRAINT  =       151.9559
 EAMBER (non-restraint)  =    -67246.2821
 ------------------------------------------------------------------------------

wrapping first mol.:       23.33180       32.99614       57.15099
wrapping first mol.:       23.33180       32.99614       57.15099

 NSTEP =    48000   TIME(PS) =     836.000  TEMP(K) =   304.86  PRESS =     0.0
 Etot   =    -52805.2425  EKtot   =     14090.1309  EPtot      =    -66895.3733
 BOND   =       444.1659  ANGLE   =      1139.9013  DIHED      =      1859.4167
 1-4 NB =       557.2549  1-4 EEL =      8897.3980  VDWAALS    =      7917.3247
 EELEC  =    -87876.3259  EHBOND  =         0.0000  RESTRAINT  =       165.4911
 EAMBER (non-restraint)  =    -67060.8645
 ------------------------------------------------------------------------------

wrapping first mol.:       23.33180       32.99614       57.15099
wrapping first mol.:       23.33180       32.99614       57.15099

 NSTEP =    48500   TIME(PS) =     837.000  TEMP(K) =   296.12  PRESS =     0.0
 Etot   =    -53313.8402  EKtot   =     13686.0635  EPtot      =    -66999.9037
 BOND   =       460.8938  ANGLE   =      1093.6530  DIHED      =      1857.6174
 1-4 NB =       566.6357  1-4 EEL =      8931.4100  VDWAALS    =      7770.2627
 EELEC  =    -87810.9239  EHBOND  =         0.0000  RESTRAINT  =       130.5477
 EAMBER (non-restraint)  =    -67130.4514
 ------------------------------------------------------------------------------

wrapping first mol.:       23.33180       32.99614       57.15099
wrapping first mol.:       23.33180       32.99614       57.15099

 NSTEP =    49000   TIME(PS) =     838.000  TEMP(K) =   301.97  PRESS =     0.0
 Etot   =    -53224.6329  EKtot   =     13956.4043  EPtot      =    -67181.0372
 BOND   =       450.3119  ANGLE   =      1160.9986  DIHED      =      1855.9519
 1-4 NB =       571.9166  1-4 EEL =      8892.8655  VDWAALS    =      8140.5985
 EELEC  =    -88407.6616  EHBOND  =         0.0000  RESTRAINT  =       153.9813
 EAMBER (non-restraint)  =    -67335.0185
 ------------------------------------------------------------------------------

wrapping first mol.:       23.33180       32.99614       57.15099
wrapping first mol.:       23.33180       32.99614       57.15099

 NSTEP =    49500   TIME(PS) =     839.000  TEMP(K) =   301.38  PRESS =     0.0
 Etot   =    -52867.2068  EKtot   =     13929.4297  EPtot      =    -66796.6365
 BOND   =       449.4424  ANGLE   =      1201.9575  DIHED      =      1856.5784
 1-4 NB =       567.8431  1-4 EEL =      8918.9426  VDWAALS    =      7791.4597
 EELEC  =    -87731.3187  EHBOND  =         0.0000  RESTRAINT  =       148.4585
 EAMBER (non-restraint)  =    -66945.0949
 ------------------------------------------------------------------------------

wrapping first mol.:       23.33180       32.99614       57.15099
wrapping first mol.:       23.33180       32.99614       57.15099

 NSTEP =    50000   TIME(PS) =     840.000  TEMP(K) =   298.88  PRESS =     0.0
 Etot   =    -53102.1328  EKtot   =     13813.5938  EPtot      =    -66915.7265
 BOND   =       430.4973  ANGLE   =      1181.9607  DIHED      =      1852.1412
 1-4 NB =       557.6093  1-4 EEL =      8868.9063  VDWAALS    =      7984.5307
 EELEC  =    -87943.2010  EHBOND  =         0.0000  RESTRAINT  =       151.8290
 EAMBER (non-restraint)  =    -67067.5555
 ------------------------------------------------------------------------------


      A V E R A G E S   O V E R     100 S T E P S


 NSTEP =    50000   TIME(PS) =     840.000  TEMP(K) =   300.19  PRESS =     0.0
 Etot   =    -53064.2358  EKtot   =     13874.0582  EPtot      =    -66938.2940
 BOND   =       442.6521  ANGLE   =      1178.7915  DIHED      =      1851.1103
 1-4 NB =       566.1532  1-4 EEL =      8898.3738  VDWAALS    =      7879.6720
 EELEC  =    -87902.4445  EHBOND  =         0.0000  RESTRAINT  =       147.3978
 EAMBER (non-restraint)  =    -67085.6917
 ------------------------------------------------------------------------------


      R M S  F L U C T U A T I O N S


 NSTEP =    50000   TIME(PS) =     840.000  TEMP(K) =     1.85  PRESS =     0.0
 Etot   =       138.5592  EKtot   =        85.5278  EPtot      =       119.9052
 BOND   =        18.8730  ANGLE   =        29.3112  DIHED      =        12.9335
 1-4 NB =         9.3549  1-4 EEL =        21.0319  VDWAALS    =       125.1239
 EELEC  =       189.7049  EHBOND  =         0.0000  RESTRAINT  =         9.2150
 EAMBER (non-restraint)  =       110.6902
 ------------------------------------------------------------------------------

--------------------------------------------------------------------------------
   5.  TIMINGS
--------------------------------------------------------------------------------

|  NonSetup CPU Time in Major Routines:
|
|     Routine           Sec        %
|     ------------------------------
|     Nonbond          26.55   13.40
|     Bond              0.00    0.00
|     Angle             0.00    0.00
|     Dihedral          0.00    0.00
|     Shake             0.32    0.16
|     RunMD           171.26   86.41
|     Other             0.05    0.03
|     ------------------------------
|     Total           198.19

|  PME Nonbond Pairlist CPU Time:
|
|     Routine              Sec        %
|     ---------------------------------
|     Set Up Cit           0.00    0.00
|     Build List           0.00    0.00
|     ---------------------------------
|     Total                0.00    0.00

|  PME Direct Force CPU Time:
|
|     Routine              Sec        %
|     ---------------------------------
|     NonBonded Calc       0.00    0.00
|     Exclude Masked       0.00    0.00
|     Other                0.03    0.01
|     ---------------------------------
|     Total                0.03    0.01

|  PME Reciprocal Force CPU Time:
|
|     Routine              Sec        %
|     ---------------------------------
|     1D bspline           0.00    0.00
|     Grid Charges         0.00    0.00
|     Scalar Sum           0.00    0.00
|     Gradient Sum         0.00    0.00
|     FFT                  0.00    0.00
|     ---------------------------------
|     Total                0.00    0.00

|  Final Performance Info:
|     -----------------------------------------------------
|     Average timings for last    3500 steps:
|     Elapsed(s) =      13.93 Per Step(ms) =       3.98
|         ns/day =      43.41   seconds/ns =    1990.29
|
|     Average timings for all steps:
|     Elapsed(s) =     198.18 Per Step(ms) =       3.96
|         ns/day =      43.60   seconds/ns =    1981.76
|     -----------------------------------------------------

|  Setup CPU time:            0.86 seconds
|  NonSetup CPU time:       198.19 seconds
|  Total CPU time:          199.05 seconds     0.06 hours

|  Setup wall time:           1    seconds
|  NonSetup wall time:      199    seconds
|  Total wall time:         200    seconds     0.06 hours
