
          -------------------------------------------------------
          Amber 16 PMEMD                              2016
          -------------------------------------------------------

| PMEMD implementation of SANDER, Release 16

| Run on 11/07/2018 at 18:35:58

|   Executable path: pmemd.cuda
| Working directory: /home/german/lbp/run/2ifb/mhe/e
|          Hostname: Unknown
  [-O]verwriting output

File Assignments:
|   MDIN: 20equ.in                                                              
|  MDOUT: 20equ.out                                                             
| INPCRD: 19e2ifb.rst7                                                          
|   PARM: /home/german/lbp/top_files/2ifb.prmtop                                
| RESTRT: 20e2ifb.rst7                                                          
|   REFC: 19e2ifb.rst7                                                          
|  MDVEL: mdvel                                                                 
|   MDEN: mden                                                                  
|  MDCRD: 20e2ifb.nc                                                            
| MDINFO: mdinfo                                                                
|  MDFRC: mdfrc                                                                 


 Here is the input file:

Equilibration with solute restrictions                                         
&cntrl                                                                         
imin = 0,                           ! No Minimization                          
nmropt = 0,                         ! No NMR restraints read                   
                                                                               
! Nature and format of the input                                               
ntx = 5,                            ! Coordinates but no velocities will be rea
irest = 1,                          ! Do not run a new simulation              
                                                                               
! Nature and format of the output                                              
ntxo = 1,                           ! rstrt file in ASCII format               
ntpr = 500,                         ! inf in output every ntpr steps           
ntwr = 500,                         ! rstrt file every ntwr steps              
ntwx = 500,                         ! mdcrd file every ntwx steps              
ntwv = 0,                           ! mdvel without velocities                 
ntwe = 0,                           ! Do not write energies and temperatures   
idecomp = 0,                        ! No energy decomposition                  
iwrap = 1,                          ! Coordinates of the restart and mdcrd file
                                                                               
! Frozen or restrained atoms                                                   
ibelly = 0,                         ! No frozen atoms                          
ntr=1,                              ! Harmonic potential restraints            
restraint_wt = 2.0,                ! The weight for the positional restraints  
restraintmask = ':1-131@N,CA,C,O|:132',  ! restrained residues                 
                                                                               
! Molecular dynamics                                                           
nstlim = 50000,                     ! Number of MD-steps                       
dt = 0.002,                         ! Time step                                
                                                                               
! Temperature regulation                                                       
ntt = 3,                            ! Langevin thermostat                      
gamma_ln = 5,                       ! Gamma constant for Langevin              
temp0 = 300.0,                      ! Reference T at which the system is to be 
tempi = 300.0,                      ! Initial T                                
ig = -1,                            ! Seed for the RNG                         
                                                                               
! P and V regulation                                                           
ntp = 1,                            ! constant P                               
barostat = 1,                       ! Berendsen barostat                       
taup = 1,                           ! Pressure relaxation time                 
ntb = 2,                            ! Periodic box for constant P              
                                                                               
! SHAKE variables                                                              
ntc = 2,                            ! Bonds involving H are constrained        
ntf = 2,                            ! Bond interaction involving H are ommited.
                                                                               
cut = 10.0,                         ! Nonbonded cutoff                         
/                                                                              
&end                                                                           


Note: ig = -1. Setting random seed to   204634 based on wallclock time in 
      microseconds.
 
|--------------------- INFORMATION ----------------------
| GPU (CUDA) Version of PMEMD in use: NVIDIA GPU IN USE.
|                    Version 16.0.0
| 
|                      02/25/2016
| 
| Implementation by:
|                    Ross C. Walker     (SDSC)
|                    Scott Le Grand     (nVIDIA)
| 
| Precision model in use:
|      [SPFP] - Single Precision Forces, 64-bit Fixed Point
|               Accumulation. (Default)
| 
|--------------------------------------------------------
 
|----------------- CITATION INFORMATION -----------------
|
|    When publishing work that utilized the CUDA version
|    of AMBER, please cite the following in addition to
|    the regular AMBER citations:
|
|  - Romelia Salomon-Ferrer; Andreas W. Goetz; Duncan
|    Poole; Scott Le Grand; Ross C. Walker "Routine
|    microsecond molecular dynamics simulations with
|    AMBER - Part II: Particle Mesh Ewald", J. Chem.
|    Theory Comput., 2013, 9 (9), pp3878-3888,
|    DOI: 10.1021/ct400314y.
|
|  - Andreas W. Goetz; Mark J. Williamson; Dong Xu;
|    Duncan Poole; Scott Le Grand; Ross C. Walker
|    "Routine microsecond molecular dynamics simulations
|    with AMBER - Part I: Generalized Born", J. Chem.
|    Theory Comput., 2012, 8 (5), pp1542-1555.
|
|  - Scott Le Grand; Andreas W. Goetz; Ross C. Walker
|    "SPFP: Speed without compromise - a mixed precision
|    model for GPU accelerated molecular dynamics
|    simulations.", Comp. Phys. Comm., 2013, 184
|    pp374-380, DOI: 10.1016/j.cpc.2012.09.022
|
|--------------------------------------------------------
 
|------------------- GPU DEVICE INFO --------------------
|
|            CUDA_VISIBLE_DEVICES: 1
|   CUDA Capable Devices Detected:      1
|           CUDA Device ID in use:      0
|                CUDA Device Name: GeForce GTX 1060 6GB
|     CUDA Device Global Mem Size:   6072 MB
| CUDA Device Num Multiprocessors:     10
|           CUDA Device Core Freq:   1.76 GHz
|
|--------------------------------------------------------
 
 
| Conditional Compilation Defines Used:
| PUBFFT
| BINTRAJ
| CUDA
| EMIL

| Largest sphere to fit in unit cell has radius =    23.983

| New format PARM file being parsed.
| Version =    1.000 Date = 11/06/18 Time = 18:10:34

| Note: 1-4 EEL scale factors are being read from the topology file.

| Note: 1-4 VDW scale factors are being read from the topology file.
| Duplicated    0 dihedrals

| Duplicated    0 dihedrals

--------------------------------------------------------------------------------
   1.  RESOURCE   USE: 
--------------------------------------------------------------------------------

 getting new box info from bottom of inpcrd
 NATOM  =   15768 NTYPES =      16 NBONH =   14693 MBONA  =    1090
 NTHETH =    2483 MTHETA =    1455 NPHIH =    4974 MPHIA  =    4548
 NHPARM =       0 NPARM  =       0 NNB   =   30050 NRES   =    4667
 NBONA  =    1090 NTHETA =    1455 NPHIA =    4548 NUMBND =      71
 NUMANG =     152 NPTRA  =     186 NATYP =      40 NPHB   =       1
 IFBOX  =       2 NMXRS  =      50 IFCAP =       0 NEXTRA =       0
 NCOPY  =       0

| Coordinate Index Table dimensions:     9    9    9
| Direct force subcell size =     6.5273    6.5273    6.5273

     BOX TYPE: TRUNCATED OCTAHEDRON

--------------------------------------------------------------------------------
   2.  CONTROL  DATA  FOR  THE  RUN
--------------------------------------------------------------------------------

default_name                                                                    

General flags:
     imin    =       0, nmropt  =       0

Nature and format of input:
     ntx     =       5, irest   =       1, ntrx    =       1

Nature and format of output:
     ntxo    =       1, ntpr    =     500, ntrx    =       1, ntwr    =     500
     iwrap   =       1, ntwx    =     500, ntwv    =       0, ntwe    =       0
     ioutfm  =       1, ntwprt  =       0, idecomp =       0, rbornstat=      0

Potential function:
     ntf     =       2, ntb     =       2, igb     =       0, nsnb    =      25
     ipol    =       0, gbsa    =       0, iesp    =       0
     dielc   =   1.00000, cut     =  10.00000, intdiel =   1.00000

Frozen or restrained atoms:
     ibelly  =       0, ntr     =       1
     restraint_wt =   2.00000

Molecular dynamics:
     nstlim  =     50000, nscm    =         0, nrespa  =         1
     t       =   0.00000, dt      =   0.00200, vlimit  =  -1.00000

Langevin dynamics temperature regulation:
     ig      =  204634
     temp0   = 300.00000, tempi   = 300.00000, gamma_ln=   5.00000

Pressure regulation:
     ntp     =       1
     pres0   =   1.00000, comp    =  44.60000, taup    =   1.00000

SHAKE:
     ntc     =       2, jfastw  =       0
     tol     =   0.00001

| Intermolecular bonds treatment:
|     no_intermolecular_bonds =       1

| Energy averages sample interval:
|     ene_avg_sampling =     500

Ewald parameters:
     verbose =       0, ew_type =       0, nbflag  =       1, use_pme =       1
     vdwmeth =       1, eedmeth =       1, netfrc  =       1
     Box X =   58.746   Box Y =   58.746   Box Z =   58.746
     Alpha =  109.471   Beta  =  109.471   Gamma =  109.471
     NFFT1 =   64       NFFT2 =   64       NFFT3 =   64
     Cutoff=   10.000   Tol   =0.100E-04
     Ewald Coefficient =  0.27511
     Interpolation order =    4

    LOADING THE CONSTRAINED ATOMS AS GROUPS


   5.  REFERENCE ATOM COORDINATES

  default_name                                                                    
     Mask :1-131@N,CA,C,O|:132; matches   574 atoms

--------------------------------------------------------------------------------
   3.  ATOMIC COORDINATES AND VELOCITIES
--------------------------------------------------------------------------------

default_name                                                                    
 begin time read from input coords =  2300.000 ps

 
 Number of triangulated 3-point waters found:     4535

     Sum of charges from parm topology file =   0.00200096
     Forcing neutrality...

| Dynamic Memory, Types Used:
| Reals              814055
| Integers           599131

| Nonbonded Pairs Initial Allocation:     4769425

| GPU memory information (estimate):
| KB of GPU memory in use:    127863
| KB of CPU memory in use:     26103

--------------------------------------------------------------------------------
   4.  RESULTS
--------------------------------------------------------------------------------

 ---------------------------------------------------
 APPROXIMATING switch and d/dx switch using CUBIC SPLINE INTERPOLATION
 using   5000.0 points per unit in tabled values
 TESTING RELATIVE ERROR over r ranging from 0.0 to cutoff
| CHECK switch(x): max rel err =   0.2738E-14   at   2.422500
| CHECK d/dx switch(x): max rel err =   0.8314E-11   at   2.736960
 ---------------------------------------------------
|---------------------------------------------------
| APPROXIMATING direct energy using CUBIC SPLINE INTERPOLATION
|  with   50.0 points per unit in tabled values
| Relative Error Limit not exceeded for r .gt.   2.33
| APPROXIMATING direct force using CUBIC SPLINE INTERPOLATION
|  with   50.0 points per unit in tabled values
| Relative Error Limit not exceeded for r .gt.   2.80
|---------------------------------------------------
wrapping first mol.:       19.58087       27.69154       47.96315
wrapping first mol.:       19.58087       27.69154       47.96315

 NSTEP =      500   TIME(PS) =    2301.000  TEMP(K) =   294.43  PRESS =   -22.6
 Etot   =    -37917.1996  EKtot   =      9540.1885  EPtot      =    -47457.3881
 BOND   =       397.0319  ANGLE   =      1023.8966  DIHED      =      1613.5437
 1-4 NB =       471.7904  1-4 EEL =      5619.6035  VDWAALS    =      5020.9530
 EELEC  =    -61669.3752  EHBOND  =         0.0000  RESTRAINT  =        65.1680
 EAMBER (non-restraint)  =    -47522.5561
 EKCMT  =      4024.9953  VIRIAL  =      4101.1805  VOLUME     =    156041.0545
                                                    Density    =         1.0318
 ------------------------------------------------------------------------------

wrapping first mol.:       19.58643       27.69939       47.97674
wrapping first mol.:       19.58643       27.69939       47.97674

 NSTEP =     1000   TIME(PS) =    2302.000  TEMP(K) =   298.92  PRESS =    96.1
 Etot   =    -37867.7517  EKtot   =      9685.5430  EPtot      =    -47553.2947
 BOND   =       418.6884  ANGLE   =      1094.2390  DIHED      =      1631.2135
 1-4 NB =       474.3985  1-4 EEL =      5668.9316  VDWAALS    =      5173.7612
 EELEC  =    -62091.6460  EHBOND  =         0.0000  RESTRAINT  =        77.1191
 EAMBER (non-restraint)  =    -47630.4138
 EKCMT  =      4076.3994  VIRIAL  =      3752.3451  VOLUME     =    156172.1391
                                                    Density    =         1.0309
 ------------------------------------------------------------------------------

wrapping first mol.:       19.57166       27.67850       47.94057
wrapping first mol.:       19.57166       27.67850       47.94057

 NSTEP =     1500   TIME(PS) =    2303.000  TEMP(K) =   299.32  PRESS =  -414.6
 Etot   =    -38195.0634  EKtot   =      9698.4697  EPtot      =    -47893.5331
 BOND   =       407.9254  ANGLE   =      1088.6899  DIHED      =      1624.4137
 1-4 NB =       466.6282  1-4 EEL =      5636.6794  VDWAALS    =      5131.7021
 EELEC  =    -62324.4662  EHBOND  =         0.0000  RESTRAINT  =        74.8945
 EAMBER (non-restraint)  =    -47968.4276
 EKCMT  =      4033.3731  VIRIAL  =      5428.4254  VOLUME     =    155826.2131
                                                    Density    =         1.0332
 ------------------------------------------------------------------------------

wrapping first mol.:       19.58505       27.69745       47.97338
wrapping first mol.:       19.58505       27.69745       47.97338

 NSTEP =     2000   TIME(PS) =    2304.000  TEMP(K) =   300.69  PRESS =  -275.7
 Etot   =    -38067.7078  EKtot   =      9742.9395  EPtot      =    -47810.6472
 BOND   =       400.0598  ANGLE   =      1058.4428  DIHED      =      1598.0456
 1-4 NB =       478.8909  1-4 EEL =      5643.9616  VDWAALS    =      5143.0418
 EELEC  =    -62207.4445  EHBOND  =         0.0000  RESTRAINT  =        74.3548
 EAMBER (non-restraint)  =    -47885.0020
 EKCMT  =      4085.4297  VIRIAL  =      5014.9702  VOLUME     =    156144.4641
                                                    Density    =         1.0311
 ------------------------------------------------------------------------------

wrapping first mol.:       19.60739       27.72904       48.02810
wrapping first mol.:       19.60739       27.72904       48.02810

 NSTEP =     2500   TIME(PS) =    2305.000  TEMP(K) =   302.50  PRESS =   -23.7
 Etot   =    -37598.7513  EKtot   =      9801.5566  EPtot      =    -47400.3079
 BOND   =       406.3128  ANGLE   =      1047.5260  DIHED      =      1620.5431
 1-4 NB =       469.9991  1-4 EEL =      5699.2404  VDWAALS    =      5131.6032
 EELEC  =    -61852.9628  EHBOND  =         0.0000  RESTRAINT  =        77.4304
 EAMBER (non-restraint)  =    -47477.7383
 EKCMT  =      4140.8406  VIRIAL  =      4221.0922  VOLUME     =    156675.8573
                                                    Density    =         1.0276
 ------------------------------------------------------------------------------

wrapping first mol.:       19.60112       27.72017       48.01275
wrapping first mol.:       19.60112       27.72017       48.01275

 NSTEP =     3000   TIME(PS) =    2306.000  TEMP(K) =   297.17  PRESS =  -160.7
 Etot   =    -37823.0075  EKtot   =      9628.8350  EPtot      =    -47451.8424
 BOND   =       404.5743  ANGLE   =      1117.2879  DIHED      =      1640.4564
 1-4 NB =       486.9794  1-4 EEL =      5674.9014  VDWAALS    =      5145.1491
 EELEC  =    -61996.1150  EHBOND  =         0.0000  RESTRAINT  =        74.9241
 EAMBER (non-restraint)  =    -47526.7665
 EKCMT  =      3934.1475  VIRIAL  =      4477.1570  VOLUME     =    156527.5884
                                                    Density    =         1.0285
 ------------------------------------------------------------------------------

wrapping first mol.:       19.60404       27.72431       48.01990
wrapping first mol.:       19.60404       27.72431       48.01990

 NSTEP =     3500   TIME(PS) =    2307.000  TEMP(K) =   296.60  PRESS =  -211.1
 Etot   =    -38004.7361  EKtot   =      9610.3223  EPtot      =    -47615.0584
 BOND   =       377.5200  ANGLE   =      1015.4838  DIHED      =      1628.0575
 1-4 NB =       480.3311  1-4 EEL =      5644.1172  VDWAALS    =      5143.5636
 EELEC  =    -61966.9614  EHBOND  =         0.0000  RESTRAINT  =        62.8298
 EAMBER (non-restraint)  =    -47677.8882
 EKCMT  =      4087.8326  VIRIAL  =      4801.7297  VOLUME     =    156598.2700
                                                    Density    =         1.0281
 ------------------------------------------------------------------------------

wrapping first mol.:       19.61057       27.73353       48.03588
wrapping first mol.:       19.61057       27.73353       48.03588

 NSTEP =     4000   TIME(PS) =    2308.000  TEMP(K) =   305.01  PRESS =   165.4
 Etot   =    -37668.4341  EKtot   =      9882.8193  EPtot      =    -47551.2534
 BOND   =       421.4479  ANGLE   =      1067.9413  DIHED      =      1619.1534
 1-4 NB =       473.9393  1-4 EEL =      5678.2864  VDWAALS    =      5280.2450
 EELEC  =    -62161.8119  EHBOND  =         0.0000  RESTRAINT  =        69.5453
 EAMBER (non-restraint)  =    -47620.7987
 EKCMT  =      4135.3849  VIRIAL  =      3575.5380  VOLUME     =    156749.4084
                                                    Density    =         1.0271
 ------------------------------------------------------------------------------

wrapping first mol.:       19.63128       27.76282       48.08662
wrapping first mol.:       19.63128       27.76282       48.08662

 NSTEP =     4500   TIME(PS) =    2309.000  TEMP(K) =   299.11  PRESS =   259.7
 Etot   =    -37576.4464  EKtot   =      9691.9678  EPtot      =    -47268.4142
 BOND   =       407.6917  ANGLE   =      1024.4914  DIHED      =      1635.3761
 1-4 NB =       478.4713  1-4 EEL =      5635.9947  VDWAALS    =      5206.6573
 EELEC  =    -61735.6667  EHBOND  =         0.0000  RESTRAINT  =        78.5700
 EAMBER (non-restraint)  =    -47346.9841
 EKCMT  =      4088.9201  VIRIAL  =      3207.0408  VOLUME     =    157245.2731
                                                    Density    =         1.0238
 ------------------------------------------------------------------------------

wrapping first mol.:       19.63241       27.76441       48.08937
wrapping first mol.:       19.63241       27.76441       48.08937

 NSTEP =     5000   TIME(PS) =    2310.000  TEMP(K) =   302.50  PRESS =   423.2
 Etot   =    -37702.1174  EKtot   =      9801.5928  EPtot      =    -47503.7102
 BOND   =       388.5448  ANGLE   =      1001.8536  DIHED      =      1639.9923
 1-4 NB =       465.6137  1-4 EEL =      5640.9080  VDWAALS    =      5253.7528
 EELEC  =    -61970.6259  EHBOND  =         0.0000  RESTRAINT  =        76.2504
 EAMBER (non-restraint)  =    -47579.9607
 EKCMT  =      4046.5832  VIRIAL  =      2609.4949  VOLUME     =    157269.9967
                                                    Density    =         1.0237
 ------------------------------------------------------------------------------

wrapping first mol.:       19.62711       27.75693       48.07641
wrapping first mol.:       19.62711       27.75693       48.07641

 NSTEP =     5500   TIME(PS) =    2311.000  TEMP(K) =   300.55  PRESS =  -205.1
 Etot   =    -37930.5604  EKtot   =      9738.5127  EPtot      =    -47669.0731
 BOND   =       393.1736  ANGLE   =      1068.3719  DIHED      =      1625.9573
 1-4 NB =       483.6704  1-4 EEL =      5687.1882  VDWAALS    =      5297.0282
 EELEC  =    -62298.5720  EHBOND  =         0.0000  RESTRAINT  =        74.1093
 EAMBER (non-restraint)  =    -47743.1824
 EKCMT  =      4030.4066  VIRIAL  =      4726.1851  VOLUME     =    157151.6656
                                                    Density    =         1.0245
 ------------------------------------------------------------------------------

wrapping first mol.:       19.61754       27.74340       48.05297
wrapping first mol.:       19.61754       27.74340       48.05297

 NSTEP =     6000   TIME(PS) =    2312.000  TEMP(K) =   299.40  PRESS =   -70.8
 Etot   =    -37787.2621  EKtot   =      9701.1533  EPtot      =    -47488.4155
 BOND   =       421.6766  ANGLE   =      1012.1397  DIHED      =      1641.9176
 1-4 NB =       482.5155  1-4 EEL =      5663.9654  VDWAALS    =      5269.5350
 EELEC  =    -62052.1606  EHBOND  =         0.0000  RESTRAINT  =        71.9954
 EAMBER (non-restraint)  =    -47560.4109
 EKCMT  =      4068.6438  VIRIAL  =      4308.6371  VOLUME     =    156920.0381
                                                    Density    =         1.0260
 ------------------------------------------------------------------------------

wrapping first mol.:       19.60135       27.72049       48.01329
wrapping first mol.:       19.60135       27.72049       48.01329

 NSTEP =     6500   TIME(PS) =    2313.000  TEMP(K) =   294.51  PRESS =  -220.1
 Etot   =    -37900.6883  EKtot   =      9542.7588  EPtot      =    -47443.4471
 BOND   =       413.1313  ANGLE   =      1035.5826  DIHED      =      1645.3407
 1-4 NB =       474.5793  1-4 EEL =      5677.7625  VDWAALS    =      5042.1344
 EELEC  =    -61802.5121  EHBOND  =         0.0000  RESTRAINT  =        70.5341
 EAMBER (non-restraint)  =    -47513.9812
 EKCMT  =      3976.3718  VIRIAL  =      4720.1688  VOLUME     =    156533.7288
                                                    Density    =         1.0285
 ------------------------------------------------------------------------------

wrapping first mol.:       19.61269       27.73653       48.04108
wrapping first mol.:       19.61269       27.73653       48.04108

 NSTEP =     7000   TIME(PS) =    2314.000  TEMP(K) =   301.09  PRESS =   367.6
 Etot   =    -37678.3343  EKtot   =      9755.9111  EPtot      =    -47434.2454
 BOND   =       382.4812  ANGLE   =      1100.4239  DIHED      =      1624.6064
 1-4 NB =       458.2446  1-4 EEL =      5671.0360  VDWAALS    =      5267.6489
 EELEC  =    -62010.8335  EHBOND  =         0.0000  RESTRAINT  =        72.1469
 EAMBER (non-restraint)  =    -47506.3924
 EKCMT  =      4063.1713  VIRIAL  =      2818.6662  VOLUME     =    156797.4357
                                                    Density    =         1.0268
 ------------------------------------------------------------------------------

wrapping first mol.:       19.61824       27.74438       48.05467
wrapping first mol.:       19.61824       27.74438       48.05467

 NSTEP =     7500   TIME(PS) =    2315.000  TEMP(K) =   301.87  PRESS =  -247.3
 Etot   =    -37587.4624  EKtot   =      9781.3984  EPtot      =    -47368.8609
 BOND   =       405.6316  ANGLE   =       998.2468  DIHED      =      1659.1393
 1-4 NB =       461.6943  1-4 EEL =      5642.6549  VDWAALS    =      4987.0771
 EELEC  =    -61593.0481  EHBOND  =         0.0000  RESTRAINT  =        69.7434
 EAMBER (non-restraint)  =    -47438.6042
 EKCMT  =      4083.8897  VIRIAL  =      4921.8687  VOLUME     =    156939.1571
                                                    Density    =         1.0258
 ------------------------------------------------------------------------------

wrapping first mol.:       19.61726       27.74299       48.05226
wrapping first mol.:       19.61726       27.74299       48.05226

 NSTEP =     8000   TIME(PS) =    2316.000  TEMP(K) =   302.77  PRESS =   -27.7
 Etot   =    -37681.3761  EKtot   =      9810.3809  EPtot      =    -47491.7570
 BOND   =       401.7021  ANGLE   =      1080.9806  DIHED      =      1639.4081
 1-4 NB =       472.6051  1-4 EEL =      5691.6711  VDWAALS    =      5236.5076
 EELEC  =    -62085.5542  EHBOND  =         0.0000  RESTRAINT  =        70.9226
 EAMBER (non-restraint)  =    -47562.6796
 EKCMT  =      4106.6969  VIRIAL  =      4200.4207  VOLUME     =    156912.5366
                                                    Density    =         1.0260
 ------------------------------------------------------------------------------

wrapping first mol.:       19.61229       27.73596       48.04009
wrapping first mol.:       19.61229       27.73596       48.04009

 NSTEP =     8500   TIME(PS) =    2317.000  TEMP(K) =   299.23  PRESS =    -1.6
 Etot   =    -37786.7986  EKtot   =      9695.5664  EPtot      =    -47482.3650
 BOND   =       411.4969  ANGLE   =      1020.0713  DIHED      =      1633.0184
 1-4 NB =       477.5558  1-4 EEL =      5706.4059  VDWAALS    =      5199.7592
 EELEC  =    -62002.5084  EHBOND  =         0.0000  RESTRAINT  =        71.8358
 EAMBER (non-restraint)  =    -47554.2008
 EKCMT  =      4039.6903  VIRIAL  =      4045.1908  VOLUME     =    156792.9560
                                                    Density    =         1.0268
 ------------------------------------------------------------------------------

wrapping first mol.:       19.60822       27.73020       48.03012
wrapping first mol.:       19.60822       27.73020       48.03012

 NSTEP =     9000   TIME(PS) =    2318.000  TEMP(K) =   299.89  PRESS =  -197.4
 Etot   =    -37748.9229  EKtot   =      9717.2139  EPtot      =    -47466.1368
 BOND   =       388.2651  ANGLE   =      1040.4824  DIHED      =      1622.9952
 1-4 NB =       472.0924  1-4 EEL =      5680.1083  VDWAALS    =      5158.5240
 EELEC  =    -61898.9368  EHBOND  =         0.0000  RESTRAINT  =        70.3327
 EAMBER (non-restraint)  =    -47536.4695
 EKCMT  =      4055.7213  VIRIAL  =      4723.6025  VOLUME     =    156698.0408
                                                    Density    =         1.0274
 ------------------------------------------------------------------------------

wrapping first mol.:       19.60753       27.72923       48.02843
wrapping first mol.:       19.60753       27.72923       48.02843

 NSTEP =     9500   TIME(PS) =    2319.000  TEMP(K) =   299.15  PRESS =    17.0
 Etot   =    -37725.9170  EKtot   =      9692.9688  EPtot      =    -47418.8858
 BOND   =       386.5713  ANGLE   =      1038.5635  DIHED      =      1631.0971
 1-4 NB =       476.6230  1-4 EEL =      5692.7428  VDWAALS    =      5144.9610
 EELEC  =    -61863.0859  EHBOND  =         0.0000  RESTRAINT  =        73.6414
 EAMBER (non-restraint)  =    -47492.5272
 EKCMT  =      4081.3536  VIRIAL  =      4023.8526  VOLUME     =    156678.5777
                                                    Density    =         1.0276
 ------------------------------------------------------------------------------

wrapping first mol.:       19.59831       27.71619       48.00584
wrapping first mol.:       19.59831       27.71619       48.00584

 NSTEP =    10000   TIME(PS) =    2320.000  TEMP(K) =   298.62  PRESS =    76.4
 Etot   =    -37780.8548  EKtot   =      9676.0527  EPtot      =    -47456.9076
 BOND   =       411.0821  ANGLE   =      1036.6759  DIHED      =      1632.2426
 1-4 NB =       457.6269  1-4 EEL =      5649.2481  VDWAALS    =      5243.1846
 EELEC  =    -61961.7500  EHBOND  =         0.0000  RESTRAINT  =        74.7822
 EAMBER (non-restraint)  =    -47531.6898
 EKCMT  =      4104.0365  VIRIAL  =      3845.8627  VOLUME     =    156456.7671
                                                    Density    =         1.0290
 ------------------------------------------------------------------------------

wrapping first mol.:       19.58938       27.70357       47.98399
wrapping first mol.:       19.58938       27.70357       47.98399

 NSTEP =    10500   TIME(PS) =    2321.000  TEMP(K) =   298.60  PRESS =   163.7
 Etot   =    -37865.3871  EKtot   =      9675.1553  EPtot      =    -47540.5423
 BOND   =       409.7700  ANGLE   =      1031.5270  DIHED      =      1622.0294
 1-4 NB =       473.4782  1-4 EEL =      5681.4712  VDWAALS    =      5254.2368
 EELEC  =    -62094.3105  EHBOND  =         0.0000  RESTRAINT  =        81.2555
 EAMBER (non-restraint)  =    -47621.7978
 EKCMT  =      3990.4311  VIRIAL  =      3438.0938  VOLUME     =    156241.9386
                                                    Density    =         1.0304
 ------------------------------------------------------------------------------

wrapping first mol.:       19.59127       27.70624       47.98861
wrapping first mol.:       19.59127       27.70624       47.98861

 NSTEP =    11000   TIME(PS) =    2322.000  TEMP(K) =   300.60  PRESS =     2.4
 Etot   =    -37857.8309  EKtot   =      9740.1143  EPtot      =    -47597.9452
 BOND   =       433.6764  ANGLE   =      1042.3012  DIHED      =      1638.1670
 1-4 NB =       470.8131  1-4 EEL =      5605.5316  VDWAALS    =      5284.7648
 EELEC  =    -62144.3315  EHBOND  =         0.0000  RESTRAINT  =        71.1321
 EAMBER (non-restraint)  =    -47669.0773
 EKCMT  =      4040.0854  VIRIAL  =      4032.0290  VOLUME     =    156289.3876
                                                    Density    =         1.0301
 ------------------------------------------------------------------------------

wrapping first mol.:       19.60119       27.72026       48.01290
wrapping first mol.:       19.60119       27.72026       48.01290

 NSTEP =    11500   TIME(PS) =    2323.000  TEMP(K) =   301.21  PRESS =   283.9
 Etot   =    -37889.7902  EKtot   =      9759.8555  EPtot      =    -47649.6456
 BOND   =       439.4156  ANGLE   =      1030.6708  DIHED      =      1643.1119
 1-4 NB =       467.6658  1-4 EEL =      5658.5856  VDWAALS    =      5247.5134
 EELEC  =    -62208.9383  EHBOND  =         0.0000  RESTRAINT  =        72.3295
 EAMBER (non-restraint)  =    -47721.9751
 EKCMT  =      4127.3492  VIRIAL  =      3167.8022  VOLUME     =    156522.8486
                                                    Density    =         1.0286
 ------------------------------------------------------------------------------

wrapping first mol.:       19.60604       27.72712       48.02478
wrapping first mol.:       19.60604       27.72712       48.02478

 NSTEP =    12000   TIME(PS) =    2324.000  TEMP(K) =   297.24  PRESS =  -234.3
 Etot   =    -38074.3053  EKtot   =      9631.0996  EPtot      =    -47705.4049
 BOND   =       411.1929  ANGLE   =      1030.6428  DIHED      =      1627.9970
 1-4 NB =       480.2220  1-4 EEL =      5670.1954  VDWAALS    =      5230.6212
 EELEC  =    -62235.2519  EHBOND  =         0.0000  RESTRAINT  =        78.9757
 EAMBER (non-restraint)  =    -47784.3805
 EKCMT  =      3990.2766  VIRIAL  =      4782.6199  VOLUME     =    156646.3432
                                                    Density    =         1.0278
 ------------------------------------------------------------------------------

wrapping first mol.:       19.61762       27.74350       48.05316
wrapping first mol.:       19.61762       27.74350       48.05316

 NSTEP =    12500   TIME(PS) =    2325.000  TEMP(K) =   306.98  PRESS =   224.4
 Etot   =    -37586.9320  EKtot   =      9946.7422  EPtot      =    -47533.6742
 BOND   =       409.6285  ANGLE   =      1093.4111  DIHED      =      1622.9479
 1-4 NB =       479.2453  1-4 EEL =      5666.4344  VDWAALS    =      5267.8399
 EELEC  =    -62151.9369  EHBOND  =         0.0000  RESTRAINT  =        78.7556
 EAMBER (non-restraint)  =    -47612.4298
 EKCMT  =      4190.4015  VIRIAL  =      3430.0794  VOLUME     =    156917.7409
                                                    Density    =         1.0260
 ------------------------------------------------------------------------------

wrapping first mol.:       19.60540       27.72622       48.02322
wrapping first mol.:       19.60540       27.72622       48.02322

 NSTEP =    13000   TIME(PS) =    2326.000  TEMP(K) =   296.76  PRESS =    29.9
 Etot   =    -37830.6642  EKtot   =      9615.6436  EPtot      =    -47446.3078
 BOND   =       417.1094  ANGLE   =      1056.9530  DIHED      =      1655.4252
 1-4 NB =       471.4977  1-4 EEL =      5661.9499  VDWAALS    =      5230.5323
 EELEC  =    -62012.1017  EHBOND  =         0.0000  RESTRAINT  =        72.3264
 EAMBER (non-restraint)  =    -47518.6341
 EKCMT  =      4022.9228  VIRIAL  =      3921.8463  VOLUME     =    156627.3784
                                                    Density    =         1.0279
 ------------------------------------------------------------------------------

wrapping first mol.:       19.60173       27.72103       48.01423
wrapping first mol.:       19.60173       27.72103       48.01423

 NSTEP =    13500   TIME(PS) =    2327.000  TEMP(K) =   302.43  PRESS =   174.8
 Etot   =    -37926.9601  EKtot   =      9799.5088  EPtot      =    -47726.4689
 BOND   =       390.0665  ANGLE   =      1037.9947  DIHED      =      1612.1086
 1-4 NB =       478.2328  1-4 EEL =      5663.5713  VDWAALS    =      5377.3021
 EELEC  =    -62357.9773  EHBOND  =         0.0000  RESTRAINT  =        72.2325
 EAMBER (non-restraint)  =    -47798.7014
 EKCMT  =      4093.5310  VIRIAL  =      3502.6123  VOLUME     =    156537.3967
                                                    Density    =         1.0285
 ------------------------------------------------------------------------------

wrapping first mol.:       19.61202       27.73558       48.03943
wrapping first mol.:       19.61202       27.73558       48.03943

 NSTEP =    14000   TIME(PS) =    2328.000  TEMP(K) =   301.91  PRESS =   -58.4
 Etot   =    -37748.6729  EKtot   =      9782.5947  EPtot      =    -47531.2676
 BOND   =       394.3997  ANGLE   =      1092.8216  DIHED      =      1627.1457
 1-4 NB =       484.7992  1-4 EEL =      5653.8592  VDWAALS    =      5067.0888
 EELEC  =    -61925.0499  EHBOND  =         0.0000  RESTRAINT  =        73.6682
 EAMBER (non-restraint)  =    -47604.9358
 EKCMT  =      4118.6657  VIRIAL  =      4316.3870  VOLUME     =    156787.2989
                                                    Density    =         1.0268
 ------------------------------------------------------------------------------

wrapping first mol.:       19.59709       27.71447       48.00287
wrapping first mol.:       19.59709       27.71447       48.00287

 NSTEP =    14500   TIME(PS) =    2329.000  TEMP(K) =   299.14  PRESS =   192.7
 Etot   =    -37866.7554  EKtot   =      9692.8721  EPtot      =    -47559.6275
 BOND   =       399.0922  ANGLE   =      1057.1493  DIHED      =      1613.4844
 1-4 NB =       476.9171  1-4 EEL =      5645.3916  VDWAALS    =      5290.9839
 EELEC  =    -62109.6010  EHBOND  =         0.0000  RESTRAINT  =        66.9549
 EAMBER (non-restraint)  =    -47626.5824
 EKCMT  =      4137.3865  VIRIAL  =      3486.6234  VOLUME     =    156426.1018
                                                    Density    =         1.0292
 ------------------------------------------------------------------------------

wrapping first mol.:       19.60154       27.72076       48.01377
wrapping first mol.:       19.60154       27.72076       48.01377

 NSTEP =    15000   TIME(PS) =    2330.000  TEMP(K) =   301.10  PRESS =   -71.6
 Etot   =    -37795.6575  EKtot   =      9756.3623  EPtot      =    -47552.0198
 BOND   =       395.1074  ANGLE   =      1103.0379  DIHED      =      1647.6501
 1-4 NB =       476.2591  1-4 EEL =      5632.0744  VDWAALS    =      5282.0624
 EELEC  =    -62169.0470  EHBOND  =         0.0000  RESTRAINT  =        80.8359
 EAMBER (non-restraint)  =    -47632.8557
 EKCMT  =      4059.8140  VIRIAL  =      4301.6418  VOLUME     =    156536.2987
                                                    Density    =         1.0285
 ------------------------------------------------------------------------------

wrapping first mol.:       19.61837       27.74457       48.05500
wrapping first mol.:       19.61837       27.74457       48.05500

 NSTEP =    15500   TIME(PS) =    2331.000  TEMP(K) =   301.94  PRESS =   125.2
 Etot   =    -37664.0751  EKtot   =      9783.4727  EPtot      =    -47447.5478
 BOND   =       395.2219  ANGLE   =      1008.6165  DIHED      =      1643.9133
 1-4 NB =       474.4645  1-4 EEL =      5714.7704  VDWAALS    =      5363.0087
 EELEC  =    -62119.8310  EHBOND  =         0.0000  RESTRAINT  =        72.2880
 EAMBER (non-restraint)  =    -47519.8357
 EKCMT  =      4087.4290  VIRIAL  =      3663.2442  VOLUME     =    156937.1882
                                                    Density    =         1.0259
 ------------------------------------------------------------------------------

wrapping first mol.:       19.59137       27.70638       47.98885
wrapping first mol.:       19.59137       27.70638       47.98885

 NSTEP =    16000   TIME(PS) =    2332.000  TEMP(K) =   298.78  PRESS =   -93.2
 Etot   =    -37736.1424  EKtot   =      9681.1484  EPtot      =    -47417.2908
 BOND   =       434.6987  ANGLE   =      1063.8579  DIHED      =      1635.9386
 1-4 NB =       458.2936  1-4 EEL =      5635.3978  VDWAALS    =      4957.9095
 EELEC  =    -61670.6353  EHBOND  =         0.0000  RESTRAINT  =        67.2484
 EAMBER (non-restraint)  =    -47484.5392
 EKCMT  =      4044.7511  VIRIAL  =      4359.1962  VOLUME     =    156293.0377
                                                    Density    =         1.0301
 ------------------------------------------------------------------------------

wrapping first mol.:       19.58756       27.70099       47.97952
wrapping first mol.:       19.58756       27.70099       47.97952

 NSTEP =    16500   TIME(PS) =    2333.000  TEMP(K) =   299.58  PRESS =   480.2
 Etot   =    -37819.2936  EKtot   =      9707.0527  EPtot      =    -47526.3463
 BOND   =       413.8612  ANGLE   =      1081.2091  DIHED      =      1645.5573
 1-4 NB =       469.6099  1-4 EEL =      5662.3790  VDWAALS    =      5411.6423
 EELEC  =    -62284.4182  EHBOND  =         0.0000  RESTRAINT  =        73.8130
 EAMBER (non-restraint)  =    -47600.1594
 EKCMT  =      4049.7020  VIRIAL  =      2430.3968  VOLUME     =    156193.8876
                                                    Density    =         1.0307
 ------------------------------------------------------------------------------

wrapping first mol.:       19.58782       27.70136       47.98016
wrapping first mol.:       19.58782       27.70136       47.98016

 NSTEP =    17000   TIME(PS) =    2334.000  TEMP(K) =   298.89  PRESS =    29.8
 Etot   =    -37922.0731  EKtot   =      9684.6211  EPtot      =    -47606.6942
 BOND   =       386.6167  ANGLE   =      1053.2934  DIHED      =      1643.9814
 1-4 NB =       475.9332  1-4 EEL =      5688.2337  VDWAALS    =      5249.3311
 EELEC  =    -62168.9831  EHBOND  =         0.0000  RESTRAINT  =        64.8995
 EAMBER (non-restraint)  =    -47671.5937
 EKCMT  =      4033.1209  VIRIAL  =      3932.4988  VOLUME     =    156206.3969
                                                    Density    =         1.0307
 ------------------------------------------------------------------------------

wrapping first mol.:       19.58686       27.70001       47.97782
wrapping first mol.:       19.58686       27.70001       47.97782

 NSTEP =    17500   TIME(PS) =    2335.000  TEMP(K) =   295.73  PRESS =  -191.9
 Etot   =    -37952.3469  EKtot   =      9582.3232  EPtot      =    -47534.6701
 BOND   =       407.2210  ANGLE   =      1062.5322  DIHED      =      1620.0149
 1-4 NB =       471.6487  1-4 EEL =      5675.8990  VDWAALS    =      5110.9040
 EELEC  =    -61958.4479  EHBOND  =         0.0000  RESTRAINT  =        75.5581
 EAMBER (non-restraint)  =    -47610.2282
 EKCMT  =      4051.1919  VIRIAL  =      4698.4083  VOLUME     =    156186.6210
                                                    Density    =         1.0308
 ------------------------------------------------------------------------------

wrapping first mol.:       19.60403       27.72428       48.01986
wrapping first mol.:       19.60403       27.72428       48.01986

 NSTEP =    18000   TIME(PS) =    2336.000  TEMP(K) =   295.67  PRESS =   108.2
 Etot   =    -37801.9838  EKtot   =      9580.2695  EPtot      =    -47382.2533
 BOND   =       408.0280  ANGLE   =      1076.4066  DIHED      =      1649.5710
 1-4 NB =       473.2150  1-4 EEL =      5648.2987  VDWAALS    =      5257.5881
 EELEC  =    -61976.0416  EHBOND  =         0.0000  RESTRAINT  =        80.6808
 EAMBER (non-restraint)  =    -47462.9341
 EKCMT  =      3962.9086  VIRIAL  =      3597.1667  VOLUME     =    156593.4464
                                                    Density    =         1.0281
 ------------------------------------------------------------------------------

wrapping first mol.:       19.59550       27.71222       47.99897
wrapping first mol.:       19.59550       27.71222       47.99897

 NSTEP =    18500   TIME(PS) =    2337.000  TEMP(K) =   296.30  PRESS =  -221.2
 Etot   =    -37827.6141  EKtot   =      9600.7373  EPtot      =    -47428.3514
 BOND   =       425.7802  ANGLE   =      1095.4817  DIHED      =      1627.0349
 1-4 NB =       468.4354  1-4 EEL =      5640.1923  VDWAALS    =      5132.7468
 EELEC  =    -61891.6613  EHBOND  =         0.0000  RESTRAINT  =        73.6385
 EAMBER (non-restraint)  =    -47501.9899
 EKCMT  =      3954.1056  VIRIAL  =      4701.1759  VOLUME     =    156393.7299
                                                    Density    =         1.0294
 ------------------------------------------------------------------------------

wrapping first mol.:       19.59586       27.71273       47.99985
wrapping first mol.:       19.59586       27.71273       47.99985

 NSTEP =    19000   TIME(PS) =    2338.000  TEMP(K) =   299.69  PRESS =   186.5
 Etot   =    -37878.0082  EKtot   =      9710.5645  EPtot      =    -47588.5727
 BOND   =       408.2422  ANGLE   =       996.0734  DIHED      =      1608.1762
 1-4 NB =       482.7213  1-4 EEL =      5675.8841  VDWAALS    =      5322.8670
 EELEC  =    -62154.9921  EHBOND  =         0.0000  RESTRAINT  =        72.4551
 EAMBER (non-restraint)  =    -47661.0278
 EKCMT  =      4030.4970  VIRIAL  =      3400.7675  VOLUME     =    156396.6512
                                                    Density    =         1.0294
 ------------------------------------------------------------------------------

wrapping first mol.:       19.59619       27.71319       48.00065
wrapping first mol.:       19.59619       27.71319       48.00065

 NSTEP =    19500   TIME(PS) =    2339.000  TEMP(K) =   302.34  PRESS =   -55.1
 Etot   =    -37716.2157  EKtot   =      9796.3975  EPtot      =    -47512.6131
 BOND   =       431.7452  ANGLE   =      1047.2484  DIHED      =      1628.5235
 1-4 NB =       485.9604  1-4 EEL =      5685.5156  VDWAALS    =      5037.9691
 EELEC  =    -61911.3923  EHBOND  =         0.0000  RESTRAINT  =        81.8170
 EAMBER (non-restraint)  =    -47594.4301
 EKCMT  =      4109.3255  VIRIAL  =      4295.4029  VOLUME     =    156407.8354
                                                    Density    =         1.0293
 ------------------------------------------------------------------------------

wrapping first mol.:       19.60105       27.72007       48.01256
wrapping first mol.:       19.60105       27.72007       48.01256

 NSTEP =    20000   TIME(PS) =    2340.000  TEMP(K) =   300.49  PRESS =   216.8
 Etot   =    -37759.3664  EKtot   =      9736.6699  EPtot      =    -47496.0363
 BOND   =       410.9763  ANGLE   =      1052.9865  DIHED      =      1620.2925
 1-4 NB =       485.9170  1-4 EEL =      5681.4361  VDWAALS    =      5292.7302
 EELEC  =    -62120.8648  EHBOND  =         0.0000  RESTRAINT  =        80.4899
 EAMBER (non-restraint)  =    -47576.5262
 EKCMT  =      4180.2119  VIRIAL  =      3447.4485  VOLUME     =    156520.5267
                                                    Density    =         1.0286
 ------------------------------------------------------------------------------

wrapping first mol.:       19.61903       27.74550       48.05661
wrapping first mol.:       19.61903       27.74550       48.05661

 NSTEP =    20500   TIME(PS) =    2341.000  TEMP(K) =   301.61  PRESS =    48.4
 Etot   =    -37659.2707  EKtot   =      9772.8223  EPtot      =    -47432.0929
 BOND   =       393.4325  ANGLE   =      1047.0016  DIHED      =      1619.6249
 1-4 NB =       478.2170  1-4 EEL =      5662.2384  VDWAALS    =      5200.7454
 EELEC  =    -61906.0878  EHBOND  =         0.0000  RESTRAINT  =        72.7352
 EAMBER (non-restraint)  =    -47504.8281
 EKCMT  =      4114.3548  VIRIAL  =      3950.1768  VOLUME     =    156954.0645
                                                    Density    =         1.0257
 ------------------------------------------------------------------------------

wrapping first mol.:       19.61537       27.74033       48.04765
wrapping first mol.:       19.61537       27.74033       48.04765

 NSTEP =    21000   TIME(PS) =    2342.000  TEMP(K) =   299.97  PRESS =    -9.6
 Etot   =    -37730.9426  EKtot   =      9719.8281  EPtot      =    -47450.7708
 BOND   =       415.3579  ANGLE   =      1034.2683  DIHED      =      1629.9697
 1-4 NB =       473.3057  1-4 EEL =      5663.4530  VDWAALS    =      5252.6896
 EELEC  =    -61994.0098  EHBOND  =         0.0000  RESTRAINT  =        74.1947
 EAMBER (non-restraint)  =    -47524.9655
 EKCMT  =      4130.2355  VIRIAL  =      4162.7062  VOLUME     =    156867.0922
                                                    Density    =         1.0263
 ------------------------------------------------------------------------------

wrapping first mol.:       19.60996       27.73267       48.03439
wrapping first mol.:       19.60996       27.73267       48.03439

 NSTEP =    21500   TIME(PS) =    2343.000  TEMP(K) =   300.33  PRESS =     6.2
 Etot   =    -37857.7873  EKtot   =      9731.2949  EPtot      =    -47589.0822
 BOND   =       399.1803  ANGLE   =      1061.3881  DIHED      =      1638.8526
 1-4 NB =       460.5577  1-4 EEL =      5667.6864  VDWAALS    =      5214.5164
 EELEC  =    -62108.9735  EHBOND  =         0.0000  RESTRAINT  =        77.7098
 EAMBER (non-restraint)  =    -47666.7920
 EKCMT  =      4019.0922  VIRIAL  =      3998.1271  VOLUME     =    156737.0089
                                                    Density    =         1.0272
 ------------------------------------------------------------------------------

wrapping first mol.:       19.60612       27.72725       48.02500
wrapping first mol.:       19.60612       27.72725       48.02500

 NSTEP =    22000   TIME(PS) =    2344.000  TEMP(K) =   304.11  PRESS =  -374.7
 Etot   =    -37645.6063  EKtot   =      9853.9268  EPtot      =    -47499.5331
 BOND   =       420.7442  ANGLE   =      1050.9709  DIHED      =      1651.6150
 1-4 NB =       470.9553  1-4 EEL =      5699.9172  VDWAALS    =      5090.5951
 EELEC  =    -61952.6599  EHBOND  =         0.0000  RESTRAINT  =        68.3292
 EAMBER (non-restraint)  =    -47567.8623
 EKCMT  =      4133.1782  VIRIAL  =      5400.4127  VOLUME     =    156650.4013
                                                    Density    =         1.0277
 ------------------------------------------------------------------------------

wrapping first mol.:       19.58550       27.69808       47.97448
wrapping first mol.:       19.58550       27.69808       47.97448

 NSTEP =    22500   TIME(PS) =    2345.000  TEMP(K) =   297.61  PRESS =   -74.1
 Etot   =    -37798.1963  EKtot   =      9643.3506  EPtot      =    -47441.5469
 BOND   =       405.7340  ANGLE   =      1079.8229  DIHED      =      1626.8997
 1-4 NB =       482.0607  1-4 EEL =      5634.4659  VDWAALS    =      5117.2721
 EELEC  =    -61865.5778  EHBOND  =         0.0000  RESTRAINT  =        77.7754
 EAMBER (non-restraint)  =    -47519.3223
 EKCMT  =      3975.2268  VIRIAL  =      4225.0193  VOLUME     =    156152.3793
                                                    Density    =         1.0310
 ------------------------------------------------------------------------------

wrapping first mol.:       19.60982       27.73247       48.03404
wrapping first mol.:       19.60982       27.73247       48.03404

 NSTEP =    23000   TIME(PS) =    2346.000  TEMP(K) =   300.83  PRESS =   159.9
 Etot   =    -37850.0894  EKtot   =      9747.5000  EPtot      =    -47597.5894
 BOND   =       423.0858  ANGLE   =      1014.1354  DIHED      =      1617.7601
 1-4 NB =       471.9336  1-4 EEL =      5614.4578  VDWAALS    =      5299.6587
 EELEC  =    -62105.6245  EHBOND  =         0.0000  RESTRAINT  =        67.0039
 EAMBER (non-restraint)  =    -47664.5933
 EKCMT  =      4080.0903  VIRIAL  =      3539.0736  VOLUME     =    156731.4799
                                                    Density    =         1.0272
 ------------------------------------------------------------------------------

wrapping first mol.:       19.60366       27.72376       48.01896
wrapping first mol.:       19.60366       27.72376       48.01896

 NSTEP =    23500   TIME(PS) =    2347.000  TEMP(K) =   298.20  PRESS =    60.5
 Etot   =    -37970.0166  EKtot   =      9662.3770  EPtot      =    -47632.3935
 BOND   =       394.7140  ANGLE   =      1064.4624  DIHED      =      1630.6369
 1-4 NB =       475.6621  1-4 EEL =      5647.5043  VDWAALS    =      5191.9705
 EELEC  =    -62111.4158  EHBOND  =         0.0000  RESTRAINT  =        74.0721
 EAMBER (non-restraint)  =    -47706.4656
 EKCMT  =      4083.2752  VIRIAL  =      3878.7077  VOLUME     =    156585.2744
                                                    Density    =         1.0282
 ------------------------------------------------------------------------------

wrapping first mol.:       19.59163       27.70675       47.98949
wrapping first mol.:       19.59163       27.70675       47.98949

 NSTEP =    24000   TIME(PS) =    2348.000  TEMP(K) =   301.16  PRESS =    36.2
 Etot   =    -37680.5312  EKtot   =      9758.2939  EPtot      =    -47438.8252
 BOND   =       427.2698  ANGLE   =      1041.3465  DIHED      =      1631.3444
 1-4 NB =       463.3144  1-4 EEL =      5617.5697  VDWAALS    =      5188.3354
 EELEC  =    -61876.6496  EHBOND  =         0.0000  RESTRAINT  =        68.6443
 EAMBER (non-restraint)  =    -47507.4694
 EKCMT  =      4074.1009  VIRIAL  =      3952.0058  VOLUME     =    156297.4700
                                                    Density    =         1.0301
 ------------------------------------------------------------------------------

wrapping first mol.:       19.61552       27.74054       48.04801
wrapping first mol.:       19.61552       27.74054       48.04801

 NSTEP =    24500   TIME(PS) =    2349.000  TEMP(K) =   300.03  PRESS =  -352.5
 Etot   =    -37615.8321  EKtot   =      9721.6914  EPtot      =    -47337.5235
 BOND   =       424.3338  ANGLE   =      1084.1514  DIHED      =      1637.1779
 1-4 NB =       465.3446  1-4 EEL =      5662.5985  VDWAALS    =      5045.6795
 EELEC  =    -61730.4749  EHBOND  =         0.0000  RESTRAINT  =        73.6656
 EAMBER (non-restraint)  =    -47411.1891
 EKCMT  =      4020.1714  VIRIAL  =      5214.2677  VOLUME     =    156875.4551
                                                    Density    =         1.0263
 ------------------------------------------------------------------------------

wrapping first mol.:       19.61309       27.73710       48.04206
wrapping first mol.:       19.61309       27.73710       48.04206

 NSTEP =    25000   TIME(PS) =    2350.000  TEMP(K) =   302.08  PRESS =    29.5
 Etot   =    -37526.0571  EKtot   =      9787.8945  EPtot      =    -47313.9516
 BOND   =       430.9284  ANGLE   =      1094.8325  DIHED      =      1645.4148
 1-4 NB =       471.2370  1-4 EEL =      5644.4051  VDWAALS    =      5072.9698
 EELEC  =    -61743.4148  EHBOND  =         0.0000  RESTRAINT  =        69.6756
 EAMBER (non-restraint)  =    -47383.6272
 EKCMT  =      4091.4193  VIRIAL  =      3991.5927  VOLUME     =    156811.8035
                                                    Density    =         1.0267
 ------------------------------------------------------------------------------

wrapping first mol.:       19.62367       27.75206       48.06798
wrapping first mol.:       19.62367       27.75206       48.06798

 NSTEP =    25500   TIME(PS) =    2351.000  TEMP(K) =   303.72  PRESS =   119.3
 Etot   =    -37564.8630  EKtot   =      9841.0762  EPtot      =    -47405.9392
 BOND   =       383.3652  ANGLE   =      1062.9679  DIHED      =      1607.3650
 1-4 NB =       464.0286  1-4 EEL =      5683.7772  VDWAALS    =      5051.8293
 EELEC  =    -61728.3806  EHBOND  =         0.0000  RESTRAINT  =        69.1083
 EAMBER (non-restraint)  =    -47475.0475
 EKCMT  =      4127.1189  VIRIAL  =      3722.5661  VOLUME     =    157064.4639
                                                    Density    =         1.0250
 ------------------------------------------------------------------------------

wrapping first mol.:       19.61541       27.74037       48.04773
wrapping first mol.:       19.61541       27.74037       48.04773

 NSTEP =    26000   TIME(PS) =    2352.000  TEMP(K) =   297.95  PRESS =    65.2
 Etot   =    -37870.8480  EKtot   =      9654.0693  EPtot      =    -47524.9174
 BOND   =       378.8639  ANGLE   =      1053.2547  DIHED      =      1643.0141
 1-4 NB =       474.8204  1-4 EEL =      5684.9957  VDWAALS    =      5160.2839
 EELEC  =    -61994.4958  EHBOND  =         0.0000  RESTRAINT  =        74.3458
 EAMBER (non-restraint)  =    -47599.2632
 EKCMT  =      3981.0320  VIRIAL  =      3760.3108  VOLUME     =    156866.8268
                                                    Density    =         1.0263
 ------------------------------------------------------------------------------

wrapping first mol.:       19.62651       27.75608       48.07493
wrapping first mol.:       19.62651       27.75608       48.07493

 NSTEP =    26500   TIME(PS) =    2353.000  TEMP(K) =   298.97  PRESS =   -82.8
 Etot   =    -37906.5180  EKtot   =      9687.1562  EPtot      =    -47593.6743
 BOND   =       394.0755  ANGLE   =      1071.8056  DIHED      =      1636.4707
 1-4 NB =       477.4787  1-4 EEL =      5685.9839  VDWAALS    =      5117.6890
 EELEC  =    -62040.2609  EHBOND  =         0.0000  RESTRAINT  =        63.0833
 EAMBER (non-restraint)  =    -47656.7575
 EKCMT  =      4013.3991  VIRIAL  =      4294.4705  VOLUME     =    157135.4847
                                                    Density    =         1.0246
 ------------------------------------------------------------------------------

wrapping first mol.:       19.61753       27.74338       48.05294
wrapping first mol.:       19.61753       27.74338       48.05294

 NSTEP =    27000   TIME(PS) =    2354.000  TEMP(K) =   298.21  PRESS =  -414.2
 Etot   =    -37934.4723  EKtot   =      9662.6494  EPtot      =    -47597.1217
 BOND   =       399.1567  ANGLE   =      1032.2077  DIHED      =      1637.6893
 1-4 NB =       479.7588  1-4 EEL =      5671.1041  VDWAALS    =      5197.1862
 EELEC  =    -62093.8964  EHBOND  =         0.0000  RESTRAINT  =        79.6719
 EAMBER (non-restraint)  =    -47676.7936
 EKCMT  =      4063.6400  VIRIAL  =      5466.8931  VOLUME     =    156924.5786
                                                    Density    =         1.0259
 ------------------------------------------------------------------------------

wrapping first mol.:       19.62091       27.74816       48.06121
wrapping first mol.:       19.62091       27.74816       48.06121

 NSTEP =    27500   TIME(PS) =    2355.000  TEMP(K) =   303.38  PRESS =   116.7
 Etot   =    -37560.6105  EKtot   =      9830.3271  EPtot      =    -47390.9377
 BOND   =       413.5852  ANGLE   =      1067.9601  DIHED      =      1621.9839
 1-4 NB =       475.4556  1-4 EEL =      5660.5495  VDWAALS    =      5263.4537
 EELEC  =    -61968.4674  EHBOND  =         0.0000  RESTRAINT  =        74.5417
 EAMBER (non-restraint)  =    -47465.4793
 EKCMT  =      4154.8115  VIRIAL  =      3759.3854  VOLUME     =    156998.1825
                                                    Density    =         1.0255
 ------------------------------------------------------------------------------

wrapping first mol.:       19.61051       27.73344       48.03573
wrapping first mol.:       19.61051       27.73344       48.03573

 NSTEP =    28000   TIME(PS) =    2356.000  TEMP(K) =   300.45  PRESS =    57.0
 Etot   =    -37682.6461  EKtot   =      9735.3438  EPtot      =    -47417.9898
 BOND   =       403.2791  ANGLE   =      1077.6528  DIHED      =      1633.7257
 1-4 NB =       471.6929  1-4 EEL =      5674.5575  VDWAALS    =      5155.4601
 EELEC  =    -61923.3847  EHBOND  =         0.0000  RESTRAINT  =        89.0269
 EAMBER (non-restraint)  =    -47507.0167
 EKCMT  =      4056.9000  VIRIAL  =      3863.9320  VOLUME     =    156749.4411
                                                    Density    =         1.0271
 ------------------------------------------------------------------------------

wrapping first mol.:       19.62061       27.74773       48.06047
wrapping first mol.:       19.62061       27.74773       48.06047

 NSTEP =    28500   TIME(PS) =    2357.000  TEMP(K) =   298.98  PRESS =  -180.3
 Etot   =    -37745.9361  EKtot   =      9687.5391  EPtot      =    -47433.4751
 BOND   =       427.0352  ANGLE   =      1062.0320  DIHED      =      1608.1010
 1-4 NB =       470.3599  1-4 EEL =      5608.2179  VDWAALS    =      5096.8993
 EELEC  =    -61788.3037  EHBOND  =         0.0000  RESTRAINT  =        82.1832
 EAMBER (non-restraint)  =    -47515.6583
 EKCMT  =      3983.6893  VIRIAL  =      4594.9385  VOLUME     =    156995.1109
                                                    Density    =         1.0255
 ------------------------------------------------------------------------------

wrapping first mol.:       19.62934       27.76008       48.08186
wrapping first mol.:       19.62934       27.76008       48.08186

 NSTEP =    29000   TIME(PS) =    2358.000  TEMP(K) =   299.93  PRESS =  -283.1
 Etot   =    -37699.4574  EKtot   =      9718.3809  EPtot      =    -47417.8383
 BOND   =       378.9298  ANGLE   =      1059.5574  DIHED      =      1627.0901
 1-4 NB =       476.8273  1-4 EEL =      5656.9586  VDWAALS    =      5049.6212
 EELEC  =    -61742.0000  EHBOND  =         0.0000  RESTRAINT  =        75.1773
 EAMBER (non-restraint)  =    -47493.0156
 EKCMT  =      4094.5330  VIRIAL  =      5055.3275  VOLUME     =    157206.2582
                                                    Density    =         1.0241
 ------------------------------------------------------------------------------

wrapping first mol.:       19.61433       27.73885       48.04510
wrapping first mol.:       19.61433       27.73885       48.04510

 NSTEP =    29500   TIME(PS) =    2359.000  TEMP(K) =   300.65  PRESS =    82.9
 Etot   =    -37612.0864  EKtot   =      9741.8447  EPtot      =    -47353.9312
 BOND   =       382.1402  ANGLE   =      1034.6431  DIHED      =      1626.2811
 1-4 NB =       474.6165  1-4 EEL =      5675.0029  VDWAALS    =      5154.6362
 EELEC  =    -61780.2352  EHBOND  =         0.0000  RESTRAINT  =        78.9842
 EAMBER (non-restraint)  =    -47432.9153
 EKCMT  =      4094.4417  VIRIAL  =      3813.7011  VOLUME     =    156840.7666
                                                    Density    =         1.0265
 ------------------------------------------------------------------------------

wrapping first mol.:       19.60809       27.73003       48.02981
wrapping first mol.:       19.60809       27.73003       48.02981

 NSTEP =    30000   TIME(PS) =    2360.000  TEMP(K) =   302.37  PRESS =  -122.4
 Etot   =    -37799.2103  EKtot   =      9797.3486  EPtot      =    -47596.5589
 BOND   =       413.3052  ANGLE   =      1059.8837  DIHED      =      1635.7463
 1-4 NB =       477.5887  1-4 EEL =      5668.8035  VDWAALS    =      5082.3714
 EELEC  =    -62011.3660  EHBOND  =         0.0000  RESTRAINT  =        77.1082
 EAMBER (non-restraint)  =    -47673.6671
 EKCMT  =      4047.0920  VIRIAL  =      4461.3037  VOLUME     =    156694.0332
                                                    Density    =         1.0275
 ------------------------------------------------------------------------------

wrapping first mol.:       19.60066       27.71952       48.01161
wrapping first mol.:       19.60066       27.71952       48.01161

 NSTEP =    30500   TIME(PS) =    2361.000  TEMP(K) =   300.95  PRESS =    83.2
 Etot   =    -37756.9453  EKtot   =      9751.4395  EPtot      =    -47508.3848
 BOND   =       426.0124  ANGLE   =      1076.0753  DIHED      =      1619.1438
 1-4 NB =       474.4653  1-4 EEL =      5672.1658  VDWAALS    =      5176.7581
 EELEC  =    -62019.5706  EHBOND  =         0.0000  RESTRAINT  =        66.5653
 EAMBER (non-restraint)  =    -47574.9500
 EKCMT  =      4107.3828  VIRIAL  =      3826.3570  VOLUME     =    156513.0637
                                                    Density    =         1.0286
 ------------------------------------------------------------------------------

wrapping first mol.:       19.61453       27.73914       48.04559
wrapping first mol.:       19.61453       27.73914       48.04559

 NSTEP =    31000   TIME(PS) =    2362.000  TEMP(K) =   303.76  PRESS =   -62.4
 Etot   =    -37571.6399  EKtot   =      9842.5537  EPtot      =    -47414.1936
 BOND   =       409.1119  ANGLE   =      1082.0364  DIHED      =      1647.2429
 1-4 NB =       476.1701  1-4 EEL =      5651.9606  VDWAALS    =      5159.9757
 EELEC  =    -61910.2004  EHBOND  =         0.0000  RESTRAINT  =        69.5091
 EAMBER (non-restraint)  =    -47483.7028
 EKCMT  =      4106.2994  VIRIAL  =      4317.7745  VOLUME     =    156847.6830
                                                    Density    =         1.0264
 ------------------------------------------------------------------------------

wrapping first mol.:       19.62275       27.75075       48.06571
wrapping first mol.:       19.62275       27.75075       48.06571

 NSTEP =    31500   TIME(PS) =    2363.000  TEMP(K) =   295.50  PRESS =   -52.7
 Etot   =    -37845.0118  EKtot   =      9574.9824  EPtot      =    -47419.9942
 BOND   =       423.0288  ANGLE   =      1064.8275  DIHED      =      1627.1949
 1-4 NB =       473.0093  1-4 EEL =      5664.9254  VDWAALS    =      5113.0478
 EELEC  =    -61851.7947  EHBOND  =         0.0000  RESTRAINT  =        65.7669
 EAMBER (non-restraint)  =    -47485.7610
 EKCMT  =      3990.8579  VIRIAL  =      4169.6088  VOLUME     =    157044.6754
                                                    Density    =         1.0252
 ------------------------------------------------------------------------------

wrapping first mol.:       19.59967       27.71813       48.00920
wrapping first mol.:       19.59967       27.71813       48.00920

 NSTEP =    32000   TIME(PS) =    2364.000  TEMP(K) =   299.30  PRESS =  -253.4
 Etot   =    -37802.5689  EKtot   =      9697.8193  EPtot      =    -47500.3883
 BOND   =       408.2311  ANGLE   =      1065.4592  DIHED      =      1615.4949
 1-4 NB =       486.2141  1-4 EEL =      5707.2642  VDWAALS    =      5081.6877
 EELEC  =    -61936.8959  EHBOND  =         0.0000  RESTRAINT  =        72.1564
 EAMBER (non-restraint)  =    -47572.5447
 EKCMT  =      4030.2681  VIRIAL  =      4886.5289  VOLUME     =    156494.1653
                                                    Density    =         1.0288
 ------------------------------------------------------------------------------

wrapping first mol.:       19.58408       27.69608       47.97101
wrapping first mol.:       19.58408       27.69608       47.97101

 NSTEP =    32500   TIME(PS) =    2365.000  TEMP(K) =   300.74  PRESS =  -144.9
 Etot   =    -37841.8109  EKtot   =      9744.4932  EPtot      =    -47586.3041
 BOND   =       394.7097  ANGLE   =      1025.7051  DIHED      =      1614.5240
 1-4 NB =       475.7823  1-4 EEL =      5708.4402  VDWAALS    =      4973.1576
 EELEC  =    -61853.4726  EHBOND  =         0.0000  RESTRAINT  =        74.8497
 EAMBER (non-restraint)  =    -47661.1537
 EKCMT  =      4129.3217  VIRIAL  =      4617.5912  VOLUME     =    156119.4869
                                                    Density    =         1.0312
 ------------------------------------------------------------------------------

wrapping first mol.:       19.58948       27.70371       47.98422
wrapping first mol.:       19.58948       27.70371       47.98422

 NSTEP =    33000   TIME(PS) =    2366.000  TEMP(K) =   301.35  PRESS =  -401.9
 Etot   =    -37622.5203  EKtot   =      9764.4531  EPtot      =    -47386.9734
 BOND   =       416.7789  ANGLE   =      1063.1588  DIHED      =      1621.3653
 1-4 NB =       498.5323  1-4 EEL =      5694.8947  VDWAALS    =      4967.5114
 EELEC  =    -61718.1921  EHBOND  =         0.0000  RESTRAINT  =        68.9773
 EAMBER (non-restraint)  =    -47455.9507
 EKCMT  =      4118.8719  VIRIAL  =      5474.5899  VOLUME     =    156252.1206
                                                    Density    =         1.0304
 ------------------------------------------------------------------------------

wrapping first mol.:       19.57870       27.68846       47.95782
wrapping first mol.:       19.57870       27.68846       47.95782

 NSTEP =    33500   TIME(PS) =    2367.000  TEMP(K) =   301.13  PRESS =   179.7
 Etot   =    -38113.4282  EKtot   =      9757.2930  EPtot      =    -47870.7212
 BOND   =       413.9805  ANGLE   =      1024.4332  DIHED      =      1628.2652
 1-4 NB =       458.6782  1-4 EEL =      5673.6111  VDWAALS    =      5305.8251
 EELEC  =    -62449.9427  EHBOND  =         0.0000  RESTRAINT  =        74.4282
 EAMBER (non-restraint)  =    -47945.1493
 EKCMT  =      4053.2123  VIRIAL  =      3447.9827  VOLUME     =    155986.2363
                                                    Density    =         1.0321
 ------------------------------------------------------------------------------

wrapping first mol.:       19.59034       27.70492       47.98632
wrapping first mol.:       19.59034       27.70492       47.98632

 NSTEP =    34000   TIME(PS) =    2368.000  TEMP(K) =   303.13  PRESS =     4.1
 Etot   =    -37908.9446  EKtot   =      9822.1895  EPtot      =    -47731.1340
 BOND   =       376.8994  ANGLE   =      1023.1901  DIHED      =      1598.9146
 1-4 NB =       481.9685  1-4 EEL =      5700.9962  VDWAALS    =      5209.0404
 EELEC  =    -62198.6205  EHBOND  =         0.0000  RESTRAINT  =        76.4772
 EAMBER (non-restraint)  =    -47807.6113
 EKCMT  =      4107.4805  VIRIAL  =      4093.4806  VOLUME     =    156266.9851
                                                    Density    =         1.0303
 ------------------------------------------------------------------------------

wrapping first mol.:       19.61147       27.73481       48.03810
wrapping first mol.:       19.61147       27.73481       48.03810

 NSTEP =    34500   TIME(PS) =    2369.000  TEMP(K) =   300.52  PRESS =   131.2
 Etot   =    -37775.9815  EKtot   =      9737.6191  EPtot      =    -47513.6007
 BOND   =       424.6256  ANGLE   =      1017.2566  DIHED      =      1621.9069
 1-4 NB =       494.5574  1-4 EEL =      5716.9635  VDWAALS    =      5149.7068
 EELEC  =    -62017.7564  EHBOND  =         0.0000  RESTRAINT  =        79.1391
 EAMBER (non-restraint)  =    -47592.7397
 EKCMT  =      4070.5687  VIRIAL  =      3626.5265  VOLUME     =    156771.5870
                                                    Density    =         1.0269
 ------------------------------------------------------------------------------

wrapping first mol.:       19.61947       27.74612       48.05768
wrapping first mol.:       19.61947       27.74612       48.05768

 NSTEP =    35000   TIME(PS) =    2370.000  TEMP(K) =   300.51  PRESS =  -106.9
 Etot   =    -37887.4475  EKtot   =      9737.2959  EPtot      =    -47624.7434
 BOND   =       402.8276  ANGLE   =      1036.9536  DIHED      =      1628.5817
 1-4 NB =       475.7754  1-4 EEL =      5662.5628  VDWAALS    =      5304.1188
 EELEC  =    -62202.4940  EHBOND  =         0.0000  RESTRAINT  =        66.9308
 EAMBER (non-restraint)  =    -47691.6741
 EKCMT  =      4034.9421  VIRIAL  =      4397.1274  VOLUME     =    156966.7475
                                                    Density    =         1.0257
 ------------------------------------------------------------------------------

wrapping first mol.:       19.61271       27.73656       48.04113
wrapping first mol.:       19.61271       27.73656       48.04113

 NSTEP =    35500   TIME(PS) =    2371.000  TEMP(K) =   300.81  PRESS =  -159.5
 Etot   =    -37846.9870  EKtot   =      9746.8311  EPtot      =    -47593.8180
 BOND   =       406.3261  ANGLE   =      1032.3000  DIHED      =      1617.4130
 1-4 NB =       477.9630  1-4 EEL =      5707.7452  VDWAALS    =      5179.9969
 EELEC  =    -62086.3553  EHBOND  =         0.0000  RESTRAINT  =        70.7931
 EAMBER (non-restraint)  =    -47664.6112
 EKCMT  =      4081.7810  VIRIAL  =      4621.8730  VOLUME     =    156805.2940
                                                    Density    =         1.0267
 ------------------------------------------------------------------------------

wrapping first mol.:       19.59174       27.70690       47.98975
wrapping first mol.:       19.59174       27.70690       47.98975

 NSTEP =    36000   TIME(PS) =    2372.000  TEMP(K) =   304.78  PRESS =   -68.3
 Etot   =    -37862.7880  EKtot   =      9875.4268  EPtot      =    -47738.2148
 BOND   =       397.9441  ANGLE   =      1091.1129  DIHED      =      1627.5367
 1-4 NB =       460.4599  1-4 EEL =      5664.8107  VDWAALS    =      5179.9272
 EELEC  =    -62235.8122  EHBOND  =         0.0000  RESTRAINT  =        75.8059
 EAMBER (non-restraint)  =    -47814.0207
 EKCMT  =      4128.2019  VIRIAL  =      4358.7168  VOLUME     =    156301.4871
                                                    Density    =         1.0300
 ------------------------------------------------------------------------------

wrapping first mol.:       19.60008       27.71869       48.01018
wrapping first mol.:       19.60008       27.71869       48.01018

 NSTEP =    36500   TIME(PS) =    2373.000  TEMP(K) =   298.05  PRESS =     3.9
 Etot   =    -37786.2356  EKtot   =      9657.5088  EPtot      =    -47443.7443
 BOND   =       432.3898  ANGLE   =      1074.9314  DIHED      =      1618.6480
 1-4 NB =       455.4709  1-4 EEL =      5634.1915  VDWAALS    =      5244.5711
 EELEC  =    -61983.8376  EHBOND  =         0.0000  RESTRAINT  =        79.8905
 EAMBER (non-restraint)  =    -47523.6348
 EKCMT  =      4031.7322  VIRIAL  =      4018.6720  VOLUME     =    156500.1969
                                                    Density    =         1.0287
 ------------------------------------------------------------------------------

wrapping first mol.:       19.59481       27.71125       47.99729
wrapping first mol.:       19.59481       27.71125       47.99729

 NSTEP =    37000   TIME(PS) =    2374.000  TEMP(K) =   296.89  PRESS =    10.4
 Etot   =    -37855.6068  EKtot   =      9619.8184  EPtot      =    -47475.4252
 BOND   =       446.1610  ANGLE   =      1074.2580  DIHED      =      1631.5910
 1-4 NB =       476.6320  1-4 EEL =      5658.5259  VDWAALS    =      5144.8414
 EELEC  =    -61983.7910  EHBOND  =         0.0000  RESTRAINT  =        76.3566
 EAMBER (non-restraint)  =    -47551.7818
 EKCMT  =      3987.7966  VIRIAL  =      3952.6345  VOLUME     =    156374.0837
                                                    Density    =         1.0296
 ------------------------------------------------------------------------------

wrapping first mol.:       19.60190       27.72128       48.01466
wrapping first mol.:       19.60190       27.72128       48.01466

 NSTEP =    37500   TIME(PS) =    2375.000  TEMP(K) =   298.48  PRESS =   -26.7
 Etot   =    -37943.4133  EKtot   =      9671.4551  EPtot      =    -47614.8683
 BOND   =       402.0548  ANGLE   =      1058.0395  DIHED      =      1633.3699
 1-4 NB =       464.1218  1-4 EEL =      5634.4049  VDWAALS    =      5250.3175
 EELEC  =    -62131.8037  EHBOND  =         0.0000  RESTRAINT  =        74.6271
 EAMBER (non-restraint)  =    -47689.4954
 EKCMT  =      3951.4409  VIRIAL  =      4041.5930  VOLUME     =    156544.4150
                                                    Density    =         1.0284
 ------------------------------------------------------------------------------

wrapping first mol.:       19.61060       27.73358       48.03596
wrapping first mol.:       19.61060       27.73358       48.03596

 NSTEP =    38000   TIME(PS) =    2376.000  TEMP(K) =   302.52  PRESS =   201.3
 Etot   =    -37630.0958  EKtot   =      9802.2891  EPtot      =    -47432.3849
 BOND   =       432.2264  ANGLE   =      1047.5597  DIHED      =      1650.4836
 1-4 NB =       467.3915  1-4 EEL =      5665.1014  VDWAALS    =      5095.2354
 EELEC  =    -61869.8341  EHBOND  =         0.0000  RESTRAINT  =        79.4513
 EAMBER (non-restraint)  =    -47511.8362
 EKCMT  =      4088.2174  VIRIAL  =      3406.8071  VOLUME     =    156749.6722
                                                    Density    =         1.0271
 ------------------------------------------------------------------------------

wrapping first mol.:       19.58877       27.70270       47.98247
wrapping first mol.:       19.58877       27.70270       47.98247

 NSTEP =    38500   TIME(PS) =    2377.000  TEMP(K) =   302.09  PRESS =   -53.6
 Etot   =    -37638.9425  EKtot   =      9788.5176  EPtot      =    -47427.4601
 BOND   =       412.9463  ANGLE   =      1075.5674  DIHED      =      1613.6107
 1-4 NB =       464.2976  1-4 EEL =      5660.3354  VDWAALS    =      5079.6246
 EELEC  =    -61805.5558  EHBOND  =         0.0000  RESTRAINT  =        71.7135
 EAMBER (non-restraint)  =    -47499.1736
 EKCMT  =      4017.2031  VIRIAL  =      4197.9002  VOLUME     =    156230.1984
                                                    Density    =         1.0305
 ------------------------------------------------------------------------------

wrapping first mol.:       19.58167       27.69266       47.96510
wrapping first mol.:       19.58167       27.69266       47.96510

 NSTEP =    39000   TIME(PS) =    2378.000  TEMP(K) =   302.51  PRESS =   332.5
 Etot   =    -37853.6846  EKtot   =      9801.9082  EPtot      =    -47655.5928
 BOND   =       413.8662  ANGLE   =      1006.9140  DIHED      =      1620.0359
 1-4 NB =       468.2589  1-4 EEL =      5664.0025  VDWAALS    =      5281.2790
 EELEC  =    -62175.6987  EHBOND  =         0.0000  RESTRAINT  =        65.7495
 EAMBER (non-restraint)  =    -47721.3423
 EKCMT  =      4061.7237  VIRIAL  =      2941.3003  VOLUME     =    156055.1481
                                                    Density    =         1.0317
 ------------------------------------------------------------------------------

wrapping first mol.:       19.59634       27.71341       48.00102
wrapping first mol.:       19.59634       27.71341       48.00102

 NSTEP =    39500   TIME(PS) =    2379.000  TEMP(K) =   299.40  PRESS =    -3.6
 Etot   =    -37829.6859  EKtot   =      9701.2373  EPtot      =    -47530.9232
 BOND   =       423.6053  ANGLE   =      1036.8901  DIHED      =      1628.7580
 1-4 NB =       475.0938  1-4 EEL =      5656.0793  VDWAALS    =      5268.5686
 EELEC  =    -62101.6014  EHBOND  =         0.0000  RESTRAINT  =        81.6830
 EAMBER (non-restraint)  =    -47612.6062
 EKCMT  =      4053.8006  VIRIAL  =      4065.9616  VOLUME     =    156410.7447
                                                    Density    =         1.0293
 ------------------------------------------------------------------------------

wrapping first mol.:       19.61200       27.73555       48.03938
wrapping first mol.:       19.61200       27.73555       48.03938

 NSTEP =    40000   TIME(PS) =    2380.000  TEMP(K) =   299.99  PRESS =   173.9
 Etot   =    -37743.9853  EKtot   =      9720.4316  EPtot      =    -47464.4169
 BOND   =       401.3668  ANGLE   =      1060.5368  DIHED      =      1641.0304
 1-4 NB =       476.6144  1-4 EEL =      5674.7514  VDWAALS    =      5239.4936
 EELEC  =    -62034.3791  EHBOND  =         0.0000  RESTRAINT  =        76.1688
 EAMBER (non-restraint)  =    -47540.5857
 EKCMT  =      4053.0217  VIRIAL  =      3464.3871  VOLUME     =    156783.5023
                                                    Density    =         1.0269
 ------------------------------------------------------------------------------

wrapping first mol.:       19.61094       27.73406       48.03680
wrapping first mol.:       19.61094       27.73406       48.03680

 NSTEP =    40500   TIME(PS) =    2381.000  TEMP(K) =   299.61  PRESS =   -55.1
 Etot   =    -37827.9674  EKtot   =      9708.1631  EPtot      =    -47536.1304
 BOND   =       390.9818  ANGLE   =      1085.8779  DIHED      =      1628.4927
 1-4 NB =       459.9771  1-4 EEL =      5683.6285  VDWAALS    =      5046.9414
 EELEC  =    -61906.9657  EHBOND  =         0.0000  RESTRAINT  =        74.9359
 EAMBER (non-restraint)  =    -47611.0663
 EKCMT  =      4060.9036  VIRIAL  =      4247.3566  VOLUME     =    156761.4643
                                                    Density    =         1.0270
 ------------------------------------------------------------------------------

wrapping first mol.:       19.61041       27.73330       48.03548
wrapping first mol.:       19.61041       27.73330       48.03548

 NSTEP =    41000   TIME(PS) =    2382.000  TEMP(K) =   300.59  PRESS =    56.5
 Etot   =    -37845.4656  EKtot   =      9739.8115  EPtot      =    -47585.2771
 BOND   =       397.7901  ANGLE   =      1050.8739  DIHED      =      1614.4199
 1-4 NB =       488.7096  1-4 EEL =      5707.4841  VDWAALS    =      5249.9958
 EELEC  =    -62170.4683  EHBOND  =         0.0000  RESTRAINT  =        75.9177
 EAMBER (non-restraint)  =    -47661.1948
 EKCMT  =      4070.2658  VIRIAL  =      3879.2111  VOLUME     =    156747.0229
                                                    Density    =         1.0271
 ------------------------------------------------------------------------------

wrapping first mol.:       19.61252       27.73629       48.04065
wrapping first mol.:       19.61252       27.73629       48.04065

 NSTEP =    41500   TIME(PS) =    2383.000  TEMP(K) =   303.54  PRESS =   -37.7
 Etot   =    -37701.5176  EKtot   =      9835.3242  EPtot      =    -47536.8418
 BOND   =       431.4840  ANGLE   =      1026.9093  DIHED      =      1620.2214
 1-4 NB =       454.0136  1-4 EEL =      5659.0033  VDWAALS    =      5144.1847
 EELEC  =    -61953.0771  EHBOND  =         0.0000  RESTRAINT  =        80.4189
 EAMBER (non-restraint)  =    -47617.2608
 EKCMT  =      4078.7565  VIRIAL  =      4206.3206  VOLUME     =    156798.9517
                                                    Density    =         1.0268
 ------------------------------------------------------------------------------

wrapping first mol.:       19.60099       27.71998       48.01241
wrapping first mol.:       19.60099       27.71998       48.01241

 NSTEP =    42000   TIME(PS) =    2384.000  TEMP(K) =   301.30  PRESS =   122.8
 Etot   =    -37897.6195  EKtot   =      9762.7334  EPtot      =    -47660.3529
 BOND   =       410.9038  ANGLE   =      1047.1671  DIHED      =      1615.5298
 1-4 NB =       469.3573  1-4 EEL =      5670.5469  VDWAALS    =      5208.7505
 EELEC  =    -62158.7307  EHBOND  =         0.0000  RESTRAINT  =        76.1225
 EAMBER (non-restraint)  =    -47736.4753
 EKCMT  =      4068.0644  VIRIAL  =      3653.1615  VOLUME     =    156520.3760
                                                    Density    =         1.0286
 ------------------------------------------------------------------------------

wrapping first mol.:       19.59636       27.71343       48.00107
wrapping first mol.:       19.59636       27.71343       48.00107

 NSTEP =    42500   TIME(PS) =    2385.000  TEMP(K) =   298.05  PRESS =  -199.2
 Etot   =    -37901.4030  EKtot   =      9657.4551  EPtot      =    -47558.8580
 BOND   =       409.8738  ANGLE   =      1061.2334  DIHED      =      1648.5609
 1-4 NB =       462.5025  1-4 EEL =      5645.7550  VDWAALS    =      5160.5793
 EELEC  =    -62031.6956  EHBOND  =         0.0000  RESTRAINT  =        84.3328
 EAMBER (non-restraint)  =    -47643.1908
 EKCMT  =      4041.3795  VIRIAL  =      4714.2276  VOLUME     =    156413.9496
                                                    Density    =         1.0293
 ------------------------------------------------------------------------------

wrapping first mol.:       19.58472       27.69697       47.97256
wrapping first mol.:       19.58472       27.69697       47.97256

 NSTEP =    43000   TIME(PS) =    2386.000  TEMP(K) =   300.94  PRESS =  -102.5
 Etot   =    -37812.2004  EKtot   =      9750.9766  EPtot      =    -47563.1770
 BOND   =       435.1390  ANGLE   =      1063.8550  DIHED      =      1636.1447
 1-4 NB =       462.2610  1-4 EEL =      5662.3862  VDWAALS    =      5219.0576
 EELEC  =    -62112.4177  EHBOND  =         0.0000  RESTRAINT  =        70.3972
 EAMBER (non-restraint)  =    -47633.5742
 EKCMT  =      4076.8548  VIRIAL  =      4422.4776  VOLUME     =    156134.0293
                                                    Density    =         1.0311
 ------------------------------------------------------------------------------

wrapping first mol.:       19.61810       27.74418       48.05432
wrapping first mol.:       19.61810       27.74418       48.05432

 NSTEP =    43500   TIME(PS) =    2387.000  TEMP(K) =   304.66  PRESS =    61.8
 Etot   =    -37518.7002  EKtot   =      9871.7891  EPtot      =    -47390.4893
 BOND   =       427.6314  ANGLE   =      1064.9856  DIHED      =      1635.3660
 1-4 NB =       470.9395  1-4 EEL =      5683.9140  VDWAALS    =      5127.2425
 EELEC  =    -61880.7131  EHBOND  =         0.0000  RESTRAINT  =        80.1448
 EAMBER (non-restraint)  =    -47470.6341
 EKCMT  =      4113.4437  VIRIAL  =      3903.9205  VOLUME     =    156931.4216
                                                    Density    =         1.0259
 ------------------------------------------------------------------------------

wrapping first mol.:       19.60597       27.72702       48.02461
wrapping first mol.:       19.60597       27.72702       48.02461

 NSTEP =    44000   TIME(PS) =    2388.000  TEMP(K) =   297.91  PRESS =  -122.9
 Etot   =    -37758.6489  EKtot   =      9652.8232  EPtot      =    -47411.4721
 BOND   =       368.5513  ANGLE   =      1062.8520  DIHED      =      1628.9409
 1-4 NB =       501.5504  1-4 EEL =      5632.4261  VDWAALS    =      5205.8601
 EELEC  =    -61890.8381  EHBOND  =         0.0000  RESTRAINT  =        79.1853
 EAMBER (non-restraint)  =    -47490.6574
 EKCMT  =      4056.1287  VIRIAL  =      4471.7301  VOLUME     =    156643.1252
                                                    Density    =         1.0278
 ------------------------------------------------------------------------------

wrapping first mol.:       19.58836       27.70213       47.98149
wrapping first mol.:       19.58836       27.70213       47.98149

 NSTEP =    44500   TIME(PS) =    2389.000  TEMP(K) =   299.60  PRESS =   108.8
 Etot   =    -37906.5095  EKtot   =      9707.6221  EPtot      =    -47614.1315
 BOND   =       410.4618  ANGLE   =      1065.6896  DIHED      =      1620.7886
 1-4 NB =       479.5200  1-4 EEL =      5626.2923  VDWAALS    =      5372.2095
 EELEC  =    -62261.6900  EHBOND  =         0.0000  RESTRAINT  =        72.5967
 EAMBER (non-restraint)  =    -47686.7282
 EKCMT  =      4098.2491  VIRIAL  =      3731.2050  VOLUME     =    156218.3131
                                                    Density    =         1.0306
 ------------------------------------------------------------------------------

wrapping first mol.:       19.59146       27.70651       47.98907
wrapping first mol.:       19.59146       27.70651       47.98907

 NSTEP =    45000   TIME(PS) =    2390.000  TEMP(K) =   300.87  PRESS =  -239.8
 Etot   =    -37936.4885  EKtot   =      9748.7480  EPtot      =    -47685.2366
 BOND   =       371.5888  ANGLE   =      1044.3563  DIHED      =      1628.2249
 1-4 NB =       482.0524  1-4 EEL =      5696.4926  VDWAALS    =      5173.3793
 EELEC  =    -62148.3486  EHBOND  =         0.0000  RESTRAINT  =        67.0177
 EAMBER (non-restraint)  =    -47752.2543
 EKCMT  =      4123.3339  VIRIAL  =      4932.4923  VOLUME     =    156297.2787
                                                    Density    =         1.0301
 ------------------------------------------------------------------------------

wrapping first mol.:       19.60250       27.72211       48.01611
wrapping first mol.:       19.60250       27.72211       48.01611

 NSTEP =    45500   TIME(PS) =    2391.000  TEMP(K) =   299.80  PRESS =   -97.4
 Etot   =    -37817.8304  EKtot   =      9714.2119  EPtot      =    -47532.0423
 BOND   =       420.5930  ANGLE   =      1116.9046  DIHED      =      1635.4145
 1-4 NB =       463.2048  1-4 EEL =      5652.2399  VDWAALS    =      5211.1800
 EELEC  =    -62105.9400  EHBOND  =         0.0000  RESTRAINT  =        74.3610
 EAMBER (non-restraint)  =    -47606.4033
 EKCMT  =      4143.0502  VIRIAL  =      4472.3711  VOLUME     =    156559.5717
                                                    Density    =         1.0283
 ------------------------------------------------------------------------------

wrapping first mol.:       19.62340       27.75168       48.06731
wrapping first mol.:       19.62340       27.75168       48.06731

 NSTEP =    46000   TIME(PS) =    2392.000  TEMP(K) =   302.80  PRESS =   254.6
 Etot   =    -37698.5465  EKtot   =      9811.2217  EPtot      =    -47509.7681
 BOND   =       413.5248  ANGLE   =      1105.1412  DIHED      =      1619.9867
 1-4 NB =       456.6168  1-4 EEL =      5638.0913  VDWAALS    =      5310.0560
 EELEC  =    -62135.2157  EHBOND  =         0.0000  RESTRAINT  =        82.0308
 EAMBER (non-restraint)  =    -47591.7989
 EKCMT  =      4190.6610  VIRIAL  =      3327.2072  VOLUME     =    157056.0556
                                                    Density    =         1.0251
 ------------------------------------------------------------------------------

wrapping first mol.:       19.60728       27.72888       48.02782
wrapping first mol.:       19.60728       27.72888       48.02782

 NSTEP =    46500   TIME(PS) =    2393.000  TEMP(K) =   298.89  PRESS =  -137.8
 Etot   =    -37867.7919  EKtot   =      9684.5400  EPtot      =    -47552.3320
 BOND   =       410.1139  ANGLE   =      1043.0596  DIHED      =      1650.0073
 1-4 NB =       465.5233  1-4 EEL =      5663.7995  VDWAALS    =      5060.2001
 EELEC  =    -61925.4769  EHBOND  =         0.0000  RESTRAINT  =        80.4412
 EAMBER (non-restraint)  =    -47632.7732
 EKCMT  =      4041.9944  VIRIAL  =      4507.9940  VOLUME     =    156674.7068
                                                    Density    =         1.0276
 ------------------------------------------------------------------------------

wrapping first mol.:       19.61482       27.73954       48.04629
wrapping first mol.:       19.61482       27.73954       48.04629

 NSTEP =    47000   TIME(PS) =    2394.000  TEMP(K) =   303.42  PRESS =   243.7
 Etot   =    -37908.9098  EKtot   =      9831.4844  EPtot      =    -47740.3942
 BOND   =       423.2171  ANGLE   =      1051.2121  DIHED      =      1599.6472
 1-4 NB =       470.4131  1-4 EEL =      5652.5166  VDWAALS    =      5439.7943
 EELEC  =    -62443.4525  EHBOND  =         0.0000  RESTRAINT  =        66.2579
 EAMBER (non-restraint)  =    -47806.6521
 EKCMT  =      4171.5072  VIRIAL  =      3346.1992  VOLUME     =    156850.2444
                                                    Density    =         1.0264
 ------------------------------------------------------------------------------

wrapping first mol.:       19.62385       27.75231       48.06840
wrapping first mol.:       19.62385       27.75231       48.06840

 NSTEP =    47500   TIME(PS) =    2395.000  TEMP(K) =   301.99  PRESS =    21.7
 Etot   =    -37844.3916  EKtot   =      9785.2695  EPtot      =    -47629.6611
 BOND   =       380.2608  ANGLE   =      1021.9252  DIHED      =      1642.6056
 1-4 NB =       475.5930  1-4 EEL =      5709.0382  VDWAALS    =      5317.8883
 EELEC  =    -62245.6576  EHBOND  =         0.0000  RESTRAINT  =        68.6854
 EAMBER (non-restraint)  =    -47698.3465
 EKCMT  =      4048.6051  VIRIAL  =      3974.9929  VOLUME     =    157069.9985
                                                    Density    =         1.0250
 ------------------------------------------------------------------------------

wrapping first mol.:       19.62154       27.74905       48.06276
wrapping first mol.:       19.62154       27.74905       48.06276

 NSTEP =    48000   TIME(PS) =    2396.000  TEMP(K) =   299.10  PRESS =    55.1
 Etot   =    -37792.6581  EKtot   =      9691.5645  EPtot      =    -47484.2225
 BOND   =       387.0767  ANGLE   =      1049.2038  DIHED      =      1636.1663
 1-4 NB =       462.0288  1-4 EEL =      5689.8642  VDWAALS    =      5284.2874
 EELEC  =    -62070.5882  EHBOND  =         0.0000  RESTRAINT  =        77.7385
 EAMBER (non-restraint)  =    -47561.9610
 EKCMT  =      4038.1634  VIRIAL  =      3851.3380  VOLUME     =    157014.2002
                                                    Density    =         1.0254
 ------------------------------------------------------------------------------

wrapping first mol.:       19.60928       27.73171       48.03273
wrapping first mol.:       19.60928       27.73171       48.03273

 NSTEP =    48500   TIME(PS) =    2397.000  TEMP(K) =   301.87  PRESS =   -29.5
 Etot   =    -37662.3222  EKtot   =      9781.1826  EPtot      =    -47443.5048
 BOND   =       433.2235  ANGLE   =      1075.0454  DIHED      =      1619.4257
 1-4 NB =       468.9834  1-4 EEL =      5650.4238  VDWAALS    =      5251.2425
 EELEC  =    -62014.9190  EHBOND  =         0.0000  RESTRAINT  =        73.0698
 EAMBER (non-restraint)  =    -47516.5745
 EKCMT  =      4042.6392  VIRIAL  =      4142.4531  VOLUME     =    156721.3052
                                                    Density    =         1.0273
 ------------------------------------------------------------------------------

wrapping first mol.:       19.60826       27.73027       48.03023
wrapping first mol.:       19.60826       27.73027       48.03023

 NSTEP =    49000   TIME(PS) =    2398.000  TEMP(K) =   296.12  PRESS =   113.5
 Etot   =    -37905.6524  EKtot   =      9594.9521  EPtot      =    -47500.6046
 BOND   =       414.3809  ANGLE   =      1083.3232  DIHED      =      1617.6582
 1-4 NB =       475.1537  1-4 EEL =      5653.1514  VDWAALS    =      5177.3332
 EELEC  =    -61991.9823  EHBOND  =         0.0000  RESTRAINT  =        70.3771
 EAMBER (non-restraint)  =    -47570.9817
 EKCMT  =      4040.8502  VIRIAL  =      3656.7616  VOLUME     =    156694.8384
                                                    Density    =         1.0274
 ------------------------------------------------------------------------------

wrapping first mol.:       19.59454       27.71087       47.99662
wrapping first mol.:       19.59454       27.71087       47.99662

 NSTEP =    49500   TIME(PS) =    2399.000  TEMP(K) =   304.68  PRESS =   448.3
 Etot   =    -37776.7271  EKtot   =      9872.1367  EPtot      =    -47648.8638
 BOND   =       386.0340  ANGLE   =      1027.7060  DIHED      =      1617.7660
 1-4 NB =       474.5829  1-4 EEL =      5667.1750  VDWAALS    =      5313.3079
 EELEC  =    -62206.8146  EHBOND  =         0.0000  RESTRAINT  =        71.3791
 EAMBER (non-restraint)  =    -47720.2429
 EKCMT  =      4090.7309  VIRIAL  =      2577.2909  VOLUME     =    156361.4441
                                                    Density    =         1.0296
 ------------------------------------------------------------------------------

wrapping first mol.:       19.61536       27.74031       48.04762
wrapping first mol.:       19.61536       27.74031       48.04762

 NSTEP =    50000   TIME(PS) =    2400.000  TEMP(K) =   299.29  PRESS =  -162.4
 Etot   =    -37886.6321  EKtot   =      9697.7178  EPtot      =    -47584.3499
 BOND   =       446.5892  ANGLE   =      1061.8509  DIHED      =      1605.8424
 1-4 NB =       466.1024  1-4 EEL =      5662.1939  VDWAALS    =      5241.1677
 EELEC  =    -62140.9238  EHBOND  =         0.0000  RESTRAINT  =        72.8273
 EAMBER (non-restraint)  =    -47657.1772
 EKCMT  =      4044.9899  VIRIAL  =      4595.1662  VOLUME     =    156868.9150
                                                    Density    =         1.0263
 ------------------------------------------------------------------------------


      A V E R A G E S   O V E R     100 S T E P S


 NSTEP =    50000   TIME(PS) =    2400.000  TEMP(K) =   300.27  PRESS =    -4.0
 Etot   =    -37796.4615  EKtot   =      9729.2936  EPtot      =    -47525.7551
 BOND   =       408.0989  ANGLE   =      1054.8633  DIHED      =      1628.7267
 1-4 NB =       473.1534  1-4 EEL =      5665.1688  VDWAALS    =      5190.6964
 EELEC  =    -62020.4105  EHBOND  =         0.0000  RESTRAINT  =        73.9480
 EAMBER (non-restraint)  =    -47599.7031
 EKCMT  =      4067.2049  VIRIAL  =      4080.7508  VOLUME     =    156622.8550
                                                    Density    =         1.0279
 ------------------------------------------------------------------------------


      R M S  F L U C T U A T I O N S


 NSTEP =    50000   TIME(PS) =    2400.000  TEMP(K) =     2.39  PRESS =   184.8
 Etot   =       129.5058  EKtot   =        77.4225  EPtot      =       114.1198
 BOND   =        16.9714  ANGLE   =        26.6062  DIHED      =        12.6804
 1-4 NB =         8.8348  1-4 EEL =        24.1729  VDWAALS    =        99.1448
 EELEC  =       170.8398  EHBOND  =         0.0000  RESTRAINT  =         4.9898
 EAMBER (non-restraint)  =       109.1300
 EKCMT  =        52.6006  VIRIAL  =       614.2722  VOLUME     =       312.0317
                                                    Density    =         0.0020
 ------------------------------------------------------------------------------

--------------------------------------------------------------------------------
   5.  TIMINGS
--------------------------------------------------------------------------------

|  NonSetup CPU Time in Major Routines:
|
|     Routine           Sec        %
|     ------------------------------
|     Nonbond          99.76   89.24
|     Bond              0.00    0.00
|     Angle             0.00    0.00
|     Dihedral          0.00    0.00
|     Shake             0.36    0.32
|     RunMD            11.63   10.41
|     Other             0.04    0.04
|     ------------------------------
|     Total           111.78

|  PME Nonbond Pairlist CPU Time:
|
|     Routine              Sec        %
|     ---------------------------------
|     Set Up Cit           0.00    0.00
|     Build List           0.00    0.00
|     ---------------------------------
|     Total                0.00    0.00

|  PME Direct Force CPU Time:
|
|     Routine              Sec        %
|     ---------------------------------
|     NonBonded Calc       0.00    0.00
|     Exclude Masked       0.00    0.00
|     Other                0.01    0.01
|     ---------------------------------
|     Total                0.01    0.01

|  PME Reciprocal Force CPU Time:
|
|     Routine              Sec        %
|     ---------------------------------
|     1D bspline           0.00    0.00
|     Grid Charges         0.00    0.00
|     Scalar Sum           0.00    0.00
|     Gradient Sum         0.00    0.00
|     FFT                  0.00    0.00
|     ---------------------------------
|     Total                0.00    0.00

|  Final Performance Info:
|     -----------------------------------------------------
|     Average timings for last   23000 steps:
|     Elapsed(s) =      51.41 Per Step(ms) =       2.24
|         ns/day =      77.30   seconds/ns =    1117.65
|
|     Average timings for all steps:
|     Elapsed(s) =     111.78 Per Step(ms) =       2.24
|         ns/day =      77.29   seconds/ns =    1117.80
|     -----------------------------------------------------

|  Setup CPU time:            0.47 seconds
|  NonSetup CPU time:       111.78 seconds
|  Total CPU time:          112.25 seconds     0.03 hours

|  Setup wall time:           1    seconds
|  NonSetup wall time:      111    seconds
|  Total wall time:         112    seconds     0.03 hours
