
          -------------------------------------------------------
          Amber 16 PMEMD                              2016
          -------------------------------------------------------

| PMEMD implementation of SANDER, Release 16

| Run on 11/07/2018 at 20:13:18

|   Executable path: pmemd.cuda
| Working directory: /home/german/lbp/run/2ifb/mhe/e
|          Hostname: Unknown
  [-O]verwriting output

File Assignments:
|   MDIN: 72equ.in                                                              
|  MDOUT: 72equ.out                                                             
| INPCRD: 71e2ifb.rst7                                                          
|   PARM: /home/german/lbp/top_files/2ifb.prmtop                                
| RESTRT: 72e2ifb.rst7                                                          
|   REFC: 71e2ifb.rst7                                                          
|  MDVEL: mdvel                                                                 
|   MDEN: mden                                                                  
|  MDCRD: 72e2ifb.nc                                                            
| MDINFO: mdinfo                                                                
|  MDFRC: mdfrc                                                                 


 Here is the input file:

Equilibration with solute restrictions                                         
&cntrl                                                                         
imin = 0,                           ! No Minimization                          
nmropt = 0,                         ! No NMR restraints read                   
                                                                               
! Nature and format of the input                                               
ntx = 5,                            ! Coordinates but no velocities will be rea
irest = 1,                          ! Do not run a new simulation              
                                                                               
! Nature and format of the output                                              
ntxo = 1,                           ! rstrt file in ASCII format               
ntpr = 500,                         ! inf in output every ntpr steps           
ntwr = 500,                         ! rstrt file every ntwr steps              
ntwx = 500,                         ! mdcrd file every ntwx steps              
ntwv = 0,                           ! mdvel without velocities                 
ntwe = 0,                           ! Do not write energies and temperatures   
idecomp = 0,                        ! No energy decomposition                  
iwrap = 1,                          ! Coordinates of the restart and mdcrd file
                                                                               
! Frozen or restrained atoms                                                   
ibelly = 0,                         ! No frozen atoms                          
ntr=1,                              ! Harmonic potential restraints            
restraint_wt = 0.0005,                ! The weight for the positional restraint
restraintmask = ':1-131@N,CA,C,O|:132',  ! restrained residues                 
                                                                               
! Molecular dynamics                                                           
nstlim = 50000,                     ! Number of MD-steps                       
dt = 0.002,                         ! Time step                                
                                                                               
! Temperature regulation                                                       
ntt = 3,                            ! Langevin thermostat                      
gamma_ln = 5,                       ! Gamma constant for Langevin              
temp0 = 300.0,                      ! Reference T at which the system is to be 
tempi = 300.0,                      ! Initial T                                
ig = -1,                            ! Seed for the RNG                         
                                                                               
! P and V regulation                                                           
ntp = 1,                            ! constant P                               
barostat = 1,                       ! Berendsen barostat                       
taup = 1,                           ! Pressure relaxation time                 
ntb = 2,                            ! Periodic box for constant P              
                                                                               
! SHAKE variables                                                              
ntc = 2,                            ! Bonds involving H are constrained        
ntf = 2,                            ! Bond interaction involving H are ommited.
                                                                               
cut = 10.0,                         ! Nonbonded cutoff                         
/                                                                              
&end                                                                           


Note: ig = -1. Setting random seed to   345036 based on wallclock time in 
      microseconds.
 
|--------------------- INFORMATION ----------------------
| GPU (CUDA) Version of PMEMD in use: NVIDIA GPU IN USE.
|                    Version 16.0.0
| 
|                      02/25/2016
| 
| Implementation by:
|                    Ross C. Walker     (SDSC)
|                    Scott Le Grand     (nVIDIA)
| 
| Precision model in use:
|      [SPFP] - Single Precision Forces, 64-bit Fixed Point
|               Accumulation. (Default)
| 
|--------------------------------------------------------
 
|----------------- CITATION INFORMATION -----------------
|
|    When publishing work that utilized the CUDA version
|    of AMBER, please cite the following in addition to
|    the regular AMBER citations:
|
|  - Romelia Salomon-Ferrer; Andreas W. Goetz; Duncan
|    Poole; Scott Le Grand; Ross C. Walker "Routine
|    microsecond molecular dynamics simulations with
|    AMBER - Part II: Particle Mesh Ewald", J. Chem.
|    Theory Comput., 2013, 9 (9), pp3878-3888,
|    DOI: 10.1021/ct400314y.
|
|  - Andreas W. Goetz; Mark J. Williamson; Dong Xu;
|    Duncan Poole; Scott Le Grand; Ross C. Walker
|    "Routine microsecond molecular dynamics simulations
|    with AMBER - Part I: Generalized Born", J. Chem.
|    Theory Comput., 2012, 8 (5), pp1542-1555.
|
|  - Scott Le Grand; Andreas W. Goetz; Ross C. Walker
|    "SPFP: Speed without compromise - a mixed precision
|    model for GPU accelerated molecular dynamics
|    simulations.", Comp. Phys. Comm., 2013, 184
|    pp374-380, DOI: 10.1016/j.cpc.2012.09.022
|
|--------------------------------------------------------
 
|------------------- GPU DEVICE INFO --------------------
|
|            CUDA_VISIBLE_DEVICES: 1
|   CUDA Capable Devices Detected:      1
|           CUDA Device ID in use:      0
|                CUDA Device Name: GeForce GTX 1060 6GB
|     CUDA Device Global Mem Size:   6072 MB
| CUDA Device Num Multiprocessors:     10
|           CUDA Device Core Freq:   1.76 GHz
|
|--------------------------------------------------------
 
 
| Conditional Compilation Defines Used:
| PUBFFT
| BINTRAJ
| CUDA
| EMIL

| Largest sphere to fit in unit cell has radius =    23.996

| New format PARM file being parsed.
| Version =    1.000 Date = 11/06/18 Time = 18:10:34

| Note: 1-4 EEL scale factors are being read from the topology file.

| Note: 1-4 VDW scale factors are being read from the topology file.
| Duplicated    0 dihedrals

| Duplicated    0 dihedrals

--------------------------------------------------------------------------------
   1.  RESOURCE   USE: 
--------------------------------------------------------------------------------

 getting new box info from bottom of inpcrd
 NATOM  =   15768 NTYPES =      16 NBONH =   14693 MBONA  =    1090
 NTHETH =    2483 MTHETA =    1455 NPHIH =    4974 MPHIA  =    4548
 NHPARM =       0 NPARM  =       0 NNB   =   30050 NRES   =    4667
 NBONA  =    1090 NTHETA =    1455 NPHIA =    4548 NUMBND =      71
 NUMANG =     152 NPTRA  =     186 NATYP =      40 NPHB   =       1
 IFBOX  =       2 NMXRS  =      50 IFCAP =       0 NEXTRA =       0
 NCOPY  =       0

| Coordinate Index Table dimensions:     9    9    9
| Direct force subcell size =     6.5309    6.5309    6.5309

     BOX TYPE: TRUNCATED OCTAHEDRON

--------------------------------------------------------------------------------
   2.  CONTROL  DATA  FOR  THE  RUN
--------------------------------------------------------------------------------

default_name                                                                    

General flags:
     imin    =       0, nmropt  =       0

Nature and format of input:
     ntx     =       5, irest   =       1, ntrx    =       1

Nature and format of output:
     ntxo    =       1, ntpr    =     500, ntrx    =       1, ntwr    =     500
     iwrap   =       1, ntwx    =     500, ntwv    =       0, ntwe    =       0
     ioutfm  =       1, ntwprt  =       0, idecomp =       0, rbornstat=      0

Potential function:
     ntf     =       2, ntb     =       2, igb     =       0, nsnb    =      25
     ipol    =       0, gbsa    =       0, iesp    =       0
     dielc   =   1.00000, cut     =  10.00000, intdiel =   1.00000

Frozen or restrained atoms:
     ibelly  =       0, ntr     =       1
     restraint_wt =   0.00050

Molecular dynamics:
     nstlim  =     50000, nscm    =         0, nrespa  =         1
     t       =   0.00000, dt      =   0.00200, vlimit  =  -1.00000

Langevin dynamics temperature regulation:
     ig      =  345036
     temp0   = 300.00000, tempi   = 300.00000, gamma_ln=   5.00000

Pressure regulation:
     ntp     =       1
     pres0   =   1.00000, comp    =  44.60000, taup    =   1.00000

SHAKE:
     ntc     =       2, jfastw  =       0
     tol     =   0.00001

| Intermolecular bonds treatment:
|     no_intermolecular_bonds =       1

| Energy averages sample interval:
|     ene_avg_sampling =     500

Ewald parameters:
     verbose =       0, ew_type =       0, nbflag  =       1, use_pme =       1
     vdwmeth =       1, eedmeth =       1, netfrc  =       1
     Box X =   58.778   Box Y =   58.778   Box Z =   58.778
     Alpha =  109.471   Beta  =  109.471   Gamma =  109.471
     NFFT1 =   64       NFFT2 =   64       NFFT3 =   64
     Cutoff=   10.000   Tol   =0.100E-04
     Ewald Coefficient =  0.27511
     Interpolation order =    4

    LOADING THE CONSTRAINED ATOMS AS GROUPS


   5.  REFERENCE ATOM COORDINATES

  default_name                                                                    
     Mask :1-131@N,CA,C,O|:132; matches   574 atoms

--------------------------------------------------------------------------------
   3.  ATOMIC COORDINATES AND VELOCITIES
--------------------------------------------------------------------------------

default_name                                                                    
 begin time read from input coords =  7500.000 ps

 
 Number of triangulated 3-point waters found:     4535

     Sum of charges from parm topology file =   0.00200096
     Forcing neutrality...

| Dynamic Memory, Types Used:
| Reals              814055
| Integers           599131

| Nonbonded Pairs Initial Allocation:     4769425

| GPU memory information (estimate):
| KB of GPU memory in use:    127863
| KB of CPU memory in use:     26103

--------------------------------------------------------------------------------
   4.  RESULTS
--------------------------------------------------------------------------------

 ---------------------------------------------------
 APPROXIMATING switch and d/dx switch using CUBIC SPLINE INTERPOLATION
 using   5000.0 points per unit in tabled values
 TESTING RELATIVE ERROR over r ranging from 0.0 to cutoff
| CHECK switch(x): max rel err =   0.2738E-14   at   2.422500
| CHECK d/dx switch(x): max rel err =   0.8314E-11   at   2.736960
 ---------------------------------------------------
|---------------------------------------------------
| APPROXIMATING direct energy using CUBIC SPLINE INTERPOLATION
|  with   50.0 points per unit in tabled values
| Relative Error Limit not exceeded for r .gt.   2.33
| APPROXIMATING direct force using CUBIC SPLINE INTERPOLATION
|  with   50.0 points per unit in tabled values
| Relative Error Limit not exceeded for r .gt.   2.80
|---------------------------------------------------
wrapping first mol.:       19.59672       27.71394       48.00195
wrapping first mol.:       19.59672       27.71394       48.00195

 NSTEP =      500   TIME(PS) =    7501.000  TEMP(K) =   296.15  PRESS =  -397.5
 Etot   =    -38106.0086  EKtot   =      9595.9600  EPtot      =    -47701.9686
 BOND   =       413.0929  ANGLE   =      1047.5105  DIHED      =      1626.2279
 1-4 NB =       484.3199  1-4 EEL =      5589.5870  VDWAALS    =      5099.6332
 EELEC  =    -61962.4080  EHBOND  =         0.0000  RESTRAINT  =         0.0681
 EAMBER (non-restraint)  =    -47702.0367
 EKCMT  =      4026.3582  VIRIAL  =      5368.9928  VOLUME     =    156425.3556
                                                    Density    =         1.0292
 ------------------------------------------------------------------------------

wrapping first mol.:       19.58774       27.70125       47.97996
wrapping first mol.:       19.58774       27.70125       47.97996

 NSTEP =     1000   TIME(PS) =    7502.000  TEMP(K) =   299.42  PRESS =   -12.8
 Etot   =    -37885.5593  EKtot   =      9701.9043  EPtot      =    -47587.4636
 BOND   =       407.6706  ANGLE   =      1068.2726  DIHED      =      1636.8855
 1-4 NB =       469.4114  1-4 EEL =      5618.3964  VDWAALS    =      5132.8832
 EELEC  =    -61921.0616  EHBOND  =         0.0000  RESTRAINT  =         0.0783
 EAMBER (non-restraint)  =    -47587.5420
 EKCMT  =      4110.9708  VIRIAL  =      4154.1210  VOLUME     =    156205.0826
                                                    Density    =         1.0307
 ------------------------------------------------------------------------------

wrapping first mol.:       19.58903       27.70307       47.98313
wrapping first mol.:       19.58903       27.70307       47.98313

 NSTEP =     1500   TIME(PS) =    7503.000  TEMP(K) =   298.88  PRESS =   161.7
 Etot   =    -37988.2602  EKtot   =      9684.4463  EPtot      =    -47672.7065
 BOND   =       405.9437  ANGLE   =      1055.4038  DIHED      =      1602.6873
 1-4 NB =       478.2859  1-4 EEL =      5658.4689  VDWAALS    =      5331.3774
 EELEC  =    -62204.9905  EHBOND  =         0.0000  RESTRAINT  =         0.1170
 EAMBER (non-restraint)  =    -47672.8235
 EKCMT  =      4132.3503  VIRIAL  =      3586.8831  VOLUME     =    156233.5864
                                                    Density    =         1.0305
 ------------------------------------------------------------------------------

wrapping first mol.:       19.57744       27.68668       47.95472
wrapping first mol.:       19.57744       27.68668       47.95472

 NSTEP =     2000   TIME(PS) =    7504.000  TEMP(K) =   300.67  PRESS =    46.8
 Etot   =    -37975.2557  EKtot   =      9742.2012  EPtot      =    -47717.4569
 BOND   =       374.8249  ANGLE   =      1034.4170  DIHED      =      1616.8739
 1-4 NB =       476.7757  1-4 EEL =      5618.6144  VDWAALS    =      5209.6860
 EELEC  =    -62048.7443  EHBOND  =         0.0000  RESTRAINT  =         0.0956
 EAMBER (non-restraint)  =    -47717.5525
 EKCMT  =      4060.4032  VIRIAL  =      3902.7443  VOLUME     =    155957.8965
                                                    Density    =         1.0323
 ------------------------------------------------------------------------------

wrapping first mol.:       19.59260       27.70812       47.99186
wrapping first mol.:       19.59260       27.70812       47.99186

 NSTEP =     2500   TIME(PS) =    7505.000  TEMP(K) =   304.82  PRESS =  -145.5
 Etot   =    -37593.6162  EKtot   =      9876.9385  EPtot      =    -47470.5547
 BOND   =       399.0464  ANGLE   =      1082.1115  DIHED      =      1622.3346
 1-4 NB =       489.6829  1-4 EEL =      5655.5026  VDWAALS    =      5114.3544
 EELEC  =    -61833.6849  EHBOND  =         0.0000  RESTRAINT  =         0.0979
 EAMBER (non-restraint)  =    -47470.6526
 EKCMT  =      4094.4089  VIRIAL  =      4585.4122  VOLUME     =    156323.1704
                                                    Density    =         1.0299
 ------------------------------------------------------------------------------

wrapping first mol.:       19.60785       27.72969       48.02922
wrapping first mol.:       19.60785       27.72969       48.02922

 NSTEP =     3000   TIME(PS) =    7506.000  TEMP(K) =   299.52  PRESS =   -43.1
 Etot   =    -37867.5459  EKtot   =      9705.0605  EPtot      =    -47572.6065
 BOND   =       445.1412  ANGLE   =      1027.6223  DIHED      =      1611.4687
 1-4 NB =       476.2967  1-4 EEL =      5692.0850  VDWAALS    =      5219.9721
 EELEC  =    -62045.3246  EHBOND  =         0.0000  RESTRAINT  =         0.1321
 EAMBER (non-restraint)  =    -47572.7386
 EKCMT  =      4039.2355  VIRIAL  =      4185.1616  VOLUME     =    156687.1445
                                                    Density    =         1.0275
 ------------------------------------------------------------------------------

wrapping first mol.:       19.61624       27.74155       48.04976
wrapping first mol.:       19.61624       27.74155       48.04976

 NSTEP =     3500   TIME(PS) =    7507.000  TEMP(K) =   303.16  PRESS =   253.8
 Etot   =    -37581.7462  EKtot   =      9823.1475  EPtot      =    -47404.8936
 BOND   =       420.5647  ANGLE   =      1069.6907  DIHED      =      1618.3445
 1-4 NB =       477.2492  1-4 EEL =      5646.2139  VDWAALS    =      5211.3759
 EELEC  =    -61848.4433  EHBOND  =         0.0000  RESTRAINT  =         0.1108
 EAMBER (non-restraint)  =    -47405.0044
 EKCMT  =      4075.0248  VIRIAL  =      3215.2559  VOLUME     =    156884.0903
                                                    Density    =         1.0262
 ------------------------------------------------------------------------------

wrapping first mol.:       19.61445       27.73902       48.04540
wrapping first mol.:       19.61445       27.73902       48.04540

 NSTEP =     4000   TIME(PS) =    7508.000  TEMP(K) =   299.82  PRESS =   114.2
 Etot   =    -37945.8107  EKtot   =      9714.6572  EPtot      =    -47660.4680
 BOND   =       434.9183  ANGLE   =      1052.5982  DIHED      =      1622.7901
 1-4 NB =       471.4562  1-4 EEL =      5642.8297  VDWAALS    =      5320.4122
 EELEC  =    -62205.6106  EHBOND  =         0.0000  RESTRAINT  =         0.1380
 EAMBER (non-restraint)  =    -47660.6060
 EKCMT  =      4049.9579  VIRIAL  =      3663.2853  VOLUME     =    156843.2831
                                                    Density    =         1.0265
 ------------------------------------------------------------------------------

wrapping first mol.:       19.59922       27.71748       48.00808
wrapping first mol.:       19.59922       27.71748       48.00808

 NSTEP =     4500   TIME(PS) =    7509.000  TEMP(K) =   295.77  PRESS =  -111.8
 Etot   =    -38155.5242  EKtot   =      9583.4424  EPtot      =    -47738.9666
 BOND   =       398.6948  ANGLE   =      1058.8952  DIHED      =      1612.5279
 1-4 NB =       495.8757  1-4 EEL =      5702.2620  VDWAALS    =      5191.9711
 EELEC  =    -62199.3295  EHBOND  =         0.0000  RESTRAINT  =         0.1360
 EAMBER (non-restraint)  =    -47739.1027
 EKCMT  =      4049.1349  VIRIAL  =      4426.8398  VOLUME     =    156481.2134
                                                    Density    =         1.0288
 ------------------------------------------------------------------------------

wrapping first mol.:       19.59713       27.71452       48.00296
wrapping first mol.:       19.59713       27.71452       48.00296

 NSTEP =     5000   TIME(PS) =    7510.000  TEMP(K) =   298.65  PRESS =   132.3
 Etot   =    -37730.8937  EKtot   =      9676.8535  EPtot      =    -47407.7472
 BOND   =       401.4351  ANGLE   =      1082.4903  DIHED      =      1628.0749
 1-4 NB =       482.9256  1-4 EEL =      5653.0447  VDWAALS    =      5180.9905
 EELEC  =    -61836.8835  EHBOND  =         0.0000  RESTRAINT  =         0.1752
 EAMBER (non-restraint)  =    -47407.9224
 EKCMT  =      4100.0697  VIRIAL  =      3653.2917  VOLUME     =    156427.7478
                                                    Density    =         1.0292
 ------------------------------------------------------------------------------

wrapping first mol.:       19.59782       27.71550       48.00466
wrapping first mol.:       19.59782       27.71550       48.00466

 NSTEP =     5500   TIME(PS) =    7511.000  TEMP(K) =   302.30  PRESS =    84.1
 Etot   =    -37711.5989  EKtot   =      9795.1104  EPtot      =    -47506.7093
 BOND   =       386.0395  ANGLE   =      1076.3267  DIHED      =      1628.1990
 1-4 NB =       464.7979  1-4 EEL =      5658.9982  VDWAALS    =      5126.9339
 EELEC  =    -61848.1304  EHBOND  =         0.0000  RESTRAINT  =         0.1259
 EAMBER (non-restraint)  =    -47506.8351
 EKCMT  =      4103.2229  VIRIAL  =      3819.0053  VOLUME     =    156445.0660
                                                    Density    =         1.0291
 ------------------------------------------------------------------------------

wrapping first mol.:       19.60167       27.72095       48.01409
wrapping first mol.:       19.60167       27.72095       48.01409

 NSTEP =     6000   TIME(PS) =    7512.000  TEMP(K) =   299.63  PRESS =   172.0
 Etot   =    -37940.7732  EKtot   =      9708.7334  EPtot      =    -47649.5066
 BOND   =       383.1052  ANGLE   =      1039.5014  DIHED      =      1614.9232
 1-4 NB =       479.4548  1-4 EEL =      5671.1548  VDWAALS    =      5231.0119
 EELEC  =    -62068.8168  EHBOND  =         0.0000  RESTRAINT  =         0.1590
 EAMBER (non-restraint)  =    -47649.6656
 EKCMT  =      4081.1662  VIRIAL  =      3499.8559  VOLUME     =    156536.0421
                                                    Density    =         1.0285
 ------------------------------------------------------------------------------

wrapping first mol.:       19.60334       27.72331       48.01818
wrapping first mol.:       19.60334       27.72331       48.01818

 NSTEP =     6500   TIME(PS) =    7513.000  TEMP(K) =   302.38  PRESS =   210.1
 Etot   =    -37585.8831  EKtot   =      9797.6260  EPtot      =    -47383.5090
 BOND   =       418.4794  ANGLE   =      1047.9556  DIHED      =      1603.0153
 1-4 NB =       487.2668  1-4 EEL =      5656.5171  VDWAALS    =      5324.0931
 EELEC  =    -61920.9783  EHBOND  =         0.0000  RESTRAINT  =         0.1421
 EAMBER (non-restraint)  =    -47383.6511
 EKCMT  =      4080.2301  VIRIAL  =      3370.0735  VOLUME     =    156575.5017
                                                    Density    =         1.0282
 ------------------------------------------------------------------------------

wrapping first mol.:       19.59819       27.71602       48.00555
wrapping first mol.:       19.59819       27.71602       48.00555

 NSTEP =     7000   TIME(PS) =    7514.000  TEMP(K) =   302.17  PRESS =  -252.0
 Etot   =    -37786.2748  EKtot   =      9791.1055  EPtot      =    -47577.3803
 BOND   =       411.4427  ANGLE   =      1044.2593  DIHED      =      1622.7954
 1-4 NB =       458.7400  1-4 EEL =      5632.1776  VDWAALS    =      5028.6576
 EELEC  =    -61775.6045  EHBOND  =         0.0000  RESTRAINT  =         0.1515
 EAMBER (non-restraint)  =    -47577.5318
 EKCMT  =      4123.4098  VIRIAL  =      4974.6958  VOLUME     =    156458.5182
                                                    Density    =         1.0290
 ------------------------------------------------------------------------------

wrapping first mol.:       19.60357       27.72364       48.01874
wrapping first mol.:       19.60357       27.72364       48.01874

 NSTEP =     7500   TIME(PS) =    7515.000  TEMP(K) =   299.86  PRESS =    80.1
 Etot   =    -37772.0614  EKtot   =      9716.1533  EPtot      =    -47488.2148
 BOND   =       401.2202  ANGLE   =      1042.9124  DIHED      =      1634.2320
 1-4 NB =       483.0603  1-4 EEL =      5675.7314  VDWAALS    =      5232.2088
 EELEC  =    -61957.7311  EHBOND  =         0.0000  RESTRAINT  =         0.1513
 EAMBER (non-restraint)  =    -47488.3660
 EKCMT  =      4092.1310  VIRIAL  =      3821.4066  VOLUME     =    156582.8550
                                                    Density    =         1.0282
 ------------------------------------------------------------------------------

wrapping first mol.:       19.57894       27.68880       47.95840
wrapping first mol.:       19.57894       27.68880       47.95840

 NSTEP =     8000   TIME(PS) =    7516.000  TEMP(K) =   305.39  PRESS =   -52.2
 Etot   =    -37615.0555  EKtot   =      9895.3857  EPtot      =    -47510.4412
 BOND   =       401.4397  ANGLE   =      1077.2008  DIHED      =      1621.4159
 1-4 NB =       481.9328  1-4 EEL =      5680.8257  VDWAALS    =      5137.0066
 EELEC  =    -61910.4097  EHBOND  =         0.0000  RESTRAINT  =         0.1470
 EAMBER (non-restraint)  =    -47510.5883
 EKCMT  =      4106.9870  VIRIAL  =      4282.6361  VOLUME     =    155995.1732
                                                    Density    =         1.0321
 ------------------------------------------------------------------------------

wrapping first mol.:       19.58671       27.69979       47.97744
wrapping first mol.:       19.58671       27.69979       47.97744

 NSTEP =     8500   TIME(PS) =    7517.000  TEMP(K) =   302.68  PRESS =   129.9
 Etot   =    -37656.5499  EKtot   =      9807.5801  EPtot      =    -47464.1300
 BOND   =       398.0881  ANGLE   =      1025.3530  DIHED      =      1614.5694
 1-4 NB =       471.5827  1-4 EEL =      5667.2817  VDWAALS    =      5161.0111
 EELEC  =    -61802.1675  EHBOND  =         0.0000  RESTRAINT  =         0.1514
 EAMBER (non-restraint)  =    -47464.2814
 EKCMT  =      4160.6612  VIRIAL  =      3722.4955  VOLUME     =    156178.4437
                                                    Density    =         1.0308
 ------------------------------------------------------------------------------

wrapping first mol.:       19.57969       27.68986       47.96023
wrapping first mol.:       19.57969       27.68986       47.96023

 NSTEP =     9000   TIME(PS) =    7518.000  TEMP(K) =   301.43  PRESS =  -117.8
 Etot   =    -37797.3941  EKtot   =      9767.0742  EPtot      =    -47564.4683
 BOND   =       434.1765  ANGLE   =      1022.3950  DIHED      =      1602.7591
 1-4 NB =       479.7680  1-4 EEL =      5666.2292  VDWAALS    =      5133.6822
 EELEC  =    -61903.6523  EHBOND  =         0.0000  RESTRAINT  =         0.1739
 EAMBER (non-restraint)  =    -47564.6422
 EKCMT  =      4077.5567  VIRIAL  =      4474.3043  VOLUME     =    156013.9539
                                                    Density    =         1.0319
 ------------------------------------------------------------------------------

wrapping first mol.:       19.60269       27.72238       48.01657
wrapping first mol.:       19.60269       27.72238       48.01657

 NSTEP =     9500   TIME(PS) =    7519.000  TEMP(K) =   301.51  PRESS =  -186.7
 Etot   =    -37800.7942  EKtot   =      9769.6982  EPtot      =    -47570.4925
 BOND   =       396.2623  ANGLE   =      1002.4377  DIHED      =      1616.1865
 1-4 NB =       483.5867  1-4 EEL =      5681.0028  VDWAALS    =      5061.2132
 EELEC  =    -61811.3391  EHBOND  =         0.0000  RESTRAINT  =         0.1574
 EAMBER (non-restraint)  =    -47570.6499
 EKCMT  =      4136.2761  VIRIAL  =      4767.5094  VOLUME     =    156565.3790
                                                    Density    =         1.0283
 ------------------------------------------------------------------------------

wrapping first mol.:       19.58388       27.69578       47.97050
wrapping first mol.:       19.58388       27.69578       47.97050

 NSTEP =    10000   TIME(PS) =    7520.000  TEMP(K) =   298.29  PRESS =  -355.3
 Etot   =    -38000.3980  EKtot   =      9665.3857  EPtot      =    -47665.7837
 BOND   =       403.1695  ANGLE   =      1009.6261  DIHED      =      1600.3010
 1-4 NB =       500.7802  1-4 EEL =      5673.2664  VDWAALS    =      5027.4550
 EELEC  =    -61880.5608  EHBOND  =         0.0000  RESTRAINT  =         0.1788
 EAMBER (non-restraint)  =    -47665.9625
 EKCMT  =      4026.9856  VIRIAL  =      5224.6890  VOLUME     =    156117.4760
                                                    Density    =         1.0312
 ------------------------------------------------------------------------------

wrapping first mol.:       19.59880       27.71689       48.00706
wrapping first mol.:       19.59880       27.71689       48.00706

 NSTEP =    10500   TIME(PS) =    7521.000  TEMP(K) =   298.04  PRESS =   134.2
 Etot   =    -37900.4778  EKtot   =      9657.0566  EPtot      =    -47557.5345
 BOND   =       408.9941  ANGLE   =      1092.4897  DIHED      =      1618.0978
 1-4 NB =       484.6481  1-4 EEL =      5635.3381  VDWAALS    =      5258.6082
 EELEC  =    -62055.9042  EHBOND  =         0.0000  RESTRAINT  =         0.1938
 EAMBER (non-restraint)  =    -47557.7282
 EKCMT  =      4041.9494  VIRIAL  =      3588.6035  VOLUME     =    156467.8777
                                                    Density    =         1.0289
 ------------------------------------------------------------------------------

wrapping first mol.:       19.60846       27.73055       48.03072
wrapping first mol.:       19.60846       27.73055       48.03072

 NSTEP =    11000   TIME(PS) =    7522.000  TEMP(K) =   298.17  PRESS =   434.3
 Etot   =    -38053.2644  EKtot   =      9661.2305  EPtot      =    -47714.4948
 BOND   =       407.6317  ANGLE   =      1071.5270  DIHED      =      1632.9955
 1-4 NB =       483.5266  1-4 EEL =      5646.4174  VDWAALS    =      5465.9750
 EELEC  =    -62422.7521  EHBOND  =         0.0000  RESTRAINT  =         0.1842
 EAMBER (non-restraint)  =    -47714.6790
 EKCMT  =      4043.1797  VIRIAL  =      2573.7946  VOLUME     =    156695.1438
                                                    Density    =         1.0274
 ------------------------------------------------------------------------------

wrapping first mol.:       19.61233       27.73602       48.04019
wrapping first mol.:       19.61233       27.73602       48.04019

 NSTEP =    11500   TIME(PS) =    7523.000  TEMP(K) =   294.54  PRESS =   184.2
 Etot   =    -38039.5838  EKtot   =      9543.8037  EPtot      =    -47583.3876
 BOND   =       419.8446  ANGLE   =      1050.1561  DIHED      =      1602.6084
 1-4 NB =       480.1200  1-4 EEL =      5666.9374  VDWAALS    =      5078.9830
 EELEC  =    -61882.2253  EHBOND  =         0.0000  RESTRAINT  =         0.1882
 EAMBER (non-restraint)  =    -47583.5758
 EKCMT  =      4008.3898  VIRIAL  =      3384.7658  VOLUME     =    156791.2964
                                                    Density    =         1.0268
 ------------------------------------------------------------------------------

wrapping first mol.:       19.60394       27.72416       48.01965
wrapping first mol.:       19.60394       27.72416       48.01965

 NSTEP =    12000   TIME(PS) =    7524.000  TEMP(K) =   298.07  PRESS =  -151.1
 Etot   =    -38038.3371  EKtot   =      9658.0039  EPtot      =    -47696.3411
 BOND   =       407.6866  ANGLE   =      1046.3820  DIHED      =      1639.2118
 1-4 NB =       479.6337  1-4 EEL =      5667.6155  VDWAALS    =      5108.1276
 EELEC  =    -62045.1662  EHBOND  =         0.0000  RESTRAINT  =         0.1679
 EAMBER (non-restraint)  =    -47696.5089
 EKCMT  =      4045.6148  VIRIAL  =      4556.4051  VOLUME     =    156594.9742
                                                    Density    =         1.0281
 ------------------------------------------------------------------------------

wrapping first mol.:       19.57498       27.68321       47.94871
wrapping first mol.:       19.57498       27.68321       47.94871

 NSTEP =    12500   TIME(PS) =    7525.000  TEMP(K) =   295.58  PRESS =    28.3
 Etot   =    -38128.5046  EKtot   =      9577.3623  EPtot      =    -47705.8669
 BOND   =       427.9178  ANGLE   =      1069.6410  DIHED      =      1601.0735
 1-4 NB =       490.4282  1-4 EEL =      5635.1785  VDWAALS    =      5237.4184
 EELEC  =    -62167.7250  EHBOND  =         0.0000  RESTRAINT  =         0.2008
 EAMBER (non-restraint)  =    -47706.0676
 EKCMT  =      4007.7741  VIRIAL  =      3912.3641  VOLUME     =    155899.5263
                                                    Density    =         1.0327
 ------------------------------------------------------------------------------

wrapping first mol.:       19.59431       27.71054       47.99606
wrapping first mol.:       19.59431       27.71054       47.99606

 NSTEP =    13000   TIME(PS) =    7526.000  TEMP(K) =   297.43  PRESS =    98.2
 Etot   =    -38230.5799  EKtot   =      9637.2646  EPtot      =    -47867.8445
 BOND   =       388.9912  ANGLE   =      1046.2596  DIHED      =      1611.9371
 1-4 NB =       471.7943  1-4 EEL =      5678.9785  VDWAALS    =      5406.1192
 EELEC  =    -62472.0924  EHBOND  =         0.0000  RESTRAINT  =         0.1680
 EAMBER (non-restraint)  =    -47868.0125
 EKCMT  =      4023.2005  VIRIAL  =      3691.7739  VOLUME     =    156360.8325
                                                    Density    =         1.0296
 ------------------------------------------------------------------------------

wrapping first mol.:       19.61443       27.73899       48.04533
wrapping first mol.:       19.61443       27.73899       48.04533

 NSTEP =    13500   TIME(PS) =    7527.000  TEMP(K) =   297.95  PRESS =  -130.4
 Etot   =    -38047.7315  EKtot   =      9654.0742  EPtot      =    -47701.8057
 BOND   =       389.3703  ANGLE   =      1040.0163  DIHED      =      1618.4611
 1-4 NB =       480.4482  1-4 EEL =      5650.8655  VDWAALS    =      5185.3039
 EELEC  =    -62066.4151  EHBOND  =         0.0000  RESTRAINT  =         0.1440
 EAMBER (non-restraint)  =    -47701.9497
 EKCMT  =      4015.0283  VIRIAL  =      4456.6222  VOLUME     =    156846.0566
                                                    Density    =         1.0265
 ------------------------------------------------------------------------------

wrapping first mol.:       19.61263       27.73644       48.04092
wrapping first mol.:       19.61263       27.73644       48.04092

 NSTEP =    14000   TIME(PS) =    7528.000  TEMP(K) =   302.77  PRESS =   -28.1
 Etot   =    -37779.9217  EKtot   =      9810.3076  EPtot      =    -47590.2293
 BOND   =       427.0125  ANGLE   =      1039.2774  DIHED      =      1611.0548
 1-4 NB =       500.4183  1-4 EEL =      5645.9669  VDWAALS    =      5190.5260
 EELEC  =    -62004.6582  EHBOND  =         0.0000  RESTRAINT  =         0.1730
 EAMBER (non-restraint)  =    -47590.4024
 EKCMT  =      4098.2836  VIRIAL  =      4193.4502  VOLUME     =    156801.4224
                                                    Density    =         1.0267
 ------------------------------------------------------------------------------

wrapping first mol.:       19.63068       27.76197       48.08514
wrapping first mol.:       19.63068       27.76197       48.08514

 NSTEP =    14500   TIME(PS) =    7529.000  TEMP(K) =   295.79  PRESS =   173.2
 Etot   =    -37846.5646  EKtot   =      9584.1816  EPtot      =    -47430.7463
 BOND   =       382.3702  ANGLE   =      1088.6491  DIHED      =      1618.8091
 1-4 NB =       483.8011  1-4 EEL =      5642.5131  VDWAALS    =      5191.6834
 EELEC  =    -61838.7572  EHBOND  =         0.0000  RESTRAINT  =         0.1849
 EAMBER (non-restraint)  =    -47430.9312
 EKCMT  =      3989.8938  VIRIAL  =      3401.9235  VOLUME     =    157232.0009
                                                    Density    =         1.0239
 ------------------------------------------------------------------------------

wrapping first mol.:       19.59610       27.71307       48.00044
wrapping first mol.:       19.59610       27.71307       48.00044

 NSTEP =    15000   TIME(PS) =    7530.000  TEMP(K) =   296.34  PRESS =  -225.6
 Etot   =    -37997.9003  EKtot   =      9601.9727  EPtot      =    -47599.8729
 BOND   =       415.1639  ANGLE   =      1016.0595  DIHED      =      1619.3401
 1-4 NB =       477.0404  1-4 EEL =      5672.0562  VDWAALS    =      5148.6764
 EELEC  =    -61948.3844  EHBOND  =         0.0000  RESTRAINT  =         0.1749
 EAMBER (non-restraint)  =    -47600.0478
 EKCMT  =      3963.1592  VIRIAL  =      4724.9006  VOLUME     =    156408.1506
                                                    Density    =         1.0293
 ------------------------------------------------------------------------------

wrapping first mol.:       19.57940       27.68946       47.95954
wrapping first mol.:       19.57940       27.68946       47.95954

 NSTEP =    15500   TIME(PS) =    7531.000  TEMP(K) =   300.44  PRESS =  -136.9
 Etot   =    -37785.7415  EKtot   =      9734.8418  EPtot      =    -47520.5833
 BOND   =       443.4781  ANGLE   =      1069.0986  DIHED      =      1608.0486
 1-4 NB =       485.3224  1-4 EEL =      5613.8644  VDWAALS    =      5207.7537
 EELEC  =    -61948.3323  EHBOND  =         0.0000  RESTRAINT  =         0.1834
 EAMBER (non-restraint)  =    -47520.7666
 EKCMT  =      4104.6345  VIRIAL  =      4565.6677  VOLUME     =    156007.4377
                                                    Density    =         1.0320
 ------------------------------------------------------------------------------

wrapping first mol.:       19.57715       27.68627       47.95402
wrapping first mol.:       19.57715       27.68627       47.95402

 NSTEP =    16000   TIME(PS) =    7532.000  TEMP(K) =   303.64  PRESS =    69.0
 Etot   =    -37780.6158  EKtot   =      9838.7412  EPtot      =    -47619.3570
 BOND   =       425.6970  ANGLE   =      1040.8009  DIHED      =      1613.9987
 1-4 NB =       488.8288  1-4 EEL =      5622.8979  VDWAALS    =      5232.5073
 EELEC  =    -62044.2666  EHBOND  =         0.0000  RESTRAINT  =         0.1791
 EAMBER (non-restraint)  =    -47619.5361
 EKCMT  =      4168.6655  VIRIAL  =      3936.3265  VOLUME     =    155950.6975
                                                    Density    =         1.0323
 ------------------------------------------------------------------------------

wrapping first mol.:       19.59432       27.71055       47.99608
wrapping first mol.:       19.59432       27.71055       47.99608

 NSTEP =    16500   TIME(PS) =    7533.000  TEMP(K) =   304.75  PRESS =   180.2
 Etot   =    -37677.3437  EKtot   =      9874.4746  EPtot      =    -47551.8183
 BOND   =       410.9822  ANGLE   =      1063.7058  DIHED      =      1604.8208
 1-4 NB =       474.3104  1-4 EEL =      5636.1290  VDWAALS    =      5117.2329
 EELEC  =    -61859.1566  EHBOND  =         0.0000  RESTRAINT  =         0.1572
 EAMBER (non-restraint)  =    -47551.9755
 EKCMT  =      4102.2714  VIRIAL  =      3494.0790  VOLUME     =    156359.8536
                                                    Density    =         1.0296
 ------------------------------------------------------------------------------

wrapping first mol.:       19.60239       27.72197       48.01586
wrapping first mol.:       19.60239       27.72197       48.01586

 NSTEP =    17000   TIME(PS) =    7534.000  TEMP(K) =   296.73  PRESS =  -237.8
 Etot   =    -37929.7816  EKtot   =      9614.8252  EPtot      =    -47544.6068
 BOND   =       425.3497  ANGLE   =      1048.3557  DIHED      =      1602.6505
 1-4 NB =       471.2885  1-4 EEL =      5643.6011  VDWAALS    =      5127.8183
 EELEC  =    -61863.8385  EHBOND  =         0.0000  RESTRAINT  =         0.1680
 EAMBER (non-restraint)  =    -47544.7748
 EKCMT  =      3994.8446  VIRIAL  =      4798.7787  VOLUME     =    156559.0813
                                                    Density    =         1.0283
 ------------------------------------------------------------------------------

wrapping first mol.:       19.60711       27.72865       48.02742
wrapping first mol.:       19.60711       27.72865       48.02742

 NSTEP =    17500   TIME(PS) =    7535.000  TEMP(K) =   299.77  PRESS =  -105.4
 Etot   =    -37886.4134  EKtot   =      9713.2002  EPtot      =    -47599.6136
 BOND   =       379.3610  ANGLE   =      1027.8722  DIHED      =      1616.7879
 1-4 NB =       481.1039  1-4 EEL =      5639.8687  VDWAALS    =      5223.6953
 EELEC  =    -61968.4772  EHBOND  =         0.0000  RESTRAINT  =         0.1746
 EAMBER (non-restraint)  =    -47599.7882
 EKCMT  =      4066.6036  VIRIAL  =      4423.2591  VOLUME     =    156670.3511
                                                    Density    =         1.0276
 ------------------------------------------------------------------------------

wrapping first mol.:       19.60941       27.73189       48.03304
wrapping first mol.:       19.60941       27.73189       48.03304

 NSTEP =    18000   TIME(PS) =    7536.000  TEMP(K) =   304.84  PRESS =  -196.5
 Etot   =    -37775.4188  EKtot   =      9877.3516  EPtot      =    -47652.7704
 BOND   =       388.0510  ANGLE   =      1069.4894  DIHED      =      1623.0170
 1-4 NB =       480.5069  1-4 EEL =      5629.8156  VDWAALS    =      5204.1322
 EELEC  =    -62047.9585  EHBOND  =         0.0000  RESTRAINT  =         0.1760
 EAMBER (non-restraint)  =    -47652.9464
 EKCMT  =      4167.2177  VIRIAL  =      4832.0986  VOLUME     =    156726.6855
                                                    Density    =         1.0272
 ------------------------------------------------------------------------------

wrapping first mol.:       19.58442       27.69656       47.97184
wrapping first mol.:       19.58442       27.69656       47.97184

 NSTEP =    18500   TIME(PS) =    7537.000  TEMP(K) =   296.65  PRESS =  -142.1
 Etot   =    -38046.5366  EKtot   =      9612.0234  EPtot      =    -47658.5600
 BOND   =       423.3365  ANGLE   =      1039.0446  DIHED      =      1610.8192
 1-4 NB =       474.9792  1-4 EEL =      5651.6430  VDWAALS    =      5164.6566
 EELEC  =    -62023.2042  EHBOND  =         0.0000  RESTRAINT  =         0.1651
 EAMBER (non-restraint)  =    -47658.7251
 EKCMT  =      4095.9004  VIRIAL  =      4574.8399  VOLUME     =    156127.5963
                                                    Density    =         1.0312
 ------------------------------------------------------------------------------

wrapping first mol.:       19.60255       27.72219       48.01625
wrapping first mol.:       19.60255       27.72219       48.01625

 NSTEP =    19000   TIME(PS) =    7538.000  TEMP(K) =   297.77  PRESS =    47.0
 Etot   =    -38152.7183  EKtot   =      9648.4199  EPtot      =    -47801.1382
 BOND   =       389.7922  ANGLE   =      1046.7368  DIHED      =      1597.4628
 1-4 NB =       481.4320  1-4 EEL =      5654.2924  VDWAALS    =      5179.6931
 EELEC  =    -62150.7167  EHBOND  =         0.0000  RESTRAINT  =         0.1692
 EAMBER (non-restraint)  =    -47801.3074
 EKCMT  =      4070.0936  VIRIAL  =      3911.3268  VOLUME     =    156558.9118
                                                    Density    =         1.0283
 ------------------------------------------------------------------------------

wrapping first mol.:       19.60032       27.71903       48.01077
wrapping first mol.:       19.60032       27.71903       48.01077

 NSTEP =    19500   TIME(PS) =    7539.000  TEMP(K) =   300.77  PRESS =   346.9
 Etot   =    -37755.8562  EKtot   =      9745.5977  EPtot      =    -47501.4538
 BOND   =       425.2861  ANGLE   =      1010.4241  DIHED      =      1602.2623
 1-4 NB =       483.0886  1-4 EEL =      5669.3334  VDWAALS    =      5239.5457
 EELEC  =    -61931.5666  EHBOND  =         0.0000  RESTRAINT  =         0.1727
 EAMBER (non-restraint)  =    -47501.6265
 EKCMT  =      3999.1066  VIRIAL  =      2826.8096  VOLUME     =    156501.1810
                                                    Density    =         1.0287
 ------------------------------------------------------------------------------

wrapping first mol.:       19.61451       27.73911       48.04554
wrapping first mol.:       19.61451       27.73911       48.04554

 NSTEP =    20000   TIME(PS) =    7540.000  TEMP(K) =   299.84  PRESS =    74.7
 Etot   =    -37986.4876  EKtot   =      9715.3721  EPtot      =    -47701.8596
 BOND   =       387.8653  ANGLE   =      1072.4757  DIHED      =      1607.9555
 1-4 NB =       470.4249  1-4 EEL =      5626.5867  VDWAALS    =      5234.1150
 EELEC  =    -62101.4556  EHBOND  =         0.0000  RESTRAINT  =         0.1728
 EAMBER (non-restraint)  =    -47702.0324
 EKCMT  =      4085.2327  VIRIAL  =      3832.2599  VOLUME     =    156845.2029
                                                    Density    =         1.0265
 ------------------------------------------------------------------------------

wrapping first mol.:       19.60460       27.72509       48.02126
wrapping first mol.:       19.60460       27.72509       48.02126

 NSTEP =    20500   TIME(PS) =    7541.000  TEMP(K) =   296.91  PRESS =   -24.4
 Etot   =    -38011.7554  EKtot   =      9620.6455  EPtot      =    -47632.4009
 BOND   =       387.8504  ANGLE   =      1107.2183  DIHED      =      1611.8044
 1-4 NB =       481.1680  1-4 EEL =      5623.7228  VDWAALS    =      5236.4730
 EELEC  =    -62080.8103  EHBOND  =         0.0000  RESTRAINT  =         0.1726
 EAMBER (non-restraint)  =    -47632.5735
 EKCMT  =      4096.2593  VIRIAL  =      4178.8445  VOLUME     =    156608.9778
                                                    Density    =         1.0280
 ------------------------------------------------------------------------------

wrapping first mol.:       19.59053       27.70519       47.98679
wrapping first mol.:       19.59053       27.70519       47.98679

 NSTEP =    21000   TIME(PS) =    7542.000  TEMP(K) =   299.88  PRESS =   150.9
 Etot   =    -37989.7468  EKtot   =      9716.8320  EPtot      =    -47706.5788
 BOND   =       406.9705  ANGLE   =      1020.1893  DIHED      =      1618.4066
 1-4 NB =       493.5970  1-4 EEL =      5620.0156  VDWAALS    =      5224.4762
 EELEC  =    -62090.4530  EHBOND  =         0.0000  RESTRAINT  =         0.2190
 EAMBER (non-restraint)  =    -47706.7979
 EKCMT  =      4108.4013  VIRIAL  =      3599.1277  VOLUME     =    156269.4634
                                                    Density    =         1.0302
 ------------------------------------------------------------------------------

wrapping first mol.:       19.59030       27.70487       47.98624
wrapping first mol.:       19.59030       27.70487       47.98624

 NSTEP =    21500   TIME(PS) =    7543.000  TEMP(K) =   301.01  PRESS =    -1.0
 Etot   =    -37941.6035  EKtot   =      9753.2988  EPtot      =    -47694.9023
 BOND   =       405.5119  ANGLE   =      1069.9206  DIHED      =      1616.9371
 1-4 NB =       459.8635  1-4 EEL =      5634.8486  VDWAALS    =      5272.5039
 EELEC  =    -62154.6960  EHBOND  =         0.0000  RESTRAINT  =         0.2081
 EAMBER (non-restraint)  =    -47695.1104
 EKCMT  =      4047.2971  VIRIAL  =      4050.6927  VOLUME     =    156266.2588
                                                    Density    =         1.0303
 ------------------------------------------------------------------------------

wrapping first mol.:       19.59578       27.71261       47.99965
wrapping first mol.:       19.59578       27.71261       47.99965

 NSTEP =    22000   TIME(PS) =    7544.000  TEMP(K) =   297.06  PRESS =     6.0
 Etot   =    -38112.8995  EKtot   =      9625.3955  EPtot      =    -47738.2950
 BOND   =       408.1656  ANGLE   =      1036.9735  DIHED      =      1615.9494
 1-4 NB =       479.3351  1-4 EEL =      5667.5104  VDWAALS    =      5253.1584
 EELEC  =    -62199.5999  EHBOND  =         0.0000  RESTRAINT  =         0.2125
 EAMBER (non-restraint)  =    -47738.5076
 EKCMT  =      4069.3017  VIRIAL  =      4049.0853  VOLUME     =    156397.2254
                                                    Density    =         1.0294
 ------------------------------------------------------------------------------

wrapping first mol.:       19.58587       27.69861       47.97539
wrapping first mol.:       19.58587       27.69861       47.97539

 NSTEP =    22500   TIME(PS) =    7545.000  TEMP(K) =   299.67  PRESS =    73.6
 Etot   =    -37904.7923  EKtot   =      9710.0918  EPtot      =    -47614.8840
 BOND   =       417.5971  ANGLE   =      1064.6768  DIHED      =      1603.7842
 1-4 NB =       476.2093  1-4 EEL =      5671.8350  VDWAALS    =      5224.2779
 EELEC  =    -62073.5164  EHBOND  =         0.0000  RESTRAINT  =         0.2521
 EAMBER (non-restraint)  =    -47615.1361
 EKCMT  =      4075.9137  VIRIAL  =      3827.8084  VOLUME     =    156159.2709
                                                    Density    =         1.0310
 ------------------------------------------------------------------------------

wrapping first mol.:       19.59045       27.70508       47.98661
wrapping first mol.:       19.59045       27.70508       47.98661

 NSTEP =    23000   TIME(PS) =    7546.000  TEMP(K) =   300.53  PRESS =   373.7
 Etot   =    -37786.5570  EKtot   =      9737.7939  EPtot      =    -47524.3510
 BOND   =       393.7200  ANGLE   =      1078.9020  DIHED      =      1634.1136
 1-4 NB =       495.1990  1-4 EEL =      5693.6400  VDWAALS    =      5285.8072
 EELEC  =    -62105.9526  EHBOND  =         0.0000  RESTRAINT  =         0.2198
 EAMBER (non-restraint)  =    -47524.5708
 EKCMT  =      4099.4176  VIRIAL  =      2838.6038  VOLUME     =    156264.5975
                                                    Density    =         1.0303
 ------------------------------------------------------------------------------

wrapping first mol.:       19.59040       27.70501       47.98649
wrapping first mol.:       19.59040       27.70501       47.98649

 NSTEP =    23500   TIME(PS) =    7547.000  TEMP(K) =   299.67  PRESS =   623.9
 Etot   =    -37943.4315  EKtot   =      9710.0049  EPtot      =    -47653.4364
 BOND   =       407.9368  ANGLE   =      1058.0370  DIHED      =      1624.9743
 1-4 NB =       451.3533  1-4 EEL =      5628.3894  VDWAALS    =      5424.6272
 EELEC  =    -62248.9821  EHBOND  =         0.0000  RESTRAINT  =         0.2277
 EAMBER (non-restraint)  =    -47653.6641
 EKCMT  =      4045.1006  VIRIAL  =      1940.3068  VOLUME     =    156259.9452
                                                    Density    =         1.0303
 ------------------------------------------------------------------------------

wrapping first mol.:       19.60292       27.72271       48.01715
wrapping first mol.:       19.60292       27.72271       48.01715

 NSTEP =    24000   TIME(PS) =    7548.000  TEMP(K) =   301.69  PRESS =   -40.3
 Etot   =    -37902.6892  EKtot   =      9775.3672  EPtot      =    -47678.0564
 BOND   =       438.9604  ANGLE   =      1053.2047  DIHED      =      1616.6349
 1-4 NB =       466.8980  1-4 EEL =      5631.2445  VDWAALS    =      5178.4280
 EELEC  =    -62063.6494  EHBOND  =         0.0000  RESTRAINT  =         0.2225
 EAMBER (non-restraint)  =    -47678.2788
 EKCMT  =      4081.6870  VIRIAL  =      4217.8241  VOLUME     =    156568.9278
                                                    Density    =         1.0283
 ------------------------------------------------------------------------------

wrapping first mol.:       19.58524       27.69771       47.97384
wrapping first mol.:       19.58524       27.69771       47.97384

 NSTEP =    24500   TIME(PS) =    7549.000  TEMP(K) =   302.77  PRESS =   210.4
 Etot   =    -37855.1665  EKtot   =      9810.4854  EPtot      =    -47665.6519
 BOND   =       408.8206  ANGLE   =      1095.2145  DIHED      =      1609.2344
 1-4 NB =       491.8497  1-4 EEL =      5627.3853  VDWAALS    =      5215.0772
 EELEC  =    -62113.4847  EHBOND  =         0.0000  RESTRAINT  =         0.2512
 EAMBER (non-restraint)  =    -47665.9030
 EKCMT  =      4139.9200  VIRIAL  =      3430.6904  VOLUME     =    156142.1955
                                                    Density    =         1.0311
 ------------------------------------------------------------------------------

wrapping first mol.:       19.56096       27.66337       47.91436
wrapping first mol.:       19.56096       27.66337       47.91436

 NSTEP =    25000   TIME(PS) =    7550.000  TEMP(K) =   297.92  PRESS =   -66.3
 Etot   =    -38107.3019  EKtot   =      9653.2158  EPtot      =    -47760.5178
 BOND   =       385.5363  ANGLE   =      1055.8707  DIHED      =      1616.8264
 1-4 NB =       464.0612  1-4 EEL =      5610.9564  VDWAALS    =      5192.1016
 EELEC  =    -62086.1044  EHBOND  =         0.0000  RESTRAINT  =         0.2340
 EAMBER (non-restraint)  =    -47760.7518
 EKCMT  =      3996.0070  VIRIAL  =      4218.7694  VOLUME     =    155565.9874
                                                    Density    =         1.0349
 ------------------------------------------------------------------------------

wrapping first mol.:       19.58341       27.69512       47.96935
wrapping first mol.:       19.58341       27.69512       47.96935

 NSTEP =    25500   TIME(PS) =    7551.000  TEMP(K) =   295.24  PRESS =  -187.2
 Etot   =    -38174.0052  EKtot   =      9566.5547  EPtot      =    -47740.5599
 BOND   =       428.8959  ANGLE   =      1029.6447  DIHED      =      1606.3409
 1-4 NB =       464.4456  1-4 EEL =      5648.7863  VDWAALS    =      5200.4423
 EELEC  =    -62119.3131  EHBOND  =         0.0000  RESTRAINT  =         0.1975
 EAMBER (non-restraint)  =    -47740.7573
 EKCMT  =      4019.2435  VIRIAL  =      4650.0414  VOLUME     =    156103.8833
                                                    Density    =         1.0313
 ------------------------------------------------------------------------------

wrapping first mol.:       19.58776       27.70127       47.98001
wrapping first mol.:       19.58776       27.70127       47.98001

 NSTEP =    26000   TIME(PS) =    7552.000  TEMP(K) =   299.44  PRESS =   277.3
 Etot   =    -37864.4783  EKtot   =      9702.4502  EPtot      =    -47566.9285
 BOND   =       440.3651  ANGLE   =      1038.1386  DIHED      =      1626.2795
 1-4 NB =       481.2049  1-4 EEL =      5584.5333  VDWAALS    =      5270.3467
 EELEC  =    -62008.0416  EHBOND  =         0.0000  RESTRAINT  =         0.2451
 EAMBER (non-restraint)  =    -47567.1736
 EKCMT  =      4042.0750  VIRIAL  =      3106.9908  VOLUME     =    156201.4792
                                                    Density    =         1.0307
 ------------------------------------------------------------------------------

wrapping first mol.:       19.59895       27.71710       48.00742
wrapping first mol.:       19.59895       27.71710       48.00742

 NSTEP =    26500   TIME(PS) =    7553.000  TEMP(K) =   303.02  PRESS =  -128.9
 Etot   =    -37742.1568  EKtot   =      9818.3682  EPtot      =    -47560.5250
 BOND   =       374.2098  ANGLE   =      1037.0222  DIHED      =      1589.0958
 1-4 NB =       488.8194  1-4 EEL =      5622.5005  VDWAALS    =      5080.6717
 EELEC  =    -61753.0653  EHBOND  =         0.0000  RESTRAINT  =         0.2209
 EAMBER (non-restraint)  =    -47560.7459
 EKCMT  =      4081.9379  VIRIAL  =      4517.5489  VOLUME     =    156475.0025
                                                    Density    =         1.0289
 ------------------------------------------------------------------------------

wrapping first mol.:       19.60132       27.72045       48.01322
wrapping first mol.:       19.60132       27.72045       48.01322

 NSTEP =    27000   TIME(PS) =    7554.000  TEMP(K) =   301.54  PRESS =  -154.9
 Etot   =    -37812.7265  EKtot   =      9770.3975  EPtot      =    -47583.1240
 BOND   =       392.1277  ANGLE   =      1061.7838  DIHED      =      1592.5521
 1-4 NB =       484.0612  1-4 EEL =      5644.8630  VDWAALS    =      5283.5322
 EELEC  =    -62042.2837  EHBOND  =         0.0000  RESTRAINT  =         0.2398
 EAMBER (non-restraint)  =    -47583.3638
 EKCMT  =      4123.9764  VIRIAL  =      4647.4792  VOLUME     =    156532.1623
                                                    Density    =         1.0285
 ------------------------------------------------------------------------------

wrapping first mol.:       19.59823       27.71609       48.00567
wrapping first mol.:       19.59823       27.71609       48.00567

 NSTEP =    27500   TIME(PS) =    7555.000  TEMP(K) =   299.45  PRESS =    22.2
 Etot   =    -37909.9211  EKtot   =      9702.9033  EPtot      =    -47612.8244
 BOND   =       411.5026  ANGLE   =      1044.0276  DIHED      =      1613.2050
 1-4 NB =       479.1818  1-4 EEL =      5650.8213  VDWAALS    =      5207.1394
 EELEC  =    -62018.9869  EHBOND  =         0.0000  RESTRAINT  =         0.2848
 EAMBER (non-restraint)  =    -47613.1093
 EKCMT  =      4031.6718  VIRIAL  =      3956.8091  VOLUME     =    156455.7842
                                                    Density    =         1.0290
 ------------------------------------------------------------------------------

wrapping first mol.:       19.59833       27.71623       48.00591
wrapping first mol.:       19.59833       27.71623       48.00591

 NSTEP =    28000   TIME(PS) =    7556.000  TEMP(K) =   302.49  PRESS =   357.1
 Etot   =    -37781.9374  EKtot   =      9801.4365  EPtot      =    -47583.3740
 BOND   =       425.0009  ANGLE   =      1026.8181  DIHED      =      1612.8661
 1-4 NB =       473.2445  1-4 EEL =      5692.4931  VDWAALS    =      5298.1345
 EELEC  =    -62112.2689  EHBOND  =         0.0000  RESTRAINT  =         0.3376
 EAMBER (non-restraint)  =    -47583.7116
 EKCMT  =      4069.8513  VIRIAL  =      2863.5178  VOLUME     =    156453.5107
                                                    Density    =         1.0290
 ------------------------------------------------------------------------------

wrapping first mol.:       19.58058       27.69113       47.96243
wrapping first mol.:       19.58058       27.69113       47.96243

 NSTEP =    28500   TIME(PS) =    7557.000  TEMP(K) =   301.44  PRESS =  -180.1
 Etot   =    -37923.7657  EKtot   =      9767.3252  EPtot      =    -47691.0909
 BOND   =       377.8531  ANGLE   =      1063.9137  DIHED      =      1625.9164
 1-4 NB =       478.1627  1-4 EEL =      5663.2772  VDWAALS    =      5174.1050
 EELEC  =    -62074.6558  EHBOND  =         0.0000  RESTRAINT  =         0.3367
 EAMBER (non-restraint)  =    -47691.4276
 EKCMT  =      4116.4715  VIRIAL  =      4723.3233  VOLUME     =    156036.2813
                                                    Density    =         1.0318
 ------------------------------------------------------------------------------

wrapping first mol.:       19.60292       27.72271       48.01715
wrapping first mol.:       19.60292       27.72271       48.01715

 NSTEP =    29000   TIME(PS) =    7558.000  TEMP(K) =   300.76  PRESS =  -217.2
 Etot   =    -37950.2144  EKtot   =      9745.2451  EPtot      =    -47695.4596
 BOND   =       396.3368  ANGLE   =      1039.7806  DIHED      =      1623.5399
 1-4 NB =       481.6261  1-4 EEL =      5638.8350  VDWAALS    =      5113.3472
 EELEC  =    -61989.2839  EHBOND  =         0.0000  RESTRAINT  =         0.3588
 EAMBER (non-restraint)  =    -47695.8183
 EKCMT  =      4104.8941  VIRIAL  =      4839.1905  VOLUME     =    156571.3929
                                                    Density    =         1.0283
 ------------------------------------------------------------------------------

wrapping first mol.:       19.61135       27.73464       48.03781
wrapping first mol.:       19.61135       27.73464       48.03781

 NSTEP =    29500   TIME(PS) =    7559.000  TEMP(K) =   302.70  PRESS =   406.9
 Etot   =    -37766.7750  EKtot   =      9808.0303  EPtot      =    -47574.8053
 BOND   =       411.4185  ANGLE   =      1070.9060  DIHED      =      1621.7868
 1-4 NB =       478.3785  1-4 EEL =      5678.1410  VDWAALS    =      5287.8031
 EELEC  =    -62123.6264  EHBOND  =         0.0000  RESTRAINT  =         0.3873
 EAMBER (non-restraint)  =    -47575.1926
 EKCMT  =      4132.0936  VIRIAL  =      2754.7481  VOLUME     =    156764.8620
                                                    Density    =         1.0270
 ------------------------------------------------------------------------------

wrapping first mol.:       19.60050       27.71930       48.01123
wrapping first mol.:       19.60050       27.71930       48.01123

 NSTEP =    30000   TIME(PS) =    7560.000  TEMP(K) =   298.40  PRESS =    15.7
 Etot   =    -37975.2232  EKtot   =      9668.8389  EPtot      =    -47644.0621
 BOND   =       388.1220  ANGLE   =      1068.3309  DIHED      =      1635.0636
 1-4 NB =       491.1336  1-4 EEL =      5707.7835  VDWAALS    =      5248.9194
 EELEC  =    -62183.8282  EHBOND  =         0.0000  RESTRAINT  =         0.4131
 EAMBER (non-restraint)  =    -47644.4752
 EKCMT  =      3994.4674  VIRIAL  =      3941.5255  VOLUME     =    156510.2603
                                                    Density    =         1.0287
 ------------------------------------------------------------------------------

wrapping first mol.:       19.61139       27.73470       48.03790
wrapping first mol.:       19.61139       27.73470       48.03790

 NSTEP =    30500   TIME(PS) =    7561.000  TEMP(K) =   303.36  PRESS =  -112.0
 Etot   =    -37710.2778  EKtot   =      9829.6357  EPtot      =    -47539.9136
 BOND   =       385.7998  ANGLE   =      1066.4012  DIHED      =      1631.2655
 1-4 NB =       469.5716  1-4 EEL =      5656.7503  VDWAALS    =      5153.2073
 EELEC  =    -61903.3754  EHBOND  =         0.0000  RESTRAINT  =         0.4660
 EAMBER (non-restraint)  =    -47540.3796
 EKCMT  =      4094.6399  VIRIAL  =      4473.7988  VOLUME     =    156773.0144
                                                    Density    =         1.0269
 ------------------------------------------------------------------------------

wrapping first mol.:       19.60932       27.73177       48.03283
wrapping first mol.:       19.60932       27.73177       48.03283

 NSTEP =    31000   TIME(PS) =    7562.000  TEMP(K) =   300.62  PRESS =   167.9
 Etot   =    -37847.5722  EKtot   =      9740.6680  EPtot      =    -47588.2401
 BOND   =       396.3227  ANGLE   =      1085.0613  DIHED      =      1621.3776
 1-4 NB =       470.8769  1-4 EEL =      5635.3075  VDWAALS    =      5073.6091
 EELEC  =    -61871.2292  EHBOND  =         0.0000  RESTRAINT  =         0.4341
 EAMBER (non-restraint)  =    -47588.6743
 EKCMT  =      4061.1933  VIRIAL  =      3493.1429  VOLUME     =    156719.5366
                                                    Density    =         1.0273
 ------------------------------------------------------------------------------

wrapping first mol.:       19.60486       27.72546       48.02190
wrapping first mol.:       19.60486       27.72546       48.02190

 NSTEP =    31500   TIME(PS) =    7563.000  TEMP(K) =   297.84  PRESS =  -259.8
 Etot   =    -37824.8119  EKtot   =      9650.5615  EPtot      =    -47475.3734
 BOND   =       398.0805  ANGLE   =      1069.9084  DIHED      =      1631.6260
 1-4 NB =       481.8038  1-4 EEL =      5670.9319  VDWAALS    =      5094.4432
 EELEC  =    -61822.5863  EHBOND  =         0.0000  RESTRAINT  =         0.4191
 EAMBER (non-restraint)  =    -47475.7925
 EKCMT  =      3965.3210  VIRIAL  =      4843.9400  VOLUME     =    156618.4755
                                                    Density    =         1.0279
 ------------------------------------------------------------------------------

wrapping first mol.:       19.58108       27.69183       47.96365
wrapping first mol.:       19.58108       27.69183       47.96365

 NSTEP =    32000   TIME(PS) =    7564.000  TEMP(K) =   297.66  PRESS =    37.9
 Etot   =    -37836.1404  EKtot   =      9644.8701  EPtot      =    -47481.0105
 BOND   =       406.5345  ANGLE   =      1071.3381  DIHED      =      1631.6669
 1-4 NB =       485.9267  1-4 EEL =      5690.5818  VDWAALS    =      5087.4891
 EELEC  =    -61854.9456  EHBOND  =         0.0000  RESTRAINT  =         0.3979
 EAMBER (non-restraint)  =    -47481.4084
 EKCMT  =      4079.9248  VIRIAL  =      3952.2887  VOLUME     =    156045.1471
                                                    Density    =         1.0317
 ------------------------------------------------------------------------------

wrapping first mol.:       19.59600       27.71293       48.00021
wrapping first mol.:       19.59600       27.71293       48.00021

 NSTEP =    32500   TIME(PS) =    7565.000  TEMP(K) =   299.42  PRESS =  -224.7
 Etot   =    -37999.4254  EKtot   =      9701.8818  EPtot      =    -47701.3073
 BOND   =       389.4911  ANGLE   =      1048.6412  DIHED      =      1633.8909
 1-4 NB =       480.3936  1-4 EEL =      5654.8591  VDWAALS    =      5049.2145
 EELEC  =    -61958.2647  EHBOND  =         0.0000  RESTRAINT  =         0.4671
 EAMBER (non-restraint)  =    -47701.7744
 EKCMT  =      4106.9275  VIRIAL  =      4865.6641  VOLUME     =    156405.8525
                                                    Density    =         1.0293
 ------------------------------------------------------------------------------

wrapping first mol.:       19.58580       27.69850       47.97521
wrapping first mol.:       19.58580       27.69850       47.97521

 NSTEP =    33000   TIME(PS) =    7566.000  TEMP(K) =   300.14  PRESS =   -52.9
 Etot   =    -37884.9679  EKtot   =      9725.0469  EPtot      =    -47610.0148
 BOND   =       414.6402  ANGLE   =      1042.8853  DIHED      =      1615.3356
 1-4 NB =       480.6854  1-4 EEL =      5680.1794  VDWAALS    =      5136.2453
 EELEC  =    -61980.4615  EHBOND  =         0.0000  RESTRAINT  =         0.4755
 EAMBER (non-restraint)  =    -47610.4903
 EKCMT  =      4071.7897  VIRIAL  =      4250.2676  VOLUME     =    156159.2042
                                                    Density    =         1.0310
 ------------------------------------------------------------------------------

wrapping first mol.:       19.57787       27.68728       47.95578
wrapping first mol.:       19.57787       27.68728       47.95578

 NSTEP =    33500   TIME(PS) =    7567.000  TEMP(K) =   296.86  PRESS =   522.5
 Etot   =    -37891.9367  EKtot   =      9619.0225  EPtot      =    -47510.9591
 BOND   =       422.1581  ANGLE   =      1028.9218  DIHED      =      1623.6842
 1-4 NB =       478.8548  1-4 EEL =      5660.8856  VDWAALS    =      5369.6795
 EELEC  =    -62095.6039  EHBOND  =         0.0000  RESTRAINT  =         0.4609
 EAMBER (non-restraint)  =    -47511.4200
 EKCMT  =      4029.1046  VIRIAL  =      2269.6872  VOLUME     =    155961.5829
                                                    Density    =         1.0323
 ------------------------------------------------------------------------------

wrapping first mol.:       19.59325       27.70904       47.99346
wrapping first mol.:       19.59325       27.70904       47.99346

 NSTEP =    34000   TIME(PS) =    7568.000  TEMP(K) =   300.81  PRESS =   257.5
 Etot   =    -37889.9456  EKtot   =      9746.8057  EPtot      =    -47636.7513
 BOND   =       431.9039  ANGLE   =      1043.3262  DIHED      =      1616.6992
 1-4 NB =       473.8337  1-4 EEL =      5668.3083  VDWAALS    =      5211.4070
 EELEC  =    -62082.7098  EHBOND  =         0.0000  RESTRAINT  =         0.4803
 EAMBER (non-restraint)  =    -47637.2316
 EKCMT  =      4107.7816  VIRIAL  =      3238.5702  VOLUME     =    156333.1565
                                                    Density    =         1.0298
 ------------------------------------------------------------------------------

wrapping first mol.:       19.60362       27.72371       48.01887
wrapping first mol.:       19.60362       27.72371       48.01887

 NSTEP =    34500   TIME(PS) =    7569.000  TEMP(K) =   298.61  PRESS =   116.0
 Etot   =    -37963.0106  EKtot   =      9675.5449  EPtot      =    -47638.5556
 BOND   =       389.3298  ANGLE   =      1093.3500  DIHED      =      1622.5573
 1-4 NB =       481.3962  1-4 EEL =      5668.0383  VDWAALS    =      5142.6903
 EELEC  =    -62036.3356  EHBOND  =         0.0000  RESTRAINT  =         0.4181
 EAMBER (non-restraint)  =    -47638.9736
 EKCMT  =      4004.9450  VIRIAL  =      3612.7897  VOLUME     =    156583.5753
                                                    Density    =         1.0282
 ------------------------------------------------------------------------------

wrapping first mol.:       19.60279       27.72254       48.01684
wrapping first mol.:       19.60279       27.72254       48.01684

 NSTEP =    35000   TIME(PS) =    7570.000  TEMP(K) =   305.22  PRESS =    21.0
 Etot   =    -37584.6997  EKtot   =      9889.8320  EPtot      =    -47474.5317
 BOND   =       394.7118  ANGLE   =      1088.0758  DIHED      =      1623.1227
 1-4 NB =       479.6447  1-4 EEL =      5698.0100  VDWAALS    =      5083.7672
 EELEC  =    -61842.2316  EHBOND  =         0.0000  RESTRAINT  =         0.3677
 EAMBER (non-restraint)  =    -47474.8994
 EKCMT  =      4152.7622  VIRIAL  =      4081.6499  VOLUME     =    156565.0641
                                                    Density    =         1.0283
 ------------------------------------------------------------------------------

wrapping first mol.:       19.59575       27.71257       47.99958
wrapping first mol.:       19.59575       27.71257       47.99958

 NSTEP =    35500   TIME(PS) =    7571.000  TEMP(K) =   298.15  PRESS =  -213.4
 Etot   =    -38106.0363  EKtot   =      9660.7109  EPtot      =    -47766.7472
 BOND   =       405.2386  ANGLE   =      1041.2378  DIHED      =      1623.1766
 1-4 NB =       482.1554  1-4 EEL =      5672.3678  VDWAALS    =      5197.1243
 EELEC  =    -62188.4456  EHBOND  =         0.0000  RESTRAINT  =         0.3979
 EAMBER (non-restraint)  =    -47767.1451
 EKCMT  =      4002.9621  VIRIAL  =      4723.6166  VOLUME     =    156399.5926
                                                    Density    =         1.0294
 ------------------------------------------------------------------------------

wrapping first mol.:       19.61860       27.74490       48.05557
wrapping first mol.:       19.61860       27.74490       48.05557

 NSTEP =    36000   TIME(PS) =    7572.000  TEMP(K) =   297.31  PRESS =    31.9
 Etot   =    -37941.6874  EKtot   =      9633.4844  EPtot      =    -47575.1718
 BOND   =       412.9181  ANGLE   =      1039.8340  DIHED      =      1623.0149
 1-4 NB =       471.9113  1-4 EEL =      5646.5679  VDWAALS    =      5311.8373
 EELEC  =    -62081.7239  EHBOND  =         0.0000  RESTRAINT  =         0.4686
 EAMBER (non-restraint)  =    -47575.6404
 EKCMT  =      4009.6991  VIRIAL  =      3901.5538  VOLUME     =    156944.0447
                                                    Density    =         1.0258
 ------------------------------------------------------------------------------

wrapping first mol.:       19.61145       27.73477       48.03803
wrapping first mol.:       19.61145       27.73477       48.03803

 NSTEP =    36500   TIME(PS) =    7573.000  TEMP(K) =   299.62  PRESS =   203.1
 Etot   =    -37974.6744  EKtot   =      9708.1846  EPtot      =    -47682.8589
 BOND   =       395.2566  ANGLE   =      1075.6530  DIHED      =      1601.0971
 1-4 NB =       475.9844  1-4 EEL =      5628.8609  VDWAALS    =      5310.7791
 EELEC  =    -62170.9597  EHBOND  =         0.0000  RESTRAINT  =         0.4697
 EAMBER (non-restraint)  =    -47683.3287
 EKCMT  =      4009.0918  VIRIAL  =      3321.4700  VOLUME     =    156769.9424
                                                    Density    =         1.0270
 ------------------------------------------------------------------------------

wrapping first mol.:       19.62187       27.74951       48.06355
wrapping first mol.:       19.62187       27.74951       48.06355

 NSTEP =    37000   TIME(PS) =    7574.000  TEMP(K) =   300.52  PRESS =  -113.3
 Etot   =    -37927.6085  EKtot   =      9737.3877  EPtot      =    -47664.9962
 BOND   =       367.8304  ANGLE   =      1104.1808  DIHED      =      1615.5582
 1-4 NB =       474.0815  1-4 EEL =      5618.0597  VDWAALS    =      5210.2490
 EELEC  =    -62055.4311  EHBOND  =         0.0000  RESTRAINT  =         0.4753
 EAMBER (non-restraint)  =    -47665.4715
 EKCMT  =      4107.6014  VIRIAL  =      4491.7705  VOLUME     =    157024.3427
                                                    Density    =         1.0253
 ------------------------------------------------------------------------------

wrapping first mol.:       19.61077       27.73382       48.03637
wrapping first mol.:       19.61077       27.73382       48.03637

 NSTEP =    37500   TIME(PS) =    7575.000  TEMP(K) =   302.74  PRESS =  -120.2
 Etot   =    -37800.1617  EKtot   =      9809.5088  EPtot      =    -47609.6705
 BOND   =       405.3340  ANGLE   =      1091.2483  DIHED      =      1602.1736
 1-4 NB =       474.7125  1-4 EEL =      5612.4706  VDWAALS    =      5028.0438
 EELEC  =    -61824.0802  EHBOND  =         0.0000  RESTRAINT  =         0.4269
 EAMBER (non-restraint)  =    -47610.0973
 EKCMT  =      4090.4041  VIRIAL  =      4497.2727  VOLUME     =    156758.2073
                                                    Density    =         1.0270
 ------------------------------------------------------------------------------

wrapping first mol.:       19.57849       27.68816       47.95729
wrapping first mol.:       19.57849       27.68816       47.95729

 NSTEP =    38000   TIME(PS) =    7576.000  TEMP(K) =   295.12  PRESS =   -56.0
 Etot   =    -38144.9030  EKtot   =      9562.4902  EPtot      =    -47707.3932
 BOND   =       402.7589  ANGLE   =      1050.0197  DIHED      =      1606.3117
 1-4 NB =       480.0766  1-4 EEL =      5628.2370  VDWAALS    =      5136.0287
 EELEC  =    -62011.2011  EHBOND  =         0.0000  RESTRAINT  =         0.3751
 EAMBER (non-restraint)  =    -47707.7683
 EKCMT  =      4056.9364  VIRIAL  =      4245.5062  VOLUME     =    155984.3934
                                                    Density    =         1.0321
 ------------------------------------------------------------------------------

wrapping first mol.:       19.57571       27.68424       47.95050
wrapping first mol.:       19.57571       27.68424       47.95050

 NSTEP =    38500   TIME(PS) =    7577.000  TEMP(K) =   298.81  PRESS =   159.1
 Etot   =    -38027.1225  EKtot   =      9682.0732  EPtot      =    -47709.1957
 BOND   =       433.0678  ANGLE   =      1029.1813  DIHED      =      1614.2987
 1-4 NB =       482.5050  1-4 EEL =      5655.5981  VDWAALS    =      5266.7655
 EELEC  =    -62190.9632  EHBOND  =         0.0000  RESTRAINT  =         0.3510
 EAMBER (non-restraint)  =    -47709.5468
 EKCMT  =      4081.6769  VIRIAL  =      3546.2435  VOLUME     =    155915.1303
                                                    Density    =         1.0326
 ------------------------------------------------------------------------------

wrapping first mol.:       19.60463       27.72513       48.02134
wrapping first mol.:       19.60463       27.72513       48.02134

 NSTEP =    39000   TIME(PS) =    7578.000  TEMP(K) =   299.65  PRESS =   374.2
 Etot   =    -37861.7871  EKtot   =      9709.2051  EPtot      =    -47570.9922
 BOND   =       398.6460  ANGLE   =      1072.0113  DIHED      =      1612.0534
 1-4 NB =       480.7693  1-4 EEL =      5642.5845  VDWAALS    =      5253.3444
 EELEC  =    -62030.7496  EHBOND  =         0.0000  RESTRAINT  =         0.3484
 EAMBER (non-restraint)  =    -47571.3407
 EKCMT  =      4042.3930  VIRIAL  =      2777.1147  VOLUME     =    156604.1357
                                                    Density    =         1.0280
 ------------------------------------------------------------------------------

wrapping first mol.:       19.58597       27.69875       47.97563
wrapping first mol.:       19.58597       27.69875       47.97563

 NSTEP =    39500   TIME(PS) =    7579.000  TEMP(K) =   294.23  PRESS =   392.8
 Etot   =    -38078.3571  EKtot   =      9533.6816  EPtot      =    -47612.0387
 BOND   =       416.8039  ANGLE   =      1036.5816  DIHED      =      1597.0405
 1-4 NB =       474.9709  1-4 EEL =      5656.1996  VDWAALS    =      5370.3818
 EELEC  =    -62164.4211  EHBOND  =         0.0000  RESTRAINT  =         0.4041
 EAMBER (non-restraint)  =    -47612.4428
 EKCMT  =      4026.5561  VIRIAL  =      2702.1585  VOLUME     =    156157.1819
                                                    Density    =         1.0310
 ------------------------------------------------------------------------------

wrapping first mol.:       19.61174       27.73518       48.03874
wrapping first mol.:       19.61174       27.73518       48.03874

 NSTEP =    40000   TIME(PS) =    7580.000  TEMP(K) =   299.53  PRESS =  -180.8
 Etot   =    -37791.1444  EKtot   =      9705.3418  EPtot      =    -47496.4862
 BOND   =       401.8757  ANGLE   =      1096.0331  DIHED      =      1604.9503
 1-4 NB =       476.2631  1-4 EEL =      5652.2937  VDWAALS    =      5197.1823
 EELEC  =    -61925.4744  EHBOND  =         0.0000  RESTRAINT  =         0.3899
 EAMBER (non-restraint)  =    -47496.8762
 EKCMT  =      4024.1738  VIRIAL  =      4636.0886  VOLUME     =    156782.2172
                                                    Density    =         1.0269
 ------------------------------------------------------------------------------

wrapping first mol.:       19.61108       27.73425       48.03713
wrapping first mol.:       19.61108       27.73425       48.03713

 NSTEP =    40500   TIME(PS) =    7581.000  TEMP(K) =   301.09  PRESS =  -146.5
 Etot   =    -37793.1297  EKtot   =      9756.0420  EPtot      =    -47549.1717
 BOND   =       435.4544  ANGLE   =      1083.2242  DIHED      =      1609.5567
 1-4 NB =       488.1307  1-4 EEL =      5651.9504  VDWAALS    =      5117.5314
 EELEC  =    -61935.4018  EHBOND  =         0.0000  RESTRAINT  =         0.3821
 EAMBER (non-restraint)  =    -47549.5539
 EKCMT  =      4133.7033  VIRIAL  =      4629.4846  VOLUME     =    156765.9664
                                                    Density    =         1.0270
 ------------------------------------------------------------------------------

wrapping first mol.:       19.60346       27.72348       48.01848
wrapping first mol.:       19.60346       27.72348       48.01848

 NSTEP =    41000   TIME(PS) =    7582.000  TEMP(K) =   303.93  PRESS =  -101.2
 Etot   =    -37738.9475  EKtot   =      9848.0918  EPtot      =    -47587.0393
 BOND   =       426.2155  ANGLE   =      1062.0338  DIHED      =      1608.2115
 1-4 NB =       466.6344  1-4 EEL =      5639.9347  VDWAALS    =      5155.3255
 EELEC  =    -61945.8234  EHBOND  =         0.0000  RESTRAINT  =         0.4287
 EAMBER (non-restraint)  =    -47587.4680
 EKCMT  =      4155.5270  VIRIAL  =      4497.6247  VOLUME     =    156582.7865
                                                    Density    =         1.0282
 ------------------------------------------------------------------------------

wrapping first mol.:       19.59571       27.71252       47.99950
wrapping first mol.:       19.59571       27.71252       47.99950

 NSTEP =    41500   TIME(PS) =    7583.000  TEMP(K) =   301.85  PRESS =  -128.7
 Etot   =    -37607.4364  EKtot   =      9780.6523  EPtot      =    -47388.0888
 BOND   =       403.5643  ANGLE   =      1090.5949  DIHED      =      1633.9994
 1-4 NB =       486.2690  1-4 EEL =      5663.2327  VDWAALS    =      5095.0184
 EELEC  =    -61761.1966  EHBOND  =         0.0000  RESTRAINT  =         0.4291
 EAMBER (non-restraint)  =    -47388.5178
 EKCMT  =      4139.2115  VIRIAL  =      4573.8253  VOLUME     =    156397.5848
                                                    Density    =         1.0294
 ------------------------------------------------------------------------------

wrapping first mol.:       19.59406       27.71018       47.99544
wrapping first mol.:       19.59406       27.71018       47.99544

 NSTEP =    42000   TIME(PS) =    7584.000  TEMP(K) =   300.22  PRESS =   101.0
 Etot   =    -37897.1846  EKtot   =      9727.7012  EPtot      =    -47624.8858
 BOND   =       421.5238  ANGLE   =      1058.1858  DIHED      =      1611.8452
 1-4 NB =       476.6884  1-4 EEL =      5678.6331  VDWAALS    =      5205.4742
 EELEC  =    -62077.6627  EHBOND  =         0.0000  RESTRAINT  =         0.4265
 EAMBER (non-restraint)  =    -47625.3123
 EKCMT  =      4073.1352  VIRIAL  =      3732.2953  VOLUME     =    156354.7593
                                                    Density    =         1.0297
 ------------------------------------------------------------------------------

wrapping first mol.:       19.58445       27.69660       47.97191
wrapping first mol.:       19.58445       27.69660       47.97191

 NSTEP =    42500   TIME(PS) =    7585.000  TEMP(K) =   300.16  PRESS =  -156.1
 Etot   =    -38019.9688  EKtot   =      9725.7686  EPtot      =    -47745.7373
 BOND   =       411.5397  ANGLE   =      1035.2742  DIHED      =      1608.0159
 1-4 NB =       478.1550  1-4 EEL =      5634.0980  VDWAALS    =      5139.4312
 EELEC  =    -62052.7158  EHBOND  =         0.0000  RESTRAINT  =         0.4645
 EAMBER (non-restraint)  =    -47746.2018
 EKCMT  =      4057.2445  VIRIAL  =      4583.4166  VOLUME     =    156128.4691
                                                    Density    =         1.0312
 ------------------------------------------------------------------------------

wrapping first mol.:       19.60343       27.72344       48.01840
wrapping first mol.:       19.60343       27.72344       48.01840

 NSTEP =    43000   TIME(PS) =    7586.000  TEMP(K) =   302.72  PRESS =    -7.9
 Etot   =    -38019.3934  EKtot   =      9808.8301  EPtot      =    -47828.2235
 BOND   =       409.1509  ANGLE   =      1049.6476  DIHED      =      1629.0045
 1-4 NB =       479.4064  1-4 EEL =      5621.5493  VDWAALS    =      5261.7351
 EELEC  =    -62279.1148  EHBOND  =         0.0000  RESTRAINT  =         0.3976
 EAMBER (non-restraint)  =    -47828.6210
 EKCMT  =      4089.1855  VIRIAL  =      4115.9284  VOLUME     =    156580.7272
                                                    Density    =         1.0282
 ------------------------------------------------------------------------------

wrapping first mol.:       19.60721       27.72878       48.02765
wrapping first mol.:       19.60721       27.72878       48.02765

 NSTEP =    43500   TIME(PS) =    7587.000  TEMP(K) =   299.23  PRESS =   -40.3
 Etot   =    -37887.8544  EKtot   =      9695.8232  EPtot      =    -47583.6776
 BOND   =       439.5816  ANGLE   =      1075.8131  DIHED      =      1608.2195
 1-4 NB =       478.6415  1-4 EEL =      5646.7213  VDWAALS    =      5229.0884
 EELEC  =    -62062.1549  EHBOND  =         0.0000  RESTRAINT  =         0.4119
 EAMBER (non-restraint)  =    -47584.0895
 EKCMT  =      4053.9017  VIRIAL  =      4190.3121  VOLUME     =    156671.7444
                                                    Density    =         1.0276
 ------------------------------------------------------------------------------

wrapping first mol.:       19.59185       27.70707       47.99004
wrapping first mol.:       19.59185       27.70707       47.99004

 NSTEP =    44000   TIME(PS) =    7588.000  TEMP(K) =   301.56  PRESS =   116.1
 Etot   =    -38007.4051  EKtot   =      9771.3330  EPtot      =    -47778.7381
 BOND   =       417.6117  ANGLE   =      1074.9140  DIHED      =      1622.3703
 1-4 NB =       485.4399  1-4 EEL =      5651.5731  VDWAALS    =      5192.3804
 EELEC  =    -62223.4785  EHBOND  =         0.0000  RESTRAINT  =         0.4511
 EAMBER (non-restraint)  =    -47779.1891
 EKCMT  =      4066.7946  VIRIAL  =      3675.0869  VOLUME     =    156301.7631
                                                    Density    =         1.0300
 ------------------------------------------------------------------------------

wrapping first mol.:       19.58354       27.69530       47.96967
wrapping first mol.:       19.58354       27.69530       47.96967

 NSTEP =    44500   TIME(PS) =    7589.000  TEMP(K) =   300.96  PRESS =    93.9
 Etot   =    -37834.1116  EKtot   =      9751.8486  EPtot      =    -47585.9602
 BOND   =       405.6115  ANGLE   =      1071.3810  DIHED      =      1606.8225
 1-4 NB =       476.6826  1-4 EEL =      5615.2830  VDWAALS    =      5154.0208
 EELEC  =    -61916.2341  EHBOND  =         0.0000  RESTRAINT  =         0.4724
 EAMBER (non-restraint)  =    -47586.4327
 EKCMT  =      4081.0195  VIRIAL  =      3764.5226  VOLUME     =    156103.1198
                                                    Density    =         1.0313
 ------------------------------------------------------------------------------

wrapping first mol.:       19.57157       27.67837       47.94034
wrapping first mol.:       19.57157       27.67837       47.94034

 NSTEP =    45000   TIME(PS) =    7590.000  TEMP(K) =   300.32  PRESS =  -226.3
 Etot   =    -37786.5274  EKtot   =      9731.1074  EPtot      =    -47517.6348
 BOND   =       414.4299  ANGLE   =      1047.3959  DIHED      =      1629.6354
 1-4 NB =       479.5084  1-4 EEL =      5638.8540  VDWAALS    =      5089.5970
 EELEC  =    -61817.5076  EHBOND  =         0.0000  RESTRAINT  =         0.4522
 EAMBER (non-restraint)  =    -47518.0870
 EKCMT  =      4046.1346  VIRIAL  =      4807.4222  VOLUME     =    155821.4241
                                                    Density    =         1.0332
 ------------------------------------------------------------------------------

wrapping first mol.:       19.58215       27.69334       47.96626
wrapping first mol.:       19.58215       27.69334       47.96626

 NSTEP =    45500   TIME(PS) =    7591.000  TEMP(K) =   296.18  PRESS =   238.0
 Etot   =    -38034.1333  EKtot   =      9596.8223  EPtot      =    -47630.9556
 BOND   =       400.2189  ANGLE   =      1046.7458  DIHED      =      1626.8797
 1-4 NB =       475.9847  1-4 EEL =      5655.4661  VDWAALS    =      5140.0580
 EELEC  =    -61976.7709  EHBOND  =         0.0000  RESTRAINT  =         0.4622
 EAMBER (non-restraint)  =    -47631.4178
 EKCMT  =      3938.3695  VIRIAL  =      3136.5260  VOLUME     =    156067.8347
                                                    Density    =         1.0316
 ------------------------------------------------------------------------------

wrapping first mol.:       19.61427       27.73877       48.04495
wrapping first mol.:       19.61427       27.73877       48.04495

 NSTEP =    46000   TIME(PS) =    7592.000  TEMP(K) =   301.79  PRESS =    70.2
 Etot   =    -37855.0328  EKtot   =      9778.5420  EPtot      =    -47633.5748
 BOND   =       384.5647  ANGLE   =      1072.2392  DIHED      =      1602.1211
 1-4 NB =       473.5550  1-4 EEL =      5680.5033  VDWAALS    =      5189.0606
 EELEC  =    -62036.0911  EHBOND  =         0.0000  RESTRAINT  =         0.4723
 EAMBER (non-restraint)  =    -47634.0471
 EKCMT  =      4127.9626  VIRIAL  =      3890.4004  VOLUME     =    156839.5608
                                                    Density    =         1.0265
 ------------------------------------------------------------------------------

wrapping first mol.:       19.60199       27.72140       48.01487
wrapping first mol.:       19.60199       27.72140       48.01487

 NSTEP =    46500   TIME(PS) =    7593.000  TEMP(K) =   302.28  PRESS =   -58.0
 Etot   =    -37800.5562  EKtot   =      9794.4551  EPtot      =    -47595.0113
 BOND   =       385.7148  ANGLE   =      1082.0850  DIHED      =      1619.7347
 1-4 NB =       486.0345  1-4 EEL =      5644.8799  VDWAALS    =      5235.0117
 EELEC  =    -62048.9389  EHBOND  =         0.0000  RESTRAINT  =         0.4671
 EAMBER (non-restraint)  =    -47595.4784
 EKCMT  =      4117.0834  VIRIAL  =      4313.1873  VOLUME     =    156546.9252
                                                    Density    =         1.0284
 ------------------------------------------------------------------------------

wrapping first mol.:       19.60363       27.72372       48.01889
wrapping first mol.:       19.60363       27.72372       48.01889

 NSTEP =    47000   TIME(PS) =    7594.000  TEMP(K) =   300.39  PRESS =   202.2
 Etot   =    -37751.0497  EKtot   =      9733.1689  EPtot      =    -47484.2186
 BOND   =       395.5404  ANGLE   =      1069.6924  DIHED      =      1644.8189
 1-4 NB =       462.3696  1-4 EEL =      5608.6419  VDWAALS    =      5104.5479
 EELEC  =    -61770.2361  EHBOND  =         0.0000  RESTRAINT  =         0.4063
 EAMBER (non-restraint)  =    -47484.6249
 EKCMT  =      4111.5759  VIRIAL  =      3427.9465  VOLUME     =    156582.6538
                                                    Density    =         1.0282
 ------------------------------------------------------------------------------

wrapping first mol.:       19.60172       27.72101       48.01420
wrapping first mol.:       19.60172       27.72101       48.01420

 NSTEP =    47500   TIME(PS) =    7595.000  TEMP(K) =   298.36  PRESS =  -172.4
 Etot   =    -37888.3020  EKtot   =      9667.5674  EPtot      =    -47555.8694
 BOND   =       435.5876  ANGLE   =      1093.6548  DIHED      =      1615.9457
 1-4 NB =       483.0023  1-4 EEL =      5631.4084  VDWAALS    =      5215.5803
 EELEC  =    -62031.5237  EHBOND  =         0.0000  RESTRAINT  =         0.4752
 EAMBER (non-restraint)  =    -47556.3446
 EKCMT  =      4106.6910  VIRIAL  =      4689.5430  VOLUME     =    156541.9590
                                                    Density    =         1.0284
 ------------------------------------------------------------------------------

wrapping first mol.:       19.59445       27.71073       47.99639
wrapping first mol.:       19.59445       27.71073       47.99639

 NSTEP =    48000   TIME(PS) =    7596.000  TEMP(K) =   300.68  PRESS =   179.3
 Etot   =    -37989.3852  EKtot   =      9742.8018  EPtot      =    -47732.1869
 BOND   =       390.0437  ANGLE   =      1039.9509  DIHED      =      1619.5465
 1-4 NB =       483.4883  1-4 EEL =      5650.8176  VDWAALS    =      5208.1752
 EELEC  =    -62124.6916  EHBOND  =         0.0000  RESTRAINT  =         0.4825
 EAMBER (non-restraint)  =    -47732.6694
 EKCMT  =      4076.6955  VIRIAL  =      3471.2274  VOLUME     =    156362.9371
                                                    Density    =         1.0296
 ------------------------------------------------------------------------------

wrapping first mol.:       19.60538       27.72620       48.02318
wrapping first mol.:       19.60538       27.72620       48.02318

 NSTEP =    48500   TIME(PS) =    7597.000  TEMP(K) =   299.78  PRESS =    69.0
 Etot   =    -37784.3951  EKtot   =      9713.4590  EPtot      =    -47497.8541
 BOND   =       403.1519  ANGLE   =      1031.3562  DIHED      =      1608.5773
 1-4 NB =       480.6387  1-4 EEL =      5699.3546  VDWAALS    =      5291.1935
 EELEC  =    -62012.6306  EHBOND  =         0.0000  RESTRAINT  =         0.5044
 EAMBER (non-restraint)  =    -47498.3584
 EKCMT  =      4116.9962  VIRIAL  =      3883.7411  VOLUME     =    156626.4736
                                                    Density    =         1.0279
 ------------------------------------------------------------------------------

wrapping first mol.:       19.62086       27.74809       48.06110
wrapping first mol.:       19.62086       27.74809       48.06110

 NSTEP =    49000   TIME(PS) =    7598.000  TEMP(K) =   296.92  PRESS =  -166.6
 Etot   =    -37907.0974  EKtot   =      9620.7812  EPtot      =    -47527.8787
 BOND   =       400.2949  ANGLE   =      1074.4511  DIHED      =      1623.0248
 1-4 NB =       476.5766  1-4 EEL =      5652.9515  VDWAALS    =      5117.4766
 EELEC  =    -61873.1773  EHBOND  =         0.0000  RESTRAINT  =         0.5230
 EAMBER (non-restraint)  =    -47528.4017
 EKCMT  =      4087.1111  VIRIAL  =      4651.9659  VOLUME     =    157001.0660
                                                    Density    =         1.0254
 ------------------------------------------------------------------------------

wrapping first mol.:       19.61996       27.74681       48.05889
wrapping first mol.:       19.61996       27.74681       48.05889

 NSTEP =    49500   TIME(PS) =    7599.000  TEMP(K) =   297.84  PRESS =   204.5
 Etot   =    -37814.9603  EKtot   =      9650.5137  EPtot      =    -47465.4740
 BOND   =       390.4743  ANGLE   =      1062.2774  DIHED      =      1614.5644
 1-4 NB =       479.4699  1-4 EEL =      5643.1701  VDWAALS    =      5219.7888
 EELEC  =    -61875.7946  EHBOND  =         0.0000  RESTRAINT  =         0.5758
 EAMBER (non-restraint)  =    -47466.0498
 EKCMT  =      4042.6148  VIRIAL  =      3349.6350  VOLUME     =    156974.1737
                                                    Density    =         1.0256
 ------------------------------------------------------------------------------

wrapping first mol.:       19.60656       27.72786       48.02606
wrapping first mol.:       19.60656       27.72786       48.02606

 NSTEP =    50000   TIME(PS) =    7600.000  TEMP(K) =   301.76  PRESS =    18.3
 Etot   =    -37624.9356  EKtot   =      9777.8145  EPtot      =    -47402.7501
 BOND   =       407.1574  ANGLE   =      1051.7248  DIHED      =      1642.4731
 1-4 NB =       475.3159  1-4 EEL =      5665.0475  VDWAALS    =      5176.2291
 EELEC  =    -61821.2106  EHBOND  =         0.0000  RESTRAINT  =         0.5127
 EAMBER (non-restraint)  =    -47403.2628
 EKCMT  =      4124.0268  VIRIAL  =      4062.1425  VOLUME     =    156655.3071
                                                    Density    =         1.0277
 ------------------------------------------------------------------------------


      A V E R A G E S   O V E R     100 S T E P S


 NSTEP =    50000   TIME(PS) =    7600.000  TEMP(K) =   299.88  PRESS =    26.8
 Etot   =    -37889.2201  EKtot   =      9716.8231  EPtot      =    -47606.0432
 BOND   =       406.6197  ANGLE   =      1056.8255  DIHED      =      1616.6960
 1-4 NB =       479.0460  1-4 EEL =      5650.8283  VDWAALS    =      5195.7009
 EELEC  =    -62012.0508  EHBOND  =         0.0000  RESTRAINT  =         0.2912
 EAMBER (non-restraint)  =    -47606.3344
 EKCMT  =      4071.6444  VIRIAL  =      3981.0246  VOLUME     =    156443.5976
                                                    Density    =         1.0291
 ------------------------------------------------------------------------------


      R M S  F L U C T U A T I O N S


 NSTEP =    50000   TIME(PS) =    7600.000  TEMP(K) =     2.51  PRESS =   194.8
 Etot   =       145.2507  EKtot   =        81.1704  EPtot      =       100.6425
 BOND   =        17.1528  ANGLE   =        22.4661  DIHED      =        11.1638
 1-4 NB =         8.2293  1-4 EEL =        24.3460  VDWAALS    =        85.5482
 EELEC  =       140.1583  EHBOND  =         0.0000  RESTRAINT  =         0.1376
 EAMBER (non-restraint)  =       100.5049
 EKCMT  =        47.8734  VIRIAL  =       662.4314  VOLUME     =       305.7346
                                                    Density    =         0.0020
 ------------------------------------------------------------------------------

--------------------------------------------------------------------------------
   5.  TIMINGS
--------------------------------------------------------------------------------

|  NonSetup CPU Time in Major Routines:
|
|     Routine           Sec        %
|     ------------------------------
|     Nonbond          99.91   89.42
|     Bond              0.00    0.00
|     Angle             0.00    0.00
|     Dihedral          0.00    0.00
|     Shake             0.35    0.31
|     RunMD            11.44   10.24
|     Other             0.04    0.03
|     ------------------------------
|     Total           111.74

|  PME Nonbond Pairlist CPU Time:
|
|     Routine              Sec        %
|     ---------------------------------
|     Set Up Cit           0.00    0.00
|     Build List           0.00    0.00
|     ---------------------------------
|     Total                0.00    0.00

|  PME Direct Force CPU Time:
|
|     Routine              Sec        %
|     ---------------------------------
|     NonBonded Calc       0.00    0.00
|     Exclude Masked       0.00    0.00
|     Other                0.01    0.01
|     ---------------------------------
|     Total                0.01    0.01

|  PME Reciprocal Force CPU Time:
|
|     Routine              Sec        %
|     ---------------------------------
|     1D bspline           0.00    0.00
|     Grid Charges         0.00    0.00
|     Scalar Sum           0.00    0.00
|     Gradient Sum         0.00    0.00
|     FFT                  0.00    0.00
|     ---------------------------------
|     Total                0.00    0.00

|  Final Performance Info:
|     -----------------------------------------------------
|     Average timings for last   23000 steps:
|     Elapsed(s) =      51.38 Per Step(ms) =       2.23
|         ns/day =      77.35   seconds/ns =    1117.06
|
|     Average timings for all steps:
|     Elapsed(s) =     111.73 Per Step(ms) =       2.23
|         ns/day =      77.33   seconds/ns =    1117.32
|     -----------------------------------------------------

|  Setup CPU time:            0.47 seconds
|  NonSetup CPU time:       111.74 seconds
|  Total CPU time:          112.20 seconds     0.03 hours

|  Setup wall time:           1    seconds
|  NonSetup wall time:      112    seconds
|  Total wall time:         113    seconds     0.03 hours
