
          -------------------------------------------------------
          Amber 16 PMEMD                              2016
          -------------------------------------------------------

| PMEMD implementation of SANDER, Release 16

| Run on 07/16/2018 at 13:47:48

|   Executable path: pmemd.cuda
| Working directory: /home/german/lbp/run/2w9y/mhe/e
|          Hostname: Unknown
  [-O]verwriting output

File Assignments:
|   MDIN: 21equ.in                                                              
|  MDOUT: 21equ.out                                                             
| INPCRD: 20e2w9y.rst7                                                          
|   PARM: /home/german/lbp/top_files/2w9y.prmtop                                
| RESTRT: 21e2w9y.rst7                                                          
|   REFC: 20e2w9y.rst7                                                          
|  MDVEL: mdvel                                                                 
|   MDEN: mden                                                                  
|  MDCRD: 21e2w9y.nc                                                            
| MDINFO: mdinfo                                                                
|  MDFRC: mdfrc                                                                 


 Here is the input file:

Equilibration with solute restrictions                                         
&cntrl                                                                         
imin = 0,                           ! No Minimization                          
nmropt = 0,                         ! No NMR restraints read                   
                                                                               
! Nature and format of the input                                               
ntx = 5,                            ! Coordinates and velocities will be read  
irest = 1,                          ! Do not run a new simulation              
                                                                               
! Nature and format of the output                                              
ntxo = 1,                           ! rstrt file in ASCII format               
ntpr = 500,                         ! inf in output every ntpr steps           
ntwr = 500,                         ! rstrt file every ntwr steps              
ntwx = 500,                         ! mdcrd file every ntwx steps              
ntwv = 0,                           ! mdvel without velocities                 
ntwe = 0,                           ! Do not write energies and temperatures   
idecomp = 0,                        ! No energy decomposition                  
iwrap = 1,                          ! Coordinates of the restart and mdcrd file
                                                                               
! Frozen or restrained atoms                                                   
ibelly = 0,                         ! No frozen atoms                          
ntr=1,                              ! Harmonic potential restraints            
restraint_wt = 1.5,                ! The weight for the positional restraints  
restraintmask = ':1-131@N,CA,C,O',  ! restrained residues                      
                                                                               
! Molecular dynamics                                                           
nstlim = 50000,                     ! Number of MD-steps                       
dt = 0.002,                         ! Time step                                
                                                                               
! Temperature regulation                                                       
ntt = 3,                            ! Langevin thermostat                      
gamma_ln = 5,                       ! Gamma constant for Langevin              
temp0 = 300.0,                      ! Reference T at which the system is to be 
tempi = 300.0,                      ! Initial T                                
ig = -1,                            ! Seed for the RNG                         
                                                                               
! P and V regulation                                                           
ntp = 1,                            ! constant P                               
barostat = 1,                       ! Berendsen barostat                       
taup = 1,                           ! Pressure relaxation time                 
ntb = 2,                            ! Periodic box for constant P              
                                                                               
! SHAKE variables                                                              
ntc = 2,                            ! Bonds involving H are constrained        
ntf = 2,                            ! Bond interaction involving H are ommited.
                                                                               
cut = 10.0,                         ! Nonbonded cutoff                         
/                                                                              
&end                                                                           


Note: ig = -1. Setting random seed to   300922 based on wallclock time in 
      microseconds.
 
|--------------------- INFORMATION ----------------------
| GPU (CUDA) Version of PMEMD in use: NVIDIA GPU IN USE.
|                    Version 16.0.0
| 
|                      02/25/2016
| 
| Implementation by:
|                    Ross C. Walker     (SDSC)
|                    Scott Le Grand     (nVIDIA)
| 
| Precision model in use:
|      [SPFP] - Single Precision Forces, 64-bit Fixed Point
|               Accumulation. (Default)
| 
|--------------------------------------------------------
 
|----------------- CITATION INFORMATION -----------------
|
|    When publishing work that utilized the CUDA version
|    of AMBER, please cite the following in addition to
|    the regular AMBER citations:
|
|  - Romelia Salomon-Ferrer; Andreas W. Goetz; Duncan
|    Poole; Scott Le Grand; Ross C. Walker "Routine
|    microsecond molecular dynamics simulations with
|    AMBER - Part II: Particle Mesh Ewald", J. Chem.
|    Theory Comput., 2013, 9 (9), pp3878-3888,
|    DOI: 10.1021/ct400314y.
|
|  - Andreas W. Goetz; Mark J. Williamson; Dong Xu;
|    Duncan Poole; Scott Le Grand; Ross C. Walker
|    "Routine microsecond molecular dynamics simulations
|    with AMBER - Part I: Generalized Born", J. Chem.
|    Theory Comput., 2012, 8 (5), pp1542-1555.
|
|  - Scott Le Grand; Andreas W. Goetz; Ross C. Walker
|    "SPFP: Speed without compromise - a mixed precision
|    model for GPU accelerated molecular dynamics
|    simulations.", Comp. Phys. Comm., 2013, 184
|    pp374-380, DOI: 10.1016/j.cpc.2012.09.022
|
|--------------------------------------------------------
 
|------------------- GPU DEVICE INFO --------------------
|
|            CUDA_VISIBLE_DEVICES: 0
|   CUDA Capable Devices Detected:      1
|           CUDA Device ID in use:      0
|                CUDA Device Name: GeForce GTX 1060 6GB
|     CUDA Device Global Mem Size:   6072 MB
| CUDA Device Num Multiprocessors:     10
|           CUDA Device Core Freq:   1.76 GHz
|
|--------------------------------------------------------
 
 
| Conditional Compilation Defines Used:
| PUBFFT
| BINTRAJ
| CUDA
| EMIL

| Largest sphere to fit in unit cell has radius =    26.664

| New format PARM file being parsed.
| Version =    1.000 Date = 07/16/18 Time = 12:31:37

| Note: 1-4 EEL scale factors are being read from the topology file.

| Note: 1-4 VDW scale factors are being read from the topology file.
| Duplicated    0 dihedrals

| Duplicated    0 dihedrals

--------------------------------------------------------------------------------
   1.  RESOURCE   USE: 
--------------------------------------------------------------------------------

 getting new box info from bottom of inpcrd
 NATOM  =   21528 NTYPES =      17 NBONH =   20449 MBONA  =    1096
 NTHETH =    2490 MTHETA =    1476 NPHIH =    4927 MPHIA  =    4723
 NHPARM =       0 NPARM  =       0 NNB   =   37810 NRES   =    6595
 NBONA  =    1096 NTHETA =    1476 NPHIA =    4723 NUMBND =      64
 NUMANG =     142 NPTRA  =     185 NATYP =      34 NPHB   =       1
 IFBOX  =       2 NMXRS  =      24 IFCAP =       0 NEXTRA =       0
 NCOPY  =       0

| Coordinate Index Table dimensions:    10   10   10
| Direct force subcell size =     6.5314    6.5314    6.5314

     BOX TYPE: TRUNCATED OCTAHEDRON

--------------------------------------------------------------------------------
   2.  CONTROL  DATA  FOR  THE  RUN
--------------------------------------------------------------------------------

default_name                                                                    

General flags:
     imin    =       0, nmropt  =       0

Nature and format of input:
     ntx     =       5, irest   =       1, ntrx    =       1

Nature and format of output:
     ntxo    =       1, ntpr    =     500, ntrx    =       1, ntwr    =     500
     iwrap   =       1, ntwx    =     500, ntwv    =       0, ntwe    =       0
     ioutfm  =       1, ntwprt  =       0, idecomp =       0, rbornstat=      0

Potential function:
     ntf     =       2, ntb     =       2, igb     =       0, nsnb    =      25
     ipol    =       0, gbsa    =       0, iesp    =       0
     dielc   =   1.00000, cut     =  10.00000, intdiel =   1.00000

Frozen or restrained atoms:
     ibelly  =       0, ntr     =       1
     restraint_wt =   1.50000

Molecular dynamics:
     nstlim  =     50000, nscm    =         0, nrespa  =         1
     t       =   0.00000, dt      =   0.00200, vlimit  =  -1.00000

Langevin dynamics temperature regulation:
     ig      =  300922
     temp0   = 300.00000, tempi   = 300.00000, gamma_ln=   5.00000

Pressure regulation:
     ntp     =       1
     pres0   =   1.00000, comp    =  44.60000, taup    =   1.00000

SHAKE:
     ntc     =       2, jfastw  =       0
     tol     =   0.00001

| Intermolecular bonds treatment:
|     no_intermolecular_bonds =       1

| Energy averages sample interval:
|     ene_avg_sampling =     500

Ewald parameters:
     verbose =       0, ew_type =       0, nbflag  =       1, use_pme =       1
     vdwmeth =       1, eedmeth =       1, netfrc  =       1
     Box X =   65.314   Box Y =   65.314   Box Z =   65.314
     Alpha =  109.471   Beta  =  109.471   Gamma =  109.471
     NFFT1 =   64       NFFT2 =   64       NFFT3 =   64
     Cutoff=   10.000   Tol   =0.100E-04
     Ewald Coefficient =  0.27511
     Interpolation order =    4

    LOADING THE CONSTRAINED ATOMS AS GROUPS


   5.  REFERENCE ATOM COORDINATES

  default_name                                                                    
     Mask :1-131@N,CA,C,O; matches   524 atoms

--------------------------------------------------------------------------------
   3.  ATOMIC COORDINATES AND VELOCITIES
--------------------------------------------------------------------------------

default_name                                                                    
 begin time read from input coords =  2400.000 ps

 
 Number of triangulated 3-point waters found:     6455

     Sum of charges from parm topology file =  -0.00000007
     Forcing neutrality...

| Dynamic Memory, Types Used:
| Reals             1061755
| Integers           745452

| Nonbonded Pairs Initial Allocation:     6511681

| GPU memory information (estimate):
| KB of GPU memory in use:    159742
| KB of CPU memory in use:     30821

--------------------------------------------------------------------------------
   4.  RESULTS
--------------------------------------------------------------------------------

 ---------------------------------------------------
 APPROXIMATING switch and d/dx switch using CUBIC SPLINE INTERPOLATION
 using   5000.0 points per unit in tabled values
 TESTING RELATIVE ERROR over r ranging from 0.0 to cutoff
| CHECK switch(x): max rel err =   0.2738E-14   at   2.422500
| CHECK d/dx switch(x): max rel err =   0.8314E-11   at   2.736960
 ---------------------------------------------------
|---------------------------------------------------
| APPROXIMATING direct energy using CUBIC SPLINE INTERPOLATION
|  with   50.0 points per unit in tabled values
| Relative Error Limit not exceeded for r .gt.   2.33
| APPROXIMATING direct force using CUBIC SPLINE INTERPOLATION
|  with   50.0 points per unit in tabled values
| Relative Error Limit not exceeded for r .gt.   2.80
|---------------------------------------------------
wrapping first mol.:       21.78057       30.80238       53.35128
wrapping first mol.:       21.78057       30.80238       53.35128

 NSTEP =      500   TIME(PS) =    2401.000  TEMP(K) =   300.14  PRESS =  -307.9
 Etot   =    -51995.5440  EKtot   =     13161.7393  EPtot      =    -65157.2833
 BOND   =       412.1678  ANGLE   =      1165.8139  DIHED      =      1770.6671
 1-4 NB =       491.1208  1-4 EEL =      6815.4681  VDWAALS    =      7801.7963
 EELEC  =    -83662.1999  EHBOND  =         0.0000  RESTRAINT  =        47.8826
 EAMBER (non-restraint)  =    -65205.1659
 EKCMT  =      5818.2667  VIRIAL  =      7246.2364  VOLUME     =    214764.0207
                                                    Density    =         1.0184
 ------------------------------------------------------------------------------

wrapping first mol.:       21.78203       30.80444       53.35486
wrapping first mol.:       21.78203       30.80444       53.35486

 NSTEP =     1000   TIME(PS) =    2402.000  TEMP(K) =   301.51  PRESS =  -194.1
 Etot   =    -52267.6516  EKtot   =     13221.9199  EPtot      =    -65489.5715
 BOND   =       370.6508  ANGLE   =      1151.5809  DIHED      =      1774.3703
 1-4 NB =       516.3170  1-4 EEL =      6867.8372  VDWAALS    =      7888.8791
 EELEC  =    -84111.2531  EHBOND  =         0.0000  RESTRAINT  =        52.0464
 EAMBER (non-restraint)  =    -65541.6179
 EKCMT  =      5774.7550  VIRIAL  =      6675.0596  VOLUME     =    214805.0268
                                                    Density    =         1.0182
 ------------------------------------------------------------------------------

wrapping first mol.:       21.76736       30.78369       53.31891
wrapping first mol.:       21.76736       30.78369       53.31891

 NSTEP =     1500   TIME(PS) =    2403.000  TEMP(K) =   298.59  PRESS =   -61.3
 Etot   =    -52279.2998  EKtot   =     13093.6758  EPtot      =    -65372.9755
 BOND   =       437.9850  ANGLE   =      1150.7209  DIHED      =      1760.9211
 1-4 NB =       482.8223  1-4 EEL =      6811.4719  VDWAALS    =      7930.9733
 EELEC  =    -84000.5561  EHBOND  =         0.0000  RESTRAINT  =        52.6862
 EAMBER (non-restraint)  =    -65425.6617
 EKCMT  =      5712.7860  VIRIAL  =      5996.3960  VOLUME     =    214368.5581
                                                    Density    =         1.0203
 ------------------------------------------------------------------------------

wrapping first mol.:       21.77698       30.79730       53.34248
wrapping first mol.:       21.77698       30.79730       53.34248

 NSTEP =     2000   TIME(PS) =    2404.000  TEMP(K) =   300.58  PRESS =   265.7
 Etot   =    -52175.2899  EKtot   =     13181.2656  EPtot      =    -65356.5555
 BOND   =       434.0791  ANGLE   =      1158.1724  DIHED      =      1768.8919
 1-4 NB =       492.9006  1-4 EEL =      6817.6011  VDWAALS    =      8056.5353
 EELEC  =    -84142.2774  EHBOND  =         0.0000  RESTRAINT  =        57.5416
 EAMBER (non-restraint)  =    -65414.0971
 EKCMT  =      5839.5328  VIRIAL  =      4607.9661  VOLUME     =    214646.7138
                                                    Density    =         1.0190
 ------------------------------------------------------------------------------

wrapping first mol.:       21.79860       30.82788       53.39545
wrapping first mol.:       21.79860       30.82788       53.39545

 NSTEP =     2500   TIME(PS) =    2405.000  TEMP(K) =   300.44  PRESS =  -111.1
 Etot   =    -52098.0401  EKtot   =     13174.8242  EPtot      =    -65272.8643
 BOND   =       398.4065  ANGLE   =      1130.5846  DIHED      =      1761.0596
 1-4 NB =       487.3552  1-4 EEL =      6860.3514  VDWAALS    =      7850.9414
 EELEC  =    -83821.7946  EHBOND  =         0.0000  RESTRAINT  =        60.2317
 EAMBER (non-restraint)  =    -65333.0960
 EKCMT  =      5812.5304  VIRIAL  =      6328.8593  VOLUME     =    215294.0328
                                                    Density    =         1.0159
 ------------------------------------------------------------------------------

wrapping first mol.:       21.79583       30.82396       53.38866
wrapping first mol.:       21.79583       30.82396       53.38866

 NSTEP =     3000   TIME(PS) =    2406.000  TEMP(K) =   301.00  PRESS =  -168.5
 Etot   =    -51854.4570  EKtot   =     13199.7109  EPtot      =    -65054.1680
 BOND   =       420.4191  ANGLE   =      1174.0684  DIHED      =      1774.6513
 1-4 NB =       512.5473  1-4 EEL =      6811.7948  VDWAALS    =      7797.8941
 EELEC  =    -83616.2587  EHBOND  =         0.0000  RESTRAINT  =        70.7158
 EAMBER (non-restraint)  =    -65124.8837
 EKCMT  =      5744.2890  VIRIAL  =      6527.0735  VOLUME     =    215213.1017
                                                    Density    =         1.0163
 ------------------------------------------------------------------------------

wrapping first mol.:       21.79053       30.81646       53.37567
wrapping first mol.:       21.79053       30.81646       53.37567

 NSTEP =     3500   TIME(PS) =    2407.000  TEMP(K) =   300.44  PRESS =    84.3
 Etot   =    -51980.0817  EKtot   =     13174.9990  EPtot      =    -65155.0807
 BOND   =       419.3851  ANGLE   =      1059.9691  DIHED      =      1777.1431
 1-4 NB =       493.0459  1-4 EEL =      6843.3004  VDWAALS    =      7788.8502
 EELEC  =    -83599.7066  EHBOND  =         0.0000  RESTRAINT  =        62.9322
 EAMBER (non-restraint)  =    -65218.0129
 EKCMT  =      5767.5243  VIRIAL  =      5376.1294  VOLUME     =    215051.1684
                                                    Density    =         1.0171
 ------------------------------------------------------------------------------

wrapping first mol.:       21.78565       30.80956       53.36372
wrapping first mol.:       21.78565       30.80956       53.36372

 NSTEP =     4000   TIME(PS) =    2408.000  TEMP(K) =   301.52  PRESS =   -44.6
 Etot   =    -52158.5213  EKtot   =     13222.3867  EPtot      =    -65380.9080
 BOND   =       390.8996  ANGLE   =      1166.5551  DIHED      =      1761.5047
 1-4 NB =       511.1954  1-4 EEL =      6852.0328  VDWAALS    =      7944.2074
 EELEC  =    -84068.4467  EHBOND  =         0.0000  RESTRAINT  =        61.1436
 EAMBER (non-restraint)  =    -65442.0516
 EKCMT  =      5923.0765  VIRIAL  =      6130.1182  VOLUME     =    214909.2063
                                                    Density    =         1.0177
 ------------------------------------------------------------------------------

wrapping first mol.:       21.78802       30.81292       53.36953
wrapping first mol.:       21.78802       30.81292       53.36953

 NSTEP =     4500   TIME(PS) =    2409.000  TEMP(K) =   299.19  PRESS =   -70.4
 Etot   =    -51882.4356  EKtot   =     13120.2227  EPtot      =    -65002.6582
 BOND   =       417.4747  ANGLE   =      1143.5368  DIHED      =      1759.0750
 1-4 NB =       512.2627  1-4 EEL =      6862.7512  VDWAALS    =      7983.7091
 EELEC  =    -83734.5873  EHBOND  =         0.0000  RESTRAINT  =        53.1196
 EAMBER (non-restraint)  =    -65055.7779
 EKCMT  =      5770.7184  VIRIAL  =      6097.5642  VOLUME     =    214979.9159
                                                    Density    =         1.0174
 ------------------------------------------------------------------------------

wrapping first mol.:       21.78245       30.80504       53.35588
wrapping first mol.:       21.78245       30.80504       53.35588

 NSTEP =     5000   TIME(PS) =    2410.000  TEMP(K) =   299.54  PRESS =  -155.7
 Etot   =    -52072.3833  EKtot   =     13135.5479  EPtot      =    -65207.9312
 BOND   =       397.4213  ANGLE   =      1110.8924  DIHED      =      1774.2309
 1-4 NB =       502.7203  1-4 EEL =      6813.9499  VDWAALS    =      7747.0179
 EELEC  =    -83611.1338  EHBOND  =         0.0000  RESTRAINT  =        56.9701
 EAMBER (non-restraint)  =    -65264.9012
 EKCMT  =      5849.4091  VIRIAL  =      6571.4583  VOLUME     =    214816.6818
                                                    Density    =         1.0182
 ------------------------------------------------------------------------------

wrapping first mol.:       21.80257       30.83349       53.40517
wrapping first mol.:       21.80257       30.83349       53.40517

 NSTEP =     5500   TIME(PS) =    2411.000  TEMP(K) =   299.18  PRESS =  -184.7
 Etot   =    -51915.5568  EKtot   =     13119.9453  EPtot      =    -65035.5021
 BOND   =       399.3669  ANGLE   =      1144.0819  DIHED      =      1750.0384
 1-4 NB =       507.9386  1-4 EEL =      6820.3535  VDWAALS    =      7679.2399
 EELEC  =    -83396.9322  EHBOND  =         0.0000  RESTRAINT  =        60.4109
 EAMBER (non-restraint)  =    -65095.9130
 EKCMT  =      5776.6943  VIRIAL  =      6635.6779  VOLUME     =    215413.1228
                                                    Density    =         1.0153
 ------------------------------------------------------------------------------

wrapping first mol.:       21.78185       30.80419       53.35441
wrapping first mol.:       21.78185       30.80419       53.35441

 NSTEP =     6000   TIME(PS) =    2412.000  TEMP(K) =   303.65  PRESS =  -122.8
 Etot   =    -51985.2985  EKtot   =     13315.9277  EPtot      =    -65301.2262
 BOND   =       421.4910  ANGLE   =      1143.9901  DIHED      =      1757.9507
 1-4 NB =       502.2606  1-4 EEL =      6837.4497  VDWAALS    =      7814.0343
 EELEC  =    -83840.4532  EHBOND  =         0.0000  RESTRAINT  =        62.0506
 EAMBER (non-restraint)  =    -65363.2768
 EKCMT  =      5840.0800  VIRIAL  =      6409.8246  VOLUME     =    214798.2807
                                                    Density    =         1.0182
 ------------------------------------------------------------------------------

wrapping first mol.:       21.77450       30.79379       53.33641
wrapping first mol.:       21.77450       30.79379       53.33641

 NSTEP =     6500   TIME(PS) =    2413.000  TEMP(K) =   303.39  PRESS =  -373.4
 Etot   =    -51938.0110  EKtot   =     13304.2441  EPtot      =    -65242.2551
 BOND   =       402.5746  ANGLE   =      1151.1873  DIHED      =      1771.5560
 1-4 NB =       517.8797  1-4 EEL =      6870.5105  VDWAALS    =      7609.3316
 EELEC  =    -83630.7139  EHBOND  =         0.0000  RESTRAINT  =        65.4190
 EAMBER (non-restraint)  =    -65307.6741
 EKCMT  =      5921.4248  VIRIAL  =      7651.4173  VOLUME     =    214585.6621
                                                    Density    =         1.0193
 ------------------------------------------------------------------------------

wrapping first mol.:       21.76364       30.77843       53.30980
wrapping first mol.:       21.76364       30.77843       53.30980

 NSTEP =     7000   TIME(PS) =    2414.000  TEMP(K) =   303.05  PRESS =   131.2
 Etot   =    -51833.4553  EKtot   =     13289.4551  EPtot      =    -65122.9104
 BOND   =       413.8866  ANGLE   =      1180.7078  DIHED      =      1750.8841
 1-4 NB =       495.8932  1-4 EEL =      6847.6091  VDWAALS    =      7783.7968
 EELEC  =    -83661.3955  EHBOND  =         0.0000  RESTRAINT  =        65.7077
 EAMBER (non-restraint)  =    -65188.6181
 EKCMT  =      5838.6365  VIRIAL  =      5231.5615  VOLUME     =    214255.0255
                                                    Density    =         1.0208
 ------------------------------------------------------------------------------

wrapping first mol.:       21.76283       30.77729       53.30783
wrapping first mol.:       21.76283       30.77729       53.30783

 NSTEP =     7500   TIME(PS) =    2415.000  TEMP(K) =   298.14  PRESS =   -20.8
 Etot   =    -52053.0990  EKtot   =     13074.1504  EPtot      =    -65127.2494
 BOND   =       412.4067  ANGLE   =      1141.6754  DIHED      =      1754.6823
 1-4 NB =       502.7387  1-4 EEL =      6848.7364  VDWAALS    =      7874.0274
 EELEC  =    -83723.4879  EHBOND  =         0.0000  RESTRAINT  =        61.9716
 EAMBER (non-restraint)  =    -65189.2210
 EKCMT  =      5785.8118  VIRIAL  =      5882.0728  VOLUME     =    214234.2324
                                                    Density    =         1.0209
 ------------------------------------------------------------------------------

wrapping first mol.:       21.77094       30.78876       53.32769
wrapping first mol.:       21.77094       30.78876       53.32769

 NSTEP =     8000   TIME(PS) =    2416.000  TEMP(K) =   303.05  PRESS =    94.3
 Etot   =    -52077.2877  EKtot   =     13289.4805  EPtot      =    -65366.7681
 BOND   =       405.5735  ANGLE   =      1152.8155  DIHED      =      1758.6949
 1-4 NB =       505.8337  1-4 EEL =      6834.9847  VDWAALS    =      8147.1787
 EELEC  =    -84240.6534  EHBOND  =         0.0000  RESTRAINT  =        68.8041
 EAMBER (non-restraint)  =    -65435.5723
 EKCMT  =      5836.5644  VIRIAL  =      5400.0456  VOLUME     =    214471.5275
                                                    Density    =         1.0198
 ------------------------------------------------------------------------------

wrapping first mol.:       21.77818       30.79899       53.34541
wrapping first mol.:       21.77818       30.79899       53.34541

 NSTEP =     8500   TIME(PS) =    2417.000  TEMP(K) =   304.40  PRESS =    64.2
 Etot   =    -51952.8498  EKtot   =     13348.5732  EPtot      =    -65301.4231
 BOND   =       441.7356  ANGLE   =      1152.8924  DIHED      =      1752.3247
 1-4 NB =       492.7534  1-4 EEL =      6823.6553  VDWAALS    =      7899.4146
 EELEC  =    -83926.6840  EHBOND  =         0.0000  RESTRAINT  =        62.4848
 EAMBER (non-restraint)  =    -65363.9079
 EKCMT  =      5946.6038  VIRIAL  =      5649.0645  VOLUME     =    214685.9844
                                                    Density    =         1.0188
 ------------------------------------------------------------------------------

wrapping first mol.:       21.77551       30.79523       53.33889
wrapping first mol.:       21.77551       30.79523       53.33889

 NSTEP =     9000   TIME(PS) =    2418.000  TEMP(K) =   300.55  PRESS =   156.8
 Etot   =    -52056.9927  EKtot   =     13179.7471  EPtot      =    -65236.7397
 BOND   =       410.6999  ANGLE   =      1135.8074  DIHED      =      1776.3068
 1-4 NB =       499.2981  1-4 EEL =      6819.3252  VDWAALS    =      7913.3319
 EELEC  =    -83843.9547  EHBOND  =         0.0000  RESTRAINT  =        52.4457
 EAMBER (non-restraint)  =    -65289.1854
 EKCMT  =      5835.6428  VIRIAL  =      5108.9717  VOLUME     =    214605.5451
                                                    Density    =         1.0192
 ------------------------------------------------------------------------------

wrapping first mol.:       21.77211       30.79042       53.33056
wrapping first mol.:       21.77211       30.79042       53.33056

 NSTEP =     9500   TIME(PS) =    2419.000  TEMP(K) =   298.46  PRESS =    24.4
 Etot   =    -52186.3263  EKtot   =     13088.3867  EPtot      =    -65274.7130
 BOND   =       376.0144  ANGLE   =      1172.2998  DIHED      =      1760.5969
 1-4 NB =       492.7342  1-4 EEL =      6824.1542  VDWAALS    =      7748.5139
 EELEC  =    -83707.5834  EHBOND  =         0.0000  RESTRAINT  =        58.5569
 EAMBER (non-restraint)  =    -65333.2699
 EKCMT  =      5664.7963  VIRIAL  =      5551.6427  VOLUME     =    214507.5064
                                                    Density    =         1.0196
 ------------------------------------------------------------------------------

wrapping first mol.:       21.78160       30.80383       53.35380
wrapping first mol.:       21.78160       30.80383       53.35380

 NSTEP =    10000   TIME(PS) =    2420.000  TEMP(K) =   300.91  PRESS =   162.3
 Etot   =    -52013.0439  EKtot   =     13195.7617  EPtot      =    -65208.8056
 BOND   =       401.8419  ANGLE   =      1158.6476  DIHED      =      1773.4257
 1-4 NB =       514.7308  1-4 EEL =      6863.6934  VDWAALS    =      7876.1319
 EELEC  =    -83860.9824  EHBOND  =         0.0000  RESTRAINT  =        63.7056
 EAMBER (non-restraint)  =    -65272.5112
 EKCMT  =      5773.4258  VIRIAL  =      5020.6306  VOLUME     =    214785.4291
                                                    Density    =         1.0183
 ------------------------------------------------------------------------------

wrapping first mol.:       21.78229       30.80481       53.35549
wrapping first mol.:       21.78229       30.80481       53.35549

 NSTEP =    10500   TIME(PS) =    2421.000  TEMP(K) =   300.18  PRESS =  -243.9
 Etot   =    -52199.9869  EKtot   =     13163.5449  EPtot      =    -65363.5319
 BOND   =       400.9652  ANGLE   =      1163.3114  DIHED      =      1767.8883
 1-4 NB =       499.9943  1-4 EEL =      6864.3508  VDWAALS    =      7743.8245
 EELEC  =    -83865.0136  EHBOND  =         0.0000  RESTRAINT  =        61.1471
 EAMBER (non-restraint)  =    -65424.6790
 EKCMT  =      5835.9044  VIRIAL  =      6966.9200  VOLUME     =    214813.6294
                                                    Density    =         1.0182
 ------------------------------------------------------------------------------

wrapping first mol.:       21.77883       30.79991       53.34701
wrapping first mol.:       21.77883       30.79991       53.34701

 NSTEP =    11000   TIME(PS) =    2422.000  TEMP(K) =   299.47  PRESS =   103.3
 Etot   =    -52258.4266  EKtot   =     13132.3740  EPtot      =    -65390.8006
 BOND   =       407.2137  ANGLE   =      1163.6370  DIHED      =      1751.5321
 1-4 NB =       493.1663  1-4 EEL =      6835.2333  VDWAALS    =      7923.7345
 EELEC  =    -84025.7762  EHBOND  =         0.0000  RESTRAINT  =        60.4586
 EAMBER (non-restraint)  =    -65451.2592
 EKCMT  =      5750.7648  VIRIAL  =      5272.0816  VOLUME     =    214704.4889
                                                    Density    =         1.0187
 ------------------------------------------------------------------------------

wrapping first mol.:       21.77375       30.79273       53.33457
wrapping first mol.:       21.77375       30.79273       53.33457

 NSTEP =    11500   TIME(PS) =    2423.000  TEMP(K) =   299.97  PRESS =   147.7
 Etot   =    -52312.1976  EKtot   =     13154.4590  EPtot      =    -65466.6565
 BOND   =       405.3350  ANGLE   =      1132.5136  DIHED      =      1741.7197
 1-4 NB =       489.3741  1-4 EEL =      6809.0157  VDWAALS    =      7925.7526
 EELEC  =    -84027.5329  EHBOND  =         0.0000  RESTRAINT  =        57.1656
 EAMBER (non-restraint)  =    -65523.8222
 EKCMT  =      5772.0122  VIRIAL  =      5087.5691  VOLUME     =    214553.4806
                                                    Density    =         1.0194
 ------------------------------------------------------------------------------

wrapping first mol.:       21.79193       30.81844       53.37909
wrapping first mol.:       21.79193       30.81844       53.37909

 NSTEP =    12000   TIME(PS) =    2424.000  TEMP(K) =   300.19  PRESS =   -70.7
 Etot   =    -51970.4250  EKtot   =     13164.2539  EPtot      =    -65134.6789
 BOND   =       402.0994  ANGLE   =      1196.9734  DIHED      =      1747.4439
 1-4 NB =       510.0180  1-4 EEL =      6833.4578  VDWAALS    =      7849.4267
 EELEC  =    -83732.8827  EHBOND  =         0.0000  RESTRAINT  =        58.7848
 EAMBER (non-restraint)  =    -65193.4636
 EKCMT  =      5777.8669  VIRIAL  =      6106.4216  VOLUME     =    215095.4748
                                                    Density    =         1.0168
 ------------------------------------------------------------------------------

wrapping first mol.:       21.78881       30.81402       53.37145
wrapping first mol.:       21.78881       30.81402       53.37145

 NSTEP =    12500   TIME(PS) =    2425.000  TEMP(K) =   294.98  PRESS =   -66.3
 Etot   =    -52197.1077  EKtot   =     12935.3730  EPtot      =    -65132.4807
 BOND   =       417.5386  ANGLE   =      1143.8672  DIHED      =      1749.2446
 1-4 NB =       497.2536  1-4 EEL =      6861.7166  VDWAALS    =      7786.1087
 EELEC  =    -83640.2729  EHBOND  =         0.0000  RESTRAINT  =        52.0629
 EAMBER (non-restraint)  =    -65184.5436
 EKCMT  =      5759.8319  VIRIAL  =      6067.5088  VOLUME     =    215003.0505
                                                    Density    =         1.0173
 ------------------------------------------------------------------------------

wrapping first mol.:       21.76961       30.78688       53.32444
wrapping first mol.:       21.76961       30.78688       53.32444

 NSTEP =    13000   TIME(PS) =    2426.000  TEMP(K) =   298.84  PRESS =   -15.6
 Etot   =    -51984.7630  EKtot   =     13104.6777  EPtot      =    -65089.4407
 BOND   =       400.0158  ANGLE   =      1136.4645  DIHED      =      1746.7128
 1-4 NB =       491.8886  1-4 EEL =      6842.2248  VDWAALS    =      7963.0553
 EELEC  =    -83725.7948  EHBOND  =         0.0000  RESTRAINT  =        55.9923
 EAMBER (non-restraint)  =    -65145.4330
 EKCMT  =      5772.8140  VIRIAL  =      5845.1383  VOLUME     =    214434.3739
                                                    Density    =         1.0200
 ------------------------------------------------------------------------------

wrapping first mol.:       21.75159       30.76139       53.28029
wrapping first mol.:       21.75159       30.76139       53.28029

 NSTEP =    13500   TIME(PS) =    2427.000  TEMP(K) =   295.90  PRESS =   203.2
 Etot   =    -52321.2683  EKtot   =     12975.7227  EPtot      =    -65296.9909
 BOND   =       411.7096  ANGLE   =      1133.1623  DIHED      =      1747.4189
 1-4 NB =       503.2917  1-4 EEL =      6882.7767  VDWAALS    =      8011.6031
 EELEC  =    -84043.9687  EHBOND  =         0.0000  RESTRAINT  =        57.0155
 EAMBER (non-restraint)  =    -65354.0064
 EKCMT  =      5638.6780  VIRIAL  =      4700.3473  VOLUME     =    213898.0141
                                                    Density    =         1.0225
 ------------------------------------------------------------------------------

wrapping first mol.:       21.75307       30.76349       53.28392
wrapping first mol.:       21.75307       30.76349       53.28392

 NSTEP =    14000   TIME(PS) =    2428.000  TEMP(K) =   300.19  PRESS =    68.2
 Etot   =    -52062.9972  EKtot   =     13164.1982  EPtot      =    -65227.1955
 BOND   =       412.3766  ANGLE   =      1188.0161  DIHED      =      1747.5805
 1-4 NB =       510.7832  1-4 EEL =      6790.2794  VDWAALS    =      7755.1513
 EELEC  =    -83695.5479  EHBOND  =         0.0000  RESTRAINT  =        64.1654
 EAMBER (non-restraint)  =    -65291.3609
 EKCMT  =      5838.1962  VIRIAL  =      5523.1556  VOLUME     =    213944.3326
                                                    Density    =         1.0223
 ------------------------------------------------------------------------------

wrapping first mol.:       21.76433       30.77941       53.31150
wrapping first mol.:       21.76433       30.77941       53.31150

 NSTEP =    14500   TIME(PS) =    2429.000  TEMP(K) =   300.73  PRESS =    34.7
 Etot   =    -52276.1981  EKtot   =     13187.6660  EPtot      =    -65463.8641
 BOND   =       409.3288  ANGLE   =      1155.4460  DIHED      =      1773.2127
 1-4 NB =       506.0149  1-4 EEL =      6824.7452  VDWAALS    =      7855.9865
 EELEC  =    -84052.5188  EHBOND  =         0.0000  RESTRAINT  =        63.9205
 EAMBER (non-restraint)  =    -65527.7846
 EKCMT  =      5750.5196  VIRIAL  =      5589.8197  VOLUME     =    214277.3954
                                                    Density    =         1.0207
 ------------------------------------------------------------------------------

wrapping first mol.:       21.77374       30.79272       53.33455
wrapping first mol.:       21.77374       30.79272       53.33455

 NSTEP =    15000   TIME(PS) =    2430.000  TEMP(K) =   301.19  PRESS =   154.8
 Etot   =    -52208.5729  EKtot   =     13208.0107  EPtot      =    -65416.5836
 BOND   =       411.1074  ANGLE   =      1147.9840  DIHED      =      1768.8230
 1-4 NB =       486.7414  1-4 EEL =      6814.6478  VDWAALS    =      7953.6669
 EELEC  =    -84060.2506  EHBOND  =         0.0000  RESTRAINT  =        60.6964
 EAMBER (non-restraint)  =    -65477.2800
 EKCMT  =      5814.5775  VIRIAL  =      5097.3837  VOLUME     =    214553.1409
                                                    Density    =         1.0194
 ------------------------------------------------------------------------------

wrapping first mol.:       21.77866       30.79967       53.34659
wrapping first mol.:       21.77866       30.79967       53.34659

 NSTEP =    15500   TIME(PS) =    2431.000  TEMP(K) =   304.45  PRESS =   -19.5
 Etot   =    -51806.4761  EKtot   =     13350.9043  EPtot      =    -65157.3804
 BOND   =       411.9422  ANGLE   =      1112.0747  DIHED      =      1764.4259
 1-4 NB =       509.6802  1-4 EEL =      6804.7421  VDWAALS    =      7768.4045
 EELEC  =    -83584.5017  EHBOND  =         0.0000  RESTRAINT  =        55.8516
 EAMBER (non-restraint)  =    -65213.2320
 EKCMT  =      5879.8083  VIRIAL  =      5970.3168  VOLUME     =    214701.8782
                                                    Density    =         1.0187
 ------------------------------------------------------------------------------

wrapping first mol.:       21.79605       30.82427       53.38920
wrapping first mol.:       21.79605       30.82427       53.38920

 NSTEP =    16000   TIME(PS) =    2432.000  TEMP(K) =   301.93  PRESS =    75.6
 Etot   =    -51866.3044  EKtot   =     13240.3467  EPtot      =    -65106.6511
 BOND   =       422.1509  ANGLE   =      1141.4401  DIHED      =      1751.1162
 1-4 NB =       507.4666  1-4 EEL =      6828.9546  VDWAALS    =      8010.8144
 EELEC  =    -83831.3602  EHBOND  =         0.0000  RESTRAINT  =        62.7662
 EAMBER (non-restraint)  =    -65169.4173
 EKCMT  =      5887.2122  VIRIAL  =      5535.8516  VOLUME     =    215214.9382
                                                    Density    =         1.0163
 ------------------------------------------------------------------------------

wrapping first mol.:       21.78163       30.80388       53.35388
wrapping first mol.:       21.78163       30.80388       53.35388

 NSTEP =    16500   TIME(PS) =    2433.000  TEMP(K) =   297.01  PRESS =   -35.2
 Etot   =    -52251.3328  EKtot   =     13024.7676  EPtot      =    -65276.1004
 BOND   =       396.2510  ANGLE   =      1147.8223  DIHED      =      1749.8044
 1-4 NB =       492.5895  1-4 EEL =      6775.0350  VDWAALS    =      8112.8324
 EELEC  =    -84011.7253  EHBOND  =         0.0000  RESTRAINT  =        61.2904
 EAMBER (non-restraint)  =    -65337.3907
 EKCMT  =      5687.5278  VIRIAL  =      5850.7391  VOLUME     =    214790.1033
                                                    Density    =         1.0183
 ------------------------------------------------------------------------------

wrapping first mol.:       21.78685       30.81126       53.36667
wrapping first mol.:       21.78685       30.81126       53.36667

 NSTEP =    17000   TIME(PS) =    2434.000  TEMP(K) =   299.39  PRESS =   146.7
 Etot   =    -52151.7753  EKtot   =     13129.1045  EPtot      =    -65280.8798
 BOND   =       396.5253  ANGLE   =      1076.7407  DIHED      =      1768.1998
 1-4 NB =       498.5876  1-4 EEL =      6850.6521  VDWAALS    =      8000.4212
 EELEC  =    -83937.7036  EHBOND  =         0.0000  RESTRAINT  =        65.6972
 EAMBER (non-restraint)  =    -65346.5770
 EKCMT  =      5931.3755  VIRIAL  =      5250.6133  VOLUME     =    214941.1758
                                                    Density    =         1.0176
 ------------------------------------------------------------------------------

wrapping first mol.:       21.77310       30.79182       53.33299
wrapping first mol.:       21.77310       30.79182       53.33299

 NSTEP =    17500   TIME(PS) =    2435.000  TEMP(K) =   298.42  PRESS =    41.4
 Etot   =    -51920.1156  EKtot   =     13086.4766  EPtot      =    -65006.5922
 BOND   =       413.5278  ANGLE   =      1131.7855  DIHED      =      1779.9537
 1-4 NB =       497.8834  1-4 EEL =      6839.6153  VDWAALS    =      7781.2939
 EELEC  =    -83507.0034  EHBOND  =         0.0000  RESTRAINT  =        56.3517
 EAMBER (non-restraint)  =    -65062.9439
 EKCMT  =      5744.9553  VIRIAL  =      5553.2976  VOLUME     =    214536.5087
                                                    Density    =         1.0195
 ------------------------------------------------------------------------------

wrapping first mol.:       21.76739       30.78373       53.31898
wrapping first mol.:       21.76739       30.78373       53.31898

 NSTEP =    18000   TIME(PS) =    2436.000  TEMP(K) =   303.12  PRESS =   -69.8
 Etot   =    -52126.0984  EKtot   =     13292.7139  EPtot      =    -65418.8123
 BOND   =       397.2420  ANGLE   =      1147.3088  DIHED      =      1754.7279
 1-4 NB =       492.7844  1-4 EEL =      6820.0967  VDWAALS    =      8000.2770
 EELEC  =    -84088.1324  EHBOND  =         0.0000  RESTRAINT  =        56.8832
 EAMBER (non-restraint)  =    -65475.6955
 EKCMT  =      5874.6255  VIRIAL  =      6197.4851  VOLUME     =    214369.6224
                                                    Density    =         1.0203
 ------------------------------------------------------------------------------

wrapping first mol.:       21.77506       30.79458       53.33778
wrapping first mol.:       21.77506       30.79458       53.33778

 NSTEP =    18500   TIME(PS) =    2437.000  TEMP(K) =   302.40  PRESS =  -188.4
 Etot   =    -52040.5025  EKtot   =     13261.1377  EPtot      =    -65301.6402
 BOND   =       399.2172  ANGLE   =      1159.0473  DIHED      =      1748.1948
 1-4 NB =       504.3513  1-4 EEL =      6811.6438  VDWAALS    =      7883.9369
 EELEC  =    -83867.3317  EHBOND  =         0.0000  RESTRAINT  =        59.3002
 EAMBER (non-restraint)  =    -65360.9404
 EKCMT  =      5796.2924  VIRIAL  =      6669.0309  VOLUME     =    214598.6978
                                                    Density    =         1.0192
 ------------------------------------------------------------------------------

wrapping first mol.:       21.77496       30.79444       53.33753
wrapping first mol.:       21.77496       30.79444       53.33753

 NSTEP =    19000   TIME(PS) =    2438.000  TEMP(K) =   300.00  PRESS =   -76.0
 Etot   =    -52045.5123  EKtot   =     13155.5117  EPtot      =    -65201.0240
 BOND   =       398.8061  ANGLE   =      1201.9622  DIHED      =      1763.5930
 1-4 NB =       507.3056  1-4 EEL =      6826.4108  VDWAALS    =      7729.9606
 EELEC  =    -83689.6117  EHBOND  =         0.0000  RESTRAINT  =        60.5494
 EAMBER (non-restraint)  =    -65261.5734
 EKCMT  =      5704.8503  VIRIAL  =      6057.1571  VOLUME     =    214593.5353
                                                    Density    =         1.0192
 ------------------------------------------------------------------------------

wrapping first mol.:       21.76564       30.78126       53.31469
wrapping first mol.:       21.76564       30.78126       53.31469

 NSTEP =    19500   TIME(PS) =    2439.000  TEMP(K) =   300.08  PRESS =    59.6
 Etot   =    -52064.3760  EKtot   =     13159.2080  EPtot      =    -65223.5840
 BOND   =       431.3609  ANGLE   =      1118.1641  DIHED      =      1763.3357
 1-4 NB =       507.8728  1-4 EEL =      6814.2781  VDWAALS    =      7877.3698
 EELEC  =    -83796.5424  EHBOND  =         0.0000  RESTRAINT  =        60.5770
 EAMBER (non-restraint)  =    -65284.1610
 EKCMT  =      5748.2773  VIRIAL  =      5472.4476  VOLUME     =    214315.4465
                                                    Density    =         1.0205
 ------------------------------------------------------------------------------

wrapping first mol.:       21.76608       30.78189       53.31579
wrapping first mol.:       21.76608       30.78189       53.31579

 NSTEP =    20000   TIME(PS) =    2440.000  TEMP(K) =   301.17  PRESS =  -183.9
 Etot   =    -52014.7179  EKtot   =     13207.0283  EPtot      =    -65221.7462
 BOND   =       402.1171  ANGLE   =      1117.1634  DIHED      =      1756.5533
 1-4 NB =       508.1592  1-4 EEL =      6831.3206  VDWAALS    =      7716.8866
 EELEC  =    -83610.6637  EHBOND  =         0.0000  RESTRAINT  =        56.7174
 EAMBER (non-restraint)  =    -65278.4636
 EKCMT  =      5796.4204  VIRIAL  =      6647.6615  VOLUME     =    214333.2952
                                                    Density    =         1.0205
 ------------------------------------------------------------------------------

wrapping first mol.:       21.77997       30.80153       53.34981
wrapping first mol.:       21.77997       30.80153       53.34981

 NSTEP =    20500   TIME(PS) =    2441.000  TEMP(K) =   301.38  PRESS =   -53.7
 Etot   =    -52057.3735  EKtot   =     13216.4004  EPtot      =    -65273.7739
 BOND   =       399.0092  ANGLE   =      1159.3151  DIHED      =      1767.5121
 1-4 NB =       495.8834  1-4 EEL =      6865.5139  VDWAALS    =      7920.6854
 EELEC  =    -83940.4055  EHBOND  =         0.0000  RESTRAINT  =        58.7126
 EAMBER (non-restraint)  =    -65332.4864
 EKCMT  =      5793.6309  VIRIAL  =      6042.6957  VOLUME     =    214741.3212
                                                    Density    =         1.0185
 ------------------------------------------------------------------------------

wrapping first mol.:       21.77640       30.79648       53.34107
wrapping first mol.:       21.77640       30.79648       53.34107

 NSTEP =    21000   TIME(PS) =    2442.000  TEMP(K) =   299.22  PRESS =  -421.6
 Etot   =    -52287.4973  EKtot   =     13121.5537  EPtot      =    -65409.0510
 BOND   =       404.8939  ANGLE   =      1141.4835  DIHED      =      1738.4677
 1-4 NB =       504.4714  1-4 EEL =      6831.3251  VDWAALS    =      7661.0818
 EELEC  =    -83745.3262  EHBOND  =         0.0000  RESTRAINT  =        54.5519
 EAMBER (non-restraint)  =    -65463.6029
 EKCMT  =      5799.5668  VIRIAL  =      7753.5733  VOLUME     =    214642.8847
                                                    Density    =         1.0190
 ------------------------------------------------------------------------------

wrapping first mol.:       21.75932       30.77233       53.29923
wrapping first mol.:       21.75932       30.77233       53.29923

 NSTEP =    21500   TIME(PS) =    2443.000  TEMP(K) =   298.19  PRESS =    51.0
 Etot   =    -52215.6657  EKtot   =     13076.4619  EPtot      =    -65292.1276
 BOND   =       397.5634  ANGLE   =      1156.2096  DIHED      =      1750.8186
 1-4 NB =       507.0680  1-4 EEL =      6844.2383  VDWAALS    =      7843.0487
 EELEC  =    -83848.2968  EHBOND  =         0.0000  RESTRAINT  =        57.2227
 EAMBER (non-restraint)  =    -65349.3502
 EKCMT  =      5716.1839  VIRIAL  =      5480.2346  VOLUME     =    214129.1210
                                                    Density    =         1.0214
 ------------------------------------------------------------------------------

wrapping first mol.:       21.76573       30.78139       53.31493
wrapping first mol.:       21.76573       30.78139       53.31493

 NSTEP =    22000   TIME(PS) =    2444.000  TEMP(K) =   296.97  PRESS =   144.9
 Etot   =    -52473.0979  EKtot   =     13022.7031  EPtot      =    -65495.8010
 BOND   =       408.2574  ANGLE   =      1128.1049  DIHED      =      1737.0371
 1-4 NB =       508.3578  1-4 EEL =      6848.4914  VDWAALS    =      8044.1258
 EELEC  =    -84225.3037  EHBOND  =         0.0000  RESTRAINT  =        55.1282
 EAMBER (non-restraint)  =    -65550.9293
 EKCMT  =      5675.6859  VIRIAL  =      5005.3989  VOLUME     =    214316.6945
                                                    Density    =         1.0205
 ------------------------------------------------------------------------------

wrapping first mol.:       21.77770       30.79832       53.34425
wrapping first mol.:       21.77770       30.79832       53.34425

 NSTEP =    22500   TIME(PS) =    2445.000  TEMP(K) =   300.64  PRESS =    30.7
 Etot   =    -52016.9949  EKtot   =     13183.8008  EPtot      =    -65200.7957
 BOND   =       396.7805  ANGLE   =      1156.3252  DIHED      =      1754.9695
 1-4 NB =       488.7285  1-4 EEL =      6833.3504  VDWAALS    =      7707.1827
 EELEC  =    -83593.4988  EHBOND  =         0.0000  RESTRAINT  =        55.3664
 EAMBER (non-restraint)  =    -65256.1621
 EKCMT  =      5818.7970  VIRIAL  =      5676.6198  VOLUME     =    214672.5586
                                                    Density    =         1.0188
 ------------------------------------------------------------------------------

wrapping first mol.:       21.78715       30.81168       53.36739
wrapping first mol.:       21.78715       30.81168       53.36739

 NSTEP =    23000   TIME(PS) =    2446.000  TEMP(K) =   301.01  PRESS =  -192.0
 Etot   =    -52163.7234  EKtot   =     13200.0176  EPtot      =    -65363.7409
 BOND   =       416.7479  ANGLE   =      1191.7003  DIHED      =      1751.7940
 1-4 NB =       491.4230  1-4 EEL =      6817.8080  VDWAALS    =      7963.2594
 EELEC  =    -84061.3751  EHBOND  =         0.0000  RESTRAINT  =        64.9014
 EAMBER (non-restraint)  =    -65428.6424
 EKCMT  =      5864.9408  VIRIAL  =      6756.2737  VOLUME     =    214956.3571
                                                    Density    =         1.0175
 ------------------------------------------------------------------------------

wrapping first mol.:       21.79504       30.82284       53.38672
wrapping first mol.:       21.79504       30.82284       53.38672

 NSTEP =    23500   TIME(PS) =    2447.000  TEMP(K) =   298.36  PRESS =   194.6
 Etot   =    -52353.5316  EKtot   =     13083.7871  EPtot      =    -65437.3187
 BOND   =       396.3209  ANGLE   =      1119.1993  DIHED      =      1759.7190
 1-4 NB =       510.3839  1-4 EEL =      6849.3488  VDWAALS    =      8217.9318
 EELEC  =    -84349.9686  EHBOND  =         0.0000  RESTRAINT  =        59.7461
 EAMBER (non-restraint)  =    -65497.0647
 EKCMT  =      5751.8199  VIRIAL  =      4847.7938  VOLUME     =    215182.6020
                                                    Density    =         1.0164
 ------------------------------------------------------------------------------

wrapping first mol.:       21.78804       30.81293       53.36956
wrapping first mol.:       21.78804       30.81293       53.36956

 NSTEP =    24000   TIME(PS) =    2448.000  TEMP(K) =   302.07  PRESS =   245.9
 Etot   =    -51899.7096  EKtot   =     13246.4414  EPtot      =    -65146.1510
 BOND   =       393.8148  ANGLE   =      1135.3013  DIHED      =      1762.1772
 1-4 NB =       498.5352  1-4 EEL =      6828.5282  VDWAALS    =      7915.2574
 EELEC  =    -83739.1110  EHBOND  =         0.0000  RESTRAINT  =        59.3459
 EAMBER (non-restraint)  =    -65205.4969
 EKCMT  =      5803.9716  VIRIAL  =      4662.5413  VOLUME     =    214974.2511
                                                    Density    =         1.0174
 ------------------------------------------------------------------------------

wrapping first mol.:       21.78433       30.80769       53.36048
wrapping first mol.:       21.78433       30.80769       53.36048

 NSTEP =    24500   TIME(PS) =    2449.000  TEMP(K) =   300.35  PRESS =  -112.2
 Etot   =    -52157.6611  EKtot   =     13170.8525  EPtot      =    -65328.5136
 BOND   =       414.0244  ANGLE   =      1212.9608  DIHED      =      1748.8008
 1-4 NB =       490.4164  1-4 EEL =      6818.9999  VDWAALS    =      7842.3510
 EELEC  =    -83919.9318  EHBOND  =         0.0000  RESTRAINT  =        63.8649
 EAMBER (non-restraint)  =    -65392.3785
 EKCMT  =      5776.9861  VIRIAL  =      6297.7137  VOLUME     =    214871.3311
                                                    Density    =         1.0179
 ------------------------------------------------------------------------------

wrapping first mol.:       21.78110       30.80312       53.35257
wrapping first mol.:       21.78110       30.80312       53.35257

 NSTEP =    25000   TIME(PS) =    2450.000  TEMP(K) =   301.29  PRESS =   278.5
 Etot   =    -51907.2657  EKtot   =     13212.1777  EPtot      =    -65119.4435
 BOND   =       404.1247  ANGLE   =      1169.0660  DIHED      =      1751.0018
 1-4 NB =       508.9333  1-4 EEL =      6839.1192  VDWAALS    =      7949.7160
 EELEC  =    -83796.2994  EHBOND  =         0.0000  RESTRAINT  =        54.8949
 EAMBER (non-restraint)  =    -65174.3383
 EKCMT  =      5802.1036  VIRIAL  =      4510.5988  VOLUME     =    214768.3010
                                                    Density    =         1.0184
 ------------------------------------------------------------------------------

wrapping first mol.:       21.77810       30.79888       53.34523
wrapping first mol.:       21.77810       30.79888       53.34523

 NSTEP =    25500   TIME(PS) =    2451.000  TEMP(K) =   300.51  PRESS =   -96.2
 Etot   =    -52224.0372  EKtot   =     13178.1543  EPtot      =    -65402.1915
 BOND   =       414.0280  ANGLE   =      1117.5799  DIHED      =      1757.2896
 1-4 NB =       481.4424  1-4 EEL =      6816.4654  VDWAALS    =      7944.4243
 EELEC  =    -83986.9842  EHBOND  =         0.0000  RESTRAINT  =        53.5632
 EAMBER (non-restraint)  =    -65455.7547
 EKCMT  =      5789.2323  VIRIAL  =      6235.2689  VOLUME     =    214686.8400
                                                    Density    =         1.0188
 ------------------------------------------------------------------------------

wrapping first mol.:       21.77037       30.78795       53.32629
wrapping first mol.:       21.77037       30.78795       53.32629

 NSTEP =    26000   TIME(PS) =    2452.000  TEMP(K) =   298.51  PRESS =   136.3
 Etot   =    -52450.4944  EKtot   =     13090.2383  EPtot      =    -65540.7327
 BOND   =       398.2215  ANGLE   =      1169.5566  DIHED      =      1761.0466
 1-4 NB =       496.6769  1-4 EEL =      6824.2185  VDWAALS    =      8012.2860
 EELEC  =    -84254.2659  EHBOND  =         0.0000  RESTRAINT  =        51.5271
 EAMBER (non-restraint)  =    -65592.2598
 EKCMT  =      5671.0990  VIRIAL  =      5040.1188  VOLUME     =    214453.8113
                                                    Density    =         1.0199
 ------------------------------------------------------------------------------

wrapping first mol.:       21.78050       30.80227       53.35110
wrapping first mol.:       21.78050       30.80227       53.35110

 NSTEP =    26500   TIME(PS) =    2453.000  TEMP(K) =   297.34  PRESS =   -29.1
 Etot   =    -52294.1390  EKtot   =     13039.0605  EPtot      =    -65333.1996
 BOND   =       400.4172  ANGLE   =      1216.7331  DIHED      =      1781.3865
 1-4 NB =       498.3570  1-4 EEL =      6829.9197  VDWAALS    =      7895.3600
 EELEC  =    -84009.7135  EHBOND  =         0.0000  RESTRAINT  =        54.3403
 EAMBER (non-restraint)  =    -65387.5399
 EKCMT  =      5699.8985  VIRIAL  =      5834.6494  VOLUME     =    214756.4272
                                                    Density    =         1.0184
 ------------------------------------------------------------------------------

wrapping first mol.:       21.77615       30.79612       53.34044
wrapping first mol.:       21.77615       30.79612       53.34044

 NSTEP =    27000   TIME(PS) =    2454.000  TEMP(K) =   301.67  PRESS =   -85.3
 Etot   =    -52022.5129  EKtot   =     13229.1074  EPtot      =    -65251.6203
 BOND   =       397.9097  ANGLE   =      1161.9057  DIHED      =      1745.7080
 1-4 NB =       511.5326  1-4 EEL =      6852.9074  VDWAALS    =      7805.4783
 EELEC  =    -83777.5896  EHBOND  =         0.0000  RESTRAINT  =        50.5276
 EAMBER (non-restraint)  =    -65302.1479
 EKCMT  =      5849.2521  VIRIAL  =      6244.3271  VOLUME     =    214628.8593
                                                    Density    =         1.0191
 ------------------------------------------------------------------------------

wrapping first mol.:       21.78520       30.80893       53.36263
wrapping first mol.:       21.78520       30.80893       53.36263

 NSTEP =    27500   TIME(PS) =    2455.000  TEMP(K) =   298.06  PRESS =   433.5
 Etot   =    -52454.0383  EKtot   =     13070.8506  EPtot      =    -65524.8889
 BOND   =       403.3525  ANGLE   =      1156.7793  DIHED      =      1757.1429
 1-4 NB =       485.5897  1-4 EEL =      6798.4730  VDWAALS    =      8225.0462
 EELEC  =    -84407.3058  EHBOND  =         0.0000  RESTRAINT  =        56.0333
 EAMBER (non-restraint)  =    -65580.9222
 EKCMT  =      5749.0576  VIRIAL  =      3737.8683  VOLUME     =    214886.8492
                                                    Density    =         1.0178
 ------------------------------------------------------------------------------

wrapping first mol.:       21.78232       30.80486       53.35557
wrapping first mol.:       21.78232       30.80486       53.35557

 NSTEP =    28000   TIME(PS) =    2456.000  TEMP(K) =   301.98  PRESS =   154.8
 Etot   =    -52037.8443  EKtot   =     13242.3213  EPtot      =    -65280.1656
 BOND   =       391.5540  ANGLE   =      1162.6784  DIHED      =      1744.7088
 1-4 NB =       508.8987  1-4 EEL =      6826.5144  VDWAALS    =      7940.7708
 EELEC  =    -83913.6688  EHBOND  =         0.0000  RESTRAINT  =        58.3781
 EAMBER (non-restraint)  =    -65338.5438
 EKCMT  =      5863.2713  VIRIAL  =      5145.3632  VOLUME     =    214806.9554
                                                    Density    =         1.0182
 ------------------------------------------------------------------------------

wrapping first mol.:       21.78169       30.80396       53.35403
wrapping first mol.:       21.78169       30.80396       53.35403

 NSTEP =    28500   TIME(PS) =    2457.000  TEMP(K) =   301.74  PRESS =   -52.5
 Etot   =    -51958.7453  EKtot   =     13232.0078  EPtot      =    -65190.7531
 BOND   =       416.2730  ANGLE   =      1170.6419  DIHED      =      1753.5765
 1-4 NB =       517.2741  1-4 EEL =      6838.6225  VDWAALS    =      7788.4806
 EELEC  =    -83740.9859  EHBOND  =         0.0000  RESTRAINT  =        65.3642
 EAMBER (non-restraint)  =    -65256.1173
 EKCMT  =      5822.2740  VIRIAL  =      6065.9235  VOLUME     =    214792.2447
                                                    Density    =         1.0183
 ------------------------------------------------------------------------------

wrapping first mol.:       21.78499       30.80863       53.36210
wrapping first mol.:       21.78499       30.80863       53.36210

 NSTEP =    29000   TIME(PS) =    2458.000  TEMP(K) =   300.52  PRESS =   334.2
 Etot   =    -52037.3779  EKtot   =     13178.5840  EPtot      =    -65215.9618
 BOND   =       398.6859  ANGLE   =      1148.7182  DIHED      =      1785.4857
 1-4 NB =       508.8431  1-4 EEL =      6863.5238  VDWAALS    =      7988.1712
 EELEC  =    -83976.3725  EHBOND  =         0.0000  RESTRAINT  =        66.9827
 EAMBER (non-restraint)  =    -65282.9446
 EKCMT  =      5818.4534  VIRIAL  =      4267.7173  VOLUME     =    214882.3691
                                                    Density    =         1.0179
 ------------------------------------------------------------------------------

wrapping first mol.:       21.79097       30.81708       53.37675
wrapping first mol.:       21.79097       30.81708       53.37675

 NSTEP =    29500   TIME(PS) =    2459.000  TEMP(K) =   300.73  PRESS =   123.5
 Etot   =    -52023.1003  EKtot   =     13187.8193  EPtot      =    -65210.9196
 BOND   =       384.3731  ANGLE   =      1161.2569  DIHED      =      1734.4086
 1-4 NB =       518.4268  1-4 EEL =      6828.4982  VDWAALS    =      8028.6948
 EELEC  =    -83932.5915  EHBOND  =         0.0000  RESTRAINT  =        66.0136
 EAMBER (non-restraint)  =    -65276.9332
 EKCMT  =      5764.2857  VIRIAL  =      5190.8584  VOLUME     =    215063.3913
                                                    Density    =         1.0170
 ------------------------------------------------------------------------------

wrapping first mol.:       21.79931       30.82889       53.39719
wrapping first mol.:       21.79931       30.82889       53.39719

 NSTEP =    30000   TIME(PS) =    2460.000  TEMP(K) =   298.77  PRESS =    53.6
 Etot   =    -51979.1007  EKtot   =     13101.9150  EPtot      =    -65081.0157
 BOND   =       383.4810  ANGLE   =      1185.5152  DIHED      =      1772.8644
 1-4 NB =       495.8615  1-4 EEL =      6830.6043  VDWAALS    =      7826.0756
 EELEC  =    -83626.1249  EHBOND  =         0.0000  RESTRAINT  =        50.7071
 EAMBER (non-restraint)  =    -65131.7229
 EKCMT  =      5818.3001  VIRIAL  =      5569.2104  VOLUME     =    215311.9621
                                                    Density    =         1.0158
 ------------------------------------------------------------------------------

wrapping first mol.:       21.77582       30.79565       53.33963
wrapping first mol.:       21.77582       30.79565       53.33963

 NSTEP =    30500   TIME(PS) =    2461.000  TEMP(K) =   297.18  PRESS =   278.1
 Etot   =    -52017.8537  EKtot   =     13031.8789  EPtot      =    -65049.7326
 BOND   =       405.7941  ANGLE   =      1131.3612  DIHED      =      1758.8490
 1-4 NB =       489.0009  1-4 EEL =      6808.4516  VDWAALS    =      7975.8034
 EELEC  =    -83678.3997  EHBOND  =         0.0000  RESTRAINT  =        59.4069
 EAMBER (non-restraint)  =    -65109.1394
 EKCMT  =      5790.1887  VIRIAL  =      4501.6856  VOLUME     =    214612.1433
                                                    Density    =         1.0191
 ------------------------------------------------------------------------------

wrapping first mol.:       21.76917       30.78626       53.32336
wrapping first mol.:       21.76917       30.78626       53.32336

 NSTEP =    31000   TIME(PS) =    2462.000  TEMP(K) =   297.63  PRESS =  -133.2
 Etot   =    -52167.5444  EKtot   =     13051.7100  EPtot      =    -65219.2544
 BOND   =       423.1474  ANGLE   =      1164.1081  DIHED      =      1742.2822
 1-4 NB =       506.4680  1-4 EEL =      6788.3039  VDWAALS    =      7722.6020
 EELEC  =    -83621.7413  EHBOND  =         0.0000  RESTRAINT  =        55.5753
 EAMBER (non-restraint)  =    -65274.8297
 EKCMT  =      5745.3647  VIRIAL  =      6362.1095  VOLUME     =    214423.6236
                                                    Density    =         1.0200
 ------------------------------------------------------------------------------

wrapping first mol.:       21.75775       30.77010       53.29538
wrapping first mol.:       21.75775       30.77010       53.29538

 NSTEP =    31500   TIME(PS) =    2463.000  TEMP(K) =   302.62  PRESS =   277.5
 Etot   =    -51896.9445  EKtot   =     13270.7051  EPtot      =    -65167.6495
 BOND   =       372.4088  ANGLE   =      1193.2246  DIHED      =      1769.0536
 1-4 NB =       505.6597  1-4 EEL =      6848.4279  VDWAALS    =      7828.2921
 EELEC  =    -83748.7123  EHBOND  =         0.0000  RESTRAINT  =        63.9961
 EAMBER (non-restraint)  =    -65231.6457
 EKCMT  =      5816.1258  VIRIAL  =      4533.5567  VOLUME     =    214078.4391
                                                    Density    =         1.0217
 ------------------------------------------------------------------------------

wrapping first mol.:       21.76635       30.78227       53.31645
wrapping first mol.:       21.76635       30.78227       53.31645

 NSTEP =    32000   TIME(PS) =    2464.000  TEMP(K) =   303.35  PRESS =   104.7
 Etot   =    -51986.7479  EKtot   =     13302.5869  EPtot      =    -65289.3348
 BOND   =       417.3316  ANGLE   =      1145.9136  DIHED      =      1749.3924
 1-4 NB =       504.9114  1-4 EEL =      6843.7352  VDWAALS    =      7860.1927
 EELEC  =    -83866.1643  EHBOND  =         0.0000  RESTRAINT  =        55.3525
 EAMBER (non-restraint)  =    -65344.6872
 EKCMT  =      5793.7876  VIRIAL  =      5309.2542  VOLUME     =    214335.7505
                                                    Density    =         1.0204
 ------------------------------------------------------------------------------

wrapping first mol.:       21.75711       30.76920       53.29381
wrapping first mol.:       21.75711       30.76920       53.29381

 NSTEP =    32500   TIME(PS) =    2465.000  TEMP(K) =   301.64  PRESS =  -113.9
 Etot   =    -52126.8715  EKtot   =     13227.7031  EPtot      =    -65354.5746
 BOND   =       419.1995  ANGLE   =      1160.6092  DIHED      =      1755.8682
 1-4 NB =       507.0279  1-4 EEL =      6812.2695  VDWAALS    =      7917.2128
 EELEC  =    -83985.9373  EHBOND  =         0.0000  RESTRAINT  =        59.1755
 EAMBER (non-restraint)  =    -65413.7501
 EKCMT  =      5850.4425  VIRIAL  =      6377.0681  VOLUME     =    214067.0544
                                                    Density    =         1.0217
 ------------------------------------------------------------------------------

wrapping first mol.:       21.75632       30.76808       53.29187
wrapping first mol.:       21.75632       30.76808       53.29187

 NSTEP =    33000   TIME(PS) =    2466.000  TEMP(K) =   302.23  PRESS =  -136.2
 Etot   =    -52081.6751  EKtot   =     13253.5361  EPtot      =    -65335.2112
 BOND   =       409.7436  ANGLE   =      1172.5271  DIHED      =      1761.9151
 1-4 NB =       504.8911  1-4 EEL =      6819.8922  VDWAALS    =      7691.0165
 EELEC  =    -83749.5412  EHBOND  =         0.0000  RESTRAINT  =        54.3444
 EAMBER (non-restraint)  =    -65389.5557
 EKCMT  =      5752.2520  VIRIAL  =      6381.5497  VOLUME     =    214044.0233
                                                    Density    =         1.0218
 ------------------------------------------------------------------------------

wrapping first mol.:       21.77121       30.78914       53.32834
wrapping first mol.:       21.77121       30.78914       53.32834

 NSTEP =    33500   TIME(PS) =    2467.000  TEMP(K) =   299.38  PRESS =   294.4
 Etot   =    -52120.8554  EKtot   =     13128.4551  EPtot      =    -65249.3104
 BOND   =       400.3268  ANGLE   =      1141.7851  DIHED      =      1740.3401
 1-4 NB =       508.3297  1-4 EEL =      6849.7437  VDWAALS    =      8124.7353
 EELEC  =    -84070.1353  EHBOND  =         0.0000  RESTRAINT  =        55.5642
 EAMBER (non-restraint)  =    -65304.8747
 EKCMT  =      5795.8715  VIRIAL  =      4432.4036  VOLUME     =    214475.6057
                                                    Density    =         1.0198
 ------------------------------------------------------------------------------

wrapping first mol.:       21.77028       30.78782       53.32607
wrapping first mol.:       21.77028       30.78782       53.32607

 NSTEP =    34000   TIME(PS) =    2468.000  TEMP(K) =   299.96  PRESS =  -250.2
 Etot   =    -52045.1503  EKtot   =     13154.1455  EPtot      =    -65199.2958
 BOND   =       423.2722  ANGLE   =      1138.5168  DIHED      =      1754.6155
 1-4 NB =       497.1729  1-4 EEL =      6815.4682  VDWAALS    =      7591.3709
 EELEC  =    -83477.0007  EHBOND  =         0.0000  RESTRAINT  =        57.2883
 EAMBER (non-restraint)  =    -65256.5841
 EKCMT  =      5760.0513  VIRIAL  =      6918.5781  VOLUME     =    214458.5905
                                                    Density    =         1.0199
 ------------------------------------------------------------------------------

wrapping first mol.:       21.76936       30.78652       53.32381
wrapping first mol.:       21.76936       30.78652       53.32381

 NSTEP =    34500   TIME(PS) =    2469.000  TEMP(K) =   304.25  PRESS =   -49.7
 Etot   =    -51977.9447  EKtot   =     13341.8652  EPtot      =    -65319.8100
 BOND   =       390.1401  ANGLE   =      1148.8195  DIHED      =      1796.5412
 1-4 NB =       497.6813  1-4 EEL =      6856.8926  VDWAALS    =      7748.4208
 EELEC  =    -83827.1497  EHBOND  =         0.0000  RESTRAINT  =        68.8442
 EAMBER (non-restraint)  =    -65388.6542
 EKCMT  =      5848.9567  VIRIAL  =      6079.2208  VOLUME     =    214427.4579
                                                    Density    =         1.0200
 ------------------------------------------------------------------------------

wrapping first mol.:       21.75881       30.77160       53.29798
wrapping first mol.:       21.75881       30.77160       53.29798

 NSTEP =    35000   TIME(PS) =    2470.000  TEMP(K) =   297.13  PRESS =    23.6
 Etot   =    -52118.9700  EKtot   =     13029.8164  EPtot      =    -65148.7864
 BOND   =       401.6669  ANGLE   =      1129.8909  DIHED      =      1767.4187
 1-4 NB =       515.0738  1-4 EEL =      6873.3199  VDWAALS    =      7900.2706
 EELEC  =    -83795.8714  EHBOND  =         0.0000  RESTRAINT  =        59.4441
 EAMBER (non-restraint)  =    -65208.2305
 EKCMT  =      5641.5601  VIRIAL  =      5532.3542  VOLUME     =    214114.6002
                                                    Density    =         1.0215
 ------------------------------------------------------------------------------

wrapping first mol.:       21.76630       30.78220       53.31632
wrapping first mol.:       21.76630       30.78220       53.31632

 NSTEP =    35500   TIME(PS) =    2471.000  TEMP(K) =   300.81  PRESS =  -132.5
 Etot   =    -52148.2717  EKtot   =     13191.4336  EPtot      =    -65339.7053
 BOND   =       401.0292  ANGLE   =      1166.4348  DIHED      =      1768.7522
 1-4 NB =       495.1782  1-4 EEL =      6830.5952  VDWAALS    =      7725.5456
 EELEC  =    -83786.1747  EHBOND  =         0.0000  RESTRAINT  =        58.9342
 EAMBER (non-restraint)  =    -65398.6394
 EKCMT  =      5750.3887  VIRIAL  =      6363.4889  VOLUME     =    214338.7343
                                                    Density    =         1.0204
 ------------------------------------------------------------------------------

wrapping first mol.:       21.75847       30.77112       53.29714
wrapping first mol.:       21.75847       30.77112       53.29714

 NSTEP =    36000   TIME(PS) =    2472.000  TEMP(K) =   298.76  PRESS =   -12.0
 Etot   =    -52240.9771  EKtot   =     13101.2051  EPtot      =    -65342.1821
 BOND   =       410.9796  ANGLE   =      1139.9948  DIHED      =      1781.5842
 1-4 NB =       496.1624  1-4 EEL =      6788.3639  VDWAALS    =      7912.9105
 EELEC  =    -83930.6367  EHBOND  =         0.0000  RESTRAINT  =        58.4592
 EAMBER (non-restraint)  =    -65400.6414
 EKCMT  =      5731.3293  VIRIAL  =      5786.9512  VOLUME     =    214105.2047
                                                    Density    =         1.0215
 ------------------------------------------------------------------------------

wrapping first mol.:       21.77347       30.79233       53.33388
wrapping first mol.:       21.77347       30.79233       53.33388

 NSTEP =    36500   TIME(PS) =    2473.000  TEMP(K) =   302.06  PRESS =   -40.9
 Etot   =    -51949.1942  EKtot   =     13246.0986  EPtot      =    -65195.2928
 BOND   =       426.6993  ANGLE   =      1089.3930  DIHED      =      1764.2107
 1-4 NB =       498.2551  1-4 EEL =      6832.7353  VDWAALS    =      7778.8322
 EELEC  =    -83644.9876  EHBOND  =         0.0000  RESTRAINT  =        59.5694
 EAMBER (non-restraint)  =    -65254.8622
 EKCMT  =      5820.6728  VIRIAL  =      6010.2403  VOLUME     =    214548.8532
                                                    Density    =         1.0194
 ------------------------------------------------------------------------------

wrapping first mol.:       21.78801       30.81290       53.36951
wrapping first mol.:       21.78801       30.81290       53.36951

 NSTEP =    37000   TIME(PS) =    2474.000  TEMP(K) =   300.77  PRESS =     9.7
 Etot   =    -52081.4939  EKtot   =     13189.3379  EPtot      =    -65270.8318
 BOND   =       393.4822  ANGLE   =      1156.3036  DIHED      =      1762.9533
 1-4 NB =       509.4204  1-4 EEL =      6826.2811  VDWAALS    =      7791.1598
 EELEC  =    -83772.9359  EHBOND  =         0.0000  RESTRAINT  =        62.5038
 EAMBER (non-restraint)  =    -65333.3356
 EKCMT  =      5829.3611  VIRIAL  =      5784.3394  VOLUME     =    214978.1388
                                                    Density    =         1.0174
 ------------------------------------------------------------------------------

wrapping first mol.:       21.78376       30.80689       53.35909
wrapping first mol.:       21.78376       30.80689       53.35909

 NSTEP =    37500   TIME(PS) =    2475.000  TEMP(K) =   299.53  PRESS =   119.6
 Etot   =    -52066.9496  EKtot   =     13134.9297  EPtot      =    -65201.8793
 BOND   =       419.8861  ANGLE   =      1140.7872  DIHED      =      1747.9458
 1-4 NB =       513.1837  1-4 EEL =      6820.0732  VDWAALS    =      7849.1454
 EELEC  =    -83753.8749  EHBOND  =         0.0000  RESTRAINT  =        60.9742
 EAMBER (non-restraint)  =    -65262.8535
 EKCMT  =      5807.2631  VIRIAL  =      5252.4162  VOLUME     =    214850.1405
                                                    Density    =         1.0180
 ------------------------------------------------------------------------------

wrapping first mol.:       21.77208       30.79037       53.33047
wrapping first mol.:       21.77208       30.79037       53.33047

 NSTEP =    38000   TIME(PS) =    2476.000  TEMP(K) =   302.64  PRESS =  -244.8
 Etot   =    -52215.8781  EKtot   =     13271.6445  EPtot      =    -65487.5227
 BOND   =       386.2158  ANGLE   =      1116.7595  DIHED      =      1762.7839
 1-4 NB =       494.1171  1-4 EEL =      6834.5113  VDWAALS    =      7758.0833
 EELEC  =    -83897.1945  EHBOND  =         0.0000  RESTRAINT  =        57.2008
 EAMBER (non-restraint)  =    -65544.7235
 EKCMT  =      5861.8948  VIRIAL  =      6995.7943  VOLUME     =    214511.6220
                                                    Density    =         1.0196
 ------------------------------------------------------------------------------

wrapping first mol.:       21.78092       30.80287       53.35213
wrapping first mol.:       21.78092       30.80287       53.35213

 NSTEP =    38500   TIME(PS) =    2477.000  TEMP(K) =   302.36  PRESS =  -132.3
 Etot   =    -51979.7223  EKtot   =     13259.0195  EPtot      =    -65238.7418
 BOND   =       391.9147  ANGLE   =      1191.4492  DIHED      =      1760.9566
 1-4 NB =       501.0696  1-4 EEL =      6798.7894  VDWAALS    =      7697.1842
 EELEC  =    -83645.8766  EHBOND  =         0.0000  RESTRAINT  =        65.7710
 EAMBER (non-restraint)  =    -65304.5129
 EKCMT  =      5861.9494  VIRIAL  =      6475.5059  VOLUME     =    214770.9400
                                                    Density    =         1.0184
 ------------------------------------------------------------------------------

wrapping first mol.:       21.78266       30.80534       53.35641
wrapping first mol.:       21.78266       30.80534       53.35641

 NSTEP =    39000   TIME(PS) =    2478.000  TEMP(K) =   298.64  PRESS =  -155.6
 Etot   =    -52119.0436  EKtot   =     13095.8740  EPtot      =    -65214.9176
 BOND   =       408.4291  ANGLE   =      1150.4568  DIHED      =      1763.7175
 1-4 NB =       499.7784  1-4 EEL =      6793.5796  VDWAALS    =      7804.2909
 EELEC  =    -83697.6936  EHBOND  =         0.0000  RESTRAINT  =        62.5236
 EAMBER (non-restraint)  =    -65277.4412
 EKCMT  =      5750.4807  VIRIAL  =      6472.2430  VOLUME     =    214822.9698
                                                    Density    =         1.0181
 ------------------------------------------------------------------------------

wrapping first mol.:       21.78175       30.80405       53.35417
wrapping first mol.:       21.78175       30.80405       53.35417

 NSTEP =    39500   TIME(PS) =    2479.000  TEMP(K) =   297.16  PRESS =  -263.8
 Etot   =    -52251.0646  EKtot   =     13031.1934  EPtot      =    -65282.2580
 BOND   =       415.7954  ANGLE   =      1145.8275  DIHED      =      1760.3854
 1-4 NB =       498.9689  1-4 EEL =      6784.5051  VDWAALS    =      7932.0748
 EELEC  =    -83880.3073  EHBOND  =         0.0000  RESTRAINT  =        60.4922
 EAMBER (non-restraint)  =    -65342.7502
 EKCMT  =      5759.4885  VIRIAL  =      6982.7520  VOLUME     =    214798.0578
                                                    Density    =         1.0183
 ------------------------------------------------------------------------------

wrapping first mol.:       21.77421       30.79338       53.33569
wrapping first mol.:       21.77421       30.79338       53.33569

 NSTEP =    40000   TIME(PS) =    2480.000  TEMP(K) =   301.13  PRESS =     7.1
 Etot   =    -52044.4537  EKtot   =     13205.2461  EPtot      =    -65249.6998
 BOND   =       379.9923  ANGLE   =      1166.9800  DIHED      =      1761.6762
 1-4 NB =       512.3473  1-4 EEL =      6792.4479  VDWAALS    =      7781.0554
 EELEC  =    -83699.3424  EHBOND  =         0.0000  RESTRAINT  =        55.1434
 EAMBER (non-restraint)  =    -65304.8432
 EKCMT  =      5844.1588  VIRIAL  =      5811.2283  VOLUME     =    214569.7413
                                                    Density    =         1.0193
 ------------------------------------------------------------------------------

wrapping first mol.:       21.77490       30.79436       53.33740
wrapping first mol.:       21.77490       30.79436       53.33740

 NSTEP =    40500   TIME(PS) =    2481.000  TEMP(K) =   297.57  PRESS =   153.4
 Etot   =    -52021.7978  EKtot   =     13049.3232  EPtot      =    -65071.1211
 BOND   =       394.9114  ANGLE   =      1159.2900  DIHED      =      1752.8325
 1-4 NB =       502.2509  1-4 EEL =      6819.8590  VDWAALS    =      8010.0339
 EELEC  =    -83769.3046  EHBOND  =         0.0000  RESTRAINT  =        59.0058
 EAMBER (non-restraint)  =    -65130.1269
 EKCMT  =      5727.8311  VIRIAL  =      5016.9738  VOLUME     =    214587.5277
                                                    Density    =         1.0192
 ------------------------------------------------------------------------------

wrapping first mol.:       21.77509       30.79463       53.33786
wrapping first mol.:       21.77509       30.79463       53.33786

 NSTEP =    41000   TIME(PS) =    2482.000  TEMP(K) =   303.01  PRESS =     9.8
 Etot   =    -51679.6406  EKtot   =     13287.5410  EPtot      =    -64967.1816
 BOND   =       404.9537  ANGLE   =      1151.8371  DIHED      =      1761.3451
 1-4 NB =       513.3773  1-4 EEL =      6817.4886  VDWAALS    =      7829.0809
 EELEC  =    -83513.1129  EHBOND  =         0.0000  RESTRAINT  =        67.8487
 EAMBER (non-restraint)  =    -65035.0304
 EKCMT  =      5882.7582  VIRIAL  =      5837.5817  VOLUME     =    214595.8376
                                                    Density    =         1.0192
 ------------------------------------------------------------------------------

wrapping first mol.:       21.76299       30.77752       53.30822
wrapping first mol.:       21.76299       30.77752       53.30822

 NSTEP =    41500   TIME(PS) =    2483.000  TEMP(K) =   298.70  PRESS =  -203.4
 Etot   =    -52201.6820  EKtot   =     13098.6836  EPtot      =    -65300.3656
 BOND   =       416.3063  ANGLE   =      1131.6902  DIHED      =      1771.1762
 1-4 NB =       496.8336  1-4 EEL =      6853.4379  VDWAALS    =      7787.2899
 EELEC  =    -83819.2211  EHBOND  =         0.0000  RESTRAINT  =        62.1213
 EAMBER (non-restraint)  =    -65362.4869
 EKCMT  =      5785.3123  VIRIAL  =      6726.4183  VOLUME     =    214242.3889
                                                    Density    =         1.0209
 ------------------------------------------------------------------------------

wrapping first mol.:       21.78520       30.80893       53.36262
wrapping first mol.:       21.78520       30.80893       53.36262

 NSTEP =    42000   TIME(PS) =    2484.000  TEMP(K) =   302.86  PRESS =   123.5
 Etot   =    -52015.0490  EKtot   =     13281.1123  EPtot      =    -65296.1613
 BOND   =       412.0798  ANGLE   =      1131.2112  DIHED      =      1738.7783
 1-4 NB =       510.6662  1-4 EEL =      6845.2601  VDWAALS    =      7887.1472
 EELEC  =    -83886.1967  EHBOND  =         0.0000  RESTRAINT  =        64.8924
 EAMBER (non-restraint)  =    -65361.0537
 EKCMT  =      5856.6587  VIRIAL  =      5283.6455  VOLUME     =    214892.7021
                                                    Density    =         1.0178
 ------------------------------------------------------------------------------

wrapping first mol.:       21.77369       30.79264       53.33441
wrapping first mol.:       21.77369       30.79264       53.33441

 NSTEP =    42500   TIME(PS) =    2485.000  TEMP(K) =   300.78  PRESS =  -191.0
 Etot   =    -52000.5980  EKtot   =     13189.8955  EPtot      =    -65190.4935
 BOND   =       397.6134  ANGLE   =      1161.5264  DIHED      =      1774.7274
 1-4 NB =       498.6899  1-4 EEL =      6816.8054  VDWAALS    =      7824.5217
 EELEC  =    -83725.0978  EHBOND  =         0.0000  RESTRAINT  =        60.7201
 EAMBER (non-restraint)  =    -65251.2135
 EKCMT  =      5767.6987  VIRIAL  =      6652.4875  VOLUME     =    214558.1142
                                                    Density    =         1.0194
 ------------------------------------------------------------------------------

wrapping first mol.:       21.78088       30.80281       53.35203
wrapping first mol.:       21.78088       30.80281       53.35203

 NSTEP =    43000   TIME(PS) =    2486.000  TEMP(K) =   301.84  PRESS =   155.0
 Etot   =    -51996.7555  EKtot   =     13236.2852  EPtot      =    -65233.0407
 BOND   =       405.1260  ANGLE   =      1155.9318  DIHED      =      1760.6755
 1-4 NB =       503.2678  1-4 EEL =      6828.1079  VDWAALS    =      7978.2574
 EELEC  =    -83915.3181  EHBOND  =         0.0000  RESTRAINT  =        50.9110
 EAMBER (non-restraint)  =    -65283.9516
 EKCMT  =      5842.7765  VIRIAL  =      5123.9193  VOLUME     =    214764.1294
                                                    Density    =         1.0184
 ------------------------------------------------------------------------------

wrapping first mol.:       21.79151       30.81785       53.37808
wrapping first mol.:       21.79151       30.81785       53.37808

 NSTEP =    43500   TIME(PS) =    2487.000  TEMP(K) =   302.58  PRESS =   188.3
 Etot   =    -52079.7800  EKtot   =     13268.7500  EPtot      =    -65348.5300
 BOND   =       427.7163  ANGLE   =      1168.3574  DIHED      =      1778.3623
 1-4 NB =       499.4513  1-4 EEL =      6796.2165  VDWAALS    =      7952.9103
 EELEC  =    -84025.8260  EHBOND  =         0.0000  RESTRAINT  =        54.2820
 EAMBER (non-restraint)  =    -65402.8120
 EKCMT  =      5874.3906  VIRIAL  =      5000.1866  VOLUME     =    215078.2298
                                                    Density    =         1.0169
 ------------------------------------------------------------------------------

wrapping first mol.:       21.76440       30.77951       53.31167
wrapping first mol.:       21.76440       30.77951       53.31167

 NSTEP =    44000   TIME(PS) =    2488.000  TEMP(K) =   300.00  PRESS =  -221.7
 Etot   =    -52133.0404  EKtot   =     13155.7373  EPtot      =    -65288.7777
 BOND   =       390.5969  ANGLE   =      1192.8928  DIHED      =      1776.0541
 1-4 NB =       509.7494  1-4 EEL =      6803.2938  VDWAALS    =      7842.5269
 EELEC  =    -83863.4114  EHBOND  =         0.0000  RESTRAINT  =        59.5198
 EAMBER (non-restraint)  =    -65348.2974
 EKCMT  =      5733.6300  VIRIAL  =      6759.4671  VOLUME     =    214284.3094
                                                    Density    =         1.0207
 ------------------------------------------------------------------------------

wrapping first mol.:       21.78408       30.80734       53.35988
wrapping first mol.:       21.78408       30.80734       53.35988

 NSTEP =    44500   TIME(PS) =    2489.000  TEMP(K) =   298.09  PRESS =   -66.1
 Etot   =    -52050.2619  EKtot   =     13071.9170  EPtot      =    -65122.1789
 BOND   =       409.2819  ANGLE   =      1144.6167  DIHED      =      1770.1657
 1-4 NB =       507.0188  1-4 EEL =      6840.3652  VDWAALS    =      7772.1113
 EELEC  =    -83622.3067  EHBOND  =         0.0000  RESTRAINT  =        56.5683
 EAMBER (non-restraint)  =    -65178.7472
 EKCMT  =      5748.2176  VIRIAL  =      6054.9539  VOLUME     =    214863.2078
                                                    Density    =         1.0179
 ------------------------------------------------------------------------------

wrapping first mol.:       21.78549       30.80933       53.36332
wrapping first mol.:       21.78549       30.80933       53.36332

 NSTEP =    45000   TIME(PS) =    2490.000  TEMP(K) =   301.13  PRESS =   -29.4
 Etot   =    -52196.4908  EKtot   =     13205.1035  EPtot      =    -65401.5943
 BOND   =       400.0519  ANGLE   =      1169.1090  DIHED      =      1787.0079
 1-4 NB =       486.3777  1-4 EEL =      6840.2895  VDWAALS    =      7750.3402
 EELEC  =    -83892.8536  EHBOND  =         0.0000  RESTRAINT  =        58.0832
 EAMBER (non-restraint)  =    -65459.6776
 EKCMT  =      5814.5381  VIRIAL  =      5950.7767  VOLUME     =    214904.0920
                                                    Density    =         1.0177
 ------------------------------------------------------------------------------

wrapping first mol.:       21.78843       30.81349       53.37052
wrapping first mol.:       21.78843       30.81349       53.37052

 NSTEP =    45500   TIME(PS) =    2491.000  TEMP(K) =   299.34  PRESS =    42.1
 Etot   =    -52130.3428  EKtot   =     13126.7422  EPtot      =    -65257.0850
 BOND   =       412.8652  ANGLE   =      1148.5958  DIHED      =      1762.8289
 1-4 NB =       498.9154  1-4 EEL =      6836.7955  VDWAALS    =      8045.6719
 EELEC  =    -84021.1390  EHBOND  =         0.0000  RESTRAINT  =        58.3813
 EAMBER (non-restraint)  =    -65315.4663
 EKCMT  =      5719.1980  VIRIAL  =      5523.6990  VOLUME     =    214989.7305
                                                    Density    =         1.0173
 ------------------------------------------------------------------------------

wrapping first mol.:       21.77090       30.78870       53.32759
wrapping first mol.:       21.77090       30.78870       53.32759

 NSTEP =    46000   TIME(PS) =    2492.000  TEMP(K) =   301.77  PRESS =   -52.2
 Etot   =    -52119.6140  EKtot   =     13233.2764  EPtot      =    -65352.8904
 BOND   =       371.7802  ANGLE   =      1119.2469  DIHED      =      1755.1855
 1-4 NB =       507.0211  1-4 EEL =      6842.2028  VDWAALS    =      7755.1466
 EELEC  =    -83768.6153  EHBOND  =         0.0000  RESTRAINT  =        65.1419
 EAMBER (non-restraint)  =    -65418.0323
 EKCMT  =      5818.1579  VIRIAL  =      6059.9924  VOLUME     =    214473.1647
                                                    Density    =         1.0198
 ------------------------------------------------------------------------------

wrapping first mol.:       21.78541       30.80922       53.36314
wrapping first mol.:       21.78541       30.80922       53.36314

 NSTEP =    46500   TIME(PS) =    2493.000  TEMP(K) =   296.57  PRESS =    16.8
 Etot   =    -52093.0445  EKtot   =     13005.4668  EPtot      =    -65098.5113
 BOND   =       419.4852  ANGLE   =      1188.1139  DIHED      =      1752.4596
 1-4 NB =       501.3555  1-4 EEL =      6790.8042  VDWAALS    =      7629.4288
 EELEC  =    -83440.6693  EHBOND  =         0.0000  RESTRAINT  =        60.5108
 EAMBER (non-restraint)  =    -65159.0220
 EKCMT  =      5710.7836  VIRIAL  =      5632.7312  VOLUME     =    214900.9866
                                                    Density    =         1.0178
 ------------------------------------------------------------------------------

wrapping first mol.:       21.78375       30.80688       53.35908
wrapping first mol.:       21.78375       30.80688       53.35908

 NSTEP =    47000   TIME(PS) =    2494.000  TEMP(K) =   297.85  PRESS =    92.3
 Etot   =    -52031.7545  EKtot   =     13061.2871  EPtot      =    -65093.0416
 BOND   =       403.9146  ANGLE   =      1167.5089  DIHED      =      1772.4958
 1-4 NB =       493.5857  1-4 EEL =      6835.3495  VDWAALS    =      7822.0332
 EELEC  =    -83643.8854  EHBOND  =         0.0000  RESTRAINT  =        55.9562
 EAMBER (non-restraint)  =    -65148.9978
 EKCMT  =      5741.7310  VIRIAL  =      5313.4649  VOLUME     =    214850.4650
                                                    Density    =         1.0180
 ------------------------------------------------------------------------------

wrapping first mol.:       21.78075       30.80264       53.35173
wrapping first mol.:       21.78075       30.80264       53.35173

 NSTEP =    47500   TIME(PS) =    2495.000  TEMP(K) =   299.93  PRESS =   152.7
 Etot   =    -51852.8973  EKtot   =     13152.6406  EPtot      =    -65005.5379
 BOND   =       408.6576  ANGLE   =      1179.1344  DIHED      =      1762.7727
 1-4 NB =       492.1028  1-4 EEL =      6793.4585  VDWAALS    =      7914.0192
 EELEC  =    -83607.0799  EHBOND  =         0.0000  RESTRAINT  =        51.3968
 EAMBER (non-restraint)  =    -65056.9347
 EKCMT  =      5819.2096  VIRIAL  =      5111.0504  VOLUME     =    214760.5388
                                                    Density    =         1.0184
 ------------------------------------------------------------------------------

wrapping first mol.:       21.78036       30.80209       53.35077
wrapping first mol.:       21.78036       30.80209       53.35077

 NSTEP =    48000   TIME(PS) =    2496.000  TEMP(K) =   304.44  PRESS =   -53.1
 Etot   =    -51918.3956  EKtot   =     13350.4492  EPtot      =    -65268.8449
 BOND   =       408.9888  ANGLE   =      1176.6507  DIHED      =      1751.7016
 1-4 NB =       501.8031  1-4 EEL =      6823.2770  VDWAALS    =      7908.8900
 EELEC  =    -83896.2896  EHBOND  =         0.0000  RESTRAINT  =        56.1336
 EAMBER (non-restraint)  =    -65324.9784
 EKCMT  =      5887.1630  VIRIAL  =      6133.1525  VOLUME     =    214752.9985
                                                    Density    =         1.0185
 ------------------------------------------------------------------------------

wrapping first mol.:       21.77771       30.79833       53.34427
wrapping first mol.:       21.77771       30.79833       53.34427

 NSTEP =    48500   TIME(PS) =    2497.000  TEMP(K) =   301.77  PRESS =   -82.3
 Etot   =    -51920.7311  EKtot   =     13233.1133  EPtot      =    -65153.8444
 BOND   =       382.3834  ANGLE   =      1116.3266  DIHED      =      1747.6649
 1-4 NB =       500.9462  1-4 EEL =      6839.7649  VDWAALS    =      7761.9090
 EELEC  =    -83568.4166  EHBOND  =         0.0000  RESTRAINT  =        65.5773
 EAMBER (non-restraint)  =    -65219.4217
 EKCMT  =      5778.2274  VIRIAL  =      6159.7214  VOLUME     =    214674.9677
                                                    Density    =         1.0188
 ------------------------------------------------------------------------------

wrapping first mol.:       21.79427       30.82175       53.38483
wrapping first mol.:       21.79427       30.82175       53.38483

 NSTEP =    49000   TIME(PS) =    2498.000  TEMP(K) =   299.49  PRESS =    76.5
 Etot   =    -51974.5380  EKtot   =     13133.1621  EPtot      =    -65107.7001
 BOND   =       397.2040  ANGLE   =      1200.1875  DIHED      =      1770.8274
 1-4 NB =       494.7812  1-4 EEL =      6808.0005  VDWAALS    =      8041.3712
 EELEC  =    -83876.3754  EHBOND  =         0.0000  RESTRAINT  =        56.3035
 EAMBER (non-restraint)  =    -65164.0036
 EKCMT  =      5741.4220  VIRIAL  =      5386.2379  VOLUME     =    215162.0017
                                                    Density    =         1.0165
 ------------------------------------------------------------------------------

wrapping first mol.:       21.79603       30.82423       53.38914
wrapping first mol.:       21.79603       30.82423       53.38914

 NSTEP =    49500   TIME(PS) =    2499.000  TEMP(K) =   297.11  PRESS =   -59.5
 Etot   =    -52146.5438  EKtot   =     13028.9531  EPtot      =    -65175.4970
 BOND   =       408.7694  ANGLE   =      1161.1725  DIHED      =      1772.2167
 1-4 NB =       510.4003  1-4 EEL =      6805.2620  VDWAALS    =      7889.2741
 EELEC  =    -83774.6165  EHBOND  =         0.0000  RESTRAINT  =        52.0244
 EAMBER (non-restraint)  =    -65227.5214
 EKCMT  =      5707.8975  VIRIAL  =      5984.2036  VOLUME     =    215216.7016
                                                    Density    =         1.0163
 ------------------------------------------------------------------------------

wrapping first mol.:       21.81892       30.85661       53.44522
wrapping first mol.:       21.81892       30.85661       53.44522

 NSTEP =    50000   TIME(PS) =    2500.000  TEMP(K) =   302.07  PRESS =  -204.6
 Etot   =    -52133.6090  EKtot   =     13246.5430  EPtot      =    -65380.1520
 BOND   =       417.2307  ANGLE   =      1160.8846  DIHED      =      1781.4873
 1-4 NB =       500.1416  1-4 EEL =      6829.0350  VDWAALS    =      7705.0215
 EELEC  =    -83832.4670  EHBOND  =         0.0000  RESTRAINT  =        58.5144
 EAMBER (non-restraint)  =    -65438.6664
 EKCMT  =      5786.6884  VIRIAL  =      6740.6205  VOLUME     =    215898.4040
                                                    Density    =         1.0131
 ------------------------------------------------------------------------------


      A V E R A G E S   O V E R     100 S T E P S


 NSTEP =    50000   TIME(PS) =    2500.000  TEMP(K) =   300.33  PRESS =    -3.3
 Etot   =    -52082.0286  EKtot   =     13170.0807  EPtot      =    -65252.1093
 BOND   =       405.3851  ANGLE   =      1152.5734  DIHED      =      1760.7838
 1-4 NB =       501.6009  1-4 EEL =      6828.7816  VDWAALS    =      7868.0292
 EELEC  =    -83828.3219  EHBOND  =         0.0000  RESTRAINT  =        59.0585
 EAMBER (non-restraint)  =    -65311.1678
 EKCMT  =      5791.9977  VIRIAL  =      5807.3749  VOLUME     =    214681.7065
                                                    Density    =         1.0188
 ------------------------------------------------------------------------------


      R M S  F L U C T U A T I O N S


 NSTEP =    50000   TIME(PS) =    2500.000  TEMP(K) =     2.03  PRESS =   159.8
 Etot   =       143.3757  EKtot   =        88.8433  EPtot      =       124.8412
 BOND   =        13.5175  ANGLE   =        26.0818  DIHED      =        12.1131
 1-4 NB =         8.4731  1-4 EEL =        22.0165  VDWAALS    =       125.5542
 EELEC  =       194.3053  EHBOND  =         0.0000  RESTRAINT  =         4.6520
 EAMBER (non-restraint)  =       120.1892
 EKCMT  =        62.2544  VIRIAL  =       746.7871  VOLUME     =       339.9982
                                                    Density    =         0.0016
 ------------------------------------------------------------------------------

--------------------------------------------------------------------------------
   5.  TIMINGS
--------------------------------------------------------------------------------

|  NonSetup CPU Time in Major Routines:
|
|     Routine           Sec        %
|     ------------------------------
|     Nonbond         119.64   89.07
|     Bond              0.00    0.00
|     Angle             0.00    0.00
|     Dihedral          0.00    0.00
|     Shake             0.33    0.24
|     RunMD            14.34   10.67
|     Other             0.02    0.02
|     ------------------------------
|     Total           134.33

|  PME Nonbond Pairlist CPU Time:
|
|     Routine              Sec        %
|     ---------------------------------
|     Set Up Cit           0.00    0.00
|     Build List           0.00    0.00
|     ---------------------------------
|     Total                0.00    0.00

|  PME Direct Force CPU Time:
|
|     Routine              Sec        %
|     ---------------------------------
|     NonBonded Calc       0.00    0.00
|     Exclude Masked       0.00    0.00
|     Other                0.02    0.01
|     ---------------------------------
|     Total                0.02    0.01

|  PME Reciprocal Force CPU Time:
|
|     Routine              Sec        %
|     ---------------------------------
|     1D bspline           0.00    0.00
|     Grid Charges         0.00    0.00
|     Scalar Sum           0.00    0.00
|     Gradient Sum         0.00    0.00
|     FFT                  0.00    0.00
|     ---------------------------------
|     Total                0.00    0.00

|  Final Performance Info:
|     -----------------------------------------------------
|     Average timings for last    4500 steps:
|     Elapsed(s) =      12.09 Per Step(ms) =       2.69
|         ns/day =      64.32   seconds/ns =    1343.22
|
|     Average timings for all steps:
|     Elapsed(s) =     134.32 Per Step(ms) =       2.69
|         ns/day =      64.32   seconds/ns =    1343.20
|     -----------------------------------------------------

|  Setup CPU time:            0.45 seconds
|  NonSetup CPU time:       134.33 seconds
|  Total CPU time:          134.78 seconds     0.04 hours

|  Setup wall time:           1    seconds
|  NonSetup wall time:      134    seconds
|  Total wall time:         135    seconds     0.04 hours
