
          -------------------------------------------------------
          Amber 16 PMEMD                              2016
          -------------------------------------------------------

| PMEMD implementation of SANDER, Release 16

| Run on 07/16/2018 at 13:50:03

|   Executable path: pmemd.cuda
| Working directory: /home/german/lbp/run/2w9y/mhe/e
|          Hostname: Unknown
  [-O]verwriting output

File Assignments:
|   MDIN: 22equ.in                                                              
|  MDOUT: 22equ.out                                                             
| INPCRD: 21e2w9y.rst7                                                          
|   PARM: /home/german/lbp/top_files/2w9y.prmtop                                
| RESTRT: 22e2w9y.rst7                                                          
|   REFC: 21e2w9y.rst7                                                          
|  MDVEL: mdvel                                                                 
|   MDEN: mden                                                                  
|  MDCRD: 22e2w9y.nc                                                            
| MDINFO: mdinfo                                                                
|  MDFRC: mdfrc                                                                 


 Here is the input file:

Equilibration with solute restrictions                                         
&cntrl                                                                         
imin = 0,                           ! No Minimization                          
nmropt = 0,                         ! No NMR restraints read                   
                                                                               
! Nature and format of the input                                               
ntx = 5,                            ! Coordinates and velocities will be read  
irest = 1,                          ! Do not run a new simulation              
                                                                               
! Nature and format of the output                                              
ntxo = 1,                           ! rstrt file in ASCII format               
ntpr = 500,                         ! inf in output every ntpr steps           
ntwr = 500,                         ! rstrt file every ntwr steps              
ntwx = 500,                         ! mdcrd file every ntwx steps              
ntwv = 0,                           ! mdvel without velocities                 
ntwe = 0,                           ! Do not write energies and temperatures   
idecomp = 0,                        ! No energy decomposition                  
iwrap = 1,                          ! Coordinates of the restart and mdcrd file
                                                                               
! Frozen or restrained atoms                                                   
ibelly = 0,                         ! No frozen atoms                          
ntr=1,                              ! Harmonic potential restraints            
restraint_wt = 1.0,                ! The weight for the positional restraints  
restraintmask = ':1-131@N,CA,C,O',  ! restrained residues                      
                                                                               
! Molecular dynamics                                                           
nstlim = 50000,                     ! Number of MD-steps                       
dt = 0.002,                         ! Time step                                
                                                                               
! Temperature regulation                                                       
ntt = 3,                            ! Langevin thermostat                      
gamma_ln = 5,                       ! Gamma constant for Langevin              
temp0 = 300.0,                      ! Reference T at which the system is to be 
tempi = 300.0,                      ! Initial T                                
ig = -1,                            ! Seed for the RNG                         
                                                                               
! P and V regulation                                                           
ntp = 1,                            ! constant P                               
barostat = 1,                       ! Berendsen barostat                       
taup = 1,                           ! Pressure relaxation time                 
ntb = 2,                            ! Periodic box for constant P              
                                                                               
! SHAKE variables                                                              
ntc = 2,                            ! Bonds involving H are constrained        
ntf = 2,                            ! Bond interaction involving H are ommited.
                                                                               
cut = 10.0,                         ! Nonbonded cutoff                         
/                                                                              
&end                                                                           


Note: ig = -1. Setting random seed to   161641 based on wallclock time in 
      microseconds.
 
|--------------------- INFORMATION ----------------------
| GPU (CUDA) Version of PMEMD in use: NVIDIA GPU IN USE.
|                    Version 16.0.0
| 
|                      02/25/2016
| 
| Implementation by:
|                    Ross C. Walker     (SDSC)
|                    Scott Le Grand     (nVIDIA)
| 
| Precision model in use:
|      [SPFP] - Single Precision Forces, 64-bit Fixed Point
|               Accumulation. (Default)
| 
|--------------------------------------------------------
 
|----------------- CITATION INFORMATION -----------------
|
|    When publishing work that utilized the CUDA version
|    of AMBER, please cite the following in addition to
|    the regular AMBER citations:
|
|  - Romelia Salomon-Ferrer; Andreas W. Goetz; Duncan
|    Poole; Scott Le Grand; Ross C. Walker "Routine
|    microsecond molecular dynamics simulations with
|    AMBER - Part II: Particle Mesh Ewald", J. Chem.
|    Theory Comput., 2013, 9 (9), pp3878-3888,
|    DOI: 10.1021/ct400314y.
|
|  - Andreas W. Goetz; Mark J. Williamson; Dong Xu;
|    Duncan Poole; Scott Le Grand; Ross C. Walker
|    "Routine microsecond molecular dynamics simulations
|    with AMBER - Part I: Generalized Born", J. Chem.
|    Theory Comput., 2012, 8 (5), pp1542-1555.
|
|  - Scott Le Grand; Andreas W. Goetz; Ross C. Walker
|    "SPFP: Speed without compromise - a mixed precision
|    model for GPU accelerated molecular dynamics
|    simulations.", Comp. Phys. Comm., 2013, 184
|    pp374-380, DOI: 10.1016/j.cpc.2012.09.022
|
|--------------------------------------------------------
 
|------------------- GPU DEVICE INFO --------------------
|
|            CUDA_VISIBLE_DEVICES: 0
|   CUDA Capable Devices Detected:      1
|           CUDA Device ID in use:      0
|                CUDA Device Name: GeForce GTX 1060 6GB
|     CUDA Device Global Mem Size:   6072 MB
| CUDA Device Num Multiprocessors:     10
|           CUDA Device Core Freq:   1.76 GHz
|
|--------------------------------------------------------
 
 
| Conditional Compilation Defines Used:
| PUBFFT
| BINTRAJ
| CUDA
| EMIL

| Largest sphere to fit in unit cell has radius =    26.723

| New format PARM file being parsed.
| Version =    1.000 Date = 07/16/18 Time = 12:31:37

| Note: 1-4 EEL scale factors are being read from the topology file.

| Note: 1-4 VDW scale factors are being read from the topology file.
| Duplicated    0 dihedrals

| Duplicated    0 dihedrals

--------------------------------------------------------------------------------
   1.  RESOURCE   USE: 
--------------------------------------------------------------------------------

 getting new box info from bottom of inpcrd
 NATOM  =   21528 NTYPES =      17 NBONH =   20449 MBONA  =    1096
 NTHETH =    2490 MTHETA =    1476 NPHIH =    4927 MPHIA  =    4723
 NHPARM =       0 NPARM  =       0 NNB   =   37810 NRES   =    6595
 NBONA  =    1096 NTHETA =    1476 NPHIA =    4723 NUMBND =      64
 NUMANG =     142 NPTRA  =     185 NATYP =      34 NPHB   =       1
 IFBOX  =       2 NMXRS  =      24 IFCAP =       0 NEXTRA =       0
 NCOPY  =       0

| Coordinate Index Table dimensions:    10   10   10
| Direct force subcell size =     6.5457    6.5457    6.5457

     BOX TYPE: TRUNCATED OCTAHEDRON

--------------------------------------------------------------------------------
   2.  CONTROL  DATA  FOR  THE  RUN
--------------------------------------------------------------------------------

default_name                                                                    

General flags:
     imin    =       0, nmropt  =       0

Nature and format of input:
     ntx     =       5, irest   =       1, ntrx    =       1

Nature and format of output:
     ntxo    =       1, ntpr    =     500, ntrx    =       1, ntwr    =     500
     iwrap   =       1, ntwx    =     500, ntwv    =       0, ntwe    =       0
     ioutfm  =       1, ntwprt  =       0, idecomp =       0, rbornstat=      0

Potential function:
     ntf     =       2, ntb     =       2, igb     =       0, nsnb    =      25
     ipol    =       0, gbsa    =       0, iesp    =       0
     dielc   =   1.00000, cut     =  10.00000, intdiel =   1.00000

Frozen or restrained atoms:
     ibelly  =       0, ntr     =       1
     restraint_wt =   1.00000

Molecular dynamics:
     nstlim  =     50000, nscm    =         0, nrespa  =         1
     t       =   0.00000, dt      =   0.00200, vlimit  =  -1.00000

Langevin dynamics temperature regulation:
     ig      =  161641
     temp0   = 300.00000, tempi   = 300.00000, gamma_ln=   5.00000

Pressure regulation:
     ntp     =       1
     pres0   =   1.00000, comp    =  44.60000, taup    =   1.00000

SHAKE:
     ntc     =       2, jfastw  =       0
     tol     =   0.00001

| Intermolecular bonds treatment:
|     no_intermolecular_bonds =       1

| Energy averages sample interval:
|     ene_avg_sampling =     500

Ewald parameters:
     verbose =       0, ew_type =       0, nbflag  =       1, use_pme =       1
     vdwmeth =       1, eedmeth =       1, netfrc  =       1
     Box X =   65.457   Box Y =   65.457   Box Z =   65.457
     Alpha =  109.471   Beta  =  109.471   Gamma =  109.471
     NFFT1 =   64       NFFT2 =   64       NFFT3 =   64
     Cutoff=   10.000   Tol   =0.100E-04
     Ewald Coefficient =  0.27511
     Interpolation order =    4

    LOADING THE CONSTRAINED ATOMS AS GROUPS


   5.  REFERENCE ATOM COORDINATES

  default_name                                                                    
     Mask :1-131@N,CA,C,O; matches   524 atoms

--------------------------------------------------------------------------------
   3.  ATOMIC COORDINATES AND VELOCITIES
--------------------------------------------------------------------------------

default_name                                                                    
 begin time read from input coords =  2500.000 ps

 
 Number of triangulated 3-point waters found:     6455

     Sum of charges from parm topology file =  -0.00000007
     Forcing neutrality...

| Dynamic Memory, Types Used:
| Reals             1061755
| Integers           745452

| Nonbonded Pairs Initial Allocation:     6511681

| GPU memory information (estimate):
| KB of GPU memory in use:    159742
| KB of CPU memory in use:     30821

--------------------------------------------------------------------------------
   4.  RESULTS
--------------------------------------------------------------------------------

 ---------------------------------------------------
 APPROXIMATING switch and d/dx switch using CUBIC SPLINE INTERPOLATION
 using   5000.0 points per unit in tabled values
 TESTING RELATIVE ERROR over r ranging from 0.0 to cutoff
| CHECK switch(x): max rel err =   0.2738E-14   at   2.422500
| CHECK d/dx switch(x): max rel err =   0.8314E-11   at   2.736960
 ---------------------------------------------------
|---------------------------------------------------
| APPROXIMATING direct energy using CUBIC SPLINE INTERPOLATION
|  with   50.0 points per unit in tabled values
| Relative Error Limit not exceeded for r .gt.   2.33
| APPROXIMATING direct force using CUBIC SPLINE INTERPOLATION
|  with   50.0 points per unit in tabled values
| Relative Error Limit not exceeded for r .gt.   2.80
|---------------------------------------------------
wrapping first mol.:       21.80039       30.83041       53.39983
wrapping first mol.:       21.80039       30.83041       53.39983

 NSTEP =      500   TIME(PS) =    2501.000  TEMP(K) =   298.09  PRESS =   131.8
 Etot   =    -51978.6230  EKtot   =     13071.8125  EPtot      =    -65050.4355
 BOND   =       413.5030  ANGLE   =      1127.1372  DIHED      =      1766.6619
 1-4 NB =       512.5399  1-4 EEL =      6834.5794  VDWAALS    =      7822.9077
 EELEC  =    -83571.6906  EHBOND  =         0.0000  RESTRAINT  =        43.9260
 EAMBER (non-restraint)  =    -65094.3616
 EKCMT  =      5781.1054  VIRIAL  =      5168.4204  VOLUME     =    215342.4251
                                                    Density    =         1.0157
 ------------------------------------------------------------------------------

wrapping first mol.:       21.82060       30.85899       53.44934
wrapping first mol.:       21.82060       30.85899       53.44934

 NSTEP =     1000   TIME(PS) =    2502.000  TEMP(K) =   301.30  PRESS =  -132.4
 Etot   =    -52061.5817  EKtot   =     13212.5566  EPtot      =    -65274.1383
 BOND   =       430.4206  ANGLE   =      1152.2999  DIHED      =      1752.5935
 1-4 NB =       485.0489  1-4 EEL =      6806.3288  VDWAALS    =      7808.0032
 EELEC  =    -83752.7194  EHBOND  =         0.0000  RESTRAINT  =        43.8863
 EAMBER (non-restraint)  =    -65318.0246
 EKCMT  =      5815.3893  VIRIAL  =      6432.9223  VOLUME     =    215946.9462
                                                    Density    =         1.0128
 ------------------------------------------------------------------------------

wrapping first mol.:       21.81218       30.84707       53.42869
wrapping first mol.:       21.81218       30.84707       53.42869

 NSTEP =     1500   TIME(PS) =    2503.000  TEMP(K) =   303.27  PRESS =   175.1
 Etot   =    -51748.2140  EKtot   =     13299.1299  EPtot      =    -65047.3439
 BOND   =       406.9484  ANGLE   =      1142.1661  DIHED      =      1775.5618
 1-4 NB =       501.3134  1-4 EEL =      6799.9474  VDWAALS    =      7777.4550
 EELEC  =    -83497.0993  EHBOND  =         0.0000  RESTRAINT  =        46.3634
 EAMBER (non-restraint)  =    -65093.7073
 EKCMT  =      5784.9547  VIRIAL  =      4969.6696  VOLUME     =    215690.9299
                                                    Density    =         1.0140
 ------------------------------------------------------------------------------

wrapping first mol.:       21.81835       30.85580       53.44381
wrapping first mol.:       21.81835       30.85580       53.44381

 NSTEP =     2000   TIME(PS) =    2504.000  TEMP(K) =   297.05  PRESS =  -149.7
 Etot   =    -52016.7382  EKtot   =     13026.5410  EPtot      =    -65043.2792
 BOND   =       403.0677  ANGLE   =      1174.4564  DIHED      =      1770.8361
 1-4 NB =       491.9627  1-4 EEL =      6815.7480  VDWAALS    =      7771.6621
 EELEC  =    -83520.4641  EHBOND  =         0.0000  RESTRAINT  =        49.4519
 EAMBER (non-restraint)  =    -65092.7310
 EKCMT  =      5782.8360  VIRIAL  =      6480.4754  VOLUME     =    215880.3129
                                                    Density    =         1.0131
 ------------------------------------------------------------------------------

wrapping first mol.:       21.81534       30.85155       53.43645
wrapping first mol.:       21.81534       30.85155       53.43645

 NSTEP =     2500   TIME(PS) =    2505.000  TEMP(K) =   298.82  PRESS =   -52.8
 Etot   =    -52083.4439  EKtot   =     13104.1318  EPtot      =    -65187.5757
 BOND   =       384.7703  ANGLE   =      1182.5519  DIHED      =      1755.2773
 1-4 NB =       506.5841  1-4 EEL =      6818.6913  VDWAALS    =      7913.8312
 EELEC  =    -83801.6167  EHBOND  =         0.0000  RESTRAINT  =        52.3350
 EAMBER (non-restraint)  =    -65239.9108
 EKCMT  =      5783.2838  VIRIAL  =      6029.3389  VOLUME     =    215789.3167
                                                    Density    =         1.0136
 ------------------------------------------------------------------------------

wrapping first mol.:       21.81677       30.85357       53.43995
wrapping first mol.:       21.81677       30.85357       53.43995

 NSTEP =     3000   TIME(PS) =    2506.000  TEMP(K) =   299.04  PRESS =   324.8
 Etot   =    -51950.4343  EKtot   =     13113.7949  EPtot      =    -65064.2293
 BOND   =       409.5633  ANGLE   =      1139.9567  DIHED      =      1760.4242
 1-4 NB =       492.3841  1-4 EEL =      6816.5806  VDWAALS    =      8056.6050
 EELEC  =    -83792.5027  EHBOND  =         0.0000  RESTRAINT  =        52.7596
 EAMBER (non-restraint)  =    -65116.9888
 EKCMT  =      5718.1982  VIRIAL  =      4204.4858  VOLUME     =    215824.4491
                                                    Density    =         1.0134
 ------------------------------------------------------------------------------

wrapping first mol.:       21.82616       30.86684       53.46294
wrapping first mol.:       21.82616       30.86684       53.46294

 NSTEP =     3500   TIME(PS) =    2507.000  TEMP(K) =   299.81  PRESS =   230.7
 Etot   =    -52023.9529  EKtot   =     13147.2461  EPtot      =    -65171.1990
 BOND   =       382.5152  ANGLE   =      1175.8530  DIHED      =      1755.5929
 1-4 NB =       489.4868  1-4 EEL =      6799.3565  VDWAALS    =      8004.6438
 EELEC  =    -83832.6139  EHBOND  =         0.0000  RESTRAINT  =        53.9668
 EAMBER (non-restraint)  =    -65225.1658
 EKCMT  =      5743.5705  VIRIAL  =      4667.1385  VOLUME     =    216104.8603
                                                    Density    =         1.0121
 ------------------------------------------------------------------------------

wrapping first mol.:       21.80636       30.83884       53.41444
wrapping first mol.:       21.80636       30.83884       53.41444

 NSTEP =     4000   TIME(PS) =    2508.000  TEMP(K) =   300.77  PRESS =    -1.3
 Etot   =    -52025.9444  EKtot   =     13189.5850  EPtot      =    -65215.5294
 BOND   =       407.6224  ANGLE   =      1135.9976  DIHED      =      1766.2641
 1-4 NB =       506.3433  1-4 EEL =      6820.9482  VDWAALS    =      7947.1382
 EELEC  =    -83856.6415  EHBOND  =         0.0000  RESTRAINT  =        56.7985
 EAMBER (non-restraint)  =    -65272.3279
 EKCMT  =      5772.3209  VIRIAL  =      5778.5662  VOLUME     =    215521.7306
                                                    Density    =         1.0148
 ------------------------------------------------------------------------------

wrapping first mol.:       21.79730       30.82604       53.39226
wrapping first mol.:       21.79730       30.82604       53.39226

 NSTEP =     4500   TIME(PS) =    2509.000  TEMP(K) =   298.38  PRESS =  -105.9
 Etot   =    -52169.8479  EKtot   =     13084.6387  EPtot      =    -65254.4866
 BOND   =       392.5744  ANGLE   =      1175.4508  DIHED      =      1763.7072
 1-4 NB =       495.0603  1-4 EEL =      6815.1842  VDWAALS    =      7883.7796
 EELEC  =    -83831.1271  EHBOND  =         0.0000  RESTRAINT  =        50.8842
 EAMBER (non-restraint)  =    -65305.3707
 EKCMT  =      5714.4485  VIRIAL  =      6206.4365  VOLUME     =    215255.3576
                                                    Density    =         1.0161
 ------------------------------------------------------------------------------

wrapping first mol.:       21.79097       30.81709       53.37675
wrapping first mol.:       21.79097       30.81709       53.37675

 NSTEP =     5000   TIME(PS) =    2510.000  TEMP(K) =   298.68  PRESS =   137.0
 Etot   =    -51975.5164  EKtot   =     13097.8633  EPtot      =    -65073.3797
 BOND   =       410.9890  ANGLE   =      1129.0740  DIHED      =      1762.1473
 1-4 NB =       502.4503  1-4 EEL =      6809.3735  VDWAALS    =      7853.7587
 EELEC  =    -83594.1976  EHBOND  =         0.0000  RESTRAINT  =        53.0251
 EAMBER (non-restraint)  =    -65126.4048
 EKCMT  =      5838.6330  VIRIAL  =      5202.2650  VOLUME     =    215063.2195
                                                    Density    =         1.0170
 ------------------------------------------------------------------------------

wrapping first mol.:       21.79408       30.82148       53.38437
wrapping first mol.:       21.79408       30.82148       53.38437

 NSTEP =     5500   TIME(PS) =    2511.000  TEMP(K) =   299.06  PRESS =    38.3
 Etot   =    -52055.8818  EKtot   =     13114.4658  EPtot      =    -65170.3476
 BOND   =       381.9431  ANGLE   =      1184.0821  DIHED      =      1764.8483
 1-4 NB =       499.6018  1-4 EEL =      6859.1321  VDWAALS    =      7940.3084
 EELEC  =    -83850.7600  EHBOND  =         0.0000  RESTRAINT  =        50.4967
 EAMBER (non-restraint)  =    -65220.8443
 EKCMT  =      5779.4578  VIRIAL  =      5601.4285  VOLUME     =    215157.1539
                                                    Density    =         1.0166
 ------------------------------------------------------------------------------

wrapping first mol.:       21.79357       30.82076       53.38312
wrapping first mol.:       21.79357       30.82076       53.38312

 NSTEP =     6000   TIME(PS) =    2512.000  TEMP(K) =   300.82  PRESS =   -11.5
 Etot   =    -51949.8334  EKtot   =     13191.5791  EPtot      =    -65141.4125
 BOND   =       424.2433  ANGLE   =      1186.0579  DIHED      =      1783.3859
 1-4 NB =       508.2992  1-4 EEL =      6879.0402  VDWAALS    =      7966.5519
 EELEC  =    -83944.7114  EHBOND  =         0.0000  RESTRAINT  =        55.7205
 EAMBER (non-restraint)  =    -65197.1330
 EKCMT  =      5926.0968  VIRIAL  =      5979.5034  VOLUME     =    215143.0740
                                                    Density    =         1.0166
 ------------------------------------------------------------------------------

wrapping first mol.:       21.80129       30.83168       53.40204
wrapping first mol.:       21.80129       30.83168       53.40204

 NSTEP =     6500   TIME(PS) =    2513.000  TEMP(K) =   300.47  PRESS =   -40.8
 Etot   =    -52135.5538  EKtot   =     13176.4814  EPtot      =    -65312.0353
 BOND   =       414.6585  ANGLE   =      1165.4528  DIHED      =      1756.8274
 1-4 NB =       484.6088  1-4 EEL =      6858.5130  VDWAALS    =      7838.0887
 EELEC  =    -83882.5970  EHBOND  =         0.0000  RESTRAINT  =        52.4126
 EAMBER (non-restraint)  =    -65364.4478
 EKCMT  =      5794.7719  VIRIAL  =      5984.6209  VOLUME     =    215372.3882
                                                    Density    =         1.0155
 ------------------------------------------------------------------------------

wrapping first mol.:       21.79081       30.81685       53.37635
wrapping first mol.:       21.79081       30.81685       53.37635

 NSTEP =     7000   TIME(PS) =    2514.000  TEMP(K) =   299.91  PRESS =   116.1
 Etot   =    -52148.4892  EKtot   =     13151.9307  EPtot      =    -65300.4198
 BOND   =       404.2119  ANGLE   =      1141.8417  DIHED      =      1772.0585
 1-4 NB =       492.2248  1-4 EEL =      6813.9249  VDWAALS    =      8116.4426
 EELEC  =    -84094.4412  EHBOND  =         0.0000  RESTRAINT  =        53.3170
 EAMBER (non-restraint)  =    -65353.7368
 EKCMT  =      5679.0346  VIRIAL  =      5140.0627  VOLUME     =    215058.7835
                                                    Density    =         1.0170
 ------------------------------------------------------------------------------

wrapping first mol.:       21.77314       30.79188       53.33309
wrapping first mol.:       21.77314       30.79188       53.33309

 NSTEP =     7500   TIME(PS) =    2515.000  TEMP(K) =   301.99  PRESS =    -7.6
 Etot   =    -51962.1365  EKtot   =     13243.1113  EPtot      =    -65205.2478
 BOND   =       398.4740  ANGLE   =      1117.7986  DIHED      =      1752.2576
 1-4 NB =       503.0879  1-4 EEL =      6824.6647  VDWAALS    =      7897.9442
 EELEC  =    -83744.8438  EHBOND  =         0.0000  RESTRAINT  =        45.3690
 EAMBER (non-restraint)  =    -65250.6168
 EKCMT  =      5795.9168  VIRIAL  =      5831.0193  VOLUME     =    214538.6226
                                                    Density    =         1.0195
 ------------------------------------------------------------------------------

wrapping first mol.:       21.78220       30.80468       53.35527
wrapping first mol.:       21.78220       30.80468       53.35527

 NSTEP =     8000   TIME(PS) =    2516.000  TEMP(K) =   302.87  PRESS =    49.3
 Etot   =    -52177.7314  EKtot   =     13281.3965  EPtot      =    -65459.1279
 BOND   =       394.6052  ANGLE   =      1123.6417  DIHED      =      1754.7145
 1-4 NB =       487.8124  1-4 EEL =      6822.8087  VDWAALS    =      7955.3153
 EELEC  =    -84044.6331  EHBOND  =         0.0000  RESTRAINT  =        46.6073
 EAMBER (non-restraint)  =    -65505.7352
 EKCMT  =      5828.8370  VIRIAL  =      5599.9606  VOLUME     =    214805.3675
                                                    Density    =         1.0182
 ------------------------------------------------------------------------------

wrapping first mol.:       21.77528       30.79490       53.33832
wrapping first mol.:       21.77528       30.79490       53.33832

 NSTEP =     8500   TIME(PS) =    2517.000  TEMP(K) =   301.49  PRESS =    27.8
 Etot   =    -51999.8018  EKtot   =     13221.0000  EPtot      =    -65220.8018
 BOND   =       398.1023  ANGLE   =      1146.8226  DIHED      =      1778.0135
 1-4 NB =       502.7737  1-4 EEL =      6850.2891  VDWAALS    =      7867.8141
 EELEC  =    -83810.7462  EHBOND  =         0.0000  RESTRAINT  =        46.1292
 EAMBER (non-restraint)  =    -65266.9310
 EKCMT  =      5778.2964  VIRIAL  =      5649.5686  VOLUME     =    214601.1128
                                                    Density    =         1.0192
 ------------------------------------------------------------------------------

wrapping first mol.:       21.77907       30.80026       53.34761
wrapping first mol.:       21.77907       30.80026       53.34761

 NSTEP =     9000   TIME(PS) =    2518.000  TEMP(K) =   303.03  PRESS =   244.2
 Etot   =    -51896.8964  EKtot   =     13288.4688  EPtot      =    -65185.3652
 BOND   =       440.5124  ANGLE   =      1140.0355  DIHED      =      1768.4280
 1-4 NB =       485.8323  1-4 EEL =      6839.7588  VDWAALS    =      7825.5423
 EELEC  =    -83735.3971  EHBOND  =         0.0000  RESTRAINT  =        49.9226
 EAMBER (non-restraint)  =    -65235.2878
 EKCMT  =      5834.4070  VIRIAL  =      4702.2885  VOLUME     =    214709.1069
                                                    Density    =         1.0187
 ------------------------------------------------------------------------------

wrapping first mol.:       21.80820       30.84145       53.41896
wrapping first mol.:       21.80820       30.84145       53.41896

 NSTEP =     9500   TIME(PS) =    2519.000  TEMP(K) =   301.90  PRESS =   -69.0
 Etot   =    -51917.5056  EKtot   =     13239.1416  EPtot      =    -65156.6472
 BOND   =       428.6359  ANGLE   =      1143.4109  DIHED      =      1752.4731
 1-4 NB =       498.8397  1-4 EEL =      6818.6963  VDWAALS    =      7844.8835
 EELEC  =    -83702.7179  EHBOND  =         0.0000  RESTRAINT  =        59.1313
 EAMBER (non-restraint)  =    -65215.7786
 EKCMT  =      5826.5262  VIRIAL  =      6147.7226  VOLUME     =    215577.7595
                                                    Density    =         1.0146
 ------------------------------------------------------------------------------

wrapping first mol.:       21.81498       30.85104       53.43557
wrapping first mol.:       21.81498       30.85104       53.43557

 NSTEP =    10000   TIME(PS) =    2520.000  TEMP(K) =   301.06  PRESS =  -203.9
 Etot   =    -51942.6343  EKtot   =     13202.3252  EPtot      =    -65144.9595
 BOND   =       409.9476  ANGLE   =      1156.2304  DIHED      =      1760.6865
 1-4 NB =       507.3666  1-4 EEL =      6864.6928  VDWAALS    =      7688.6361
 EELEC  =    -83586.5245  EHBOND  =         0.0000  RESTRAINT  =        54.0049
 EAMBER (non-restraint)  =    -65198.9644
 EKCMT  =      5913.1531  VIRIAL  =      6863.2512  VOLUME     =    215781.4558
                                                    Density    =         1.0136
 ------------------------------------------------------------------------------

wrapping first mol.:       21.80646       30.83899       53.41470
wrapping first mol.:       21.80646       30.83899       53.41470

 NSTEP =    10500   TIME(PS) =    2521.000  TEMP(K) =   298.71  PRESS =    25.1
 Etot   =    -52121.1022  EKtot   =     13099.3359  EPtot      =    -65220.4381
 BOND   =       379.5586  ANGLE   =      1140.0091  DIHED      =      1763.9692
 1-4 NB =       489.8596  1-4 EEL =      6819.7584  VDWAALS    =      7891.3457
 EELEC  =    -83757.7121  EHBOND  =         0.0000  RESTRAINT  =        52.7734
 EAMBER (non-restraint)  =    -65273.2115
 EKCMT  =      5739.0934  VIRIAL  =      5622.0684  VOLUME     =    215524.3335
                                                    Density    =         1.0148
 ------------------------------------------------------------------------------

wrapping first mol.:       21.80350       30.83480       53.40744
wrapping first mol.:       21.80350       30.83480       53.40744

 NSTEP =    11000   TIME(PS) =    2522.000  TEMP(K) =   300.49  PRESS =   -79.7
 Etot   =    -52151.7557  EKtot   =     13177.3711  EPtot      =    -65329.1268
 BOND   =       396.7666  ANGLE   =      1200.4593  DIHED      =      1775.4807
 1-4 NB =       504.1940  1-4 EEL =      6841.0634  VDWAALS    =      8043.0962
 EELEC  =    -84144.1763  EHBOND  =         0.0000  RESTRAINT  =        53.9894
 EAMBER (non-restraint)  =    -65383.1162
 EKCMT  =      5797.6685  VIRIAL  =      6168.4759  VOLUME     =    215438.5203
                                                    Density    =         1.0152
 ------------------------------------------------------------------------------

wrapping first mol.:       21.77373       30.79271       53.33453
wrapping first mol.:       21.77373       30.79271       53.33453

 NSTEP =    11500   TIME(PS) =    2523.000  TEMP(K) =   297.14  PRESS =  -120.4
 Etot   =    -52058.1931  EKtot   =     13030.4277  EPtot      =    -65088.6209
 BOND   =       361.3251  ANGLE   =      1182.1452  DIHED      =      1747.0512
 1-4 NB =       517.8723  1-4 EEL =      6856.8598  VDWAALS    =      7815.8012
 EELEC  =    -83612.7384  EHBOND  =         0.0000  RESTRAINT  =        43.0627
 EAMBER (non-restraint)  =    -65131.6836
 EKCMT  =      5780.9770  VIRIAL  =      6338.5330  VOLUME     =    214558.1731
                                                    Density    =         1.0194
 ------------------------------------------------------------------------------

wrapping first mol.:       21.78673       30.81109       53.36637
wrapping first mol.:       21.78673       30.81109       53.36637

 NSTEP =    12000   TIME(PS) =    2524.000  TEMP(K) =   301.79  PRESS =   -45.4
 Etot   =    -51814.4202  EKtot   =     13234.2949  EPtot      =    -65048.7151
 BOND   =       417.1060  ANGLE   =      1148.6891  DIHED      =      1782.9564
 1-4 NB =       503.6801  1-4 EEL =      6870.5451  VDWAALS    =      7833.0203
 EELEC  =    -83651.4446  EHBOND  =         0.0000  RESTRAINT  =        46.7325
 EAMBER (non-restraint)  =    -65095.4476
 EKCMT  =      5832.1571  VIRIAL  =      6042.6828  VOLUME     =    214941.2312
                                                    Density    =         1.0176
 ------------------------------------------------------------------------------

wrapping first mol.:       21.78245       30.80504       53.35589
wrapping first mol.:       21.78245       30.80504       53.35589

 NSTEP =    12500   TIME(PS) =    2525.000  TEMP(K) =   299.24  PRESS =  -142.1
 Etot   =    -52173.9781  EKtot   =     13122.5771  EPtot      =    -65296.5553
 BOND   =       416.5919  ANGLE   =      1144.2135  DIHED      =      1776.4954
 1-4 NB =       517.0568  1-4 EEL =      6873.5901  VDWAALS    =      7942.0166
 EELEC  =    -84018.5531  EHBOND  =         0.0000  RESTRAINT  =        52.0335
 EAMBER (non-restraint)  =    -65348.5887
 EKCMT  =      5814.8413  VIRIAL  =      6474.0917  VOLUME     =    214816.4717
                                                    Density    =         1.0182
 ------------------------------------------------------------------------------

wrapping first mol.:       21.80363       30.83499       53.40777
wrapping first mol.:       21.80363       30.83499       53.40777

 NSTEP =    13000   TIME(PS) =    2526.000  TEMP(K) =   305.16  PRESS =    44.8
 Etot   =    -51796.2297  EKtot   =     13381.8223  EPtot      =    -65178.0519
 BOND   =       406.9666  ANGLE   =      1146.8713  DIHED      =      1761.7857
 1-4 NB =       508.7535  1-4 EEL =      6876.1735  VDWAALS    =      7941.5543
 EELEC  =    -83869.8539  EHBOND  =         0.0000  RESTRAINT  =        49.6971
 EAMBER (non-restraint)  =    -65227.7490
 EKCMT  =      5876.5366  VIRIAL  =      5668.3438  VOLUME     =    215440.0766
                                                    Density    =         1.0152
 ------------------------------------------------------------------------------

wrapping first mol.:       21.79402       30.82139       53.38422
wrapping first mol.:       21.79402       30.82139       53.38422

 NSTEP =    13500   TIME(PS) =    2527.000  TEMP(K) =   298.42  PRESS =   -38.5
 Etot   =    -52200.5168  EKtot   =     13086.4434  EPtot      =    -65286.9602
 BOND   =       421.2348  ANGLE   =      1184.5091  DIHED      =      1767.5055
 1-4 NB =       490.1153  1-4 EEL =      6819.2203  VDWAALS    =      7972.2269
 EELEC  =    -83987.6871  EHBOND  =         0.0000  RESTRAINT  =        45.9151
 EAMBER (non-restraint)  =    -65332.8753
 EKCMT  =      5705.6526  VIRIAL  =      5884.7118  VOLUME     =    215156.8250
                                                    Density    =         1.0166
 ------------------------------------------------------------------------------

wrapping first mol.:       21.78317       30.80606       53.35765
wrapping first mol.:       21.78317       30.80606       53.35765

 NSTEP =    14000   TIME(PS) =    2528.000  TEMP(K) =   297.48  PRESS =     5.0
 Etot   =    -52237.0627  EKtot   =     13045.1475  EPtot      =    -65282.2102
 BOND   =       401.5538  ANGLE   =      1152.9774  DIHED      =      1782.4969
 1-4 NB =       520.8123  1-4 EEL =      6840.1351  VDWAALS    =      7995.6378
 EELEC  =    -84031.2211  EHBOND  =         0.0000  RESTRAINT  =        55.3976
 EAMBER (non-restraint)  =    -65337.6078
 EKCMT  =      5761.7701  VIRIAL  =      5738.4877  VOLUME     =    214834.9738
                                                    Density    =         1.0181
 ------------------------------------------------------------------------------

wrapping first mol.:       21.78260       30.80525       53.35626
wrapping first mol.:       21.78260       30.80525       53.35626

 NSTEP =    14500   TIME(PS) =    2529.000  TEMP(K) =   299.37  PRESS =   119.5
 Etot   =    -52481.0268  EKtot   =     13128.0049  EPtot      =    -65609.0317
 BOND   =       398.5440  ANGLE   =      1110.6506  DIHED      =      1766.3388
 1-4 NB =       505.4729  1-4 EEL =      6864.8195  VDWAALS    =      8130.0165
 EELEC  =    -84440.3961  EHBOND  =         0.0000  RESTRAINT  =        55.5221
 EAMBER (non-restraint)  =    -65664.5538
 EKCMT  =      5773.6482  VIRIAL  =      5219.3587  VOLUME     =    214815.8988
                                                    Density    =         1.0182
 ------------------------------------------------------------------------------

wrapping first mol.:       21.78985       30.81549       53.37400
wrapping first mol.:       21.78985       30.81549       53.37400

 NSTEP =    15000   TIME(PS) =    2530.000  TEMP(K) =   298.96  PRESS =   -99.0
 Etot   =    -52136.9821  EKtot   =     13109.9395  EPtot      =    -65246.9215
 BOND   =       410.9134  ANGLE   =      1154.6110  DIHED      =      1764.1054
 1-4 NB =       501.7418  1-4 EEL =      6830.2831  VDWAALS    =      7817.6677
 EELEC  =    -83777.9310  EHBOND  =         0.0000  RESTRAINT  =        51.6872
 EAMBER (non-restraint)  =    -65298.6087
 EKCMT  =      5768.1650  VIRIAL  =      6227.6455  VOLUME     =    215034.4379
                                                    Density    =         1.0171
 ------------------------------------------------------------------------------

wrapping first mol.:       21.76935       30.78651       53.32380
wrapping first mol.:       21.76935       30.78651       53.32380

 NSTEP =    15500   TIME(PS) =    2531.000  TEMP(K) =   297.07  PRESS =  -242.4
 Etot   =    -52375.4354  EKtot   =     13027.1943  EPtot      =    -65402.6297
 BOND   =       397.4796  ANGLE   =      1193.3637  DIHED      =      1782.6929
 1-4 NB =       494.6592  1-4 EEL =      6832.6289  VDWAALS    =      7836.1518
 EELEC  =    -83986.5476  EHBOND  =         0.0000  RESTRAINT  =        46.9420
 EAMBER (non-restraint)  =    -65449.5717
 EKCMT  =      5750.7679  VIRIAL  =      6873.1516  VOLUME     =    214431.0140
                                                    Density    =         1.0200
 ------------------------------------------------------------------------------

wrapping first mol.:       21.76328       30.77792       53.30892
wrapping first mol.:       21.76328       30.77792       53.30892

 NSTEP =    16000   TIME(PS) =    2532.000  TEMP(K) =   297.43  PRESS =   -18.9
 Etot   =    -52220.1834  EKtot   =     13042.9395  EPtot      =    -65263.1229
 BOND   =       413.6469  ANGLE   =      1140.2346  DIHED      =      1792.9168
 1-4 NB =       505.5636  1-4 EEL =      6827.4713  VDWAALS    =      7905.7563
 EELEC  =    -83893.9285  EHBOND  =         0.0000  RESTRAINT  =        45.2161
 EAMBER (non-restraint)  =    -65308.3390
 EKCMT  =      5788.5200  VIRIAL  =      5876.1386  VOLUME     =    214247.2850
                                                    Density    =         1.0209
 ------------------------------------------------------------------------------

wrapping first mol.:       21.77549       30.79520       53.33884
wrapping first mol.:       21.77549       30.79520       53.33884

 NSTEP =    16500   TIME(PS) =    2533.000  TEMP(K) =   300.50  PRESS =   -59.8
 Etot   =    -52142.0041  EKtot   =     13177.7676  EPtot      =    -65319.7717
 BOND   =       388.4895  ANGLE   =      1131.9131  DIHED      =      1772.2228
 1-4 NB =       493.2711  1-4 EEL =      6838.5291  VDWAALS    =      7863.3880
 EELEC  =    -83858.0093  EHBOND  =         0.0000  RESTRAINT  =        50.4241
 EAMBER (non-restraint)  =    -65370.1958
 EKCMT  =      5838.3279  VIRIAL  =      6115.5066  VOLUME     =    214609.0655
                                                    Density    =         1.0191
 ------------------------------------------------------------------------------

wrapping first mol.:       21.77670       30.79691       53.34181
wrapping first mol.:       21.77670       30.79691       53.34181

 NSTEP =    17000   TIME(PS) =    2534.000  TEMP(K) =   301.81  PRESS =  -127.2
 Etot   =    -51971.5569  EKtot   =     13235.2139  EPtot      =    -65206.7707
 BOND   =       420.2731  ANGLE   =      1173.5871  DIHED      =      1770.2565
 1-4 NB =       509.9570  1-4 EEL =      6850.1492  VDWAALS    =      7889.1120
 EELEC  =    -83871.6565  EHBOND  =         0.0000  RESTRAINT  =        51.5509
 EAMBER (non-restraint)  =    -65258.3216
 EKCMT  =      5865.4921  VIRIAL  =      6454.8864  VOLUME     =    214646.1657
                                                    Density    =         1.0190
 ------------------------------------------------------------------------------

wrapping first mol.:       21.77967       30.80111       53.34908
wrapping first mol.:       21.77967       30.80111       53.34908

 NSTEP =    17500   TIME(PS) =    2535.000  TEMP(K) =   298.29  PRESS =   189.4
 Etot   =    -52094.2675  EKtot   =     13080.9307  EPtot      =    -65175.1982
 BOND   =       420.8553  ANGLE   =      1140.0582  DIHED      =      1799.1646
 1-4 NB =       506.1834  1-4 EEL =      6858.7666  VDWAALS    =      8058.2741
 EELEC  =    -84001.0332  EHBOND  =         0.0000  RESTRAINT  =        42.5328
 EAMBER (non-restraint)  =    -65217.7310
 EKCMT  =      5742.4766  VIRIAL  =      4864.1796  VOLUME     =    214727.8521
                                                    Density    =         1.0186
 ------------------------------------------------------------------------------

wrapping first mol.:       21.76789       30.78444       53.32021
wrapping first mol.:       21.76789       30.78444       53.32021

 NSTEP =    18000   TIME(PS) =    2536.000  TEMP(K) =   302.27  PRESS =   -34.6
 Etot   =    -51989.5695  EKtot   =     13255.1250  EPtot      =    -65244.6945
 BOND   =       389.8696  ANGLE   =      1142.9453  DIHED      =      1751.7588
 1-4 NB =       513.2450  1-4 EEL =      6869.0906  VDWAALS    =      7704.6657
 EELEC  =    -83664.5122  EHBOND  =         0.0000  RESTRAINT  =        48.2427
 EAMBER (non-restraint)  =    -65292.9372
 EKCMT  =      5771.8554  VIRIAL  =      5932.1610  VOLUME     =    214383.7924
                                                    Density    =         1.0202
 ------------------------------------------------------------------------------

wrapping first mol.:       21.79085       30.81692       53.37646
wrapping first mol.:       21.79085       30.81692       53.37646

 NSTEP =    18500   TIME(PS) =    2537.000  TEMP(K) =   301.41  PRESS =   -44.3
 Etot   =    -51782.4699  EKtot   =     13217.4346  EPtot      =    -64999.9045
 BOND   =       418.3829  ANGLE   =      1164.9733  DIHED      =      1768.5357
 1-4 NB =       497.8670  1-4 EEL =      6814.0607  VDWAALS    =      7776.8629
 EELEC  =    -83489.7342  EHBOND  =         0.0000  RESTRAINT  =        49.1471
 EAMBER (non-restraint)  =    -65049.0516
 EKCMT  =      5811.4896  VIRIAL  =      6017.3397  VOLUME     =    215063.1767
                                                    Density    =         1.0170
 ------------------------------------------------------------------------------

wrapping first mol.:       21.78373       30.80684       53.35902
wrapping first mol.:       21.78373       30.80684       53.35902

 NSTEP =    19000   TIME(PS) =    2538.000  TEMP(K) =   298.83  PRESS =    88.6
 Etot   =    -51968.1173  EKtot   =     13104.2178  EPtot      =    -65072.3351
 BOND   =       402.5974  ANGLE   =      1181.0587  DIHED      =      1771.4355
 1-4 NB =       493.4253  1-4 EEL =      6830.4576  VDWAALS    =      7826.6422
 EELEC  =    -83625.2964  EHBOND  =         0.0000  RESTRAINT  =        47.3447
 EAMBER (non-restraint)  =    -65119.6798
 EKCMT  =      5742.4838  VIRIAL  =      5331.4411  VOLUME     =    214849.8170
                                                    Density    =         1.0180
 ------------------------------------------------------------------------------

wrapping first mol.:       21.78572       30.80966       53.36388
wrapping first mol.:       21.78572       30.80966       53.36388

 NSTEP =    19500   TIME(PS) =    2539.000  TEMP(K) =   298.80  PRESS =   -31.1
 Etot   =    -52174.1890  EKtot   =     13103.0449  EPtot      =    -65277.2339
 BOND   =       393.9457  ANGLE   =      1146.6844  DIHED      =      1776.7059
 1-4 NB =       504.4493  1-4 EEL =      6815.1392  VDWAALS    =      7945.7393
 EELEC  =    -83906.2819  EHBOND  =         0.0000  RESTRAINT  =        46.3842
 EAMBER (non-restraint)  =    -65323.6181
 EKCMT  =      5811.9150  VIRIAL  =      5956.0577  VOLUME     =    214910.9325
                                                    Density    =         1.0177
 ------------------------------------------------------------------------------

wrapping first mol.:       21.79433       30.82183       53.38497
wrapping first mol.:       21.79433       30.82183       53.38497

 NSTEP =    20000   TIME(PS) =    2540.000  TEMP(K) =   298.14  PRESS =   264.2
 Etot   =    -52145.1482  EKtot   =     13074.1816  EPtot      =    -65219.3299
 BOND   =       416.0700  ANGLE   =      1178.9805  DIHED      =      1754.5254
 1-4 NB =       478.3765  1-4 EEL =      6862.0008  VDWAALS    =      8000.7316
 EELEC  =    -83956.2140  EHBOND  =         0.0000  RESTRAINT  =        46.1993
 EAMBER (non-restraint)  =    -65265.5292
 EKCMT  =      5760.7672  VIRIAL  =      4533.5221  VOLUME     =    215160.1680
                                                    Density    =         1.0165
 ------------------------------------------------------------------------------

wrapping first mol.:       21.77922       30.80047       53.34797
wrapping first mol.:       21.77922       30.80047       53.34797

 NSTEP =    20500   TIME(PS) =    2541.000  TEMP(K) =   301.25  PRESS =  -186.9
 Etot   =    -52222.6118  EKtot   =     13210.3809  EPtot      =    -65432.9926
 BOND   =       399.8930  ANGLE   =      1160.5561  DIHED      =      1766.3688
 1-4 NB =       504.7502  1-4 EEL =      6839.0732  VDWAALS    =      7911.7685
 EELEC  =    -84061.0270  EHBOND  =         0.0000  RESTRAINT  =        45.6245
 EAMBER (non-restraint)  =    -65478.6171
 EKCMT  =      5699.3996  VIRIAL  =      6566.0284  VOLUME     =    214721.7424
                                                    Density    =         1.0186
 ------------------------------------------------------------------------------

wrapping first mol.:       21.78739       30.81202       53.36799
wrapping first mol.:       21.78739       30.81202       53.36799

 NSTEP =    21000   TIME(PS) =    2542.000  TEMP(K) =   303.49  PRESS =  -133.5
 Etot   =    -51777.9947  EKtot   =     13308.7676  EPtot      =    -65086.7623
 BOND   =       403.7013  ANGLE   =      1161.9975  DIHED      =      1771.3344
 1-4 NB =       516.5553  1-4 EEL =      6868.6752  VDWAALS    =      7683.3384
 EELEC  =    -83542.2165  EHBOND  =         0.0000  RESTRAINT  =        49.8523
 EAMBER (non-restraint)  =    -65136.6146
 EKCMT  =      5829.1071  VIRIAL  =      6448.5961  VOLUME     =    214962.4586
                                                    Density    =         1.0175
 ------------------------------------------------------------------------------

wrapping first mol.:       21.78547       30.80930       53.36327
wrapping first mol.:       21.78547       30.80930       53.36327

 NSTEP =    21500   TIME(PS) =    2543.000  TEMP(K) =   299.14  PRESS =   -34.1
 Etot   =    -52255.0925  EKtot   =     13117.9229  EPtot      =    -65373.0154
 BOND   =       441.1971  ANGLE   =      1121.5805  DIHED      =      1765.6484
 1-4 NB =       504.7314  1-4 EEL =      6816.5684  VDWAALS    =      7853.0298
 EELEC  =    -83923.1773  EHBOND  =         0.0000  RESTRAINT  =        47.4062
 EAMBER (non-restraint)  =    -65420.4216
 EKCMT  =      5806.3250  VIRIAL  =      5964.7728  VOLUME     =    214903.5852
                                                    Density    =         1.0178
 ------------------------------------------------------------------------------

wrapping first mol.:       21.78440       30.80780       53.36067
wrapping first mol.:       21.78440       30.80780       53.36067

 NSTEP =    22000   TIME(PS) =    2544.000  TEMP(K) =   297.31  PRESS =   219.4
 Etot   =    -52257.6579  EKtot   =     13037.8574  EPtot      =    -65295.5153
 BOND   =       399.9175  ANGLE   =      1175.4962  DIHED      =      1767.9100
 1-4 NB =       499.5650  1-4 EEL =      6844.7405  VDWAALS    =      8055.3972
 EELEC  =    -84086.8880  EHBOND  =         0.0000  RESTRAINT  =        48.3463
 EAMBER (non-restraint)  =    -65343.8616
 EKCMT  =      5815.7741  VIRIAL  =      4797.7383  VOLUME     =    214867.2382
                                                    Density    =         1.0179
 ------------------------------------------------------------------------------

wrapping first mol.:       21.79102       30.81716       53.37688
wrapping first mol.:       21.79102       30.81716       53.37688

 NSTEP =    22500   TIME(PS) =    2545.000  TEMP(K) =   303.59  PRESS =    84.1
 Etot   =    -51825.3004  EKtot   =     13313.3457  EPtot      =    -65138.6461
 BOND   =       393.9243  ANGLE   =      1197.9047  DIHED      =      1781.0842
 1-4 NB =       483.0764  1-4 EEL =      6788.6055  VDWAALS    =      7935.5367
 EELEC  =    -83773.6582  EHBOND  =         0.0000  RESTRAINT  =        54.8802
 EAMBER (non-restraint)  =    -65193.5263
 EKCMT  =      5833.3775  VIRIAL  =      5442.9682  VOLUME     =    215065.7241
                                                    Density    =         1.0170
 ------------------------------------------------------------------------------

wrapping first mol.:       21.78905       30.81437       53.37205
wrapping first mol.:       21.78905       30.81437       53.37205

 NSTEP =    23000   TIME(PS) =    2546.000  TEMP(K) =   299.82  PRESS =  -260.0
 Etot   =    -51955.9566  EKtot   =     13147.8643  EPtot      =    -65103.8209
 BOND   =       399.3848  ANGLE   =      1161.8869  DIHED      =      1760.3135
 1-4 NB =       504.7967  1-4 EEL =      6835.6924  VDWAALS    =      7707.0725
 EELEC  =    -83522.9127  EHBOND  =         0.0000  RESTRAINT  =        49.9450
 EAMBER (non-restraint)  =    -65153.7658
 EKCMT  =      5753.6560  VIRIAL  =      6960.5087  VOLUME     =    215013.9712
                                                    Density    =         1.0172
 ------------------------------------------------------------------------------

wrapping first mol.:       21.78100       30.80299       53.35234
wrapping first mol.:       21.78100       30.80299       53.35234

 NSTEP =    23500   TIME(PS) =    2547.000  TEMP(K) =   299.55  PRESS =   -83.1
 Etot   =    -52163.0680  EKtot   =     13136.0742  EPtot      =    -65299.1422
 BOND   =       381.5092  ANGLE   =      1143.7895  DIHED      =      1761.6697
 1-4 NB =       483.3966  1-4 EEL =      6828.4387  VDWAALS    =      7828.0865
 EELEC  =    -83777.8600  EHBOND  =         0.0000  RESTRAINT  =        51.8277
 EAMBER (non-restraint)  =    -65350.9699
 EKCMT  =      5785.4621  VIRIAL  =      6170.6588  VOLUME     =    214772.4722
                                                    Density    =         1.0184
 ------------------------------------------------------------------------------

wrapping first mol.:       21.77930       30.80058       53.34817
wrapping first mol.:       21.77930       30.80058       53.34817

 NSTEP =    24000   TIME(PS) =    2548.000  TEMP(K) =   299.34  PRESS =   140.7
 Etot   =    -52150.4623  EKtot   =     13126.6777  EPtot      =    -65277.1400
 BOND   =       420.6126  ANGLE   =      1154.6862  DIHED      =      1762.3296
 1-4 NB =       472.8364  1-4 EEL =      6774.2459  VDWAALS    =      7934.7192
 EELEC  =    -83847.8716  EHBOND  =         0.0000  RESTRAINT  =        51.3017
 EAMBER (non-restraint)  =    -65328.4417
 EKCMT  =      5783.3008  VIRIAL  =      5131.0954  VOLUME     =    214717.7967
                                                    Density    =         1.0186
 ------------------------------------------------------------------------------

wrapping first mol.:       21.78152       30.80372       53.35361
wrapping first mol.:       21.78152       30.80372       53.35361

 NSTEP =    24500   TIME(PS) =    2549.000  TEMP(K) =   302.50  PRESS =    12.7
 Etot   =    -51762.4951  EKtot   =     13265.1357  EPtot      =    -65027.6309
 BOND   =       391.2642  ANGLE   =      1166.3446  DIHED      =      1760.8495
 1-4 NB =       506.0672  1-4 EEL =      6865.6498  VDWAALS    =      7877.4723
 EELEC  =    -83646.1044  EHBOND  =         0.0000  RESTRAINT  =        50.8260
 EAMBER (non-restraint)  =    -65078.4569
 EKCMT  =      5822.6079  VIRIAL  =      5763.8940  VOLUME     =    214785.9960
                                                    Density    =         1.0183
 ------------------------------------------------------------------------------

wrapping first mol.:       21.79360       30.82080       53.38318
wrapping first mol.:       21.79360       30.82080       53.38318

 NSTEP =    25000   TIME(PS) =    2550.000  TEMP(K) =   302.26  PRESS =   132.1
 Etot   =    -51955.6678  EKtot   =     13254.7949  EPtot      =    -65210.4627
 BOND   =       421.7791  ANGLE   =      1124.4237  DIHED      =      1764.9560
 1-4 NB =       507.0814  1-4 EEL =      6832.2611  VDWAALS    =      7940.9511
 EELEC  =    -83858.1439  EHBOND  =         0.0000  RESTRAINT  =        56.2288
 EAMBER (non-restraint)  =    -65266.6915
 EKCMT  =      5785.6176  VIRIAL  =      5172.1914  VOLUME     =    215141.0401
                                                    Density    =         1.0166
 ------------------------------------------------------------------------------

wrapping first mol.:       21.79140       30.81769       53.37780
wrapping first mol.:       21.79140       30.81769       53.37780

 NSTEP =    25500   TIME(PS) =    2551.000  TEMP(K) =   300.72  PRESS =  -125.2
 Etot   =    -52154.0880  EKtot   =     13187.0811  EPtot      =    -65341.1690
 BOND   =       400.5093  ANGLE   =      1157.4153  DIHED      =      1756.4905
 1-4 NB =       488.8395  1-4 EEL =      6820.9755  VDWAALS    =      7964.7032
 EELEC  =    -83981.7186  EHBOND  =         0.0000  RESTRAINT  =        51.6163
 EAMBER (non-restraint)  =    -65392.7854
 EKCMT  =      5811.9120  VIRIAL  =      6393.2622  VOLUME     =    215080.9186
                                                    Density    =         1.0169
 ------------------------------------------------------------------------------

wrapping first mol.:       21.78208       30.80451       53.35498
wrapping first mol.:       21.78208       30.80451       53.35498

 NSTEP =    26000   TIME(PS) =    2552.000  TEMP(K) =   298.13  PRESS =   167.4
 Etot   =    -51965.3503  EKtot   =     13073.6885  EPtot      =    -65039.0388
 BOND   =       409.8557  ANGLE   =      1131.8792  DIHED      =      1766.0560
 1-4 NB =       484.3074  1-4 EEL =      6787.9525  VDWAALS    =      7966.4510
 EELEC  =    -83636.0796  EHBOND  =         0.0000  RESTRAINT  =        50.5391
 EAMBER (non-restraint)  =    -65089.5778
 EKCMT  =      5792.1251  VIRIAL  =      5015.9226  VOLUME     =    214799.5186
                                                    Density    =         1.0182
 ------------------------------------------------------------------------------

wrapping first mol.:       21.78550       30.80935       53.36335
wrapping first mol.:       21.78550       30.80935       53.36335

 NSTEP =    26500   TIME(PS) =    2553.000  TEMP(K) =   299.41  PRESS =    81.2
 Etot   =    -51926.9297  EKtot   =     13129.8320  EPtot      =    -65056.7617
 BOND   =       435.1076  ANGLE   =      1187.0775  DIHED      =      1764.4669
 1-4 NB =       512.0677  1-4 EEL =      6831.8657  VDWAALS    =      7884.2601
 EELEC  =    -83731.9743  EHBOND  =         0.0000  RESTRAINT  =        60.3670
 EAMBER (non-restraint)  =    -65117.1287
 EKCMT  =      5856.2600  VIRIAL  =      5479.5739  VOLUME     =    214902.3124
                                                    Density    =         1.0178
 ------------------------------------------------------------------------------

wrapping first mol.:       21.77772       30.79834       53.34429
wrapping first mol.:       21.77772       30.79834       53.34429

 NSTEP =    27000   TIME(PS) =    2554.000  TEMP(K) =   300.66  PRESS =   413.3
 Etot   =    -51921.0547  EKtot   =     13184.6621  EPtot      =    -65105.7168
 BOND   =       394.7832  ANGLE   =      1133.8964  DIHED      =      1764.4126
 1-4 NB =       506.0580  1-4 EEL =      6843.9531  VDWAALS    =      8057.1372
 EELEC  =    -83860.6551  EHBOND  =         0.0000  RESTRAINT  =        54.6977
 EAMBER (non-restraint)  =    -65160.4145
 EKCMT  =      5883.1011  VIRIAL  =      3967.2977  VOLUME     =    214665.7148
                                                    Density    =         1.0189
 ------------------------------------------------------------------------------

wrapping first mol.:       21.77852       30.79948       53.34626
wrapping first mol.:       21.77852       30.79948       53.34626

 NSTEP =    27500   TIME(PS) =    2555.000  TEMP(K) =   300.18  PRESS =   331.8
 Etot   =    -52189.8799  EKtot   =     13163.3945  EPtot      =    -65353.2744
 BOND   =       412.6759  ANGLE   =      1116.8092  DIHED      =      1757.4761
 1-4 NB =       507.2049  1-4 EEL =      6839.2931  VDWAALS    =      8073.8785
 EELEC  =    -84112.7219  EHBOND  =         0.0000  RESTRAINT  =        52.1099
 EAMBER (non-restraint)  =    -65405.3843
 EKCMT  =      5742.0727  VIRIAL  =      4204.1048  VOLUME     =    214691.0871
                                                    Density    =         1.0188
 ------------------------------------------------------------------------------

wrapping first mol.:       21.76464       30.77984       53.31225
wrapping first mol.:       21.76464       30.77984       53.31225

 NSTEP =    28000   TIME(PS) =    2556.000  TEMP(K) =   299.79  PRESS =    17.1
 Etot   =    -52251.2167  EKtot   =     13146.4238  EPtot      =    -65397.6405
 BOND   =       382.3862  ANGLE   =      1139.1909  DIHED      =      1774.4273
 1-4 NB =       486.7601  1-4 EEL =      6821.8413  VDWAALS    =      7893.1762
 EELEC  =    -83947.9304  EHBOND  =         0.0000  RESTRAINT  =        52.5079
 EAMBER (non-restraint)  =    -65450.1484
 EKCMT  =      5826.5799  VIRIAL  =      5747.5394  VOLUME     =    214286.7718
                                                    Density    =         1.0207
 ------------------------------------------------------------------------------

wrapping first mol.:       21.77921       30.80046       53.34795
wrapping first mol.:       21.77921       30.80046       53.34795

 NSTEP =    28500   TIME(PS) =    2557.000  TEMP(K) =   296.87  PRESS =    53.9
 Etot   =    -52236.8098  EKtot   =     13018.2363  EPtot      =    -65255.0462
 BOND   =       398.5096  ANGLE   =      1157.0753  DIHED      =      1745.1950
 1-4 NB =       493.2435  1-4 EEL =      6848.7044  VDWAALS    =      7895.6440
 EELEC  =    -83840.2180  EHBOND  =         0.0000  RESTRAINT  =        46.8000
 EAMBER (non-restraint)  =    -65301.8462
 EKCMT  =      5687.4563  VIRIAL  =      5437.5421  VOLUME     =    214716.8957
                                                    Density    =         1.0186
 ------------------------------------------------------------------------------

wrapping first mol.:       21.77357       30.79247       53.33412
wrapping first mol.:       21.77357       30.79247       53.33412

 NSTEP =    29000   TIME(PS) =    2558.000  TEMP(K) =   299.76  PRESS =  -131.9
 Etot   =    -52103.8134  EKtot   =     13145.2295  EPtot      =    -65249.0429
 BOND   =       393.2057  ANGLE   =      1183.8189  DIHED      =      1768.3300
 1-4 NB =       509.9820  1-4 EEL =      6875.0036  VDWAALS    =      7907.5420
 EELEC  =    -83934.3098  EHBOND  =         0.0000  RESTRAINT  =        47.3847
 EAMBER (non-restraint)  =    -65296.4276
 EKCMT  =      5741.5181  VIRIAL  =      6352.7535  VOLUME     =    214553.4927
                                                    Density    =         1.0194
 ------------------------------------------------------------------------------

wrapping first mol.:       21.76879       30.78572       53.32243
wrapping first mol.:       21.76879       30.78572       53.32243

 NSTEP =    29500   TIME(PS) =    2559.000  TEMP(K) =   299.37  PRESS =   148.1
 Etot   =    -52198.9864  EKtot   =     13128.2900  EPtot      =    -65327.2765
 BOND   =       398.6884  ANGLE   =      1160.7170  DIHED      =      1750.7529
 1-4 NB =       484.8283  1-4 EEL =      6829.4838  VDWAALS    =      8011.9647
 EELEC  =    -84011.5048  EHBOND  =         0.0000  RESTRAINT  =        47.7932
 EAMBER (non-restraint)  =    -65375.0697
 EKCMT  =      5748.0124  VIRIAL  =      5062.5720  VOLUME     =    214407.0802
                                                    Density    =         1.0201
 ------------------------------------------------------------------------------

wrapping first mol.:       21.77489       30.79435       53.33737
wrapping first mol.:       21.77489       30.79435       53.33737

 NSTEP =    30000   TIME(PS) =    2560.000  TEMP(K) =   297.88  PRESS =    34.0
 Etot   =    -52161.2508  EKtot   =     13062.8877  EPtot      =    -65224.1385
 BOND   =       410.4552  ANGLE   =      1145.5591  DIHED      =      1771.8293
 1-4 NB =       482.6734  1-4 EEL =      6825.6165  VDWAALS    =      7920.3748
 EELEC  =    -83834.2182  EHBOND  =         0.0000  RESTRAINT  =        53.5713
 EAMBER (non-restraint)  =    -65277.7098
 EKCMT  =      5793.6771  VIRIAL  =      5636.3368  VOLUME     =    214589.5574
                                                    Density    =         1.0192
 ------------------------------------------------------------------------------

wrapping first mol.:       21.77906       30.80024       53.34758
wrapping first mol.:       21.77906       30.80024       53.34758

 NSTEP =    30500   TIME(PS) =    2561.000  TEMP(K) =   301.62  PRESS =   216.8
 Etot   =    -52064.7008  EKtot   =     13226.8203  EPtot      =    -65291.5211
 BOND   =       410.2152  ANGLE   =      1148.1159  DIHED      =      1775.0846
 1-4 NB =       501.4237  1-4 EEL =      6835.9805  VDWAALS    =      7986.2756
 EELEC  =    -84002.3042  EHBOND  =         0.0000  RESTRAINT  =        53.6876
 EAMBER (non-restraint)  =    -65345.2088
 EKCMT  =      5703.1036  VIRIAL  =      4698.2719  VOLUME     =    214709.1991
                                                    Density    =         1.0187
 ------------------------------------------------------------------------------

wrapping first mol.:       21.77659       30.79675       53.34153
wrapping first mol.:       21.77659       30.79675       53.34153

 NSTEP =    31000   TIME(PS) =    2562.000  TEMP(K) =   298.83  PRESS =  -195.0
 Etot   =    -52109.9226  EKtot   =     13104.4541  EPtot      =    -65214.3767
 BOND   =       357.0110  ANGLE   =      1167.9517  DIHED      =      1751.0303
 1-4 NB =       505.7541  1-4 EEL =      6833.6849  VDWAALS    =      7796.1987
 EELEC  =    -83676.4270  EHBOND  =         0.0000  RESTRAINT  =        50.4197
 EAMBER (non-restraint)  =    -65264.7964
 EKCMT  =      5725.9568  VIRIAL  =      6629.6881  VOLUME     =    214644.1027
                                                    Density    =         1.0190
 ------------------------------------------------------------------------------

wrapping first mol.:       21.77107       30.78894       53.32800
wrapping first mol.:       21.77107       30.78894       53.32800

 NSTEP =    31500   TIME(PS) =    2563.000  TEMP(K) =   299.88  PRESS =  -132.3
 Etot   =    -52041.1550  EKtot   =     13150.4551  EPtot      =    -65191.6101
 BOND   =       406.5964  ANGLE   =      1170.2712  DIHED      =      1748.7634
 1-4 NB =       504.1047  1-4 EEL =      6824.3975  VDWAALS    =      7862.9372
 EELEC  =    -83756.7395  EHBOND  =         0.0000  RESTRAINT  =        48.0589
 EAMBER (non-restraint)  =    -65239.6690
 EKCMT  =      5715.5484  VIRIAL  =      6328.2049  VOLUME     =    214479.5753
                                                    Density    =         1.0198
 ------------------------------------------------------------------------------

wrapping first mol.:       21.77670       30.79690       53.34179
wrapping first mol.:       21.77670       30.79690       53.34179

 NSTEP =    32000   TIME(PS) =    2564.000  TEMP(K) =   299.27  PRESS =   -49.5
 Etot   =    -52197.8147  EKtot   =     13123.8643  EPtot      =    -65321.6789
 BOND   =       422.1262  ANGLE   =      1124.4185  DIHED      =      1770.9425
 1-4 NB =       497.9601  1-4 EEL =      6827.2866  VDWAALS    =      7935.5741
 EELEC  =    -83955.7801  EHBOND  =         0.0000  RESTRAINT  =        55.7932
 EAMBER (non-restraint)  =    -65377.4721
 EKCMT  =      5749.4305  VIRIAL  =      5978.6131  VOLUME     =    214644.3966
                                                    Density    =         1.0190
 ------------------------------------------------------------------------------

wrapping first mol.:       21.79300       30.81995       53.38171
wrapping first mol.:       21.79300       30.81995       53.38171

 NSTEP =    32500   TIME(PS) =    2565.000  TEMP(K) =   297.19  PRESS =  -147.3
 Etot   =    -52426.6381  EKtot   =     13032.5566  EPtot      =    -65459.1947
 BOND   =       403.3920  ANGLE   =      1171.5069  DIHED      =      1779.9409
 1-4 NB =       481.2548  1-4 EEL =      6785.4665  VDWAALS    =      7919.7204
 EELEC  =    -84049.2022  EHBOND  =         0.0000  RESTRAINT  =        48.7260
 EAMBER (non-restraint)  =    -65507.9207
 EKCMT  =      5707.1491  VIRIAL  =      6391.5120  VOLUME     =    215128.6557
                                                    Density    =         1.0167
 ------------------------------------------------------------------------------

wrapping first mol.:       21.79521       30.82308       53.38714
wrapping first mol.:       21.79521       30.82308       53.38714

 NSTEP =    33000   TIME(PS) =    2566.000  TEMP(K) =   301.20  PRESS =  -217.8
 Etot   =    -51973.8469  EKtot   =     13208.2812  EPtot      =    -65182.1281
 BOND   =       408.0303  ANGLE   =      1146.8694  DIHED      =      1773.4143
 1-4 NB =       484.6540  1-4 EEL =      6824.2391  VDWAALS    =      7852.2349
 EELEC  =    -83728.8522  EHBOND  =         0.0000  RESTRAINT  =        57.2820
 EAMBER (non-restraint)  =    -65239.4101
 EKCMT  =      5805.3097  VIRIAL  =      6817.1081  VOLUME     =    215195.5652
                                                    Density    =         1.0164
 ------------------------------------------------------------------------------

wrapping first mol.:       21.79868       30.82799       53.39565
wrapping first mol.:       21.79868       30.82799       53.39565

 NSTEP =    33500   TIME(PS) =    2567.000  TEMP(K) =   297.89  PRESS =  -146.6
 Etot   =    -52347.5356  EKtot   =     13063.1016  EPtot      =    -65410.6372
 BOND   =       378.3325  ANGLE   =      1124.6577  DIHED      =      1755.3158
 1-4 NB =       508.2075  1-4 EEL =      6853.4540  VDWAALS    =      7902.2684
 EELEC  =    -83983.3822  EHBOND  =         0.0000  RESTRAINT  =        50.5091
 EAMBER (non-restraint)  =    -65461.1463
 EKCMT  =      5711.6744  VIRIAL  =      6393.3339  VOLUME     =    215297.1518
                                                    Density    =         1.0159
 ------------------------------------------------------------------------------

wrapping first mol.:       21.79814       30.82722       53.39431
wrapping first mol.:       21.79814       30.82722       53.39431

 NSTEP =    34000   TIME(PS) =    2568.000  TEMP(K) =   300.99  PRESS =     8.9
 Etot   =    -52204.1017  EKtot   =     13199.1211  EPtot      =    -65403.2228
 BOND   =       382.5250  ANGLE   =      1135.7446  DIHED      =      1744.5815
 1-4 NB =       515.0183  1-4 EEL =      6864.0298  VDWAALS    =      7990.6133
 EELEC  =    -84084.7106  EHBOND  =         0.0000  RESTRAINT  =        48.9753
 EAMBER (non-restraint)  =    -65452.1981
 EKCMT  =      5831.8091  VIRIAL  =      5790.5639  VOLUME     =    215277.9555
                                                    Density    =         1.0160
 ------------------------------------------------------------------------------

wrapping first mol.:       21.80123       30.83160       53.40189
wrapping first mol.:       21.80123       30.83160       53.40189

 NSTEP =    34500   TIME(PS) =    2569.000  TEMP(K) =   297.29  PRESS =   -93.7
 Etot   =    -52094.2163  EKtot   =     13036.6914  EPtot      =    -65130.9077
 BOND   =       380.6235  ANGLE   =      1119.1178  DIHED      =      1757.8337
 1-4 NB =       489.1794  1-4 EEL =      6848.1588  VDWAALS    =      7656.0982
 EELEC  =    -83429.6422  EHBOND  =         0.0000  RESTRAINT  =        47.7232
 EAMBER (non-restraint)  =    -65178.6308
 EKCMT  =      5762.1950  VIRIAL  =      6197.9595  VOLUME     =    215371.6418
                                                    Density    =         1.0155
 ------------------------------------------------------------------------------

wrapping first mol.:       21.79799       30.82701       53.39394
wrapping first mol.:       21.79799       30.82701       53.39394

 NSTEP =    35000   TIME(PS) =    2570.000  TEMP(K) =   301.01  PRESS =     4.0
 Etot   =    -52267.8242  EKtot   =     13200.0801  EPtot      =    -65467.9043
 BOND   =       395.7331  ANGLE   =      1124.6858  DIHED      =      1747.3848
 1-4 NB =       510.7046  1-4 EEL =      6847.8665  VDWAALS    =      7880.0287
 EELEC  =    -84018.3024  EHBOND  =         0.0000  RESTRAINT  =        43.9945
 EAMBER (non-restraint)  =    -65511.8988
 EKCMT  =      5728.5461  VIRIAL  =      5709.9753  VOLUME     =    215273.6224
                                                    Density    =         1.0160
 ------------------------------------------------------------------------------

wrapping first mol.:       21.81012       30.84416       53.42365
wrapping first mol.:       21.81012       30.84416       53.42365

 NSTEP =    35500   TIME(PS) =    2571.000  TEMP(K) =   300.83  PRESS =  -182.0
 Etot   =    -52194.6088  EKtot   =     13192.0234  EPtot      =    -65386.6323
 BOND   =       413.9791  ANGLE   =      1145.7031  DIHED      =      1753.9655
 1-4 NB =       486.3627  1-4 EEL =      6821.1091  VDWAALS    =      7817.4898
 EELEC  =    -83871.2184  EHBOND  =         0.0000  RESTRAINT  =        45.9769
 EAMBER (non-restraint)  =    -65432.6092
 EKCMT  =      5800.5748  VIRIAL  =      6648.0188  VOLUME     =    215636.7303
                                                    Density    =         1.0143
 ------------------------------------------------------------------------------

wrapping first mol.:       21.79527       30.82316       53.38728
wrapping first mol.:       21.79527       30.82316       53.38728

 NSTEP =    36000   TIME(PS) =    2572.000  TEMP(K) =   297.82  PRESS =   -44.6
 Etot   =    -52108.3968  EKtot   =     13060.2754  EPtot      =    -65168.6722
 BOND   =       389.2970  ANGLE   =      1139.9681  DIHED      =      1749.6083
 1-4 NB =       493.7304  1-4 EEL =      6843.2938  VDWAALS    =      7912.9860
 EELEC  =    -83743.1937  EHBOND  =         0.0000  RESTRAINT  =        45.6379
 EAMBER (non-restraint)  =    -65214.3101
 EKCMT  =      5733.4478  VIRIAL  =      5940.4675  VOLUME     =    215193.9765
                                                    Density    =         1.0164
 ------------------------------------------------------------------------------

wrapping first mol.:       21.79718       30.82586       53.39196
wrapping first mol.:       21.79718       30.82586       53.39196

 NSTEP =    36500   TIME(PS) =    2573.000  TEMP(K) =   302.30  PRESS =    44.0
 Etot   =    -52172.6302  EKtot   =     13256.5244  EPtot      =    -65429.1546
 BOND   =       413.9237  ANGLE   =      1115.8094  DIHED      =      1784.7814
 1-4 NB =       491.7975  1-4 EEL =      6816.9117  VDWAALS    =      7980.8790
 EELEC  =    -84090.8980  EHBOND  =         0.0000  RESTRAINT  =        57.6406
 EAMBER (non-restraint)  =    -65486.7952
 EKCMT  =      5815.1409  VIRIAL  =      5610.6737  VOLUME     =    215248.8168
                                                    Density    =         1.0161
 ------------------------------------------------------------------------------

wrapping first mol.:       21.79951       30.82916       53.39767
wrapping first mol.:       21.79951       30.82916       53.39767

 NSTEP =    37000   TIME(PS) =    2574.000  TEMP(K) =   303.48  PRESS =    -9.4
 Etot   =    -51862.3895  EKtot   =     13308.5020  EPtot      =    -65170.8914
 BOND   =       396.2638  ANGLE   =      1135.6385  DIHED      =      1761.6250
 1-4 NB =       501.5310  1-4 EEL =      6834.4893  VDWAALS    =      7965.1316
 EELEC  =    -83813.7080  EHBOND  =         0.0000  RESTRAINT  =        48.1375
 EAMBER (non-restraint)  =    -65219.0289
 EKCMT  =      5814.4380  VIRIAL  =      5858.1585  VOLUME     =    215318.9396
                                                    Density    =         1.0158
 ------------------------------------------------------------------------------

wrapping first mol.:       21.78873       30.81392       53.37127
wrapping first mol.:       21.78873       30.81392       53.37127

 NSTEP =    37500   TIME(PS) =    2575.000  TEMP(K) =   299.20  PRESS =     5.5
 Etot   =    -52153.3362  EKtot   =     13120.6875  EPtot      =    -65274.0237
 BOND   =       420.0186  ANGLE   =      1123.6084  DIHED      =      1748.4122
 1-4 NB =       486.0237  1-4 EEL =      6817.0994  VDWAALS    =      7872.4227
 EELEC  =    -83791.2236  EHBOND  =         0.0000  RESTRAINT  =        49.6148
 EAMBER (non-restraint)  =    -65323.6385
 EKCMT  =      5719.1513  VIRIAL  =      5693.5058  VOLUME     =    214999.4645
                                                    Density    =         1.0173
 ------------------------------------------------------------------------------

wrapping first mol.:       21.78638       30.81059       53.36551
wrapping first mol.:       21.78638       30.81059       53.36551

 NSTEP =    38000   TIME(PS) =    2576.000  TEMP(K) =   297.97  PRESS =  -186.3
 Etot   =    -52104.5068  EKtot   =     13066.6201  EPtot      =    -65171.1270
 BOND   =       383.9878  ANGLE   =      1167.1106  DIHED      =      1756.1588
 1-4 NB =       497.6687  1-4 EEL =      6816.8070  VDWAALS    =      7781.8042
 EELEC  =    -83626.9344  EHBOND  =         0.0000  RESTRAINT  =        52.2703
 EAMBER (non-restraint)  =    -65223.3972
 EKCMT  =      5733.7235  VIRIAL  =      6598.4350  VOLUME     =    214933.5476
                                                    Density    =         1.0176
 ------------------------------------------------------------------------------

wrapping first mol.:       21.78092       30.80288       53.35214
wrapping first mol.:       21.78092       30.80288       53.35214

 NSTEP =    38500   TIME(PS) =    2577.000  TEMP(K) =   300.78  PRESS =  -145.3
 Etot   =    -52135.3086  EKtot   =     13189.7666  EPtot      =    -65325.0752
 BOND   =       428.6061  ANGLE   =      1151.6640  DIHED      =      1799.5678
 1-4 NB =       489.0567  1-4 EEL =      6766.1013  VDWAALS    =      7917.2448
 EELEC  =    -83931.6548  EHBOND  =         0.0000  RESTRAINT  =        54.3390
 EAMBER (non-restraint)  =    -65379.4142
 EKCMT  =      5782.5391  VIRIAL  =      6456.2248  VOLUME     =    214771.3038
                                                    Density    =         1.0184
 ------------------------------------------------------------------------------

wrapping first mol.:       21.77496       30.79444       53.33754
wrapping first mol.:       21.77496       30.79444       53.33754

 NSTEP =    39000   TIME(PS) =    2578.000  TEMP(K) =   300.90  PRESS =    98.9
 Etot   =    -51862.1613  EKtot   =     13195.1426  EPtot      =    -65057.3039
 BOND   =       399.1416  ANGLE   =      1163.0590  DIHED      =      1772.9508
 1-4 NB =       499.6601  1-4 EEL =      6819.5102  VDWAALS    =      7861.1492
 EELEC  =    -83620.5505  EHBOND  =         0.0000  RESTRAINT  =        47.7757
 EAMBER (non-restraint)  =    -65105.0795
 EKCMT  =      5801.8196  VIRIAL  =      5343.8090  VOLUME     =    214590.2820
                                                    Density    =         1.0192
 ------------------------------------------------------------------------------

wrapping first mol.:       21.78041       30.80215       53.35089
wrapping first mol.:       21.78041       30.80215       53.35089

 NSTEP =    39500   TIME(PS) =    2579.000  TEMP(K) =   298.10  PRESS =   -56.2
 Etot   =    -52234.3738  EKtot   =     13072.6035  EPtot      =    -65306.9774
 BOND   =       420.2627  ANGLE   =      1130.9726  DIHED      =      1768.0015
 1-4 NB =       487.1362  1-4 EEL =      6833.1281  VDWAALS    =      7915.3232
 EELEC  =    -83918.9137  EHBOND  =         0.0000  RESTRAINT  =        57.1121
 EAMBER (non-restraint)  =    -65364.0895
 EKCMT  =      5753.6877  VIRIAL  =      6014.3562  VOLUME     =    214754.4296
                                                    Density    =         1.0185
 ------------------------------------------------------------------------------

wrapping first mol.:       21.78368       30.80677       53.35889
wrapping first mol.:       21.78368       30.80677       53.35889

 NSTEP =    40000   TIME(PS) =    2580.000  TEMP(K) =   297.98  PRESS =  -366.5
 Etot   =    -52021.1257  EKtot   =     13066.9971  EPtot      =    -65088.1228
 BOND   =       399.8169  ANGLE   =      1198.7704  DIHED      =      1776.1094
 1-4 NB =       494.3606  1-4 EEL =      6832.4390  VDWAALS    =      7635.7658
 EELEC  =    -83476.8108  EHBOND  =         0.0000  RESTRAINT  =        51.4259
 EAMBER (non-restraint)  =    -65139.5487
 EKCMT  =      5782.8457  VIRIAL  =      7483.1101  VOLUME     =    214856.9765
                                                    Density    =         1.0180
 ------------------------------------------------------------------------------

wrapping first mol.:       21.77048       30.78811       53.32657
wrapping first mol.:       21.77048       30.78811       53.32657

 NSTEP =    40500   TIME(PS) =    2581.000  TEMP(K) =   300.55  PRESS =  -173.4
 Etot   =    -52030.8567  EKtot   =     13179.8555  EPtot      =    -65210.7122
 BOND   =       382.1560  ANGLE   =      1165.5864  DIHED      =      1774.5517
 1-4 NB =       515.7923  1-4 EEL =      6859.4179  VDWAALS    =      7709.6862
 EELEC  =    -83667.0952  EHBOND  =         0.0000  RESTRAINT  =        49.1925
 EAMBER (non-restraint)  =    -65259.9047
 EKCMT  =      5831.8476  VIRIAL  =      6634.7976  VOLUME     =    214463.0854
                                                    Density    =         1.0198
 ------------------------------------------------------------------------------

wrapping first mol.:       21.75980       30.77301       53.30041
wrapping first mol.:       21.75980       30.77301       53.30041

 NSTEP =    41000   TIME(PS) =    2582.000  TEMP(K) =   298.65  PRESS =   -72.2
 Etot   =    -52280.7573  EKtot   =     13096.6758  EPtot      =    -65377.4331
 BOND   =       420.9746  ANGLE   =      1149.5707  DIHED      =      1751.2272
 1-4 NB =       494.0751  1-4 EEL =      6819.5160  VDWAALS    =      7827.7921
 EELEC  =    -83893.1830  EHBOND  =         0.0000  RESTRAINT  =        52.5942
 EAMBER (non-restraint)  =    -65430.0273
 EKCMT  =      5806.3233  VIRIAL  =      6140.2413  VOLUME     =    214145.7646
                                                    Density    =         1.0214
 ------------------------------------------------------------------------------

wrapping first mol.:       21.77508       30.79462       53.33784
wrapping first mol.:       21.77508       30.79462       53.33784

 NSTEP =    41500   TIME(PS) =    2583.000  TEMP(K) =   298.63  PRESS =   -14.7
 Etot   =    -52208.8152  EKtot   =     13095.4629  EPtot      =    -65304.2781
 BOND   =       377.5449  ANGLE   =      1154.9251  DIHED      =      1790.8715
 1-4 NB =       513.8330  1-4 EEL =      6829.1088  VDWAALS    =      7885.5341
 EELEC  =    -83906.6579  EHBOND  =         0.0000  RESTRAINT  =        50.5623
 EAMBER (non-restraint)  =    -65354.8404
 EKCMT  =      5665.9564  VIRIAL  =      5734.1144  VOLUME     =    214596.0805
                                                    Density    =         1.0192
 ------------------------------------------------------------------------------

wrapping first mol.:       21.76249       30.77681       53.30700
wrapping first mol.:       21.76249       30.77681       53.30700

 NSTEP =    42000   TIME(PS) =    2584.000  TEMP(K) =   297.28  PRESS =   -16.4
 Etot   =    -52297.7177  EKtot   =     13036.6426  EPtot      =    -65334.3603
 BOND   =       377.5937  ANGLE   =      1140.1637  DIHED      =      1780.2447
 1-4 NB =       508.0501  1-4 EEL =      6837.5117  VDWAALS    =      7976.0745
 EELEC  =    -84005.3197  EHBOND  =         0.0000  RESTRAINT  =        51.3212
 EAMBER (non-restraint)  =    -65385.6814
 EKCMT  =      5743.2917  VIRIAL  =      5819.1758  VOLUME     =    214224.1007
                                                    Density    =         1.0210
 ------------------------------------------------------------------------------

wrapping first mol.:       21.75794       30.77037       53.29584
wrapping first mol.:       21.75794       30.77037       53.29584

 NSTEP =    42500   TIME(PS) =    2585.000  TEMP(K) =   303.09  PRESS =  -167.8
 Etot   =    -52154.6802  EKtot   =     13291.2578  EPtot      =    -65445.9380
 BOND   =       379.2291  ANGLE   =      1132.4412  DIHED      =      1745.5061
 1-4 NB =       514.3334  1-4 EEL =      6843.1936  VDWAALS    =      8013.6335
 EELEC  =    -84128.1013  EHBOND  =         0.0000  RESTRAINT  =        53.8265
 EAMBER (non-restraint)  =    -65499.7645
 EKCMT  =      5816.9140  VIRIAL  =      6592.3903  VOLUME     =    214092.4323
                                                    Density    =         1.0216
 ------------------------------------------------------------------------------

wrapping first mol.:       21.76369       30.77851       53.30994
wrapping first mol.:       21.76369       30.77851       53.30994

 NSTEP =    43000   TIME(PS) =    2586.000  TEMP(K) =   297.33  PRESS =    35.9
 Etot   =    -52198.7294  EKtot   =     13038.6631  EPtot      =    -65237.3925
 BOND   =       419.3811  ANGLE   =      1162.4020  DIHED      =      1770.5467
 1-4 NB =       510.3242  1-4 EEL =      6854.8944  VDWAALS    =      7881.3003
 EELEC  =    -83890.9699  EHBOND  =         0.0000  RESTRAINT  =        54.7287
 EAMBER (non-restraint)  =    -65292.1212
 EKCMT  =      5798.7637  VIRIAL  =      5632.5037  VOLUME     =    214258.5832
                                                    Density    =         1.0208
 ------------------------------------------------------------------------------

wrapping first mol.:       21.76781       30.78433       53.32001
wrapping first mol.:       21.76781       30.78433       53.32001

 NSTEP =    43500   TIME(PS) =    2587.000  TEMP(K) =   301.14  PRESS =   -17.1
 Etot   =    -51793.4187  EKtot   =     13205.4941  EPtot      =    -64998.9129
 BOND   =       403.8172  ANGLE   =      1164.3814  DIHED      =      1781.3464
 1-4 NB =       500.6806  1-4 EEL =      6817.5691  VDWAALS    =      7855.1674
 EELEC  =    -83570.6785  EHBOND  =         0.0000  RESTRAINT  =        48.8035
 EAMBER (non-restraint)  =    -65047.7163
 EKCMT  =      5768.5743  VIRIAL  =      5847.8147  VOLUME     =    214381.0725
                                                    Density    =         1.0202
 ------------------------------------------------------------------------------

wrapping first mol.:       21.77237       30.79078       53.33118
wrapping first mol.:       21.77237       30.79078       53.33118

 NSTEP =    44000   TIME(PS) =    2588.000  TEMP(K) =   301.39  PRESS =   156.7
 Etot   =    -52005.5960  EKtot   =     13216.5908  EPtot      =    -65222.1868
 BOND   =       407.5461  ANGLE   =      1170.8797  DIHED      =      1758.8126
 1-4 NB =       491.0779  1-4 EEL =      6834.6682  VDWAALS    =      7926.8613
 EELEC  =    -83863.1840  EHBOND  =         0.0000  RESTRAINT  =        51.1514
 EAMBER (non-restraint)  =    -65273.3382
 EKCMT  =      5745.0789  VIRIAL  =      5019.4486  VOLUME     =    214512.4852
                                                    Density    =         1.0196
 ------------------------------------------------------------------------------

wrapping first mol.:       21.79249       30.81924       53.38049
wrapping first mol.:       21.79249       30.81924       53.38049

 NSTEP =    44500   TIME(PS) =    2589.000  TEMP(K) =   300.19  PRESS =   -68.5
 Etot   =    -51963.2215  EKtot   =     13164.0693  EPtot      =    -65127.2909
 BOND   =       404.8834  ANGLE   =      1187.7505  DIHED      =      1782.8786
 1-4 NB =       485.6623  1-4 EEL =      6815.3950  VDWAALS    =      7826.7570
 EELEC  =    -83683.6003  EHBOND  =         0.0000  RESTRAINT  =        52.9825
 EAMBER (non-restraint)  =    -65180.2734
 EKCMT  =      5741.1978  VIRIAL  =      6059.2053  VOLUME     =    215112.2970
                                                    Density    =         1.0168
 ------------------------------------------------------------------------------

wrapping first mol.:       21.78274       30.80545       53.35660
wrapping first mol.:       21.78274       30.80545       53.35660

 NSTEP =    45000   TIME(PS) =    2590.000  TEMP(K) =   300.51  PRESS =   361.9
 Etot   =    -52183.8030  EKtot   =     13178.1953  EPtot      =    -65361.9983
 BOND   =       406.7830  ANGLE   =      1134.9877  DIHED      =      1760.5780
 1-4 NB =       493.6251  1-4 EEL =      6865.0460  VDWAALS    =      8050.0773
 EELEC  =    -84129.5195  EHBOND  =         0.0000  RESTRAINT  =        56.4242
 EAMBER (non-restraint)  =    -65418.4225
 EKCMT  =      5756.1799  VIRIAL  =      4077.7977  VOLUME     =    214815.4287
                                                    Density    =         1.0182
 ------------------------------------------------------------------------------

wrapping first mol.:       21.78204       30.80445       53.35487
wrapping first mol.:       21.78204       30.80445       53.35487

 NSTEP =    45500   TIME(PS) =    2591.000  TEMP(K) =   300.65  PRESS =   265.6
 Etot   =    -52179.4060  EKtot   =     13184.2090  EPtot      =    -65363.6150
 BOND   =       410.5583  ANGLE   =      1153.5146  DIHED      =      1752.2926
 1-4 NB =       490.6699  1-4 EEL =      6830.2571  VDWAALS    =      8136.5972
 EELEC  =    -84185.9159  EHBOND  =         0.0000  RESTRAINT  =        48.4113
 EAMBER (non-restraint)  =    -65412.0263
 EKCMT  =      5765.6562  VIRIAL  =      4533.6843  VOLUME     =    214796.3917
                                                    Density    =         1.0183
 ------------------------------------------------------------------------------

wrapping first mol.:       21.78874       30.81393       53.37128
wrapping first mol.:       21.78874       30.81393       53.37128

 NSTEP =    46000   TIME(PS) =    2592.000  TEMP(K) =   296.48  PRESS =  -155.8
 Etot   =    -52117.1561  EKtot   =     13001.2842  EPtot      =    -65118.4403
 BOND   =       420.0061  ANGLE   =      1167.1769  DIHED      =      1752.2784
 1-4 NB =       517.5682  1-4 EEL =      6843.1776  VDWAALS    =      7746.1408
 EELEC  =    -83618.6408  EHBOND  =         0.0000  RESTRAINT  =        53.8526
 EAMBER (non-restraint)  =    -65172.2929
 EKCMT  =      5645.3503  VIRIAL  =      6368.5066  VOLUME     =    215002.7242
                                                    Density    =         1.0173
 ------------------------------------------------------------------------------

wrapping first mol.:       21.78177       30.80408       53.35422
wrapping first mol.:       21.78177       30.80408       53.35422

 NSTEP =    46500   TIME(PS) =    2593.000  TEMP(K) =   301.18  PRESS =    27.9
 Etot   =    -51981.8459  EKtot   =     13207.5010  EPtot      =    -65189.3469
 BOND   =       418.3664  ANGLE   =      1166.0694  DIHED      =      1772.5396
 1-4 NB =       487.0632  1-4 EEL =      6808.6502  VDWAALS    =      7799.7317
 EELEC  =    -83692.0185  EHBOND  =         0.0000  RESTRAINT  =        50.2512
 EAMBER (non-restraint)  =    -65239.5981
 EKCMT  =      5908.9828  VIRIAL  =      5779.6168  VOLUME     =    214793.0883
                                                    Density    =         1.0183
 ------------------------------------------------------------------------------

wrapping first mol.:       21.78330       30.80624       53.35797
wrapping first mol.:       21.78330       30.80624       53.35797

 NSTEP =    47000   TIME(PS) =    2594.000  TEMP(K) =   301.10  PRESS =   227.9
 Etot   =    -51873.6283  EKtot   =     13204.1396  EPtot      =    -65077.7680
 BOND   =       402.9692  ANGLE   =      1159.1382  DIHED      =      1763.7479
 1-4 NB =       491.7435  1-4 EEL =      6814.9796  VDWAALS    =      7902.3210
 EELEC  =    -83667.0431  EHBOND  =         0.0000  RESTRAINT  =        54.3757
 EAMBER (non-restraint)  =    -65132.1437
 EKCMT  =      5859.8594  VIRIAL  =      4802.8513  VOLUME     =    214834.4920
                                                    Density    =         1.0181
 ------------------------------------------------------------------------------

wrapping first mol.:       21.76593       30.78168       53.31542
wrapping first mol.:       21.76593       30.78168       53.31542

 NSTEP =    47500   TIME(PS) =    2595.000  TEMP(K) =   301.19  PRESS =   150.1
 Etot   =    -51934.9371  EKtot   =     13207.8457  EPtot      =    -65142.7828
 BOND   =       447.4491  ANGLE   =      1126.8370  DIHED      =      1748.1617
 1-4 NB =       496.3479  1-4 EEL =      6828.0947  VDWAALS    =      7862.3872
 EELEC  =    -83705.9684  EHBOND  =         0.0000  RESTRAINT  =        53.9079
 EAMBER (non-restraint)  =    -65196.6907
 EKCMT  =      5837.6244  VIRIAL  =      5142.8272  VOLUME     =    214322.5118
                                                    Density    =         1.0205
 ------------------------------------------------------------------------------

wrapping first mol.:       21.77898       30.80013       53.34739
wrapping first mol.:       21.77898       30.80013       53.34739

 NSTEP =    48000   TIME(PS) =    2596.000  TEMP(K) =   299.19  PRESS =   223.5
 Etot   =    -52321.5507  EKtot   =     13120.2188  EPtot      =    -65441.7695
 BOND   =       404.3318  ANGLE   =      1113.5185  DIHED      =      1756.4407
 1-4 NB =       491.6582  1-4 EEL =      6830.5771  VDWAALS    =      8092.9355
 EELEC  =    -84177.5362  EHBOND  =         0.0000  RESTRAINT  =        46.3049
 EAMBER (non-restraint)  =    -65488.0744
 EKCMT  =      5792.8930  VIRIAL  =      4756.9168  VOLUME     =    214706.7854
                                                    Density    =         1.0187
 ------------------------------------------------------------------------------

wrapping first mol.:       21.77903       30.80019       53.34750
wrapping first mol.:       21.77903       30.80019       53.34750

 NSTEP =    48500   TIME(PS) =    2597.000  TEMP(K) =   298.64  PRESS =    39.3
 Etot   =    -52027.3533  EKtot   =     13096.0938  EPtot      =    -65123.4470
 BOND   =       435.7048  ANGLE   =      1177.8844  DIHED      =      1763.9146
 1-4 NB =       498.1365  1-4 EEL =      6874.3149  VDWAALS    =      7912.5853
 EELEC  =    -83834.6039  EHBOND  =         0.0000  RESTRAINT  =        48.6164
 EAMBER (non-restraint)  =    -65172.0635
 EKCMT  =      5732.1601  VIRIAL  =      5549.7683  VOLUME     =    214711.6443
                                                    Density    =         1.0187
 ------------------------------------------------------------------------------

wrapping first mol.:       21.76557       30.78117       53.31454
wrapping first mol.:       21.76557       30.78117       53.31454

 NSTEP =    49000   TIME(PS) =    2598.000  TEMP(K) =   301.89  PRESS =   -29.9
 Etot   =    -51868.7275  EKtot   =     13238.3730  EPtot      =    -65107.1006
 BOND   =       399.4173  ANGLE   =      1145.9346  DIHED      =      1763.9401
 1-4 NB =       500.5883  1-4 EEL =      6853.9829  VDWAALS    =      7816.2372
 EELEC  =    -83638.4063  EHBOND  =         0.0000  RESTRAINT  =        51.2053
 EAMBER (non-restraint)  =    -65158.3059
 EKCMT  =      5874.8028  VIRIAL  =      6013.3131  VOLUME     =    214315.2727
                                                    Density    =         1.0205
 ------------------------------------------------------------------------------

wrapping first mol.:       21.78087       30.80279       53.35200
wrapping first mol.:       21.78087       30.80279       53.35200

 NSTEP =    49500   TIME(PS) =    2599.000  TEMP(K) =   300.69  PRESS =   -54.5
 Etot   =    -52122.8218  EKtot   =     13185.8730  EPtot      =    -65308.6949
 BOND   =       404.8382  ANGLE   =      1153.7089  DIHED      =      1778.4372
 1-4 NB =       497.6020  1-4 EEL =      6829.4123  VDWAALS    =      7861.5107
 EELEC  =    -83880.2597  EHBOND  =         0.0000  RESTRAINT  =        46.0556
 EAMBER (non-restraint)  =    -65354.7504
 EKCMT  =      5768.3799  VIRIAL  =      6021.0808  VOLUME     =    214767.8287
                                                    Density    =         1.0184
 ------------------------------------------------------------------------------

wrapping first mol.:       21.75662       30.76851       53.29261
wrapping first mol.:       21.75662       30.76851       53.29261

 NSTEP =    50000   TIME(PS) =    2600.000  TEMP(K) =   300.27  PRESS =    68.2
 Etot   =    -52218.5296  EKtot   =     13167.7617  EPtot      =    -65386.2914
 BOND   =       411.3714  ANGLE   =      1133.7014  DIHED      =      1778.5979
 1-4 NB =       488.4724  1-4 EEL =      6813.7442  VDWAALS    =      7802.0774
 EELEC  =    -83867.4405  EHBOND  =         0.0000  RESTRAINT  =        53.1845
 EAMBER (non-restraint)  =    -65439.4758
 EKCMT  =      5796.0501  VIRIAL  =      5480.9890  VOLUME     =    214049.0667
                                                    Density    =         1.0218
 ------------------------------------------------------------------------------


      A V E R A G E S   O V E R     100 S T E P S


 NSTEP =    50000   TIME(PS) =    2600.000  TEMP(K) =   299.95  PRESS =     4.3
 Etot   =    -52080.3080  EKtot   =     13153.3994  EPtot      =    -65233.7074
 BOND   =       404.4364  ANGLE   =      1152.4757  DIHED      =      1765.8545
 1-4 NB =       498.6189  1-4 EEL =      6833.2661  VDWAALS    =      7896.0108
 EELEC  =    -83835.0075  EHBOND  =         0.0000  RESTRAINT  =        50.6378
 EAMBER (non-restraint)  =    -65284.3452
 EKCMT  =      5782.5716  VIRIAL  =      5762.8232  VOLUME     =    214916.2743
                                                    Density    =         1.0177
 ------------------------------------------------------------------------------


      R M S  F L U C T U A T I O N S


 NSTEP =    50000   TIME(PS) =    2600.000  TEMP(K) =     1.83  PRESS =   147.2
 Etot   =       152.5350  EKtot   =        80.0626  EPtot      =       125.3273
 BOND   =        16.5188  ANGLE   =        21.4529  DIHED      =        12.0016
 1-4 NB =        10.4240  1-4 EEL =        22.4744  VDWAALS    =       102.0357
 EELEC  =       187.0758  EHBOND  =         0.0000  RESTRAINT  =         3.7681
 EAMBER (non-restraint)  =       121.5592
 EKCMT  =        52.8582  VIRIAL  =       682.8660  VOLUME     =       430.6107
                                                    Density    =         0.0020
 ------------------------------------------------------------------------------

--------------------------------------------------------------------------------
   5.  TIMINGS
--------------------------------------------------------------------------------

|  NonSetup CPU Time in Major Routines:
|
|     Routine           Sec        %
|     ------------------------------
|     Nonbond         119.26   88.91
|     Bond              0.00    0.00
|     Angle             0.00    0.00
|     Dihedral          0.00    0.00
|     Shake             0.36    0.27
|     RunMD            14.48   10.79
|     Other             0.04    0.03
|     ------------------------------
|     Total           134.14

|  PME Nonbond Pairlist CPU Time:
|
|     Routine              Sec        %
|     ---------------------------------
|     Set Up Cit           0.00    0.00
|     Build List           0.00    0.00
|     ---------------------------------
|     Total                0.00    0.00

|  PME Direct Force CPU Time:
|
|     Routine              Sec        %
|     ---------------------------------
|     NonBonded Calc       0.00    0.00
|     Exclude Masked       0.00    0.00
|     Other                0.02    0.01
|     ---------------------------------
|     Total                0.02    0.01

|  PME Reciprocal Force CPU Time:
|
|     Routine              Sec        %
|     ---------------------------------
|     1D bspline           0.00    0.00
|     Grid Charges         0.00    0.00
|     Scalar Sum           0.00    0.00
|     Gradient Sum         0.00    0.00
|     FFT                  0.00    0.00
|     ---------------------------------
|     Total                0.00    0.00

|  Final Performance Info:
|     -----------------------------------------------------
|     Average timings for last    4500 steps:
|     Elapsed(s) =      12.08 Per Step(ms) =       2.68
|         ns/day =      64.37   seconds/ns =    1342.27
|
|     Average timings for all steps:
|     Elapsed(s) =     134.14 Per Step(ms) =       2.68
|         ns/day =      64.41   seconds/ns =    1341.39
|     -----------------------------------------------------

|  Setup CPU time:            0.45 seconds
|  NonSetup CPU time:       134.14 seconds
|  Total CPU time:          134.59 seconds     0.04 hours

|  Setup wall time:           1    seconds
|  NonSetup wall time:      134    seconds
|  Total wall time:         135    seconds     0.04 hours
