
          -------------------------------------------------------
          Amber 16 PMEMD                              2016
          -------------------------------------------------------

| PMEMD implementation of SANDER, Release 16

| Run on 07/16/2018 at 14:52:57

|   Executable path: pmemd.cuda
| Working directory: /home/german/lbp/run/2w9y/mhe/e
|          Hostname: Unknown
  [-O]verwriting output

File Assignments:
|   MDIN: 50equ.in                                                              
|  MDOUT: 50equ.out                                                             
| INPCRD: 49e2w9y.rst7                                                          
|   PARM: /home/german/lbp/top_files/2w9y.prmtop                                
| RESTRT: 50e2w9y.rst7                                                          
|   REFC: 49e2w9y.rst7                                                          
|  MDVEL: mdvel                                                                 
|   MDEN: mden                                                                  
|  MDCRD: 50e2w9y.nc                                                            
| MDINFO: mdinfo                                                                
|  MDFRC: mdfrc                                                                 


 Here is the input file:

Equilibration with solute restrictions                                         
&cntrl                                                                         
imin = 0,                           ! No Minimization                          
nmropt = 0,                         ! No NMR restraints read                   
                                                                               
! Nature and format of the input                                               
ntx = 5,                            ! Coordinates and velocities will be read  
irest = 1,                          ! Do not run a new simulation              
                                                                               
! Nature and format of the output                                              
ntxo = 1,                           ! rstrt file in ASCII format               
ntpr = 500,                         ! inf in output every ntpr steps           
ntwr = 500,                         ! rstrt file every ntwr steps              
ntwx = 500,                         ! mdcrd file every ntwx steps              
ntwv = 0,                           ! mdvel without velocities                 
ntwe = 0,                           ! Do not write energies and temperatures   
idecomp = 0,                        ! No energy decomposition                  
iwrap = 1,                          ! Coordinates of the restart and mdcrd file
                                                                               
! Frozen or restrained atoms                                                   
ibelly = 0,                         ! No frozen atoms                          
ntr=1,                              ! Harmonic potential restraints            
restraint_wt = 0.03,                ! The weight for the positional restraints 
restraintmask = ':1-131@N,CA,C,O',  ! restrained residues                      
                                                                               
! Molecular dynamics                                                           
nstlim = 50000,                     ! Number of MD-steps                       
dt = 0.002,                         ! Time step                                
                                                                               
! Temperature regulation                                                       
ntt = 3,                            ! Langevin thermostat                      
gamma_ln = 5,                       ! Gamma constant for Langevin              
temp0 = 300.0,                      ! Reference T at which the system is to be 
tempi = 300.0,                      ! Initial T                                
ig = -1,                            ! Seed for the RNG                         
                                                                               
! P and V regulation                                                           
ntp = 1,                            ! constant P                               
barostat = 1,                       ! Berendsen barostat                       
taup = 1,                           ! Pressure relaxation time                 
ntb = 2,                            ! Periodic box for constant P              
                                                                               
! SHAKE variables                                                              
ntc = 2,                            ! Bonds involving H are constrained        
ntf = 2,                            ! Bond interaction involving H are ommited.
                                                                               
cut = 10.0,                         ! Nonbonded cutoff                         
/                                                                              
&end                                                                           


Note: ig = -1. Setting random seed to   296291 based on wallclock time in 
      microseconds.
 
|--------------------- INFORMATION ----------------------
| GPU (CUDA) Version of PMEMD in use: NVIDIA GPU IN USE.
|                    Version 16.0.0
| 
|                      02/25/2016
| 
| Implementation by:
|                    Ross C. Walker     (SDSC)
|                    Scott Le Grand     (nVIDIA)
| 
| Precision model in use:
|      [SPFP] - Single Precision Forces, 64-bit Fixed Point
|               Accumulation. (Default)
| 
|--------------------------------------------------------
 
|----------------- CITATION INFORMATION -----------------
|
|    When publishing work that utilized the CUDA version
|    of AMBER, please cite the following in addition to
|    the regular AMBER citations:
|
|  - Romelia Salomon-Ferrer; Andreas W. Goetz; Duncan
|    Poole; Scott Le Grand; Ross C. Walker "Routine
|    microsecond molecular dynamics simulations with
|    AMBER - Part II: Particle Mesh Ewald", J. Chem.
|    Theory Comput., 2013, 9 (9), pp3878-3888,
|    DOI: 10.1021/ct400314y.
|
|  - Andreas W. Goetz; Mark J. Williamson; Dong Xu;
|    Duncan Poole; Scott Le Grand; Ross C. Walker
|    "Routine microsecond molecular dynamics simulations
|    with AMBER - Part I: Generalized Born", J. Chem.
|    Theory Comput., 2012, 8 (5), pp1542-1555.
|
|  - Scott Le Grand; Andreas W. Goetz; Ross C. Walker
|    "SPFP: Speed without compromise - a mixed precision
|    model for GPU accelerated molecular dynamics
|    simulations.", Comp. Phys. Comm., 2013, 184
|    pp374-380, DOI: 10.1016/j.cpc.2012.09.022
|
|--------------------------------------------------------
 
|------------------- GPU DEVICE INFO --------------------
|
|            CUDA_VISIBLE_DEVICES: 0
|   CUDA Capable Devices Detected:      1
|           CUDA Device ID in use:      0
|                CUDA Device Name: GeForce GTX 1060 6GB
|     CUDA Device Global Mem Size:   6072 MB
| CUDA Device Num Multiprocessors:     10
|           CUDA Device Core Freq:   1.76 GHz
|
|--------------------------------------------------------
 
 
| Conditional Compilation Defines Used:
| PUBFFT
| BINTRAJ
| CUDA
| EMIL

| Largest sphere to fit in unit cell has radius =    26.688

| New format PARM file being parsed.
| Version =    1.000 Date = 07/16/18 Time = 12:31:37

| Note: 1-4 EEL scale factors are being read from the topology file.

| Note: 1-4 VDW scale factors are being read from the topology file.
| Duplicated    0 dihedrals

| Duplicated    0 dihedrals

--------------------------------------------------------------------------------
   1.  RESOURCE   USE: 
--------------------------------------------------------------------------------

 getting new box info from bottom of inpcrd
 NATOM  =   21528 NTYPES =      17 NBONH =   20449 MBONA  =    1096
 NTHETH =    2490 MTHETA =    1476 NPHIH =    4927 MPHIA  =    4723
 NHPARM =       0 NPARM  =       0 NNB   =   37810 NRES   =    6595
 NBONA  =    1096 NTHETA =    1476 NPHIA =    4723 NUMBND =      64
 NUMANG =     142 NPTRA  =     185 NATYP =      34 NPHB   =       1
 IFBOX  =       2 NMXRS  =      24 IFCAP =       0 NEXTRA =       0
 NCOPY  =       0

| Coordinate Index Table dimensions:    10   10   10
| Direct force subcell size =     6.5373    6.5373    6.5373

     BOX TYPE: TRUNCATED OCTAHEDRON

--------------------------------------------------------------------------------
   2.  CONTROL  DATA  FOR  THE  RUN
--------------------------------------------------------------------------------

default_name                                                                    

General flags:
     imin    =       0, nmropt  =       0

Nature and format of input:
     ntx     =       5, irest   =       1, ntrx    =       1

Nature and format of output:
     ntxo    =       1, ntpr    =     500, ntrx    =       1, ntwr    =     500
     iwrap   =       1, ntwx    =     500, ntwv    =       0, ntwe    =       0
     ioutfm  =       1, ntwprt  =       0, idecomp =       0, rbornstat=      0

Potential function:
     ntf     =       2, ntb     =       2, igb     =       0, nsnb    =      25
     ipol    =       0, gbsa    =       0, iesp    =       0
     dielc   =   1.00000, cut     =  10.00000, intdiel =   1.00000

Frozen or restrained atoms:
     ibelly  =       0, ntr     =       1
     restraint_wt =   0.03000

Molecular dynamics:
     nstlim  =     50000, nscm    =         0, nrespa  =         1
     t       =   0.00000, dt      =   0.00200, vlimit  =  -1.00000

Langevin dynamics temperature regulation:
     ig      =  296291
     temp0   = 300.00000, tempi   = 300.00000, gamma_ln=   5.00000

Pressure regulation:
     ntp     =       1
     pres0   =   1.00000, comp    =  44.60000, taup    =   1.00000

SHAKE:
     ntc     =       2, jfastw  =       0
     tol     =   0.00001

| Intermolecular bonds treatment:
|     no_intermolecular_bonds =       1

| Energy averages sample interval:
|     ene_avg_sampling =     500

Ewald parameters:
     verbose =       0, ew_type =       0, nbflag  =       1, use_pme =       1
     vdwmeth =       1, eedmeth =       1, netfrc  =       1
     Box X =   65.373   Box Y =   65.373   Box Z =   65.373
     Alpha =  109.471   Beta  =  109.471   Gamma =  109.471
     NFFT1 =   64       NFFT2 =   64       NFFT3 =   64
     Cutoff=   10.000   Tol   =0.100E-04
     Ewald Coefficient =  0.27511
     Interpolation order =    4

    LOADING THE CONSTRAINED ATOMS AS GROUPS


   5.  REFERENCE ATOM COORDINATES

  default_name                                                                    
     Mask :1-131@N,CA,C,O; matches   524 atoms

--------------------------------------------------------------------------------
   3.  ATOMIC COORDINATES AND VELOCITIES
--------------------------------------------------------------------------------

default_name                                                                    
 begin time read from input coords =  5300.000 ps

 
 Number of triangulated 3-point waters found:     6455

     Sum of charges from parm topology file =  -0.00000007
     Forcing neutrality...

| Dynamic Memory, Types Used:
| Reals             1061755
| Integers           745452

| Nonbonded Pairs Initial Allocation:     6511681

| GPU memory information (estimate):
| KB of GPU memory in use:    159742
| KB of CPU memory in use:     30821

--------------------------------------------------------------------------------
   4.  RESULTS
--------------------------------------------------------------------------------

 ---------------------------------------------------
 APPROXIMATING switch and d/dx switch using CUBIC SPLINE INTERPOLATION
 using   5000.0 points per unit in tabled values
 TESTING RELATIVE ERROR over r ranging from 0.0 to cutoff
| CHECK switch(x): max rel err =   0.2738E-14   at   2.422500
| CHECK d/dx switch(x): max rel err =   0.8314E-11   at   2.736960
 ---------------------------------------------------
|---------------------------------------------------
| APPROXIMATING direct energy using CUBIC SPLINE INTERPOLATION
|  with   50.0 points per unit in tabled values
| Relative Error Limit not exceeded for r .gt.   2.33
| APPROXIMATING direct force using CUBIC SPLINE INTERPOLATION
|  with   50.0 points per unit in tabled values
| Relative Error Limit not exceeded for r .gt.   2.80
|---------------------------------------------------
wrapping first mol.:       21.79134       30.81760       53.37765
wrapping first mol.:       21.79134       30.81760       53.37765

 NSTEP =      500   TIME(PS) =    5301.000  TEMP(K) =   296.59  PRESS =  -138.2
 Etot   =    -52287.3096  EKtot   =     13006.2539  EPtot      =    -65293.5635
 BOND   =       434.9526  ANGLE   =      1172.0938  DIHED      =      1765.6670
 1-4 NB =       504.0097  1-4 EEL =      6847.6171  VDWAALS    =      7814.9973
 EELEC  =    -83836.6281  EHBOND  =         0.0000  RESTRAINT  =         3.7270
 EAMBER (non-restraint)  =    -65297.2905
 EKCMT  =      5878.8470  VIRIAL  =      6520.6707  VOLUME     =    215079.3724
                                                    Density    =         1.0169
 ------------------------------------------------------------------------------

wrapping first mol.:       21.78056       30.80237       53.35126
wrapping first mol.:       21.78056       30.80237       53.35126

 NSTEP =     1000   TIME(PS) =    5302.000  TEMP(K) =   301.42  PRESS =   -52.1
 Etot   =    -52040.5768  EKtot   =     13217.9102  EPtot      =    -65258.4870
 BOND   =       425.6431  ANGLE   =      1130.0043  DIHED      =      1764.8950
 1-4 NB =       509.0711  1-4 EEL =      6869.0743  VDWAALS    =      7912.2507
 EELEC  =    -83872.9834  EHBOND  =         0.0000  RESTRAINT  =         3.5580
 EAMBER (non-restraint)  =    -65262.0449
 EKCMT  =      5782.9254  VIRIAL  =      6024.7009  VOLUME     =    214758.8083
                                                    Density    =         1.0184
 ------------------------------------------------------------------------------

wrapping first mol.:       21.78305       30.80589       53.35736
wrapping first mol.:       21.78305       30.80589       53.35736

 NSTEP =     1500   TIME(PS) =    5303.000  TEMP(K) =   301.43  PRESS =  -152.7
 Etot   =    -51902.6760  EKtot   =     13218.3848  EPtot      =    -65121.0608
 BOND   =       427.5470  ANGLE   =      1141.1057  DIHED      =      1776.3778
 1-4 NB =       489.4967  1-4 EEL =      6836.2593  VDWAALS    =      7803.2692
 EELEC  =    -83600.0012  EHBOND  =         0.0000  RESTRAINT  =         4.8846
 EAMBER (non-restraint)  =    -65125.9454
 EKCMT  =      5846.4273  VIRIAL  =      6554.6903  VOLUME     =    214834.4113
                                                    Density    =         1.0181
 ------------------------------------------------------------------------------

wrapping first mol.:       21.77917       30.80040       53.34785
wrapping first mol.:       21.77917       30.80040       53.34785

 NSTEP =     2000   TIME(PS) =    5304.000  TEMP(K) =   300.00  PRESS =   -34.1
 Etot   =    -51991.4098  EKtot   =     13155.8037  EPtot      =    -65147.2135
 BOND   =       425.1842  ANGLE   =      1203.5547  DIHED      =      1772.6524
 1-4 NB =       499.6082  1-4 EEL =      6821.7847  VDWAALS    =      7789.5993
 EELEC  =    -83664.7449  EHBOND  =         0.0000  RESTRAINT  =         5.1480
 EAMBER (non-restraint)  =    -65152.3614
 EKCMT  =      5836.1909  VIRIAL  =      5994.1707  VOLUME     =    214717.3242
                                                    Density    =         1.0186
 ------------------------------------------------------------------------------

wrapping first mol.:       21.78766       30.81240       53.36864
wrapping first mol.:       21.78766       30.81240       53.36864

 NSTEP =     2500   TIME(PS) =    5305.000  TEMP(K) =   297.15  PRESS =   -95.7
 Etot   =    -52337.0540  EKtot   =     13030.5938  EPtot      =    -65367.6478
 BOND   =       412.6765  ANGLE   =      1131.4628  DIHED      =      1777.6265
 1-4 NB =       503.5818  1-4 EEL =      6831.8352  VDWAALS    =      7806.7807
 EELEC  =    -83837.2231  EHBOND  =         0.0000  RESTRAINT  =         5.6119
 EAMBER (non-restraint)  =    -65373.2597
 EKCMT  =      5707.1507  VIRIAL  =      6151.4458  VOLUME     =    214969.6581
                                                    Density    =         1.0174
 ------------------------------------------------------------------------------

wrapping first mol.:       21.77903       30.80020       53.34751
wrapping first mol.:       21.77903       30.80020       53.34751

 NSTEP =     3000   TIME(PS) =    5306.000  TEMP(K) =   297.42  PRESS =    47.1
 Etot   =    -52192.4201  EKtot   =     13042.5361  EPtot      =    -65234.9562
 BOND   =       420.9090  ANGLE   =      1170.2384  DIHED      =      1767.1785
 1-4 NB =       502.0219  1-4 EEL =      6821.4815  VDWAALS    =      8067.5395
 EELEC  =    -83992.0548  EHBOND  =         0.0000  RESTRAINT  =         7.7298
 EAMBER (non-restraint)  =    -65242.6860
 EKCMT  =      5770.8239  VIRIAL  =      5552.2855  VOLUME     =    214711.6496
                                                    Density    =         1.0187
 ------------------------------------------------------------------------------

wrapping first mol.:       21.77979       30.80127       53.34936
wrapping first mol.:       21.77979       30.80127       53.34936

 NSTEP =     3500   TIME(PS) =    5307.000  TEMP(K) =   302.91  PRESS =   -84.8
 Etot   =    -51882.2145  EKtot   =     13283.3730  EPtot      =    -65165.5875
 BOND   =       391.2273  ANGLE   =      1156.5313  DIHED      =      1772.2984
 1-4 NB =       502.8750  1-4 EEL =      6856.7671  VDWAALS    =      7848.7233
 EELEC  =    -83701.8831  EHBOND  =         0.0000  RESTRAINT  =         7.8732
 EAMBER (non-restraint)  =    -65173.4608
 EKCMT  =      5790.5057  VIRIAL  =      6183.6176  VOLUME     =    214736.5500
                                                    Density    =         1.0185
 ------------------------------------------------------------------------------

wrapping first mol.:       21.76732       30.78364       53.31882
wrapping first mol.:       21.76732       30.78364       53.31882

 NSTEP =     4000   TIME(PS) =    5308.000  TEMP(K) =   299.27  PRESS =   225.3
 Etot   =    -52193.6044  EKtot   =     13123.8350  EPtot      =    -65317.4394
 BOND   =       404.3294  ANGLE   =      1124.4912  DIHED      =      1780.9713
 1-4 NB =       495.5566  1-4 EEL =      6849.9895  VDWAALS    =      7977.7552
 EELEC  =    -83957.0680  EHBOND  =         0.0000  RESTRAINT  =         6.5353
 EAMBER (non-restraint)  =    -65323.9747
 EKCMT  =      5788.6746  VIRIAL  =      4746.0431  VOLUME     =    214362.0787
                                                    Density    =         1.0203
 ------------------------------------------------------------------------------

wrapping first mol.:       21.77989       30.80142       53.34962
wrapping first mol.:       21.77989       30.80142       53.34962

 NSTEP =     4500   TIME(PS) =    5309.000  TEMP(K) =   303.72  PRESS =    22.6
 Etot   =    -51959.5682  EKtot   =     13318.8516  EPtot      =    -65278.4198
 BOND   =       408.0218  ANGLE   =      1172.2450  DIHED      =      1757.2368
 1-4 NB =       505.9421  1-4 EEL =      6831.4320  VDWAALS    =      8007.5782
 EELEC  =    -83966.9803  EHBOND  =         0.0000  RESTRAINT  =         6.1047
 EAMBER (non-restraint)  =    -65284.5245
 EKCMT  =      5836.6936  VIRIAL  =      5732.0165  VOLUME     =    214737.5746
                                                    Density    =         1.0185
 ------------------------------------------------------------------------------

wrapping first mol.:       21.78782       30.81263       53.36904
wrapping first mol.:       21.78782       30.81263       53.36904

 NSTEP =     5000   TIME(PS) =    5310.000  TEMP(K) =   300.49  PRESS =  -198.4
 Etot   =    -52096.8316  EKtot   =     13177.2148  EPtot      =    -65274.0464
 BOND   =       395.4268  ANGLE   =      1183.0792  DIHED      =      1760.7226
 1-4 NB =       514.9112  1-4 EEL =      6893.3462  VDWAALS    =      7786.4881
 EELEC  =    -83814.7740  EHBOND  =         0.0000  RESTRAINT  =         6.7534
 EAMBER (non-restraint)  =    -65280.7998
 EKCMT  =      5840.8665  VIRIAL  =      6761.6547  VOLUME     =    214976.4099
                                                    Density    =         1.0174
 ------------------------------------------------------------------------------

wrapping first mol.:       21.77543       30.79511       53.33869
wrapping first mol.:       21.77543       30.79511       53.33869

 NSTEP =     5500   TIME(PS) =    5311.000  TEMP(K) =   301.48  PRESS =  -368.6
 Etot   =    -52041.8285  EKtot   =     13220.7832  EPtot      =    -65262.6117
 BOND   =       410.4299  ANGLE   =      1112.8924  DIHED      =      1771.1253
 1-4 NB =       503.7592  1-4 EEL =      6858.7632  VDWAALS    =      7639.9379
 EELEC  =    -83567.1955  EHBOND  =         0.0000  RESTRAINT  =         7.6759
 EAMBER (non-restraint)  =    -65270.2876
 EKCMT  =      5737.1349  VIRIAL  =      7445.1714  VOLUME     =    214613.1069
                                                    Density    =         1.0191
 ------------------------------------------------------------------------------

wrapping first mol.:       21.78859       30.81372       53.37093
wrapping first mol.:       21.78859       30.81372       53.37093

 NSTEP =     6000   TIME(PS) =    5312.000  TEMP(K) =   299.68  PRESS =   426.6
 Etot   =    -51836.9895  EKtot   =     13141.7695  EPtot      =    -64978.7590
 BOND   =       410.3721  ANGLE   =      1150.2015  DIHED      =      1747.2253
 1-4 NB =       497.6660  1-4 EEL =      6837.2909  VDWAALS    =      7876.2374
 EELEC  =    -83505.2867  EHBOND  =         0.0000  RESTRAINT  =         7.5345
 EAMBER (non-restraint)  =    -64986.2935
 EKCMT  =      5815.3681  VIRIAL  =      3835.1314  VOLUME     =    214987.3184
                                                    Density    =         1.0174
 ------------------------------------------------------------------------------

wrapping first mol.:       21.78542       30.80924       53.36316
wrapping first mol.:       21.78542       30.80924       53.36316

 NSTEP =     6500   TIME(PS) =    5313.000  TEMP(K) =   299.79  PRESS =  -183.8
 Etot   =    -52216.9172  EKtot   =     13146.4160  EPtot      =    -65363.3332
 BOND   =       419.2932  ANGLE   =      1187.8160  DIHED      =      1752.6815
 1-4 NB =       488.4263  1-4 EEL =      6835.4484  VDWAALS    =      8000.2770
 EELEC  =    -84054.1659  EHBOND  =         0.0000  RESTRAINT  =         6.8902
 EAMBER (non-restraint)  =    -65370.2234
 EKCMT  =      5858.2501  VIRIAL  =      6711.2269  VOLUME     =    214905.1132
                                                    Density    =         1.0177
 ------------------------------------------------------------------------------

wrapping first mol.:       21.79405       30.82145       53.38431
wrapping first mol.:       21.79405       30.82145       53.38431

 NSTEP =     7000   TIME(PS) =    5314.000  TEMP(K) =   297.29  PRESS =    11.2
 Etot   =    -52265.0395  EKtot   =     13036.9355  EPtot      =    -65301.9751
 BOND   =       403.6395  ANGLE   =      1113.2940  DIHED      =      1758.5241
 1-4 NB =       512.0100  1-4 EEL =      6846.8392  VDWAALS    =      7687.7630
 EELEC  =    -83631.3831  EHBOND  =         0.0000  RESTRAINT  =         7.3384
 EAMBER (non-restraint)  =    -65309.3134
 EKCMT  =      5712.6894  VIRIAL  =      5660.7162  VOLUME     =    215156.9553
                                                    Density    =         1.0166
 ------------------------------------------------------------------------------

wrapping first mol.:       21.79670       30.82518       53.39078
wrapping first mol.:       21.79670       30.82518       53.39078

 NSTEP =     7500   TIME(PS) =    5315.000  TEMP(K) =   300.12  PRESS =  -118.3
 Etot   =    -52116.2909  EKtot   =     13160.9043  EPtot      =    -65277.1952
 BOND   =       364.9715  ANGLE   =      1136.5559  DIHED      =      1767.2036
 1-4 NB =       510.7271  1-4 EEL =      6859.7376  VDWAALS    =      7881.5867
 EELEC  =    -83804.8295  EHBOND  =         0.0000  RESTRAINT  =         6.8519
 EAMBER (non-restraint)  =    -65284.0472
 EKCMT  =      5830.5329  VIRIAL  =      6380.1929  VOLUME     =    215237.6976
                                                    Density    =         1.0162
 ------------------------------------------------------------------------------

wrapping first mol.:       21.76880       30.78573       53.32245
wrapping first mol.:       21.76880       30.78573       53.32245

 NSTEP =     8000   TIME(PS) =    5316.000  TEMP(K) =   295.81  PRESS =  -125.0
 Etot   =    -52400.6947  EKtot   =     12972.0889  EPtot      =    -65372.7836
 BOND   =       376.4061  ANGLE   =      1130.3275  DIHED      =      1772.3948
 1-4 NB =       496.7186  1-4 EEL =      6835.2424  VDWAALS    =      7605.8196
 EELEC  =    -83597.4041  EHBOND  =         0.0000  RESTRAINT  =         7.7117
 EAMBER (non-restraint)  =    -65380.4952
 EKCMT  =      5749.0123  VIRIAL  =      6327.4886  VOLUME     =    214412.4731
                                                    Density    =         1.0201
 ------------------------------------------------------------------------------

wrapping first mol.:       21.78609       30.81019       53.36480
wrapping first mol.:       21.78609       30.81019       53.36480

 NSTEP =     8500   TIME(PS) =    5317.000  TEMP(K) =   304.20  PRESS =   150.1
 Etot   =    -51774.1188  EKtot   =     13339.8145  EPtot      =    -65113.9333
 BOND   =       406.0158  ANGLE   =      1201.4523  DIHED      =      1767.9064
 1-4 NB =       505.8648  1-4 EEL =      6832.8768  VDWAALS    =      8058.9817
 EELEC  =    -83895.0932  EHBOND  =         0.0000  RESTRAINT  =         8.0622
 EAMBER (non-restraint)  =    -65121.9955
 EKCMT  =      5932.6085  VIRIAL  =      5236.1947  VOLUME     =    214918.5774
                                                    Density    =         1.0177
 ------------------------------------------------------------------------------

wrapping first mol.:       21.78513       30.80883       53.36245
wrapping first mol.:       21.78513       30.80883       53.36245

 NSTEP =     9000   TIME(PS) =    5318.000  TEMP(K) =   300.61  PRESS =  -140.2
 Etot   =    -52107.1454  EKtot   =     13182.4355  EPtot      =    -65289.5810
 BOND   =       443.5150  ANGLE   =      1160.1784  DIHED      =      1756.9074
 1-4 NB =       501.5863  1-4 EEL =      6825.4820  VDWAALS    =      7756.5129
 EELEC  =    -83740.0606  EHBOND  =         0.0000  RESTRAINT  =         6.2975
 EAMBER (non-restraint)  =    -65295.8785
 EKCMT  =      5718.3524  VIRIAL  =      6368.6998  VOLUME     =    214895.7353
                                                    Density    =         1.0178
 ------------------------------------------------------------------------------

wrapping first mol.:       21.80243       30.83329       53.40483
wrapping first mol.:       21.80243       30.83329       53.40483

 NSTEP =     9500   TIME(PS) =    5319.000  TEMP(K) =   300.46  PRESS =    47.9
 Etot   =    -51937.1436  EKtot   =     13175.7812  EPtot      =    -65112.9248
 BOND   =       410.5096  ANGLE   =      1140.1219  DIHED      =      1763.9708
 1-4 NB =       510.0331  1-4 EEL =      6868.2329  VDWAALS    =      7899.0491
 EELEC  =    -83711.3835  EHBOND  =         0.0000  RESTRAINT  =         6.5415
 EAMBER (non-restraint)  =    -65119.4663
 EKCMT  =      5778.5552  VIRIAL  =      5555.9109  VOLUME     =    215404.4802
                                                    Density    =         1.0154
 ------------------------------------------------------------------------------

wrapping first mol.:       21.78582       30.80980       53.36414
wrapping first mol.:       21.78582       30.80980       53.36414

 NSTEP =    10000   TIME(PS) =    5320.000  TEMP(K) =   300.19  PRESS =   134.3
 Etot   =    -52085.6637  EKtot   =     13163.8701  EPtot      =    -65249.5338
 BOND   =       410.9608  ANGLE   =      1136.4707  DIHED      =      1756.3085
 1-4 NB =       512.9658  1-4 EEL =      6806.2501  VDWAALS    =      7946.8099
 EELEC  =    -83826.2313  EHBOND  =         0.0000  RESTRAINT  =         6.9318
 EAMBER (non-restraint)  =    -65256.4656
 EKCMT  =      5858.7384  VIRIAL  =      5235.4695  VOLUME     =    214910.8782
                                                    Density    =         1.0177
 ------------------------------------------------------------------------------

wrapping first mol.:       21.79573       30.82382       53.38842
wrapping first mol.:       21.79573       30.82382       53.38842

 NSTEP =    10500   TIME(PS) =    5321.000  TEMP(K) =   300.09  PRESS =  -333.6
 Etot   =    -51865.4287  EKtot   =     13159.7197  EPtot      =    -65025.1484
 BOND   =       404.3334  ANGLE   =      1125.3307  DIHED      =      1769.6049
 1-4 NB =       506.1202  1-4 EEL =      6864.2790  VDWAALS    =      7881.8346
 EELEC  =    -83583.9828  EHBOND  =         0.0000  RESTRAINT  =         7.3316
 EAMBER (non-restraint)  =    -65032.4800
 EKCMT  =      5747.3578  VIRIAL  =      7297.6335  VOLUME     =    215213.3376
                                                    Density    =         1.0163
 ------------------------------------------------------------------------------

wrapping first mol.:       21.78966       30.81523       53.37354
wrapping first mol.:       21.78966       30.81523       53.37354

 NSTEP =    11000   TIME(PS) =    5322.000  TEMP(K) =   299.71  PRESS =  -296.5
 Etot   =    -52073.1335  EKtot   =     13143.1914  EPtot      =    -65216.3249
 BOND   =       399.9546  ANGLE   =      1138.1282  DIHED      =      1757.5985
 1-4 NB =       500.4354  1-4 EEL =      6775.6598  VDWAALS    =      7751.1268
 EELEC  =    -83547.5217  EHBOND  =         0.0000  RESTRAINT  =         8.2935
 EAMBER (non-restraint)  =    -65224.6183
 EKCMT  =      5753.3112  VIRIAL  =      7129.9973  VOLUME     =    215032.7239
                                                    Density    =         1.0171
 ------------------------------------------------------------------------------

wrapping first mol.:       21.76202       30.77615       53.30585
wrapping first mol.:       21.76202       30.77615       53.30585

 NSTEP =    11500   TIME(PS) =    5323.000  TEMP(K) =   301.36  PRESS =   -91.6
 Etot   =    -51996.7871  EKtot   =     13215.4736  EPtot      =    -65212.2608
 BOND   =       389.7486  ANGLE   =      1148.4092  DIHED      =      1776.7095
 1-4 NB =       536.6764  1-4 EEL =      6845.9613  VDWAALS    =      7821.2918
 EELEC  =    -83738.6602  EHBOND  =         0.0000  RESTRAINT  =         7.6026
 EAMBER (non-restraint)  =    -65219.8634
 EKCMT  =      5775.5270  VIRIAL  =      6199.0306  VOLUME     =    214211.6727
                                                    Density    =         1.0210
 ------------------------------------------------------------------------------

wrapping first mol.:       21.77554       30.79527       53.33897
wrapping first mol.:       21.77554       30.79527       53.33897

 NSTEP =    12000   TIME(PS) =    5324.000  TEMP(K) =   296.13  PRESS =  -106.5
 Etot   =    -52306.3761  EKtot   =     12985.7969  EPtot      =    -65292.1730
 BOND   =       389.2382  ANGLE   =      1170.5528  DIHED      =      1763.3276
 1-4 NB =       520.8793  1-4 EEL =      6847.3971  VDWAALS    =      7722.8986
 EELEC  =    -83714.7790  EHBOND  =         0.0000  RESTRAINT  =         8.3125
 EAMBER (non-restraint)  =    -65300.4855
 EKCMT  =      5635.4277  VIRIAL  =      6128.7894  VOLUME     =    214611.4676
                                                    Density    =         1.0191
 ------------------------------------------------------------------------------

wrapping first mol.:       21.76972       30.78703       53.32470
wrapping first mol.:       21.76972       30.78703       53.32470

 NSTEP =    12500   TIME(PS) =    5325.000  TEMP(K) =   300.31  PRESS =    30.5
 Etot   =    -52138.0168  EKtot   =     13169.3379  EPtot      =    -65307.3547
 BOND   =       398.1491  ANGLE   =      1180.8027  DIHED      =      1762.6204
 1-4 NB =       511.7838  1-4 EEL =      6833.7437  VDWAALS    =      7848.2214
 EELEC  =    -83849.8679  EHBOND  =         0.0000  RESTRAINT  =         7.1920
 EAMBER (non-restraint)  =    -65314.5467
 EKCMT  =      5873.8297  VIRIAL  =      5732.8401  VOLUME     =    214436.7234
                                                    Density    =         1.0200
 ------------------------------------------------------------------------------

wrapping first mol.:       21.77343       30.79227       53.33378
wrapping first mol.:       21.77343       30.79227       53.33378

 NSTEP =    13000   TIME(PS) =    5326.000  TEMP(K) =   301.16  PRESS =    94.3
 Etot   =    -52032.0409  EKtot   =     13206.7568  EPtot      =    -65238.7977
 BOND   =       438.2557  ANGLE   =      1127.2537  DIHED      =      1772.5640
 1-4 NB =       495.4892  1-4 EEL =      6823.1511  VDWAALS    =      7919.8897
 EELEC  =    -83822.3853  EHBOND  =         0.0000  RESTRAINT  =         6.9841
 EAMBER (non-restraint)  =    -65245.7818
 EKCMT  =      5758.8219  VIRIAL  =      5322.1363  VOLUME     =    214544.9813
                                                    Density    =         1.0195
 ------------------------------------------------------------------------------

wrapping first mol.:       21.76726       30.78356       53.31868
wrapping first mol.:       21.76726       30.78356       53.31868

 NSTEP =    13500   TIME(PS) =    5327.000  TEMP(K) =   299.35  PRESS =   248.6
 Etot   =    -52085.2623  EKtot   =     13127.4141  EPtot      =    -65212.6763
 BOND   =       388.4582  ANGLE   =      1180.2076  DIHED      =      1786.4222
 1-4 NB =       490.5742  1-4 EEL =      6798.3095  VDWAALS    =      7993.1108
 EELEC  =    -83857.3102  EHBOND  =         0.0000  RESTRAINT  =         7.5513
 EAMBER (non-restraint)  =    -65220.2276
 EKCMT  =      5816.8291  VIRIAL  =      4666.2899  VOLUME     =    214359.8760
                                                    Density    =         1.0203
 ------------------------------------------------------------------------------

wrapping first mol.:       21.78645       30.81070       53.36569
wrapping first mol.:       21.78645       30.81070       53.36569

 NSTEP =    14000   TIME(PS) =    5328.000  TEMP(K) =   298.89  PRESS =   -63.6
 Etot   =    -52135.1457  EKtot   =     13106.9814  EPtot      =    -65242.1271
 BOND   =       381.9937  ANGLE   =      1104.1499  DIHED      =      1750.0972
 1-4 NB =       516.2610  1-4 EEL =      6856.4052  VDWAALS    =      7733.9709
 EELEC  =    -83593.5642  EHBOND  =         0.0000  RESTRAINT  =         8.5592
 EAMBER (non-restraint)  =    -65250.6863
 EKCMT  =      5856.1243  VIRIAL  =      6151.1485  VOLUME     =    214933.3701
                                                    Density    =         1.0176
 ------------------------------------------------------------------------------

wrapping first mol.:       21.80915       30.84279       53.42128
wrapping first mol.:       21.80915       30.84279       53.42128

 NSTEP =    14500   TIME(PS) =    5329.000  TEMP(K) =   303.86  PRESS =   -92.4
 Etot   =    -51797.2263  EKtot   =     13325.1182  EPtot      =    -65122.3444
 BOND   =       415.6347  ANGLE   =      1113.2148  DIHED      =      1756.5414
 1-4 NB =       509.7791  1-4 EEL =      6839.6131  VDWAALS    =      7885.7693
 EELEC  =    -83652.4010  EHBOND  =         0.0000  RESTRAINT  =         9.5042
 EAMBER (non-restraint)  =    -65131.8486
 EKCMT  =      5885.3118  VIRIAL  =      6315.6331  VOLUME     =    215606.2592
                                                    Density    =         1.0144
 ------------------------------------------------------------------------------

wrapping first mol.:       21.79330       30.82038       53.38246
wrapping first mol.:       21.79330       30.82038       53.38246

 NSTEP =    15000   TIME(PS) =    5330.000  TEMP(K) =   299.14  PRESS =   -62.5
 Etot   =    -52081.8627  EKtot   =     13118.1191  EPtot      =    -65199.9819
 BOND   =       392.7108  ANGLE   =      1177.1517  DIHED      =      1746.9669
 1-4 NB =       509.3996  1-4 EEL =      6856.8324  VDWAALS    =      7901.3528
 EELEC  =    -83793.0899  EHBOND  =         0.0000  RESTRAINT  =         8.6939
 EAMBER (non-restraint)  =    -65208.6758
 EKCMT  =      5870.9054  VIRIAL  =      6161.0243  VOLUME     =    215136.0693
                                                    Density    =         1.0167
 ------------------------------------------------------------------------------

wrapping first mol.:       21.79681       30.82534       53.39105
wrapping first mol.:       21.79681       30.82534       53.39105

 NSTEP =    15500   TIME(PS) =    5331.000  TEMP(K) =   300.41  PRESS =    12.6
 Etot   =    -52102.5882  EKtot   =     13173.8574  EPtot      =    -65276.4456
 BOND   =       391.9484  ANGLE   =      1139.9375  DIHED      =      1730.2313
 1-4 NB =       498.3275  1-4 EEL =      6828.9168  VDWAALS    =      7818.8430
 EELEC  =    -83692.3452  EHBOND  =         0.0000  RESTRAINT  =         7.6950
 EAMBER (non-restraint)  =    -65284.1406
 EKCMT  =      5791.6542  VIRIAL  =      5733.1537  VOLUME     =    215238.5163
                                                    Density    =         1.0162
 ------------------------------------------------------------------------------

wrapping first mol.:       21.79132       30.81758       53.37760
wrapping first mol.:       21.79132       30.81758       53.37760

 NSTEP =    16000   TIME(PS) =    5332.000  TEMP(K) =   298.73  PRESS =   204.6
 Etot   =    -52111.6570  EKtot   =     13100.0166  EPtot      =    -65211.6736
 BOND   =       442.9816  ANGLE   =      1195.9842  DIHED      =      1760.3233
 1-4 NB =       508.0422  1-4 EEL =      6852.0305  VDWAALS    =      8048.7281
 EELEC  =    -84028.8144  EHBOND  =         0.0000  RESTRAINT  =         9.0510
 EAMBER (non-restraint)  =    -65220.7246
 EKCMT  =      5816.1892  VIRIAL  =      4866.1526  VOLUME     =    215072.1957
                                                    Density    =         1.0170
 ------------------------------------------------------------------------------

wrapping first mol.:       21.79335       30.82045       53.38257
wrapping first mol.:       21.79335       30.82045       53.38257

 NSTEP =    16500   TIME(PS) =    5333.000  TEMP(K) =   303.13  PRESS =   258.5
 Etot   =    -51727.8045  EKtot   =     13292.7852  EPtot      =    -65020.5896
 BOND   =       413.9272  ANGLE   =      1148.4059  DIHED      =      1760.4897
 1-4 NB =       512.4936  1-4 EEL =      6885.8336  VDWAALS    =      8015.1349
 EELEC  =    -83765.4072  EHBOND  =         0.0000  RESTRAINT  =         8.5326
 EAMBER (non-restraint)  =    -65029.1222
 EKCMT  =      5845.8679  VIRIAL  =      4645.3635  VOLUME     =    215131.2628
                                                    Density    =         1.0167
 ------------------------------------------------------------------------------

wrapping first mol.:       21.80247       30.83335       53.40492
wrapping first mol.:       21.80247       30.83335       53.40492

 NSTEP =    17000   TIME(PS) =    5334.000  TEMP(K) =   300.47  PRESS =     2.6
 Etot   =    -51964.1387  EKtot   =     13176.1270  EPtot      =    -65140.2656
 BOND   =       407.6616  ANGLE   =      1156.9456  DIHED      =      1773.5551
 1-4 NB =       491.0228  1-4 EEL =      6850.8256  VDWAALS    =      7974.8613
 EELEC  =    -83803.1749  EHBOND  =         0.0000  RESTRAINT  =         8.0373
 EAMBER (non-restraint)  =    -65148.3029
 EKCMT  =      5835.3400  VIRIAL  =      5823.4002  VOLUME     =    215406.4215
                                                    Density    =         1.0154
 ------------------------------------------------------------------------------

wrapping first mol.:       21.79325       30.82031       53.38234
wrapping first mol.:       21.79325       30.82031       53.38234

 NSTEP =    17500   TIME(PS) =    5335.000  TEMP(K) =   300.48  PRESS =  -159.9
 Etot   =    -52007.8143  EKtot   =     13176.7588  EPtot      =    -65184.5731
 BOND   =       390.1376  ANGLE   =      1170.0113  DIHED      =      1757.8884
 1-4 NB =       507.2533  1-4 EEL =      6842.4025  VDWAALS    =      7683.9567
 EELEC  =    -83542.6203  EHBOND  =         0.0000  RESTRAINT  =         6.3974
 EAMBER (non-restraint)  =    -65190.9705
 EKCMT  =      5768.9243  VIRIAL  =      6511.6414  VOLUME     =    215136.5171
                                                    Density    =         1.0166
 ------------------------------------------------------------------------------

wrapping first mol.:       21.79199       30.81853       53.37925
wrapping first mol.:       21.79199       30.81853       53.37925

 NSTEP =    18000   TIME(PS) =    5336.000  TEMP(K) =   304.15  PRESS =  -347.4
 Etot   =    -51900.3516  EKtot   =     13337.7109  EPtot      =    -65238.0625
 BOND   =       420.6935  ANGLE   =      1166.6405  DIHED      =      1770.4607
 1-4 NB =       486.8628  1-4 EEL =      6813.5478  VDWAALS    =      7795.2928
 EELEC  =    -83697.4970  EHBOND  =         0.0000  RESTRAINT  =         5.9364
 EAMBER (non-restraint)  =    -65243.9989
 EKCMT  =      5938.4185  VIRIAL  =      7551.7575  VOLUME     =    215102.6683
                                                    Density    =         1.0168
 ------------------------------------------------------------------------------

wrapping first mol.:       21.78583       30.80982       53.36416
wrapping first mol.:       21.78583       30.80982       53.36416

 NSTEP =    18500   TIME(PS) =    5337.000  TEMP(K) =   300.05  PRESS =   -51.8
 Etot   =    -52063.1041  EKtot   =     13157.8750  EPtot      =    -65220.9791
 BOND   =       398.5043  ANGLE   =      1110.5107  DIHED      =      1750.4313
 1-4 NB =       511.7485  1-4 EEL =      6865.6410  VDWAALS    =      7931.8137
 EELEC  =    -83795.5257  EHBOND  =         0.0000  RESTRAINT  =         5.8970
 EAMBER (non-restraint)  =    -65226.8761
 EKCMT  =      5791.5203  VIRIAL  =      6031.7422  VOLUME     =    214914.7061
                                                    Density    =         1.0177
 ------------------------------------------------------------------------------

wrapping first mol.:       21.79108       30.81725       53.37703
wrapping first mol.:       21.79108       30.81725       53.37703

 NSTEP =    19000   TIME(PS) =    5338.000  TEMP(K) =   301.52  PRESS =   137.6
 Etot   =    -51826.5290  EKtot   =     13222.3359  EPtot      =    -65048.8649
 BOND   =       426.8244  ANGLE   =      1072.4894  DIHED      =      1770.6107
 1-4 NB =       505.6935  1-4 EEL =      6897.4781  VDWAALS    =      8015.8549
 EELEC  =    -83744.2536  EHBOND  =         0.0000  RESTRAINT  =         6.4377
 EAMBER (non-restraint)  =    -65055.3026
 EKCMT  =      5757.1552  VIRIAL  =      5118.1926  VOLUME     =    215066.5788
                                                    Density    =         1.0170
 ------------------------------------------------------------------------------

wrapping first mol.:       21.78251       30.80512       53.35603
wrapping first mol.:       21.78251       30.80512       53.35603

 NSTEP =    19500   TIME(PS) =    5339.000  TEMP(K) =   298.47  PRESS =    -5.8
 Etot   =    -52141.5555  EKtot   =     13088.5205  EPtot      =    -65230.0760
 BOND   =       389.8800  ANGLE   =      1149.8469  DIHED      =      1748.5250
 1-4 NB =       492.9652  1-4 EEL =      6846.7798  VDWAALS    =      7802.7147
 EELEC  =    -83668.0194  EHBOND  =         0.0000  RESTRAINT  =         7.2318
 EAMBER (non-restraint)  =    -65237.3078
 EKCMT  =      5767.0039  VIRIAL  =      5793.8737  VOLUME     =    214815.5491
                                                    Density    =         1.0182
 ------------------------------------------------------------------------------

wrapping first mol.:       21.79027       30.81610       53.37504
wrapping first mol.:       21.79027       30.81610       53.37504

 NSTEP =    20000   TIME(PS) =    5340.000  TEMP(K) =   301.09  PRESS =   131.8
 Etot   =    -51914.4335  EKtot   =     13203.6895  EPtot      =    -65118.1230
 BOND   =       410.3633  ANGLE   =      1129.6528  DIHED      =      1756.2754
 1-4 NB =       494.4768  1-4 EEL =      6843.7169  VDWAALS    =      7906.7047
 EELEC  =    -83665.0297  EHBOND  =         0.0000  RESTRAINT  =         5.7168
 EAMBER (non-restraint)  =    -65123.8398
 EKCMT  =      5740.3880  VIRIAL  =      5128.4641  VOLUME     =    215042.6179
                                                    Density    =         1.0171
 ------------------------------------------------------------------------------

wrapping first mol.:       21.79323       30.82029       53.38230
wrapping first mol.:       21.79323       30.82029       53.38230

 NSTEP =    20500   TIME(PS) =    5341.000  TEMP(K) =   298.34  PRESS =    27.4
 Etot   =    -52201.9766  EKtot   =     13083.0400  EPtot      =    -65285.0166
 BOND   =       379.5252  ANGLE   =      1162.7511  DIHED      =      1772.0341
 1-4 NB =       495.1993  1-4 EEL =      6796.7481  VDWAALS    =      8040.1811
 EELEC  =    -83937.7279  EHBOND  =         0.0000  RESTRAINT  =         6.2723
 EAMBER (non-restraint)  =    -65291.2890
 EKCMT  =      5751.6474  VIRIAL  =      5624.4023  VOLUME     =    215132.3302
                                                    Density    =         1.0167
 ------------------------------------------------------------------------------

wrapping first mol.:       21.80344       30.83472       53.40730
wrapping first mol.:       21.80344       30.83472       53.40730

 NSTEP =    21000   TIME(PS) =    5342.000  TEMP(K) =   298.38  PRESS =  -142.4
 Etot   =    -52158.4634  EKtot   =     13084.7363  EPtot      =    -65243.1997
 BOND   =       422.4537  ANGLE   =      1162.8091  DIHED      =      1786.6333
 1-4 NB =       501.4892  1-4 EEL =      6830.4631  VDWAALS    =      7881.0778
 EELEC  =    -83835.4532  EHBOND  =         0.0000  RESTRAINT  =         7.3273
 EAMBER (non-restraint)  =    -65250.5270
 EKCMT  =      5712.1133  VIRIAL  =      6374.5173  VOLUME     =    215438.0244
                                                    Density    =         1.0152
 ------------------------------------------------------------------------------

wrapping first mol.:       21.78713       30.81166       53.36735
wrapping first mol.:       21.78713       30.81166       53.36735

 NSTEP =    21500   TIME(PS) =    5343.000  TEMP(K) =   300.80  PRESS =   -44.6
 Etot   =    -52007.0491  EKtot   =     13190.8984  EPtot      =    -65197.9475
 BOND   =       415.0885  ANGLE   =      1145.0304  DIHED      =      1766.5720
 1-4 NB =       501.6479  1-4 EEL =      6833.3364  VDWAALS    =      7816.9227
 EELEC  =    -83683.6591  EHBOND  =         0.0000  RESTRAINT  =         7.1136
 EAMBER (non-restraint)  =    -65205.0611
 EKCMT  =      5832.0472  VIRIAL  =      6038.9474  VOLUME     =    214953.1145
                                                    Density    =         1.0175
 ------------------------------------------------------------------------------

wrapping first mol.:       21.76905       30.78608       53.32306
wrapping first mol.:       21.76905       30.78608       53.32306

 NSTEP =    22000   TIME(PS) =    5344.000  TEMP(K) =   302.13  PRESS =   -49.4
 Etot   =    -51926.0035  EKtot   =     13249.1230  EPtot      =    -65175.1265
 BOND   =       423.1408  ANGLE   =      1115.2118  DIHED      =      1760.3487
 1-4 NB =       500.5683  1-4 EEL =      6857.1323  VDWAALS    =      8013.2935
 EELEC  =    -83852.8485  EHBOND  =         0.0000  RESTRAINT  =         8.0266
 EAMBER (non-restraint)  =    -65183.1531
 EKCMT  =      5839.3524  VIRIAL  =      6068.2222  VOLUME     =    214418.3799
                                                    Density    =         1.0201
 ------------------------------------------------------------------------------

wrapping first mol.:       21.76814       30.78480       53.32083
wrapping first mol.:       21.76814       30.78480       53.32083

 NSTEP =    22500   TIME(PS) =    5345.000  TEMP(K) =   299.89  PRESS =  -215.9
 Etot   =    -52195.1697  EKtot   =     13150.7266  EPtot      =    -65345.8962
 BOND   =       403.4047  ANGLE   =      1170.9694  DIHED      =      1760.6122
 1-4 NB =       502.0398  1-4 EEL =      6827.1509  VDWAALS    =      7708.1822
 EELEC  =    -83725.9068  EHBOND  =         0.0000  RESTRAINT  =         7.6513
 EAMBER (non-restraint)  =    -65353.5476
 EKCMT  =      5791.5018  VIRIAL  =      6790.7208  VOLUME     =    214394.6493
                                                    Density    =         1.0202
 ------------------------------------------------------------------------------

wrapping first mol.:       21.77700       30.79733       53.34254
wrapping first mol.:       21.77700       30.79733       53.34254

 NSTEP =    23000   TIME(PS) =    5346.000  TEMP(K) =   298.91  PRESS =   -17.8
 Etot   =    -52148.8683  EKtot   =     13107.9072  EPtot      =    -65256.7756
 BOND   =       383.2639  ANGLE   =      1160.3390  DIHED      =      1758.7813
 1-4 NB =       503.9837  1-4 EEL =      6865.5684  VDWAALS    =      7836.4870
 EELEC  =    -83773.1707  EHBOND  =         0.0000  RESTRAINT  =         7.9718
 EAMBER (non-restraint)  =    -65264.7473
 EKCMT  =      5774.5108  VIRIAL  =      5857.0119  VOLUME     =    214652.9472
                                                    Density    =         1.0189
 ------------------------------------------------------------------------------

wrapping first mol.:       21.78521       30.80894       53.36264
wrapping first mol.:       21.78521       30.80894       53.36264

 NSTEP =    23500   TIME(PS) =    5347.000  TEMP(K) =   301.48  PRESS =    63.2
 Etot   =    -52101.8753  EKtot   =     13220.5254  EPtot      =    -65322.4007
 BOND   =       410.4737  ANGLE   =      1139.0923  DIHED      =      1774.0332
 1-4 NB =       501.9686  1-4 EEL =      6820.9352  VDWAALS    =      7962.0342
 EELEC  =    -83938.2302  EHBOND  =         0.0000  RESTRAINT  =         7.2923
 EAMBER (non-restraint)  =    -65329.6930
 EKCMT  =      5771.9697  VIRIAL  =      5478.6130  VOLUME     =    214894.0677
                                                    Density    =         1.0178
 ------------------------------------------------------------------------------

wrapping first mol.:       21.77746       30.79798       53.34367
wrapping first mol.:       21.77746       30.79798       53.34367

 NSTEP =    24000   TIME(PS) =    5348.000  TEMP(K) =   295.55  PRESS =   -54.5
 Etot   =    -52459.1099  EKtot   =     12960.5898  EPtot      =    -65419.6998
 BOND   =       405.4671  ANGLE   =      1152.7981  DIHED      =      1771.0164
 1-4 NB =       480.2730  1-4 EEL =      6850.5770  VDWAALS    =      7798.9436
 EELEC  =    -83887.6061  EHBOND  =         0.0000  RESTRAINT  =         8.8312
 EAMBER (non-restraint)  =    -65428.5309
 EKCMT  =      5663.3778  VIRIAL  =      5916.1253  VOLUME     =    214667.2309
                                                    Density    =         1.0189
 ------------------------------------------------------------------------------

wrapping first mol.:       21.77070       30.78842       53.32710
wrapping first mol.:       21.77070       30.78842       53.32710

 NSTEP =    24500   TIME(PS) =    5349.000  TEMP(K) =   299.02  PRESS =  -129.2
 Etot   =    -52153.4004  EKtot   =     13112.8262  EPtot      =    -65266.2266
 BOND   =       412.4137  ANGLE   =      1150.6623  DIHED      =      1794.2617
 1-4 NB =       493.4416  1-4 EEL =      6848.4001  VDWAALS    =      7789.0742
 EELEC  =    -83763.4005  EHBOND  =         0.0000  RESTRAINT  =         8.9202
 EAMBER (non-restraint)  =    -65275.1469
 EKCMT  =      5783.9074  VIRIAL  =      6382.0450  VOLUME     =    214468.6325
                                                    Density    =         1.0198
 ------------------------------------------------------------------------------

wrapping first mol.:       21.78601       30.81007       53.36460
wrapping first mol.:       21.78601       30.81007       53.36460

 NSTEP =    25000   TIME(PS) =    5350.000  TEMP(K) =   298.17  PRESS =   146.1
 Etot   =    -52371.6978  EKtot   =     13075.5742  EPtot      =    -65447.2720
 BOND   =       395.3479  ANGLE   =      1140.7234  DIHED      =      1771.7152
 1-4 NB =       502.5092  1-4 EEL =      6839.2515  VDWAALS    =      7992.4737
 EELEC  =    -84097.4497  EHBOND  =         0.0000  RESTRAINT  =         8.1568
 EAMBER (non-restraint)  =    -65455.4288
 EKCMT  =      5727.9430  VIRIAL  =      5050.1367  VOLUME     =    214916.1599
                                                    Density    =         1.0177
 ------------------------------------------------------------------------------

wrapping first mol.:       21.79010       30.81586       53.37463
wrapping first mol.:       21.79010       30.81586       53.37463

 NSTEP =    25500   TIME(PS) =    5351.000  TEMP(K) =   302.47  PRESS =    -8.6
 Etot   =    -52051.5082  EKtot   =     13264.0801  EPtot      =    -65315.5882
 BOND   =       408.9476  ANGLE   =      1148.7350  DIHED      =      1767.0398
 1-4 NB =       490.2339  1-4 EEL =      6830.8115  VDWAALS    =      7908.4091
 EELEC  =    -83876.7196  EHBOND  =         0.0000  RESTRAINT  =         6.9545
 EAMBER (non-restraint)  =    -65322.5427
 EKCMT  =      5804.7622  VIRIAL  =      5844.7925  VOLUME     =    215040.3718
                                                    Density    =         1.0171
 ------------------------------------------------------------------------------

wrapping first mol.:       21.80608       30.83845       53.41377
wrapping first mol.:       21.80608       30.83845       53.41377

 NSTEP =    26000   TIME(PS) =    5352.000  TEMP(K) =   294.51  PRESS =   -96.2
 Etot   =    -52520.8584  EKtot   =     12915.0625  EPtot      =    -65435.9209
 BOND   =       403.4337  ANGLE   =      1126.8935  DIHED      =      1745.6124
 1-4 NB =       514.3534  1-4 EEL =      6850.5509  VDWAALS    =      8007.6615
 EELEC  =    -84090.7005  EHBOND  =         0.0000  RESTRAINT  =         6.2741
 EAMBER (non-restraint)  =    -65442.1950
 EKCMT  =      5692.4570  VIRIAL  =      6139.9256  VOLUME     =    215515.4089
                                                    Density    =         1.0149
 ------------------------------------------------------------------------------

wrapping first mol.:       21.80334       30.83458       53.40706
wrapping first mol.:       21.80334       30.83458       53.40706

 NSTEP =    26500   TIME(PS) =    5353.000  TEMP(K) =   300.39  PRESS =  -343.3
 Etot   =    -52118.2814  EKtot   =     13172.7197  EPtot      =    -65291.0012
 BOND   =       418.2815  ANGLE   =      1115.9162  DIHED      =      1777.6637
 1-4 NB =       497.1434  1-4 EEL =      6799.1746  VDWAALS    =      7557.6928
 EELEC  =    -83463.0230  EHBOND  =         0.0000  RESTRAINT  =         6.1497
 EAMBER (non-restraint)  =    -65297.1509
 EKCMT  =      5784.4001  VIRIAL  =      7381.2084  VOLUME     =    215438.9324
                                                    Density    =         1.0152
 ------------------------------------------------------------------------------

wrapping first mol.:       21.78401       30.80724       53.35970
wrapping first mol.:       21.78401       30.80724       53.35970

 NSTEP =    27000   TIME(PS) =    5354.000  TEMP(K) =   295.35  PRESS =   -99.5
 Etot   =    -52405.7296  EKtot   =     12951.6777  EPtot      =    -65357.4073
 BOND   =       381.6412  ANGLE   =      1190.4608  DIHED      =      1756.1858
 1-4 NB =       508.0296  1-4 EEL =      6818.2587  VDWAALS    =      7815.0356
 EELEC  =    -83832.8212  EHBOND  =         0.0000  RESTRAINT  =         5.8022
 EAMBER (non-restraint)  =    -65363.2095
 EKCMT  =      5653.5089  VIRIAL  =      6115.0766  VOLUME     =    214861.7475
                                                    Density    =         1.0179
 ------------------------------------------------------------------------------

wrapping first mol.:       21.78306       30.80590       53.35738
wrapping first mol.:       21.78306       30.80590       53.35738

 NSTEP =    27500   TIME(PS) =    5355.000  TEMP(K) =   293.90  PRESS =   254.3
 Etot   =    -52396.2952  EKtot   =     12888.0527  EPtot      =    -65284.3479
 BOND   =       419.0311  ANGLE   =      1194.3907  DIHED      =      1755.6405
 1-4 NB =       498.8805  1-4 EEL =      6818.9440  VDWAALS    =      7983.0679
 EELEC  =    -83959.9065  EHBOND  =         0.0000  RESTRAINT  =         5.6039
 EAMBER (non-restraint)  =    -65289.9518
 EKCMT  =      5682.8913  VIRIAL  =      4503.4757  VOLUME     =    214826.8273
                                                    Density    =         1.0181
 ------------------------------------------------------------------------------

wrapping first mol.:       21.79223       30.81887       53.37985
wrapping first mol.:       21.79223       30.81887       53.37985

 NSTEP =    28000   TIME(PS) =    5356.000  TEMP(K) =   296.84  PRESS =   231.9
 Etot   =    -52440.5801  EKtot   =     13017.1465  EPtot      =    -65457.7266
 BOND   =       439.0624  ANGLE   =      1157.5015  DIHED      =      1760.3798
 1-4 NB =       513.3451  1-4 EEL =      6833.0017  VDWAALS    =      7919.4899
 EELEC  =    -84087.3740  EHBOND  =         0.0000  RESTRAINT  =         6.8671
 EAMBER (non-restraint)  =    -65464.5937
 EKCMT  =      5774.0505  VIRIAL  =      4697.2300  VOLUME     =    215098.8052
                                                    Density    =         1.0168
 ------------------------------------------------------------------------------

wrapping first mol.:       21.80169       30.83225       53.40302
wrapping first mol.:       21.80169       30.83225       53.40302

 NSTEP =    28500   TIME(PS) =    5357.000  TEMP(K) =   299.90  PRESS =   -29.8
 Etot   =    -52046.4905  EKtot   =     13151.3154  EPtot      =    -65197.8059
 BOND   =       438.9363  ANGLE   =      1151.2644  DIHED      =      1763.0888
 1-4 NB =       504.5500  1-4 EEL =      6828.5184  VDWAALS    =      7904.7522
 EELEC  =    -83795.6910  EHBOND  =         0.0000  RESTRAINT  =         6.7750
 EAMBER (non-restraint)  =    -65204.5809
 EKCMT  =      5731.8719  VIRIAL  =      5870.5575  VOLUME     =    215384.0959
                                                    Density    =         1.0155
 ------------------------------------------------------------------------------

wrapping first mol.:       21.78270       30.80538       53.35649
wrapping first mol.:       21.78270       30.80538       53.35649

 NSTEP =    29000   TIME(PS) =    5358.000  TEMP(K) =   295.70  PRESS =  -139.7
 Etot   =    -52315.3128  EKtot   =     12967.0391  EPtot      =    -65282.3519
 BOND   =       373.7318  ANGLE   =      1139.7435  DIHED      =      1761.6763
 1-4 NB =       496.8893  1-4 EEL =      6833.5211  VDWAALS    =      7764.7458
 EELEC  =    -83658.9634  EHBOND  =         0.0000  RESTRAINT  =         6.3037
 EAMBER (non-restraint)  =    -65288.6556
 EKCMT  =      5715.5892  VIRIAL  =      6363.6814  VOLUME     =    214823.6382
                                                    Density    =         1.0181
 ------------------------------------------------------------------------------

wrapping first mol.:       21.75955       30.77264       53.29978
wrapping first mol.:       21.75955       30.77264       53.29978

 NSTEP =    29500   TIME(PS) =    5359.000  TEMP(K) =   297.72  PRESS =   -40.9
 Etot   =    -52454.7043  EKtot   =     13055.7949  EPtot      =    -65510.4993
 BOND   =       384.2125  ANGLE   =      1173.4276  DIHED      =      1769.6595
 1-4 NB =       515.0528  1-4 EEL =      6861.2228  VDWAALS    =      7854.5672
 EELEC  =    -84074.5270  EHBOND  =         0.0000  RESTRAINT  =         5.8854
 EAMBER (non-restraint)  =    -65516.3847
 EKCMT  =      5785.8856  VIRIAL  =      5975.1487  VOLUME     =    214137.5349
                                                    Density    =         1.0214
 ------------------------------------------------------------------------------

wrapping first mol.:       21.75682       30.76879       53.29310
wrapping first mol.:       21.75682       30.76879       53.29310

 NSTEP =    30000   TIME(PS) =    5360.000  TEMP(K) =   295.77  PRESS =   250.7
 Etot   =    -52404.0970  EKtot   =     12970.2832  EPtot      =    -65374.3802
 BOND   =       381.5675  ANGLE   =      1143.6831  DIHED      =      1762.4660
 1-4 NB =       532.0072  1-4 EEL =      6849.0356  VDWAALS    =      8027.5687
 EELEC  =    -84077.8743  EHBOND  =         0.0000  RESTRAINT  =         7.1661
 EAMBER (non-restraint)  =    -65381.5463
 EKCMT  =      5691.2620  VIRIAL  =      4532.8233  VOLUME     =    214051.4908
                                                    Density    =         1.0218
 ------------------------------------------------------------------------------

wrapping first mol.:       21.77911       30.80031       53.34770
wrapping first mol.:       21.77911       30.80031       53.34770

 NSTEP =    30500   TIME(PS) =    5361.000  TEMP(K) =   304.29  PRESS =   164.9
 Etot   =    -52082.1342  EKtot   =     13343.8643  EPtot      =    -65425.9985
 BOND   =       374.3605  ANGLE   =      1125.3229  DIHED      =      1776.6907
 1-4 NB =       507.0713  1-4 EEL =      6832.5303  VDWAALS    =      7941.2014
 EELEC  =    -83989.6114  EHBOND  =         0.0000  RESTRAINT  =         6.4358
 EAMBER (non-restraint)  =    -65432.4343
 EKCMT  =      5852.0603  VIRIAL  =      5087.5640  VOLUME     =    214711.7160
                                                    Density    =         1.0187
 ------------------------------------------------------------------------------

wrapping first mol.:       21.78303       30.80586       53.35731
wrapping first mol.:       21.78303       30.80586       53.35731

 NSTEP =    31000   TIME(PS) =    5362.000  TEMP(K) =   299.88  PRESS =   -16.8
 Etot   =    -52074.1535  EKtot   =     13150.6133  EPtot      =    -65224.7667
 BOND   =       398.8422  ANGLE   =      1171.6318  DIHED      =      1754.5913
 1-4 NB =       508.1828  1-4 EEL =      6847.1072  VDWAALS    =      7847.0684
 EELEC  =    -83758.5134  EHBOND  =         0.0000  RESTRAINT  =         6.3229
 EAMBER (non-restraint)  =    -65231.0897
 EKCMT  =      5785.5478  VIRIAL  =      5863.4377  VOLUME     =    214831.1910
                                                    Density    =         1.0181
 ------------------------------------------------------------------------------

wrapping first mol.:       21.77332       30.79213       53.33352
wrapping first mol.:       21.77332       30.79213       53.33352

 NSTEP =    31500   TIME(PS) =    5363.000  TEMP(K) =   302.82  PRESS =    68.3
 Etot   =    -52169.5098  EKtot   =     13279.3232  EPtot      =    -65448.8330
 BOND   =       391.6109  ANGLE   =      1120.6409  DIHED      =      1728.3798
 1-4 NB =       496.1490  1-4 EEL =      6829.4318  VDWAALS    =      7969.4097
 EELEC  =    -83991.0360  EHBOND  =         0.0000  RESTRAINT  =         6.5811
 EAMBER (non-restraint)  =    -65455.4141
 EKCMT  =      5843.5778  VIRIAL  =      5527.0296  VOLUME     =    214542.4231
                                                    Density    =         1.0195
 ------------------------------------------------------------------------------

wrapping first mol.:       21.76631       30.78222       53.31636
wrapping first mol.:       21.76631       30.78222       53.31636

 NSTEP =    32000   TIME(PS) =    5364.000  TEMP(K) =   299.58  PRESS =   188.4
 Etot   =    -52084.1354  EKtot   =     13137.4277  EPtot      =    -65221.5631
 BOND   =       417.7970  ANGLE   =      1143.8253  DIHED      =      1766.1463
 1-4 NB =       501.7036  1-4 EEL =      6827.8786  VDWAALS    =      7999.4621
 EELEC  =    -83884.7911  EHBOND  =         0.0000  RESTRAINT  =         6.4151
 EAMBER (non-restraint)  =    -65227.9782
 EKCMT  =      5717.1223  VIRIAL  =      4845.2253  VOLUME     =    214333.0351
                                                    Density    =         1.0205
 ------------------------------------------------------------------------------

wrapping first mol.:       21.77564       30.79541       53.33921
wrapping first mol.:       21.77564       30.79541       53.33921

 NSTEP =    32500   TIME(PS) =    5365.000  TEMP(K) =   301.74  PRESS =   -75.6
 Etot   =    -52171.7708  EKtot   =     13232.0254  EPtot      =    -65403.7962
 BOND   =       383.3845  ANGLE   =      1114.6089  DIHED      =      1759.8972
 1-4 NB =       497.5675  1-4 EEL =      6836.5325  VDWAALS    =      7920.4741
 EELEC  =    -83924.5508  EHBOND  =         0.0000  RESTRAINT  =         8.2901
 EAMBER (non-restraint)  =    -65412.0863
 EKCMT  =      5808.2576  VIRIAL  =      6158.5612  VOLUME     =    214613.8120
                                                    Density    =         1.0191
 ------------------------------------------------------------------------------

wrapping first mol.:       21.80040       30.83042       53.39985
wrapping first mol.:       21.80040       30.83042       53.39985

 NSTEP =    33000   TIME(PS) =    5366.000  TEMP(K) =   301.92  PRESS =    70.5
 Etot   =    -51716.3556  EKtot   =     13239.9912  EPtot      =    -64956.3468
 BOND   =       416.5632  ANGLE   =      1191.8233  DIHED      =      1757.2856
 1-4 NB =       504.2925  1-4 EEL =      6831.2381  VDWAALS    =      8001.8509
 EELEC  =    -83666.8353  EHBOND  =         0.0000  RESTRAINT  =         7.4349
 EAMBER (non-restraint)  =    -64963.7817
 EKCMT  =      5884.8554  VIRIAL  =      5557.2336  VOLUME     =    215343.7970
                                                    Density    =         1.0157
 ------------------------------------------------------------------------------

wrapping first mol.:       21.78399       30.80721       53.35965
wrapping first mol.:       21.78399       30.80721       53.35965

 NSTEP =    33500   TIME(PS) =    5367.000  TEMP(K) =   296.44  PRESS =  -184.9
 Etot   =    -52192.5154  EKtot   =     12999.5723  EPtot      =    -65192.0877
 BOND   =       385.0158  ANGLE   =      1140.6847  DIHED      =      1763.4284
 1-4 NB =       497.3273  1-4 EEL =      6823.2685  VDWAALS    =      7625.6939
 EELEC  =    -83434.6828  EHBOND  =         0.0000  RESTRAINT  =         7.1765
 EAMBER (non-restraint)  =    -65199.2642
 EKCMT  =      5751.0205  VIRIAL  =      6608.6842  VOLUME     =    214862.7300
                                                    Density    =         1.0179
 ------------------------------------------------------------------------------

wrapping first mol.:       21.79093       30.81702       53.37664
wrapping first mol.:       21.79093       30.81702       53.37664

 NSTEP =    34000   TIME(PS) =    5368.000  TEMP(K) =   303.44  PRESS =   -33.8
 Etot   =    -52008.7172  EKtot   =     13306.5508  EPtot      =    -65315.2679
 BOND   =       430.3446  ANGLE   =      1135.4656  DIHED      =      1753.1561
 1-4 NB =       499.6498  1-4 EEL =      6849.2447  VDWAALS    =      7871.8888
 EELEC  =    -83861.7725  EHBOND  =         0.0000  RESTRAINT  =         6.7550
 EAMBER (non-restraint)  =    -65322.0230
 EKCMT  =      5797.1933  VIRIAL  =      5954.0596  VOLUME     =    215065.1477
                                                    Density    =         1.0170
 ------------------------------------------------------------------------------

wrapping first mol.:       21.76258       30.77693       53.30720
wrapping first mol.:       21.76258       30.77693       53.30720

 NSTEP =    34500   TIME(PS) =    5369.000  TEMP(K) =   297.02  PRESS =   -79.6
 Etot   =    -52428.3428  EKtot   =     13025.1768  EPtot      =    -65453.5195
 BOND   =       398.9925  ANGLE   =      1165.3033  DIHED      =      1747.8461
 1-4 NB =       504.2227  1-4 EEL =      6844.4777  VDWAALS    =      8068.4215
 EELEC  =    -84189.5873  EHBOND  =         0.0000  RESTRAINT  =         6.8038
 EAMBER (non-restraint)  =    -65460.3233
 EKCMT  =      5762.9186  VIRIAL  =      6131.1386  VOLUME     =    214227.7943
                                                    Density    =         1.0210
 ------------------------------------------------------------------------------

wrapping first mol.:       21.78060       30.80243       53.35136
wrapping first mol.:       21.78060       30.80243       53.35136

 NSTEP =    35000   TIME(PS) =    5370.000  TEMP(K) =   298.13  PRESS =    42.5
 Etot   =    -52294.8372  EKtot   =     13073.8535  EPtot      =    -65368.6908
 BOND   =       391.4059  ANGLE   =      1159.5190  DIHED      =      1761.0535
 1-4 NB =       503.3184  1-4 EEL =      6846.4569  VDWAALS    =      7930.9250
 EELEC  =    -83968.7539  EHBOND  =         0.0000  RESTRAINT  =         7.3843
 EAMBER (non-restraint)  =    -65376.0751
 EKCMT  =      5724.8525  VIRIAL  =      5527.9691  VOLUME     =    214758.2681
                                                    Density    =         1.0184
 ------------------------------------------------------------------------------

wrapping first mol.:       21.81128       30.84580       53.42649
wrapping first mol.:       21.81128       30.84580       53.42649

 NSTEP =    35500   TIME(PS) =    5371.000  TEMP(K) =   297.90  PRESS =   -72.5
 Etot   =    -52291.4451  EKtot   =     13063.5752  EPtot      =    -65355.0203
 BOND   =       407.3274  ANGLE   =      1133.6162  DIHED      =      1771.5071
 1-4 NB =       511.6612  1-4 EEL =      6839.1316  VDWAALS    =      7882.9205
 EELEC  =    -83909.0586  EHBOND  =         0.0000  RESTRAINT  =         7.8741
 EAMBER (non-restraint)  =    -65362.8944
 EKCMT  =      5778.7174  VIRIAL  =      6116.4383  VOLUME     =    215669.0507
                                                    Density    =         1.0141
 ------------------------------------------------------------------------------

wrapping first mol.:       21.79509       30.82291       53.38684
wrapping first mol.:       21.79509       30.82291       53.38684

 NSTEP =    36000   TIME(PS) =    5372.000  TEMP(K) =   299.61  PRESS =  -278.9
 Etot   =    -52117.5244  EKtot   =     13138.5176  EPtot      =    -65256.0420
 BOND   =       356.6120  ANGLE   =      1137.2373  DIHED      =      1757.1153
 1-4 NB =       508.3782  1-4 EEL =      6849.0040  VDWAALS    =      7703.8930
 EELEC  =    -83575.8253  EHBOND  =         0.0000  RESTRAINT  =         7.5436
 EAMBER (non-restraint)  =    -65263.5856
 EKCMT  =      5790.1755  VIRIAL  =      7086.0918  VOLUME     =    215193.2123
                                                    Density    =         1.0164
 ------------------------------------------------------------------------------

wrapping first mol.:       21.79146       30.81778       53.37796
wrapping first mol.:       21.79146       30.81778       53.37796

 NSTEP =    36500   TIME(PS) =    5373.000  TEMP(K) =   300.04  PRESS =  -141.2
 Etot   =    -52251.1347  EKtot   =     13157.3105  EPtot      =    -65408.4452
 BOND   =       400.5351  ANGLE   =      1159.4880  DIHED      =      1741.3722
 1-4 NB =       507.9294  1-4 EEL =      6878.1666  VDWAALS    =      7836.5535
 EELEC  =    -83938.5667  EHBOND  =         0.0000  RESTRAINT  =         6.0767
 EAMBER (non-restraint)  =    -65414.5220
 EKCMT  =      5805.0905  VIRIAL  =      6460.9566  VOLUME     =    215083.1872
                                                    Density    =         1.0169
 ------------------------------------------------------------------------------

wrapping first mol.:       21.78685       30.81126       53.36666
wrapping first mol.:       21.78685       30.81126       53.36666

 NSTEP =    37000   TIME(PS) =    5374.000  TEMP(K) =   299.97  PRESS =  -111.3
 Etot   =    -52201.5048  EKtot   =     13154.3486  EPtot      =    -65355.8534
 BOND   =       407.7545  ANGLE   =      1123.9900  DIHED      =      1740.8076
 1-4 NB =       504.4741  1-4 EEL =      6842.8452  VDWAALS    =      7750.0462
 EELEC  =    -83731.2244  EHBOND  =         0.0000  RESTRAINT  =         5.4534
 EAMBER (non-restraint)  =    -65361.3068
 EKCMT  =      5759.3621  VIRIAL  =      6275.6823  VOLUME     =    214946.0320
                                                    Density    =         1.0175
 ------------------------------------------------------------------------------

wrapping first mol.:       21.80012       30.83002       53.39917
wrapping first mol.:       21.80012       30.83002       53.39917

 NSTEP =    37500   TIME(PS) =    5375.000  TEMP(K) =   299.22  PRESS =   -87.5
 Etot   =    -52049.7007  EKtot   =     13121.6152  EPtot      =    -65171.3159
 BOND   =       404.1406  ANGLE   =      1164.9389  DIHED      =      1755.0097
 1-4 NB =       499.0139  1-4 EEL =      6815.0212  VDWAALS    =      7797.8728
 EELEC  =    -83612.6274  EHBOND  =         0.0000  RESTRAINT  =         5.3144
 EAMBER (non-restraint)  =    -65176.6303
 EKCMT  =      5704.2944  VIRIAL  =      6111.2914  VOLUME     =    215338.5548
                                                    Density    =         1.0157
 ------------------------------------------------------------------------------

wrapping first mol.:       21.78980       30.81543       53.37389
wrapping first mol.:       21.78980       30.81543       53.37389

 NSTEP =    38000   TIME(PS) =    5376.000  TEMP(K) =   299.63  PRESS =   -45.9
 Etot   =    -52130.0936  EKtot   =     13139.5918  EPtot      =    -65269.6854
 BOND   =       403.4781  ANGLE   =      1132.8023  DIHED      =      1754.3792
 1-4 NB =       489.1196  1-4 EEL =      6832.7958  VDWAALS    =      7835.0329
 EELEC  =    -83723.5193  EHBOND  =         0.0000  RESTRAINT  =         6.2260
 EAMBER (non-restraint)  =    -65275.9114
 EKCMT  =      5825.8068  VIRIAL  =      6038.8442  VOLUME     =    215032.1505
                                                    Density    =         1.0171
 ------------------------------------------------------------------------------

wrapping first mol.:       21.79546       30.82343       53.38775
wrapping first mol.:       21.79546       30.82343       53.38775

 NSTEP =    38500   TIME(PS) =    5377.000  TEMP(K) =   300.99  PRESS =   230.1
 Etot   =    -52067.4850  EKtot   =     13199.0859  EPtot      =    -65266.5709
 BOND   =       407.3805  ANGLE   =      1186.8660  DIHED      =      1767.6701
 1-4 NB =       501.2540  1-4 EEL =      6808.9930  VDWAALS    =      8050.6614
 EELEC  =    -83994.7538  EHBOND  =         0.0000  RESTRAINT  =         5.3579
 EAMBER (non-restraint)  =    -65271.9288
 EKCMT  =      5813.1572  VIRIAL  =      4743.9173  VOLUME     =    215194.3534
                                                    Density    =         1.0164
 ------------------------------------------------------------------------------

wrapping first mol.:       21.79811       30.82718       53.39423
wrapping first mol.:       21.79811       30.82718       53.39423

 NSTEP =    39000   TIME(PS) =    5378.000  TEMP(K) =   299.06  PRESS =   -67.0
 Etot   =    -52036.5270  EKtot   =     13114.5205  EPtot      =    -65151.0475
 BOND   =       394.1557  ANGLE   =      1165.4621  DIHED      =      1793.4767
 1-4 NB =       486.0068  1-4 EEL =      6853.3760  VDWAALS    =      7769.3001
 EELEC  =    -83618.8103  EHBOND  =         0.0000  RESTRAINT  =         5.9854
 EAMBER (non-restraint)  =    -65157.0329
 EKCMT  =      5831.2710  VIRIAL  =      6142.8399  VOLUME     =    215278.4962
                                                    Density    =         1.0160
 ------------------------------------------------------------------------------

wrapping first mol.:       21.80072       30.83087       53.40063
wrapping first mol.:       21.80072       30.83087       53.40063

 NSTEP =    39500   TIME(PS) =    5379.000  TEMP(K) =   299.54  PRESS =   145.4
 Etot   =    -52151.2853  EKtot   =     13135.5107  EPtot      =    -65286.7960
 BOND   =       410.5156  ANGLE   =      1142.7570  DIHED      =      1757.2681
 1-4 NB =       501.1261  1-4 EEL =      6832.8846  VDWAALS    =      7861.0297
 EELEC  =    -83798.1709  EHBOND  =         0.0000  RESTRAINT  =         5.7937
 EAMBER (non-restraint)  =    -65292.5897
 EKCMT  =      5895.6986  VIRIAL  =      5219.7702  VOLUME     =    215351.8600
                                                    Density    =         1.0156
 ------------------------------------------------------------------------------

wrapping first mol.:       21.80509       30.83705       53.41133
wrapping first mol.:       21.80509       30.83705       53.41133

 NSTEP =    40000   TIME(PS) =    5380.000  TEMP(K) =   299.91  PRESS =   229.4
 Etot   =    -52177.3844  EKtot   =     13151.7510  EPtot      =    -65329.1354
 BOND   =       384.9995  ANGLE   =      1124.2738  DIHED      =      1761.4647
 1-4 NB =       515.7551  1-4 EEL =      6880.2883  VDWAALS    =      7982.0775
 EELEC  =    -83983.7648  EHBOND  =         0.0000  RESTRAINT  =         5.7705
 EAMBER (non-restraint)  =    -65334.9060
 EKCMT  =      5818.0263  VIRIAL  =      4750.8392  VOLUME     =    215479.6806
                                                    Density    =         1.0150
 ------------------------------------------------------------------------------

wrapping first mol.:       21.77790       30.79861       53.34475
wrapping first mol.:       21.77790       30.79861       53.34475

 NSTEP =    40500   TIME(PS) =    5381.000  TEMP(K) =   299.89  PRESS =   118.7
 Etot   =    -52135.9761  EKtot   =     13150.9248  EPtot      =    -65286.9009
 BOND   =       413.4953  ANGLE   =      1116.4455  DIHED      =      1758.5052
 1-4 NB =       498.9983  1-4 EEL =      6844.4721  VDWAALS    =      8025.0400
 EELEC  =    -83950.6800  EHBOND  =         0.0000  RESTRAINT  =         6.8227
 EAMBER (non-restraint)  =    -65293.7236
 EKCMT  =      5770.1307  VIRIAL  =      5220.0851  VOLUME     =    214676.9129
                                                    Density    =         1.0188
 ------------------------------------------------------------------------------

wrapping first mol.:       21.77787       30.79856       53.34467
wrapping first mol.:       21.77787       30.79856       53.34467

 NSTEP =    41000   TIME(PS) =    5382.000  TEMP(K) =   299.35  PRESS =    55.0
 Etot   =    -52368.0882  EKtot   =     13127.2900  EPtot      =    -65495.3783
 BOND   =       412.7072  ANGLE   =      1125.3383  DIHED      =      1762.1263
 1-4 NB =       501.0884  1-4 EEL =      6809.9865  VDWAALS    =      8078.3467
 EELEC  =    -84192.3657  EHBOND  =         0.0000  RESTRAINT  =         7.3940
 EAMBER (non-restraint)  =    -65502.7723
 EKCMT  =      5750.6853  VIRIAL  =      5495.7663  VOLUME     =    214677.2084
                                                    Density    =         1.0188
 ------------------------------------------------------------------------------

wrapping first mol.:       21.79436       30.82187       53.38505
wrapping first mol.:       21.79436       30.82187       53.38505

 NSTEP =    41500   TIME(PS) =    5383.000  TEMP(K) =   296.08  PRESS =   324.7
 Etot   =    -52440.7130  EKtot   =     12983.9766  EPtot      =    -65424.6896
 BOND   =       390.2817  ANGLE   =      1169.6234  DIHED      =      1747.2816
 1-4 NB =       495.2829  1-4 EEL =      6876.3372  VDWAALS    =      8172.0453
 EELEC  =    -84284.1929  EHBOND  =         0.0000  RESTRAINT  =         8.6513
 EAMBER (non-restraint)  =    -65433.3409
 EKCMT  =      5667.5519  VIRIAL  =      4158.9192  VOLUME     =    215159.8992
                                                    Density    =         1.0165
 ------------------------------------------------------------------------------

wrapping first mol.:       21.80847       30.84183       53.41962
wrapping first mol.:       21.80847       30.84183       53.41962

 NSTEP =    42000   TIME(PS) =    5384.000  TEMP(K) =   299.40  PRESS =    28.5
 Etot   =    -52329.1603  EKtot   =     13129.3164  EPtot      =    -65458.4767
 BOND   =       430.4235  ANGLE   =      1141.8122  DIHED      =      1771.5361
 1-4 NB =       484.7934  1-4 EEL =      6795.3175  VDWAALS    =      8124.2248
 EELEC  =    -84215.0850  EHBOND  =         0.0000  RESTRAINT  =         8.5008
 EAMBER (non-restraint)  =    -65466.9775
 EKCMT  =      5793.1586  VIRIAL  =      5660.6319  VOLUME     =    215583.8431
                                                    Density    =         1.0145
 ------------------------------------------------------------------------------

wrapping first mol.:       21.79717       30.82585       53.39194
wrapping first mol.:       21.79717       30.82585       53.39194

 NSTEP =    42500   TIME(PS) =    5385.000  TEMP(K) =   300.75  PRESS =  -248.0
 Etot   =    -52095.8095  EKtot   =     13188.4219  EPtot      =    -65284.2314
 BOND   =       426.6745  ANGLE   =      1119.9266  DIHED      =      1771.4122
 1-4 NB =       514.3630  1-4 EEL =      6865.3313  VDWAALS    =      7793.9548
 EELEC  =    -83784.0847  EHBOND  =         0.0000  RESTRAINT  =         8.1910
 EAMBER (non-restraint)  =    -65292.4223
 EKCMT  =      5794.9766  VIRIAL  =      6947.5386  VOLUME     =    215254.2011
                                                    Density    =         1.0161
 ------------------------------------------------------------------------------

wrapping first mol.:       21.79186       30.81835       53.37894
wrapping first mol.:       21.79186       30.81835       53.37894

 NSTEP =    43000   TIME(PS) =    5386.000  TEMP(K) =   298.40  PRESS =   395.7
 Etot   =    -52207.1556  EKtot   =     13085.6445  EPtot      =    -65292.8001
 BOND   =       392.6197  ANGLE   =      1126.2718  DIHED      =      1761.3477
 1-4 NB =       499.6250  1-4 EEL =      6809.2410  VDWAALS    =      8122.3252
 EELEC  =    -84012.6825  EHBOND  =         0.0000  RESTRAINT  =         8.4519
 EAMBER (non-restraint)  =    -65301.2520
 EKCMT  =      5835.3637  VIRIAL  =      3997.7122  VOLUME     =    215084.7398
                                                    Density    =         1.0169
 ------------------------------------------------------------------------------

wrapping first mol.:       21.80429       30.83592       53.40937
wrapping first mol.:       21.80429       30.83592       53.40937

 NSTEP =    43500   TIME(PS) =    5387.000  TEMP(K) =   300.90  PRESS =    22.6
 Etot   =    -51982.4353  EKtot   =     13195.3047  EPtot      =    -65177.7399
 BOND   =       411.9077  ANGLE   =      1135.2750  DIHED      =      1780.2227
 1-4 NB =       514.0146  1-4 EEL =      6848.6955  VDWAALS    =      8026.8165
 EELEC  =    -83904.2131  EHBOND  =         0.0000  RESTRAINT  =         9.5411
 EAMBER (non-restraint)  =    -65187.2811
 EKCMT  =      5801.2758  VIRIAL  =      5696.1311  VOLUME     =    215459.9575
                                                    Density    =         1.0151
 ------------------------------------------------------------------------------

wrapping first mol.:       21.79505       30.82285       53.38674
wrapping first mol.:       21.79505       30.82285       53.38674

 NSTEP =    44000   TIME(PS) =    5388.000  TEMP(K) =   299.14  PRESS =  -246.8
 Etot   =    -51999.0860  EKtot   =     13117.8896  EPtot      =    -65116.9756
 BOND   =       389.3154  ANGLE   =      1173.1323  DIHED      =      1733.8403
 1-4 NB =       523.6912  1-4 EEL =      6864.8948  VDWAALS    =      7747.3840
 EELEC  =    -83557.3369  EHBOND  =         0.0000  RESTRAINT  =         8.1032
 EAMBER (non-restraint)  =    -65125.0788
 EKCMT  =      5786.7939  VIRIAL  =      6933.5267  VOLUME     =    215191.2750
                                                    Density    =         1.0164
 ------------------------------------------------------------------------------

wrapping first mol.:       21.79859       30.82786       53.39541
wrapping first mol.:       21.79859       30.82786       53.39541

 NSTEP =    44500   TIME(PS) =    5389.000  TEMP(K) =   298.63  PRESS =    80.9
 Etot   =    -52273.1479  EKtot   =     13095.7246  EPtot      =    -65368.8725
 BOND   =       407.9770  ANGLE   =      1147.5630  DIHED      =      1768.5995
 1-4 NB =       505.1637  1-4 EEL =      6845.5770  VDWAALS    =      7961.0220
 EELEC  =    -84013.3612  EHBOND  =         0.0000  RESTRAINT  =         8.5865
 EAMBER (non-restraint)  =    -65377.4589
 EKCMT  =      5751.6278  VIRIAL  =      5375.7075  VOLUME     =    215289.9183
                                                    Density    =         1.0159
 ------------------------------------------------------------------------------

wrapping first mol.:       21.80612       30.83851       53.41387
wrapping first mol.:       21.80612       30.83851       53.41387

 NSTEP =    45000   TIME(PS) =    5390.000  TEMP(K) =   298.23  PRESS =   131.1
 Etot   =    -52281.4168  EKtot   =     13077.9707  EPtot      =    -65359.3875
 BOND   =       407.2429  ANGLE   =      1137.2474  DIHED      =      1772.4885
 1-4 NB =       506.6015  1-4 EEL =      6830.3479  VDWAALS    =      8100.5180
 EELEC  =    -84121.1666  EHBOND  =         0.0000  RESTRAINT  =         7.3329
 EAMBER (non-restraint)  =    -65366.7204
 EKCMT  =      5806.9314  VIRIAL  =      5196.9264  VOLUME     =    215512.2880
                                                    Density    =         1.0149
 ------------------------------------------------------------------------------

wrapping first mol.:       21.79624       30.82453       53.38965
wrapping first mol.:       21.79624       30.82453       53.38965

 NSTEP =    45500   TIME(PS) =    5391.000  TEMP(K) =   301.05  PRESS =    18.9
 Etot   =    -52145.4310  EKtot   =     13201.8770  EPtot      =    -65347.3079
 BOND   =       390.4029  ANGLE   =      1146.7831  DIHED      =      1746.2153
 1-4 NB =       509.3724  1-4 EEL =      6830.7579  VDWAALS    =      7981.0697
 EELEC  =    -83959.4176  EHBOND  =         0.0000  RESTRAINT  =         7.5084
 EAMBER (non-restraint)  =    -65354.8163
 EKCMT  =      5768.4551  VIRIAL  =      5680.6389  VOLUME     =    215221.4086
                                                    Density    =         1.0162
 ------------------------------------------------------------------------------

wrapping first mol.:       21.81300       30.84823       53.43070
wrapping first mol.:       21.81300       30.84823       53.43070

 NSTEP =    46000   TIME(PS) =    5392.000  TEMP(K) =   302.69  PRESS =  -119.9
 Etot   =    -52016.6215  EKtot   =     13273.5879  EPtot      =    -65290.2094
 BOND   =       424.8464  ANGLE   =      1191.2671  DIHED      =      1759.6958
 1-4 NB =       499.0799  1-4 EEL =      6811.8455  VDWAALS    =      7907.5189
 EELEC  =    -83892.5531  EHBOND  =         0.0000  RESTRAINT  =         8.0902
 EAMBER (non-restraint)  =    -65298.2996
 EKCMT  =      5874.6544  VIRIAL  =      6433.1056  VOLUME     =    215720.9418
                                                    Density    =         1.0139
 ------------------------------------------------------------------------------

wrapping first mol.:       21.81089       30.84526       53.42555
wrapping first mol.:       21.81089       30.84526       53.42555

 NSTEP =    46500   TIME(PS) =    5393.000  TEMP(K) =   295.43  PRESS =   -42.4
 Etot   =    -52374.9245  EKtot   =     12955.4893  EPtot      =    -65330.4137
 BOND   =       425.4421  ANGLE   =      1161.1946  DIHED      =      1783.0952
 1-4 NB =       504.2694  1-4 EEL =      6817.5025  VDWAALS    =      7962.0238
 EELEC  =    -83992.4602  EHBOND  =         0.0000  RESTRAINT  =         8.5188
 EAMBER (non-restraint)  =    -65338.9326
 EKCMT  =      5738.6127  VIRIAL  =      5936.1628  VOLUME     =    215657.0315
                                                    Density    =         1.0142
 ------------------------------------------------------------------------------

wrapping first mol.:       21.79318       30.82021       53.38216
wrapping first mol.:       21.79318       30.82021       53.38216

 NSTEP =    47000   TIME(PS) =    5394.000  TEMP(K) =   301.46  PRESS =  -137.0
 Etot   =    -52049.4762  EKtot   =     13219.8262  EPtot      =    -65269.3023
 BOND   =       432.7125  ANGLE   =      1098.9857  DIHED      =      1766.8665
 1-4 NB =       498.4001  1-4 EEL =      6860.5709  VDWAALS    =      7892.4645
 EELEC  =    -83828.7227  EHBOND  =         0.0000  RESTRAINT  =         9.4201
 EAMBER (non-restraint)  =    -65278.7224
 EKCMT  =      5741.4430  VIRIAL  =      6377.6994  VOLUME     =    215133.8059
                                                    Density    =         1.0167
 ------------------------------------------------------------------------------

wrapping first mol.:       21.80625       30.83870       53.41419
wrapping first mol.:       21.80625       30.83870       53.41419

 NSTEP =    47500   TIME(PS) =    5395.000  TEMP(K) =   297.26  PRESS =   152.9
 Etot   =    -52216.2591  EKtot   =     13035.6855  EPtot      =    -65251.9446
 BOND   =       413.0095  ANGLE   =      1141.9066  DIHED      =      1769.4328
 1-4 NB =       509.6904  1-4 EEL =      6821.1333  VDWAALS    =      7917.9038
 EELEC  =    -83834.6837  EHBOND  =         0.0000  RESTRAINT  =         9.6627
 EAMBER (non-restraint)  =    -65261.6073
 EKCMT  =      5710.8386  VIRIAL  =      4999.2849  VOLUME     =    215515.7570
                                                    Density    =         1.0149
 ------------------------------------------------------------------------------

wrapping first mol.:       21.80128       30.83166       53.40200
wrapping first mol.:       21.80128       30.83166       53.40200

 NSTEP =    48000   TIME(PS) =    5396.000  TEMP(K) =   302.21  PRESS =    51.1
 Etot   =    -52226.6872  EKtot   =     13252.6387  EPtot      =    -65479.3259
 BOND   =       411.7279  ANGLE   =      1127.0331  DIHED      =      1748.0198
 1-4 NB =       497.8811  1-4 EEL =      6872.7826  VDWAALS    =      7951.4747
 EELEC  =    -84097.5147  EHBOND  =         0.0000  RESTRAINT  =         9.2697
 EAMBER (non-restraint)  =    -65488.5956
 EKCMT  =      5801.8868  VIRIAL  =      5564.4641  VOLUME     =    215370.2145
                                                    Density    =         1.0155
 ------------------------------------------------------------------------------

wrapping first mol.:       21.81516       30.85129       53.43599
wrapping first mol.:       21.81516       30.85129       53.43599

 NSTEP =    48500   TIME(PS) =    5397.000  TEMP(K) =   305.16  PRESS =   111.4
 Etot   =    -51579.8229  EKtot   =     13382.1113  EPtot      =    -64961.9343
 BOND   =       417.1811  ANGLE   =      1148.5558  DIHED      =      1740.2069
 1-4 NB =       494.3280  1-4 EEL =      6799.2767  VDWAALS    =      7913.3139
 EELEC  =    -83484.2883  EHBOND  =         0.0000  RESTRAINT  =         9.4916
 EAMBER (non-restraint)  =    -64971.4258
 EKCMT  =      5850.6464  VIRIAL  =      5331.4102  VOLUME     =    215780.5656
                                                    Density    =         1.0136
 ------------------------------------------------------------------------------

wrapping first mol.:       21.81082       30.84515       53.42537
wrapping first mol.:       21.81082       30.84515       53.42537

 NSTEP =    49000   TIME(PS) =    5398.000  TEMP(K) =   300.46  PRESS =   234.9
 Etot   =    -52240.8426  EKtot   =     13176.0059  EPtot      =    -65416.8485
 BOND   =       375.0966  ANGLE   =      1169.5929  DIHED      =      1754.3084
 1-4 NB =       516.7895  1-4 EEL =      6847.5356  VDWAALS    =      8115.3474
 EELEC  =    -84205.1329  EHBOND  =         0.0000  RESTRAINT  =         9.6142
 EAMBER (non-restraint)  =    -65426.4626
 EKCMT  =      5762.3674  VIRIAL  =      4668.4463  VOLUME     =    215649.5063
                                                    Density    =         1.0142
 ------------------------------------------------------------------------------

wrapping first mol.:       21.80448       30.83620       53.40986
wrapping first mol.:       21.80448       30.83620       53.40986

 NSTEP =    49500   TIME(PS) =    5399.000  TEMP(K) =   301.05  PRESS =   124.0
 Etot   =    -52021.9414  EKtot   =     13201.7881  EPtot      =    -65223.7294
 BOND   =       421.3867  ANGLE   =      1167.0067  DIHED      =      1766.0420
 1-4 NB =       498.0413  1-4 EEL =      6860.8330  VDWAALS    =      7962.6179
 EELEC  =    -83907.4689  EHBOND  =         0.0000  RESTRAINT  =         7.8119
 EAMBER (non-restraint)  =    -65231.5414
 EKCMT  =      5756.9632  VIRIAL  =      5180.3296  VOLUME     =    215463.8500
                                                    Density    =         1.0151
 ------------------------------------------------------------------------------

wrapping first mol.:       21.80128       30.83166       53.40200
wrapping first mol.:       21.80128       30.83166       53.40200

 NSTEP =    50000   TIME(PS) =    5400.000  TEMP(K) =   300.58  PRESS =   331.7
 Etot   =    -52126.1966  EKtot   =     13181.0322  EPtot      =    -65307.2288
 BOND   =       428.3520  ANGLE   =      1144.6573  DIHED      =      1767.3440
 1-4 NB =       491.8579  1-4 EEL =      6818.2259  VDWAALS    =      7923.3357
 EELEC  =    -83887.8859  EHBOND  =         0.0000  RESTRAINT  =         6.8844
 EAMBER (non-restraint)  =    -65314.1132
 EKCMT  =      5771.6647  VIRIAL  =      4229.1715  VOLUME     =    215364.7660
                                                    Density    =         1.0156
 ------------------------------------------------------------------------------


      A V E R A G E S   O V E R     100 S T E P S


 NSTEP =    50000   TIME(PS) =    5400.000  TEMP(K) =   299.73  PRESS =    -2.2
 Etot   =    -52126.2197  EKtot   =     13143.8899  EPtot      =    -65270.1097
 BOND   =       405.8087  ANGLE   =      1148.3202  DIHED      =      1762.6367
 1-4 NB =       503.3426  1-4 EEL =      6839.5821  VDWAALS    =      7895.2752
 EELEC  =    -83832.2843  EHBOND  =         0.0000  RESTRAINT  =         7.2091
 EAMBER (non-restraint)  =    -65277.3187
 EKCMT  =      5785.4634  VIRIAL  =      5795.8166  VOLUME     =    215000.7866
                                                    Density    =         1.0173
 ------------------------------------------------------------------------------


      R M S  F L U C T U A T I O N S


 NSTEP =    50000   TIME(PS) =    5400.000  TEMP(K) =     2.29  PRESS =   164.8
 Etot   =       178.9264  EKtot   =       100.2644  EPtot      =       115.4885
 BOND   =        17.8114  ANGLE   =        24.7658  DIHED      =        12.1014
 1-4 NB =         9.3147  1-4 EEL =        21.9648  VDWAALS    =       123.3916
 EELEC  =       182.5165  EHBOND  =         0.0000  RESTRAINT  =         1.2356
 EAMBER (non-restraint)  =       114.2529
 EKCMT  =        59.0116  VIRIAL  =       767.3727  VOLUME     =       382.9173
                                                    Density    =         0.0018
 ------------------------------------------------------------------------------

--------------------------------------------------------------------------------
   5.  TIMINGS
--------------------------------------------------------------------------------

|  NonSetup CPU Time in Major Routines:
|
|     Routine           Sec        %
|     ------------------------------
|     Nonbond         119.84   89.33
|     Bond              0.00    0.00
|     Angle             0.00    0.00
|     Dihedral          0.00    0.00
|     Shake             0.30    0.22
|     RunMD            13.98   10.42
|     Other             0.04    0.03
|     ------------------------------
|     Total           134.16

|  PME Nonbond Pairlist CPU Time:
|
|     Routine              Sec        %
|     ---------------------------------
|     Set Up Cit           0.00    0.00
|     Build List           0.00    0.00
|     ---------------------------------
|     Total                0.00    0.00

|  PME Direct Force CPU Time:
|
|     Routine              Sec        %
|     ---------------------------------
|     NonBonded Calc       0.00    0.00
|     Exclude Masked       0.00    0.00
|     Other                0.02    0.01
|     ---------------------------------
|     Total                0.02    0.01

|  PME Reciprocal Force CPU Time:
|
|     Routine              Sec        %
|     ---------------------------------
|     1D bspline           0.00    0.00
|     Grid Charges         0.00    0.00
|     Scalar Sum           0.00    0.00
|     Gradient Sum         0.00    0.00
|     FFT                  0.00    0.00
|     ---------------------------------
|     Total                0.00    0.00

|  Final Performance Info:
|     -----------------------------------------------------
|     Average timings for last    4500 steps:
|     Elapsed(s) =      12.06 Per Step(ms) =       2.68
|         ns/day =      64.50   seconds/ns =    1339.57
|
|     Average timings for all steps:
|     Elapsed(s) =     134.16 Per Step(ms) =       2.68
|         ns/day =      64.40   seconds/ns =    1341.61
|     -----------------------------------------------------

|  Setup CPU time:            0.45 seconds
|  NonSetup CPU time:       134.16 seconds
|  Total CPU time:          134.62 seconds     0.04 hours

|  Setup wall time:           1    seconds
|  NonSetup wall time:      134    seconds
|  Total wall time:         135    seconds     0.04 hours
