
          -------------------------------------------------------
          Amber 16 PMEMD                              2016
          -------------------------------------------------------

| PMEMD implementation of SANDER, Release 16

| Run on 07/16/2018 at 15:10:55

|   Executable path: pmemd.cuda
| Working directory: /home/german/lbp/run/2w9y/mhe/e
|          Hostname: Unknown
  [-O]verwriting output

File Assignments:
|   MDIN: 58equ.in                                                              
|  MDOUT: 58equ.out                                                             
| INPCRD: 57e2w9y.rst7                                                          
|   PARM: /home/german/lbp/top_files/2w9y.prmtop                                
| RESTRT: 58e2w9y.rst7                                                          
|   REFC: 57e2w9y.rst7                                                          
|  MDVEL: mdvel                                                                 
|   MDEN: mden                                                                  
|  MDCRD: 58e2w9y.nc                                                            
| MDINFO: mdinfo                                                                
|  MDFRC: mdfrc                                                                 


 Here is the input file:

Equilibration with solute restrictions                                         
&cntrl                                                                         
imin = 0,                           ! No Minimization                          
nmropt = 0,                         ! No NMR restraints read                   
                                                                               
! Nature and format of the input                                               
ntx = 5,                            ! Coordinates and velocities will be read  
irest = 1,                          ! Do not run a new simulation              
                                                                               
! Nature and format of the output                                              
ntxo = 1,                           ! rstrt file in ASCII format               
ntpr = 500,                         ! inf in output every ntpr steps           
ntwr = 500,                         ! rstrt file every ntwr steps              
ntwx = 500,                         ! mdcrd file every ntwx steps              
ntwv = 0,                           ! mdvel without velocities                 
ntwe = 0,                           ! Do not write energies and temperatures   
idecomp = 0,                        ! No energy decomposition                  
iwrap = 1,                          ! Coordinates of the restart and mdcrd file
                                                                               
! Frozen or restrained atoms                                                   
ibelly = 0,                         ! No frozen atoms                          
ntr=1,                              ! Harmonic potential restraints            
restraint_wt = 0.010,                ! The weight for the positional restraints
restraintmask = ':1-131@N,CA,C,O',  ! restrained residues                      
                                                                               
! Molecular dynamics                                                           
nstlim = 50000,                     ! Number of MD-steps                       
dt = 0.002,                         ! Time step                                
                                                                               
! Temperature regulation                                                       
ntt = 3,                            ! Langevin thermostat                      
gamma_ln = 5,                       ! Gamma constant for Langevin              
temp0 = 300.0,                      ! Reference T at which the system is to be 
tempi = 300.0,                      ! Initial T                                
ig = -1,                            ! Seed for the RNG                         
                                                                               
! P and V regulation                                                           
ntp = 1,                            ! constant P                               
barostat = 1,                       ! Berendsen barostat                       
taup = 1,                           ! Pressure relaxation time                 
ntb = 2,                            ! Periodic box for constant P              
                                                                               
! SHAKE variables                                                              
ntc = 2,                            ! Bonds involving H are constrained        
ntf = 2,                            ! Bond interaction involving H are ommited.
                                                                               
cut = 10.0,                         ! Nonbonded cutoff                         
/                                                                              
&end                                                                           


Note: ig = -1. Setting random seed to   125902 based on wallclock time in 
      microseconds.
 
|--------------------- INFORMATION ----------------------
| GPU (CUDA) Version of PMEMD in use: NVIDIA GPU IN USE.
|                    Version 16.0.0
| 
|                      02/25/2016
| 
| Implementation by:
|                    Ross C. Walker     (SDSC)
|                    Scott Le Grand     (nVIDIA)
| 
| Precision model in use:
|      [SPFP] - Single Precision Forces, 64-bit Fixed Point
|               Accumulation. (Default)
| 
|--------------------------------------------------------
 
|----------------- CITATION INFORMATION -----------------
|
|    When publishing work that utilized the CUDA version
|    of AMBER, please cite the following in addition to
|    the regular AMBER citations:
|
|  - Romelia Salomon-Ferrer; Andreas W. Goetz; Duncan
|    Poole; Scott Le Grand; Ross C. Walker "Routine
|    microsecond molecular dynamics simulations with
|    AMBER - Part II: Particle Mesh Ewald", J. Chem.
|    Theory Comput., 2013, 9 (9), pp3878-3888,
|    DOI: 10.1021/ct400314y.
|
|  - Andreas W. Goetz; Mark J. Williamson; Dong Xu;
|    Duncan Poole; Scott Le Grand; Ross C. Walker
|    "Routine microsecond molecular dynamics simulations
|    with AMBER - Part I: Generalized Born", J. Chem.
|    Theory Comput., 2012, 8 (5), pp1542-1555.
|
|  - Scott Le Grand; Andreas W. Goetz; Ross C. Walker
|    "SPFP: Speed without compromise - a mixed precision
|    model for GPU accelerated molecular dynamics
|    simulations.", Comp. Phys. Comm., 2013, 184
|    pp374-380, DOI: 10.1016/j.cpc.2012.09.022
|
|--------------------------------------------------------
 
|------------------- GPU DEVICE INFO --------------------
|
|            CUDA_VISIBLE_DEVICES: 0
|   CUDA Capable Devices Detected:      1
|           CUDA Device ID in use:      0
|                CUDA Device Name: GeForce GTX 1060 6GB
|     CUDA Device Global Mem Size:   6072 MB
| CUDA Device Num Multiprocessors:     10
|           CUDA Device Core Freq:   1.76 GHz
|
|--------------------------------------------------------
 
 
| Conditional Compilation Defines Used:
| PUBFFT
| BINTRAJ
| CUDA
| EMIL

| Largest sphere to fit in unit cell has radius =    26.666

| New format PARM file being parsed.
| Version =    1.000 Date = 07/16/18 Time = 12:31:37

| Note: 1-4 EEL scale factors are being read from the topology file.

| Note: 1-4 VDW scale factors are being read from the topology file.
| Duplicated    0 dihedrals

| Duplicated    0 dihedrals

--------------------------------------------------------------------------------
   1.  RESOURCE   USE: 
--------------------------------------------------------------------------------

 getting new box info from bottom of inpcrd
 NATOM  =   21528 NTYPES =      17 NBONH =   20449 MBONA  =    1096
 NTHETH =    2490 MTHETA =    1476 NPHIH =    4927 MPHIA  =    4723
 NHPARM =       0 NPARM  =       0 NNB   =   37810 NRES   =    6595
 NBONA  =    1096 NTHETA =    1476 NPHIA =    4723 NUMBND =      64
 NUMANG =     142 NPTRA  =     185 NATYP =      34 NPHB   =       1
 IFBOX  =       2 NMXRS  =      24 IFCAP =       0 NEXTRA =       0
 NCOPY  =       0

| Coordinate Index Table dimensions:    10   10   10
| Direct force subcell size =     6.5318    6.5318    6.5318

     BOX TYPE: TRUNCATED OCTAHEDRON

--------------------------------------------------------------------------------
   2.  CONTROL  DATA  FOR  THE  RUN
--------------------------------------------------------------------------------

default_name                                                                    

General flags:
     imin    =       0, nmropt  =       0

Nature and format of input:
     ntx     =       5, irest   =       1, ntrx    =       1

Nature and format of output:
     ntxo    =       1, ntpr    =     500, ntrx    =       1, ntwr    =     500
     iwrap   =       1, ntwx    =     500, ntwv    =       0, ntwe    =       0
     ioutfm  =       1, ntwprt  =       0, idecomp =       0, rbornstat=      0

Potential function:
     ntf     =       2, ntb     =       2, igb     =       0, nsnb    =      25
     ipol    =       0, gbsa    =       0, iesp    =       0
     dielc   =   1.00000, cut     =  10.00000, intdiel =   1.00000

Frozen or restrained atoms:
     ibelly  =       0, ntr     =       1
     restraint_wt =   0.01000

Molecular dynamics:
     nstlim  =     50000, nscm    =         0, nrespa  =         1
     t       =   0.00000, dt      =   0.00200, vlimit  =  -1.00000

Langevin dynamics temperature regulation:
     ig      =  125902
     temp0   = 300.00000, tempi   = 300.00000, gamma_ln=   5.00000

Pressure regulation:
     ntp     =       1
     pres0   =   1.00000, comp    =  44.60000, taup    =   1.00000

SHAKE:
     ntc     =       2, jfastw  =       0
     tol     =   0.00001

| Intermolecular bonds treatment:
|     no_intermolecular_bonds =       1

| Energy averages sample interval:
|     ene_avg_sampling =     500

Ewald parameters:
     verbose =       0, ew_type =       0, nbflag  =       1, use_pme =       1
     vdwmeth =       1, eedmeth =       1, netfrc  =       1
     Box X =   65.318   Box Y =   65.318   Box Z =   65.318
     Alpha =  109.471   Beta  =  109.471   Gamma =  109.471
     NFFT1 =   64       NFFT2 =   64       NFFT3 =   64
     Cutoff=   10.000   Tol   =0.100E-04
     Ewald Coefficient =  0.27511
     Interpolation order =    4

    LOADING THE CONSTRAINED ATOMS AS GROUPS


   5.  REFERENCE ATOM COORDINATES

  default_name                                                                    
     Mask :1-131@N,CA,C,O; matches   524 atoms

--------------------------------------------------------------------------------
   3.  ATOMIC COORDINATES AND VELOCITIES
--------------------------------------------------------------------------------

default_name                                                                    
 begin time read from input coords =  6100.000 ps

 
 Number of triangulated 3-point waters found:     6455

     Sum of charges from parm topology file =  -0.00000007
     Forcing neutrality...

| Dynamic Memory, Types Used:
| Reals             1061755
| Integers           745452

| Nonbonded Pairs Initial Allocation:     6511681

| GPU memory information (estimate):
| KB of GPU memory in use:    159742
| KB of CPU memory in use:     30821

--------------------------------------------------------------------------------
   4.  RESULTS
--------------------------------------------------------------------------------

 ---------------------------------------------------
 APPROXIMATING switch and d/dx switch using CUBIC SPLINE INTERPOLATION
 using   5000.0 points per unit in tabled values
 TESTING RELATIVE ERROR over r ranging from 0.0 to cutoff
| CHECK switch(x): max rel err =   0.2738E-14   at   2.422500
| CHECK d/dx switch(x): max rel err =   0.8314E-11   at   2.736960
 ---------------------------------------------------
|---------------------------------------------------
| APPROXIMATING direct energy using CUBIC SPLINE INTERPOLATION
|  with   50.0 points per unit in tabled values
| Relative Error Limit not exceeded for r .gt.   2.33
| APPROXIMATING direct force using CUBIC SPLINE INTERPOLATION
|  with   50.0 points per unit in tabled values
| Relative Error Limit not exceeded for r .gt.   2.80
|---------------------------------------------------
wrapping first mol.:      -43.55973       30.80138       53.34956
wrapping first mol.:      -43.55973       30.80138       53.34956

 NSTEP =      500   TIME(PS) =    6101.000  TEMP(K) =   297.21  PRESS =   -59.7
 Etot   =    -52339.3393  EKtot   =     13033.3418  EPtot      =    -65372.6811
 BOND   =       398.4628  ANGLE   =      1187.8697  DIHED      =      1770.3288
 1-4 NB =       505.2534  1-4 EEL =      6830.6957  VDWAALS    =      7979.4072
 EELEC  =    -84045.7540  EHBOND  =         0.0000  RESTRAINT  =         1.0553
 EAMBER (non-restraint)  =    -65373.7364
 EKCMT  =      5712.1893  VIRIAL  =      5989.1930  VOLUME     =    214738.4369
                                                    Density    =         1.0185
 ------------------------------------------------------------------------------

wrapping first mol.:      -43.59319       30.82505       53.39054
wrapping first mol.:      -43.59319       30.82505       53.39054

 NSTEP =     1000   TIME(PS) =    6102.000  TEMP(K) =   299.88  PRESS =   102.4
 Etot   =    -52126.5162  EKtot   =     13150.5410  EPtot      =    -65277.0572
 BOND   =       396.2359  ANGLE   =      1081.9194  DIHED      =      1782.1029
 1-4 NB =       507.2317  1-4 EEL =      6867.8516  VDWAALS    =      7964.7701
 EELEC  =    -83878.5208  EHBOND  =         0.0000  RESTRAINT  =         1.3520
 EAMBER (non-restraint)  =    -65278.4092
 EKCMT  =      5780.8616  VIRIAL  =      5305.0539  VOLUME     =    215230.6121
                                                    Density    =         1.0162
 ------------------------------------------------------------------------------

wrapping first mol.:      -43.58826       30.82156       53.38450
wrapping first mol.:      -43.58826       30.82156       53.38450

 NSTEP =     1500   TIME(PS) =    6103.000  TEMP(K) =   303.02  PRESS =    91.0
 Etot   =    -51987.2212  EKtot   =     13288.1094  EPtot      =    -65275.3306
 BOND   =       423.6682  ANGLE   =      1132.9980  DIHED      =      1790.8385
 1-4 NB =       491.2329  1-4 EEL =      6838.5301  VDWAALS    =      7967.0233
 EELEC  =    -83921.0939  EHBOND  =         0.0000  RESTRAINT  =         1.4723
 EAMBER (non-restraint)  =    -65276.8029
 EKCMT  =      5908.7962  VIRIAL  =      5486.2669  VOLUME     =    215157.8006
                                                    Density    =         1.0165
 ------------------------------------------------------------------------------

wrapping first mol.:      -43.58035       30.81597       53.37482
wrapping first mol.:      -43.58035       30.81597       53.37482

 NSTEP =     2000   TIME(PS) =    6104.000  TEMP(K) =   303.68  PRESS =  -111.0
 Etot   =    -51865.1118  EKtot   =     13317.1104  EPtot      =    -65182.2222
 BOND   =       402.7214  ANGLE   =      1191.3156  DIHED      =      1763.6215
 1-4 NB =       511.1419  1-4 EEL =      6797.3881  VDWAALS    =      7923.6736
 EELEC  =    -83773.9368  EHBOND  =         0.0000  RESTRAINT  =         1.8525
 EAMBER (non-restraint)  =    -65184.0747
 EKCMT  =      5918.1758  VIRIAL  =      6433.3331  VOLUME     =    215044.5569
                                                    Density    =         1.0171
 ------------------------------------------------------------------------------

wrapping first mol.:      -43.62376       30.84666       53.42798
wrapping first mol.:      -43.62376       30.84666       53.42798

 NSTEP =     2500   TIME(PS) =    6105.000  TEMP(K) =   302.24  PRESS =    91.9
 Etot   =    -51933.9826  EKtot   =     13253.8916  EPtot      =    -65187.8742
 BOND   =       412.1066  ANGLE   =      1150.9401  DIHED      =      1786.1817
 1-4 NB =       516.9240  1-4 EEL =      6859.2470  VDWAALS    =      7996.5075
 EELEC  =    -83912.1442  EHBOND  =         0.0000  RESTRAINT  =         2.3632
 EAMBER (non-restraint)  =    -65190.2375
 EKCMT  =      5798.0703  VIRIAL  =      5370.0872  VOLUME     =    215683.8931
                                                    Density    =         1.0141
 ------------------------------------------------------------------------------

wrapping first mol.:      -43.59205       30.82424       53.38915
wrapping first mol.:      -43.59205       30.82424       53.38915

 NSTEP =     3000   TIME(PS) =    6106.000  TEMP(K) =   300.25  PRESS =  -330.2
 Etot   =    -51898.0636  EKtot   =     13166.5889  EPtot      =    -65064.6525
 BOND   =       436.2887  ANGLE   =      1173.4775  DIHED      =      1753.3931
 1-4 NB =       490.5850  1-4 EEL =      6838.4505  VDWAALS    =      7690.1475
 EELEC  =    -83449.6529  EHBOND  =         0.0000  RESTRAINT  =         2.6581
 EAMBER (non-restraint)  =    -65067.3106
 EKCMT  =      5789.4162  VIRIAL  =      7324.0507  VOLUME     =    215222.0411
                                                    Density    =         1.0162
 ------------------------------------------------------------------------------

wrapping first mol.:      -43.53776       30.78585       53.32266
wrapping first mol.:      -43.53776       30.78585       53.32266

 NSTEP =     3500   TIME(PS) =    6107.000  TEMP(K) =   302.50  PRESS =  -134.9
 Etot   =    -52216.4589  EKtot   =     13265.1543  EPtot      =    -65481.6132
 BOND   =       440.7198  ANGLE   =      1182.0104  DIHED      =      1759.8205
 1-4 NB =       499.2741  1-4 EEL =      6821.2099  VDWAALS    =      7929.9259
 EELEC  =    -84117.8562  EHBOND  =         0.0000  RESTRAINT  =         3.2824
 EAMBER (non-restraint)  =    -65484.8955
 EKCMT  =      5828.5220  VIRIAL  =      6453.0861  VOLUME     =    214415.2270
                                                    Density    =         1.0201
 ------------------------------------------------------------------------------

wrapping first mol.:      -43.54941       30.79409       53.33693
wrapping first mol.:      -43.54941       30.79409       53.33693

 NSTEP =     4000   TIME(PS) =    6108.000  TEMP(K) =   301.29  PRESS =   -59.7
 Etot   =    -52227.2960  EKtot   =     13212.1787  EPtot      =    -65439.4747
 BOND   =       403.3548  ANGLE   =      1135.9977  DIHED      =      1783.3793
 1-4 NB =       487.3555  1-4 EEL =      6824.6709  VDWAALS    =      7862.6393
 EELEC  =    -83939.8865  EHBOND  =         0.0000  RESTRAINT  =         3.0142
 EAMBER (non-restraint)  =    -65442.4889
 EKCMT  =      5759.3656  VIRIAL  =      6035.9969  VOLUME     =    214585.9477
                                                    Density    =         1.0193
 ------------------------------------------------------------------------------

wrapping first mol.:      -43.55802       30.80018       53.34747
wrapping first mol.:      -43.55802       30.80018       53.34747

 NSTEP =     4500   TIME(PS) =    6109.000  TEMP(K) =   303.58  PRESS =    -6.5
 Etot   =    -52123.9825  EKtot   =     13312.4893  EPtot      =    -65436.4717
 BOND   =       381.7082  ANGLE   =      1172.2044  DIHED      =      1780.3825
 1-4 NB =       497.4431  1-4 EEL =      6846.3658  VDWAALS    =      7821.6028
 EELEC  =    -83940.2371  EHBOND  =         0.0000  RESTRAINT  =         4.0585
 EAMBER (non-restraint)  =    -65440.5303
 EKCMT  =      5920.0379  VIRIAL  =      5950.2455  VOLUME     =    214712.2038
                                                    Density    =         1.0187
 ------------------------------------------------------------------------------

wrapping first mol.:      -43.55608       30.79880       53.34509
wrapping first mol.:      -43.55608       30.79880       53.34509

 NSTEP =     5000   TIME(PS) =    6110.000  TEMP(K) =   299.22  PRESS =   199.7
 Etot   =    -52149.0523  EKtot   =     13121.5273  EPtot      =    -65270.5796
 BOND   =       401.2849  ANGLE   =      1185.1452  DIHED      =      1765.8191
 1-4 NB =       498.7471  1-4 EEL =      6842.3735  VDWAALS    =      8015.7436
 EELEC  =    -83983.3225  EHBOND  =         0.0000  RESTRAINT  =         3.6295
 EAMBER (non-restraint)  =    -65274.2092
 EKCMT  =      5754.7319  VIRIAL  =      4828.9105  VOLUME     =    214679.5044
                                                    Density    =         1.0188
 ------------------------------------------------------------------------------

wrapping first mol.:      -43.58763       30.82112       53.38373
wrapping first mol.:      -43.58763       30.82112       53.38373

 NSTEP =     5500   TIME(PS) =    6111.000  TEMP(K) =   295.80  PRESS =   374.4
 Etot   =    -52081.1263  EKtot   =     12971.6309  EPtot      =    -65052.7572
 BOND   =       416.3325  ANGLE   =      1170.5464  DIHED      =      1775.9929
 1-4 NB =       492.5407  1-4 EEL =      6791.1962  VDWAALS    =      7948.2774
 EELEC  =    -83650.8889  EHBOND  =         0.0000  RESTRAINT  =         3.2456
 EAMBER (non-restraint)  =    -65056.0028
 EKCMT  =      5703.1568  VIRIAL  =      3963.9569  VOLUME     =    215143.0491
                                                    Density    =         1.0166
 ------------------------------------------------------------------------------

wrapping first mol.:      -43.56647       30.80615       53.35782
wrapping first mol.:      -43.56647       30.80615       53.35782

 NSTEP =     6000   TIME(PS) =    6112.000  TEMP(K) =   299.44  PRESS =   -40.7
 Etot   =    -52179.8458  EKtot   =     13130.9941  EPtot      =    -65310.8400
 BOND   =       389.4926  ANGLE   =      1125.1221  DIHED      =      1760.0204
 1-4 NB =       503.4014  1-4 EEL =      6875.8005  VDWAALS    =      7855.5970
 EELEC  =    -83824.1139  EHBOND  =         0.0000  RESTRAINT  =         3.8398
 EAMBER (non-restraint)  =    -65314.6798
 EKCMT  =      5841.7569  VIRIAL  =      6030.7010  VOLUME     =    214837.8346
                                                    Density    =         1.0181
 ------------------------------------------------------------------------------

wrapping first mol.:      -43.55397       30.79732       53.34251
wrapping first mol.:      -43.55397       30.79732       53.34251

 NSTEP =     6500   TIME(PS) =    6113.000  TEMP(K) =   300.67  PRESS =  -137.7
 Etot   =    -52134.8596  EKtot   =     13185.1406  EPtot      =    -65320.0002
 BOND   =       404.4668  ANGLE   =      1154.2252  DIHED      =      1784.2744
 1-4 NB =       504.9288  1-4 EEL =      6843.4579  VDWAALS    =      7922.6811
 EELEC  =    -83937.5379  EHBOND  =         0.0000  RESTRAINT  =         3.5036
 EAMBER (non-restraint)  =    -65323.5038
 EKCMT  =      5789.5877  VIRIAL  =      6427.8278  VOLUME     =    214654.8489
                                                    Density    =         1.0189
 ------------------------------------------------------------------------------

wrapping first mol.:      -43.50980       30.76608       53.28842
wrapping first mol.:      -43.50980       30.76608       53.28842

 NSTEP =     7000   TIME(PS) =    6114.000  TEMP(K) =   297.17  PRESS =   -60.4
 Etot   =    -52251.9058  EKtot   =     13031.7012  EPtot      =    -65283.6070
 BOND   =       425.3847  ANGLE   =      1153.0103  DIHED      =      1769.4428
 1-4 NB =       499.2357  1-4 EEL =      6849.1467  VDWAALS    =      7710.2872
 EELEC  =    -83694.3460  EHBOND  =         0.0000  RESTRAINT  =         4.2316
 EAMBER (non-restraint)  =    -65287.8386
 EKCMT  =      5855.3099  VIRIAL  =      6134.5968  VOLUME     =    214000.9924
                                                    Density    =         1.0220
 ------------------------------------------------------------------------------

wrapping first mol.:      -43.52016       30.77341       53.30110
wrapping first mol.:      -43.52016       30.77341       53.30110

 NSTEP =     7500   TIME(PS) =    6115.000  TEMP(K) =   299.04  PRESS =    69.5
 Etot   =    -52352.2661  EKtot   =     13113.4648  EPtot      =    -65465.7310
 BOND   =       385.8229  ANGLE   =      1127.5163  DIHED      =      1758.2071
 1-4 NB =       504.2569  1-4 EEL =      6853.8642  VDWAALS    =      8015.9294
 EELEC  =    -84115.8569  EHBOND  =         0.0000  RESTRAINT  =         4.5291
 EAMBER (non-restraint)  =    -65470.2601
 EKCMT  =      5741.6988  VIRIAL  =      5420.5389  VOLUME     =    214151.4009
                                                    Density    =         1.0213
 ------------------------------------------------------------------------------

wrapping first mol.:      -43.50971       30.76602       53.28831
wrapping first mol.:      -43.50971       30.76602       53.28831

 NSTEP =     8000   TIME(PS) =    6116.000  TEMP(K) =   297.76  PRESS =   158.8
 Etot   =    -52080.6368  EKtot   =     13057.2910  EPtot      =    -65137.9278
 BOND   =       419.9099  ANGLE   =      1140.2446  DIHED      =      1765.6919
 1-4 NB =       503.1416  1-4 EEL =      6846.7732  VDWAALS    =      7833.4942
 EELEC  =    -83651.3603  EHBOND  =         0.0000  RESTRAINT  =         4.1771
 EAMBER (non-restraint)  =    -65142.1049
 EKCMT  =      5706.6964  VIRIAL  =      4972.8314  VOLUME     =    213995.4861
                                                    Density    =         1.0221
 ------------------------------------------------------------------------------

wrapping first mol.:      -43.51602       30.77048       53.29602
wrapping first mol.:      -43.51602       30.77048       53.29602

 NSTEP =     8500   TIME(PS) =    6117.000  TEMP(K) =   298.91  PRESS =  -244.7
 Etot   =    -52421.1484  EKtot   =     13107.7539  EPtot      =    -65528.9023
 BOND   =       413.0382  ANGLE   =      1100.3328  DIHED      =      1771.6006
 1-4 NB =       503.4403  1-4 EEL =      6846.7151  VDWAALS    =      7762.1641
 EELEC  =    -83929.7566  EHBOND  =         0.0000  RESTRAINT  =         3.5633
 EAMBER (non-restraint)  =    -65532.4656
 EKCMT  =      5790.1623  VIRIAL  =      6921.2280  VOLUME     =    214096.1765
                                                    Density    =         1.0216
 ------------------------------------------------------------------------------

wrapping first mol.:      -43.52506       30.77687       53.30710
wrapping first mol.:      -43.52506       30.77687       53.30710

 NSTEP =     9000   TIME(PS) =    6118.000  TEMP(K) =   297.42  PRESS =  -132.9
 Etot   =    -52289.8662  EKtot   =     13042.5801  EPtot      =    -65332.4463
 BOND   =       388.2609  ANGLE   =      1152.7915  DIHED      =      1770.5749
 1-4 NB =       507.9421  1-4 EEL =      6852.4820  VDWAALS    =      7730.0098
 EELEC  =    -83738.3963  EHBOND  =         0.0000  RESTRAINT  =         3.8887
 EAMBER (non-restraint)  =    -65336.3350
 EKCMT  =      5711.3859  VIRIAL  =      6326.1427  VOLUME     =    214227.5664
                                                    Density    =         1.0210
 ------------------------------------------------------------------------------

wrapping first mol.:      -43.52472       30.77663       53.30669
wrapping first mol.:      -43.52472       30.77663       53.30669

 NSTEP =     9500   TIME(PS) =    6119.000  TEMP(K) =   301.81  PRESS =   246.2
 Etot   =    -52101.0828  EKtot   =     13234.9258  EPtot      =    -65336.0086
 BOND   =       399.8746  ANGLE   =      1159.4659  DIHED      =      1756.2413
 1-4 NB =       512.7403  1-4 EEL =      6865.2163  VDWAALS    =      7997.8765
 EELEC  =    -84031.7755  EHBOND  =         0.0000  RESTRAINT  =         4.3520
 EAMBER (non-restraint)  =    -65340.3606
 EKCMT  =      5804.9829  VIRIAL  =      4666.1287  VOLUME     =    214215.3048
                                                    Density    =         1.0210
 ------------------------------------------------------------------------------

wrapping first mol.:      -43.54891       30.79374       53.33631
wrapping first mol.:      -43.54891       30.79374       53.33631

 NSTEP =    10000   TIME(PS) =    6120.000  TEMP(K) =   298.77  PRESS =   -61.5
 Etot   =    -52095.4026  EKtot   =     13101.9453  EPtot      =    -65197.3479
 BOND   =       388.1420  ANGLE   =      1149.0387  DIHED      =      1796.6748
 1-4 NB =       505.9437  1-4 EEL =      6870.2989  VDWAALS    =      7856.0756
 EELEC  =    -83768.0903  EHBOND  =         0.0000  RESTRAINT  =         4.5690
 EAMBER (non-restraint)  =    -65201.9168
 EKCMT  =      5736.9094  VIRIAL  =      6021.8600  VOLUME     =    214578.5952
                                                    Density    =         1.0193
 ------------------------------------------------------------------------------

wrapping first mol.:      -43.53495       30.78386       53.31921
wrapping first mol.:      -43.53495       30.78386       53.31921

 NSTEP =    10500   TIME(PS) =    6121.000  TEMP(K) =   300.75  PRESS =   279.2
 Etot   =    -52252.1540  EKtot   =     13188.7676  EPtot      =    -65440.9216
 BOND   =       411.6451  ANGLE   =      1114.6513  DIHED      =      1780.3713
 1-4 NB =       496.4547  1-4 EEL =      6891.5979  VDWAALS    =      7933.4557
 EELEC  =    -84073.5247  EHBOND  =         0.0000  RESTRAINT  =         4.4271
 EAMBER (non-restraint)  =    -65445.3487
 EKCMT  =      5705.1755  VIRIAL  =      4412.7273  VOLUME     =    214365.7367
                                                    Density    =         1.0203
 ------------------------------------------------------------------------------

wrapping first mol.:      -43.51342       30.76864       53.29284
wrapping first mol.:      -43.51342       30.76864       53.29284

 NSTEP =    11000   TIME(PS) =    6122.000  TEMP(K) =   295.65  PRESS =    54.2
 Etot   =    -52415.6896  EKtot   =     12964.9365  EPtot      =    -65380.6261
 BOND   =       409.6002  ANGLE   =      1137.8302  DIHED      =      1743.1687
 1-4 NB =       500.4675  1-4 EEL =      6829.8878  VDWAALS    =      7959.3388
 EELEC  =    -83966.0198  EHBOND  =         0.0000  RESTRAINT  =         5.1005
 EAMBER (non-restraint)  =    -65385.7266
 EKCMT  =      5710.7773  VIRIAL  =      5460.4154  VOLUME     =    214052.1579
                                                    Density    =         1.0218
 ------------------------------------------------------------------------------

wrapping first mol.:      -43.57208       30.81012       53.36469
wrapping first mol.:      -43.57208       30.81012       53.36469

 NSTEP =    11500   TIME(PS) =    6123.000  TEMP(K) =   298.39  PRESS =   180.2
 Etot   =    -52178.3480  EKtot   =     13085.1504  EPtot      =    -65263.4984
 BOND   =       380.1280  ANGLE   =      1189.8076  DIHED      =      1775.7556
 1-4 NB =       504.3190  1-4 EEL =      6824.8929  VDWAALS    =      7827.6664
 EELEC  =    -83771.4202  EHBOND  =         0.0000  RESTRAINT  =         5.3524
 EAMBER (non-restraint)  =    -65268.8507
 EKCMT  =      5847.2092  VIRIAL  =      5010.8351  VOLUME     =    214916.6646
                                                    Density    =         1.0177
 ------------------------------------------------------------------------------

wrapping first mol.:      -43.56614       30.80592       53.35741
wrapping first mol.:      -43.56614       30.80592       53.35741

 NSTEP =    12000   TIME(PS) =    6124.000  TEMP(K) =   301.23  PRESS =   -98.8
 Etot   =    -51874.1143  EKtot   =     13209.7012  EPtot      =    -65083.8155
 BOND   =       442.4854  ANGLE   =      1093.8659  DIHED      =      1779.0740
 1-4 NB =       514.7904  1-4 EEL =      6844.9127  VDWAALS    =      7924.6216
 EELEC  =    -83688.1380  EHBOND  =         0.0000  RESTRAINT  =         4.5726
 EAMBER (non-restraint)  =    -65088.3881
 EKCMT  =      5794.7730  VIRIAL  =      6253.1065  VOLUME     =    214834.0413
                                                    Density    =         1.0181
 ------------------------------------------------------------------------------

wrapping first mol.:      -43.58728       30.82087       53.38331
wrapping first mol.:      -43.58728       30.82087       53.38331

 NSTEP =    12500   TIME(PS) =    6125.000  TEMP(K) =   300.69  PRESS =   -42.2
 Etot   =    -51863.5535  EKtot   =     13186.0508  EPtot      =    -65049.6043
 BOND   =       417.8549  ANGLE   =      1138.2121  DIHED      =      1784.7006
 1-4 NB =       505.0111  1-4 EEL =      6842.6907  VDWAALS    =      7780.1704
 EELEC  =    -83523.4634  EHBOND  =         0.0000  RESTRAINT  =         5.2192
 EAMBER (non-restraint)  =    -65054.8235
 EKCMT  =      5814.4760  VIRIAL  =      6010.5530  VOLUME     =    215145.8757
                                                    Density    =         1.0166
 ------------------------------------------------------------------------------

wrapping first mol.:      -43.55826       30.80034       53.34776
wrapping first mol.:      -43.55826       30.80034       53.34776

 NSTEP =    13000   TIME(PS) =    6126.000  TEMP(K) =   302.96  PRESS =  -144.3
 Etot   =    -51780.0137  EKtot   =     13285.4111  EPtot      =    -65065.4248
 BOND   =       363.3682  ANGLE   =      1198.3209  DIHED      =      1774.2267
 1-4 NB =       502.6030  1-4 EEL =      6845.4215  VDWAALS    =      7545.5030
 EELEC  =    -83299.6482  EHBOND  =         0.0000  RESTRAINT  =         4.7801
 EAMBER (non-restraint)  =    -65070.2049
 EKCMT  =      5854.1916  VIRIAL  =      6522.9739  VOLUME     =    214718.3221
                                                    Density    =         1.0186
 ------------------------------------------------------------------------------

wrapping first mol.:      -43.57080       30.80921       53.36312
wrapping first mol.:      -43.57080       30.80921       53.36312

 NSTEP =    13500   TIME(PS) =    6127.000  TEMP(K) =   301.69  PRESS =   201.4
 Etot   =    -51922.8262  EKtot   =     13229.9990  EPtot      =    -65152.8252
 BOND   =       420.2367  ANGLE   =      1131.7900  DIHED      =      1758.3408
 1-4 NB =       500.4875  1-4 EEL =      6867.2788  VDWAALS    =      7932.7021
 EELEC  =    -83768.2079  EHBOND  =         0.0000  RESTRAINT  =         4.5467
 EAMBER (non-restraint)  =    -65157.3720
 EKCMT  =      5794.8146  VIRIAL  =      4860.1340  VOLUME     =    214897.2093
                                                    Density    =         1.0178
 ------------------------------------------------------------------------------

wrapping first mol.:      -43.58421       30.81870       53.37955
wrapping first mol.:      -43.58421       30.81870       53.37955

 NSTEP =    14000   TIME(PS) =    6128.000  TEMP(K) =   303.06  PRESS =   147.2
 Etot   =    -51902.8863  EKtot   =     13289.6826  EPtot      =    -65192.5689
 BOND   =       404.6327  ANGLE   =      1126.9679  DIHED      =      1776.4531
 1-4 NB =       503.8577  1-4 EEL =      6877.3699  VDWAALS    =      7814.0376
 EELEC  =    -83699.8767  EHBOND  =         0.0000  RESTRAINT  =         3.9889
 EAMBER (non-restraint)  =    -65196.5578
 EKCMT  =      5886.7741  VIRIAL  =      5203.3653  VOLUME     =    215096.8136
                                                    Density    =         1.0168
 ------------------------------------------------------------------------------

wrapping first mol.:      -43.57994       30.81568       53.37432
wrapping first mol.:      -43.57994       30.81568       53.37432

 NSTEP =    14500   TIME(PS) =    6129.000  TEMP(K) =   298.28  PRESS =   -92.4
 Etot   =    -52058.0309  EKtot   =     13080.4600  EPtot      =    -65138.4908
 BOND   =       408.8250  ANGLE   =      1146.1879  DIHED      =      1793.4474
 1-4 NB =       509.4048  1-4 EEL =      6884.0639  VDWAALS    =      7883.9944
 EELEC  =    -83768.3516  EHBOND  =         0.0000  RESTRAINT  =         3.9374
 EAMBER (non-restraint)  =    -65142.4283
 EKCMT  =      5755.1478  VIRIAL  =      6184.1429  VOLUME     =    215038.1870
                                                    Density    =         1.0171
 ------------------------------------------------------------------------------

wrapping first mol.:      -43.59373       30.82543       53.39120
wrapping first mol.:      -43.59373       30.82543       53.39120

 NSTEP =    15000   TIME(PS) =    6130.000  TEMP(K) =   299.52  PRESS =   215.5
 Etot   =    -51762.4867  EKtot   =     13134.4668  EPtot      =    -64896.9535
 BOND   =       427.0901  ANGLE   =      1127.7855  DIHED      =      1751.3219
 1-4 NB =       509.6448  1-4 EEL =      6818.3079  VDWAALS    =      7873.4827
 EELEC  =    -83408.7833  EHBOND  =         0.0000  RESTRAINT  =         4.1970
 EAMBER (non-restraint)  =    -64901.1505
 EKCMT  =      5770.7189  VIRIAL  =      4769.3067  VOLUME     =    215236.3759
                                                    Density    =         1.0162
 ------------------------------------------------------------------------------

wrapping first mol.:      -43.58607       30.82001       53.38182
wrapping first mol.:      -43.58607       30.82001       53.38182

 NSTEP =    15500   TIME(PS) =    6131.000  TEMP(K) =   301.52  PRESS =  -183.7
 Etot   =    -52155.9955  EKtot   =     13222.3135  EPtot      =    -65378.3090
 BOND   =       403.4373  ANGLE   =      1178.8925  DIHED      =      1777.9010
 1-4 NB =       515.9580  1-4 EEL =      6846.9411  VDWAALS    =      7826.3962
 EELEC  =    -83931.7207  EHBOND  =         0.0000  RESTRAINT  =         3.8855
 EAMBER (non-restraint)  =    -65382.1944
 EKCMT  =      5828.2636  VIRIAL  =      6681.4298  VOLUME     =    215130.6793
                                                    Density    =         1.0167
 ------------------------------------------------------------------------------

wrapping first mol.:      -43.58504       30.81928       53.38056
wrapping first mol.:      -43.58504       30.81928       53.38056

 NSTEP =    16000   TIME(PS) =    6132.000  TEMP(K) =   302.08  PRESS =   -55.5
 Etot   =    -52247.0367  EKtot   =     13246.9805  EPtot      =    -65494.0172
 BOND   =       410.5454  ANGLE   =      1120.9258  DIHED      =      1791.2089
 1-4 NB =       486.4526  1-4 EEL =      6828.0970  VDWAALS    =      7966.9582
 EELEC  =    -84102.2384  EHBOND  =         0.0000  RESTRAINT  =         4.0333
 EAMBER (non-restraint)  =    -65498.0505
 EKCMT  =      5767.9451  VIRIAL  =      6025.5955  VOLUME     =    215112.8869
                                                    Density    =         1.0168
 ------------------------------------------------------------------------------

wrapping first mol.:      -43.59754       30.82812       53.39587
wrapping first mol.:      -43.59754       30.82812       53.39587

 NSTEP =    16500   TIME(PS) =    6133.000  TEMP(K) =   297.31  PRESS =  -169.6
 Etot   =    -52318.6862  EKtot   =     13037.7549  EPtot      =    -65356.4411
 BOND   =       415.2426  ANGLE   =      1118.6611  DIHED      =      1754.4115
 1-4 NB =       482.7423  1-4 EEL =      6824.4546  VDWAALS    =      7884.3535
 EELEC  =    -83840.8167  EHBOND  =         0.0000  RESTRAINT  =         4.5102
 EAMBER (non-restraint)  =    -65360.9513
 EKCMT  =      5692.1821  VIRIAL  =      6480.7120  VOLUME     =    215300.2500
                                                    Density    =         1.0159
 ------------------------------------------------------------------------------

wrapping first mol.:      -43.55567       30.79852       53.34460
wrapping first mol.:      -43.55567       30.79852       53.34460

 NSTEP =    17000   TIME(PS) =    6134.000  TEMP(K) =   300.43  PRESS =    13.4
 Etot   =    -52282.0067  EKtot   =     13174.5098  EPtot      =    -65456.5164
 BOND   =       428.1974  ANGLE   =      1171.5477  DIHED      =      1766.9769
 1-4 NB =       496.9366  1-4 EEL =      6804.4921  VDWAALS    =      7913.4095
 EELEC  =    -84042.9957  EHBOND  =         0.0000  RESTRAINT  =         4.9190
 EAMBER (non-restraint)  =    -65461.4354
 EKCMT  =      5848.4115  VIRIAL  =      5786.4911  VOLUME     =    214677.1170
                                                    Density    =         1.0188
 ------------------------------------------------------------------------------

wrapping first mol.:      -43.56590       30.80575       53.35712
wrapping first mol.:      -43.56590       30.80575       53.35712

 NSTEP =    17500   TIME(PS) =    6135.000  TEMP(K) =   301.31  PRESS =   186.5
 Etot   =    -52022.5640  EKtot   =     13213.3057  EPtot      =    -65235.8697
 BOND   =       394.3027  ANGLE   =      1147.3569  DIHED      =      1747.5875
 1-4 NB =       487.6541  1-4 EEL =      6850.0431  VDWAALS    =      8034.5333
 EELEC  =    -83901.8101  EHBOND  =         0.0000  RESTRAINT  =         4.4629
 EAMBER (non-restraint)  =    -65240.3325
 EKCMT  =      5797.4249  VIRIAL  =      4932.3924  VOLUME     =    214825.0680
                                                    Density    =         1.0181
 ------------------------------------------------------------------------------

wrapping first mol.:      -43.55360       30.79705       53.34205
wrapping first mol.:      -43.55360       30.79705       53.34205

 NSTEP =    18000   TIME(PS) =    6136.000  TEMP(K) =   302.17  PRESS =   -90.6
 Etot   =    -52213.2998  EKtot   =     13250.9980  EPtot      =    -65464.2979
 BOND   =       423.3681  ANGLE   =      1122.6003  DIHED      =      1763.2888
 1-4 NB =       499.3787  1-4 EEL =      6891.5139  VDWAALS    =      7883.8813
 EELEC  =    -84052.4664  EHBOND  =         0.0000  RESTRAINT  =         4.1374
 EAMBER (non-restraint)  =    -65468.4352
 EKCMT  =      5865.0979  VIRIAL  =      6284.9927  VOLUME     =    214648.4323
                                                    Density    =         1.0190
 ------------------------------------------------------------------------------

wrapping first mol.:      -43.55639       30.79902       53.34547
wrapping first mol.:      -43.55639       30.79902       53.34547

 NSTEP =    18500   TIME(PS) =    6137.000  TEMP(K) =   299.78  PRESS =   -36.5
 Etot   =    -51909.5574  EKtot   =     13146.0117  EPtot      =    -65055.5692
 BOND   =       413.7695  ANGLE   =      1232.6410  DIHED      =      1754.8746
 1-4 NB =       506.9227  1-4 EEL =      6850.2963  VDWAALS    =      7973.1526
 EELEC  =    -83791.3845  EHBOND  =         0.0000  RESTRAINT  =         4.1586
 EAMBER (non-restraint)  =    -65059.7277
 EKCMT  =      5721.0823  VIRIAL  =      5890.3142  VOLUME     =    214688.6252
                                                    Density    =         1.0188
 ------------------------------------------------------------------------------

wrapping first mol.:      -43.56113       30.80238       53.35128
wrapping first mol.:      -43.56113       30.80238       53.35128

 NSTEP =    19000   TIME(PS) =    6138.000  TEMP(K) =   298.68  PRESS =   141.9
 Etot   =    -52190.6732  EKtot   =     13097.6875  EPtot      =    -65288.3607
 BOND   =       387.6166  ANGLE   =      1192.5033  DIHED      =      1753.8085
 1-4 NB =       510.6104  1-4 EEL =      6869.4325  VDWAALS    =      7895.8908
 EELEC  =    -83902.3568  EHBOND  =         0.0000  RESTRAINT  =         4.1339
 EAMBER (non-restraint)  =    -65292.4946
 EKCMT  =      5734.7200  VIRIAL  =      5076.8624  VOLUME     =    214755.3100
                                                    Density    =         1.0185
 ------------------------------------------------------------------------------

wrapping first mol.:      -43.57634       30.81313       53.36991
wrapping first mol.:      -43.57634       30.81313       53.36991

 NSTEP =    19500   TIME(PS) =    6139.000  TEMP(K) =   301.93  PRESS =  -159.1
 Etot   =    -52082.5845  EKtot   =     13240.3945  EPtot      =    -65322.9790
 BOND   =       426.2146  ANGLE   =      1167.9501  DIHED      =      1768.4637
 1-4 NB =       507.0772  1-4 EEL =      6819.1156  VDWAALS    =      7817.4818
 EELEC  =    -83834.3621  EHBOND  =         0.0000  RESTRAINT  =         5.0802
 EAMBER (non-restraint)  =    -65328.0592
 EKCMT  =      5869.0514  VIRIAL  =      6607.5076  VOLUME     =    214986.1901
                                                    Density    =         1.0174
 ------------------------------------------------------------------------------

wrapping first mol.:      -43.58106       30.81647       53.37568
wrapping first mol.:      -43.58106       30.81647       53.37568

 NSTEP =    20000   TIME(PS) =    6140.000  TEMP(K) =   298.52  PRESS =   152.6
 Etot   =    -51957.1923  EKtot   =     13090.7910  EPtot      =    -65047.9833
 BOND   =       426.4948  ANGLE   =      1138.1542  DIHED      =      1781.3447
 1-4 NB =       513.4679  1-4 EEL =      6853.0904  VDWAALS    =      7917.5936
 EELEC  =    -83683.7469  EHBOND  =         0.0000  RESTRAINT  =         5.6182
 EAMBER (non-restraint)  =    -65053.6014
 EKCMT  =      5768.6624  VIRIAL  =      5060.2569  VOLUME     =    215049.9957
                                                    Density    =         1.0171
 ------------------------------------------------------------------------------

wrapping first mol.:      -43.58158       30.81684       53.37632
wrapping first mol.:      -43.58158       30.81684       53.37632

 NSTEP =    20500   TIME(PS) =    6141.000  TEMP(K) =   298.97  PRESS =   256.9
 Etot   =    -52035.5902  EKtot   =     13110.6680  EPtot      =    -65146.2582
 BOND   =       370.9771  ANGLE   =      1235.1040  DIHED      =      1772.8624
 1-4 NB =       520.1496  1-4 EEL =      6862.3804  VDWAALS    =      7925.6763
 EELEC  =    -83838.7289  EHBOND  =         0.0000  RESTRAINT  =         5.3210
 EAMBER (non-restraint)  =    -65151.5792
 EKCMT  =      5787.6378  VIRIAL  =      4594.6859  VOLUME     =    215055.7382
                                                    Density    =         1.0170
 ------------------------------------------------------------------------------

wrapping first mol.:      -43.58706       30.82072       53.38304
wrapping first mol.:      -43.58706       30.82072       53.38304

 NSTEP =    21000   TIME(PS) =    6142.000  TEMP(K) =   301.58  PRESS =   -41.2
 Etot   =    -51989.6178  EKtot   =     13224.8623  EPtot      =    -65214.4801
 BOND   =       412.5824  ANGLE   =      1137.1234  DIHED      =      1771.9563
 1-4 NB =       506.9335  1-4 EEL =      6863.7802  VDWAALS    =      7838.3997
 EELEC  =    -83750.6478  EHBOND  =         0.0000  RESTRAINT  =         5.3922
 EAMBER (non-restraint)  =    -65219.8723
 EKCMT  =      5890.7167  VIRIAL  =      6082.3141  VOLUME     =    215142.6448
                                                    Density    =         1.0166
 ------------------------------------------------------------------------------

wrapping first mol.:      -43.55314       30.79673       53.34150
wrapping first mol.:      -43.55314       30.79673       53.34150

 NSTEP =    21500   TIME(PS) =    6143.000  TEMP(K) =   300.89  PRESS =    -3.4
 Etot   =    -52020.0684  EKtot   =     13194.8896  EPtot      =    -65214.9580
 BOND   =       420.0556  ANGLE   =      1181.4680  DIHED      =      1776.5373
 1-4 NB =       502.1012  1-4 EEL =      6885.9379  VDWAALS    =      7747.5415
 EELEC  =    -83733.8917  EHBOND  =         0.0000  RESTRAINT  =         5.2923
 EAMBER (non-restraint)  =    -65220.2503
 EKCMT  =      5846.5897  VIRIAL  =      5862.2568  VOLUME     =    214640.0290
                                                    Density    =         1.0190
 ------------------------------------------------------------------------------

wrapping first mol.:      -43.52310       30.77549       53.30470
wrapping first mol.:      -43.52310       30.77549       53.30470

 NSTEP =    22000   TIME(PS) =    6144.000  TEMP(K) =   300.05  PRESS =  -348.4
 Etot   =    -52109.1406  EKtot   =     13157.9062  EPtot      =    -65267.0469
 BOND   =       416.5833  ANGLE   =      1169.4339  DIHED      =      1761.3314
 1-4 NB =       496.2020  1-4 EEL =      6852.6766  VDWAALS    =      7680.2166
 EELEC  =    -83648.7123  EHBOND  =         0.0000  RESTRAINT  =         5.2216
 EAMBER (non-restraint)  =    -65272.2684
 EKCMT  =      5862.2054  VIRIAL  =      7473.4910  VOLUME     =    214202.7650
                                                    Density    =         1.0211
 ------------------------------------------------------------------------------

wrapping first mol.:      -43.54167       30.78862       53.32744
wrapping first mol.:      -43.54167       30.78862       53.32744

 NSTEP =    22500   TIME(PS) =    6145.000  TEMP(K) =   297.36  PRESS =    -9.9
 Etot   =    -52242.5379  EKtot   =     13040.1484  EPtot      =    -65282.6863
 BOND   =       415.5740  ANGLE   =      1179.4097  DIHED      =      1764.5211
 1-4 NB =       516.8171  1-4 EEL =      6811.3122  VDWAALS    =      7726.8566
 EELEC  =    -83701.9973  EHBOND  =         0.0000  RESTRAINT  =         4.8202
 EAMBER (non-restraint)  =    -65287.5065
 EKCMT  =      5734.8763  VIRIAL  =      5780.8623  VOLUME     =    214470.5369
                                                    Density    =         1.0198
 ------------------------------------------------------------------------------

wrapping first mol.:      -43.53910       30.78680       53.32430
wrapping first mol.:      -43.53910       30.78680       53.32430

 NSTEP =    23000   TIME(PS) =    6146.000  TEMP(K) =   299.20  PRESS =    57.0
 Etot   =    -52034.5015  EKtot   =     13120.7305  EPtot      =    -65155.2319
 BOND   =       396.1558  ANGLE   =      1181.1654  DIHED      =      1759.0285
 1-4 NB =       527.0070  1-4 EEL =      6862.5246  VDWAALS    =      7855.7629
 EELEC  =    -83741.7535  EHBOND  =         0.0000  RESTRAINT  =         4.8774
 EAMBER (non-restraint)  =    -65160.1093
 EKCMT  =      5741.5748  VIRIAL  =      5477.6755  VOLUME     =    214431.3450
                                                    Density    =         1.0200
 ------------------------------------------------------------------------------

wrapping first mol.:      -43.54415       30.79037       53.33048
wrapping first mol.:      -43.54415       30.79037       53.33048

 NSTEP =    23500   TIME(PS) =    6147.000  TEMP(K) =   301.67  PRESS =    43.7
 Etot   =    -51965.0952  EKtot   =     13228.8262  EPtot      =    -65193.9213
 BOND   =       419.1845  ANGLE   =      1106.5809  DIHED      =      1770.5306
 1-4 NB =       504.0092  1-4 EEL =      6871.0288  VDWAALS    =      7835.5985
 EELEC  =    -83705.0628  EHBOND  =         0.0000  RESTRAINT  =         4.2090
 EAMBER (non-restraint)  =    -65198.1303
 EKCMT  =      5781.5411  VIRIAL  =      5579.2239  VOLUME     =    214506.1171
                                                    Density    =         1.0196
 ------------------------------------------------------------------------------

wrapping first mol.:      -43.51784       30.77176       53.29825
wrapping first mol.:      -43.51784       30.77176       53.29825

 NSTEP =    24000   TIME(PS) =    6148.000  TEMP(K) =   297.95  PRESS =    -3.5
 Etot   =    -52212.3020  EKtot   =     13065.8359  EPtot      =    -65278.1380
 BOND   =       408.3773  ANGLE   =      1138.2594  DIHED      =      1745.4399
 1-4 NB =       500.3844  1-4 EEL =      6841.2891  VDWAALS    =      7984.1336
 EELEC  =    -83900.3217  EHBOND  =         0.0000  RESTRAINT  =         4.3001
 EAMBER (non-restraint)  =    -65282.4380
 EKCMT  =      5766.6299  VIRIAL  =      5782.6701  VOLUME     =    214118.4360
                                                    Density    =         1.0215
 ------------------------------------------------------------------------------

wrapping first mol.:      -43.53525       30.78407       53.31958
wrapping first mol.:      -43.53525       30.78407       53.31958

 NSTEP =    24500   TIME(PS) =    6149.000  TEMP(K) =   300.04  PRESS =    70.2
 Etot   =    -52038.8008  EKtot   =     13157.3184  EPtot      =    -65196.1191
 BOND   =       404.2755  ANGLE   =      1184.9727  DIHED      =      1753.2118
 1-4 NB =       508.7208  1-4 EEL =      6876.6628  VDWAALS    =      8004.5125
 EELEC  =    -83932.9533  EHBOND  =         0.0000  RESTRAINT  =         4.4780
 EAMBER (non-restraint)  =    -65200.5971
 EKCMT  =      5773.5712  VIRIAL  =      5448.6766  VOLUME     =    214374.1105
                                                    Density    =         1.0203
 ------------------------------------------------------------------------------

wrapping first mol.:      -43.56369       30.80419       53.35442
wrapping first mol.:      -43.56369       30.80419       53.35442

 NSTEP =    25000   TIME(PS) =    6150.000  TEMP(K) =   300.88  PRESS =    94.9
 Etot   =    -52104.2651  EKtot   =     13194.1982  EPtot      =    -65298.4634
 BOND   =       412.3709  ANGLE   =      1146.3767  DIHED      =      1747.7803
 1-4 NB =       505.6736  1-4 EEL =      6850.8171  VDWAALS    =      7929.0668
 EELEC  =    -83895.5067  EHBOND  =         0.0000  RESTRAINT  =         4.9579
 EAMBER (non-restraint)  =    -65303.4213
 EKCMT  =      5871.2615  VIRIAL  =      5431.0851  VOLUME     =    214794.1308
                                                    Density    =         1.0183
 ------------------------------------------------------------------------------

wrapping first mol.:      -43.60161       30.83100       53.40085
wrapping first mol.:      -43.60161       30.83100       53.40085

 NSTEP =    25500   TIME(PS) =    6151.000  TEMP(K) =   301.54  PRESS =   -99.7
 Etot   =    -52064.8974  EKtot   =     13223.3926  EPtot      =    -65288.2900
 BOND   =       420.5972  ANGLE   =      1137.2337  DIHED      =      1786.0768
 1-4 NB =       500.7169  1-4 EEL =      6837.1877  VDWAALS    =      7884.1980
 EELEC  =    -83859.1606  EHBOND  =         0.0000  RESTRAINT  =         4.8603
 EAMBER (non-restraint)  =    -65293.1503
 EKCMT  =      5826.7162  VIRIAL  =      6290.2587  VOLUME     =    215359.1714
                                                    Density    =         1.0156
 ------------------------------------------------------------------------------

wrapping first mol.:      -43.60688       30.83473       53.40731
wrapping first mol.:      -43.60688       30.83473       53.40731

 NSTEP =    26000   TIME(PS) =    6152.000  TEMP(K) =   300.64  PRESS =    63.0
 Etot   =    -51988.3426  EKtot   =     13183.8281  EPtot      =    -65172.1708
 BOND   =       423.2722  ANGLE   =      1167.5075  DIHED      =      1765.6803
 1-4 NB =       500.3478  1-4 EEL =      6853.6750  VDWAALS    =      7972.5645
 EELEC  =    -83859.8473  EHBOND  =         0.0000  RESTRAINT  =         4.6292
 EAMBER (non-restraint)  =    -65176.8000
 EKCMT  =      5742.3918  VIRIAL  =      5449.5226  VOLUME     =    215434.2462
                                                    Density    =         1.0152
 ------------------------------------------------------------------------------

wrapping first mol.:      -43.56833       30.80747       53.36010
wrapping first mol.:      -43.56833       30.80747       53.36010

 NSTEP =    26500   TIME(PS) =    6153.000  TEMP(K) =   298.08  PRESS =    -5.5
 Etot   =    -52252.2835  EKtot   =     13071.7100  EPtot      =    -65323.9935
 BOND   =       423.8711  ANGLE   =      1138.7495  DIHED      =      1772.0567
 1-4 NB =       497.2652  1-4 EEL =      6839.6290  VDWAALS    =      7858.9239
 EELEC  =    -83859.1407  EHBOND  =         0.0000  RESTRAINT  =         4.6518
 EAMBER (non-restraint)  =    -65328.6453
 EKCMT  =      5755.7899  VIRIAL  =      5781.1292  VOLUME     =    214864.7019
                                                    Density    =         1.0179
 ------------------------------------------------------------------------------

wrapping first mol.:      -43.55781       30.80003       53.34721
wrapping first mol.:      -43.55781       30.80003       53.34721

 NSTEP =    27000   TIME(PS) =    6154.000  TEMP(K) =   299.51  PRESS =   384.9
 Etot   =    -52426.6577  EKtot   =     13134.4199  EPtot      =    -65561.0776
 BOND   =       410.2083  ANGLE   =      1122.7215  DIHED      =      1785.0076
 1-4 NB =       483.8098  1-4 EEL =      6827.3387  VDWAALS    =      8143.9984
 EELEC  =    -84338.5918  EHBOND  =         0.0000  RESTRAINT  =         4.4298
 EAMBER (non-restraint)  =    -65565.5075
 EKCMT  =      5755.8542  VIRIAL  =      3971.4769  VOLUME     =    214701.6272
                                                    Density    =         1.0187
 ------------------------------------------------------------------------------

wrapping first mol.:      -43.56740       30.80681       53.35896
wrapping first mol.:      -43.56740       30.80681       53.35896

 NSTEP =    27500   TIME(PS) =    6155.000  TEMP(K) =   300.37  PRESS =   -11.8
 Etot   =    -52211.1985  EKtot   =     13172.0225  EPtot      =    -65383.2209
 BOND   =       381.3889  ANGLE   =      1174.4966  DIHED      =      1771.7929
 1-4 NB =       510.7741  1-4 EEL =      6831.6577  VDWAALS    =      7867.9680
 EELEC  =    -83926.0282  EHBOND  =         0.0000  RESTRAINT  =         4.7290
 EAMBER (non-restraint)  =    -65387.9499
 EKCMT  =      5825.4384  VIRIAL  =      5880.2746  VOLUME     =    214851.0986
                                                    Density    =         1.0180
 ------------------------------------------------------------------------------

wrapping first mol.:      -43.55752       30.79983       53.34686
wrapping first mol.:      -43.55752       30.79983       53.34686

 NSTEP =    28000   TIME(PS) =    6156.000  TEMP(K) =   297.92  PRESS =  -115.1
 Etot   =    -52365.3386  EKtot   =     13064.3242  EPtot      =    -65429.6629
 BOND   =       384.3953  ANGLE   =      1172.4645  DIHED      =      1747.9141
 1-4 NB =       495.9176  1-4 EEL =      6850.9819  VDWAALS    =      7894.6740
 EELEC  =    -83980.4290  EHBOND  =         0.0000  RESTRAINT  =         4.4187
 EAMBER (non-restraint)  =    -65434.0816
 EKCMT  =      5773.3282  VIRIAL  =      6307.0129  VOLUME     =    214706.9161
                                                    Density    =         1.0187
 ------------------------------------------------------------------------------

wrapping first mol.:      -43.55008       30.79456       53.33774
wrapping first mol.:      -43.55008       30.79456       53.33774

 NSTEP =    28500   TIME(PS) =    6157.000  TEMP(K) =   300.89  PRESS =  -162.3
 Etot   =    -52225.4239  EKtot   =     13194.8555  EPtot      =    -65420.2793
 BOND   =       388.2120  ANGLE   =      1143.5435  DIHED      =      1793.9214
 1-4 NB =       506.5840  1-4 EEL =      6869.2461  VDWAALS    =      7937.8119
 EELEC  =    -84064.0281  EHBOND  =         0.0000  RESTRAINT  =         4.4299
 EAMBER (non-restraint)  =    -65424.7092
 EKCMT  =      5812.3624  VIRIAL  =      6564.2120  VOLUME     =    214597.7657
                                                    Density    =         1.0192
 ------------------------------------------------------------------------------

wrapping first mol.:      -43.58488       30.81917       53.38037
wrapping first mol.:      -43.58488       30.81917       53.38037

 NSTEP =    29000   TIME(PS) =    6158.000  TEMP(K) =   301.89  PRESS =    20.6
 Etot   =    -52221.7007  EKtot   =     13238.4678  EPtot      =    -65460.1685
 BOND   =       397.4695  ANGLE   =      1164.6827  DIHED      =      1775.4452
 1-4 NB =       510.3145  1-4 EEL =      6853.8817  VDWAALS    =      7976.9399
 EELEC  =    -84143.3442  EHBOND  =         0.0000  RESTRAINT  =         4.4422
 EAMBER (non-restraint)  =    -65464.6107
 EKCMT  =      5857.5817  VIRIAL  =      5762.0217  VOLUME     =    215109.1807
                                                    Density    =         1.0168
 ------------------------------------------------------------------------------

wrapping first mol.:      -43.58420       30.81869       53.37953
wrapping first mol.:      -43.58420       30.81869       53.37953

 NSTEP =    29500   TIME(PS) =    6159.000  TEMP(K) =   300.58  PRESS =   121.7
 Etot   =    -52201.2448  EKtot   =     13181.2109  EPtot      =    -65382.4557
 BOND   =       407.8702  ANGLE   =      1193.6032  DIHED      =      1802.0988
 1-4 NB =       490.9541  1-4 EEL =      6840.1112  VDWAALS    =      8011.3054
 EELEC  =    -84133.8140  EHBOND  =         0.0000  RESTRAINT  =         5.4155
 EAMBER (non-restraint)  =    -65387.8712
 EKCMT  =      5813.6320  VIRIAL  =      5248.3747  VOLUME     =    215097.1288
                                                    Density    =         1.0168
 ------------------------------------------------------------------------------

wrapping first mol.:      -43.56880       30.80780       53.36067
wrapping first mol.:      -43.56880       30.80780       53.36067

 NSTEP =    30000   TIME(PS) =    6160.000  TEMP(K) =   300.00  PRESS =   323.4
 Etot   =    -52235.1004  EKtot   =     13155.5918  EPtot      =    -65390.6922
 BOND   =       396.9974  ANGLE   =      1170.6515  DIHED      =      1753.2636
 1-4 NB =       496.9307  1-4 EEL =      6831.5626  VDWAALS    =      8201.6888
 EELEC  =    -84246.8964  EHBOND  =         0.0000  RESTRAINT  =         5.1097
 EAMBER (non-restraint)  =    -65395.8018
 EKCMT  =      5834.0974  VIRIAL  =      4333.8819  VOLUME     =    214865.2964
                                                    Density    =         1.0179
 ------------------------------------------------------------------------------

wrapping first mol.:      -43.55250       30.79628       53.34071
wrapping first mol.:      -43.55250       30.79628       53.34071

 NSTEP =    30500   TIME(PS) =    6161.000  TEMP(K) =   301.95  PRESS =   117.3
 Etot   =    -52081.0815  EKtot   =     13241.2568  EPtot      =    -65322.3384
 BOND   =       393.8592  ANGLE   =      1177.3462  DIHED      =      1762.9370
 1-4 NB =       502.5705  1-4 EEL =      6831.2596  VDWAALS    =      7933.0296
 EELEC  =    -83928.5466  EHBOND  =         0.0000  RESTRAINT  =         5.2061
 EAMBER (non-restraint)  =    -65327.5445
 EKCMT  =      5834.9618  VIRIAL  =      5291.6032  VOLUME     =    214628.2440
                                                    Density    =         1.0191
 ------------------------------------------------------------------------------

wrapping first mol.:      -43.56699       30.80652       53.35846
wrapping first mol.:      -43.56699       30.80652       53.35846

 NSTEP =    31000   TIME(PS) =    6162.000  TEMP(K) =   300.91  PRESS =    59.5
 Etot   =    -52131.0817  EKtot   =     13195.6641  EPtot      =    -65326.7458
 BOND   =       413.1397  ANGLE   =      1126.5838  DIHED      =      1769.1251
 1-4 NB =       507.1324  1-4 EEL =      6863.8012  VDWAALS    =      7957.4113
 EELEC  =    -83968.8948  EHBOND  =         0.0000  RESTRAINT  =         4.9556
 EAMBER (non-restraint)  =    -65331.7014
 EKCMT  =      5854.0293  VIRIAL  =      5578.0073  VOLUME     =    214843.6643
                                                    Density    =         1.0180
 ------------------------------------------------------------------------------

wrapping first mol.:      -43.58343       30.81815       53.37859
wrapping first mol.:      -43.58343       30.81815       53.37859

 NSTEP =    31500   TIME(PS) =    6163.000  TEMP(K) =   299.16  PRESS =    17.4
 Etot   =    -52256.3753  EKtot   =     13118.8193  EPtot      =    -65375.1946
 BOND   =       410.5387  ANGLE   =      1164.4709  DIHED      =      1751.3868
 1-4 NB =       493.7443  1-4 EEL =      6910.3478  VDWAALS    =      8043.2214
 EELEC  =    -84153.3174  EHBOND  =         0.0000  RESTRAINT  =         4.4129
 EAMBER (non-restraint)  =    -65379.6076
 EKCMT  =      5688.9488  VIRIAL  =      5607.9337  VOLUME     =    215087.7519
                                                    Density    =         1.0169
 ------------------------------------------------------------------------------

wrapping first mol.:      -43.58156       30.81682       53.37630
wrapping first mol.:      -43.58156       30.81682       53.37630

 NSTEP =    32000   TIME(PS) =    6164.000  TEMP(K) =   297.97  PRESS =    97.8
 Etot   =    -52293.8423  EKtot   =     13066.5957  EPtot      =    -65360.4380
 BOND   =       409.8905  ANGLE   =      1183.2693  DIHED      =      1741.5465
 1-4 NB =       505.3433  1-4 EEL =      6842.2084  VDWAALS    =      7891.1998
 EELEC  =    -83938.4720  EHBOND  =         0.0000  RESTRAINT  =         4.5760
 EAMBER (non-restraint)  =    -65365.0140
 EKCMT  =      5723.9082  VIRIAL  =      5269.6561  VOLUME     =    215058.4363
                                                    Density    =         1.0170
 ------------------------------------------------------------------------------

wrapping first mol.:      -43.60104       30.83060       53.40015
wrapping first mol.:      -43.60104       30.83060       53.40015

 NSTEP =    32500   TIME(PS) =    6165.000  TEMP(K) =   296.72  PRESS =   153.9
 Etot   =    -52222.8074  EKtot   =     13011.8564  EPtot      =    -65234.6639
 BOND   =       413.8707  ANGLE   =      1111.6079  DIHED      =      1778.4010
 1-4 NB =       503.7325  1-4 EEL =      6885.6677  VDWAALS    =      8019.3650
 EELEC  =    -83951.8097  EHBOND  =         0.0000  RESTRAINT  =         4.5010
 EAMBER (non-restraint)  =    -65239.1649
 EKCMT  =      5762.8950  VIRIAL  =      5047.4469  VOLUME     =    215345.8842
                                                    Density    =         1.0157
 ------------------------------------------------------------------------------

wrapping first mol.:      -43.57425       30.81165       53.36734
wrapping first mol.:      -43.57425       30.81165       53.36734

 NSTEP =    33000   TIME(PS) =    6166.000  TEMP(K) =   301.76  PRESS =   -30.2
 Etot   =    -51937.4811  EKtot   =     13232.9033  EPtot      =    -65170.3844
 BOND   =       417.9825  ANGLE   =      1144.2888  DIHED      =      1773.7474
 1-4 NB =       489.0255  1-4 EEL =      6852.5467  VDWAALS    =      7859.4580
 EELEC  =    -83711.7586  EHBOND  =         0.0000  RESTRAINT  =         4.3254
 EAMBER (non-restraint)  =    -65174.7098
 EKCMT  =      5817.1088  VIRIAL  =      5957.4055  VOLUME     =    214952.7010
                                                    Density    =         1.0175
 ------------------------------------------------------------------------------

wrapping first mol.:      -43.61351       30.83942       53.41543
wrapping first mol.:      -43.61351       30.83942       53.41543

 NSTEP =    33500   TIME(PS) =    6167.000  TEMP(K) =   298.78  PRESS =   -14.8
 Etot   =    -52177.2932  EKtot   =     13102.0195  EPtot      =    -65279.3128
 BOND   =       391.2780  ANGLE   =      1137.8515  DIHED      =      1767.6738
 1-4 NB =       517.1777  1-4 EEL =      6898.7139  VDWAALS    =      7850.0750
 EELEC  =    -83846.7065  EHBOND  =         0.0000  RESTRAINT  =         4.6237
 EAMBER (non-restraint)  =    -65283.9365
 EKCMT  =      5742.2014  VIRIAL  =      5810.8664  VOLUME     =    215534.0042
                                                    Density    =         1.0148
 ------------------------------------------------------------------------------

wrapping first mol.:      -43.60587       30.83401       53.40607
wrapping first mol.:      -43.60587       30.83401       53.40607

 NSTEP =    34000   TIME(PS) =    6168.000  TEMP(K) =   300.50  PRESS =   122.9
 Etot   =    -52158.8120  EKtot   =     13177.7236  EPtot      =    -65336.5356
 BOND   =       401.7910  ANGLE   =      1121.6989  DIHED      =      1738.1019
 1-4 NB =       507.8243  1-4 EEL =      6884.6133  VDWAALS    =      7913.8739
 EELEC  =    -83909.4416  EHBOND  =         0.0000  RESTRAINT  =         5.0028
 EAMBER (non-restraint)  =    -65341.5384
 EKCMT  =      5865.5397  VIRIAL  =      5293.9344  VOLUME     =    215418.0174
                                                    Density    =         1.0153
 ------------------------------------------------------------------------------

wrapping first mol.:      -43.57675       30.81342       53.37040
wrapping first mol.:      -43.57675       30.81342       53.37040

 NSTEP =    34500   TIME(PS) =    6169.000  TEMP(K) =   295.62  PRESS =   -82.0
 Etot   =    -52427.2756  EKtot   =     12963.7061  EPtot      =    -65390.9817
 BOND   =       404.6873  ANGLE   =      1085.5363  DIHED      =      1770.5503
 1-4 NB =       517.4560  1-4 EEL =      6857.6151  VDWAALS    =      7887.6451
 EELEC  =    -83919.8174  EHBOND  =         0.0000  RESTRAINT  =         5.3456
 EAMBER (non-restraint)  =    -65396.3273
 EKCMT  =      5683.4067  VIRIAL  =      6063.8337  VOLUME     =    214990.6912
                                                    Density    =         1.0173
 ------------------------------------------------------------------------------

wrapping first mol.:      -43.58036       30.81597       53.37483
wrapping first mol.:      -43.58036       30.81597       53.37483

 NSTEP =    35000   TIME(PS) =    6170.000  TEMP(K) =   301.98  PRESS =  -129.2
 Etot   =    -52190.1775  EKtot   =     13242.7510  EPtot      =    -65432.9285
 BOND   =       452.8792  ANGLE   =      1164.2280  DIHED      =      1754.0323
 1-4 NB =       501.8890  1-4 EEL =      6839.1518  VDWAALS    =      7739.2923
 EELEC  =    -83889.1174  EHBOND  =         0.0000  RESTRAINT  =         4.7163
 EAMBER (non-restraint)  =    -65437.6447
 EKCMT  =      5821.5936  VIRIAL  =      6421.5641  VOLUME     =    215045.0359
                                                    Density    =         1.0171
 ------------------------------------------------------------------------------

wrapping first mol.:      -43.58633       30.82019       53.38214
wrapping first mol.:      -43.58633       30.82019       53.38214

 NSTEP =    35500   TIME(PS) =    6171.000  TEMP(K) =   299.92  PRESS =     2.0
 Etot   =    -52342.3836  EKtot   =     13152.3662  EPtot      =    -65494.7498
 BOND   =       412.0954  ANGLE   =      1119.0848  DIHED      =      1769.2367
 1-4 NB =       520.2719  1-4 EEL =      6851.5434  VDWAALS    =      8004.0205
 EELEC  =    -84175.2716  EHBOND  =         0.0000  RESTRAINT  =         4.2692
 EAMBER (non-restraint)  =    -65499.0190
 EKCMT  =      5777.0444  VIRIAL  =      5767.6280  VOLUME     =    215130.8991
                                                    Density    =         1.0167
 ------------------------------------------------------------------------------

wrapping first mol.:      -43.58592       30.81991       53.38164
wrapping first mol.:      -43.58592       30.81991       53.38164

 NSTEP =    36000   TIME(PS) =    6172.000  TEMP(K) =   303.12  PRESS =  -277.1
 Etot   =    -52093.5326  EKtot   =     13292.5557  EPtot      =    -65386.0882
 BOND   =       419.4617  ANGLE   =      1168.9485  DIHED      =      1774.6027
 1-4 NB =       502.7877  1-4 EEL =      6855.4176  VDWAALS    =      7903.8760
 EELEC  =    -84016.0704  EHBOND  =         0.0000  RESTRAINT  =         4.8880
 EAMBER (non-restraint)  =    -65390.9762
 EKCMT  =      5836.6398  VIRIAL  =      7123.9346  VOLUME     =    215130.2761
                                                    Density    =         1.0167
 ------------------------------------------------------------------------------

wrapping first mol.:      -43.55237       30.79619       53.34055
wrapping first mol.:      -43.55237       30.79619       53.34055

 NSTEP =    36500   TIME(PS) =    6173.000  TEMP(K) =   302.24  PRESS =   137.5
 Etot   =    -52032.5288  EKtot   =     13253.7227  EPtot      =    -65286.2514
 BOND   =       399.3538  ANGLE   =      1139.4610  DIHED      =      1747.9627
 1-4 NB =       512.6369  1-4 EEL =      6862.9820  VDWAALS    =      7878.7987
 EELEC  =    -83831.6661  EHBOND  =         0.0000  RESTRAINT  =         4.2198
 EAMBER (non-restraint)  =    -65290.4712
 EKCMT  =      5806.9925  VIRIAL  =      5169.8438  VOLUME     =    214625.9582
                                                    Density    =         1.0191
 ------------------------------------------------------------------------------

wrapping first mol.:      -43.54586       30.79158       53.33257
wrapping first mol.:      -43.54586       30.79158       53.33257

 NSTEP =    37000   TIME(PS) =    6174.000  TEMP(K) =   301.19  PRESS =    32.3
 Etot   =    -51881.1201  EKtot   =     13207.8672  EPtot      =    -65088.9873
 BOND   =       404.0382  ANGLE   =      1161.4792  DIHED      =      1771.6723
 1-4 NB =       508.3888  1-4 EEL =      6840.6020  VDWAALS    =      7937.6654
 EELEC  =    -83717.4519  EHBOND  =         0.0000  RESTRAINT  =         4.6187
 EAMBER (non-restraint)  =    -65093.6060
 EKCMT  =      5772.4156  VIRIAL  =      5622.8348  VOLUME     =    214531.6586
                                                    Density    =         1.0195
 ------------------------------------------------------------------------------

wrapping first mol.:      -43.57703       30.81362       53.37075
wrapping first mol.:      -43.57703       30.81362       53.37075

 NSTEP =    37500   TIME(PS) =    6175.000  TEMP(K) =   298.91  PRESS =  -117.6
 Etot   =    -52030.8565  EKtot   =     13107.8486  EPtot      =    -65138.7052
 BOND   =       396.9969  ANGLE   =      1185.1242  DIHED      =      1761.8157
 1-4 NB =       492.9191  1-4 EEL =      6835.2635  VDWAALS    =      7913.6713
 EELEC  =    -83730.0439  EHBOND  =         0.0000  RESTRAINT  =         5.5480
 EAMBER (non-restraint)  =    -65144.2531
 EKCMT  =      5741.8764  VIRIAL  =      6287.7025  VOLUME     =    214995.5059
                                                    Density    =         1.0173
 ------------------------------------------------------------------------------

wrapping first mol.:      -43.56542       30.80541       53.35653
wrapping first mol.:      -43.56542       30.80541       53.35653

 NSTEP =    38000   TIME(PS) =    6176.000  TEMP(K) =   301.40  PRESS =   -38.0
 Etot   =    -51903.9790  EKtot   =     13216.9219  EPtot      =    -65120.9009
 BOND   =       403.7656  ANGLE   =      1151.8367  DIHED      =      1752.3648
 1-4 NB =       523.1035  1-4 EEL =      6848.9699  VDWAALS    =      7879.9336
 EELEC  =    -83686.5100  EHBOND  =         0.0000  RESTRAINT  =         5.6349
 EAMBER (non-restraint)  =    -65126.5358
 EKCMT  =      5724.8357  VIRIAL  =      5901.1021  VOLUME     =    214822.2718
                                                    Density    =         1.0181
 ------------------------------------------------------------------------------

wrapping first mol.:      -43.54141       30.78843       53.32713
wrapping first mol.:      -43.54141       30.78843       53.32713

 NSTEP =    38500   TIME(PS) =    6177.000  TEMP(K) =   299.41  PRESS =   -36.5
 Etot   =    -52240.3285  EKtot   =     13129.7178  EPtot      =    -65370.0462
 BOND   =       400.8340  ANGLE   =      1142.9491  DIHED      =      1755.9917
 1-4 NB =       494.2758  1-4 EEL =      6902.0353  VDWAALS    =      7849.4386
 EELEC  =    -83921.0983  EHBOND  =         0.0000  RESTRAINT  =         5.5275
 EAMBER (non-restraint)  =    -65375.5738
 EKCMT  =      5734.3952  VIRIAL  =      5903.2829  VOLUME     =    214467.2675
                                                    Density    =         1.0198
 ------------------------------------------------------------------------------

wrapping first mol.:      -43.53751       30.78567       53.32235
wrapping first mol.:      -43.53751       30.78567       53.32235

 NSTEP =    39000   TIME(PS) =    6178.000  TEMP(K) =   301.78  PRESS =  -116.7
 Etot   =    -52056.0623  EKtot   =     13233.8779  EPtot      =    -65289.9402
 BOND   =       434.3444  ANGLE   =      1166.0997  DIHED      =      1763.4079
 1-4 NB =       497.0419  1-4 EEL =      6863.0454  VDWAALS    =      7869.6156
 EELEC  =    -83889.5331  EHBOND  =         0.0000  RESTRAINT  =         6.0380
 EAMBER (non-restraint)  =    -65295.9782
 EKCMT  =      5820.9596  VIRIAL  =      6360.9864  VOLUME     =    214411.1146
                                                    Density    =         1.0201
 ------------------------------------------------------------------------------

wrapping first mol.:      -43.55164       30.79566       53.33965
wrapping first mol.:      -43.55164       30.79566       53.33965

 NSTEP =    39500   TIME(PS) =    6179.000  TEMP(K) =   303.40  PRESS =   176.5
 Etot   =    -51813.1599  EKtot   =     13304.9336  EPtot      =    -65118.0935
 BOND   =       450.5924  ANGLE   =      1145.7493  DIHED      =      1773.1034
 1-4 NB =       498.7363  1-4 EEL =      6867.5666  VDWAALS    =      7906.8632
 EELEC  =    -83766.1238  EHBOND  =         0.0000  RESTRAINT  =         5.4191
 EAMBER (non-restraint)  =    -65123.5126
 EKCMT  =      5798.3525  VIRIAL  =      4980.4595  VOLUME     =    214614.3174
                                                    Density    =         1.0191
 ------------------------------------------------------------------------------

wrapping first mol.:      -43.55396       30.79730       53.34249
wrapping first mol.:      -43.55396       30.79730       53.34249

 NSTEP =    40000   TIME(PS) =    6180.000  TEMP(K) =   296.82  PRESS =   257.4
 Etot   =    -52332.3413  EKtot   =     13016.4336  EPtot      =    -65348.7749
 BOND   =       402.5868  ANGLE   =      1145.8757  DIHED      =      1767.2963
 1-4 NB =       492.5227  1-4 EEL =      6858.8402  VDWAALS    =      8006.5079
 EELEC  =    -84028.2693  EHBOND  =         0.0000  RESTRAINT  =         5.8648
 EAMBER (non-restraint)  =    -65354.6397
 EKCMT  =      5712.4444  VIRIAL  =      4519.4482  VOLUME     =    214647.0302
                                                    Density    =         1.0190
 ------------------------------------------------------------------------------

wrapping first mol.:      -43.60212       30.83136       53.40148
wrapping first mol.:      -43.60212       30.83136       53.40148

 NSTEP =    40500   TIME(PS) =    6181.000  TEMP(K) =   298.98  PRESS =   211.5
 Etot   =    -52174.9446  EKtot   =     13111.1650  EPtot      =    -65286.1097
 BOND   =       422.5632  ANGLE   =      1111.8007  DIHED      =      1747.7052
 1-4 NB =       512.6027  1-4 EEL =      6849.1211  VDWAALS    =      7973.2603
 EELEC  =    -83909.6405  EHBOND  =         0.0000  RESTRAINT  =         6.4775
 EAMBER (non-restraint)  =    -65292.5872
 EKCMT  =      5691.9706  VIRIAL  =      4708.6975  VOLUME     =    215360.7609
                                                    Density    =         1.0156
 ------------------------------------------------------------------------------

wrapping first mol.:      -43.58529       30.81946       53.38087
wrapping first mol.:      -43.58529       30.81946       53.38087

 NSTEP =    41000   TIME(PS) =    6182.000  TEMP(K) =   300.29  PRESS =  -166.2
 Etot   =    -52198.5856  EKtot   =     13168.2871  EPtot      =    -65366.8727
 BOND   =       394.9212  ANGLE   =      1142.3214  DIHED      =      1731.1156
 1-4 NB =       498.7260  1-4 EEL =      6828.3557  VDWAALS    =      7758.3495
 EELEC  =    -83727.5354  EHBOND  =         0.0000  RESTRAINT  =         6.8734
 EAMBER (non-restraint)  =    -65373.7462
 EKCMT  =      5755.1272  VIRIAL  =      6527.2135  VOLUME     =    215118.8143
                                                    Density    =         1.0167
 ------------------------------------------------------------------------------

wrapping first mol.:      -43.56211       30.80307       53.35248
wrapping first mol.:      -43.56211       30.80307       53.35248

 NSTEP =    41500   TIME(PS) =    6183.000  TEMP(K) =   300.79  PRESS =   246.1
 Etot   =    -52025.7613  EKtot   =     13190.2578  EPtot      =    -65216.0192
 BOND   =       395.0133  ANGLE   =      1132.1094  DIHED      =      1768.7397
 1-4 NB =       502.1990  1-4 EEL =      6841.3598  VDWAALS    =      8013.2219
 EELEC  =    -83874.8933  EHBOND  =         0.0000  RESTRAINT  =         6.2310
 EAMBER (non-restraint)  =    -65222.2501
 EKCMT  =      5822.2968  VIRIAL  =      4681.1707  VOLUME     =    214767.8842
                                                    Density    =         1.0184
 ------------------------------------------------------------------------------

wrapping first mol.:      -43.53880       30.78659       53.32393
wrapping first mol.:      -43.53880       30.78659       53.32393

 NSTEP =    42000   TIME(PS) =    6184.000  TEMP(K) =   301.26  PRESS =   -15.4
 Etot   =    -52145.1945  EKtot   =     13211.0938  EPtot      =    -65356.2883
 BOND   =       426.8476  ANGLE   =      1176.7819  DIHED      =      1765.2768
 1-4 NB =       498.6413  1-4 EEL =      6840.0324  VDWAALS    =      7981.6780
 EELEC  =    -84051.1285  EHBOND  =         0.0000  RESTRAINT  =         5.5822
 EAMBER (non-restraint)  =    -65361.8704
 EKCMT  =      5797.7936  VIRIAL  =      5869.1670  VOLUME     =    214428.3105
                                                    Density    =         1.0200
 ------------------------------------------------------------------------------

wrapping first mol.:      -43.53902       30.78674       53.32420
wrapping first mol.:      -43.53902       30.78674       53.32420

 NSTEP =    42500   TIME(PS) =    6185.000  TEMP(K) =   302.59  PRESS =   -88.4
 Etot   =    -52031.2759  EKtot   =     13269.2656  EPtot      =    -65300.5415
 BOND   =       398.4603  ANGLE   =      1122.0796  DIHED      =      1754.1898
 1-4 NB =       501.7503  1-4 EEL =      6869.5115  VDWAALS    =      7683.7023
 EELEC  =    -83635.3000  EHBOND  =         0.0000  RESTRAINT  =         5.0646
 EAMBER (non-restraint)  =    -65305.6062
 EKCMT  =      5824.1242  VIRIAL  =      6233.2595  VOLUME     =    214432.9045
                                                    Density    =         1.0200
 ------------------------------------------------------------------------------

wrapping first mol.:      -43.52977       30.78020       53.31286
wrapping first mol.:      -43.52977       30.78020       53.31286

 NSTEP =    43000   TIME(PS) =    6186.000  TEMP(K) =   301.70  PRESS =  -196.6
 Etot   =    -52140.0348  EKtot   =     13230.1455  EPtot      =    -65370.1803
 BOND   =       420.0065  ANGLE   =      1187.0381  DIHED      =      1768.9399
 1-4 NB =       508.4148  1-4 EEL =      6865.2552  VDWAALS    =      7837.4855
 EELEC  =    -83962.7147  EHBOND  =         0.0000  RESTRAINT  =         5.3944
 EAMBER (non-restraint)  =    -65375.5748
 EKCMT  =      5903.8594  VIRIAL  =      6813.3170  VOLUME     =    214298.2588
                                                    Density    =         1.0206
 ------------------------------------------------------------------------------

wrapping first mol.:      -43.55147       30.79554       53.33944
wrapping first mol.:      -43.55147       30.79554       53.33944

 NSTEP =    43500   TIME(PS) =    6187.000  TEMP(K) =   300.54  PRESS =   -38.3
 Etot   =    -52016.4595  EKtot   =     13179.3262  EPtot      =    -65195.7857
 BOND   =       401.1269  ANGLE   =      1169.8707  DIHED      =      1763.6450
 1-4 NB =       505.9342  1-4 EEL =      6868.5906  VDWAALS    =      7661.6640
 EELEC  =    -83570.9658  EHBOND  =         0.0000  RESTRAINT  =         4.3487
 EAMBER (non-restraint)  =    -65200.1343
 EKCMT  =      5789.6219  VIRIAL  =      5967.1669  VOLUME     =    214615.8815
                                                    Density    =         1.0191
 ------------------------------------------------------------------------------

wrapping first mol.:      -43.57488       30.81210       53.36812
wrapping first mol.:      -43.57488       30.81210       53.36812

 NSTEP =    44000   TIME(PS) =    6188.000  TEMP(K) =   298.98  PRESS =   228.8
 Etot   =    -52038.8452  EKtot   =     13110.9082  EPtot      =    -65149.7534
 BOND   =       402.4131  ANGLE   =      1124.6549  DIHED      =      1749.5324
 1-4 NB =       503.5552  1-4 EEL =      6869.4804  VDWAALS    =      7858.9043
 EELEC  =    -83662.9341  EHBOND  =         0.0000  RESTRAINT  =         4.6405
 EAMBER (non-restraint)  =    -65154.3939
 EKCMT  =      5802.6337  VIRIAL  =      4740.6569  VOLUME     =    214957.0740
                                                    Density    =         1.0175
 ------------------------------------------------------------------------------

wrapping first mol.:      -43.54607       30.79173       53.33283
wrapping first mol.:      -43.54607       30.79173       53.33283

 NSTEP =    44500   TIME(PS) =    6189.000  TEMP(K) =   300.61  PRESS =    66.6
 Etot   =    -51875.5870  EKtot   =     13182.5332  EPtot      =    -65058.1202
 BOND   =       413.4600  ANGLE   =      1154.2746  DIHED      =      1777.2427
 1-4 NB =       521.1957  1-4 EEL =      6832.8042  VDWAALS    =      7846.1068
 EELEC  =    -83608.0199  EHBOND  =         0.0000  RESTRAINT  =         4.8158
 EAMBER (non-restraint)  =    -65062.9360
 EKCMT  =      5786.0835  VIRIAL  =      5477.5282  VOLUME     =    214534.1323
                                                    Density    =         1.0195
 ------------------------------------------------------------------------------

wrapping first mol.:      -43.53820       30.78616       53.32319
wrapping first mol.:      -43.53820       30.78616       53.32319

 NSTEP =    45000   TIME(PS) =    6190.000  TEMP(K) =   297.07  PRESS =   -21.5
 Etot   =    -52067.9496  EKtot   =     13027.2637  EPtot      =    -65095.2133
 BOND   =       413.6028  ANGLE   =      1171.3202  DIHED      =      1771.1694
 1-4 NB =       501.9297  1-4 EEL =      6818.3465  VDWAALS    =      7801.5993
 EELEC  =    -83578.0913  EHBOND  =         0.0000  RESTRAINT  =         4.9101
 EAMBER (non-restraint)  =    -65100.1234
 EKCMT  =      5798.8423  VIRIAL  =      5898.4347  VOLUME     =    214419.4621
                                                    Density    =         1.0200
 ------------------------------------------------------------------------------

wrapping first mol.:      -43.51719       30.77131       53.29747
wrapping first mol.:      -43.51719       30.77131       53.29747

 NSTEP =    45500   TIME(PS) =    6191.000  TEMP(K) =   297.23  PRESS =    77.3
 Etot   =    -52253.2204  EKtot   =     13034.4062  EPtot      =    -65287.6266
 BOND   =       403.7327  ANGLE   =      1145.7383  DIHED      =      1761.0895
 1-4 NB =       497.7777  1-4 EEL =      6872.0984  VDWAALS    =      7908.6196
 EELEC  =    -83881.0271  EHBOND  =         0.0000  RESTRAINT  =         4.3444
 EAMBER (non-restraint)  =    -65291.9710
 EKCMT  =      5679.2286  VIRIAL  =      5321.9628  VOLUME     =    214107.4055
                                                    Density    =         1.0215
 ------------------------------------------------------------------------------

wrapping first mol.:      -43.52024       30.77347       53.30120
wrapping first mol.:      -43.52024       30.77347       53.30120

 NSTEP =    46000   TIME(PS) =    6192.000  TEMP(K) =   297.02  PRESS =    16.1
 Etot   =    -52260.3675  EKtot   =     13024.9541  EPtot      =    -65285.3216
 BOND   =       376.6307  ANGLE   =      1158.7546  DIHED      =      1753.8611
 1-4 NB =       495.7202  1-4 EEL =      6825.0045  VDWAALS    =      7955.1137
 EELEC  =    -83854.4965  EHBOND  =         0.0000  RESTRAINT  =         4.0900
 EAMBER (non-restraint)  =    -65289.4116
 EKCMT  =      5736.4836  VIRIAL  =      5661.9266  VOLUME     =    214153.5846
                                                    Density    =         1.0213
 ------------------------------------------------------------------------------

wrapping first mol.:      -43.53634       30.78485       53.32091
wrapping first mol.:      -43.53634       30.78485       53.32091

 NSTEP =    46500   TIME(PS) =    6193.000  TEMP(K) =   299.75  PRESS =    48.7
 Etot   =    -52164.7294  EKtot   =     13144.7725  EPtot      =    -65309.5019
 BOND   =       423.8534  ANGLE   =      1133.7511  DIHED      =      1750.5202
 1-4 NB =       501.6322  1-4 EEL =      6849.6501  VDWAALS    =      7724.8763
 EELEC  =    -83697.5116  EHBOND  =         0.0000  RESTRAINT  =         3.7264
 EAMBER (non-restraint)  =    -65313.2283
 EKCMT  =      5808.5920  VIRIAL  =      5583.0107  VOLUME     =    214390.6733
                                                    Density    =         1.0202
 ------------------------------------------------------------------------------

wrapping first mol.:      -43.52472       30.77663       53.30668
wrapping first mol.:      -43.52472       30.77663       53.30668

 NSTEP =    47000   TIME(PS) =    6194.000  TEMP(K) =   300.90  PRESS =     3.4
 Etot   =    -51949.9658  EKtot   =     13195.0840  EPtot      =    -65145.0498
 BOND   =       412.7428  ANGLE   =      1171.0195  DIHED      =      1724.7024
 1-4 NB =       510.1480  1-4 EEL =      6850.1406  VDWAALS    =      7743.8995
 EELEC  =    -83561.5342  EHBOND  =         0.0000  RESTRAINT  =         3.8315
 EAMBER (non-restraint)  =    -65148.8814
 EKCMT  =      5815.1587  VIRIAL  =      5799.5727  VOLUME     =    214219.9002
                                                    Density    =         1.0210
 ------------------------------------------------------------------------------

wrapping first mol.:      -43.55108       30.79527       53.33897
wrapping first mol.:      -43.55108       30.79527       53.33897

 NSTEP =    47500   TIME(PS) =    6195.000  TEMP(K) =   300.06  PRESS =    25.1
 Etot   =    -52126.6182  EKtot   =     13158.2441  EPtot      =    -65284.8623
 BOND   =       401.1045  ANGLE   =      1164.7330  DIHED      =      1755.9579
 1-4 NB =       512.1850  1-4 EEL =      6829.5188  VDWAALS    =      7963.7594
 EELEC  =    -83916.1301  EHBOND  =         0.0000  RESTRAINT  =         4.0092
 EAMBER (non-restraint)  =    -65288.8715
 EKCMT  =      5686.7733  VIRIAL  =      5570.3801  VOLUME     =    214608.9912
                                                    Density    =         1.0191
 ------------------------------------------------------------------------------

wrapping first mol.:      -43.54882       30.79367       53.33620
wrapping first mol.:      -43.54882       30.79367       53.33620

 NSTEP =    48000   TIME(PS) =    6196.000  TEMP(K) =   301.56  PRESS =   137.3
 Etot   =    -52019.6264  EKtot   =     13224.2607  EPtot      =    -65243.8872
 BOND   =       414.9030  ANGLE   =      1170.7020  DIHED      =      1762.1455
 1-4 NB =       491.2759  1-4 EEL =      6844.8480  VDWAALS    =      7872.7530
 EELEC  =    -83804.9765  EHBOND  =         0.0000  RESTRAINT  =         4.4619
 EAMBER (non-restraint)  =    -65248.3491
 EKCMT  =      5824.6653  VIRIAL  =      5188.3546  VOLUME     =    214573.3504
                                                    Density    =         1.0193
 ------------------------------------------------------------------------------

wrapping first mol.:      -43.54383       30.79014       53.33008
wrapping first mol.:      -43.54383       30.79014       53.33008

 NSTEP =    48500   TIME(PS) =    6197.000  TEMP(K) =   299.33  PRESS =   204.2
 Etot   =    -52264.5612  EKtot   =     13126.1230  EPtot      =    -65390.6843
 BOND   =       397.1524  ANGLE   =      1142.2396  DIHED      =      1764.8108
 1-4 NB =       495.0991  1-4 EEL =      6857.9837  VDWAALS    =      8036.1746
 EELEC  =    -84088.3426  EHBOND  =         0.0000  RESTRAINT  =         4.1981
 EAMBER (non-restraint)  =    -65394.8823
 EKCMT  =      5739.0995  VIRIAL  =      4793.3622  VOLUME     =    214498.3254
                                                    Density    =         1.0197
 ------------------------------------------------------------------------------

wrapping first mol.:      -43.53558       30.78431       53.31998
wrapping first mol.:      -43.53558       30.78431       53.31998

 NSTEP =    49000   TIME(PS) =    6198.000  TEMP(K) =   300.45  PRESS =    18.3
 Etot   =    -52021.7882  EKtot   =     13175.5977  EPtot      =    -65197.3859
 BOND   =       381.2699  ANGLE   =      1144.3448  DIHED      =      1743.9909
 1-4 NB =       528.4395  1-4 EEL =      6867.9086  VDWAALS    =      8069.1816
 EELEC  =    -83936.4648  EHBOND  =         0.0000  RESTRAINT  =         3.9435
 EAMBER (non-restraint)  =    -65201.3294
 EKCMT  =      5810.0340  VIRIAL  =      5725.3328  VOLUME     =    214380.0192
                                                    Density    =         1.0202
 ------------------------------------------------------------------------------

wrapping first mol.:      -43.54173       30.78866       53.32752
wrapping first mol.:      -43.54173       30.78866       53.32752

 NSTEP =    49500   TIME(PS) =    6199.000  TEMP(K) =   298.86  PRESS =    -8.2
 Etot   =    -52012.4632  EKtot   =     13105.6719  EPtot      =    -65118.1350
 BOND   =       426.4281  ANGLE   =      1138.3237  DIHED      =      1788.1711
 1-4 NB =       503.6411  1-4 EEL =      6859.3842  VDWAALS    =      7909.5876
 EELEC  =    -83748.7573  EHBOND  =         0.0000  RESTRAINT  =         5.0865
 EAMBER (non-restraint)  =    -65123.2215
 EKCMT  =      5794.2557  VIRIAL  =      5832.3556  VOLUME     =    214471.4852
                                                    Density    =         1.0198
 ------------------------------------------------------------------------------

wrapping first mol.:      -43.58104       30.81646       53.37567
wrapping first mol.:      -43.58104       30.81646       53.37567

 NSTEP =    50000   TIME(PS) =    6200.000  TEMP(K) =   296.53  PRESS =     4.4
 Etot   =    -52068.3219  EKtot   =     13003.7559  EPtot      =    -65072.0778
 BOND   =       406.8160  ANGLE   =      1148.8345  DIHED      =      1741.7429
 1-4 NB =       510.4415  1-4 EEL =      6885.9670  VDWAALS    =      7921.0354
 EELEC  =    -83691.6617  EHBOND  =         0.0000  RESTRAINT  =         4.7467
 EAMBER (non-restraint)  =    -65076.8245
 EKCMT  =      5682.2417  VIRIAL  =      5661.6648  VOLUME     =    215052.6214
                                                    Density    =         1.0170
 ------------------------------------------------------------------------------


      A V E R A G E S   O V E R     100 S T E P S


 NSTEP =    50000   TIME(PS) =    6200.000  TEMP(K) =   300.04  PRESS =    21.7
 Etot   =    -52116.4779  EKtot   =     13157.3160  EPtot      =    -65273.7939
 BOND   =       408.1978  ANGLE   =      1152.2255  DIHED      =      1765.8728
 1-4 NB =       503.6850  1-4 EEL =      6851.1687  VDWAALS    =      7894.1623
 EELEC  =    -83853.5876  EHBOND  =         0.0000  RESTRAINT  =         4.4815
 EAMBER (non-restraint)  =    -65278.2754
 EKCMT  =      5788.0194  VIRIAL  =      5687.1127  VOLUME     =    214758.4097
                                                    Density    =         1.0184
 ------------------------------------------------------------------------------


      R M S  F L U C T U A T I O N S


 NSTEP =    50000   TIME(PS) =    6200.000  TEMP(K) =     1.91  PRESS =   144.8
 Etot   =       150.7807  EKtot   =        83.5898  EPtot      =       130.1226
 BOND   =        16.1314  ANGLE   =        27.8611  DIHED      =        14.6268
 1-4 NB =         9.0487  1-4 EEL =        22.0349  VDWAALS    =       104.4523
 EELEC  =       179.3648  EHBOND  =         0.0000  RESTRAINT  =         0.9631
 EAMBER (non-restraint)  =       129.1595
 EKCMT  =        57.8850  VIRIAL  =       685.2292  VOLUME     =       375.9740
                                                    Density    =         0.0018
 ------------------------------------------------------------------------------

--------------------------------------------------------------------------------
   5.  TIMINGS
--------------------------------------------------------------------------------

|  NonSetup CPU Time in Major Routines:
|
|     Routine           Sec        %
|     ------------------------------
|     Nonbond         119.72   89.24
|     Bond              0.00    0.00
|     Angle             0.00    0.00
|     Dihedral          0.00    0.00
|     Shake             0.33    0.25
|     RunMD            14.06   10.48
|     Other             0.04    0.03
|     ------------------------------
|     Total           134.16

|  PME Nonbond Pairlist CPU Time:
|
|     Routine              Sec        %
|     ---------------------------------
|     Set Up Cit           0.00    0.00
|     Build List           0.00    0.00
|     ---------------------------------
|     Total                0.00    0.00

|  PME Direct Force CPU Time:
|
|     Routine              Sec        %
|     ---------------------------------
|     NonBonded Calc       0.00    0.00
|     Exclude Masked       0.00    0.00
|     Other                0.02    0.02
|     ---------------------------------
|     Total                0.02    0.02

|  PME Reciprocal Force CPU Time:
|
|     Routine              Sec        %
|     ---------------------------------
|     1D bspline           0.00    0.00
|     Grid Charges         0.00    0.00
|     Scalar Sum           0.00    0.00
|     Gradient Sum         0.00    0.00
|     FFT                  0.00    0.00
|     ---------------------------------
|     Total                0.00    0.00

|  Final Performance Info:
|     -----------------------------------------------------
|     Average timings for last    4500 steps:
|     Elapsed(s) =      12.09 Per Step(ms) =       2.69
|         ns/day =      64.34   seconds/ns =    1342.91
|
|     Average timings for all steps:
|     Elapsed(s) =     134.16 Per Step(ms) =       2.68
|         ns/day =      64.40   seconds/ns =    1341.55
|     -----------------------------------------------------

|  Setup CPU time:            0.45 seconds
|  NonSetup CPU time:       134.16 seconds
|  Total CPU time:          134.61 seconds     0.04 hours

|  Setup wall time:           1    seconds
|  NonSetup wall time:      134    seconds
|  Total wall time:         135    seconds     0.04 hours
