
          -------------------------------------------------------
          Amber 16 PMEMD                              2016
          -------------------------------------------------------

| PMEMD implementation of SANDER, Release 16

| Run on 07/16/2018 at 15:13:09

|   Executable path: pmemd.cuda
| Working directory: /home/german/lbp/run/2w9y/mhe/e
|          Hostname: Unknown
  [-O]verwriting output

File Assignments:
|   MDIN: 59equ.in                                                              
|  MDOUT: 59equ.out                                                             
| INPCRD: 58e2w9y.rst7                                                          
|   PARM: /home/german/lbp/top_files/2w9y.prmtop                                
| RESTRT: 59e2w9y.rst7                                                          
|   REFC: 58e2w9y.rst7                                                          
|  MDVEL: mdvel                                                                 
|   MDEN: mden                                                                  
|  MDCRD: 59e2w9y.nc                                                            
| MDINFO: mdinfo                                                                
|  MDFRC: mdfrc                                                                 


 Here is the input file:

Equilibration with solute restrictions                                         
&cntrl                                                                         
imin = 0,                           ! No Minimization                          
nmropt = 0,                         ! No NMR restraints read                   
                                                                               
! Nature and format of the input                                               
ntx = 5,                            ! Coordinates and velocities will be read  
irest = 1,                          ! Do not run a new simulation              
                                                                               
! Nature and format of the output                                              
ntxo = 1,                           ! rstrt file in ASCII format               
ntpr = 500,                         ! inf in output every ntpr steps           
ntwr = 500,                         ! rstrt file every ntwr steps              
ntwx = 500,                         ! mdcrd file every ntwx steps              
ntwv = 0,                           ! mdvel without velocities                 
ntwe = 0,                           ! Do not write energies and temperatures   
idecomp = 0,                        ! No energy decomposition                  
iwrap = 1,                          ! Coordinates of the restart and mdcrd file
                                                                               
! Frozen or restrained atoms                                                   
ibelly = 0,                         ! No frozen atoms                          
ntr=1,                              ! Harmonic potential restraints            
restraint_wt = 0.009,                ! The weight for the positional restraints
restraintmask = ':1-131@N,CA,C,O',  ! restrained residues                      
                                                                               
! Molecular dynamics                                                           
nstlim = 50000,                     ! Number of MD-steps                       
dt = 0.002,                         ! Time step                                
                                                                               
! Temperature regulation                                                       
ntt = 3,                            ! Langevin thermostat                      
gamma_ln = 5,                       ! Gamma constant for Langevin              
temp0 = 300.0,                      ! Reference T at which the system is to be 
tempi = 300.0,                      ! Initial T                                
ig = -1,                            ! Seed for the RNG                         
                                                                               
! P and V regulation                                                           
ntp = 1,                            ! constant P                               
barostat = 1,                       ! Berendsen barostat                       
taup = 1,                           ! Pressure relaxation time                 
ntb = 2,                            ! Periodic box for constant P              
                                                                               
! SHAKE variables                                                              
ntc = 2,                            ! Bonds involving H are constrained        
ntf = 2,                            ! Bond interaction involving H are ommited.
                                                                               
cut = 10.0,                         ! Nonbonded cutoff                         
/                                                                              
&end                                                                           


Note: ig = -1. Setting random seed to   822780 based on wallclock time in 
      microseconds.
 
|--------------------- INFORMATION ----------------------
| GPU (CUDA) Version of PMEMD in use: NVIDIA GPU IN USE.
|                    Version 16.0.0
| 
|                      02/25/2016
| 
| Implementation by:
|                    Ross C. Walker     (SDSC)
|                    Scott Le Grand     (nVIDIA)
| 
| Precision model in use:
|      [SPFP] - Single Precision Forces, 64-bit Fixed Point
|               Accumulation. (Default)
| 
|--------------------------------------------------------
 
|----------------- CITATION INFORMATION -----------------
|
|    When publishing work that utilized the CUDA version
|    of AMBER, please cite the following in addition to
|    the regular AMBER citations:
|
|  - Romelia Salomon-Ferrer; Andreas W. Goetz; Duncan
|    Poole; Scott Le Grand; Ross C. Walker "Routine
|    microsecond molecular dynamics simulations with
|    AMBER - Part II: Particle Mesh Ewald", J. Chem.
|    Theory Comput., 2013, 9 (9), pp3878-3888,
|    DOI: 10.1021/ct400314y.
|
|  - Andreas W. Goetz; Mark J. Williamson; Dong Xu;
|    Duncan Poole; Scott Le Grand; Ross C. Walker
|    "Routine microsecond molecular dynamics simulations
|    with AMBER - Part I: Generalized Born", J. Chem.
|    Theory Comput., 2012, 8 (5), pp1542-1555.
|
|  - Scott Le Grand; Andreas W. Goetz; Ross C. Walker
|    "SPFP: Speed without compromise - a mixed precision
|    model for GPU accelerated molecular dynamics
|    simulations.", Comp. Phys. Comm., 2013, 184
|    pp374-380, DOI: 10.1016/j.cpc.2012.09.022
|
|--------------------------------------------------------
 
|------------------- GPU DEVICE INFO --------------------
|
|            CUDA_VISIBLE_DEVICES: 0
|   CUDA Capable Devices Detected:      1
|           CUDA Device ID in use:      0
|                CUDA Device Name: GeForce GTX 1060 6GB
|     CUDA Device Global Mem Size:   6072 MB
| CUDA Device Num Multiprocessors:     10
|           CUDA Device Core Freq:   1.76 GHz
|
|--------------------------------------------------------
 
 
| Conditional Compilation Defines Used:
| PUBFFT
| BINTRAJ
| CUDA
| EMIL

| Largest sphere to fit in unit cell has radius =    26.688

| New format PARM file being parsed.
| Version =    1.000 Date = 07/16/18 Time = 12:31:37

| Note: 1-4 EEL scale factors are being read from the topology file.

| Note: 1-4 VDW scale factors are being read from the topology file.
| Duplicated    0 dihedrals

| Duplicated    0 dihedrals

--------------------------------------------------------------------------------
   1.  RESOURCE   USE: 
--------------------------------------------------------------------------------

 getting new box info from bottom of inpcrd
 NATOM  =   21528 NTYPES =      17 NBONH =   20449 MBONA  =    1096
 NTHETH =    2490 MTHETA =    1476 NPHIH =    4927 MPHIA  =    4723
 NHPARM =       0 NPARM  =       0 NNB   =   37810 NRES   =    6595
 NBONA  =    1096 NTHETA =    1476 NPHIA =    4723 NUMBND =      64
 NUMANG =     142 NPTRA  =     185 NATYP =      34 NPHB   =       1
 IFBOX  =       2 NMXRS  =      24 IFCAP =       0 NEXTRA =       0
 NCOPY  =       0

| Coordinate Index Table dimensions:    10   10   10
| Direct force subcell size =     6.5372    6.5372    6.5372

     BOX TYPE: TRUNCATED OCTAHEDRON

--------------------------------------------------------------------------------
   2.  CONTROL  DATA  FOR  THE  RUN
--------------------------------------------------------------------------------

default_name                                                                    

General flags:
     imin    =       0, nmropt  =       0

Nature and format of input:
     ntx     =       5, irest   =       1, ntrx    =       1

Nature and format of output:
     ntxo    =       1, ntpr    =     500, ntrx    =       1, ntwr    =     500
     iwrap   =       1, ntwx    =     500, ntwv    =       0, ntwe    =       0
     ioutfm  =       1, ntwprt  =       0, idecomp =       0, rbornstat=      0

Potential function:
     ntf     =       2, ntb     =       2, igb     =       0, nsnb    =      25
     ipol    =       0, gbsa    =       0, iesp    =       0
     dielc   =   1.00000, cut     =  10.00000, intdiel =   1.00000

Frozen or restrained atoms:
     ibelly  =       0, ntr     =       1
     restraint_wt =   0.00900

Molecular dynamics:
     nstlim  =     50000, nscm    =         0, nrespa  =         1
     t       =   0.00000, dt      =   0.00200, vlimit  =  -1.00000

Langevin dynamics temperature regulation:
     ig      =  822780
     temp0   = 300.00000, tempi   = 300.00000, gamma_ln=   5.00000

Pressure regulation:
     ntp     =       1
     pres0   =   1.00000, comp    =  44.60000, taup    =   1.00000

SHAKE:
     ntc     =       2, jfastw  =       0
     tol     =   0.00001

| Intermolecular bonds treatment:
|     no_intermolecular_bonds =       1

| Energy averages sample interval:
|     ene_avg_sampling =     500

Ewald parameters:
     verbose =       0, ew_type =       0, nbflag  =       1, use_pme =       1
     vdwmeth =       1, eedmeth =       1, netfrc  =       1
     Box X =   65.372   Box Y =   65.372   Box Z =   65.372
     Alpha =  109.471   Beta  =  109.471   Gamma =  109.471
     NFFT1 =   64       NFFT2 =   64       NFFT3 =   64
     Cutoff=   10.000   Tol   =0.100E-04
     Ewald Coefficient =  0.27511
     Interpolation order =    4

    LOADING THE CONSTRAINED ATOMS AS GROUPS


   5.  REFERENCE ATOM COORDINATES

  default_name                                                                    
     Mask :1-131@N,CA,C,O; matches   524 atoms

--------------------------------------------------------------------------------
   3.  ATOMIC COORDINATES AND VELOCITIES
--------------------------------------------------------------------------------

default_name                                                                    
 begin time read from input coords =  6200.000 ps

 
 Number of triangulated 3-point waters found:     6455

     Sum of charges from parm topology file =  -0.00000007
     Forcing neutrality...

| Dynamic Memory, Types Used:
| Reals             1061755
| Integers           745452

| Nonbonded Pairs Initial Allocation:     6511681

| GPU memory information (estimate):
| KB of GPU memory in use:    159742
| KB of CPU memory in use:     30821

--------------------------------------------------------------------------------
   4.  RESULTS
--------------------------------------------------------------------------------

 ---------------------------------------------------
 APPROXIMATING switch and d/dx switch using CUBIC SPLINE INTERPOLATION
 using   5000.0 points per unit in tabled values
 TESTING RELATIVE ERROR over r ranging from 0.0 to cutoff
| CHECK switch(x): max rel err =   0.2738E-14   at   2.422500
| CHECK d/dx switch(x): max rel err =   0.8314E-11   at   2.736960
 ---------------------------------------------------
|---------------------------------------------------
| APPROXIMATING direct energy using CUBIC SPLINE INTERPOLATION
|  with   50.0 points per unit in tabled values
| Relative Error Limit not exceeded for r .gt.   2.33
| APPROXIMATING direct force using CUBIC SPLINE INTERPOLATION
|  with   50.0 points per unit in tabled values
| Relative Error Limit not exceeded for r .gt.   2.80
|---------------------------------------------------
wrapping first mol.:      -43.58102       30.81644       53.37563
wrapping first mol.:      -43.58102       30.81644       53.37563

 NSTEP =      500   TIME(PS) =    6201.000  TEMP(K) =   299.33  PRESS =    66.1
 Etot   =    -52069.5103  EKtot   =     13126.4434  EPtot      =    -65195.9537
 BOND   =       414.9296  ANGLE   =      1161.7630  DIHED      =      1769.9334
 1-4 NB =       505.2473  1-4 EEL =      6849.2609  VDWAALS    =      8047.7742
 EELEC  =    -83945.8715  EHBOND  =         0.0000  RESTRAINT  =         1.0093
 EAMBER (non-restraint)  =    -65196.9630
 EKCMT  =      5835.1110  VIRIAL  =      5528.0680  VOLUME     =    215051.0537
                                                    Density    =         1.0171
 ------------------------------------------------------------------------------

wrapping first mol.:      -43.57841       30.81460       53.37245
wrapping first mol.:      -43.57841       30.81460       53.37245

 NSTEP =     1000   TIME(PS) =    6202.000  TEMP(K) =   300.13  PRESS =   -51.8
 Etot   =    -52225.4633  EKtot   =     13161.2773  EPtot      =    -65386.7407
 BOND   =       397.1031  ANGLE   =      1149.4401  DIHED      =      1766.7444
 1-4 NB =       509.7221  1-4 EEL =      6857.0183  VDWAALS    =      7990.4565
 EELEC  =    -84058.6028  EHBOND  =         0.0000  RESTRAINT  =         1.3776
 EAMBER (non-restraint)  =    -65388.1182
 EKCMT  =      5832.1098  VIRIAL  =      6072.6552  VOLUME     =    215014.7949
                                                    Density    =         1.0172
 ------------------------------------------------------------------------------

wrapping first mol.:      -43.55875       30.80069       53.34836
wrapping first mol.:      -43.55875       30.80069       53.34836

 NSTEP =     1500   TIME(PS) =    6203.000  TEMP(K) =   300.04  PRESS =  -110.7
 Etot   =    -52044.0340  EKtot   =     13157.6104  EPtot      =    -65201.6443
 BOND   =       400.7101  ANGLE   =      1151.5384  DIHED      =      1780.3570
 1-4 NB =       508.4344  1-4 EEL =      6841.4907  VDWAALS    =      7781.1028
 EELEC  =    -83667.0211  EHBOND  =         0.0000  RESTRAINT  =         1.7435
 EAMBER (non-restraint)  =    -65203.3878
 EKCMT  =      5811.1629  VIRIAL  =      6324.3073  VOLUME     =    214724.9310
                                                    Density    =         1.0186
 ------------------------------------------------------------------------------

wrapping first mol.:      -43.54395       30.79023       53.33023
wrapping first mol.:      -43.54395       30.79023       53.33023

 NSTEP =     2000   TIME(PS) =    6204.000  TEMP(K) =   297.30  PRESS =   181.1
 Etot   =    -52256.1556  EKtot   =     13037.1396  EPtot      =    -65293.2952
 BOND   =       423.3071  ANGLE   =      1119.4011  DIHED      =      1781.7696
 1-4 NB =       485.5669  1-4 EEL =      6843.2031  VDWAALS    =      7966.4578
 EELEC  =    -83914.8103  EHBOND  =         0.0000  RESTRAINT  =         1.8096
 EAMBER (non-restraint)  =    -65295.1048
 EKCMT  =      5741.9132  VIRIAL  =      4903.3249  VOLUME     =    214500.5567
                                                    Density    =         1.0197
 ------------------------------------------------------------------------------

wrapping first mol.:      -43.55991       30.80151       53.34978
wrapping first mol.:      -43.55991       30.80151       53.34978

 NSTEP =     2500   TIME(PS) =    6205.000  TEMP(K) =   300.10  PRESS =    -8.3
 Etot   =    -52222.4410  EKtot   =     13159.8877  EPtot      =    -65382.3287
 BOND   =       399.9775  ANGLE   =      1166.9038  DIHED      =      1754.9552
 1-4 NB =       508.7584  1-4 EEL =      6872.3458  VDWAALS    =      7960.2856
 EELEC  =    -84047.3586  EHBOND  =         0.0000  RESTRAINT  =         1.8035
 EAMBER (non-restraint)  =    -65384.1322
 EKCMT  =      5807.8403  VIRIAL  =      5846.5399  VOLUME     =    214740.1803
                                                    Density    =         1.0185
 ------------------------------------------------------------------------------

wrapping first mol.:      -43.53843       30.78633       53.32348
wrapping first mol.:      -43.53843       30.78633       53.32348

 NSTEP =     3000   TIME(PS) =    6206.000  TEMP(K) =   296.37  PRESS =  -217.6
 Etot   =    -52385.7936  EKtot   =     12996.3027  EPtot      =    -65382.0963
 BOND   =       407.0618  ANGLE   =      1177.1369  DIHED      =      1715.9729
 1-4 NB =       503.3437  1-4 EEL =      6846.3361  VDWAALS    =      7688.7187
 EELEC  =    -83722.4793  EHBOND  =         0.0000  RESTRAINT  =         1.8128
 EAMBER (non-restraint)  =    -65383.9091
 EKCMT  =      5750.6414  VIRIAL  =      6758.0659  VOLUME     =    214426.7179
                                                    Density    =         1.0200
 ------------------------------------------------------------------------------

wrapping first mol.:      -43.56801       30.80725       53.35971
wrapping first mol.:      -43.56801       30.80725       53.35971

 NSTEP =     3500   TIME(PS) =    6207.000  TEMP(K) =   302.68  PRESS =  -300.2
 Etot   =    -52113.6231  EKtot   =     13273.2295  EPtot      =    -65386.8526
 BOND   =       398.9795  ANGLE   =      1209.0870  DIHED      =      1742.9729
 1-4 NB =       499.2776  1-4 EEL =      6877.4347  VDWAALS    =      7857.3678
 EELEC  =    -83974.1732  EHBOND  =         0.0000  RESTRAINT  =         2.2010
 EAMBER (non-restraint)  =    -65389.0536
 EKCMT  =      5846.9708  VIRIAL  =      7239.4741  VOLUME     =    214865.6499
                                                    Density    =         1.0179
 ------------------------------------------------------------------------------

wrapping first mol.:      -43.59777       30.82829       53.39615
wrapping first mol.:      -43.59777       30.82829       53.39615

 NSTEP =     4000   TIME(PS) =    6208.000  TEMP(K) =   299.40  PRESS =   129.4
 Etot   =    -52157.1502  EKtot   =     13129.3652  EPtot      =    -65286.5154
 BOND   =       412.2003  ANGLE   =      1165.0409  DIHED      =      1766.6454
 1-4 NB =       499.0955  1-4 EEL =      6869.2211  VDWAALS    =      8040.0351
 EELEC  =    -84041.1362  EHBOND  =         0.0000  RESTRAINT  =         2.3825
 EAMBER (non-restraint)  =    -65288.8979
 EKCMT  =      5767.0691  VIRIAL  =      5165.5169  VOLUME     =    215297.9342
                                                    Density    =         1.0159
 ------------------------------------------------------------------------------

wrapping first mol.:      -43.57538       30.81246       53.36873
wrapping first mol.:      -43.57538       30.81246       53.36873

 NSTEP =     4500   TIME(PS) =    6209.000  TEMP(K) =   299.08  PRESS =  -297.9
 Etot   =    -52187.7357  EKtot   =     13115.2148  EPtot      =    -65302.9506
 BOND   =       401.4275  ANGLE   =      1120.1889  DIHED      =      1757.9717
 1-4 NB =       500.1210  1-4 EEL =      6864.0917  VDWAALS    =      7752.6409
 EELEC  =    -83701.4842  EHBOND  =         0.0000  RESTRAINT  =         2.0920
 EAMBER (non-restraint)  =    -65305.0426
 EKCMT  =      5782.6242  VIRIAL  =      7165.2143  VOLUME     =    214974.6396
                                                    Density    =         1.0174
 ------------------------------------------------------------------------------

wrapping first mol.:      -43.58426       30.81874       53.37961
wrapping first mol.:      -43.58426       30.81874       53.37961

 NSTEP =     5000   TIME(PS) =    6210.000  TEMP(K) =   298.10  PRESS =    44.9
 Etot   =    -52152.1619  EKtot   =     13072.3135  EPtot      =    -65224.4754
 BOND   =       416.7526  ANGLE   =      1158.8856  DIHED      =      1760.9874
 1-4 NB =       490.8050  1-4 EEL =      6792.7695  VDWAALS    =      7803.7689
 EELEC  =    -83650.8682  EHBOND  =         0.0000  RESTRAINT  =         2.4237
 EAMBER (non-restraint)  =    -65226.8991
 EKCMT  =      5740.7638  VIRIAL  =      5532.4416  VOLUME     =    215099.5355
                                                    Density    =         1.0168
 ------------------------------------------------------------------------------

wrapping first mol.:      -43.56654       30.80620       53.35790
wrapping first mol.:      -43.56654       30.80620       53.35790

 NSTEP =     5500   TIME(PS) =    6211.000  TEMP(K) =   297.87  PRESS =    56.6
 Etot   =    -52365.3535  EKtot   =     13062.2695  EPtot      =    -65427.6230
 BOND   =       413.0798  ANGLE   =      1152.6454  DIHED      =      1758.6093
 1-4 NB =       507.3672  1-4 EEL =      6883.1323  VDWAALS    =      8104.7597
 EELEC  =    -84249.9200  EHBOND  =         0.0000  RESTRAINT  =         2.7033
 EAMBER (non-restraint)  =    -65430.3263
 EKCMT  =      5741.5005  VIRIAL  =      5479.1695  VOLUME     =    214836.9964
                                                    Density    =         1.0181
 ------------------------------------------------------------------------------

wrapping first mol.:      -43.57688       30.81351       53.37057
wrapping first mol.:      -43.57688       30.81351       53.37057

 NSTEP =     6000   TIME(PS) =    6212.000  TEMP(K) =   297.22  PRESS =    32.6
 Etot   =    -52243.6538  EKtot   =     13034.0020  EPtot      =    -65277.6557
 BOND   =       425.5586  ANGLE   =      1126.0139  DIHED      =      1767.4700
 1-4 NB =       503.5524  1-4 EEL =      6862.0393  VDWAALS    =      7973.2786
 EELEC  =    -83938.5795  EHBOND  =         0.0000  RESTRAINT  =         3.0109
 EAMBER (non-restraint)  =    -65280.6666
 EKCMT  =      5740.8357  VIRIAL  =      5589.3915  VOLUME     =    214990.4593
                                                    Density    =         1.0173
 ------------------------------------------------------------------------------

wrapping first mol.:      -43.55092       30.79516       53.33878
wrapping first mol.:      -43.55092       30.79516       53.33878

 NSTEP =     6500   TIME(PS) =    6213.000  TEMP(K) =   300.09  PRESS =  -106.3
 Etot   =    -52278.5768  EKtot   =     13159.5107  EPtot      =    -65438.0876
 BOND   =       455.2039  ANGLE   =      1118.6373  DIHED      =      1773.3554
 1-4 NB =       499.1382  1-4 EEL =      6841.0402  VDWAALS    =      7843.2713
 EELEC  =    -83971.6093  EHBOND  =         0.0000  RESTRAINT  =         2.8755
 EAMBER (non-restraint)  =    -65440.9631
 EKCMT  =      5830.7833  VIRIAL  =      6323.2913  VOLUME     =    214609.1700
                                                    Density    =         1.0191
 ------------------------------------------------------------------------------

wrapping first mol.:      -43.55700       30.79946       53.34622
wrapping first mol.:      -43.55700       30.79946       53.34622

 NSTEP =     7000   TIME(PS) =    6214.000  TEMP(K) =   303.56  PRESS =  -133.8
 Etot   =    -52400.2249  EKtot   =     13311.9785  EPtot      =    -65712.2034
 BOND   =       370.1448  ANGLE   =      1170.7970  DIHED      =      1733.7610
 1-4 NB =       503.4263  1-4 EEL =      6832.5232  VDWAALS    =      7994.5791
 EELEC  =    -84319.6350  EHBOND  =         0.0000  RESTRAINT  =         2.2002
 EAMBER (non-restraint)  =    -65714.4035
 EKCMT  =      5851.5590  VIRIAL  =      6471.7218  VOLUME     =    214699.5444
                                                    Density    =         1.0187
 ------------------------------------------------------------------------------

wrapping first mol.:      -43.55678       30.79930       53.34596
wrapping first mol.:      -43.55678       30.79930       53.34596

 NSTEP =     7500   TIME(PS) =    6215.000  TEMP(K) =   301.09  PRESS =    97.6
 Etot   =    -52316.4976  EKtot   =     13203.4102  EPtot      =    -65519.9078
 BOND   =       420.4209  ANGLE   =      1169.5701  DIHED      =      1767.2856
 1-4 NB =       498.7621  1-4 EEL =      6874.9273  VDWAALS    =      8103.8346
 EELEC  =    -84357.2218  EHBOND  =         0.0000  RESTRAINT  =         2.5135
 EAMBER (non-restraint)  =    -65522.4213
 EKCMT  =      5780.8092  VIRIAL  =      5328.5460  VOLUME     =    214691.9271
                                                    Density    =         1.0188
 ------------------------------------------------------------------------------

wrapping first mol.:      -43.56829       30.80744       53.36005
wrapping first mol.:      -43.56829       30.80744       53.36005

 NSTEP =     8000   TIME(PS) =    6216.000  TEMP(K) =   299.63  PRESS =    61.7
 Etot   =    -51924.9124  EKtot   =     13139.5547  EPtot      =    -65064.4671
 BOND   =       393.7710  ANGLE   =      1203.4551  DIHED      =      1748.0495
 1-4 NB =       493.3396  1-4 EEL =      6832.8538  VDWAALS    =      7692.6803
 EELEC  =    -83431.0666  EHBOND  =         0.0000  RESTRAINT  =         2.4502
 EAMBER (non-restraint)  =    -65066.9173
 EKCMT  =      5823.4224  VIRIAL  =      5536.9569  VOLUME     =    214862.8574
                                                    Density    =         1.0179
 ------------------------------------------------------------------------------

wrapping first mol.:      -43.55235       30.79617       53.34052
wrapping first mol.:      -43.55235       30.79617       53.34052

 NSTEP =     8500   TIME(PS) =    6217.000  TEMP(K) =   298.10  PRESS =   -76.8
 Etot   =    -52176.2282  EKtot   =     13072.3887  EPtot      =    -65248.6169
 BOND   =       435.2002  ANGLE   =      1155.2858  DIHED      =      1770.3947
 1-4 NB =       506.5076  1-4 EEL =      6867.1821  VDWAALS    =      7835.4963
 EELEC  =    -83821.0701  EHBOND  =         0.0000  RESTRAINT  =         2.3867
 EAMBER (non-restraint)  =    -65251.0036
 EKCMT  =      5761.3116  VIRIAL  =      6117.1168  VOLUME     =    214629.6830
                                                    Density    =         1.0190
 ------------------------------------------------------------------------------

wrapping first mol.:      -43.55368       30.79711       53.34216
wrapping first mol.:      -43.55368       30.79711       53.34216

 NSTEP =     9000   TIME(PS) =    6218.000  TEMP(K) =   300.66  PRESS =  -121.8
 Etot   =    -51975.7177  EKtot   =     13184.8174  EPtot      =    -65160.5351
 BOND   =       407.0018  ANGLE   =      1179.9459  DIHED      =      1762.5804
 1-4 NB =       487.9814  1-4 EEL =      6827.1071  VDWAALS    =      7716.3276
 EELEC  =    -83543.6190  EHBOND  =         0.0000  RESTRAINT  =         2.1397
 EAMBER (non-restraint)  =    -65162.6748
 EKCMT  =      5793.7907  VIRIAL  =      6358.4883  VOLUME     =    214650.2758
                                                    Density    =         1.0190
 ------------------------------------------------------------------------------

wrapping first mol.:      -43.53500       30.78390       53.31928
wrapping first mol.:      -43.53500       30.78390       53.31928

 NSTEP =     9500   TIME(PS) =    6219.000  TEMP(K) =   298.50  PRESS =   -29.3
 Etot   =    -52132.9579  EKtot   =     13089.7441  EPtot      =    -65222.7021
 BOND   =       416.6987  ANGLE   =      1160.5773  DIHED      =      1763.6847
 1-4 NB =       492.2537  1-4 EEL =      6829.0733  VDWAALS    =      7736.8541
 EELEC  =    -83624.4146  EHBOND  =         0.0000  RESTRAINT  =         2.5707
 EAMBER (non-restraint)  =    -65225.2728
 EKCMT  =      5730.4928  VIRIAL  =      5866.2792  VOLUME     =    214372.4415
                                                    Density    =         1.0203
 ------------------------------------------------------------------------------

wrapping first mol.:      -43.56801       30.80724       53.35971
wrapping first mol.:      -43.56801       30.80724       53.35971

 NSTEP =    10000   TIME(PS) =    6220.000  TEMP(K) =   300.89  PRESS =   210.4
 Etot   =    -52128.6302  EKtot   =     13194.8125  EPtot      =    -65323.4427
 BOND   =       438.4126  ANGLE   =      1172.8032  DIHED      =      1736.4751
 1-4 NB =       489.4497  1-4 EEL =      6820.8753  VDWAALS    =      7945.4148
 EELEC  =    -83928.9045  EHBOND  =         0.0000  RESTRAINT  =         2.0311
 EAMBER (non-restraint)  =    -65325.4739
 EKCMT  =      5790.4217  VIRIAL  =      4814.5454  VOLUME     =    214855.8295
                                                    Density    =         1.0180
 ------------------------------------------------------------------------------

wrapping first mol.:      -43.57190       30.80999       53.36447
wrapping first mol.:      -43.57190       30.80999       53.36447

 NSTEP =    10500   TIME(PS) =    6221.000  TEMP(K) =   300.01  PRESS =    48.8
 Etot   =    -52168.6041  EKtot   =     13155.9990  EPtot      =    -65324.6031
 BOND   =       409.4206  ANGLE   =      1172.4908  DIHED      =      1747.3016
 1-4 NB =       491.8467  1-4 EEL =      6839.3757  VDWAALS    =      7840.5335
 EELEC  =    -83827.6771  EHBOND  =         0.0000  RESTRAINT  =         2.1051
 EAMBER (non-restraint)  =    -65326.7082
 EKCMT  =      5810.5974  VIRIAL  =      5584.1984  VOLUME     =    214916.4584
                                                    Density    =         1.0177
 ------------------------------------------------------------------------------

wrapping first mol.:      -43.57370       30.81127       53.36667
wrapping first mol.:      -43.57370       30.81127       53.36667

 NSTEP =    11000   TIME(PS) =    6222.000  TEMP(K) =   302.69  PRESS =   -59.6
 Etot   =    -51998.9656  EKtot   =     13273.7207  EPtot      =    -65272.6863
 BOND   =       380.7881  ANGLE   =      1135.9836  DIHED      =      1758.3511
 1-4 NB =       511.1676  1-4 EEL =      6849.6921  VDWAALS    =      7747.8459
 EELEC  =    -83659.0300  EHBOND  =         0.0000  RESTRAINT  =         2.5152
 EAMBER (non-restraint)  =    -65275.2015
 EKCMT  =      5802.5094  VIRIAL  =      6079.3134  VOLUME     =    214945.1865
                                                    Density    =         1.0176
 ------------------------------------------------------------------------------

wrapping first mol.:      -43.57978       30.81557       53.37412
wrapping first mol.:      -43.57978       30.81557       53.37412

 NSTEP =    11500   TIME(PS) =    6223.000  TEMP(K) =   299.75  PRESS =  -196.1
 Etot   =    -52262.3446  EKtot   =     13144.8955  EPtot      =    -65407.2401
 BOND   =       398.8450  ANGLE   =      1161.3080  DIHED      =      1768.9317
 1-4 NB =       510.8683  1-4 EEL =      6844.2029  VDWAALS    =      7824.4601
 EELEC  =    -83918.2755  EHBOND  =         0.0000  RESTRAINT  =         2.4194
 EAMBER (non-restraint)  =    -65409.6595
 EKCMT  =      5801.0580  VIRIAL  =      6711.4854  VOLUME     =    215037.8326
                                                    Density    =         1.0171
 ------------------------------------------------------------------------------

wrapping first mol.:      -43.55598       30.79874       53.34497
wrapping first mol.:      -43.55598       30.79874       53.34497

 NSTEP =    12000   TIME(PS) =    6224.000  TEMP(K) =   298.82  PRESS =     9.6
 Etot   =    -52235.0334  EKtot   =     13104.0879  EPtot      =    -65339.1212
 BOND   =       443.5534  ANGLE   =      1224.4347  DIHED      =      1762.9531
 1-4 NB =       491.2775  1-4 EEL =      6857.8021  VDWAALS    =      7851.6217
 EELEC  =    -83973.3968  EHBOND  =         0.0000  RESTRAINT  =         2.6329
 EAMBER (non-restraint)  =    -65341.7541
 EKCMT  =      5722.7661  VIRIAL  =      5678.4686  VOLUME     =    214681.7612
                                                    Density    =         1.0188
 ------------------------------------------------------------------------------

wrapping first mol.:      -43.54235       30.78909       53.32827
wrapping first mol.:      -43.54235       30.78909       53.32827

 NSTEP =    12500   TIME(PS) =    6225.000  TEMP(K) =   300.19  PRESS =    -6.9
 Etot   =    -52069.4502  EKtot   =     13164.1514  EPtot      =    -65233.6015
 BOND   =       412.1880  ANGLE   =      1142.2177  DIHED      =      1761.8164
 1-4 NB =       501.3540  1-4 EEL =      6840.1116  VDWAALS    =      7871.7792
 EELEC  =    -83765.9164  EHBOND  =         0.0000  RESTRAINT  =         2.8479
 EAMBER (non-restraint)  =    -65236.4495
 EKCMT  =      5756.8444  VIRIAL  =      5789.0005  VOLUME     =    214480.4866
                                                    Density    =         1.0198
 ------------------------------------------------------------------------------

wrapping first mol.:      -43.54232       30.78907       53.32824
wrapping first mol.:      -43.54232       30.78907       53.32824

 NSTEP =    13000   TIME(PS) =    6226.000  TEMP(K) =   300.60  PRESS =   101.8
 Etot   =    -52229.4728  EKtot   =     13182.0791  EPtot      =    -65411.5519
 BOND   =       401.5157  ANGLE   =      1137.4548  DIHED      =      1743.2213
 1-4 NB =       495.4637  1-4 EEL =      6826.5264  VDWAALS    =      7746.3187
 EELEC  =    -83765.5362  EHBOND  =         0.0000  RESTRAINT  =         3.4836
 EAMBER (non-restraint)  =    -65415.0355
 EKCMT  =      5813.6371  VIRIAL  =      5342.4434  VOLUME     =    214477.9881
                                                    Density    =         1.0198
 ------------------------------------------------------------------------------

wrapping first mol.:      -43.55000       30.79451       53.33765
wrapping first mol.:      -43.55000       30.79451       53.33765

 NSTEP =    13500   TIME(PS) =    6227.000  TEMP(K) =   300.04  PRESS =   113.4
 Etot   =    -52108.4956  EKtot   =     13157.3115  EPtot      =    -65265.8071
 BOND   =       408.1888  ANGLE   =      1111.8651  DIHED      =      1769.0041
 1-4 NB =       512.1783  1-4 EEL =      6843.4861  VDWAALS    =      8003.3772
 EELEC  =    -83916.6346  EHBOND  =         0.0000  RESTRAINT  =         2.7279
 EAMBER (non-restraint)  =    -65268.5351
 EKCMT  =      5812.8967  VIRIAL  =      5287.4062  VOLUME     =    214591.3392
                                                    Density    =         1.0192
 ------------------------------------------------------------------------------

wrapping first mol.:      -43.53507       30.78395       53.31936
wrapping first mol.:      -43.53507       30.78395       53.31936

 NSTEP =    14000   TIME(PS) =    6228.000  TEMP(K) =   299.98  PRESS =   211.3
 Etot   =    -52188.2928  EKtot   =     13154.8906  EPtot      =    -65343.1834
 BOND   =       399.2891  ANGLE   =      1173.6667  DIHED      =      1742.2393
 1-4 NB =       494.0061  1-4 EEL =      6864.4651  VDWAALS    =      8040.3836
 EELEC  =    -84060.2101  EHBOND  =         0.0000  RESTRAINT  =         2.9768
 EAMBER (non-restraint)  =    -65346.1602
 EKCMT  =      5839.3679  VIRIAL  =      4861.5833  VOLUME     =    214368.7946
                                                    Density    =         1.0203
 ------------------------------------------------------------------------------

wrapping first mol.:      -43.57057       30.80905       53.36284
wrapping first mol.:      -43.57057       30.80905       53.36284

 NSTEP =    14500   TIME(PS) =    6229.000  TEMP(K) =   297.57  PRESS =   -47.2
 Etot   =    -52456.7750  EKtot   =     13049.2363  EPtot      =    -65506.0113
 BOND   =       394.0658  ANGLE   =      1184.3677  DIHED      =      1760.3884
 1-4 NB =       517.5581  1-4 EEL =      6879.3892  VDWAALS    =      7979.9851
 EELEC  =    -84225.2997  EHBOND  =         0.0000  RESTRAINT  =         3.5341
 EAMBER (non-restraint)  =    -65509.5455
 EKCMT  =      5833.1059  VIRIAL  =      6052.1315  VOLUME     =    214898.6371
                                                    Density    =         1.0178
 ------------------------------------------------------------------------------

wrapping first mol.:      -43.59522       30.82649       53.39304
wrapping first mol.:      -43.59522       30.82649       53.39304

 NSTEP =    15000   TIME(PS) =    6230.000  TEMP(K) =   301.75  PRESS =   193.2
 Etot   =    -52052.9237  EKtot   =     13232.4062  EPtot      =    -65285.3299
 BOND   =       365.6067  ANGLE   =      1189.1806  DIHED      =      1760.9469
 1-4 NB =       502.2532  1-4 EEL =      6844.4214  VDWAALS    =      8002.7589
 EELEC  =    -83953.8417  EHBOND  =         0.0000  RESTRAINT  =         3.3441
 EAMBER (non-restraint)  =    -65288.6740
 EKCMT  =      5835.2515  VIRIAL  =      4937.4286  VOLUME     =    215259.0116
                                                    Density    =         1.0161
 ------------------------------------------------------------------------------

wrapping first mol.:      -43.58509       30.81932       53.38063
wrapping first mol.:      -43.58509       30.81932       53.38063

 NSTEP =    15500   TIME(PS) =    6231.000  TEMP(K) =   302.42  PRESS =  -114.5
 Etot   =    -52254.9132  EKtot   =     13261.6309  EPtot      =    -65516.5441
 BOND   =       423.9602  ANGLE   =      1139.3252  DIHED      =      1756.8759
 1-4 NB =       498.5405  1-4 EEL =      6837.0051  VDWAALS    =      7992.0888
 EELEC  =    -84167.5475  EHBOND  =         0.0000  RESTRAINT  =         3.2076
 EAMBER (non-restraint)  =    -65519.7517
 EKCMT  =      5782.8349  VIRIAL  =      6314.7078  VOLUME     =    215114.8556
                                                    Density    =         1.0168
 ------------------------------------------------------------------------------

wrapping first mol.:      -43.58324       30.81801       53.37836
wrapping first mol.:      -43.58324       30.81801       53.37836

 NSTEP =    16000   TIME(PS) =    6232.000  TEMP(K) =   302.09  PRESS =   161.6
 Etot   =    -51852.4827  EKtot   =     13247.3330  EPtot      =    -65099.8157
 BOND   =       390.6335  ANGLE   =      1155.0177  DIHED      =      1760.0389
 1-4 NB =       504.9227  1-4 EEL =      6848.1030  VDWAALS    =      7749.7950
 EELEC  =    -83511.6977  EHBOND  =         0.0000  RESTRAINT  =         3.3712
 EAMBER (non-restraint)  =    -65103.1868
 EKCMT  =      5850.3127  VIRIAL  =      5099.7170  VOLUME     =    215082.1753
                                                    Density    =         1.0169
 ------------------------------------------------------------------------------

wrapping first mol.:      -43.58702       30.82068       53.38299
wrapping first mol.:      -43.58702       30.82068       53.38299

 NSTEP =    16500   TIME(PS) =    6233.000  TEMP(K) =   299.84  PRESS =  -102.4
 Etot   =    -52061.5226  EKtot   =     13148.8135  EPtot      =    -65210.3360
 BOND   =       400.0908  ANGLE   =      1188.5970  DIHED      =      1768.4967
 1-4 NB =       511.7506  1-4 EEL =      6872.9164  VDWAALS    =      7831.1932
 EELEC  =    -83787.1277  EHBOND  =         0.0000  RESTRAINT  =         3.7469
 EAMBER (non-restraint)  =    -65214.0830
 EKCMT  =      5878.7829  VIRIAL  =      6354.2447  VOLUME     =    215143.1807
                                                    Density    =         1.0166
 ------------------------------------------------------------------------------

wrapping first mol.:      -43.55098       30.79520       53.33884
wrapping first mol.:      -43.55098       30.79520       53.33884

 NSTEP =    17000   TIME(PS) =    6234.000  TEMP(K) =   303.56  PRESS =   103.7
 Etot   =    -52154.6971  EKtot   =     13311.7402  EPtot      =    -65466.4373
 BOND   =       409.8128  ANGLE   =      1178.8461  DIHED      =      1747.1217
 1-4 NB =       508.3129  1-4 EEL =      6829.3300  VDWAALS    =      8085.6569
 EELEC  =    -84228.9126  EHBOND  =         0.0000  RESTRAINT  =         3.3948
 EAMBER (non-restraint)  =    -65469.8322
 EKCMT  =      5839.2914  VIRIAL  =      5358.5699  VOLUME     =    214605.9364
                                                    Density    =         1.0192
 ------------------------------------------------------------------------------

wrapping first mol.:      -43.55669       30.79924       53.34584
wrapping first mol.:      -43.55669       30.79924       53.34584

 NSTEP =    17500   TIME(PS) =    6235.000  TEMP(K) =   300.30  PRESS =   -98.0
 Etot   =    -52201.7103  EKtot   =     13168.8516  EPtot      =    -65370.5618
 BOND   =       393.6158  ANGLE   =      1155.1244  DIHED      =      1762.5953
 1-4 NB =       481.3061  1-4 EEL =      6802.6397  VDWAALS    =      7841.5238
 EELEC  =    -83810.3740  EHBOND  =         0.0000  RESTRAINT  =         3.0071
 EAMBER (non-restraint)  =    -65373.5689
 EKCMT  =      5782.0772  VIRIAL  =      6236.4307  VOLUME     =    214694.2979
                                                    Density    =         1.0187
 ------------------------------------------------------------------------------

wrapping first mol.:      -43.55709       30.79952       53.34633
wrapping first mol.:      -43.55709       30.79952       53.34633

 NSTEP =    18000   TIME(PS) =    6236.000  TEMP(K) =   302.87  PRESS =    46.9
 Etot   =    -51949.5100  EKtot   =     13281.4004  EPtot      =    -65230.9104
 BOND   =       410.2049  ANGLE   =      1157.4658  DIHED      =      1783.4037
 1-4 NB =       501.6533  1-4 EEL =      6836.6794  VDWAALS    =      7926.0649
 EELEC  =    -83849.1399  EHBOND  =         0.0000  RESTRAINT  =         2.7574
 EAMBER (non-restraint)  =    -65233.6678
 EKCMT  =      5898.5397  VIRIAL  =      5681.0400  VOLUME     =    214697.4331
                                                    Density    =         1.0187
 ------------------------------------------------------------------------------

wrapping first mol.:      -43.57516       30.81230       53.36846
wrapping first mol.:      -43.57516       30.81230       53.36846

 NSTEP =    18500   TIME(PS) =    6237.000  TEMP(K) =   301.43  PRESS =   -46.5
 Etot   =    -52156.4214  EKtot   =     13218.3398  EPtot      =    -65374.7613
 BOND   =       430.8434  ANGLE   =      1140.2500  DIHED      =      1767.6660
 1-4 NB =       499.7288  1-4 EEL =      6854.5609  VDWAALS    =      7901.9906
 EELEC  =    -83972.4949  EHBOND  =         0.0000  RESTRAINT  =         2.6940
 EAMBER (non-restraint)  =    -65377.4553
 EKCMT  =      5784.0972  VIRIAL  =      6000.0381  VOLUME     =    214966.5504
                                                    Density    =         1.0175
 ------------------------------------------------------------------------------

wrapping first mol.:      -43.57636       30.81315       53.36993
wrapping first mol.:      -43.57636       30.81315       53.36993

 NSTEP =    19000   TIME(PS) =    6238.000  TEMP(K) =   304.79  PRESS =   -12.5
 Etot   =    -52061.5104  EKtot   =     13365.7686  EPtot      =    -65427.2789
 BOND   =       400.3566  ANGLE   =      1121.4073  DIHED      =      1760.9144
 1-4 NB =       507.9229  1-4 EEL =      6835.1692  VDWAALS    =      7942.9809
 EELEC  =    -83998.1754  EHBOND  =         0.0000  RESTRAINT  =         2.1451
 EAMBER (non-restraint)  =    -65429.4240
 EKCMT  =      5827.7316  VIRIAL  =      5885.6072  VOLUME     =    214983.6386
                                                    Density    =         1.0174
 ------------------------------------------------------------------------------

wrapping first mol.:      -43.58093       30.81638       53.37553
wrapping first mol.:      -43.58093       30.81638       53.37553

 NSTEP =    19500   TIME(PS) =    6239.000  TEMP(K) =   299.66  PRESS =   -20.9
 Etot   =    -52133.0168  EKtot   =     13140.7676  EPtot      =    -65273.7844
 BOND   =       391.4601  ANGLE   =      1178.3211  DIHED      =      1770.3878
 1-4 NB =       505.5994  1-4 EEL =      6827.9078  VDWAALS    =      7930.5093
 EELEC  =    -83880.1526  EHBOND  =         0.0000  RESTRAINT  =         2.1827
 EAMBER (non-restraint)  =    -65275.9672
 EKCMT  =      5780.4629  VIRIAL  =      5877.3590  VOLUME     =    215051.4509
                                                    Density    =         1.0171
 ------------------------------------------------------------------------------

wrapping first mol.:      -43.56206       30.80304       53.35242
wrapping first mol.:      -43.56206       30.80304       53.35242

 NSTEP =    20000   TIME(PS) =    6240.000  TEMP(K) =   295.21  PRESS =  -220.3
 Etot   =    -52346.3689  EKtot   =     12945.8008  EPtot      =    -65292.1697
 BOND   =       420.8227  ANGLE   =      1171.0331  DIHED      =      1753.4093
 1-4 NB =       490.6971  1-4 EEL =      6839.3050  VDWAALS    =      7823.8027
 EELEC  =    -83793.5566  EHBOND  =         0.0000  RESTRAINT  =         2.3171
 EAMBER (non-restraint)  =    -65294.4868
 EKCMT  =      5592.9741  VIRIAL  =      6614.4365  VOLUME     =    214776.0742
                                                    Density    =         1.0184
 ------------------------------------------------------------------------------

wrapping first mol.:      -43.55540       30.79833       53.34426
wrapping first mol.:      -43.55540       30.79833       53.34426

 NSTEP =    20500   TIME(PS) =    6241.000  TEMP(K) =   299.64  PRESS =  -141.3
 Etot   =    -52111.7027  EKtot   =     13139.7900  EPtot      =    -65251.4927
 BOND   =       414.1791  ANGLE   =      1132.7140  DIHED      =      1770.3691
 1-4 NB =       516.1996  1-4 EEL =      6898.5708  VDWAALS    =      7859.1144
 EELEC  =    -83845.1315  EHBOND  =         0.0000  RESTRAINT  =         2.4918
 EAMBER (non-restraint)  =    -65253.9845
 EKCMT  =      5769.9832  VIRIAL  =      6425.0200  VOLUME     =    214676.0254
                                                    Density    =         1.0188
 ------------------------------------------------------------------------------

wrapping first mol.:      -43.54689       30.79230       53.33383
wrapping first mol.:      -43.54689       30.79230       53.33383

 NSTEP =    21000   TIME(PS) =    6242.000  TEMP(K) =   300.09  PRESS =  -235.4
 Etot   =    -52073.0124  EKtot   =     13159.5127  EPtot      =    -65232.5251
 BOND   =       416.7945  ANGLE   =      1213.7612  DIHED      =      1759.6673
 1-4 NB =       501.6698  1-4 EEL =      6828.3751  VDWAALS    =      7894.3695
 EELEC  =    -83849.4576  EHBOND  =         0.0000  RESTRAINT  =         2.2952
 EAMBER (non-restraint)  =    -65234.8203
 EKCMT  =      5818.7332  VIRIAL  =      6909.3883  VOLUME     =    214551.9506
                                                    Density    =         1.0194
 ------------------------------------------------------------------------------

wrapping first mol.:      -43.53358       30.78290       53.31754
wrapping first mol.:      -43.53358       30.78290       53.31754

 NSTEP =    21500   TIME(PS) =    6243.000  TEMP(K) =   297.90  PRESS =   252.7
 Etot   =    -52045.5955  EKtot   =     13063.6230  EPtot      =    -65109.2185
 BOND   =       413.0675  ANGLE   =      1215.7777  DIHED      =      1786.9459
 1-4 NB =       498.7531  1-4 EEL =      6865.3189  VDWAALS    =      8087.5027
 EELEC  =    -83978.9665  EHBOND  =         0.0000  RESTRAINT  =         2.3822
 EAMBER (non-restraint)  =    -65111.6007
 EKCMT  =      5760.7302  VIRIAL  =      4591.0862  VOLUME     =    214346.0860
                                                    Density    =         1.0204
 ------------------------------------------------------------------------------

wrapping first mol.:      -43.54368       30.79004       53.32990
wrapping first mol.:      -43.54368       30.79004       53.32990

 NSTEP =    22000   TIME(PS) =    6244.000  TEMP(K) =   298.89  PRESS =  -218.2
 Etot   =    -52113.8522  EKtot   =     13106.9873  EPtot      =    -65220.8395
 BOND   =       426.2097  ANGLE   =      1131.7183  DIHED      =      1768.6819
 1-4 NB =       509.2277  1-4 EEL =      6843.3739  VDWAALS    =      7880.4979
 EELEC  =    -83783.1719  EHBOND  =         0.0000  RESTRAINT  =         2.6230
 EAMBER (non-restraint)  =    -65223.4625
 EKCMT  =      5823.0541  VIRIAL  =      6833.8115  VOLUME     =    214504.2388
                                                    Density    =         1.0196
 ------------------------------------------------------------------------------

wrapping first mol.:      -43.56585       30.80572       53.35706
wrapping first mol.:      -43.56585       30.80572       53.35706

 NSTEP =    22500   TIME(PS) =    6245.000  TEMP(K) =   299.05  PRESS =   -63.7
 Etot   =    -52129.3227  EKtot   =     13113.8350  EPtot      =    -65243.1576
 BOND   =       416.5019  ANGLE   =      1164.9746  DIHED      =      1768.9383
 1-4 NB =       494.3123  1-4 EEL =      6856.1716  VDWAALS    =      7882.6086
 EELEC  =    -83829.5998  EHBOND  =         0.0000  RESTRAINT  =         2.9349
 EAMBER (non-restraint)  =    -65246.0925
 EKCMT  =      5786.1345  VIRIAL  =      6081.4468  VOLUME     =    214829.1553
                                                    Density    =         1.0181
 ------------------------------------------------------------------------------

wrapping first mol.:      -43.54825       30.79327       53.33550
wrapping first mol.:      -43.54825       30.79327       53.33550

 NSTEP =    23000   TIME(PS) =    6246.000  TEMP(K) =   298.14  PRESS =  -207.2
 Etot   =    -52262.9546  EKtot   =     13074.0576  EPtot      =    -65337.0122
 BOND   =       415.5671  ANGLE   =      1122.5476  DIHED      =      1758.2784
 1-4 NB =       517.9706  1-4 EEL =      6865.9388  VDWAALS    =      7811.0411
 EELEC  =    -83831.4268  EHBOND  =         0.0000  RESTRAINT  =         3.0710
 EAMBER (non-restraint)  =    -65340.0832
 EKCMT  =      5759.9325  VIRIAL  =      6719.6625  VOLUME     =    214571.5887
                                                    Density    =         1.0193
 ------------------------------------------------------------------------------

wrapping first mol.:      -43.50322       30.76143       53.28036
wrapping first mol.:      -43.50322       30.76143       53.28036

 NSTEP =    23500   TIME(PS) =    6247.000  TEMP(K) =   303.90  PRESS =  -116.5
 Etot   =    -52191.8139  EKtot   =     13326.5195  EPtot      =    -65518.3334
 BOND   =       392.7554  ANGLE   =      1162.6446  DIHED      =      1776.8326
 1-4 NB =       498.5331  1-4 EEL =      6831.7156  VDWAALS    =      7843.0970
 EELEC  =    -84027.0905  EHBOND  =         0.0000  RESTRAINT  =         3.1788
 EAMBER (non-restraint)  =    -65521.5122
 EKCMT  =      5887.4087  VIRIAL  =      6425.5965  VOLUME     =    213904.9705
                                                    Density    =         1.0225
 ------------------------------------------------------------------------------

wrapping first mol.:      -43.50055       30.75954       53.27709
wrapping first mol.:      -43.50055       30.75954       53.27709

 NSTEP =    24000   TIME(PS) =    6248.000  TEMP(K) =   303.32  PRESS =    15.9
 Etot   =    -51976.1271  EKtot   =     13301.2998  EPtot      =    -65277.4269
 BOND   =       412.3050  ANGLE   =      1130.1565  DIHED      =      1778.3096
 1-4 NB =       495.5802  1-4 EEL =      6855.8368  VDWAALS    =      7863.3111
 EELEC  =    -83815.9711  EHBOND  =         0.0000  RESTRAINT  =         3.0449
 EAMBER (non-restraint)  =    -65280.4718
 EKCMT  =      5833.6120  VIRIAL  =      5760.4176  VOLUME     =    213863.0800
                                                    Density    =         1.0227
 ------------------------------------------------------------------------------

wrapping first mol.:      -43.51462       30.76949       53.29431
wrapping first mol.:      -43.51462       30.76949       53.29431

 NSTEP =    24500   TIME(PS) =    6249.000  TEMP(K) =   300.38  PRESS =    -0.6
 Etot   =    -52172.5532  EKtot   =     13172.5625  EPtot      =    -65345.1157
 BOND   =       380.7543  ANGLE   =      1178.6952  DIHED      =      1751.0008
 1-4 NB =       513.5593  1-4 EEL =      6835.7628  VDWAALS    =      7919.9708
 EELEC  =    -83927.7762  EHBOND  =         0.0000  RESTRAINT  =         2.9173
 EAMBER (non-restraint)  =    -65348.0329
 EKCMT  =      5810.6699  VIRIAL  =      5813.5319  VOLUME     =    214070.8547
                                                    Density    =         1.0217
 ------------------------------------------------------------------------------

wrapping first mol.:      -43.50795       30.76478       53.28615
wrapping first mol.:      -43.50795       30.76478       53.28615

 NSTEP =    25000   TIME(PS) =    6250.000  TEMP(K) =   299.92  PRESS =    42.9
 Etot   =    -52256.6333  EKtot   =     13152.0361  EPtot      =    -65408.6694
 BOND   =       369.0808  ANGLE   =      1151.6653  DIHED      =      1749.7025
 1-4 NB =       503.8338  1-4 EEL =      6859.6213  VDWAALS    =      7921.3896
 EELEC  =    -83967.0311  EHBOND  =         0.0000  RESTRAINT  =         3.0682
 EAMBER (non-restraint)  =    -65411.7376
 EKCMT  =      5772.4754  VIRIAL  =      5574.1300  VOLUME     =    213971.7113
                                                    Density    =         1.0222
 ------------------------------------------------------------------------------

wrapping first mol.:      -43.54287       30.78946       53.32891
wrapping first mol.:      -43.54287       30.78946       53.32891

 NSTEP =    25500   TIME(PS) =    6251.000  TEMP(K) =   300.22  PRESS =   130.3
 Etot   =    -52093.0972  EKtot   =     13165.3330  EPtot      =    -65258.4302
 BOND   =       412.1232  ANGLE   =      1127.0473  DIHED      =      1764.4532
 1-4 NB =       506.8497  1-4 EEL =      6845.1223  VDWAALS    =      8006.4221
 EELEC  =    -83923.0879  EHBOND  =         0.0000  RESTRAINT  =         2.6398
 EAMBER (non-restraint)  =    -65261.0700
 EKCMT  =      5768.6793  VIRIAL  =      5165.0959  VOLUME     =    214485.5720
                                                    Density    =         1.0197
 ------------------------------------------------------------------------------

wrapping first mol.:      -43.56461       30.80484       53.35555
wrapping first mol.:      -43.56461       30.80484       53.35555

 NSTEP =    26000   TIME(PS) =    6252.000  TEMP(K) =   297.80  PRESS =  -301.5
 Etot   =    -52463.3677  EKtot   =     13059.1543  EPtot      =    -65522.5220
 BOND   =       397.8795  ANGLE   =      1118.0537  DIHED      =      1763.3777
 1-4 NB =       508.4695  1-4 EEL =      6864.9925  VDWAALS    =      7812.1896
 EELEC  =    -83990.1715  EHBOND  =         0.0000  RESTRAINT  =         2.6870
 EAMBER (non-restraint)  =    -65525.2089
 EKCMT  =      5743.1590  VIRIAL  =      7141.7346  VOLUME     =    214815.3751
                                                    Density    =         1.0182
 ------------------------------------------------------------------------------

wrapping first mol.:      -43.55414       30.79743       53.34271
wrapping first mol.:      -43.55414       30.79743       53.34271

 NSTEP =    26500   TIME(PS) =    6253.000  TEMP(K) =   302.31  PRESS =    64.1
 Etot   =    -52063.5244  EKtot   =     13257.0137  EPtot      =    -65320.5380
 BOND   =       386.7333  ANGLE   =      1122.7457  DIHED      =      1788.8903
 1-4 NB =       502.1908  1-4 EEL =      6817.0293  VDWAALS    =      7880.2631
 EELEC  =    -83821.6157  EHBOND  =         0.0000  RESTRAINT  =         3.2250
 EAMBER (non-restraint)  =    -65323.7631
 EKCMT  =      5824.0221  VIRIAL  =      5527.1093  VOLUME     =    214653.4249
                                                    Density    =         1.0189
 ------------------------------------------------------------------------------

wrapping first mol.:      -43.56804       30.80726       53.35974
wrapping first mol.:      -43.56804       30.80726       53.35974

 NSTEP =    27000   TIME(PS) =    6254.000  TEMP(K) =   305.49  PRESS =    29.9
 Etot   =    -51884.9369  EKtot   =     13396.5215  EPtot      =    -65281.4584
 BOND   =       394.0822  ANGLE   =      1172.4453  DIHED      =      1763.4851
 1-4 NB =       507.2499  1-4 EEL =      6808.0856  VDWAALS    =      7894.1548
 EELEC  =    -83825.0298  EHBOND  =         0.0000  RESTRAINT  =         4.0686
 EAMBER (non-restraint)  =    -65285.5269
 EKCMT  =      5913.9030  VIRIAL  =      5775.0065  VOLUME     =    214859.7354
                                                    Density    =         1.0180
 ------------------------------------------------------------------------------

wrapping first mol.:      -43.54084       30.78803       53.32643
wrapping first mol.:      -43.54084       30.78803       53.32643

 NSTEP =    27500   TIME(PS) =    6255.000  TEMP(K) =   299.30  PRESS =   -88.2
 Etot   =    -52242.8432  EKtot   =     13125.1104  EPtot      =    -65367.9536
 BOND   =       416.7038  ANGLE   =      1139.6793  DIHED      =      1766.7368
 1-4 NB =       507.4227  1-4 EEL =      6852.4746  VDWAALS    =      7756.6205
 EELEC  =    -83811.3886  EHBOND  =         0.0000  RESTRAINT  =         3.7974
 EAMBER (non-restraint)  =    -65371.7509
 EKCMT  =      5805.2292  VIRIAL  =      6213.5522  VOLUME     =    214459.8459
                                                    Density    =         1.0199
 ------------------------------------------------------------------------------

wrapping first mol.:      -43.54123       30.78830       53.32690
wrapping first mol.:      -43.54123       30.78830       53.32690

 NSTEP =    28000   TIME(PS) =    6256.000  TEMP(K) =   299.63  PRESS =  -229.2
 Etot   =    -51948.3461  EKtot   =     13139.6094  EPtot      =    -65087.9554
 BOND   =       416.4472  ANGLE   =      1156.3184  DIHED      =      1742.8063
 1-4 NB =       504.9287  1-4 EEL =      6857.1540  VDWAALS    =      7808.1730
 EELEC  =    -83577.0393  EHBOND  =         0.0000  RESTRAINT  =         3.2562
 EAMBER (non-restraint)  =    -65091.2116
 EKCMT  =      5777.2804  VIRIAL  =      6838.5345  VOLUME     =    214468.2341
                                                    Density    =         1.0198
 ------------------------------------------------------------------------------

wrapping first mol.:      -43.55687       30.79937       53.34607
wrapping first mol.:      -43.55687       30.79937       53.34607

 NSTEP =    28500   TIME(PS) =    6257.000  TEMP(K) =   299.58  PRESS =   -34.4
 Etot   =    -52094.5351  EKtot   =     13137.0869  EPtot      =    -65231.6220
 BOND   =       401.4993  ANGLE   =      1157.9840  DIHED      =      1749.9567
 1-4 NB =       505.1584  1-4 EEL =      6852.3295  VDWAALS    =      7906.5762
 EELEC  =    -83808.5159  EHBOND  =         0.0000  RESTRAINT  =         3.3898
 EAMBER (non-restraint)  =    -65235.0118
 EKCMT  =      5801.7126  VIRIAL  =      5961.3676  VOLUME     =    214695.7798
                                                    Density    =         1.0187
 ------------------------------------------------------------------------------

wrapping first mol.:      -43.57152       30.80972       53.36400
wrapping first mol.:      -43.57152       30.80972       53.36400

 NSTEP =    29000   TIME(PS) =    6258.000  TEMP(K) =   299.87  PRESS =     4.1
 Etot   =    -52154.2970  EKtot   =     13149.8359  EPtot      =    -65304.1329
 BOND   =       403.1297  ANGLE   =      1162.6316  DIHED      =      1761.2660
 1-4 NB =       496.7123  1-4 EEL =      6818.5127  VDWAALS    =      7972.1912
 EELEC  =    -83921.9519  EHBOND  =         0.0000  RESTRAINT  =         3.3755
 EAMBER (non-restraint)  =    -65307.5084
 EKCMT  =      5796.5655  VIRIAL  =      5777.3387  VOLUME     =    214911.6893
                                                    Density    =         1.0177
 ------------------------------------------------------------------------------

wrapping first mol.:      -43.54429       30.79047       53.33065
wrapping first mol.:      -43.54429       30.79047       53.33065

 NSTEP =    29500   TIME(PS) =    6259.000  TEMP(K) =   301.54  PRESS =   124.9
 Etot   =    -52057.3061  EKtot   =     13223.3105  EPtot      =    -65280.6166
 BOND   =       417.2604  ANGLE   =      1136.8108  DIHED      =      1751.2221
 1-4 NB =       502.6002  1-4 EEL =      6840.7148  VDWAALS    =      7910.9646
 EELEC  =    -83843.7575  EHBOND  =         0.0000  RESTRAINT  =         3.5680
 EAMBER (non-restraint)  =    -65284.1846
 EKCMT  =      5807.7469  VIRIAL  =      5229.4121  VOLUME     =    214506.6257
                                                    Density    =         1.0196
 ------------------------------------------------------------------------------

wrapping first mol.:      -43.56125       30.80246       53.35142
wrapping first mol.:      -43.56125       30.80246       53.35142

 NSTEP =    30000   TIME(PS) =    6260.000  TEMP(K) =   298.71  PRESS =    75.8
 Etot   =    -52080.1024  EKtot   =     13099.1064  EPtot      =    -65179.2088
 BOND   =       433.9749  ANGLE   =      1132.1409  DIHED      =      1754.3086
 1-4 NB =       516.8325  1-4 EEL =      6871.5058  VDWAALS    =      7860.7207
 EELEC  =    -83752.6627  EHBOND  =         0.0000  RESTRAINT  =         3.9705
 EAMBER (non-restraint)  =    -65183.1794
 EKCMT  =      5744.1270  VIRIAL  =      5392.5999  VOLUME     =    214758.3191
                                                    Density    =         1.0184
 ------------------------------------------------------------------------------

wrapping first mol.:      -43.55973       30.80139       53.34956
wrapping first mol.:      -43.55973       30.80139       53.34956

 NSTEP =    30500   TIME(PS) =    6261.000  TEMP(K) =   300.21  PRESS =    -8.5
 Etot   =    -52042.9304  EKtot   =     13164.7168  EPtot      =    -65207.6472
 BOND   =       385.6772  ANGLE   =      1150.7288  DIHED      =      1757.6827
 1-4 NB =       503.6214  1-4 EEL =      6840.7982  VDWAALS    =      8011.7217
 EELEC  =    -83861.7998  EHBOND  =         0.0000  RESTRAINT  =         3.9225
 EAMBER (non-restraint)  =    -65211.5697
 EKCMT  =      5812.2800  VIRIAL  =      5851.7156  VOLUME     =    214737.5388
                                                    Density    =         1.0185
 ------------------------------------------------------------------------------

wrapping first mol.:      -43.57428       30.81168       53.36739
wrapping first mol.:      -43.57428       30.81168       53.36739

 NSTEP =    31000   TIME(PS) =    6262.000  TEMP(K) =   300.30  PRESS =   232.6
 Etot   =    -51968.9310  EKtot   =     13168.8906  EPtot      =    -65137.8216
 BOND   =       413.9922  ANGLE   =      1161.5952  DIHED      =      1727.1388
 1-4 NB =       521.6274  1-4 EEL =      6828.8470  VDWAALS    =      7857.0304
 EELEC  =    -83651.4147  EHBOND  =         0.0000  RESTRAINT  =         3.3620
 EAMBER (non-restraint)  =    -65141.1836
 EKCMT  =      5838.4373  VIRIAL  =      4758.9729  VOLUME     =    214948.2016
                                                    Density    =         1.0175
 ------------------------------------------------------------------------------

wrapping first mol.:      -43.58258       30.81754       53.37754
wrapping first mol.:      -43.58258       30.81754       53.37754

 NSTEP =    31500   TIME(PS) =    6263.000  TEMP(K) =   300.41  PRESS =    59.6
 Etot   =    -52112.4674  EKtot   =     13173.6953  EPtot      =    -65286.1627
 BOND   =       417.7611  ANGLE   =      1124.1092  DIHED      =      1762.4005
 1-4 NB =       503.8339  1-4 EEL =      6860.1393  VDWAALS    =      7912.4861
 EELEC  =    -83869.9389  EHBOND  =         0.0000  RESTRAINT  =         3.0461
 EAMBER (non-restraint)  =    -65289.2088
 EKCMT  =      5790.9154  VIRIAL  =      5514.1212  VOLUME     =    215074.2568
                                                    Density    =         1.0169
 ------------------------------------------------------------------------------

wrapping first mol.:      -43.58549       30.81960       53.38112
wrapping first mol.:      -43.58549       30.81960       53.38112

 NSTEP =    32000   TIME(PS) =    6264.000  TEMP(K) =   301.87  PRESS =    46.7
 Etot   =    -51921.0093  EKtot   =     13237.6904  EPtot      =    -65158.6998
 BOND   =       387.1797  ANGLE   =      1149.3677  DIHED      =      1776.4488
 1-4 NB =       494.1821  1-4 EEL =      6812.6793  VDWAALS    =      7785.3798
 EELEC  =    -83567.4237  EHBOND  =         0.0000  RESTRAINT  =         3.4866
 EAMBER (non-restraint)  =    -65162.1863
 EKCMT  =      5805.0523  VIRIAL  =      5588.0326  VOLUME     =    215117.6934
                                                    Density    =         1.0167
 ------------------------------------------------------------------------------

wrapping first mol.:      -43.59064       30.82325       53.38742
wrapping first mol.:      -43.59064       30.82325       53.38742

 NSTEP =    32500   TIME(PS) =    6265.000  TEMP(K) =   301.63  PRESS =    56.8
 Etot   =    -51951.7990  EKtot   =     13227.0449  EPtot      =    -65178.8439
 BOND   =       416.6528  ANGLE   =      1185.9343  DIHED      =      1766.7861
 1-4 NB =       491.4018  1-4 EEL =      6814.2917  VDWAALS    =      7809.4790
 EELEC  =    -83666.5675  EHBOND  =         0.0000  RESTRAINT  =         3.1779
 EAMBER (non-restraint)  =    -65182.0218
 EKCMT  =      5850.7919  VIRIAL  =      5586.8731  VOLUME     =    215193.7543
                                                    Density    =         1.0164
 ------------------------------------------------------------------------------

wrapping first mol.:      -43.55684       30.79934       53.34602
wrapping first mol.:      -43.55684       30.79934       53.34602

 NSTEP =    33000   TIME(PS) =    6266.000  TEMP(K) =   299.51  PRESS =    21.6
 Etot   =    -52261.8624  EKtot   =     13134.0498  EPtot      =    -65395.9122
 BOND   =       399.0875  ANGLE   =      1167.7344  DIHED      =      1767.5799
 1-4 NB =       506.0090  1-4 EEL =      6827.3687  VDWAALS    =      7914.7826
 EELEC  =    -83982.5427  EHBOND  =         0.0000  RESTRAINT  =         4.0685
 EAMBER (non-restraint)  =    -65399.9807
 EKCMT  =      5754.3141  VIRIAL  =      5654.0243  VOLUME     =    214694.1628
                                                    Density    =         1.0187
 ------------------------------------------------------------------------------

wrapping first mol.:      -43.56817       30.80736       53.35990
wrapping first mol.:      -43.56817       30.80736       53.35990

 NSTEP =    33500   TIME(PS) =    6267.000  TEMP(K) =   301.23  PRESS =    55.8
 Etot   =    -51917.9895  EKtot   =     13209.5635  EPtot      =    -65127.5530
 BOND   =       435.7988  ANGLE   =      1200.5171  DIHED      =      1769.8786
 1-4 NB =       509.2497  1-4 EEL =      6866.3566  VDWAALS    =      7703.3939
 EELEC  =    -83617.5110  EHBOND  =         0.0000  RESTRAINT  =         4.7633
 EAMBER (non-restraint)  =    -65132.3163
 EKCMT  =      5849.0448  VIRIAL  =      5590.2326  VOLUME     =    214861.1902
                                                    Density    =         1.0180
 ------------------------------------------------------------------------------

wrapping first mol.:      -43.57766       30.81407       53.37153
wrapping first mol.:      -43.57766       30.81407       53.37153

 NSTEP =    34000   TIME(PS) =    6268.000  TEMP(K) =   296.85  PRESS =     4.5
 Etot   =    -52529.5414  EKtot   =     13017.4395  EPtot      =    -65546.9808
 BOND   =       408.2611  ANGLE   =      1156.3490  DIHED      =      1770.4522
 1-4 NB =       505.1067  1-4 EEL =      6838.5708  VDWAALS    =      7935.7310
 EELEC  =    -84165.6781  EHBOND  =         0.0000  RESTRAINT  =         4.2265
 EAMBER (non-restraint)  =    -65551.2073
 EKCMT  =      5744.5650  VIRIAL  =      5723.8864  VOLUME     =    215002.6040
                                                    Density    =         1.0173
 ------------------------------------------------------------------------------

wrapping first mol.:      -43.56367       30.80417       53.35439
wrapping first mol.:      -43.56367       30.80417       53.35439

 NSTEP =    34500   TIME(PS) =    6269.000  TEMP(K) =   298.34  PRESS =  -189.5
 Etot   =    -52283.8269  EKtot   =     13082.7061  EPtot      =    -65366.5330
 BOND   =       398.2140  ANGLE   =      1159.2186  DIHED      =      1759.4633
 1-4 NB =       516.1222  1-4 EEL =      6854.3268  VDWAALS    =      7927.0123
 EELEC  =    -83984.6358  EHBOND  =         0.0000  RESTRAINT  =         3.7456
 EAMBER (non-restraint)  =    -65370.2786
 EKCMT  =      5772.7003  VIRIAL  =      6651.6416  VOLUME     =    214799.2494
                                                    Density    =         1.0182
 ------------------------------------------------------------------------------

wrapping first mol.:      -43.57122       30.80951       53.36363
wrapping first mol.:      -43.57122       30.80951       53.36363

 NSTEP =    35000   TIME(PS) =    6270.000  TEMP(K) =   299.91  PRESS =   -59.4
 Etot   =    -52180.9455  EKtot   =     13151.9307  EPtot      =    -65332.8762
 BOND   =       406.7084  ANGLE   =      1150.9947  DIHED      =      1767.1391
 1-4 NB =       515.6433  1-4 EEL =      6878.6642  VDWAALS    =      7933.7949
 EELEC  =    -83989.9838  EHBOND  =         0.0000  RESTRAINT  =         4.1631
 EAMBER (non-restraint)  =    -65337.0393
 EKCMT  =      5784.8582  VIRIAL  =      6060.4435  VOLUME     =    214908.4285
                                                    Density    =         1.0177
 ------------------------------------------------------------------------------

wrapping first mol.:      -43.60829       30.83572       53.40904
wrapping first mol.:      -43.60829       30.83572       53.40904

 NSTEP =    35500   TIME(PS) =    6271.000  TEMP(K) =   300.58  PRESS =   -74.3
 Etot   =    -52049.8528  EKtot   =     13181.1338  EPtot      =    -65230.9866
 BOND   =       428.0329  ANGLE   =      1147.3172  DIHED      =      1773.3145
 1-4 NB =       495.6505  1-4 EEL =      6799.0946  VDWAALS    =      7779.1664
 EELEC  =    -83657.8169  EHBOND  =         0.0000  RESTRAINT  =         4.2543
 EAMBER (non-restraint)  =    -65235.2409
 EKCMT  =      5828.0770  VIRIAL  =      6173.8062  VOLUME     =    215457.7353
                                                    Density    =         1.0151
 ------------------------------------------------------------------------------

wrapping first mol.:      -43.61392       30.83971       53.41593
wrapping first mol.:      -43.61392       30.83971       53.41593

 NSTEP =    36000   TIME(PS) =    6272.000  TEMP(K) =   302.99  PRESS =   100.9
 Etot   =    -51815.4514  EKtot   =     13287.0264  EPtot      =    -65102.4778
 BOND   =       418.7710  ANGLE   =      1124.8307  DIHED      =      1753.7364
 1-4 NB =       521.4271  1-4 EEL =      6860.5750  VDWAALS    =      8128.3073
 EELEC  =    -83914.3550  EHBOND  =         0.0000  RESTRAINT  =         4.2297
 EAMBER (non-restraint)  =    -65106.7075
 EKCMT  =      5799.9446  VIRIAL  =      5330.3046  VOLUME     =    215537.8388
                                                    Density    =         1.0148
 ------------------------------------------------------------------------------

wrapping first mol.:      -43.60025       30.83004       53.39919
wrapping first mol.:      -43.60025       30.83004       53.39919

 NSTEP =    36500   TIME(PS) =    6273.000  TEMP(K) =   296.05  PRESS =  -190.0
 Etot   =    -52230.2885  EKtot   =     12982.4609  EPtot      =    -65212.7494
 BOND   =       424.1022  ANGLE   =      1214.8765  DIHED      =      1773.7246
 1-4 NB =       490.6715  1-4 EEL =      6794.5774  VDWAALS    =      7764.9233
 EELEC  =    -83679.6321  EHBOND  =         0.0000  RESTRAINT  =         4.0074
 EAMBER (non-restraint)  =    -65216.7568
 EKCMT  =      5695.1381  VIRIAL  =      6578.7187  VOLUME     =    215340.8301
                                                    Density    =         1.0157
 ------------------------------------------------------------------------------

wrapping first mol.:      -43.58261       30.81757       53.37759
wrapping first mol.:      -43.58261       30.81757       53.37759

 NSTEP =    37000   TIME(PS) =    6274.000  TEMP(K) =   298.53  PRESS =   -41.0
 Etot   =    -52229.0878  EKtot   =     13091.0361  EPtot      =    -65320.1240
 BOND   =       399.6348  ANGLE   =      1183.0481  DIHED      =      1778.4745
 1-4 NB =       478.7718  1-4 EEL =      6803.2009  VDWAALS    =      7920.1698
 EELEC  =    -83887.5245  EHBOND  =         0.0000  RESTRAINT  =         4.1007
 EAMBER (non-restraint)  =    -65324.2247
 EKCMT  =      5861.7496  VIRIAL  =      6052.3475  VOLUME     =    215076.6950
                                                    Density    =         1.0169
 ------------------------------------------------------------------------------

wrapping first mol.:      -43.58274       30.81766       53.37775
wrapping first mol.:      -43.58274       30.81766       53.37775

 NSTEP =    37500   TIME(PS) =    6275.000  TEMP(K) =   300.68  PRESS =   135.5
 Etot   =    -52036.2569  EKtot   =     13185.4404  EPtot      =    -65221.6973
 BOND   =       407.0486  ANGLE   =      1147.6621  DIHED      =      1777.2113
 1-4 NB =       510.3391  1-4 EEL =      6881.8730  VDWAALS    =      7872.4797
 EELEC  =    -83822.2511  EHBOND  =         0.0000  RESTRAINT  =         3.9399
 EAMBER (non-restraint)  =    -65225.6372
 EKCMT  =      5851.5230  VIRIAL  =      5222.2584  VOLUME     =    215075.2438
                                                    Density    =         1.0169
 ------------------------------------------------------------------------------

wrapping first mol.:      -43.58169       30.81692       53.37646
wrapping first mol.:      -43.58169       30.81692       53.37646

 NSTEP =    38000   TIME(PS) =    6276.000  TEMP(K) =   301.15  PRESS =  -501.2
 Etot   =    -51946.0370  EKtot   =     13206.2959  EPtot      =    -65152.3329
 BOND   =       429.2811  ANGLE   =      1202.4772  DIHED      =      1745.2577
 1-4 NB =       504.3973  1-4 EEL =      6864.5294  VDWAALS    =      7515.7060
 EELEC  =    -83417.9065  EHBOND  =         0.0000  RESTRAINT  =         3.9248
 EAMBER (non-restraint)  =    -65156.2577
 EKCMT  =      5769.1637  VIRIAL  =      8096.5965  VOLUME     =    215071.9513
                                                    Density    =         1.0170
 ------------------------------------------------------------------------------

wrapping first mol.:      -43.57895       30.81498       53.37310
wrapping first mol.:      -43.57895       30.81498       53.37310

 NSTEP =    38500   TIME(PS) =    6277.000  TEMP(K) =   300.23  PRESS =    31.5
 Etot   =    -52025.5628  EKtot   =     13165.9834  EPtot      =    -65191.5462
 BOND   =       439.0972  ANGLE   =      1163.9629  DIHED      =      1749.7008
 1-4 NB =       503.9276  1-4 EEL =      6834.3223  VDWAALS    =      7755.5955
 EELEC  =    -83641.6051  EHBOND  =         0.0000  RESTRAINT  =         3.4526
 EAMBER (non-restraint)  =    -65194.9987
 EKCMT  =      5822.2436  VIRIAL  =      5675.7843  VOLUME     =    215021.1369
                                                    Density    =         1.0172
 ------------------------------------------------------------------------------

wrapping first mol.:      -43.55683       30.79934       53.34601
wrapping first mol.:      -43.55683       30.79934       53.34601

 NSTEP =    39000   TIME(PS) =    6278.000  TEMP(K) =   299.20  PRESS =  -249.2
 Etot   =    -51927.6600  EKtot   =     13120.5078  EPtot      =    -65048.1678
 BOND   =       421.7337  ANGLE   =      1140.8535  DIHED      =      1756.7088
 1-4 NB =       504.0441  1-4 EEL =      6857.4876  VDWAALS    =      7589.7057
 EELEC  =    -83322.5481  EHBOND  =         0.0000  RESTRAINT  =         3.8470
 EAMBER (non-restraint)  =    -65052.0148
 EKCMT  =      5722.7121  VIRIAL  =      6877.7321  VOLUME     =    214699.2567
                                                    Density    =         1.0187
 ------------------------------------------------------------------------------

wrapping first mol.:      -43.51800       30.77188       53.29846
wrapping first mol.:      -43.51800       30.77188       53.29846

 NSTEP =    39500   TIME(PS) =    6279.000  TEMP(K) =   299.34  PRESS =   138.8
 Etot   =    -52283.7208  EKtot   =     13126.6953  EPtot      =    -65410.4161
 BOND   =       407.2545  ANGLE   =      1179.8218  DIHED      =      1743.6792
 1-4 NB =       496.3956  1-4 EEL =      6841.2274  VDWAALS    =      7834.9452
 EELEC  =    -83917.8529  EHBOND  =         0.0000  RESTRAINT  =         4.1129
 EAMBER (non-restraint)  =    -65414.5291
 EKCMT  =      5756.0071  VIRIAL  =      5114.1199  VOLUME     =    214118.2027
                                                    Density    =         1.0215
 ------------------------------------------------------------------------------

wrapping first mol.:      -43.51209       30.76770       53.29121
wrapping first mol.:      -43.51209       30.76770       53.29121

 NSTEP =    40000   TIME(PS) =    6280.000  TEMP(K) =   300.77  PRESS =    32.5
 Etot   =    -52004.1250  EKtot   =     13189.4033  EPtot      =    -65193.5283
 BOND   =       432.5283  ANGLE   =      1168.1864  DIHED      =      1763.5409
 1-4 NB =       492.9452  1-4 EEL =      6830.8762  VDWAALS    =      7814.1735
 EELEC  =    -83699.7438  EHBOND  =         0.0000  RESTRAINT  =         3.9650
 EAMBER (non-restraint)  =    -65197.4933
 EKCMT  =      5773.1060  VIRIAL  =      5622.8766  VOLUME     =    214032.8753
                                                    Density    =         1.0219
 ------------------------------------------------------------------------------

wrapping first mol.:      -43.57164       30.80981       53.36415
wrapping first mol.:      -43.57164       30.80981       53.36415

 NSTEP =    40500   TIME(PS) =    6281.000  TEMP(K) =   302.41  PRESS =  -175.3
 Etot   =    -52183.0895  EKtot   =     13261.5361  EPtot      =    -65444.6256
 BOND   =       407.5940  ANGLE   =      1166.0184  DIHED      =      1756.9709
 1-4 NB =       482.1353  1-4 EEL =      6835.4192  VDWAALS    =      7845.0417
 EELEC  =    -83941.6241  EHBOND  =         0.0000  RESTRAINT  =         3.8189
 EAMBER (non-restraint)  =    -65448.4445
 EKCMT  =      5860.2941  VIRIAL  =      6673.6930  VOLUME     =    214916.8862
                                                    Density    =         1.0177
 ------------------------------------------------------------------------------

wrapping first mol.:      -43.58526       30.81944       53.38083
wrapping first mol.:      -43.58526       30.81944       53.38083

 NSTEP =    41000   TIME(PS) =    6282.000  TEMP(K) =   301.50  PRESS =  -353.3
 Etot   =    -51993.2944  EKtot   =     13221.5107  EPtot      =    -65214.8051
 BOND   =       393.5762  ANGLE   =      1125.7945  DIHED      =      1745.7260
 1-4 NB =       504.0994  1-4 EEL =      6886.9188  VDWAALS    =      7733.8112
 EELEC  =    -83608.7193  EHBOND  =         0.0000  RESTRAINT  =         3.9882
 EAMBER (non-restraint)  =    -65218.7933
 EKCMT  =      5813.0934  VIRIAL  =      7453.8998  VOLUME     =    215121.9228
                                                    Density    =         1.0167
 ------------------------------------------------------------------------------

wrapping first mol.:      -43.57232       30.81029       53.36499
wrapping first mol.:      -43.57232       30.81029       53.36499

 NSTEP =    41500   TIME(PS) =    6283.000  TEMP(K) =   297.91  PRESS =   192.7
 Etot   =    -52342.7693  EKtot   =     13064.1367  EPtot      =    -65406.9060
 BOND   =       403.8768  ANGLE   =      1155.8385  DIHED      =      1775.1994
 1-4 NB =       510.5820  1-4 EEL =      6870.4820  VDWAALS    =      8147.7485
 EELEC  =    -84274.9283  EHBOND  =         0.0000  RESTRAINT  =         4.2951
 EAMBER (non-restraint)  =    -65411.2011
 EKCMT  =      5783.6411  VIRIAL  =      4889.6129  VOLUME     =    214919.9817
                                                    Density    =         1.0177
 ------------------------------------------------------------------------------

wrapping first mol.:      -43.55710       30.79952       53.34634
wrapping first mol.:      -43.55710       30.79952       53.34634

 NSTEP =    42000   TIME(PS) =    6284.000  TEMP(K) =   300.07  PRESS =   200.7
 Etot   =    -52175.1876  EKtot   =     13158.9365  EPtot      =    -65334.1242
 BOND   =       444.0326  ANGLE   =      1157.0694  DIHED      =      1758.3949
 1-4 NB =       493.2521  1-4 EEL =      6852.1054  VDWAALS    =      8025.5435
 EELEC  =    -84068.4827  EHBOND  =         0.0000  RESTRAINT  =         3.9606
 EAMBER (non-restraint)  =    -65338.0847
 EKCMT  =      5795.1288  VIRIAL  =      4864.6963  VOLUME     =    214694.5503
                                                    Density    =         1.0187
 ------------------------------------------------------------------------------

wrapping first mol.:      -43.57680       30.81345       53.37046
wrapping first mol.:      -43.57680       30.81345       53.37046

 NSTEP =    42500   TIME(PS) =    6285.000  TEMP(K) =   303.33  PRESS =   145.7
 Etot   =    -51842.4401  EKtot   =     13301.7549  EPtot      =    -65144.1950
 BOND   =       413.6954  ANGLE   =      1218.1634  DIHED      =      1744.1461
 1-4 NB =       508.6915  1-4 EEL =      6857.1478  VDWAALS    =      7937.2894
 EELEC  =    -83828.1223  EHBOND  =         0.0000  RESTRAINT  =         4.7938
 EAMBER (non-restraint)  =    -65148.9887
 EKCMT  =      5917.9902  VIRIAL  =      5241.7304  VOLUME     =    214987.0545
                                                    Density    =         1.0174
 ------------------------------------------------------------------------------

wrapping first mol.:      -43.61344       30.83937       53.41535
wrapping first mol.:      -43.61344       30.83937       53.41535

 NSTEP =    43000   TIME(PS) =    6286.000  TEMP(K) =   296.81  PRESS =    39.9
 Etot   =    -52098.1585  EKtot   =     13015.6094  EPtot      =    -65113.7679
 BOND   =       422.0580  ANGLE   =      1111.9914  DIHED      =      1763.1232
 1-4 NB =       513.7849  1-4 EEL =      6860.3120  VDWAALS    =      7961.1986
 EELEC  =    -83749.8519  EHBOND  =         0.0000  RESTRAINT  =         3.6159
 EAMBER (non-restraint)  =    -65117.3838
 EKCMT  =      5709.9919  VIRIAL  =      5524.1044  VOLUME     =    215531.9362
                                                    Density    =         1.0148
 ------------------------------------------------------------------------------

wrapping first mol.:      -43.61522       30.84062       53.41752
wrapping first mol.:      -43.61522       30.84062       53.41752

 NSTEP =    43500   TIME(PS) =    6287.000  TEMP(K) =   304.18  PRESS =  -160.4
 Etot   =    -51843.9479  EKtot   =     13339.1318  EPtot      =    -65183.0797
 BOND   =       379.3631  ANGLE   =      1135.0085  DIHED      =      1756.1327
 1-4 NB =       509.1135  1-4 EEL =      6844.0716  VDWAALS    =      7677.3662
 EELEC  =    -83487.5378  EHBOND  =         0.0000  RESTRAINT  =         3.4024
 EAMBER (non-restraint)  =    -65186.4821
 EKCMT  =      5931.7966  VIRIAL  =      6678.2823  VOLUME     =    215562.1259
                                                    Density    =         1.0146
 ------------------------------------------------------------------------------

wrapping first mol.:      -43.58575       30.81978       53.38143
wrapping first mol.:      -43.58575       30.81978       53.38143

 NSTEP =    44000   TIME(PS) =    6288.000  TEMP(K) =   301.18  PRESS =   222.6
 Etot   =    -51984.5458  EKtot   =     13207.4238  EPtot      =    -65191.9696
 BOND   =       446.7479  ANGLE   =      1126.8428  DIHED      =      1778.0778
 1-4 NB =       486.0160  1-4 EEL =      6851.2802  VDWAALS    =      7898.7181
 EELEC  =    -83783.3177  EHBOND  =         0.0000  RESTRAINT  =         3.6653
 EAMBER (non-restraint)  =    -65195.6350
 EKCMT  =      5741.4362  VIRIAL  =      4707.6115  VOLUME     =    215118.0738
                                                    Density    =         1.0167
 ------------------------------------------------------------------------------

wrapping first mol.:      -43.55223       30.79609       53.34038
wrapping first mol.:      -43.55223       30.79609       53.34038

 NSTEP =    44500   TIME(PS) =    6289.000  TEMP(K) =   303.09  PRESS =  -191.8
 Etot   =    -52066.0130  EKtot   =     13291.2764  EPtot      =    -65357.2894
 BOND   =       408.7428  ANGLE   =      1122.4629  DIHED      =      1742.1042
 1-4 NB =       495.1222  1-4 EEL =      6888.5853  VDWAALS    =      7715.7926
 EELEC  =    -83733.6491  EHBOND  =         0.0000  RESTRAINT  =         3.5497
 EAMBER (non-restraint)  =    -65360.8391
 EKCMT  =      5806.6612  VIRIAL  =      6695.2801  VOLUME     =    214630.1851
                                                    Density    =         1.0190
 ------------------------------------------------------------------------------

wrapping first mol.:      -43.54997       30.79449       53.33761
wrapping first mol.:      -43.54997       30.79449       53.33761

 NSTEP =    45000   TIME(PS) =    6290.000  TEMP(K) =   296.77  PRESS =  -178.3
 Etot   =    -52291.1649  EKtot   =     13014.0752  EPtot      =    -65305.2401
 BOND   =       421.4556  ANGLE   =      1130.2365  DIHED      =      1743.9083
 1-4 NB =       532.1998  1-4 EEL =      6868.4463  VDWAALS    =      7879.0077
 EELEC  =    -83883.4785  EHBOND  =         0.0000  RESTRAINT  =         2.9843
 EAMBER (non-restraint)  =    -65308.2243
 EKCMT  =      5690.7571  VIRIAL  =      6516.6638  VOLUME     =    214596.5176
                                                    Density    =         1.0192
 ------------------------------------------------------------------------------

wrapping first mol.:      -43.53760       30.78574       53.32246
wrapping first mol.:      -43.53760       30.78574       53.32246

 NSTEP =    45500   TIME(PS) =    6291.000  TEMP(K) =   299.75  PRESS =  -173.2
 Etot   =    -52305.1134  EKtot   =     13144.9492  EPtot      =    -65450.0626
 BOND   =       423.2874  ANGLE   =      1175.1095  DIHED      =      1742.9855
 1-4 NB =       503.5094  1-4 EEL =      6871.5553  VDWAALS    =      7912.3428
 EELEC  =    -84081.2783  EHBOND  =         0.0000  RESTRAINT  =         2.4257
 EAMBER (non-restraint)  =    -65452.4883
 EKCMT  =      5701.3525  VIRIAL  =      6503.3067  VOLUME     =    214413.4964
                                                    Density    =         1.0201
 ------------------------------------------------------------------------------

wrapping first mol.:      -43.57148       30.80970       53.36395
wrapping first mol.:      -43.57148       30.80970       53.36395

 NSTEP =    46000   TIME(PS) =    6292.000  TEMP(K) =   300.78  PRESS =    98.4
 Etot   =    -52185.4496  EKtot   =     13189.8691  EPtot      =    -65375.3187
 BOND   =       402.1957  ANGLE   =      1146.5041  DIHED      =      1775.1227
 1-4 NB =       488.6565  1-4 EEL =      6852.1056  VDWAALS    =      7954.6544
 EELEC  =    -83996.9564  EHBOND  =         0.0000  RESTRAINT  =         2.3986
 EAMBER (non-restraint)  =    -65377.7173
 EKCMT  =      5851.5685  VIRIAL  =      5395.1306  VOLUME     =    214909.2991
                                                    Density    =         1.0177
 ------------------------------------------------------------------------------

wrapping first mol.:      -43.54315       30.78966       53.32925
wrapping first mol.:      -43.54315       30.78966       53.32925

 NSTEP =    46500   TIME(PS) =    6293.000  TEMP(K) =   299.24  PRESS =    10.5
 Etot   =    -52138.4771  EKtot   =     13122.4268  EPtot      =    -65260.9039
 BOND   =       422.6383  ANGLE   =      1173.1974  DIHED      =      1759.2327
 1-4 NB =       496.2074  1-4 EEL =      6849.2296  VDWAALS    =      7646.5856
 EELEC  =    -83610.7387  EHBOND  =         0.0000  RESTRAINT  =         2.7437
 EAMBER (non-restraint)  =    -65263.6476
 EKCMT  =      5820.8934  VIRIAL  =      5772.1954  VOLUME     =    214491.9682
                                                    Density    =         1.0197
 ------------------------------------------------------------------------------

wrapping first mol.:      -43.55436       30.79759       53.34299
wrapping first mol.:      -43.55436       30.79759       53.34299

 NSTEP =    47000   TIME(PS) =    6294.000  TEMP(K) =   296.29  PRESS =   -90.8
 Etot   =    -52259.1924  EKtot   =     12993.0898  EPtot      =    -65252.2822
 BOND   =       414.7666  ANGLE   =      1190.4192  DIHED      =      1751.7141
 1-4 NB =       504.0799  1-4 EEL =      6838.5390  VDWAALS    =      8007.4679
 EELEC  =    -83961.9054  EHBOND  =         0.0000  RESTRAINT  =         2.6366
 EAMBER (non-restraint)  =    -65254.9188
 EKCMT  =      5765.1891  VIRIAL  =      6186.2494  VOLUME     =    214659.7279
                                                    Density    =         1.0189
 ------------------------------------------------------------------------------

wrapping first mol.:      -43.59927       30.82935       53.39799
wrapping first mol.:      -43.59927       30.82935       53.39799

 NSTEP =    47500   TIME(PS) =    6295.000  TEMP(K) =   298.43  PRESS =   252.0
 Etot   =    -52078.6549  EKtot   =     13086.9199  EPtot      =    -65165.5749
 BOND   =       420.6018  ANGLE   =      1162.6926  DIHED      =      1756.7204
 1-4 NB =       503.7446  1-4 EEL =      6821.2212  VDWAALS    =      8040.3008
 EELEC  =    -83873.2721  EHBOND  =         0.0000  RESTRAINT  =         2.4160
 EAMBER (non-restraint)  =    -65167.9909
 EKCMT  =      5758.9395  VIRIAL  =      4587.4090  VOLUME     =    215317.8634
                                                    Density    =         1.0158
 ------------------------------------------------------------------------------

wrapping first mol.:      -43.58605       30.82000       53.38180
wrapping first mol.:      -43.58605       30.82000       53.38180

 NSTEP =    48000   TIME(PS) =    6296.000  TEMP(K) =   299.65  PRESS =  -200.6
 Etot   =    -52234.1013  EKtot   =     13140.3574  EPtot      =    -65374.4587
 BOND   =       433.5066  ANGLE   =      1145.4688  DIHED      =      1764.7611
 1-4 NB =       497.4266  1-4 EEL =      6833.9554  VDWAALS    =      7870.4843
 EELEC  =    -83922.7507  EHBOND  =         0.0000  RESTRAINT  =         2.6891
 EAMBER (non-restraint)  =    -65377.1478
 EKCMT  =      5814.1815  VIRIAL  =      6745.8342  VOLUME     =    215130.7020
                                                    Density    =         1.0167
 ------------------------------------------------------------------------------

wrapping first mol.:      -43.57803       30.81433       53.37198
wrapping first mol.:      -43.57803       30.81433       53.37198

 NSTEP =    48500   TIME(PS) =    6297.000  TEMP(K) =   297.94  PRESS =   234.8
 Etot   =    -52275.3789  EKtot   =     13065.4551  EPtot      =    -65340.8340
 BOND   =       386.2766  ANGLE   =      1198.9391  DIHED      =      1746.3918
 1-4 NB =       503.7937  1-4 EEL =      6848.2482  VDWAALS    =      8046.1161
 EELEC  =    -84073.0747  EHBOND  =         0.0000  RESTRAINT  =         2.4752
 EAMBER (non-restraint)  =    -65343.3092
 EKCMT  =      5796.7602  VIRIAL  =      4706.9580  VOLUME     =    215003.6236
                                                    Density    =         1.0173
 ------------------------------------------------------------------------------

wrapping first mol.:      -43.55381       30.79720       53.34231
wrapping first mol.:      -43.55381       30.79720       53.34231

 NSTEP =    49000   TIME(PS) =    6298.000  TEMP(K) =   301.09  PRESS =  -153.6
 Etot   =    -52010.6530  EKtot   =     13203.7227  EPtot      =    -65214.3757
 BOND   =       421.7599  ANGLE   =      1134.0905  DIHED      =      1756.4786
 1-4 NB =       498.7967  1-4 EEL =      6863.4936  VDWAALS    =      7764.4724
 EELEC  =    -83656.0981  EHBOND  =         0.0000  RESTRAINT  =         2.6307
 EAMBER (non-restraint)  =    -65217.0064
 EKCMT  =      5797.2417  VIRIAL  =      6509.3131  VOLUME     =    214652.7813
                                                    Density    =         1.0189
 ------------------------------------------------------------------------------

wrapping first mol.:      -43.55164       30.79566       53.33965
wrapping first mol.:      -43.55164       30.79566       53.33965

 NSTEP =    49500   TIME(PS) =    6299.000  TEMP(K) =   301.31  PRESS =   -46.2
 Etot   =    -52192.8514  EKtot   =     13213.1533  EPtot      =    -65406.0047
 BOND   =       393.3780  ANGLE   =      1139.4654  DIHED      =      1768.9881
 1-4 NB =       512.9643  1-4 EEL =      6847.9124  VDWAALS    =      7784.9852
 EELEC  =    -83857.0848  EHBOND  =         0.0000  RESTRAINT  =         3.3868
 EAMBER (non-restraint)  =    -65409.3915
 EKCMT  =      5876.4149  VIRIAL  =      6090.7113  VOLUME     =    214618.5755
                                                    Density    =         1.0191
 ------------------------------------------------------------------------------

wrapping first mol.:      -43.57413       30.81157       53.36720
wrapping first mol.:      -43.57413       30.81157       53.36720

 NSTEP =    50000   TIME(PS) =    6300.000  TEMP(K) =   301.41  PRESS =  -237.8
 Etot   =    -52173.7436  EKtot   =     13217.6699  EPtot      =    -65391.4136
 BOND   =       409.3527  ANGLE   =      1160.1579  DIHED      =      1753.5740
 1-4 NB =       486.8068  1-4 EEL =      6817.7840  VDWAALS    =      7806.1695
 EELEC  =    -83828.4700  EHBOND  =         0.0000  RESTRAINT  =         3.2115
 EAMBER (non-restraint)  =    -65394.6250
 EKCMT  =      5907.8093  VIRIAL  =      7011.5504  VOLUME     =    214954.9881
                                                    Density    =         1.0175
 ------------------------------------------------------------------------------


      A V E R A G E S   O V E R     100 S T E P S


 NSTEP =    50000   TIME(PS) =    6300.000  TEMP(K) =   300.12  PRESS =   -23.6
 Etot   =    -52135.0883  EKtot   =     13161.0952  EPtot      =    -65296.1835
 BOND   =       410.1598  ANGLE   =      1157.9304  DIHED      =      1760.4134
 1-4 NB =       502.3496  1-4 EEL =      6846.7424  VDWAALS    =      7879.6203
 EELEC  =    -83856.4576  EHBOND  =         0.0000  RESTRAINT  =         3.0582
 EAMBER (non-restraint)  =    -65299.2416
 EKCMT  =      5798.3520  VIRIAL  =      5908.0129  VOLUME     =    214795.7363
                                                    Density    =         1.0183
 ------------------------------------------------------------------------------


      R M S  F L U C T U A T I O N S


 NSTEP =    50000   TIME(PS) =    6300.000  TEMP(K) =     1.99  PRESS =   150.9
 Etot   =       143.4395  EKtot   =        87.1267  EPtot      =       119.4689
 BOND   =        17.0000  ANGLE   =        26.1582  DIHED      =        12.7456
 1-4 NB =         9.3968  1-4 EEL =        21.4336  VDWAALS    =       118.8459
 EELEC  =       194.3524  EHBOND  =         0.0000  RESTRAINT  =         0.7596
 EAMBER (non-restraint)  =       118.7093
 EKCMT  =        52.8973  VIRIAL  =       696.7944  VOLUME     =       336.9059
                                                    Density    =         0.0016
 ------------------------------------------------------------------------------

--------------------------------------------------------------------------------
   5.  TIMINGS
--------------------------------------------------------------------------------

|  NonSetup CPU Time in Major Routines:
|
|     Routine           Sec        %
|     ------------------------------
|     Nonbond         119.70   89.25
|     Bond              0.00    0.00
|     Angle             0.00    0.00
|     Dihedral          0.00    0.00
|     Shake             0.30    0.22
|     RunMD            14.08   10.50
|     Other             0.04    0.03
|     ------------------------------
|     Total           134.12

|  PME Nonbond Pairlist CPU Time:
|
|     Routine              Sec        %
|     ---------------------------------
|     Set Up Cit           0.00    0.00
|     Build List           0.00    0.00
|     ---------------------------------
|     Total                0.00    0.00

|  PME Direct Force CPU Time:
|
|     Routine              Sec        %
|     ---------------------------------
|     NonBonded Calc       0.00    0.00
|     Exclude Masked       0.00    0.00
|     Other                0.02    0.01
|     ---------------------------------
|     Total                0.02    0.01

|  PME Reciprocal Force CPU Time:
|
|     Routine              Sec        %
|     ---------------------------------
|     1D bspline           0.00    0.00
|     Grid Charges         0.00    0.00
|     Scalar Sum           0.00    0.00
|     Gradient Sum         0.00    0.00
|     FFT                  0.00    0.00
|     ---------------------------------
|     Total                0.00    0.00

|  Final Performance Info:
|     -----------------------------------------------------
|     Average timings for last    5000 steps:
|     Elapsed(s) =      13.42 Per Step(ms) =       2.68
|         ns/day =      64.39   seconds/ns =    1341.74
|
|     Average timings for all steps:
|     Elapsed(s) =     134.17 Per Step(ms) =       2.68
|         ns/day =      64.40   seconds/ns =    1341.69
|     -----------------------------------------------------

|  Setup CPU time:            0.45 seconds
|  NonSetup CPU time:       134.12 seconds
|  Total CPU time:          134.57 seconds     0.04 hours

|  Setup wall time:           0    seconds
|  NonSetup wall time:      134    seconds
|  Total wall time:         134    seconds     0.04 hours
