
          -------------------------------------------------------
          Amber 16 PMEMD                              2016
          -------------------------------------------------------

| PMEMD implementation of SANDER, Release 16

| Run on 07/16/2018 at 15:22:08

|   Executable path: pmemd.cuda
| Working directory: /home/german/lbp/run/2w9y/mhe/e
|          Hostname: Unknown
  [-O]verwriting output

File Assignments:
|   MDIN: 63equ.in                                                              
|  MDOUT: 63equ.out                                                             
| INPCRD: 62e2w9y.rst7                                                          
|   PARM: /home/german/lbp/top_files/2w9y.prmtop                                
| RESTRT: 63e2w9y.rst7                                                          
|   REFC: 62e2w9y.rst7                                                          
|  MDVEL: mdvel                                                                 
|   MDEN: mden                                                                  
|  MDCRD: 63e2w9y.nc                                                            
| MDINFO: mdinfo                                                                
|  MDFRC: mdfrc                                                                 


 Here is the input file:

Equilibration with solute restrictions                                         
&cntrl                                                                         
imin = 0,                           ! No Minimization                          
nmropt = 0,                         ! No NMR restraints read                   
                                                                               
! Nature and format of the input                                               
ntx = 5,                            ! Coordinates and velocities will be read  
irest = 1,                          ! Do not run a new simulation              
                                                                               
! Nature and format of the output                                              
ntxo = 1,                           ! rstrt file in ASCII format               
ntpr = 500,                         ! inf in output every ntpr steps           
ntwr = 500,                         ! rstrt file every ntwr steps              
ntwx = 500,                         ! mdcrd file every ntwx steps              
ntwv = 0,                           ! mdvel without velocities                 
ntwe = 0,                           ! Do not write energies and temperatures   
idecomp = 0,                        ! No energy decomposition                  
iwrap = 1,                          ! Coordinates of the restart and mdcrd file
                                                                               
! Frozen or restrained atoms                                                   
ibelly = 0,                         ! No frozen atoms                          
ntr=1,                              ! Harmonic potential restraints            
restraint_wt = 0.005,                ! The weight for the positional restraints
restraintmask = ':1-131@N,CA,C,O',  ! restrained residues                      
                                                                               
! Molecular dynamics                                                           
nstlim = 50000,                     ! Number of MD-steps                       
dt = 0.002,                         ! Time step                                
                                                                               
! Temperature regulation                                                       
ntt = 3,                            ! Langevin thermostat                      
gamma_ln = 5,                       ! Gamma constant for Langevin              
temp0 = 300.0,                      ! Reference T at which the system is to be 
tempi = 300.0,                      ! Initial T                                
ig = -1,                            ! Seed for the RNG                         
                                                                               
! P and V regulation                                                           
ntp = 1,                            ! constant P                               
barostat = 1,                       ! Berendsen barostat                       
taup = 1,                           ! Pressure relaxation time                 
ntb = 2,                            ! Periodic box for constant P              
                                                                               
! SHAKE variables                                                              
ntc = 2,                            ! Bonds involving H are constrained        
ntf = 2,                            ! Bond interaction involving H are ommited.
                                                                               
cut = 10.0,                         ! Nonbonded cutoff                         
/                                                                              
&end                                                                           


Note: ig = -1. Setting random seed to   802380 based on wallclock time in 
      microseconds.
 
|--------------------- INFORMATION ----------------------
| GPU (CUDA) Version of PMEMD in use: NVIDIA GPU IN USE.
|                    Version 16.0.0
| 
|                      02/25/2016
| 
| Implementation by:
|                    Ross C. Walker     (SDSC)
|                    Scott Le Grand     (nVIDIA)
| 
| Precision model in use:
|      [SPFP] - Single Precision Forces, 64-bit Fixed Point
|               Accumulation. (Default)
| 
|--------------------------------------------------------
 
|----------------- CITATION INFORMATION -----------------
|
|    When publishing work that utilized the CUDA version
|    of AMBER, please cite the following in addition to
|    the regular AMBER citations:
|
|  - Romelia Salomon-Ferrer; Andreas W. Goetz; Duncan
|    Poole; Scott Le Grand; Ross C. Walker "Routine
|    microsecond molecular dynamics simulations with
|    AMBER - Part II: Particle Mesh Ewald", J. Chem.
|    Theory Comput., 2013, 9 (9), pp3878-3888,
|    DOI: 10.1021/ct400314y.
|
|  - Andreas W. Goetz; Mark J. Williamson; Dong Xu;
|    Duncan Poole; Scott Le Grand; Ross C. Walker
|    "Routine microsecond molecular dynamics simulations
|    with AMBER - Part I: Generalized Born", J. Chem.
|    Theory Comput., 2012, 8 (5), pp1542-1555.
|
|  - Scott Le Grand; Andreas W. Goetz; Ross C. Walker
|    "SPFP: Speed without compromise - a mixed precision
|    model for GPU accelerated molecular dynamics
|    simulations.", Comp. Phys. Comm., 2013, 184
|    pp374-380, DOI: 10.1016/j.cpc.2012.09.022
|
|--------------------------------------------------------
 
|------------------- GPU DEVICE INFO --------------------
|
|            CUDA_VISIBLE_DEVICES: 0
|   CUDA Capable Devices Detected:      1
|           CUDA Device ID in use:      0
|                CUDA Device Name: GeForce GTX 1060 6GB
|     CUDA Device Global Mem Size:   6072 MB
| CUDA Device Num Multiprocessors:     10
|           CUDA Device Core Freq:   1.76 GHz
|
|--------------------------------------------------------
 
 
| Conditional Compilation Defines Used:
| PUBFFT
| BINTRAJ
| CUDA
| EMIL

| Largest sphere to fit in unit cell has radius =    26.659

| New format PARM file being parsed.
| Version =    1.000 Date = 07/16/18 Time = 12:31:37

| Note: 1-4 EEL scale factors are being read from the topology file.

| Note: 1-4 VDW scale factors are being read from the topology file.
| Duplicated    0 dihedrals

| Duplicated    0 dihedrals

--------------------------------------------------------------------------------
   1.  RESOURCE   USE: 
--------------------------------------------------------------------------------

 getting new box info from bottom of inpcrd
 NATOM  =   21528 NTYPES =      17 NBONH =   20449 MBONA  =    1096
 NTHETH =    2490 MTHETA =    1476 NPHIH =    4927 MPHIA  =    4723
 NHPARM =       0 NPARM  =       0 NNB   =   37810 NRES   =    6595
 NBONA  =    1096 NTHETA =    1476 NPHIA =    4723 NUMBND =      64
 NUMANG =     142 NPTRA  =     185 NATYP =      34 NPHB   =       1
 IFBOX  =       2 NMXRS  =      24 IFCAP =       0 NEXTRA =       0
 NCOPY  =       0

| Coordinate Index Table dimensions:    10   10   10
| Direct force subcell size =     6.5300    6.5300    6.5300

     BOX TYPE: TRUNCATED OCTAHEDRON

--------------------------------------------------------------------------------
   2.  CONTROL  DATA  FOR  THE  RUN
--------------------------------------------------------------------------------

default_name                                                                    

General flags:
     imin    =       0, nmropt  =       0

Nature and format of input:
     ntx     =       5, irest   =       1, ntrx    =       1

Nature and format of output:
     ntxo    =       1, ntpr    =     500, ntrx    =       1, ntwr    =     500
     iwrap   =       1, ntwx    =     500, ntwv    =       0, ntwe    =       0
     ioutfm  =       1, ntwprt  =       0, idecomp =       0, rbornstat=      0

Potential function:
     ntf     =       2, ntb     =       2, igb     =       0, nsnb    =      25
     ipol    =       0, gbsa    =       0, iesp    =       0
     dielc   =   1.00000, cut     =  10.00000, intdiel =   1.00000

Frozen or restrained atoms:
     ibelly  =       0, ntr     =       1
     restraint_wt =   0.00500

Molecular dynamics:
     nstlim  =     50000, nscm    =         0, nrespa  =         1
     t       =   0.00000, dt      =   0.00200, vlimit  =  -1.00000

Langevin dynamics temperature regulation:
     ig      =  802380
     temp0   = 300.00000, tempi   = 300.00000, gamma_ln=   5.00000

Pressure regulation:
     ntp     =       1
     pres0   =   1.00000, comp    =  44.60000, taup    =   1.00000

SHAKE:
     ntc     =       2, jfastw  =       0
     tol     =   0.00001

| Intermolecular bonds treatment:
|     no_intermolecular_bonds =       1

| Energy averages sample interval:
|     ene_avg_sampling =     500

Ewald parameters:
     verbose =       0, ew_type =       0, nbflag  =       1, use_pme =       1
     vdwmeth =       1, eedmeth =       1, netfrc  =       1
     Box X =   65.300   Box Y =   65.300   Box Z =   65.300
     Alpha =  109.471   Beta  =  109.471   Gamma =  109.471
     NFFT1 =   64       NFFT2 =   64       NFFT3 =   64
     Cutoff=   10.000   Tol   =0.100E-04
     Ewald Coefficient =  0.27511
     Interpolation order =    4

    LOADING THE CONSTRAINED ATOMS AS GROUPS


   5.  REFERENCE ATOM COORDINATES

  default_name                                                                    
     Mask :1-131@N,CA,C,O; matches   524 atoms

--------------------------------------------------------------------------------
   3.  ATOMIC COORDINATES AND VELOCITIES
--------------------------------------------------------------------------------

default_name                                                                    
 begin time read from input coords =  6600.000 ps

 
 Number of triangulated 3-point waters found:     6455

     Sum of charges from parm topology file =  -0.00000007
     Forcing neutrality...

| Dynamic Memory, Types Used:
| Reals             1061755
| Integers           745452

| Nonbonded Pairs Initial Allocation:     6511681

| GPU memory information (estimate):
| KB of GPU memory in use:    159742
| KB of CPU memory in use:     30821

--------------------------------------------------------------------------------
   4.  RESULTS
--------------------------------------------------------------------------------

 ---------------------------------------------------
 APPROXIMATING switch and d/dx switch using CUBIC SPLINE INTERPOLATION
 using   5000.0 points per unit in tabled values
 TESTING RELATIVE ERROR over r ranging from 0.0 to cutoff
| CHECK switch(x): max rel err =   0.2738E-14   at   2.422500
| CHECK d/dx switch(x): max rel err =   0.8314E-11   at   2.736960
 ---------------------------------------------------
|---------------------------------------------------
| APPROXIMATING direct energy using CUBIC SPLINE INTERPOLATION
|  with   50.0 points per unit in tabled values
| Relative Error Limit not exceeded for r .gt.   2.33
| APPROXIMATING direct force using CUBIC SPLINE INTERPOLATION
|  with   50.0 points per unit in tabled values
| Relative Error Limit not exceeded for r .gt.   2.80
|---------------------------------------------------
wrapping first mol.:      -43.47959       30.74472       53.25141
wrapping first mol.:      -43.47959       30.74472       53.25141

 NSTEP =      500   TIME(PS) =    6601.000  TEMP(K) =   302.18  PRESS =  -130.5
 Etot   =    -52171.4261  EKtot   =     13251.1377  EPtot      =    -65422.5638
 BOND   =       397.8113  ANGLE   =      1180.5480  DIHED      =      1744.3723
 1-4 NB =       500.1143  1-4 EEL =      6844.2728  VDWAALS    =      7828.6160
 EELEC  =    -83918.8131  EHBOND  =         0.0000  RESTRAINT  =         0.5146
 EAMBER (non-restraint)  =    -65423.0784
 EKCMT  =      5823.4024  VIRIAL  =      6424.9995  VOLUME     =    213556.8218
                                                    Density    =         1.0242
 ------------------------------------------------------------------------------

wrapping first mol.:      -43.53947       30.78706       53.32474
wrapping first mol.:      -43.53947       30.78706       53.32474

 NSTEP =     1000   TIME(PS) =    6602.000  TEMP(K) =   297.30  PRESS =   162.8
 Etot   =    -52227.6989  EKtot   =     13037.1992  EPtot      =    -65264.8981
 BOND   =       415.4170  ANGLE   =      1147.3355  DIHED      =      1745.9473
 1-4 NB =       499.8581  1-4 EEL =      6775.8467  VDWAALS    =      7954.7905
 EELEC  =    -83804.7419  EHBOND  =         0.0000  RESTRAINT  =         0.6488
 EAMBER (non-restraint)  =    -65265.5469
 EKCMT  =      5761.5197  VIRIAL  =      5007.7071  VOLUME     =    214434.6770
                                                    Density    =         1.0200
 ------------------------------------------------------------------------------

wrapping first mol.:      -43.50568       30.76317       53.28336
wrapping first mol.:      -43.50568       30.76317       53.28336

 NSTEP =     1500   TIME(PS) =    6603.000  TEMP(K) =   300.20  PRESS =  -172.0
 Etot   =    -52466.1557  EKtot   =     13164.5205  EPtot      =    -65630.6762
 BOND   =       406.3874  ANGLE   =      1168.6813  DIHED      =      1763.0274
 1-4 NB =       508.7137  1-4 EEL =      6828.7815  VDWAALS    =      7901.1771
 EELEC  =    -84208.1795  EHBOND  =         0.0000  RESTRAINT  =         0.7350
 EAMBER (non-restraint)  =    -65631.4112
 EKCMT  =      5814.2259  VIRIAL  =      6608.7640  VOLUME     =    213942.2153
                                                    Density    =         1.0223
 ------------------------------------------------------------------------------

wrapping first mol.:      -43.48398       30.74782       53.25679
wrapping first mol.:      -43.48398       30.74782       53.25679

 NSTEP =     2000   TIME(PS) =    6604.000  TEMP(K) =   299.01  PRESS =   105.3
 Etot   =    -52209.7888  EKtot   =     13112.4766  EPtot      =    -65322.2654
 BOND   =       381.8823  ANGLE   =      1130.6132  DIHED      =      1753.8241
 1-4 NB =       506.5537  1-4 EEL =      6829.0097  VDWAALS    =      7886.7837
 EELEC  =    -83811.7808  EHBOND  =         0.0000  RESTRAINT  =         0.8487
 EAMBER (non-restraint)  =    -65323.1141
 EKCMT  =      5771.1570  VIRIAL  =      5285.6648  VOLUME     =    213617.0185
                                                    Density    =         1.0239
 ------------------------------------------------------------------------------

wrapping first mol.:      -43.50553       30.76306       53.28318
wrapping first mol.:      -43.50553       30.76306       53.28318

 NSTEP =     2500   TIME(PS) =    6605.000  TEMP(K) =   300.36  PRESS =   -63.1
 Etot   =    -52291.8207  EKtot   =     13171.3262  EPtot      =    -65463.1468
 BOND   =       424.2192  ANGLE   =      1146.2551  DIHED      =      1739.9772
 1-4 NB =       504.4186  1-4 EEL =      6825.5915  VDWAALS    =      8072.0473
 EELEC  =    -84176.5384  EHBOND  =         0.0000  RESTRAINT  =         0.8827
 EAMBER (non-restraint)  =    -65464.0296
 EKCMT  =      5774.6117  VIRIAL  =      6066.2700  VOLUME     =    213937.9892
                                                    Density    =         1.0223
 ------------------------------------------------------------------------------

wrapping first mol.:      -43.51371       30.76885       53.29320
wrapping first mol.:      -43.51371       30.76885       53.29320

 NSTEP =     3000   TIME(PS) =    6606.000  TEMP(K) =   304.35  PRESS =    91.2
 Etot   =    -51996.4284  EKtot   =     13346.2656  EPtot      =    -65342.6940
 BOND   =       408.0472  ANGLE   =      1146.0346  DIHED      =      1762.2477
 1-4 NB =       487.2876  1-4 EEL =      6807.8125  VDWAALS    =      7876.6161
 EELEC  =    -83831.7755  EHBOND  =         0.0000  RESTRAINT  =         1.0357
 EAMBER (non-restraint)  =    -65343.7297
 EKCMT  =      5888.8969  VIRIAL  =      5467.2377  VOLUME     =    214055.7727
                                                    Density    =         1.0218
 ------------------------------------------------------------------------------

wrapping first mol.:      -43.53782       30.78589       53.32273
wrapping first mol.:      -43.53782       30.78589       53.32273

 NSTEP =     3500   TIME(PS) =    6607.000  TEMP(K) =   300.36  PRESS =    34.0
 Etot   =    -51893.0826  EKtot   =     13171.6768  EPtot      =    -65064.7593
 BOND   =       410.9054  ANGLE   =      1190.2697  DIHED      =      1771.6306
 1-4 NB =       493.6205  1-4 EEL =      6837.5228  VDWAALS    =      7810.2177
 EELEC  =    -83580.0583  EHBOND  =         0.0000  RESTRAINT  =         1.1323
 EAMBER (non-restraint)  =    -65065.8916
 EKCMT  =      5857.4701  VIRIAL  =      5699.9511  VOLUME     =    214412.8436
                                                    Density    =         1.0201
 ------------------------------------------------------------------------------

wrapping first mol.:      -43.55440       30.79761       53.34303
wrapping first mol.:      -43.55440       30.79761       53.34303

 NSTEP =     4000   TIME(PS) =    6608.000  TEMP(K) =   302.35  PRESS =   -39.2
 Etot   =    -52053.8160  EKtot   =     13258.6826  EPtot      =    -65312.4986
 BOND   =       366.5148  ANGLE   =      1176.3447  DIHED      =      1745.1137
 1-4 NB =       505.3110  1-4 EEL =      6844.1557  VDWAALS    =      7819.1781
 EELEC  =    -83770.3246  EHBOND  =         0.0000  RESTRAINT  =         1.2080
 EAMBER (non-restraint)  =    -65313.7066
 EKCMT  =      5839.0113  VIRIAL  =      6020.6845  VOLUME     =    214659.2163
                                                    Density    =         1.0189
 ------------------------------------------------------------------------------

wrapping first mol.:      -43.58596       30.81993       53.38169
wrapping first mol.:      -43.58596       30.81993       53.38169

 NSTEP =     4500   TIME(PS) =    6609.000  TEMP(K) =   299.61  PRESS =    49.9
 Etot   =    -52146.3919  EKtot   =     13138.7773  EPtot      =    -65285.1692
 BOND   =       406.6096  ANGLE   =      1169.7793  DIHED      =      1742.3056
 1-4 NB =       506.2144  1-4 EEL =      6852.9894  VDWAALS    =      7863.9131
 EELEC  =    -83828.3866  EHBOND  =         0.0000  RESTRAINT  =         1.4061
 EAMBER (non-restraint)  =    -65286.5753
 EKCMT  =      5817.4075  VIRIAL  =      5585.7259  VOLUME     =    215124.5263
                                                    Density    =         1.0167
 ------------------------------------------------------------------------------

wrapping first mol.:      -43.56770       30.80702       53.35932
wrapping first mol.:      -43.56770       30.80702       53.35932

 NSTEP =     5000   TIME(PS) =    6610.000  TEMP(K) =   298.93  PRESS =   -80.0
 Etot   =    -52194.4541  EKtot   =     13108.6953  EPtot      =    -65303.1494
 BOND   =       405.8404  ANGLE   =      1134.4702  DIHED      =      1764.9041
 1-4 NB =       504.3112  1-4 EEL =      6827.2045  VDWAALS    =      8081.1242
 EELEC  =    -84022.7782  EHBOND  =         0.0000  RESTRAINT  =         1.7742
 EAMBER (non-restraint)  =    -65304.9236
 EKCMT  =      5664.8862  VIRIAL  =      6035.9306  VOLUME     =    214856.7036
                                                    Density    =         1.0180
 ------------------------------------------------------------------------------

wrapping first mol.:      -43.54956       30.79420       53.33711
wrapping first mol.:      -43.54956       30.79420       53.33711

 NSTEP =     5500   TIME(PS) =    6611.000  TEMP(K) =   302.36  PRESS =   -36.6
 Etot   =    -51852.3097  EKtot   =     13259.0059  EPtot      =    -65111.3156
 BOND   =       412.3763  ANGLE   =      1132.1253  DIHED      =      1755.9154
 1-4 NB =       498.9608  1-4 EEL =      6852.6382  VDWAALS    =      7915.1984
 EELEC  =    -83680.5010  EHBOND  =         0.0000  RESTRAINT  =         1.9710
 EAMBER (non-restraint)  =    -65113.2866
 EKCMT  =      5831.2945  VIRIAL  =      6000.7635  VOLUME     =    214587.7101
                                                    Density    =         1.0192
 ------------------------------------------------------------------------------

wrapping first mol.:      -43.53218       30.78191       53.31582
wrapping first mol.:      -43.53218       30.78191       53.31582

 NSTEP =     6000   TIME(PS) =    6612.000  TEMP(K) =   300.31  PRESS =  -111.0
 Etot   =    -51985.3609  EKtot   =     13169.4492  EPtot      =    -65154.8101
 BOND   =       362.6831  ANGLE   =      1201.7949  DIHED      =      1753.2523
 1-4 NB =       493.0038  1-4 EEL =      6856.3365  VDWAALS    =      7732.4434
 EELEC  =    -83556.1535  EHBOND  =         0.0000  RESTRAINT  =         1.8293
 EAMBER (non-restraint)  =    -65156.6394
 EKCMT  =      5684.8881  VIRIAL  =      6198.7808  VOLUME     =    214332.3320
                                                    Density    =         1.0205
 ------------------------------------------------------------------------------

wrapping first mol.:      -43.52936       30.77991       53.31237
wrapping first mol.:      -43.52936       30.77991       53.31237

 NSTEP =     6500   TIME(PS) =    6613.000  TEMP(K) =   299.18  PRESS =  -149.1
 Etot   =    -52262.6245  EKtot   =     13119.7725  EPtot      =    -65382.3970
 BOND   =       377.4249  ANGLE   =      1154.0825  DIHED      =      1747.1001
 1-4 NB =       505.7638  1-4 EEL =      6813.9318  VDWAALS    =      7720.9382
 EELEC  =    -83703.5137  EHBOND  =         0.0000  RESTRAINT  =         1.8755
 EAMBER (non-restraint)  =    -65384.2725
 EKCMT  =      5852.5081  VIRIAL  =      6542.5328  VOLUME     =    214291.3731
                                                    Density    =         1.0207
 ------------------------------------------------------------------------------

wrapping first mol.:      -43.54507       30.79102       53.33160
wrapping first mol.:      -43.54507       30.79102       53.33160

 NSTEP =     7000   TIME(PS) =    6614.000  TEMP(K) =   298.02  PRESS =   -21.8
 Etot   =    -52106.7591  EKtot   =     13068.6641  EPtot      =    -65175.4232
 BOND   =       411.7708  ANGLE   =      1166.1201  DIHED      =      1764.3670
 1-4 NB =       510.6679  1-4 EEL =      6847.6719  VDWAALS    =      7954.9928
 EELEC  =    -83832.9350  EHBOND  =         0.0000  RESTRAINT  =         1.9213
 EAMBER (non-restraint)  =    -65177.3445
 EKCMT  =      5761.5473  VIRIAL  =      5862.5139  VOLUME     =    214520.9858
                                                    Density    =         1.0196
 ------------------------------------------------------------------------------

wrapping first mol.:      -43.53941       30.78702       53.32467
wrapping first mol.:      -43.53941       30.78702       53.32467

 NSTEP =     7500   TIME(PS) =    6615.000  TEMP(K) =   297.06  PRESS =  -198.4
 Etot   =    -52545.4956  EKtot   =     13026.9941  EPtot      =    -65572.4897
 BOND   =       378.1523  ANGLE   =      1142.3158  DIHED      =      1762.8453
 1-4 NB =       506.2350  1-4 EEL =      6831.5191  VDWAALS    =      7745.4348
 EELEC  =    -83940.5591  EHBOND  =         0.0000  RESTRAINT  =         1.5671
 EAMBER (non-restraint)  =    -65574.0568
 EKCMT  =      5754.9948  VIRIAL  =      6673.5586  VOLUME     =    214440.7263
                                                    Density    =         1.0199
 ------------------------------------------------------------------------------

wrapping first mol.:      -43.55518       30.79817       53.34399
wrapping first mol.:      -43.55518       30.79817       53.34399

 NSTEP =     8000   TIME(PS) =    6616.000  TEMP(K) =   301.98  PRESS =   201.8
 Etot   =    -51878.3545  EKtot   =     13242.5342  EPtot      =    -65120.8887
 BOND   =       413.2272  ANGLE   =      1164.1243  DIHED      =      1758.5211
 1-4 NB =       493.6806  1-4 EEL =      6818.4909  VDWAALS    =      7837.8912
 EELEC  =    -83608.3905  EHBOND  =         0.0000  RESTRAINT  =         1.5664
 EAMBER (non-restraint)  =    -65122.4551
 EKCMT  =      5798.7625  VIRIAL  =      4863.4099  VOLUME     =    214666.1412
                                                    Density    =         1.0189
 ------------------------------------------------------------------------------

wrapping first mol.:      -43.56533       30.80535       53.35642
wrapping first mol.:      -43.56533       30.80535       53.35642

 NSTEP =     8500   TIME(PS) =    6617.000  TEMP(K) =   300.90  PRESS =    36.9
 Etot   =    -52084.7057  EKtot   =     13195.1396  EPtot      =    -65279.8453
 BOND   =       379.4385  ANGLE   =      1168.6325  DIHED      =      1742.1593
 1-4 NB =       500.7464  1-4 EEL =      6841.0705  VDWAALS    =      7831.1011
 EELEC  =    -83744.4469  EHBOND  =         0.0000  RESTRAINT  =         1.4533
 EAMBER (non-restraint)  =    -65281.2986
 EKCMT  =      5759.0730  VIRIAL  =      5587.8269  VOLUME     =    214819.4506
                                                    Density    =         1.0181
 ------------------------------------------------------------------------------

wrapping first mol.:      -43.54902       30.79381       53.33644
wrapping first mol.:      -43.54902       30.79381       53.33644

 NSTEP =     9000   TIME(PS) =    6618.000  TEMP(K) =   298.07  PRESS =   -83.6
 Etot   =    -52180.6106  EKtot   =     13071.2832  EPtot      =    -65251.8938
 BOND   =       397.5377  ANGLE   =      1162.9487  DIHED      =      1763.7404
 1-4 NB =       498.7418  1-4 EEL =      6823.9778  VDWAALS    =      7954.3602
 EELEC  =    -83854.6376  EHBOND  =         0.0000  RESTRAINT  =         1.4371
 EAMBER (non-restraint)  =    -65253.3309
 EKCMT  =      5687.4034  VIRIAL  =      6074.7650  VOLUME     =    214580.5511
                                                    Density    =         1.0193
 ------------------------------------------------------------------------------

wrapping first mol.:      -43.56690       30.80646       53.35834
wrapping first mol.:      -43.56690       30.80646       53.35834

 NSTEP =     9500   TIME(PS) =    6619.000  TEMP(K) =   296.65  PRESS =    60.1
 Etot   =    -52196.2769  EKtot   =     13008.7656  EPtot      =    -65205.0425
 BOND   =       403.5243  ANGLE   =      1180.3143  DIHED      =      1763.7722
 1-4 NB =       501.3126  1-4 EEL =      6806.6639  VDWAALS    =      7811.3893
 EELEC  =    -83673.4906  EHBOND  =         0.0000  RESTRAINT  =         1.4714
 EAMBER (non-restraint)  =    -65206.5139
 EKCMT  =      5817.3699  VIRIAL  =      5538.3539  VOLUME     =    214842.2476
                                                    Density    =         1.0180
 ------------------------------------------------------------------------------

wrapping first mol.:      -43.57119       30.80949       53.36360
wrapping first mol.:      -43.57119       30.80949       53.36360

 NSTEP =    10000   TIME(PS) =    6620.000  TEMP(K) =   301.21  PRESS =    37.8
 Etot   =    -51955.3841  EKtot   =     13208.7773  EPtot      =    -65164.1615
 BOND   =       437.7481  ANGLE   =      1161.1164  DIHED      =      1770.6828
 1-4 NB =       502.3259  1-4 EEL =      6804.4130  VDWAALS    =      7953.5563
 EELEC  =    -83795.4929  EHBOND  =         0.0000  RESTRAINT  =         1.4889
 EAMBER (non-restraint)  =    -65165.6504
 EKCMT  =      5758.1783  VIRIAL  =      5582.6675  VOLUME     =    214906.1568
                                                    Density    =         1.0177
 ------------------------------------------------------------------------------

wrapping first mol.:      -43.56079       30.80213       53.35086
wrapping first mol.:      -43.56079       30.80213       53.35086

 NSTEP =    10500   TIME(PS) =    6621.000  TEMP(K) =   300.81  PRESS =  -234.0
 Etot   =    -52126.6413  EKtot   =     13191.2471  EPtot      =    -65317.8884
 BOND   =       430.1736  ANGLE   =      1172.5838  DIHED      =      1761.1934
 1-4 NB =       488.9363  1-4 EEL =      6742.3321  VDWAALS    =      7827.5768
 EELEC  =    -83742.3154  EHBOND  =         0.0000  RESTRAINT  =         1.6311
 EAMBER (non-restraint)  =    -65319.5195
 EKCMT  =      5808.1489  VIRIAL  =      6893.1169  VOLUME     =    214757.4525
                                                    Density    =         1.0184
 ------------------------------------------------------------------------------

wrapping first mol.:      -43.55712       30.79954       53.34637
wrapping first mol.:      -43.55712       30.79954       53.34637

 NSTEP =    11000   TIME(PS) =    6622.000  TEMP(K) =   299.67  PRESS =   493.5
 Etot   =    -52093.3931  EKtot   =     13141.1631  EPtot      =    -65234.5562
 BOND   =       397.2972  ANGLE   =      1138.6331  DIHED      =      1766.8828
 1-4 NB =       504.7936  1-4 EEL =      6793.3692  VDWAALS    =      8066.5039
 EELEC  =    -83903.5750  EHBOND  =         0.0000  RESTRAINT  =         1.5391
 EAMBER (non-restraint)  =    -65236.0953
 EKCMT  =      5859.9000  VIRIAL  =      3572.4350  VOLUME     =    214689.3095
                                                    Density    =         1.0188
 ------------------------------------------------------------------------------

wrapping first mol.:      -43.55495       30.79801       53.34371
wrapping first mol.:      -43.55495       30.79801       53.34371

 NSTEP =    11500   TIME(PS) =    6623.000  TEMP(K) =   299.72  PRESS =    96.2
 Etot   =    -52184.5328  EKtot   =     13143.2881  EPtot      =    -65327.8208
 BOND   =       369.2035  ANGLE   =      1157.5422  DIHED      =      1760.0567
 1-4 NB =       496.9715  1-4 EEL =      6833.4048  VDWAALS    =      7913.7342
 EELEC  =    -83860.3978  EHBOND  =         0.0000  RESTRAINT  =         1.6640
 EAMBER (non-restraint)  =    -65329.4849
 EKCMT  =      5748.4391  VIRIAL  =      5302.5631  VOLUME     =    214664.8749
                                                    Density    =         1.0189
 ------------------------------------------------------------------------------

wrapping first mol.:      -43.55941       30.80116       53.34917
wrapping first mol.:      -43.55941       30.80116       53.34917

 NSTEP =    12000   TIME(PS) =    6624.000  TEMP(K) =   298.14  PRESS =   170.6
 Etot   =    -52225.8817  EKtot   =     13074.3496  EPtot      =    -65300.2313
 BOND   =       429.7669  ANGLE   =      1141.1250  DIHED      =      1762.3004
 1-4 NB =       505.0638  1-4 EEL =      6787.1688  VDWAALS    =      7970.3297
 EELEC  =    -83897.6264  EHBOND  =         0.0000  RESTRAINT  =         1.6405
 EAMBER (non-restraint)  =    -65301.8718
 EKCMT  =      5762.6301  VIRIAL  =      4971.4748  VOLUME     =    214729.3745
                                                    Density    =         1.0186
 ------------------------------------------------------------------------------

wrapping first mol.:      -43.55440       30.79761       53.34303
wrapping first mol.:      -43.55440       30.79761       53.34303

 NSTEP =    12500   TIME(PS) =    6625.000  TEMP(K) =   300.30  PRESS =    13.8
 Etot   =    -52093.4236  EKtot   =     13169.0029  EPtot      =    -65262.4265
 BOND   =       399.6922  ANGLE   =      1185.4886  DIHED      =      1754.6527
 1-4 NB =       496.4382  1-4 EEL =      6804.7649  VDWAALS    =      7870.9268
 EELEC  =    -83776.1080  EHBOND  =         0.0000  RESTRAINT  =         1.7181
 EAMBER (non-restraint)  =    -65264.1446
 EKCMT  =      5766.9325  VIRIAL  =      5702.8905  VOLUME     =    214658.2012
                                                    Density    =         1.0189
 ------------------------------------------------------------------------------

wrapping first mol.:      -43.54336       30.78981       53.32951
wrapping first mol.:      -43.54336       30.78981       53.32951

 NSTEP =    13000   TIME(PS) =    6626.000  TEMP(K) =   298.75  PRESS =     7.4
 Etot   =    -52315.8966  EKtot   =     13100.7354  EPtot      =    -65416.6320
 BOND   =       405.0999  ANGLE   =      1138.8235  DIHED      =      1746.9186
 1-4 NB =       504.4881  1-4 EEL =      6806.6933  VDWAALS    =      7884.8519
 EELEC  =    -83905.2382  EHBOND  =         0.0000  RESTRAINT  =         1.7310
 EAMBER (non-restraint)  =    -65418.3630
 EKCMT  =      5784.1536  VIRIAL  =      5749.8955  VOLUME     =    214495.1623
                                                    Density    =         1.0197
 ------------------------------------------------------------------------------

wrapping first mol.:      -43.55167       30.79569       53.33969
wrapping first mol.:      -43.55167       30.79569       53.33969

 NSTEP =    13500   TIME(PS) =    6627.000  TEMP(K) =   299.66  PRESS =    36.6
 Etot   =    -52223.2497  EKtot   =     13140.8828  EPtot      =    -65364.1325
 BOND   =       388.6921  ANGLE   =      1190.6511  DIHED      =      1739.2935
 1-4 NB =       508.9216  1-4 EEL =      6833.1324  VDWAALS    =      7837.2619
 EELEC  =    -83864.2747  EHBOND  =         0.0000  RESTRAINT  =         2.1896
 EAMBER (non-restraint)  =    -65366.3221
 EKCMT  =      5754.6918  VIRIAL  =      5584.9921  VOLUME     =    214617.4674
                                                    Density    =         1.0191
 ------------------------------------------------------------------------------

wrapping first mol.:      -43.52600       30.77754       53.30825
wrapping first mol.:      -43.52600       30.77754       53.30825

 NSTEP =    14000   TIME(PS) =    6628.000  TEMP(K) =   299.14  PRESS =  -189.3
 Etot   =    -52352.3246  EKtot   =     13117.8643  EPtot      =    -65470.1889
 BOND   =       399.9330  ANGLE   =      1153.8193  DIHED      =      1763.6345
 1-4 NB =       494.6123  1-4 EEL =      6812.2733  VDWAALS    =      7681.7882
 EELEC  =    -83778.4540  EHBOND  =         0.0000  RESTRAINT  =         2.2045
 EAMBER (non-restraint)  =    -65472.3934
 EKCMT  =      5804.0362  VIRIAL  =      6679.7727  VOLUME     =    214242.5075
                                                    Density    =         1.0209
 ------------------------------------------------------------------------------

wrapping first mol.:      -43.50698       30.76408       53.28495
wrapping first mol.:      -43.50698       30.76408       53.28495

 NSTEP =    14500   TIME(PS) =    6629.000  TEMP(K) =   302.00  PRESS =  -123.9
 Etot   =    -51983.4318  EKtot   =     13243.2471  EPtot      =    -65226.6789
 BOND   =       393.7139  ANGLE   =      1154.0192  DIHED      =      1744.8574
 1-4 NB =       496.0667  1-4 EEL =      6810.5683  VDWAALS    =      7800.0985
 EELEC  =    -83628.5832  EHBOND  =         0.0000  RESTRAINT  =         2.5803
 EAMBER (non-restraint)  =    -65229.2592
 EKCMT  =      5863.0598  VIRIAL  =      6435.3801  VOLUME     =    213960.4800
                                                    Density    =         1.0222
 ------------------------------------------------------------------------------

wrapping first mol.:      -43.51900       30.77259       53.29968
wrapping first mol.:      -43.51900       30.77259       53.29968

 NSTEP =    15000   TIME(PS) =    6630.000  TEMP(K) =   297.48  PRESS =   255.5
 Etot   =    -52217.4933  EKtot   =     13045.3027  EPtot      =    -65262.7960
 BOND   =       421.1141  ANGLE   =      1137.9179  DIHED      =      1761.8454
 1-4 NB =       498.9749  1-4 EEL =      6840.0985  VDWAALS    =      7868.2519
 EELEC  =    -83793.3862  EHBOND  =         0.0000  RESTRAINT  =         2.3875
 EAMBER (non-restraint)  =    -65265.1835
 EKCMT  =      5761.3620  VIRIAL  =      4580.1306  VOLUME     =    214130.7242
                                                    Density    =         1.0214
 ------------------------------------------------------------------------------

wrapping first mol.:      -43.53270       30.78227       53.31646
wrapping first mol.:      -43.53270       30.78227       53.31646

 NSTEP =    15500   TIME(PS) =    6631.000  TEMP(K) =   297.95  PRESS =   121.6
 Etot   =    -52012.7516  EKtot   =     13065.7930  EPtot      =    -65078.5445
 BOND   =       426.6719  ANGLE   =      1161.5118  DIHED      =      1736.1084
 1-4 NB =       499.8902  1-4 EEL =      6771.2816  VDWAALS    =      7866.4275
 EELEC  =    -83543.0789  EHBOND  =         0.0000  RESTRAINT  =         2.6430
 EAMBER (non-restraint)  =    -65081.1875
 EKCMT  =      5752.2481  VIRIAL  =      5189.3010  VOLUME     =    214335.5197
                                                    Density    =         1.0204
 ------------------------------------------------------------------------------

wrapping first mol.:      -43.54324       30.78972       53.32936
wrapping first mol.:      -43.54324       30.78972       53.32936

 NSTEP =    16000   TIME(PS) =    6632.000  TEMP(K) =   300.15  PRESS =   -93.2
 Etot   =    -51959.0526  EKtot   =     13162.0645  EPtot      =    -65121.1170
 BOND   =       402.6044  ANGLE   =      1188.3265  DIHED      =      1762.3665
 1-4 NB =       514.3924  1-4 EEL =      6844.5327  VDWAALS    =      7776.9861
 EELEC  =    -83612.9861  EHBOND  =         0.0000  RESTRAINT  =         2.6604
 EAMBER (non-restraint)  =    -65123.7774
 EKCMT  =      5803.7133  VIRIAL  =      6235.5208  VOLUME     =    214495.3052
                                                    Density    =         1.0197
 ------------------------------------------------------------------------------

wrapping first mol.:      -43.54395       30.79023       53.33023
wrapping first mol.:      -43.54395       30.79023       53.33023

 NSTEP =    16500   TIME(PS) =    6633.000  TEMP(K) =   299.14  PRESS =    21.5
 Etot   =    -52179.3636  EKtot   =     13118.0176  EPtot      =    -65297.3812
 BOND   =       396.5518  ANGLE   =      1177.6295  DIHED      =      1752.9873
 1-4 NB =       488.8414  1-4 EEL =      6810.8175  VDWAALS    =      7763.6902
 EELEC  =    -83690.4898  EHBOND  =         0.0000  RESTRAINT  =         2.5909
 EAMBER (non-restraint)  =    -65299.9721
 EKCMT  =      5744.3798  VIRIAL  =      5644.7645  VOLUME     =    214503.5816
                                                    Density    =         1.0196
 ------------------------------------------------------------------------------

wrapping first mol.:      -43.52952       30.78003       53.31256
wrapping first mol.:      -43.52952       30.78003       53.31256

 NSTEP =    17000   TIME(PS) =    6634.000  TEMP(K) =   299.07  PRESS =   182.5
 Etot   =    -52301.4054  EKtot   =     13115.1035  EPtot      =    -65416.5090
 BOND   =       409.9871  ANGLE   =      1175.0561  DIHED      =      1767.5399
 1-4 NB =       496.9214  1-4 EEL =      6813.8902  VDWAALS    =      8072.9201
 EELEC  =    -84155.1312  EHBOND  =         0.0000  RESTRAINT  =         2.3075
 EAMBER (non-restraint)  =    -65418.8165
 EKCMT  =      5760.3166  VIRIAL  =      4916.1223  VOLUME     =    214287.3966
                                                    Density    =         1.0207
 ------------------------------------------------------------------------------

wrapping first mol.:      -43.57156       30.80975       53.36405
wrapping first mol.:      -43.57156       30.80975       53.36405

 NSTEP =    17500   TIME(PS) =    6635.000  TEMP(K) =   298.88  PRESS =   -33.5
 Etot   =    -52287.3499  EKtot   =     13106.7471  EPtot      =    -65394.0970
 BOND   =       420.1339  ANGLE   =      1188.1240  DIHED      =      1728.7145
 1-4 NB =       491.0197  1-4 EEL =      6798.9577  VDWAALS    =      7898.7782
 EELEC  =    -83922.0192  EHBOND  =         0.0000  RESTRAINT  =         2.1943
 EAMBER (non-restraint)  =    -65396.2912
 EKCMT  =      5760.0660  VIRIAL  =      5915.7141  VOLUME     =    214912.9277
                                                    Density    =         1.0177
 ------------------------------------------------------------------------------

wrapping first mol.:      -43.57903       30.81504       53.37320
wrapping first mol.:      -43.57903       30.81504       53.37320

 NSTEP =    18000   TIME(PS) =    6636.000  TEMP(K) =   299.33  PRESS =    79.1
 Etot   =    -52046.0564  EKtot   =     13126.1602  EPtot      =    -65172.2165
 BOND   =       415.2059  ANGLE   =      1153.2313  DIHED      =      1756.3442
 1-4 NB =       488.8247  1-4 EEL =      6785.8976  VDWAALS    =      7946.8763
 EELEC  =    -83720.9888  EHBOND  =         0.0000  RESTRAINT  =         2.3922
 EAMBER (non-restraint)  =    -65174.6087
 EKCMT  =      5742.0910  VIRIAL  =      5374.7687  VOLUME     =    215021.4231
                                                    Density    =         1.0172
 ------------------------------------------------------------------------------

wrapping first mol.:      -43.58870       30.82187       53.38504
wrapping first mol.:      -43.58870       30.82187       53.38504

 NSTEP =    18500   TIME(PS) =    6637.000  TEMP(K) =   303.39  PRESS =  -204.9
 Etot   =    -52020.9357  EKtot   =     13304.2832  EPtot      =    -65325.2189
 BOND   =       387.5756  ANGLE   =      1133.8816  DIHED      =      1745.8382
 1-4 NB =       504.3459  1-4 EEL =      6825.6352  VDWAALS    =      7869.6232
 EELEC  =    -83794.7559  EHBOND  =         0.0000  RESTRAINT  =         2.6373
 EAMBER (non-restraint)  =    -65327.8562
 EKCMT  =      5898.6701  VIRIAL  =      6850.3658  VOLUME     =    215169.9390
                                                    Density    =         1.0165
 ------------------------------------------------------------------------------

wrapping first mol.:      -43.58287       30.81775       53.37791
wrapping first mol.:      -43.58287       30.81775       53.37791

 NSTEP =    19000   TIME(PS) =    6638.000  TEMP(K) =   300.55  PRESS =   267.7
 Etot   =    -52047.2985  EKtot   =     13179.8887  EPtot      =    -65227.1872
 BOND   =       449.8269  ANGLE   =      1116.9035  DIHED      =      1791.5415
 1-4 NB =       492.3386  1-4 EEL =      6823.1587  VDWAALS    =      7888.5610
 EELEC  =    -83792.1943  EHBOND  =         0.0000  RESTRAINT  =         2.6769
 EAMBER (non-restraint)  =    -65229.8641
 EKCMT  =      5811.6539  VIRIAL  =      4568.4623  VOLUME     =    215074.6657
                                                    Density    =         1.0169
 ------------------------------------------------------------------------------

wrapping first mol.:      -43.60074       30.83039       53.39979
wrapping first mol.:      -43.60074       30.83039       53.39979

 NSTEP =    19500   TIME(PS) =    6639.000  TEMP(K) =   304.34  PRESS =  -242.1
 Etot   =    -51945.0780  EKtot   =     13346.0000  EPtot      =    -65291.0780
 BOND   =       412.0353  ANGLE   =      1216.8309  DIHED      =      1752.2189
 1-4 NB =       492.2551  1-4 EEL =      6803.3565  VDWAALS    =      7739.6872
 EELEC  =    -83710.7021  EHBOND  =         0.0000  RESTRAINT  =         3.2401
 EAMBER (non-restraint)  =    -65294.3182
 EKCMT  =      5819.8264  VIRIAL  =      6945.6472  VOLUME     =    215349.1011
                                                    Density    =         1.0156
 ------------------------------------------------------------------------------

wrapping first mol.:      -43.60308       30.83204       53.40265
wrapping first mol.:      -43.60308       30.83204       53.40265

 NSTEP =    20000   TIME(PS) =    6640.000  TEMP(K) =   301.14  PRESS =   -43.1
 Etot   =    -52056.2843  EKtot   =     13205.8574  EPtot      =    -65262.1417
 BOND   =       438.2816  ANGLE   =      1142.5354  DIHED      =      1730.0738
 1-4 NB =       516.6833  1-4 EEL =      6811.1979  VDWAALS    =      7736.4850
 EELEC  =    -83640.2521  EHBOND  =         0.0000  RESTRAINT  =         2.8533
 EAMBER (non-restraint)  =    -65264.9950
 EKCMT  =      5874.4518  VIRIAL  =      6074.6593  VOLUME     =    215379.9150
                                                    Density    =         1.0155
 ------------------------------------------------------------------------------

wrapping first mol.:      -43.61264       30.83880       53.41436
wrapping first mol.:      -43.61264       30.83880       53.41436

 NSTEP =    20500   TIME(PS) =    6641.000  TEMP(K) =   299.14  PRESS =    21.9
 Etot   =    -52062.2250  EKtot   =     13117.9287  EPtot      =    -65180.1537
 BOND   =       409.5389  ANGLE   =      1141.9200  DIHED      =      1731.8400
 1-4 NB =       499.6104  1-4 EEL =      6828.8372  VDWAALS    =      8050.9136
 EELEC  =    -83846.3217  EHBOND  =         0.0000  RESTRAINT  =         3.5079
 EAMBER (non-restraint)  =    -65183.6616
 EKCMT  =      5745.6766  VIRIAL  =      5643.7288  VOLUME     =    215520.3796
                                                    Density    =         1.0148
 ------------------------------------------------------------------------------

wrapping first mol.:      -43.58201       30.81714       53.37685
wrapping first mol.:      -43.58201       30.81714       53.37685

 NSTEP =    21000   TIME(PS) =    6642.000  TEMP(K) =   299.60  PRESS =    29.8
 Etot   =    -52267.9761  EKtot   =     13138.2285  EPtot      =    -65406.2046
 BOND   =       406.6472  ANGLE   =      1156.8211  DIHED      =      1762.9878
 1-4 NB =       482.3944  1-4 EEL =      6778.3914  VDWAALS    =      7871.6954
 EELEC  =    -83868.3699  EHBOND  =         0.0000  RESTRAINT  =         3.2280
 EAMBER (non-restraint)  =    -65409.4326
 EKCMT  =      5865.7045  VIRIAL  =      5727.4910  VOLUME     =    215066.3912
                                                    Density    =         1.0170
 ------------------------------------------------------------------------------

wrapping first mol.:      -43.56114       30.80238       53.35129
wrapping first mol.:      -43.56114       30.80238       53.35129

 NSTEP =    21500   TIME(PS) =    6643.000  TEMP(K) =   298.68  PRESS =     8.2
 Etot   =    -52317.0235  EKtot   =     13097.9189  EPtot      =    -65414.9425
 BOND   =       407.3081  ANGLE   =      1141.7628  DIHED      =      1765.0838
 1-4 NB =       479.3043  1-4 EEL =      6793.6083  VDWAALS    =      7979.1923
 EELEC  =    -83984.2741  EHBOND  =         0.0000  RESTRAINT  =         3.0720
 EAMBER (non-restraint)  =    -65418.0144
 EKCMT  =      5763.2218  VIRIAL  =      5725.1094  VOLUME     =    214758.0612
                                                    Density    =         1.0184
 ------------------------------------------------------------------------------

wrapping first mol.:      -43.52123       30.77416       53.30241
wrapping first mol.:      -43.52123       30.77416       53.30241

 NSTEP =    22000   TIME(PS) =    6644.000  TEMP(K) =   301.41  PRESS =   151.3
 Etot   =    -51964.3796  EKtot   =     13217.5430  EPtot      =    -65181.9226
 BOND   =       426.8058  ANGLE   =      1141.2939  DIHED      =      1765.6349
 1-4 NB =       500.8860  1-4 EEL =      6818.1017  VDWAALS    =      7872.8679
 EELEC  =    -83710.6455  EHBOND  =         0.0000  RESTRAINT  =         3.1327
 EAMBER (non-restraint)  =    -65185.0553
 EKCMT  =      5890.9317  VIRIAL  =      5191.2710  VOLUME     =    214165.5749
                                                    Density    =         1.0213
 ------------------------------------------------------------------------------

wrapping first mol.:      -43.55235       30.79617       53.34052
wrapping first mol.:      -43.55235       30.79617       53.34052

 NSTEP =    22500   TIME(PS) =    6645.000  TEMP(K) =   303.36  PRESS =    89.0
 Etot   =    -52047.9448  EKtot   =     13303.2686  EPtot      =    -65351.2133
 BOND   =       412.3023  ANGLE   =      1175.9093  DIHED      =      1751.9125
 1-4 NB =       494.5836  1-4 EEL =      6810.5798  VDWAALS    =      8017.0595
 EELEC  =    -84016.1914  EHBOND  =         0.0000  RESTRAINT  =         2.6310
 EAMBER (non-restraint)  =    -65353.8443
 EKCMT  =      5873.0305  VIRIAL  =      5460.3862  VOLUME     =    214626.4996
                                                    Density    =         1.0191
 ------------------------------------------------------------------------------

wrapping first mol.:      -43.61396       30.83974       53.41599
wrapping first mol.:      -43.61396       30.83974       53.41599

 NSTEP =    23000   TIME(PS) =    6646.000  TEMP(K) =   305.87  PRESS =    63.1
 Etot   =    -51728.2663  EKtot   =     13413.1006  EPtot      =    -65141.3669
 BOND   =       388.8312  ANGLE   =      1180.3240  DIHED      =      1748.2425
 1-4 NB =       507.3844  1-4 EEL =      6834.3628  VDWAALS    =      7931.2871
 EELEC  =    -83734.5429  EHBOND  =         0.0000  RESTRAINT  =         2.7442
 EAMBER (non-restraint)  =    -65144.1110
 EKCMT  =      5987.0275  VIRIAL  =      5693.3235  VOLUME     =    215539.2094
                                                    Density    =         1.0147
 ------------------------------------------------------------------------------

wrapping first mol.:      -43.59250       30.82456       53.38970
wrapping first mol.:      -43.59250       30.82456       53.38970

 NSTEP =    23500   TIME(PS) =    6647.000  TEMP(K) =   300.24  PRESS =    67.9
 Etot   =    -51916.8620  EKtot   =     13166.0342  EPtot      =    -65082.8962
 BOND   =       386.3332  ANGLE   =      1146.8982  DIHED      =      1774.7472
 1-4 NB =       491.6409  1-4 EEL =      6845.9273  VDWAALS    =      7803.9286
 EELEC  =    -83535.3446  EHBOND  =         0.0000  RESTRAINT  =         2.9729
 EAMBER (non-restraint)  =    -65085.8691
 EKCMT  =      5746.0768  VIRIAL  =      5430.6253  VOLUME     =    215221.0817
                                                    Density    =         1.0162
 ------------------------------------------------------------------------------

wrapping first mol.:      -43.60115       30.83068       53.40030
wrapping first mol.:      -43.60115       30.83068       53.40030

 NSTEP =    24000   TIME(PS) =    6648.000  TEMP(K) =   298.56  PRESS =  -148.4
 Etot   =    -52018.0467  EKtot   =     13092.7666  EPtot      =    -65110.8133
 BOND   =       414.0708  ANGLE   =      1202.1972  DIHED      =      1740.4541
 1-4 NB =       502.1585  1-4 EEL =      6847.8866  VDWAALS    =      7803.0694
 EELEC  =    -83624.0229  EHBOND  =         0.0000  RESTRAINT  =         3.3731
 EAMBER (non-restraint)  =    -65114.1864
 EKCMT  =      5694.4682  VIRIAL  =      6384.6382  VOLUME     =    215353.4152
                                                    Density    =         1.0156
 ------------------------------------------------------------------------------

wrapping first mol.:      -43.61782       30.84246       53.42071
wrapping first mol.:      -43.61782       30.84246       53.42071

 NSTEP =    24500   TIME(PS) =    6649.000  TEMP(K) =   299.94  PRESS =   196.0
 Etot   =    -52050.7623  EKtot   =     13153.1523  EPtot      =    -65203.9147
 BOND   =       416.4522  ANGLE   =      1165.8133  DIHED      =      1760.9658
 1-4 NB =       494.7375  1-4 EEL =      6852.1883  VDWAALS    =      8072.5131
 EELEC  =    -83969.9157  EHBOND  =         0.0000  RESTRAINT  =         3.3308
 EAMBER (non-restraint)  =    -65207.2455
 EKCMT  =      5800.3710  VIRIAL  =      4887.9494  VOLUME     =    215593.8644
                                                    Density    =         1.0145
 ------------------------------------------------------------------------------

wrapping first mol.:      -43.62509       30.84760       53.42961
wrapping first mol.:      -43.62509       30.84760       53.42961

 NSTEP =    25000   TIME(PS) =    6650.000  TEMP(K) =   304.65  PRESS =   -98.5
 Etot   =    -51857.1637  EKtot   =     13359.7939  EPtot      =    -65216.9576
 BOND   =       431.3649  ANGLE   =      1171.6688  DIHED      =      1736.2545
 1-4 NB =       504.5683  1-4 EEL =      6857.8599  VDWAALS    =      7765.9088
 EELEC  =    -83687.9189  EHBOND  =         0.0000  RESTRAINT  =         3.3361
 EAMBER (non-restraint)  =    -65220.2937
 EKCMT  =      5811.5491  VIRIAL  =      6270.1399  VOLUME     =    215707.3481
                                                    Density    =         1.0140
 ------------------------------------------------------------------------------

wrapping first mol.:      -43.62208       30.84548       53.42593
wrapping first mol.:      -43.62208       30.84548       53.42593

 NSTEP =    25500   TIME(PS) =    6651.000  TEMP(K) =   301.48  PRESS =    46.6
 Etot   =    -51935.2103  EKtot   =     13220.6797  EPtot      =    -65155.8900
 BOND   =       390.8806  ANGLE   =      1176.2032  DIHED      =      1753.4894
 1-4 NB =       498.9079  1-4 EEL =      6842.5866  VDWAALS    =      7918.9145
 EELEC  =    -83740.3899  EHBOND  =         0.0000  RESTRAINT  =         3.5178
 EAMBER (non-restraint)  =    -65159.4077
 EKCMT  =      5840.2692  VIRIAL  =      5623.4460  VOLUME     =    215659.9147
                                                    Density    =         1.0142
 ------------------------------------------------------------------------------

wrapping first mol.:      -43.61909       30.84336       53.42226
wrapping first mol.:      -43.61909       30.84336       53.42226

 NSTEP =    26000   TIME(PS) =    6652.000  TEMP(K) =   296.64  PRESS =    -7.1
 Etot   =    -52008.5511  EKtot   =     13008.3438  EPtot      =    -65016.8949
 BOND   =       406.5866  ANGLE   =      1140.0353  DIHED      =      1761.6736
 1-4 NB =       508.2921  1-4 EEL =      6870.6564  VDWAALS    =      7841.5939
 EELEC  =    -83548.9929  EHBOND  =         0.0000  RESTRAINT  =         3.2601
 EAMBER (non-restraint)  =    -65020.1550
 EKCMT  =      5681.4197  VIRIAL  =      5714.6349  VOLUME     =    215616.5177
                                                    Density    =         1.0144
 ------------------------------------------------------------------------------

wrapping first mol.:      -43.59224       30.82438       53.38938
wrapping first mol.:      -43.59224       30.82438       53.38938

 NSTEP =    26500   TIME(PS) =    6653.000  TEMP(K) =   297.98  PRESS =   129.8
 Etot   =    -52181.2526  EKtot   =     13066.9824  EPtot      =    -65248.2350
 BOND   =       391.3954  ANGLE   =      1173.0219  DIHED      =      1761.6832
 1-4 NB =       505.4533  1-4 EEL =      6832.7329  VDWAALS    =      8012.4595
 EELEC  =    -83928.0849  EHBOND  =         0.0000  RESTRAINT  =         3.1036
 EAMBER (non-restraint)  =    -65251.3386
 EKCMT  =      5705.8429  VIRIAL  =      5102.4603  VOLUME     =    215216.0404
                                                    Density    =         1.0163
 ------------------------------------------------------------------------------

wrapping first mol.:      -43.57660       30.81331       53.37022
wrapping first mol.:      -43.57660       30.81331       53.37022

 NSTEP =    27000   TIME(PS) =    6654.000  TEMP(K) =   303.29  PRESS =    36.2
 Etot   =    -51891.0616  EKtot   =     13299.9805  EPtot      =    -65191.0421
 BOND   =       411.1645  ANGLE   =      1133.5062  DIHED      =      1751.3947
 1-4 NB =       512.1727  1-4 EEL =      6833.8431  VDWAALS    =      7874.5387
 EELEC  =    -83710.6825  EHBOND  =         0.0000  RESTRAINT  =         3.0206
 EAMBER (non-restraint)  =    -65194.0627
 EKCMT  =      5808.2875  VIRIAL  =      5640.2449  VOLUME     =    214986.1857
                                                    Density    =         1.0174
 ------------------------------------------------------------------------------

wrapping first mol.:      -43.55439       30.79761       53.34302
wrapping first mol.:      -43.55439       30.79761       53.34302

 NSTEP =    27500   TIME(PS) =    6655.000  TEMP(K) =   299.77  PRESS =    91.1
 Etot   =    -52161.8344  EKtot   =     13145.6738  EPtot      =    -65307.5083
 BOND   =       408.2882  ANGLE   =      1155.3450  DIHED      =      1763.4579
 1-4 NB =       501.0512  1-4 EEL =      6819.3372  VDWAALS    =      7905.1373
 EELEC  =    -83862.9979  EHBOND  =         0.0000  RESTRAINT  =         2.8730
 EAMBER (non-restraint)  =    -65310.3812
 EKCMT  =      5738.8490  VIRIAL  =      5316.3963  VOLUME     =    214656.6370
                                                    Density    =         1.0189
 ------------------------------------------------------------------------------

wrapping first mol.:      -43.58511       30.81933       53.38064
wrapping first mol.:      -43.58511       30.81933       53.38064

 NSTEP =    28000   TIME(PS) =    6656.000  TEMP(K) =   303.09  PRESS =  -192.0
 Etot   =    -51912.0083  EKtot   =     13291.1572  EPtot      =    -65203.1656
 BOND   =       420.1461  ANGLE   =      1145.6340  DIHED      =      1766.1663
 1-4 NB =       492.5457  1-4 EEL =      6811.9691  VDWAALS    =      7890.9036
 EELEC  =    -83733.7896  EHBOND  =         0.0000  RESTRAINT  =         3.2593
 EAMBER (non-restraint)  =    -65206.4248
 EKCMT  =      5804.7474  VIRIAL  =      6696.4216  VOLUME     =    215116.5480
                                                    Density    =         1.0167
 ------------------------------------------------------------------------------

wrapping first mol.:      -43.56849       30.80758       53.36030
wrapping first mol.:      -43.56849       30.80758       53.36030

 NSTEP =    28500   TIME(PS) =    6657.000  TEMP(K) =   301.40  PRESS =   -13.3
 Etot   =    -51996.1185  EKtot   =     13217.2090  EPtot      =    -65213.3275
 BOND   =       402.0141  ANGLE   =      1151.2779  DIHED      =      1775.5576
 1-4 NB =       493.9968  1-4 EEL =      6820.4821  VDWAALS    =      7815.5003
 EELEC  =    -83674.7513  EHBOND  =         0.0000  RESTRAINT  =         2.5951
 EAMBER (non-restraint)  =    -65215.9226
 EKCMT  =      5747.1393  VIRIAL  =      5808.9522  VOLUME     =    214867.2460
                                                    Density    =         1.0179
 ------------------------------------------------------------------------------

wrapping first mol.:      -43.60605       30.83414       53.40629
wrapping first mol.:      -43.60605       30.83414       53.40629

 NSTEP =    29000   TIME(PS) =    6658.000  TEMP(K) =   298.26  PRESS =  -231.9
 Etot   =    -52088.9785  EKtot   =     13079.3633  EPtot      =    -65168.3417
 BOND   =       400.8948  ANGLE   =      1129.7072  DIHED      =      1754.0036
 1-4 NB =       513.6578  1-4 EEL =      6847.7153  VDWAALS    =      7735.3788
 EELEC  =    -83552.3477  EHBOND  =         0.0000  RESTRAINT  =         2.6484
 EAMBER (non-restraint)  =    -65170.9902
 EKCMT  =      5799.9788  VIRIAL  =      6878.8551  VOLUME     =    215427.5412
                                                    Density    =         1.0153
 ------------------------------------------------------------------------------

wrapping first mol.:      -43.58610       30.82003       53.38186
wrapping first mol.:      -43.58610       30.82003       53.38186

 NSTEP =    29500   TIME(PS) =    6659.000  TEMP(K) =   297.82  PRESS =   181.2
 Etot   =    -52247.2626  EKtot   =     13060.0674  EPtot      =    -65307.3300
 BOND   =       410.5727  ANGLE   =      1151.2953  DIHED      =      1770.5700
 1-4 NB =       477.2266  1-4 EEL =      6841.1672  VDWAALS    =      8040.4178
 EELEC  =    -84001.8019  EHBOND  =         0.0000  RESTRAINT  =         3.2222
 EAMBER (non-restraint)  =    -65310.5522
 EKCMT  =      5741.4471  VIRIAL  =      4899.6052  VOLUME     =    215124.0963
                                                    Density    =         1.0167
 ------------------------------------------------------------------------------

wrapping first mol.:      -43.53601       30.78461       53.32051
wrapping first mol.:      -43.53601       30.78461       53.32051

 NSTEP =    30000   TIME(PS) =    6660.000  TEMP(K) =   301.59  PRESS =   -19.0
 Etot   =    -52119.7156  EKtot   =     13225.5527  EPtot      =    -65345.2683
 BOND   =       431.3868  ANGLE   =      1143.0211  DIHED      =      1750.1724
 1-4 NB =       500.3189  1-4 EEL =      6856.1891  VDWAALS    =      7948.1741
 EELEC  =    -83977.3863  EHBOND  =         0.0000  RESTRAINT  =         2.8556
 EAMBER (non-restraint)  =    -65348.1239
 EKCMT  =      5842.3227  VIRIAL  =      5930.0697  VOLUME     =    214387.0595
                                                    Density    =         1.0202
 ------------------------------------------------------------------------------

wrapping first mol.:      -43.53487       30.78381       53.31911
wrapping first mol.:      -43.53487       30.78381       53.31911

 NSTEP =    30500   TIME(PS) =    6661.000  TEMP(K) =   299.89  PRESS =   104.0
 Etot   =    -52146.0126  EKtot   =     13150.7412  EPtot      =    -65296.7538
 BOND   =       423.4208  ANGLE   =      1108.8119  DIHED      =      1766.5080
 1-4 NB =       495.6526  1-4 EEL =      6783.9833  VDWAALS    =      7876.9560
 EELEC  =    -83755.4424  EHBOND  =         0.0000  RESTRAINT  =         3.3560
 EAMBER (non-restraint)  =    -65300.1098
 EKCMT  =      5792.4870  VIRIAL  =      5311.3141  VOLUME     =    214367.8739
                                                    Density    =         1.0203
 ------------------------------------------------------------------------------

wrapping first mol.:      -43.55380       30.79720       53.34230
wrapping first mol.:      -43.55380       30.79720       53.34230

 NSTEP =    31000   TIME(PS) =    6662.000  TEMP(K) =   298.03  PRESS =  -270.2
 Etot   =    -52210.9898  EKtot   =     13069.3457  EPtot      =    -65280.3355
 BOND   =       397.6624  ANGLE   =      1141.9808  DIHED      =      1750.9125
 1-4 NB =       507.6793  1-4 EEL =      6837.6567  VDWAALS    =      7786.1354
 EELEC  =    -83705.5477  EHBOND  =         0.0000  RESTRAINT  =         3.1851
 EAMBER (non-restraint)  =    -65283.5206
 EKCMT  =      5747.5979  VIRIAL  =      6999.8677  VOLUME     =    214654.8627
                                                    Density    =         1.0189
 ------------------------------------------------------------------------------

wrapping first mol.:      -43.57548       30.81253       53.36885
wrapping first mol.:      -43.57548       30.81253       53.36885

 NSTEP =    31500   TIME(PS) =    6663.000  TEMP(K) =   297.12  PRESS =   155.6
 Etot   =    -52380.9948  EKtot   =     13029.5078  EPtot      =    -65410.5027
 BOND   =       402.2170  ANGLE   =      1118.3311  DIHED      =      1749.7202
 1-4 NB =       511.4512  1-4 EEL =      6836.5861  VDWAALS    =      8033.6042
 EELEC  =    -84065.5500  EHBOND  =         0.0000  RESTRAINT  =         3.1376
 EAMBER (non-restraint)  =    -65413.6403
 EKCMT  =      5788.2550  VIRIAL  =      5066.1569  VOLUME     =    214967.4069
                                                    Density    =         1.0174
 ------------------------------------------------------------------------------

wrapping first mol.:      -43.58827       30.82157       53.38451
wrapping first mol.:      -43.58827       30.82157       53.38451

 NSTEP =    32000   TIME(PS) =    6664.000  TEMP(K) =   301.19  PRESS =  -115.2
 Etot   =    -52195.0497  EKtot   =     13208.0332  EPtot      =    -65403.0829
 BOND   =       400.1733  ANGLE   =      1168.2890  DIHED      =      1753.8767
 1-4 NB =       484.9918  1-4 EEL =      6809.8573  VDWAALS    =      7791.8897
 EELEC  =    -83815.6795  EHBOND  =         0.0000  RESTRAINT  =         3.5189
 EAMBER (non-restraint)  =    -65406.6018
 EKCMT  =      5829.7343  VIRIAL  =      6364.7518  VOLUME     =    215161.8788
                                                    Density    =         1.0165
 ------------------------------------------------------------------------------

wrapping first mol.:      -43.58975       30.82262       53.38633
wrapping first mol.:      -43.58975       30.82262       53.38633

 NSTEP =    32500   TIME(PS) =    6665.000  TEMP(K) =   299.11  PRESS =   317.2
 Etot   =    -52194.3072  EKtot   =     13116.4619  EPtot      =    -65310.7692
 BOND   =       409.8341  ANGLE   =      1135.9790  DIHED      =      1773.8342
 1-4 NB =       491.1048  1-4 EEL =      6822.6583  VDWAALS    =      8131.4567
 EELEC  =    -84079.6011  EHBOND  =         0.0000  RESTRAINT  =         3.9647
 EAMBER (non-restraint)  =    -65314.7339
 EKCMT  =      5783.9224  VIRIAL  =      4310.2406  VOLUME     =    215175.5589
                                                    Density    =         1.0165
 ------------------------------------------------------------------------------

wrapping first mol.:      -43.58707       30.82072       53.38305
wrapping first mol.:      -43.58707       30.82072       53.38305

 NSTEP =    33000   TIME(PS) =    6666.000  TEMP(K) =   305.09  PRESS =  -138.0
 Etot   =    -51794.8190  EKtot   =     13378.8779  EPtot      =    -65173.6969
 BOND   =       389.6681  ANGLE   =      1127.0692  DIHED      =      1754.8454
 1-4 NB =       501.9742  1-4 EEL =      6860.5700  VDWAALS    =      7562.2241
 EELEC  =    -83373.7449  EHBOND  =         0.0000  RESTRAINT  =         3.6970
 EAMBER (non-restraint)  =    -65177.3939
 EKCMT  =      5782.8669  VIRIAL  =      6424.1274  VOLUME     =    215144.6487
                                                    Density    =         1.0166
 ------------------------------------------------------------------------------

wrapping first mol.:      -43.56141       30.80258       53.35163
wrapping first mol.:      -43.56141       30.80258       53.35163

 NSTEP =    33500   TIME(PS) =    6667.000  TEMP(K) =   300.37  PRESS =  -232.3
 Etot   =    -52216.8444  EKtot   =     13171.7559  EPtot      =    -65388.6002
 BOND   =       414.3911  ANGLE   =      1151.8697  DIHED      =      1748.1035
 1-4 NB =       496.6916  1-4 EEL =      6820.1844  VDWAALS    =      7791.6497
 EELEC  =    -83814.9072  EHBOND  =         0.0000  RESTRAINT  =         3.4171
 EAMBER (non-restraint)  =    -65392.0173
 EKCMT  =      5739.4334  VIRIAL  =      6816.7258  VOLUME     =    214766.7229
                                                    Density    =         1.0184
 ------------------------------------------------------------------------------

wrapping first mol.:      -43.56602       30.80583       53.35726
wrapping first mol.:      -43.56602       30.80583       53.35726

 NSTEP =    34000   TIME(PS) =    6668.000  TEMP(K) =   302.09  PRESS =     3.5
 Etot   =    -52130.5008  EKtot   =     13247.3359  EPtot      =    -65377.8367
 BOND   =       406.3689  ANGLE   =      1131.0075  DIHED      =      1735.9394
 1-4 NB =       488.3159  1-4 EEL =      6791.7787  VDWAALS    =      7860.6120
 EELEC  =    -83794.6582  EHBOND  =         0.0000  RESTRAINT  =         2.7990
 EAMBER (non-restraint)  =    -65380.6357
 EKCMT  =      5754.1109  VIRIAL  =      5737.8330  VOLUME     =    214830.2542
                                                    Density    =         1.0181
 ------------------------------------------------------------------------------

wrapping first mol.:      -43.53669       30.78510       53.32135
wrapping first mol.:      -43.53669       30.78510       53.32135

 NSTEP =    34500   TIME(PS) =    6669.000  TEMP(K) =   298.37  PRESS =  -166.9
 Etot   =    -52139.2255  EKtot   =     13084.0449  EPtot      =    -65223.2704
 BOND   =       422.8000  ANGLE   =      1155.3949  DIHED      =      1765.6897
 1-4 NB =       497.0259  1-4 EEL =      6814.6529  VDWAALS    =      7770.6527
 EELEC  =    -83652.5281  EHBOND  =         0.0000  RESTRAINT  =         3.0415
 EAMBER (non-restraint)  =    -65226.3119
 EKCMT  =      5726.7546  VIRIAL  =      6499.3608  VOLUME     =    214400.0352
                                                    Density    =         1.0201
 ------------------------------------------------------------------------------

wrapping first mol.:      -43.53853       30.78640       53.32360
wrapping first mol.:      -43.53853       30.78640       53.32360

 NSTEP =    35000   TIME(PS) =    6670.000  TEMP(K) =   299.26  PRESS =   -46.7
 Etot   =    -52237.7258  EKtot   =     13123.1621  EPtot      =    -65360.8879
 BOND   =       398.0544  ANGLE   =      1183.6569  DIHED      =      1718.2869
 1-4 NB =       498.4994  1-4 EEL =      6791.9848  VDWAALS    =      7739.8514
 EELEC  =    -83694.1224  EHBOND  =         0.0000  RESTRAINT  =         2.9007
 EAMBER (non-restraint)  =    -65363.7886
 EKCMT  =      5703.5007  VIRIAL  =      5919.9237  VOLUME     =    214424.8482
                                                    Density    =         1.0200
 ------------------------------------------------------------------------------

wrapping first mol.:      -43.52297       30.77540       53.30454
wrapping first mol.:      -43.52297       30.77540       53.30454

 NSTEP =    35500   TIME(PS) =    6671.000  TEMP(K) =   301.57  PRESS =   168.1
 Etot   =    -52112.3020  EKtot   =     13224.4209  EPtot      =    -65336.7229
 BOND   =       390.4409  ANGLE   =      1182.7034  DIHED      =      1759.3217
 1-4 NB =       506.3228  1-4 EEL =      6831.4043  VDWAALS    =      7901.2977
 EELEC  =    -83911.3256  EHBOND  =         0.0000  RESTRAINT  =         3.1119
 EAMBER (non-restraint)  =    -65339.8348
 EKCMT  =      5762.0088  VIRIAL  =      4984.5301  VOLUME     =    214190.9889
                                                    Density    =         1.0211
 ------------------------------------------------------------------------------

wrapping first mol.:      -43.54112       30.78823       53.32677
wrapping first mol.:      -43.54112       30.78823       53.32677

 NSTEP =    36000   TIME(PS) =    6672.000  TEMP(K) =   301.35  PRESS =   -39.7
 Etot   =    -52375.8348  EKtot   =     13214.9854  EPtot      =    -65590.8201
 BOND   =       390.9513  ANGLE   =      1141.6420  DIHED      =      1766.1150
 1-4 NB =       506.1237  1-4 EEL =      6827.8927  VDWAALS    =      7888.3308
 EELEC  =    -84115.2858  EHBOND  =         0.0000  RESTRAINT  =         3.4102
 EAMBER (non-restraint)  =    -65594.2303
 EKCMT  =      5798.1239  VIRIAL  =      5982.0674  VOLUME     =    214463.0112
                                                    Density    =         1.0198
 ------------------------------------------------------------------------------

wrapping first mol.:      -43.54556       30.79137       53.33221
wrapping first mol.:      -43.54556       30.79137       53.33221

 NSTEP =    36500   TIME(PS) =    6673.000  TEMP(K) =   300.42  PRESS =    -7.0
 Etot   =    -52193.9620  EKtot   =     13174.1553  EPtot      =    -65368.1173
 BOND   =       387.1850  ANGLE   =      1134.6528  DIHED      =      1785.0734
 1-4 NB =       512.5707  1-4 EEL =      6835.2998  VDWAALS    =      7898.1128
 EELEC  =    -83925.1970  EHBOND  =         0.0000  RESTRAINT  =         4.1852
 EAMBER (non-restraint)  =    -65372.3025
 EKCMT  =      5806.1267  VIRIAL  =      5838.6773  VOLUME     =    214527.9571
                                                    Density    =         1.0195
 ------------------------------------------------------------------------------

wrapping first mol.:      -43.53660       30.78503       53.32124
wrapping first mol.:      -43.53660       30.78503       53.32124

 NSTEP =    37000   TIME(PS) =    6674.000  TEMP(K) =   299.23  PRESS =   261.0
 Etot   =    -52197.3333  EKtot   =     13121.7910  EPtot      =    -65319.1243
 BOND   =       397.3295  ANGLE   =      1166.9309  DIHED      =      1739.9659
 1-4 NB =       499.5622  1-4 EEL =      6828.9237  VDWAALS    =      8047.4736
 EELEC  =    -84003.1158  EHBOND  =         0.0000  RESTRAINT  =         3.8057
 EAMBER (non-restraint)  =    -65322.9300
 EKCMT  =      5784.8094  VIRIAL  =      4576.6969  VOLUME     =    214390.4914
                                                    Density    =         1.0202
 ------------------------------------------------------------------------------

wrapping first mol.:      -43.55496       30.79802       53.34372
wrapping first mol.:      -43.55496       30.79802       53.34372

 NSTEP =    37500   TIME(PS) =    6675.000  TEMP(K) =   302.16  PRESS =   -37.9
 Etot   =    -52088.3791  EKtot   =     13250.4521  EPtot      =    -65338.8313
 BOND   =       430.0520  ANGLE   =      1163.7283  DIHED      =      1755.3737
 1-4 NB =       515.6789  1-4 EEL =      6857.0218  VDWAALS    =      7930.0415
 EELEC  =    -83994.8424  EHBOND  =         0.0000  RESTRAINT  =         4.1148
 EAMBER (non-restraint)  =    -65342.9461
 EKCMT  =      5749.2843  VIRIAL  =      5924.9367  VOLUME     =    214667.5875
                                                    Density    =         1.0189
 ------------------------------------------------------------------------------

wrapping first mol.:      -43.56821       30.80738       53.35995
wrapping first mol.:      -43.56821       30.80738       53.35995

 NSTEP =    38000   TIME(PS) =    6676.000  TEMP(K) =   298.40  PRESS =   -23.1
 Etot   =    -52228.3781  EKtot   =     13085.6260  EPtot      =    -65314.0040
 BOND   =       420.0172  ANGLE   =      1112.9415  DIHED      =      1745.0636
 1-4 NB =       482.3497  1-4 EEL =      6843.7172  VDWAALS    =      7917.5445
 EELEC  =    -83839.4965  EHBOND  =         0.0000  RESTRAINT  =         3.8588
 EAMBER (non-restraint)  =    -65317.8628
 EKCMT  =      5807.2203  VIRIAL  =      5914.2434  VOLUME     =    214863.2590
                                                    Density    =         1.0179
 ------------------------------------------------------------------------------

wrapping first mol.:      -43.56361       30.80413       53.35431
wrapping first mol.:      -43.56361       30.80413       53.35431

 NSTEP =    38500   TIME(PS) =    6677.000  TEMP(K) =   299.09  PRESS =  -268.4
 Etot   =    -52057.6501  EKtot   =     13115.9922  EPtot      =    -65173.6423
 BOND   =       448.5793  ANGLE   =      1160.5690  DIHED      =      1757.3940
 1-4 NB =       509.9596  1-4 EEL =      6823.3994  VDWAALS    =      7641.4099
 EELEC  =    -83518.6866  EHBOND  =         0.0000  RESTRAINT  =         3.7331
 EAMBER (non-restraint)  =    -65177.3754
 EKCMT  =      5764.0745  VIRIAL  =      7008.6835  VOLUME     =    214799.8409
                                                    Density    =         1.0182
 ------------------------------------------------------------------------------

wrapping first mol.:      -43.54829       30.79330       53.33556
wrapping first mol.:      -43.54829       30.79330       53.33556

 NSTEP =    39000   TIME(PS) =    6678.000  TEMP(K) =   299.55  PRESS =   186.1
 Etot   =    -51921.1261  EKtot   =     13136.1768  EPtot      =    -65057.3028
 BOND   =       396.7978  ANGLE   =      1158.0478  DIHED      =      1760.1556
 1-4 NB =       498.5040  1-4 EEL =      6852.7218  VDWAALS    =      7902.0546
 EELEC  =    -83629.2767  EHBOND  =         0.0000  RESTRAINT  =         3.6924
 EAMBER (non-restraint)  =    -65060.9952
 EKCMT  =      5814.0494  VIRIAL  =      4951.7546  VOLUME     =    214564.6913
                                                    Density    =         1.0194
 ------------------------------------------------------------------------------

wrapping first mol.:      -43.55577       30.79859       53.34472
wrapping first mol.:      -43.55577       30.79859       53.34472

 NSTEP =    39500   TIME(PS) =    6679.000  TEMP(K) =   298.45  PRESS =    97.6
 Etot   =    -51932.4019  EKtot   =     13087.7871  EPtot      =    -65020.1890
 BOND   =       417.1325  ANGLE   =      1147.5133  DIHED      =      1761.2324
 1-4 NB =       504.2596  1-4 EEL =      6846.5062  VDWAALS    =      7696.7591
 EELEC  =    -83397.8726  EHBOND  =         0.0000  RESTRAINT  =         4.2806
 EAMBER (non-restraint)  =    -65024.4696
 EKCMT  =      5784.4472  VIRIAL  =      5331.9872  VOLUME     =    214676.9741
                                                    Density    =         1.0188
 ------------------------------------------------------------------------------

wrapping first mol.:      -43.54160       30.78857       53.32736
wrapping first mol.:      -43.54160       30.78857       53.32736

 NSTEP =    40000   TIME(PS) =    6680.000  TEMP(K) =   298.33  PRESS =  -164.0
 Etot   =    -52141.6936  EKtot   =     13082.4551  EPtot      =    -65224.1487
 BOND   =       384.0037  ANGLE   =      1146.1982  DIHED      =      1769.8606
 1-4 NB =       504.9778  1-4 EEL =      6839.5416  VDWAALS    =      7607.3563
 EELEC  =    -83480.0797  EHBOND  =         0.0000  RESTRAINT  =         3.9928
 EAMBER (non-restraint)  =    -65228.1415
 EKCMT  =      5768.0643  VIRIAL  =      6527.3667  VOLUME     =    214472.4363
                                                    Density    =         1.0198
 ------------------------------------------------------------------------------

wrapping first mol.:      -43.52657       30.77794       53.30896
wrapping first mol.:      -43.52657       30.77794       53.30896

 NSTEP =    40500   TIME(PS) =    6681.000  TEMP(K) =   301.48  PRESS =   237.2
 Etot   =    -52194.9222  EKtot   =     13220.7617  EPtot      =    -65415.6840
 BOND   =       390.3146  ANGLE   =      1140.9071  DIHED      =      1764.8797
 1-4 NB =       527.2790  1-4 EEL =      6880.1039  VDWAALS    =      7938.0605
 EELEC  =    -84061.2050  EHBOND  =         0.0000  RESTRAINT  =         3.9762
 EAMBER (non-restraint)  =    -65419.6601
 EKCMT  =      5901.5004  VIRIAL  =      4804.0361  VOLUME     =    214242.8562
                                                    Density    =         1.0209
 ------------------------------------------------------------------------------

wrapping first mol.:      -43.52878       30.77950       53.31166
wrapping first mol.:      -43.52878       30.77950       53.31166

 NSTEP =    41000   TIME(PS) =    6682.000  TEMP(K) =   301.09  PRESS =   264.2
 Etot   =    -52170.8634  EKtot   =     13203.4619  EPtot      =    -65374.3253
 BOND   =       401.9717  ANGLE   =      1169.4167  DIHED      =      1746.4368
 1-4 NB =       498.9979  1-4 EEL =      6842.9955  VDWAALS    =      7936.8081
 EELEC  =    -83975.5194  EHBOND  =         0.0000  RESTRAINT  =         4.5673
 EAMBER (non-restraint)  =    -65378.8926
 EKCMT  =      5751.9366  VIRIAL  =      4529.6583  VOLUME     =    214274.9262
                                                    Density    =         1.0207
 ------------------------------------------------------------------------------

wrapping first mol.:      -43.53650       30.78496       53.32112
wrapping first mol.:      -43.53650       30.78496       53.32112

 NSTEP =    41500   TIME(PS) =    6683.000  TEMP(K) =   299.96  PRESS =  -104.5
 Etot   =    -52452.7386  EKtot   =     13153.8564  EPtot      =    -65606.5950
 BOND   =       369.2671  ANGLE   =      1105.6734  DIHED      =      1768.9926
 1-4 NB =       504.9711  1-4 EEL =      6860.0678  VDWAALS    =      7956.1891
 EELEC  =    -84176.6107  EHBOND  =         0.0000  RESTRAINT  =         4.8546
 EAMBER (non-restraint)  =    -65611.4496
 EKCMT  =      5753.8342  VIRIAL  =      6237.4571  VOLUME     =    214396.0329
                                                    Density    =         1.0202
 ------------------------------------------------------------------------------

wrapping first mol.:      -43.56258       30.80340       53.35305
wrapping first mol.:      -43.56258       30.80340       53.35305

 NSTEP =    42000   TIME(PS) =    6684.000  TEMP(K) =   298.26  PRESS =   243.3
 Etot   =    -52295.1962  EKtot   =     13079.4863  EPtot      =    -65374.6826
 BOND   =       404.3204  ANGLE   =      1163.6484  DIHED      =      1778.4213
 1-4 NB =       499.5246  1-4 EEL =      6815.0835  VDWAALS    =      8094.4962
 EELEC  =    -84134.3745  EHBOND  =         0.0000  RESTRAINT  =         4.1976
 EAMBER (non-restraint)  =    -65378.8801
 EKCMT  =      5732.5845  VIRIAL  =      4604.4746  VOLUME     =    214774.7808
                                                    Density    =         1.0184
 ------------------------------------------------------------------------------

wrapping first mol.:      -43.57373       30.81129       53.36671
wrapping first mol.:      -43.57373       30.81129       53.36671

 NSTEP =    42500   TIME(PS) =    6685.000  TEMP(K) =   300.18  PRESS =    44.1
 Etot   =    -52092.0079  EKtot   =     13163.6748  EPtot      =    -65255.6827
 BOND   =       410.4301  ANGLE   =      1168.6256  DIHED      =      1757.5170
 1-4 NB =       500.2338  1-4 EEL =      6828.7682  VDWAALS    =      7847.5984
 EELEC  =    -83773.2627  EHBOND  =         0.0000  RESTRAINT  =         4.4068
 EAMBER (non-restraint)  =    -65260.0895
 EKCMT  =      5747.4131  VIRIAL  =      5542.7075  VOLUME     =    214943.5947
                                                    Density    =         1.0176
 ------------------------------------------------------------------------------

wrapping first mol.:      -43.57125       30.80953       53.36367
wrapping first mol.:      -43.57125       30.80953       53.36367

 NSTEP =    43000   TIME(PS) =    6686.000  TEMP(K) =   298.99  PRESS =  -137.8
 Etot   =    -52272.0211  EKtot   =     13111.4102  EPtot      =    -65383.4313
 BOND   =       394.7575  ANGLE   =      1136.7947  DIHED      =      1770.9993
 1-4 NB =       495.9539  1-4 EEL =      6867.7094  VDWAALS    =      7865.2286
 EELEC  =    -83918.9786  EHBOND  =         0.0000  RESTRAINT  =         4.1042
 EAMBER (non-restraint)  =    -65387.5354
 EKCMT  =      5697.8970  VIRIAL  =      6337.2622  VOLUME     =    214910.3699
                                                    Density    =         1.0177
 ------------------------------------------------------------------------------

wrapping first mol.:      -43.56417       30.80453       53.35500
wrapping first mol.:      -43.56417       30.80453       53.35500

 NSTEP =    43500   TIME(PS) =    6687.000  TEMP(K) =   302.97  PRESS =    -4.9
 Etot   =    -52053.0522  EKtot   =     13285.8799  EPtot      =    -65338.9321
 BOND   =       414.1957  ANGLE   =      1136.2022  DIHED      =      1740.3216
 1-4 NB =       508.8721  1-4 EEL =      6875.3102  VDWAALS    =      7878.5536
 EELEC  =    -83896.4916  EHBOND  =         0.0000  RESTRAINT  =         4.1040
 EAMBER (non-restraint)  =    -65343.0362
 EKCMT  =      5811.6378  VIRIAL  =      5834.2353  VOLUME     =    214803.1006
                                                    Density    =         1.0182
 ------------------------------------------------------------------------------

wrapping first mol.:      -43.55037       30.79477       53.33810
wrapping first mol.:      -43.55037       30.79477       53.33810

 NSTEP =    44000   TIME(PS) =    6688.000  TEMP(K) =   298.71  PRESS =    52.6
 Etot   =    -52356.4372  EKtot   =     13099.3076  EPtot      =    -65455.7448
 BOND   =       390.3581  ANGLE   =      1161.3137  DIHED      =      1772.5469
 1-4 NB =       493.8055  1-4 EEL =      6839.2868  VDWAALS    =      7948.4854
 EELEC  =    -84065.8500  EHBOND  =         0.0000  RESTRAINT  =         4.3087
 EAMBER (non-restraint)  =    -65460.0535
 EKCMT  =      5715.9087  VIRIAL  =      5472.3836  VOLUME     =    214597.9001
                                                    Density    =         1.0192
 ------------------------------------------------------------------------------

wrapping first mol.:      -43.58454       30.81893       53.37995
wrapping first mol.:      -43.58454       30.81893       53.37995

 NSTEP =    44500   TIME(PS) =    6689.000  TEMP(K) =   297.73  PRESS =    14.5
 Etot   =    -52241.6148  EKtot   =     13056.2861  EPtot      =    -65297.9009
 BOND   =       409.7029  ANGLE   =      1163.1155  DIHED      =      1739.0189
 1-4 NB =       498.4279  1-4 EEL =      6810.4150  VDWAALS    =      7869.5784
 EELEC  =    -83792.3426  EHBOND  =         0.0000  RESTRAINT  =         4.1831
 EAMBER (non-restraint)  =    -65302.0840
 EKCMT  =      5810.8211  VIRIAL  =      5743.3945  VOLUME     =    215104.2136
                                                    Density    =         1.0168
 ------------------------------------------------------------------------------

wrapping first mol.:      -43.57762       30.81403       53.37147
wrapping first mol.:      -43.57762       30.81403       53.37147

 NSTEP =    45000   TIME(PS) =    6690.000  TEMP(K) =   301.22  PRESS =   197.3
 Etot   =    -52107.2614  EKtot   =     13209.3691  EPtot      =    -65316.6305
 BOND   =       415.7006  ANGLE   =      1149.4752  DIHED      =      1745.1549
 1-4 NB =       512.9838  1-4 EEL =      6838.0217  VDWAALS    =      7884.7624
 EELEC  =    -83866.7955  EHBOND  =         0.0000  RESTRAINT  =         4.0662
 EAMBER (non-restraint)  =    -65320.6968
 EKCMT  =      5817.2781  VIRIAL  =      4901.4773  VOLUME     =    214998.1903
                                                    Density    =         1.0173
 ------------------------------------------------------------------------------

wrapping first mol.:      -43.60235       30.83153       53.40176
wrapping first mol.:      -43.60235       30.83153       53.40176

 NSTEP =    45500   TIME(PS) =    6691.000  TEMP(K) =   295.31  PRESS =     1.6
 Etot   =    -52200.2565  EKtot   =     12950.1357  EPtot      =    -65150.3922
 BOND   =       407.2817  ANGLE   =      1167.7430  DIHED      =      1745.3135
 1-4 NB =       499.6246  1-4 EEL =      6821.2251  VDWAALS    =      7861.0439
 EELEC  =    -83656.5964  EHBOND  =         0.0000  RESTRAINT  =         3.9725
 EAMBER (non-restraint)  =    -65154.3647
 EKCMT  =      5692.2413  VIRIAL  =      5684.7465  VOLUME     =    215368.2822
                                                    Density    =         1.0156
 ------------------------------------------------------------------------------

wrapping first mol.:      -43.61125       30.83782       53.41266
wrapping first mol.:      -43.61125       30.83782       53.41266

 NSTEP =    46000   TIME(PS) =    6692.000  TEMP(K) =   300.49  PRESS =   179.7
 Etot   =    -51861.1459  EKtot   =     13177.0205  EPtot      =    -65038.1664
 BOND   =       409.8657  ANGLE   =      1195.7335  DIHED      =      1769.0235
 1-4 NB =       504.1057  1-4 EEL =      6865.9832  VDWAALS    =      7905.7966
 EELEC  =    -83692.3734  EHBOND  =         0.0000  RESTRAINT  =         3.6988
 EAMBER (non-restraint)  =    -65041.8652
 EKCMT  =      5893.9056  VIRIAL  =      5057.9135  VOLUME     =    215496.7306
                                                    Density    =         1.0149
 ------------------------------------------------------------------------------

wrapping first mol.:      -43.56924       30.80811       53.36122
wrapping first mol.:      -43.56924       30.80811       53.36122

 NSTEP =    46500   TIME(PS) =    6693.000  TEMP(K) =   298.39  PRESS =   -76.2
 Etot   =    -52053.3482  EKtot   =     13085.1807  EPtot      =    -65138.5288
 BOND   =       433.0154  ANGLE   =      1189.0854  DIHED      =      1744.8289
 1-4 NB =       492.4219  1-4 EEL =      6835.4162  VDWAALS    =      7737.1511
 EELEC  =    -83574.1856  EHBOND  =         0.0000  RESTRAINT  =         3.7378
 EAMBER (non-restraint)  =    -65142.2666
 EKCMT  =      5741.2221  VIRIAL  =      6094.6199  VOLUME     =    214879.5467
                                                    Density    =         1.0179
 ------------------------------------------------------------------------------

wrapping first mol.:      -43.59344       30.82523       53.39085
wrapping first mol.:      -43.59344       30.82523       53.39085

 NSTEP =    47000   TIME(PS) =    6694.000  TEMP(K) =   299.78  PRESS =   -69.9
 Etot   =    -52062.3864  EKtot   =     13145.8809  EPtot      =    -65208.2672
 BOND   =       395.3537  ANGLE   =      1152.3098  DIHED      =      1764.7472
 1-4 NB =       488.4134  1-4 EEL =      6801.6460  VDWAALS    =      7761.7024
 EELEC  =    -83576.6313  EHBOND  =         0.0000  RESTRAINT  =         4.1915
 EAMBER (non-restraint)  =    -65212.4587
 EKCMT  =      5754.7491  VIRIAL  =      6079.5867  VOLUME     =    215237.6539
                                                    Density    =         1.0162
 ------------------------------------------------------------------------------

wrapping first mol.:      -43.57607       30.81294       53.36958
wrapping first mol.:      -43.57607       30.81294       53.36958

 NSTEP =    47500   TIME(PS) =    6695.000  TEMP(K) =   301.53  PRESS =  -100.8
 Etot   =    -51999.8865  EKtot   =     13222.8008  EPtot      =    -65222.6873
 BOND   =       413.6555  ANGLE   =      1103.0043  DIHED      =      1745.5300
 1-4 NB =       502.0922  1-4 EEL =      6818.2029  VDWAALS    =      7706.1830
 EELEC  =    -83515.8403  EHBOND  =         0.0000  RESTRAINT  =         4.4850
 EAMBER (non-restraint)  =    -65227.1724
 EKCMT  =      5856.8854  VIRIAL  =      6324.6061  VOLUME     =    214981.0476
                                                    Density    =         1.0174
 ------------------------------------------------------------------------------

wrapping first mol.:      -43.56112       30.80237       53.35127
wrapping first mol.:      -43.56112       30.80237       53.35127

 NSTEP =    48000   TIME(PS) =    6696.000  TEMP(K) =   300.46  PRESS =    50.0
 Etot   =    -52018.8068  EKtot   =     13175.7734  EPtot      =    -65194.5802
 BOND   =       404.0792  ANGLE   =      1178.7781  DIHED      =      1747.1330
 1-4 NB =       494.9505  1-4 EEL =      6858.5580  VDWAALS    =      7842.9054
 EELEC  =    -83725.6291  EHBOND  =         0.0000  RESTRAINT  =         4.6447
 EAMBER (non-restraint)  =    -65199.2249
 EKCMT  =      5796.7478  VIRIAL  =      5565.0706  VOLUME     =    214756.9536
                                                    Density    =         1.0184
 ------------------------------------------------------------------------------

wrapping first mol.:      -43.57356       30.81117       53.36650
wrapping first mol.:      -43.57356       30.81117       53.36650

 NSTEP =    48500   TIME(PS) =    6697.000  TEMP(K) =   300.27  PRESS =   281.1
 Etot   =    -51946.4010  EKtot   =     13167.5947  EPtot      =    -65113.9957
 BOND   =       414.5619  ANGLE   =      1166.0578  DIHED      =      1741.4936
 1-4 NB =       496.0481  1-4 EEL =      6827.2355  VDWAALS    =      7936.3445
 EELEC  =    -83700.2087  EHBOND  =         0.0000  RESTRAINT  =         4.4717
 EAMBER (non-restraint)  =    -65118.4674
 EKCMT  =      5811.4038  VIRIAL  =      4506.7491  VOLUME     =    214936.5663
                                                    Density    =         1.0176
 ------------------------------------------------------------------------------

wrapping first mol.:      -43.59111       30.82357       53.38799
wrapping first mol.:      -43.59111       30.82357       53.38799

 NSTEP =    49000   TIME(PS) =    6698.000  TEMP(K) =   303.72  PRESS =    60.9
 Etot   =    -51967.9584  EKtot   =     13318.6289  EPtot      =    -65286.5873
 BOND   =       387.8556  ANGLE   =      1194.5503  DIHED      =      1764.1676
 1-4 NB =       500.3700  1-4 EEL =      6859.2665  VDWAALS    =      7848.7476
 EELEC  =    -83845.5364  EHBOND  =         0.0000  RESTRAINT  =         3.9914
 EAMBER (non-restraint)  =    -65290.5788
 EKCMT  =      5870.6747  VIRIAL  =      5587.5343  VOLUME     =    215200.5283
                                                    Density    =         1.0163
 ------------------------------------------------------------------------------

wrapping first mol.:      -43.59354       30.82529       53.39097
wrapping first mol.:      -43.59354       30.82529       53.39097

 NSTEP =    49500   TIME(PS) =    6699.000  TEMP(K) =   299.29  PRESS =    92.7
 Etot   =    -52209.1431  EKtot   =     13124.5820  EPtot      =    -65333.7251
 BOND   =       421.7800  ANGLE   =      1138.6980  DIHED      =      1754.7206
 1-4 NB =       503.6060  1-4 EEL =      6863.6353  VDWAALS    =      8044.8985
 EELEC  =    -84065.0371  EHBOND  =         0.0000  RESTRAINT  =         3.9735
 EAMBER (non-restraint)  =    -65337.6987
 EKCMT  =      5746.2705  VIRIAL  =      5315.4242  VOLUME     =    215235.9192
                                                    Density    =         1.0162
 ------------------------------------------------------------------------------

wrapping first mol.:      -43.58539       30.81953       53.38099
wrapping first mol.:      -43.58539       30.81953       53.38099

 NSTEP =    50000   TIME(PS) =    6700.000  TEMP(K) =   300.22  PRESS =   101.5
 Etot   =    -51990.8630  EKtot   =     13165.4082  EPtot      =    -65156.2712
 BOND   =       432.9277  ANGLE   =      1179.0493  DIHED      =      1756.3818
 1-4 NB =       486.8340  1-4 EEL =      6847.0834  VDWAALS    =      7770.5976
 EELEC  =    -83633.2659  EHBOND  =         0.0000  RESTRAINT  =         4.1209
 EAMBER (non-restraint)  =    -65160.3921
 EKCMT  =      5840.8623  VIRIAL  =      5369.3488  VOLUME     =    215115.0605
                                                    Density    =         1.0167
 ------------------------------------------------------------------------------


      A V E R A G E S   O V E R     100 S T E P S


 NSTEP =    50000   TIME(PS) =    6700.000  TEMP(K) =   300.12  PRESS =    17.9
 Etot   =    -52115.8527  EKtot   =     13160.9250  EPtot      =    -65276.7777
 BOND   =       406.1254  ANGLE   =      1156.6970  DIHED      =      1755.8227
 1-4 NB =       499.9272  1-4 EEL =      6827.7921  VDWAALS    =      7873.9513
 EELEC  =    -83799.9852  EHBOND  =         0.0000  RESTRAINT  =         2.8919
 EAMBER (non-restraint)  =    -65279.6696
 EKCMT  =      5787.2039  VIRIAL  =      5704.2577  VOLUME     =    214764.3598
                                                    Density    =         1.0184
 ------------------------------------------------------------------------------


      R M S  F L U C T U A T I O N S


 NSTEP =    50000   TIME(PS) =    6700.000  TEMP(K) =     1.98  PRESS =   146.5
 Etot   =       152.0445  EKtot   =        86.7720  EPtot      =       124.8090
 BOND   =        16.9375  ANGLE   =        22.2609  DIHED      =        12.6039
 1-4 NB =         8.4451  1-4 EEL =        24.5472  VDWAALS    =       109.5800
 EELEC  =       178.3339  EHBOND  =         0.0000  RESTRAINT  =         1.0724
 EAMBER (non-restraint)  =       123.7366
 EKCMT  =        56.4339  VIRIAL  =       674.9691  VOLUME     =       441.8752
                                                    Density    =         0.0021
 ------------------------------------------------------------------------------

--------------------------------------------------------------------------------
   5.  TIMINGS
--------------------------------------------------------------------------------

|  NonSetup CPU Time in Major Routines:
|
|     Routine           Sec        %
|     ------------------------------
|     Nonbond         119.55   89.11
|     Bond              0.00    0.00
|     Angle             0.00    0.00
|     Dihedral          0.00    0.00
|     Shake             0.33    0.24
|     RunMD            14.25   10.62
|     Other             0.04    0.03
|     ------------------------------
|     Total           134.17

|  PME Nonbond Pairlist CPU Time:
|
|     Routine              Sec        %
|     ---------------------------------
|     Set Up Cit           0.00    0.00
|     Build List           0.00    0.00
|     ---------------------------------
|     Total                0.00    0.00

|  PME Direct Force CPU Time:
|
|     Routine              Sec        %
|     ---------------------------------
|     NonBonded Calc       0.00    0.00
|     Exclude Masked       0.00    0.00
|     Other                0.02    0.01
|     ---------------------------------
|     Total                0.02    0.01

|  PME Reciprocal Force CPU Time:
|
|     Routine              Sec        %
|     ---------------------------------
|     1D bspline           0.00    0.00
|     Grid Charges         0.00    0.00
|     Scalar Sum           0.00    0.00
|     Gradient Sum         0.00    0.00
|     FFT                  0.00    0.00
|     ---------------------------------
|     Total                0.00    0.00

|  Final Performance Info:
|     -----------------------------------------------------
|     Average timings for last    5000 steps:
|     Elapsed(s) =      13.41 Per Step(ms) =       2.68
|         ns/day =      64.44   seconds/ns =    1340.83
|
|     Average timings for all steps:
|     Elapsed(s) =     134.17 Per Step(ms) =       2.68
|         ns/day =      64.40   seconds/ns =    1341.67
|     -----------------------------------------------------

|  Setup CPU time:            0.45 seconds
|  NonSetup CPU time:       134.17 seconds
|  Total CPU time:          134.62 seconds     0.04 hours

|  Setup wall time:           0    seconds
|  NonSetup wall time:      134    seconds
|  Total wall time:         134    seconds     0.04 hours
