
          -------------------------------------------------------
          Amber 16 PMEMD                              2016
          -------------------------------------------------------

| PMEMD implementation of SANDER, Release 16

| Run on 07/16/2018 at 15:46:51

|   Executable path: pmemd.cuda
| Working directory: /home/german/lbp/run/2w9y/mhe/e
|          Hostname: Unknown
  [-O]verwriting output

File Assignments:
|   MDIN: 74equ.in                                                              
|  MDOUT: 74equ.out                                                             
| INPCRD: 73e2w9y.rst7                                                          
|   PARM: /home/german/lbp/top_files/2w9y.prmtop                                
| RESTRT: 74e2w9y.rst7                                                          
|   REFC: 73e2w9y.rst7                                                          
|  MDVEL: mdvel                                                                 
|   MDEN: mden                                                                  
|  MDCRD: 74e2w9y.nc                                                            
| MDINFO: mdinfo                                                                
|  MDFRC: mdfrc                                                                 


 Here is the input file:

Equilibration with solute restrictions                                         
&cntrl                                                                         
imin = 0,                           ! No Minimization                          
nmropt = 0,                         ! No NMR restraints read                   
                                                                               
! Nature and format of the input                                               
ntx = 5,                            ! Coordinates and velocities will be read  
irest = 1,                          ! Do not run a new simulation              
                                                                               
! Nature and format of the output                                              
ntxo = 1,                           ! rstrt file in ASCII format               
ntpr = 500,                         ! inf in output every ntpr steps           
ntwr = 500,                         ! rstrt file every ntwr steps              
ntwx = 500,                         ! mdcrd file every ntwx steps              
ntwv = 0,                           ! mdvel without velocities                 
ntwe = 0,                           ! Do not write energies and temperatures   
idecomp = 0,                        ! No energy decomposition                  
iwrap = 1,                          ! Coordinates of the restart and mdcrd file
                                                                               
! Frozen or restrained atoms                                                   
ibelly = 0,                         ! No frozen atoms                          
ntr=1,                              ! Harmonic potential restraints            
restraint_wt = 0.0000,                ! The weight for the positional restraint
restraintmask = ':1-131@N,CA,C,O',  ! restrained residues                      
                                                                               
! Molecular dynamics                                                           
nstlim = 50000,                     ! Number of MD-steps                       
dt = 0.002,                         ! Time step                                
                                                                               
! Temperature regulation                                                       
ntt = 3,                            ! Langevin thermostat                      
gamma_ln = 5,                       ! Gamma constant for Langevin              
temp0 = 300.0,                      ! Reference T at which the system is to be 
tempi = 300.0,                      ! Initial T                                
ig = -1,                            ! Seed for the RNG                         
                                                                               
! P and V regulation                                                           
ntp = 1,                            ! constant P                               
barostat = 1,                       ! Berendsen barostat                       
taup = 1,                           ! Pressure relaxation time                 
ntb = 2,                            ! Periodic box for constant P              
                                                                               
! SHAKE variables                                                              
ntc = 2,                            ! Bonds involving H are constrained        
ntf = 2,                            ! Bond interaction involving H are ommited.
                                                                               
cut = 10.0,                         ! Nonbonded cutoff                         
/                                                                              
&end                                                                           


Note: ig = -1. Setting random seed to   744814 based on wallclock time in 
      microseconds.
 
|--------------------- INFORMATION ----------------------
| GPU (CUDA) Version of PMEMD in use: NVIDIA GPU IN USE.
|                    Version 16.0.0
| 
|                      02/25/2016
| 
| Implementation by:
|                    Ross C. Walker     (SDSC)
|                    Scott Le Grand     (nVIDIA)
| 
| Precision model in use:
|      [SPFP] - Single Precision Forces, 64-bit Fixed Point
|               Accumulation. (Default)
| 
|--------------------------------------------------------
 
|----------------- CITATION INFORMATION -----------------
|
|    When publishing work that utilized the CUDA version
|    of AMBER, please cite the following in addition to
|    the regular AMBER citations:
|
|  - Romelia Salomon-Ferrer; Andreas W. Goetz; Duncan
|    Poole; Scott Le Grand; Ross C. Walker "Routine
|    microsecond molecular dynamics simulations with
|    AMBER - Part II: Particle Mesh Ewald", J. Chem.
|    Theory Comput., 2013, 9 (9), pp3878-3888,
|    DOI: 10.1021/ct400314y.
|
|  - Andreas W. Goetz; Mark J. Williamson; Dong Xu;
|    Duncan Poole; Scott Le Grand; Ross C. Walker
|    "Routine microsecond molecular dynamics simulations
|    with AMBER - Part I: Generalized Born", J. Chem.
|    Theory Comput., 2012, 8 (5), pp1542-1555.
|
|  - Scott Le Grand; Andreas W. Goetz; Ross C. Walker
|    "SPFP: Speed without compromise - a mixed precision
|    model for GPU accelerated molecular dynamics
|    simulations.", Comp. Phys. Comm., 2013, 184
|    pp374-380, DOI: 10.1016/j.cpc.2012.09.022
|
|--------------------------------------------------------
 
|------------------- GPU DEVICE INFO --------------------
|
|            CUDA_VISIBLE_DEVICES: 0
|   CUDA Capable Devices Detected:      1
|           CUDA Device ID in use:      0
|                CUDA Device Name: GeForce GTX 1060 6GB
|     CUDA Device Global Mem Size:   6072 MB
| CUDA Device Num Multiprocessors:     10
|           CUDA Device Core Freq:   1.76 GHz
|
|--------------------------------------------------------
 
 
| Conditional Compilation Defines Used:
| PUBFFT
| BINTRAJ
| CUDA
| EMIL

| Largest sphere to fit in unit cell has radius =    26.697

| New format PARM file being parsed.
| Version =    1.000 Date = 07/16/18 Time = 12:31:37

| Note: 1-4 EEL scale factors are being read from the topology file.

| Note: 1-4 VDW scale factors are being read from the topology file.
| Duplicated    0 dihedrals

| Duplicated    0 dihedrals

--------------------------------------------------------------------------------
   1.  RESOURCE   USE: 
--------------------------------------------------------------------------------

 getting new box info from bottom of inpcrd
 NATOM  =   21528 NTYPES =      17 NBONH =   20449 MBONA  =    1096
 NTHETH =    2490 MTHETA =    1476 NPHIH =    4927 MPHIA  =    4723
 NHPARM =       0 NPARM  =       0 NNB   =   37810 NRES   =    6595
 NBONA  =    1096 NTHETA =    1476 NPHIA =    4723 NUMBND =      64
 NUMANG =     142 NPTRA  =     185 NATYP =      34 NPHB   =       1
 IFBOX  =       2 NMXRS  =      24 IFCAP =       0 NEXTRA =       0
 NCOPY  =       0

| Coordinate Index Table dimensions:    10   10   10
| Direct force subcell size =     6.5394    6.5394    6.5394

     BOX TYPE: TRUNCATED OCTAHEDRON

--------------------------------------------------------------------------------
   2.  CONTROL  DATA  FOR  THE  RUN
--------------------------------------------------------------------------------

default_name                                                                    

General flags:
     imin    =       0, nmropt  =       0

Nature and format of input:
     ntx     =       5, irest   =       1, ntrx    =       1

Nature and format of output:
     ntxo    =       1, ntpr    =     500, ntrx    =       1, ntwr    =     500
     iwrap   =       1, ntwx    =     500, ntwv    =       0, ntwe    =       0
     ioutfm  =       1, ntwprt  =       0, idecomp =       0, rbornstat=      0

Potential function:
     ntf     =       2, ntb     =       2, igb     =       0, nsnb    =      25
     ipol    =       0, gbsa    =       0, iesp    =       0
     dielc   =   1.00000, cut     =  10.00000, intdiel =   1.00000

Frozen or restrained atoms:
     ibelly  =       0, ntr     =       1
     restraint_wt =   0.00000

Molecular dynamics:
     nstlim  =     50000, nscm    =         0, nrespa  =         1
     t       =   0.00000, dt      =   0.00200, vlimit  =  -1.00000

Langevin dynamics temperature regulation:
     ig      =  744814
     temp0   = 300.00000, tempi   = 300.00000, gamma_ln=   5.00000

Pressure regulation:
     ntp     =       1
     pres0   =   1.00000, comp    =  44.60000, taup    =   1.00000

SHAKE:
     ntc     =       2, jfastw  =       0
     tol     =   0.00001

| Intermolecular bonds treatment:
|     no_intermolecular_bonds =       1

| Energy averages sample interval:
|     ene_avg_sampling =     500

Ewald parameters:
     verbose =       0, ew_type =       0, nbflag  =       1, use_pme =       1
     vdwmeth =       1, eedmeth =       1, netfrc  =       1
     Box X =   65.394   Box Y =   65.394   Box Z =   65.394
     Alpha =  109.471   Beta  =  109.471   Gamma =  109.471
     NFFT1 =   64       NFFT2 =   64       NFFT3 =   64
     Cutoff=   10.000   Tol   =0.100E-04
     Ewald Coefficient =  0.27511
     Interpolation order =    4

    LOADING THE CONSTRAINED ATOMS AS GROUPS


   5.  REFERENCE ATOM COORDINATES

  default_name                                                                    
     Mask :1-131@N,CA,C,O; matches   524 atoms

--------------------------------------------------------------------------------
   3.  ATOMIC COORDINATES AND VELOCITIES
--------------------------------------------------------------------------------

default_name                                                                    
 begin time read from input coords =  7700.000 ps

 
 Number of triangulated 3-point waters found:     6455

     Sum of charges from parm topology file =  -0.00000007
     Forcing neutrality...

| Dynamic Memory, Types Used:
| Reals             1061755
| Integers           745452

| Nonbonded Pairs Initial Allocation:     6511681

| GPU memory information (estimate):
| KB of GPU memory in use:    159742
| KB of CPU memory in use:     30821

--------------------------------------------------------------------------------
   4.  RESULTS
--------------------------------------------------------------------------------

 ---------------------------------------------------
 APPROXIMATING switch and d/dx switch using CUBIC SPLINE INTERPOLATION
 using   5000.0 points per unit in tabled values
 TESTING RELATIVE ERROR over r ranging from 0.0 to cutoff
| CHECK switch(x): max rel err =   0.2738E-14   at   2.422500
| CHECK d/dx switch(x): max rel err =   0.8314E-11   at   2.736960
 ---------------------------------------------------
|---------------------------------------------------
| APPROXIMATING direct energy using CUBIC SPLINE INTERPOLATION
|  with   50.0 points per unit in tabled values
| Relative Error Limit not exceeded for r .gt.   2.33
| APPROXIMATING direct force using CUBIC SPLINE INTERPOLATION
|  with   50.0 points per unit in tabled values
| Relative Error Limit not exceeded for r .gt.   2.80
|---------------------------------------------------
wrapping first mol.:       21.79761       30.82648       53.39302
wrapping first mol.:       21.79761       30.82648       53.39302

 NSTEP =      500   TIME(PS) =    7701.000  TEMP(K) =   299.35  PRESS =   105.2
 Etot   =    -52075.4825  EKtot   =     13127.3281  EPtot      =    -65202.8106
 BOND   =       424.3268  ANGLE   =      1169.4475  DIHED      =      1775.9240
 1-4 NB =       485.8070  1-4 EEL =      6866.3531  VDWAALS    =      7833.9550
 EELEC  =    -83758.6240  EHBOND  =         0.0000  RESTRAINT  =         0.0000
 EKCMT  =      5734.7394  VIRIAL  =      5245.6363  VOLUME     =    215260.5010
                                                    Density    =         1.0161
 ------------------------------------------------------------------------------

wrapping first mol.:       21.79238       30.81908       53.38020
wrapping first mol.:       21.79238       30.81908       53.38020

 NSTEP =     1000   TIME(PS) =    7702.000  TEMP(K) =   299.21  PRESS =  -173.0
 Etot   =    -52174.7329  EKtot   =     13121.1953  EPtot      =    -65295.9282
 BOND   =       437.9427  ANGLE   =      1152.0202  DIHED      =      1749.3906
 1-4 NB =       496.8035  1-4 EEL =      6885.5079  VDWAALS    =      7853.9678
 EELEC  =    -83871.5608  EHBOND  =         0.0000  RESTRAINT  =         0.0000
 EKCMT  =      5782.9292  VIRIAL  =      6586.4043  VOLUME     =    215110.8955
                                                    Density    =         1.0168
 ------------------------------------------------------------------------------

wrapping first mol.:       21.78263       30.80529       53.35632
wrapping first mol.:       21.78263       30.80529       53.35632

 NSTEP =     1500   TIME(PS) =    7703.000  TEMP(K) =   302.23  PRESS =    -6.5
 Etot   =    -52025.5335  EKtot   =     13253.6797  EPtot      =    -65279.2132
 BOND   =       408.1789  ANGLE   =      1131.5677  DIHED      =      1797.1564
 1-4 NB =       506.8319  1-4 EEL =      6909.0679  VDWAALS    =      7796.0415
 EELEC  =    -83828.0576  EHBOND  =         0.0000  RESTRAINT  =         0.0000
 EKCMT  =      5860.1225  VIRIAL  =      5890.2091  VOLUME     =    214819.0841
                                                    Density    =         1.0182
 ------------------------------------------------------------------------------

wrapping first mol.:       21.78499       30.80863       53.36210
wrapping first mol.:       21.78499       30.80863       53.36210

 NSTEP =     2000   TIME(PS) =    7704.000  TEMP(K) =   299.83  PRESS =     5.4
 Etot   =    -52205.5328  EKtot   =     13148.2910  EPtot      =    -65353.8239
 BOND   =       392.7965  ANGLE   =      1179.1121  DIHED      =      1759.7371
 1-4 NB =       499.7849  1-4 EEL =      6873.9463  VDWAALS    =      7916.2206
 EELEC  =    -83975.4213  EHBOND  =         0.0000  RESTRAINT  =         0.0000
 EKCMT  =      5830.3289  VIRIAL  =      5805.4884  VOLUME     =    214888.6975
                                                    Density    =         1.0178
 ------------------------------------------------------------------------------

wrapping first mol.:       21.78464       30.80813       53.36125
wrapping first mol.:       21.78464       30.80813       53.36125

 NSTEP =     2500   TIME(PS) =    7705.000  TEMP(K) =   299.48  PRESS =    -2.2
 Etot   =    -52128.1588  EKtot   =     13132.9844  EPtot      =    -65261.1432
 BOND   =       388.6738  ANGLE   =      1170.2022  DIHED      =      1793.8492
 1-4 NB =       494.6393  1-4 EEL =      6860.5198  VDWAALS    =      7914.9102
 EELEC  =    -83883.9376  EHBOND  =         0.0000  RESTRAINT  =         0.0000
 EKCMT  =      5846.3396  VIRIAL  =      5856.6171  VOLUME     =    214878.4926
                                                    Density    =         1.0179
 ------------------------------------------------------------------------------

wrapping first mol.:       21.80177       30.83235       53.40320
wrapping first mol.:       21.80177       30.83235       53.40320

 NSTEP =     3000   TIME(PS) =    7706.000  TEMP(K) =   302.61  PRESS =   198.7
 Etot   =    -51944.5870  EKtot   =     13270.3672  EPtot      =    -65214.9542
 BOND   =       407.2466  ANGLE   =      1150.9068  DIHED      =      1777.3113
 1-4 NB =       507.0717  1-4 EEL =      6905.9830  VDWAALS    =      7947.4605
 EELEC  =    -83910.9341  EHBOND  =         0.0000  RESTRAINT  =         0.0000
 EKCMT  =      5858.0732  VIRIAL  =      4933.9471  VOLUME     =    215381.8447
                                                    Density    =         1.0155
 ------------------------------------------------------------------------------

wrapping first mol.:       21.81598       30.85245       53.43801
wrapping first mol.:       21.81598       30.85245       53.43801

 NSTEP =     3500   TIME(PS) =    7707.000  TEMP(K) =   301.28  PRESS =  -144.5
 Etot   =    -51895.0957  EKtot   =     13211.6719  EPtot      =    -65106.7675
 BOND   =       415.6775  ANGLE   =      1091.0376  DIHED      =      1774.4168
 1-4 NB =       511.2182  1-4 EEL =      6885.3540  VDWAALS    =      7723.6457
 EELEC  =    -83508.1173  EHBOND  =         0.0000  RESTRAINT  =         0.0000
 EKCMT  =      5858.3515  VIRIAL  =      6531.8205  VOLUME     =    215809.9270
                                                    Density    =         1.0135
 ------------------------------------------------------------------------------

wrapping first mol.:       21.80899       30.84257       53.42090
wrapping first mol.:       21.80899       30.84257       53.42090

 NSTEP =     4000   TIME(PS) =    7708.000  TEMP(K) =   301.05  PRESS =     9.5
 Etot   =    -51821.8427  EKtot   =     13201.7158  EPtot      =    -65023.5585
 BOND   =       444.0978  ANGLE   =      1124.5533  DIHED      =      1761.3684
 1-4 NB =       489.3374  1-4 EEL =      6892.0150  VDWAALS    =      7894.3439
 EELEC  =    -83629.2743  EHBOND  =         0.0000  RESTRAINT  =         0.0000
 EKCMT  =      5806.6057  VIRIAL  =      5762.2903  VOLUME     =    215599.6863
                                                    Density    =         1.0145
 ------------------------------------------------------------------------------

wrapping first mol.:       21.81758       30.85472       53.44194
wrapping first mol.:       21.81758       30.85472       53.44194

 NSTEP =     4500   TIME(PS) =    7709.000  TEMP(K) =   300.27  PRESS =   -96.0
 Etot   =    -51940.8802  EKtot   =     13167.4756  EPtot      =    -65108.3558
 BOND   =       388.3855  ANGLE   =      1123.6445  DIHED      =      1795.8373
 1-4 NB =       494.2285  1-4 EEL =      6874.8029  VDWAALS    =      7786.3161
 EELEC  =    -83571.5707  EHBOND  =         0.0000  RESTRAINT  =         0.0000
 EKCMT  =      5818.0509  VIRIAL  =      6265.6551  VOLUME     =    215856.6417
                                                    Density    =         1.0133
 ------------------------------------------------------------------------------

wrapping first mol.:       21.80677       30.83943       53.41545
wrapping first mol.:       21.80677       30.83943       53.41545

 NSTEP =     5000   TIME(PS) =    7710.000  TEMP(K) =   300.41  PRESS =   -78.8
 Etot   =    -52174.6820  EKtot   =     13173.6045  EPtot      =    -65348.2865
 BOND   =       425.2602  ANGLE   =      1163.3621  DIHED      =      1747.6695
 1-4 NB =       508.9075  1-4 EEL =      6900.5785  VDWAALS    =      7879.9319
 EELEC  =    -83973.9963  EHBOND  =         0.0000  RESTRAINT  =         0.0000
 EKCMT  =      5754.9494  VIRIAL  =      6121.8202  VOLUME     =    215535.4394
                                                    Density    =         1.0148
 ------------------------------------------------------------------------------

wrapping first mol.:       21.80302       30.83412       53.40626
wrapping first mol.:       21.80302       30.83412       53.40626

 NSTEP =     5500   TIME(PS) =    7711.000  TEMP(K) =   302.58  PRESS =   -63.4
 Etot   =    -51985.5592  EKtot   =     13268.9580  EPtot      =    -65254.5172
 BOND   =       417.5662  ANGLE   =      1160.5304  DIHED      =      1776.2943
 1-4 NB =       502.1196  1-4 EEL =      6871.0408  VDWAALS    =      7834.5536
 EELEC  =    -83816.6221  EHBOND  =         0.0000  RESTRAINT  =         0.0000
 EKCMT  =      5863.1012  VIRIAL  =      6157.9742  VOLUME     =    215423.9779
                                                    Density    =         1.0153
 ------------------------------------------------------------------------------

wrapping first mol.:       21.78802       30.81292       53.36953
wrapping first mol.:       21.78802       30.81292       53.36953

 NSTEP =     6000   TIME(PS) =    7712.000  TEMP(K) =   297.26  PRESS =  -266.9
 Etot   =    -52288.9940  EKtot   =     13035.5732  EPtot      =    -65324.5672
 BOND   =       399.3377  ANGLE   =      1151.2676  DIHED      =      1785.4621
 1-4 NB =       494.3774  1-4 EEL =      6879.8629  VDWAALS    =      7780.5325
 EELEC  =    -83815.4074  EHBOND  =         0.0000  RESTRAINT  =         0.0000
 EKCMT  =      5693.9533  VIRIAL  =      6932.9959  VOLUME     =    214983.6923
                                                    Density    =         1.0174
 ------------------------------------------------------------------------------

wrapping first mol.:       21.77791       30.79862       53.34477
wrapping first mol.:       21.77791       30.79862       53.34477

 NSTEP =     6500   TIME(PS) =    7713.000  TEMP(K) =   299.87  PRESS =   374.0
 Etot   =    -52257.3514  EKtot   =     13149.8818  EPtot      =    -65407.2333
 BOND   =       428.5030  ANGLE   =      1114.4930  DIHED      =      1784.1055
 1-4 NB =       510.4804  1-4 EEL =      6911.2454  VDWAALS    =      7990.6622
 EELEC  =    -84146.7227  EHBOND  =         0.0000  RESTRAINT  =         0.0000
 EKCMT  =      5837.7800  VIRIAL  =      4104.2325  VOLUME     =    214672.2628
                                                    Density    =         1.0188
 ------------------------------------------------------------------------------

wrapping first mol.:       21.78214       30.80459       53.35511
wrapping first mol.:       21.78214       30.80459       53.35511

 NSTEP =     7000   TIME(PS) =    7714.000  TEMP(K) =   297.90  PRESS =    16.8
 Etot   =    -52157.8945  EKtot   =     13063.5557  EPtot      =    -65221.4502
 BOND   =       399.1172  ANGLE   =      1152.2102  DIHED      =      1745.9436
 1-4 NB =       512.0785  1-4 EEL =      6897.5380  VDWAALS    =      7783.3950
 EELEC  =    -83711.7327  EHBOND  =         0.0000  RESTRAINT  =         0.0000
 EKCMT  =      5726.0819  VIRIAL  =      5648.1678  VOLUME     =    214804.0327
                                                    Density    =         1.0182
 ------------------------------------------------------------------------------

wrapping first mol.:       21.78486       30.80845       53.36179
wrapping first mol.:       21.78486       30.80845       53.36179

 NSTEP =     7500   TIME(PS) =    7715.000  TEMP(K) =   302.44  PRESS =   114.0
 Etot   =    -52164.1036  EKtot   =     13262.7959  EPtot      =    -65426.8995
 BOND   =       381.3600  ANGLE   =      1147.7012  DIHED      =      1770.7771
 1-4 NB =       493.9532  1-4 EEL =      6873.2342  VDWAALS    =      7716.8608
 EELEC  =    -83810.7859  EHBOND  =         0.0000  RESTRAINT  =         0.0000
 EKCMT  =      5912.6827  VIRIAL  =      5383.6753  VOLUME     =    214882.8504
                                                    Density    =         1.0178
 ------------------------------------------------------------------------------

wrapping first mol.:       21.78045       30.80221       53.35099
wrapping first mol.:       21.78045       30.80221       53.35099

 NSTEP =     8000   TIME(PS) =    7716.000  TEMP(K) =   296.47  PRESS =   304.7
 Etot   =    -52448.7468  EKtot   =     13000.7012  EPtot      =    -65449.4480
 BOND   =       415.7545  ANGLE   =      1130.2528  DIHED      =      1752.2869
 1-4 NB =       491.8207  1-4 EEL =      6874.8789  VDWAALS    =      8052.1101
 EELEC  =    -84166.5520  EHBOND  =         0.0000  RESTRAINT  =         0.0000
 EKCMT  =      5696.7713  VIRIAL  =      4283.9520  VOLUME     =    214748.7630
                                                    Density    =         1.0185
 ------------------------------------------------------------------------------

wrapping first mol.:       21.77975       30.80121       53.34926
wrapping first mol.:       21.77975       30.80121       53.34926

 NSTEP =     8500   TIME(PS) =    7717.000  TEMP(K) =   299.44  PRESS =   -66.6
 Etot   =    -52139.0792  EKtot   =     13131.0586  EPtot      =    -65270.1378
 BOND   =       383.6634  ANGLE   =      1178.0049  DIHED      =      1754.0256
 1-4 NB =       510.0127  1-4 EEL =      6914.9348  VDWAALS    =      7758.9155
 EELEC  =    -83769.6948  EHBOND  =         0.0000  RESTRAINT  =         0.0000
 EKCMT  =      5769.0046  VIRIAL  =      6077.5814  VOLUME     =    214734.9312
                                                    Density    =         1.0185
 ------------------------------------------------------------------------------

wrapping first mol.:       21.78529       30.80906       53.36285
wrapping first mol.:       21.78529       30.80906       53.36285

 NSTEP =     9000   TIME(PS) =    7718.000  TEMP(K) =   300.03  PRESS =   130.0
 Etot   =    -52232.3736  EKtot   =     13156.9014  EPtot      =    -65389.2750
 BOND   =       382.5673  ANGLE   =      1155.3168  DIHED      =      1787.7808
 1-4 NB =       492.1487  1-4 EEL =      6887.5435  VDWAALS    =      7936.7567
 EELEC  =    -84031.3889  EHBOND  =         0.0000  RESTRAINT  =         0.0000
 EKCMT  =      5637.1786  VIRIAL  =      5034.1980  VOLUME     =    214895.3463
                                                    Density    =         1.0178
 ------------------------------------------------------------------------------

wrapping first mol.:       21.79491       30.82265       53.38640
wrapping first mol.:       21.79491       30.82265       53.38640

 NSTEP =     9500   TIME(PS) =    7719.000  TEMP(K) =   296.69  PRESS =   118.2
 Etot   =    -52304.1027  EKtot   =     13010.3887  EPtot      =    -65314.4914
 BOND   =       424.4274  ANGLE   =      1175.3738  DIHED      =      1753.9574
 1-4 NB =       499.3970  1-4 EEL =      6864.6302  VDWAALS    =      8128.6411
 EELEC  =    -84160.9182  EHBOND  =         0.0000  RESTRAINT  =         0.0000
 EKCMT  =      5696.0573  VIRIAL  =      5147.0304  VOLUME     =    215180.2108
                                                    Density    =         1.0164
 ------------------------------------------------------------------------------

wrapping first mol.:       21.78450       30.80794       53.36091
wrapping first mol.:       21.78450       30.80794       53.36091

 NSTEP =    10000   TIME(PS) =    7720.000  TEMP(K) =   301.86  PRESS =  -233.4
 Etot   =    -51921.0168  EKtot   =     13237.4229  EPtot      =    -65158.4397
 BOND   =       430.6487  ANGLE   =      1147.0651  DIHED      =      1756.5427
 1-4 NB =       508.8040  1-4 EEL =      6858.6744  VDWAALS    =      7744.0445
 EELEC  =    -83604.2191  EHBOND  =         0.0000  RESTRAINT  =         0.0000
 EKCMT  =      5816.9618  VIRIAL  =      6900.0488  VOLUME     =    214878.8737
                                                    Density    =         1.0179
 ------------------------------------------------------------------------------

wrapping first mol.:       21.78829       30.81330       53.37019
wrapping first mol.:       21.78829       30.81330       53.37019

 NSTEP =    10500   TIME(PS) =    7721.000  TEMP(K) =   300.57  PRESS =   -36.1
 Etot   =    -52202.6081  EKtot   =     13180.8281  EPtot      =    -65383.4362
 BOND   =       400.0125  ANGLE   =      1142.1960  DIHED      =      1741.0222
 1-4 NB =       502.7521  1-4 EEL =      6901.4407  VDWAALS    =      7870.8777
 EELEC  =    -83941.7373  EHBOND  =         0.0000  RESTRAINT  =         0.0000
 EKCMT  =      5759.8590  VIRIAL  =      5927.4024  VOLUME     =    214987.2016
                                                    Density    =         1.0174
 ------------------------------------------------------------------------------

wrapping first mol.:       21.78484       30.80841       53.36173
wrapping first mol.:       21.78484       30.80841       53.36173

 NSTEP =    11000   TIME(PS) =    7722.000  TEMP(K) =   300.14  PRESS =   -22.0
 Etot   =    -51971.6787  EKtot   =     13161.7207  EPtot      =    -65133.3994
 BOND   =       445.8141  ANGLE   =      1164.4030  DIHED      =      1743.5050
 1-4 NB =       510.4091  1-4 EEL =      6876.1144  VDWAALS    =      7919.4181
 EELEC  =    -83793.0632  EHBOND  =         0.0000  RESTRAINT  =         0.0000
 EKCMT  =      5879.5457  VIRIAL  =      5981.6041  VOLUME     =    214884.7083
                                                    Density    =         1.0178
 ------------------------------------------------------------------------------

wrapping first mol.:       21.78687       30.81129       53.36672
wrapping first mol.:       21.78687       30.81129       53.36672

 NSTEP =    11500   TIME(PS) =    7723.000  TEMP(K) =   300.54  PRESS =  -219.6
 Etot   =    -52261.5783  EKtot   =     13179.4385  EPtot      =    -65441.0167
 BOND   =       385.3967  ANGLE   =      1132.9750  DIHED      =      1793.3228
 1-4 NB =       489.7734  1-4 EEL =      6869.4414  VDWAALS    =      7670.6090
 EELEC  =    -83782.5350  EHBOND  =         0.0000  RESTRAINT  =         0.0000
 EKCMT  =      5758.6170  VIRIAL  =      6777.5702  VOLUME     =    214948.8057
                                                    Density    =         1.0175
 ------------------------------------------------------------------------------

wrapping first mol.:       21.78702       30.81150       53.36708
wrapping first mol.:       21.78702       30.81150       53.36708

 NSTEP =    12000   TIME(PS) =    7724.000  TEMP(K) =   298.80  PRESS =    -9.2
 Etot   =    -52366.2418  EKtot   =     13103.1035  EPtot      =    -65469.3454
 BOND   =       383.8786  ANGLE   =      1154.4218  DIHED      =      1777.0764
 1-4 NB =       500.0259  1-4 EEL =      6880.2802  VDWAALS    =      8096.3820
 EELEC  =    -84261.4103  EHBOND  =         0.0000  RESTRAINT  =         0.0000
 EKCMT  =      5798.4728  VIRIAL  =      5841.1544  VOLUME     =    214949.0818
                                                    Density    =         1.0175
 ------------------------------------------------------------------------------

wrapping first mol.:       21.79668       30.82516       53.39073
wrapping first mol.:       21.79668       30.82516       53.39073

 NSTEP =    12500   TIME(PS) =    7725.000  TEMP(K) =   300.01  PRESS =  -134.6
 Etot   =    -52248.9227  EKtot   =     13156.0869  EPtot      =    -65405.0096
 BOND   =       382.1572  ANGLE   =      1144.5389  DIHED      =      1779.4754
 1-4 NB =       503.4428  1-4 EEL =      6877.8786  VDWAALS    =      7888.1566
 EELEC  =    -83980.6592  EHBOND  =         0.0000  RESTRAINT  =         0.0000
 EKCMT  =      5756.5757  VIRIAL  =      6382.0307  VOLUME     =    215237.4332
                                                    Density    =         1.0162
 ------------------------------------------------------------------------------

wrapping first mol.:       21.80674       30.83938       53.41537
wrapping first mol.:       21.80674       30.83938       53.41537

 NSTEP =    13000   TIME(PS) =    7726.000  TEMP(K) =   297.25  PRESS =   -38.8
 Etot   =    -52219.6252  EKtot   =     13034.9854  EPtot      =    -65254.6106
 BOND   =       400.5219  ANGLE   =      1199.9850  DIHED      =      1775.2095
 1-4 NB =       491.0938  1-4 EEL =      6840.5465  VDWAALS    =      7813.2227
 EELEC  =    -83775.1899  EHBOND  =         0.0000  RESTRAINT  =         0.0000
 EKCMT  =      5663.9817  VIRIAL  =      5844.6490  VOLUME     =    215533.7080
                                                    Density    =         1.0148
 ------------------------------------------------------------------------------

wrapping first mol.:       21.79479       30.82249       53.38612
wrapping first mol.:       21.79479       30.82249       53.38612

 NSTEP =    13500   TIME(PS) =    7727.000  TEMP(K) =   299.08  PRESS =     2.1
 Etot   =    -52257.8003  EKtot   =     13115.3711  EPtot      =    -65373.1714
 BOND   =       410.4309  ANGLE   =      1160.3548  DIHED      =      1752.3377
 1-4 NB =       501.0976  1-4 EEL =      6861.6952  VDWAALS    =      7867.4623
 EELEC  =    -83926.5499  EHBOND  =         0.0000  RESTRAINT  =         0.0000
 EKCMT  =      5826.4399  VIRIAL  =      5816.8768  VOLUME     =    215179.0504
                                                    Density    =         1.0164
 ------------------------------------------------------------------------------

wrapping first mol.:       21.78444       30.80785       53.36076
wrapping first mol.:       21.78444       30.80785       53.36076

 NSTEP =    14000   TIME(PS) =    7728.000  TEMP(K) =   298.93  PRESS =  -115.1
 Etot   =    -52081.2570  EKtot   =     13108.6240  EPtot      =    -65189.8810
 BOND   =       414.1325  ANGLE   =      1128.6796  DIHED      =      1765.1139
 1-4 NB =       504.4860  1-4 EEL =      6862.7608  VDWAALS    =      7802.6771
 EELEC  =    -83667.7309  EHBOND  =         0.0000  RESTRAINT  =         0.0000
 EKCMT  =      5798.1693  VIRIAL  =      6332.3084  VOLUME     =    214874.8548
                                                    Density    =         1.0179
 ------------------------------------------------------------------------------

wrapping first mol.:       21.79655       30.82498       53.39043
wrapping first mol.:       21.79655       30.82498       53.39043

 NSTEP =    14500   TIME(PS) =    7729.000  TEMP(K) =   300.48  PRESS =  -116.5
 Etot   =    -51838.3124  EKtot   =     13176.8008  EPtot      =    -65015.1132
 BOND   =       418.4958  ANGLE   =      1173.3734  DIHED      =      1784.0795
 1-4 NB =       494.1154  1-4 EEL =      6887.1845  VDWAALS    =      7717.1184
 EELEC  =    -83489.4803  EHBOND  =         0.0000  RESTRAINT  =         0.0000
 EKCMT  =      5863.6973  VIRIAL  =      6405.0435  VOLUME     =    215233.4533
                                                    Density    =         1.0162
 ------------------------------------------------------------------------------

wrapping first mol.:       21.79469       30.82235       53.38587
wrapping first mol.:       21.79469       30.82235       53.38587

 NSTEP =    15000   TIME(PS) =    7730.000  TEMP(K) =   296.54  PRESS =  -174.0
 Etot   =    -52228.0271  EKtot   =     13004.0664  EPtot      =    -65232.0935
 BOND   =       400.1276  ANGLE   =      1156.2752  DIHED      =      1756.1748
 1-4 NB =       505.8879  1-4 EEL =      6903.3731  VDWAALS    =      7878.3150
 EELEC  =    -83832.2470  EHBOND  =         0.0000  RESTRAINT  =         0.0000
 EKCMT  =      5750.4933  VIRIAL  =      6558.8104  VOLUME     =    215179.3896
                                                    Density    =         1.0164
 ------------------------------------------------------------------------------

wrapping first mol.:       21.78787       30.81270       53.36915
wrapping first mol.:       21.78787       30.81270       53.36915

 NSTEP =    15500   TIME(PS) =    7731.000  TEMP(K) =   299.14  PRESS =   -42.5
 Etot   =    -51996.5976  EKtot   =     13118.1914  EPtot      =    -65114.7890
 BOND   =       390.9781  ANGLE   =      1200.2167  DIHED      =      1757.5854
 1-4 NB =       505.4388  1-4 EEL =      6864.8825  VDWAALS    =      7781.4545
 EELEC  =    -83615.3449  EHBOND  =         0.0000  RESTRAINT  =         0.0000
 EKCMT  =      5775.7266  VIRIAL  =      5972.9669  VOLUME     =    214974.7631
                                                    Density    =         1.0174
 ------------------------------------------------------------------------------

wrapping first mol.:       21.78627       30.81044       53.36525
wrapping first mol.:       21.78627       30.81044       53.36525

 NSTEP =    16000   TIME(PS) =    7732.000  TEMP(K) =   301.78  PRESS =   193.2
 Etot   =    -52140.6018  EKtot   =     13233.6299  EPtot      =    -65374.2317
 BOND   =       432.9863  ANGLE   =      1188.2216  DIHED      =      1753.4026
 1-4 NB =       489.0547  1-4 EEL =      6859.6369  VDWAALS    =      8131.8962
 EELEC  =    -84229.4299  EHBOND  =         0.0000  RESTRAINT  =         0.0000
 EKCMT  =      5774.6050  VIRIAL  =      4878.1449  VOLUME     =    214923.0755
                                                    Density    =         1.0177
 ------------------------------------------------------------------------------

wrapping first mol.:       21.79574       30.82384       53.38845
wrapping first mol.:       21.79574       30.82384       53.38845

 NSTEP =    16500   TIME(PS) =    7733.000  TEMP(K) =   300.25  PRESS =    -8.7
 Etot   =    -51917.1939  EKtot   =     13166.8535  EPtot      =    -65084.0474
 BOND   =       406.1297  ANGLE   =      1133.3925  DIHED      =      1745.7143
 1-4 NB =       516.9386  1-4 EEL =      6936.9014  VDWAALS    =      7794.7537
 EELEC  =    -83617.8776  EHBOND  =         0.0000  RESTRAINT  =         0.0000
 EKCMT  =      5791.4982  VIRIAL  =      5831.9608  VOLUME     =    215207.3986
                                                    Density    =         1.0163
 ------------------------------------------------------------------------------

wrapping first mol.:       21.80229       30.83310       53.40449
wrapping first mol.:       21.80229       30.83310       53.40449

 NSTEP =    17000   TIME(PS) =    7734.000  TEMP(K) =   299.59  PRESS =  -201.0
 Etot   =    -52177.9492  EKtot   =     13137.6309  EPtot      =    -65315.5800
 BOND   =       409.8971  ANGLE   =      1097.1023  DIHED      =      1770.3156
 1-4 NB =       497.2142  1-4 EEL =      6911.4164  VDWAALS    =      7761.3380
 EELEC  =    -83762.8635  EHBOND  =         0.0000  RESTRAINT  =         0.0000
 EKCMT  =      5849.0174  VIRIAL  =      6783.7957  VOLUME     =    215405.1391
                                                    Density    =         1.0154
 ------------------------------------------------------------------------------

wrapping first mol.:       21.79041       30.81629       53.37538
wrapping first mol.:       21.79041       30.81629       53.37538

 NSTEP =    17500   TIME(PS) =    7735.000  TEMP(K) =   301.91  PRESS =   115.0
 Etot   =    -51910.4781  EKtot   =     13239.2510  EPtot      =    -65149.7291
 BOND   =       414.9409  ANGLE   =      1139.2082  DIHED      =      1778.4721
 1-4 NB =       498.5869  1-4 EEL =      6882.6743  VDWAALS    =      7965.7466
 EELEC  =    -83829.3582  EHBOND  =         0.0000  RESTRAINT  =         0.0000
 EKCMT  =      5806.4559  VIRIAL  =      5272.5566  VOLUME     =    215046.9871
                                                    Density    =         1.0171
 ------------------------------------------------------------------------------

wrapping first mol.:       21.77285       30.79145       53.33236
wrapping first mol.:       21.77285       30.79145       53.33236

 NSTEP =    18000   TIME(PS) =    7736.000  TEMP(K) =   298.91  PRESS =    40.9
 Etot   =    -52098.4374  EKtot   =     13108.0693  EPtot      =    -65206.5067
 BOND   =       419.9209  ANGLE   =      1150.0177  DIHED      =      1796.4029
 1-4 NB =       491.7861  1-4 EEL =      6870.1297  VDWAALS    =      7957.2184
 EELEC  =    -83891.9823  EHBOND  =         0.0000  RESTRAINT  =         0.0000
 EKCMT  =      5767.7297  VIRIAL  =      5578.2019  VOLUME     =    214528.8862
                                                    Density    =         1.0195
 ------------------------------------------------------------------------------

wrapping first mol.:       21.77976       30.80124       53.34930
wrapping first mol.:       21.77976       30.80124       53.34930

 NSTEP =    18500   TIME(PS) =    7737.000  TEMP(K) =   299.43  PRESS =   173.7
 Etot   =    -52270.6155  EKtot   =     13130.6299  EPtot      =    -65401.2454
 BOND   =       426.0182  ANGLE   =      1154.5275  DIHED      =      1763.6735
 1-4 NB =       508.0194  1-4 EEL =      6854.3059  VDWAALS    =      8152.8831
 EELEC  =    -84260.6729  EHBOND  =         0.0000  RESTRAINT  =         0.0000
 EKCMT  =      5860.3521  VIRIAL  =      5054.9528  VOLUME     =    214730.8867
                                                    Density    =         1.0186
 ------------------------------------------------------------------------------

wrapping first mol.:       21.79208       30.81865       53.37946
wrapping first mol.:       21.79208       30.81865       53.37946

 NSTEP =    19000   TIME(PS) =    7738.000  TEMP(K) =   301.77  PRESS =    -4.8
 Etot   =    -52148.8355  EKtot   =     13233.3047  EPtot      =    -65382.1402
 BOND   =       408.8385  ANGLE   =      1158.1919  DIHED      =      1762.2509
 1-4 NB =       513.5787  1-4 EEL =      6875.2294  VDWAALS    =      8019.2630
 EELEC  =    -84119.4926  EHBOND  =         0.0000  RESTRAINT  =         0.0000
 EKCMT  =      5714.8446  VIRIAL  =      5737.0903  VOLUME     =    215098.6940
                                                    Density    =         1.0168
 ------------------------------------------------------------------------------

wrapping first mol.:       21.78664       30.81096       53.36615
wrapping first mol.:       21.78664       30.81096       53.36615

 NSTEP =    19500   TIME(PS) =    7739.000  TEMP(K) =   303.10  PRESS =   158.2
 Etot   =    -51915.4783  EKtot   =     13291.5566  EPtot      =    -65207.0350
 BOND   =       418.7560  ANGLE   =      1140.6879  DIHED      =      1774.5175
 1-4 NB =       513.3582  1-4 EEL =      6869.3194  VDWAALS    =      8046.9378
 EELEC  =    -83970.6117  EHBOND  =         0.0000  RESTRAINT  =         0.0000
 EKCMT  =      5847.7045  VIRIAL  =      5113.6389  VOLUME     =    214934.6822
                                                    Density    =         1.0176
 ------------------------------------------------------------------------------

wrapping first mol.:       21.80034       30.83033       53.39970
wrapping first mol.:       21.80034       30.83033       53.39970

 NSTEP =    20000   TIME(PS) =    7740.000  TEMP(K) =   298.55  PRESS =    25.5
 Etot   =    -52051.4220  EKtot   =     13091.9238  EPtot      =    -65143.3458
 BOND   =       390.3950  ANGLE   =      1172.1691  DIHED      =      1775.1090
 1-4 NB =       510.5277  1-4 EEL =      6855.0202  VDWAALS    =      7994.6269
 EELEC  =    -83841.1937  EHBOND  =         0.0000  RESTRAINT  =         0.0000
 EKCMT  =      5854.2897  VIRIAL  =      5735.6310  VOLUME     =    215342.8732
                                                    Density    =         1.0157
 ------------------------------------------------------------------------------

wrapping first mol.:       21.81735       30.85439       53.44137
wrapping first mol.:       21.81735       30.85439       53.44137

 NSTEP =    20500   TIME(PS) =    7741.000  TEMP(K) =   297.47  PRESS =  -241.3
 Etot   =    -52396.4439  EKtot   =     13044.8135  EPtot      =    -65441.2574
 BOND   =       392.0791  ANGLE   =      1127.9499  DIHED      =      1775.9585
 1-4 NB =       506.8391  1-4 EEL =      6851.2507  VDWAALS    =      7848.9530
 EELEC  =    -83944.2877  EHBOND  =         0.0000  RESTRAINT  =         0.0000
 EKCMT  =      5696.2786  VIRIAL  =      6820.8728  VOLUME     =    215852.5072
                                                    Density    =         1.0133
 ------------------------------------------------------------------------------

wrapping first mol.:       21.80717       30.84000       53.41644
wrapping first mol.:       21.80717       30.84000       53.41644

 NSTEP =    21000   TIME(PS) =    7742.000  TEMP(K) =   301.80  PRESS =  -108.8
 Etot   =    -52152.4051  EKtot   =     13234.6895  EPtot      =    -65387.0946
 BOND   =       403.0772  ANGLE   =      1160.1709  DIHED      =      1771.0801
 1-4 NB =       507.1384  1-4 EEL =      6906.0782  VDWAALS    =      7957.3716
 EELEC  =    -84092.0109  EHBOND  =         0.0000  RESTRAINT  =         0.0000
 EKCMT  =      5806.7468  VIRIAL  =      6312.9927  VOLUME     =    215547.9784
                                                    Density    =         1.0147
 ------------------------------------------------------------------------------

wrapping first mol.:       21.79924       30.82878       53.39701
wrapping first mol.:       21.79924       30.82878       53.39701

 NSTEP =    21500   TIME(PS) =    7743.000  TEMP(K) =   301.11  PRESS =  -153.2
 Etot   =    -52194.0907  EKtot   =     13204.4834  EPtot      =    -65398.5741
 BOND   =       385.6898  ANGLE   =      1132.8013  DIHED      =      1752.7186
 1-4 NB =       500.1654  1-4 EEL =      6885.5813  VDWAALS    =      7927.8867
 EELEC  =    -83983.4172  EHBOND  =         0.0000  RESTRAINT  =         0.0000
 EKCMT  =      5791.5732  VIRIAL  =      6503.5838  VOLUME     =    215313.7141
                                                    Density    =         1.0158
 ------------------------------------------------------------------------------

wrapping first mol.:       21.79416       30.82159       53.38456
wrapping first mol.:       21.79416       30.82159       53.38456

 NSTEP =    22000   TIME(PS) =    7744.000  TEMP(K) =   297.24  PRESS =     9.8
 Etot   =    -52162.5226  EKtot   =     13034.6797  EPtot      =    -65197.2023
 BOND   =       407.8362  ANGLE   =      1174.4082  DIHED      =      1748.1075
 1-4 NB =       503.3074  1-4 EEL =      6867.9246  VDWAALS    =      7973.3520
 EELEC  =    -83872.1381  EHBOND  =         0.0000  RESTRAINT  =         0.0000
 EKCMT  =      5791.6663  VIRIAL  =      5746.1882  VOLUME     =    215160.0185
                                                    Density    =         1.0165
 ------------------------------------------------------------------------------

wrapping first mol.:       21.79274       30.81958       53.38108
wrapping first mol.:       21.79274       30.81958       53.38108

 NSTEP =    22500   TIME(PS) =    7745.000  TEMP(K) =   299.67  PRESS =   208.2
 Etot   =    -52347.4950  EKtot   =     13141.4082  EPtot      =    -65488.9032
 BOND   =       405.2027  ANGLE   =      1120.6293  DIHED      =      1755.9951
 1-4 NB =       500.6825  1-4 EEL =      6868.7815  VDWAALS    =      8132.8267
 EELEC  =    -84273.0211  EHBOND  =         0.0000  RESTRAINT  =         0.0000
 EKCMT  =      5792.4104  VIRIAL  =      4825.4392  VOLUME     =    215114.1509
                                                    Density    =         1.0168
 ------------------------------------------------------------------------------

wrapping first mol.:       21.78517       30.80888       53.36255
wrapping first mol.:       21.78517       30.80888       53.36255

 NSTEP =    23000   TIME(PS) =    7746.000  TEMP(K) =   297.43  PRESS =     2.0
 Etot   =    -52376.8470  EKtot   =     13043.1328  EPtot      =    -65419.9798
 BOND   =       395.0678  ANGLE   =      1144.4603  DIHED      =      1783.6059
 1-4 NB =       510.2631  1-4 EEL =      6882.7143  VDWAALS    =      7996.6452
 EELEC  =    -84132.7364  EHBOND  =         0.0000  RESTRAINT  =         0.0000
 EKCMT  =      5719.7411  VIRIAL  =      5710.5704  VOLUME     =    214894.1724
                                                    Density    =         1.0178
 ------------------------------------------------------------------------------

wrapping first mol.:       21.79450       30.82208       53.38540
wrapping first mol.:       21.79450       30.82208       53.38540

 NSTEP =    23500   TIME(PS) =    7747.000  TEMP(K) =   300.90  PRESS =   -44.5
 Etot   =    -52170.5424  EKtot   =     13195.3213  EPtot      =    -65365.8637
 BOND   =       406.8835  ANGLE   =      1147.2626  DIHED      =      1774.2094
 1-4 NB =       492.9803  1-4 EEL =      6883.4282  VDWAALS    =      7985.8865
 EELEC  =    -84056.5142  EHBOND  =         0.0000  RESTRAINT  =         0.0000
 EKCMT  =      5758.7048  VIRIAL  =      5965.3684  VOLUME     =    215171.2158
                                                    Density    =         1.0165
 ------------------------------------------------------------------------------

wrapping first mol.:       21.79211       30.81870       53.37956
wrapping first mol.:       21.79211       30.81870       53.37956

 NSTEP =    24000   TIME(PS) =    7748.000  TEMP(K) =   300.81  PRESS =  -279.3
 Etot   =    -52100.9820  EKtot   =     13191.0186  EPtot      =    -65292.0006
 BOND   =       431.2661  ANGLE   =      1153.6443  DIHED      =      1780.2774
 1-4 NB =       497.9731  1-4 EEL =      6889.1759  VDWAALS    =      7805.6030
 EELEC  =    -83849.9403  EHBOND  =         0.0000  RESTRAINT  =         0.0000
 EKCMT  =      5785.7718  VIRIAL  =      7082.7766  VOLUME     =    215105.0811
                                                    Density    =         1.0168
 ------------------------------------------------------------------------------

wrapping first mol.:       21.78813       30.81307       53.36980
wrapping first mol.:       21.78813       30.81307       53.36980

 NSTEP =    24500   TIME(PS) =    7749.000  TEMP(K) =   300.29  PRESS =    12.0
 Etot   =    -52064.3919  EKtot   =     13168.2207  EPtot      =    -65232.6126
 BOND   =       399.7069  ANGLE   =      1180.2387  DIHED      =      1783.1496
 1-4 NB =       492.0140  1-4 EEL =      6877.1029  VDWAALS    =      7809.8889
 EELEC  =    -83774.7135  EHBOND  =         0.0000  RESTRAINT  =         0.0000
 EKCMT  =      5766.6384  VIRIAL  =      5710.8119  VOLUME     =    214981.6314
                                                    Density    =         1.0174
 ------------------------------------------------------------------------------

wrapping first mol.:       21.77898       30.80013       53.34738
wrapping first mol.:       21.77898       30.80013       53.34738

 NSTEP =    25000   TIME(PS) =    7750.000  TEMP(K) =   299.71  PRESS =  -283.7
 Etot   =    -52154.9336  EKtot   =     13143.0615  EPtot      =    -65297.9951
 BOND   =       413.8782  ANGLE   =      1171.4038  DIHED      =      1774.0488
 1-4 NB =       506.2701  1-4 EEL =      6875.6343  VDWAALS    =      7866.8799
 EELEC  =    -83906.1102  EHBOND  =         0.0000  RESTRAINT  =         0.0000
 EKCMT  =      5790.2901  VIRIAL  =      7105.5725  VOLUME     =    214716.4672
                                                    Density    =         1.0186
 ------------------------------------------------------------------------------

wrapping first mol.:       21.77134       30.78933       53.32868
wrapping first mol.:       21.77134       30.78933       53.32868

 NSTEP =    25500   TIME(PS) =    7751.000  TEMP(K) =   297.85  PRESS =    43.7
 Etot   =    -51957.4733  EKtot   =     13061.2949  EPtot      =    -65018.7682
 BOND   =       391.6028  ANGLE   =      1153.0155  DIHED      =      1772.5689
 1-4 NB =       505.0978  1-4 EEL =      6894.9838  VDWAALS    =      7789.3818
 EELEC  =    -83525.4188  EHBOND  =         0.0000  RESTRAINT  =         0.0000
 EKCMT  =      5793.8291  VIRIAL  =      5591.2432  VOLUME     =    214484.4055
                                                    Density    =         1.0197
 ------------------------------------------------------------------------------

wrapping first mol.:       21.77810       30.79888       53.34523
wrapping first mol.:       21.77810       30.79888       53.34523

 NSTEP =    26000   TIME(PS) =    7752.000  TEMP(K) =   305.52  PRESS =   345.5
 Etot   =    -51716.7249  EKtot   =     13397.6895  EPtot      =    -65114.4143
 BOND   =       413.3263  ANGLE   =      1134.9964  DIHED      =      1760.8644
 1-4 NB =       500.6867  1-4 EEL =      6884.9631  VDWAALS    =      7964.5449
 EELEC  =    -83773.7962  EHBOND  =         0.0000  RESTRAINT  =         0.0000
 EKCMT  =      5880.5979  VIRIAL  =      4279.1326  VOLUME     =    214678.3836
                                                    Density    =         1.0188
 ------------------------------------------------------------------------------

wrapping first mol.:       21.78978       30.81540       53.37383
wrapping first mol.:       21.78978       30.81540       53.37383

 NSTEP =    26500   TIME(PS) =    7753.000  TEMP(K) =   301.32  PRESS =   143.6
 Etot   =    -52084.0326  EKtot   =     13213.5156  EPtot      =    -65297.5482
 BOND   =       398.3239  ANGLE   =      1151.5974  DIHED      =      1758.0576
 1-4 NB =       511.2098  1-4 EEL =      6858.2267  VDWAALS    =      8037.2946
 EELEC  =    -84012.2581  EHBOND  =         0.0000  RESTRAINT  =         0.0000
 EKCMT  =      5775.9758  VIRIAL  =      5109.4268  VOLUME     =    215027.8163
                                                    Density    =         1.0172
 ------------------------------------------------------------------------------

wrapping first mol.:       21.79043       30.81633       53.37544
wrapping first mol.:       21.79043       30.81633       53.37544

 NSTEP =    27000   TIME(PS) =    7754.000  TEMP(K) =   298.37  PRESS =    20.4
 Etot   =    -51984.4672  EKtot   =     13084.2871  EPtot      =    -65068.7543
 BOND   =       406.7631  ANGLE   =      1179.4805  DIHED      =      1784.4461
 1-4 NB =       491.0221  1-4 EEL =      6864.3535  VDWAALS    =      7715.3593
 EELEC  =    -83510.1790  EHBOND  =         0.0000  RESTRAINT  =         0.0000
 EKCMT  =      5768.2662  VIRIAL  =      5673.4651  VOLUME     =    215049.5655
                                                    Density    =         1.0171
 ------------------------------------------------------------------------------

wrapping first mol.:       21.78051       30.80229       53.35112
wrapping first mol.:       21.78051       30.80229       53.35112

 NSTEP =    27500   TIME(PS) =    7755.000  TEMP(K) =   302.07  PRESS =    45.4
 Etot   =    -51951.2841  EKtot   =     13246.4268  EPtot      =    -65197.7109
 BOND   =       403.9635  ANGLE   =      1156.6149  DIHED      =      1757.3851
 1-4 NB =       506.6094  1-4 EEL =      6918.7218  VDWAALS    =      7716.8054
 EELEC  =    -83657.8110  EHBOND  =         0.0000  RESTRAINT  =         0.0000
 EKCMT  =      5753.8875  VIRIAL  =      5543.4956  VOLUME     =    214755.3450
                                                    Density    =         1.0185
 ------------------------------------------------------------------------------

wrapping first mol.:       21.78304       30.80587       53.35732
wrapping first mol.:       21.78304       30.80587       53.35732

 NSTEP =    28000   TIME(PS) =    7756.000  TEMP(K) =   299.64  PRESS =   -66.7
 Etot   =    -52238.1100  EKtot   =     13139.9922  EPtot      =    -65378.1022
 BOND   =       416.3259  ANGLE   =      1176.9234  DIHED      =      1750.5865
 1-4 NB =       490.9761  1-4 EEL =      6841.4506  VDWAALS    =      7911.1816
 EELEC  =    -83965.5462  EHBOND  =         0.0000  RESTRAINT  =         0.0000
 EKCMT  =      5813.1375  VIRIAL  =      6122.7014  VOLUME     =    214832.3058
                                                    Density    =         1.0181
 ------------------------------------------------------------------------------

wrapping first mol.:       21.78290       30.80567       53.35699
wrapping first mol.:       21.78290       30.80567       53.35699

 NSTEP =    28500   TIME(PS) =    7757.000  TEMP(K) =   296.00  PRESS =  -135.7
 Etot   =    -52266.6103  EKtot   =     12980.1309  EPtot      =    -65246.7411
 BOND   =       408.9243  ANGLE   =      1180.6389  DIHED      =      1760.9513
 1-4 NB =       522.4086  1-4 EEL =      6872.9786  VDWAALS    =      7764.4305
 EELEC  =    -83757.0734  EHBOND  =         0.0000  RESTRAINT  =         0.0000
 EKCMT  =      5748.6024  VIRIAL  =      6378.0840  VOLUME     =    214829.6068
                                                    Density    =         1.0181
 ------------------------------------------------------------------------------

wrapping first mol.:       21.77184       30.79002       53.32988
wrapping first mol.:       21.77184       30.79002       53.32988

 NSTEP =    29000   TIME(PS) =    7758.000  TEMP(K) =   301.54  PRESS =    91.5
 Etot   =    -52187.0689  EKtot   =     13223.1494  EPtot      =    -65410.2183
 BOND   =       409.9970  ANGLE   =      1137.2001  DIHED      =      1760.0485
 1-4 NB =       507.8740  1-4 EEL =      6873.0973  VDWAALS    =      8044.9234
 EELEC  =    -84143.3586  EHBOND  =         0.0000  RESTRAINT  =         0.0000
 EKCMT  =      5803.8347  VIRIAL  =      5380.1203  VOLUME     =    214498.0401
                                                    Density    =         1.0197
 ------------------------------------------------------------------------------

wrapping first mol.:       21.78434       30.80770       53.36050
wrapping first mol.:       21.78434       30.80770       53.36050

 NSTEP =    29500   TIME(PS) =    7759.000  TEMP(K) =   300.08  PRESS =   -25.5
 Etot   =    -52034.0722  EKtot   =     13159.2051  EPtot      =    -65193.2773
 BOND   =       401.6778  ANGLE   =      1169.0559  DIHED      =      1777.5735
 1-4 NB =       515.9395  1-4 EEL =      6863.7744  VDWAALS    =      7860.2891
 EELEC  =    -83781.5876  EHBOND  =         0.0000  RESTRAINT  =         0.0000
 EKCMT  =      5795.1868  VIRIAL  =      5913.5809  VOLUME     =    214869.9546
                                                    Density    =         1.0179
 ------------------------------------------------------------------------------

wrapping first mol.:       21.78153       30.80374       53.35364
wrapping first mol.:       21.78153       30.80374       53.35364

 NSTEP =    30000   TIME(PS) =    7760.000  TEMP(K) =   299.22  PRESS =   -55.2
 Etot   =    -52039.5412  EKtot   =     13121.5508  EPtot      =    -65161.0920
 BOND   =       383.8399  ANGLE   =      1142.2441  DIHED      =      1767.0437
 1-4 NB =       517.4071  1-4 EEL =      6902.3702  VDWAALS    =      7935.7896
 EELEC  =    -83809.7866  EHBOND  =         0.0000  RESTRAINT  =         0.0000
 EKCMT  =      5744.5747  VIRIAL  =      6000.7884  VOLUME     =    214787.6349
                                                    Density    =         1.0183
 ------------------------------------------------------------------------------

wrapping first mol.:       21.77781       30.79847       53.34452
wrapping first mol.:       21.77781       30.79847       53.34452

 NSTEP =    30500   TIME(PS) =    7761.000  TEMP(K) =   300.93  PRESS =   -31.0
 Etot   =    -52149.4444  EKtot   =     13196.3926  EPtot      =    -65345.8370
 BOND   =       402.2650  ANGLE   =      1153.6480  DIHED      =      1757.8493
 1-4 NB =       508.8672  1-4 EEL =      6881.4332  VDWAALS    =      7806.4790
 EELEC  =    -83856.3786  EHBOND  =         0.0000  RESTRAINT  =         0.0000
 EKCMT  =      5827.9445  VIRIAL  =      5971.7692  VOLUME     =    214677.0065
                                                    Density    =         1.0188
 ------------------------------------------------------------------------------

wrapping first mol.:       21.79197       30.81851       53.37921
wrapping first mol.:       21.79197       30.81851       53.37921

 NSTEP =    31000   TIME(PS) =    7762.000  TEMP(K) =   297.15  PRESS =   -61.2
 Etot   =    -52368.4615  EKtot   =     13030.7637  EPtot      =    -65399.2252
 BOND   =       369.8514  ANGLE   =      1126.2194  DIHED      =      1761.8279
 1-4 NB =       521.3242  1-4 EEL =      6906.9977  VDWAALS    =      7882.5358
 EELEC  =    -83967.9816  EHBOND  =         0.0000  RESTRAINT  =         0.0000
 EKCMT  =      5754.4573  VIRIAL  =      6038.7610  VOLUME     =    215096.7557
                                                    Density    =         1.0168
 ------------------------------------------------------------------------------

wrapping first mol.:       21.78358       30.80664       53.35866
wrapping first mol.:       21.78358       30.80664       53.35866

 NSTEP =    31500   TIME(PS) =    7763.000  TEMP(K) =   301.90  PRESS =   154.8
 Etot   =    -51994.0140  EKtot   =     13238.8076  EPtot      =    -65232.8216
 BOND   =       392.9582  ANGLE   =      1184.7539  DIHED      =      1765.4172
 1-4 NB =       524.5253  1-4 EEL =      6871.9300  VDWAALS    =      7895.1774
 EELEC  =    -83867.5837  EHBOND  =         0.0000  RESTRAINT  =         0.0000
 EKCMT  =      5846.1529  VIRIAL  =      5127.9743  VOLUME     =    214844.2135
                                                    Density    =         1.0180
 ------------------------------------------------------------------------------

wrapping first mol.:       21.78741       30.81205       53.36803
wrapping first mol.:       21.78741       30.81205       53.36803

 NSTEP =    32000   TIME(PS) =    7764.000  TEMP(K) =   298.99  PRESS =   168.2
 Etot   =    -52076.6894  EKtot   =     13111.4023  EPtot      =    -65188.0917
 BOND   =       386.3534  ANGLE   =      1123.2260  DIHED      =      1776.0786
 1-4 NB =       507.1030  1-4 EEL =      6890.7540  VDWAALS    =      8039.2253
 EELEC  =    -83910.8320  EHBOND  =         0.0000  RESTRAINT  =         0.0000
 EKCMT  =      5794.7107  VIRIAL  =      5013.9690  VOLUME     =    214957.1476
                                                    Density    =         1.0175
 ------------------------------------------------------------------------------

wrapping first mol.:       21.77435       30.79358       53.33605
wrapping first mol.:       21.77435       30.79358       53.33605

 NSTEP =    32500   TIME(PS) =    7765.000  TEMP(K) =   298.89  PRESS =    11.7
 Etot   =    -52165.3410  EKtot   =     13106.8652  EPtot      =    -65272.2062
 BOND   =       382.4830  ANGLE   =      1167.0155  DIHED      =      1753.1020
 1-4 NB =       490.0970  1-4 EEL =      6836.8740  VDWAALS    =      7877.7657
 EELEC  =    -83779.5435  EHBOND  =         0.0000  RESTRAINT  =         0.0000
 EKCMT  =      5783.1502  VIRIAL  =      5728.7301  VOLUME     =    214573.9701
                                                    Density    =         1.0193
 ------------------------------------------------------------------------------

wrapping first mol.:       21.79635       30.82470       53.38994
wrapping first mol.:       21.79635       30.82470       53.38994

 NSTEP =    33000   TIME(PS) =    7766.000  TEMP(K) =   303.57  PRESS =   143.1
 Etot   =    -51866.6316  EKtot   =     13312.3799  EPtot      =    -65179.0115
 BOND   =       408.0195  ANGLE   =      1162.8640  DIHED      =      1798.4794
 1-4 NB =       501.5828  1-4 EEL =      6884.8409  VDWAALS    =      7874.0368
 EELEC  =    -83808.8347  EHBOND  =         0.0000  RESTRAINT  =         0.0000
 EKCMT  =      5916.9900  VIRIAL  =      5251.9013  VOLUME     =    215222.5028
                                                    Density    =         1.0162
 ------------------------------------------------------------------------------

wrapping first mol.:       21.80835       30.84166       53.41932
wrapping first mol.:       21.80835       30.84166       53.41932

 NSTEP =    33500   TIME(PS) =    7767.000  TEMP(K) =   299.99  PRESS =   -50.9
 Etot   =    -51931.5687  EKtot   =     13155.1631  EPtot      =    -65086.7318
 BOND   =       405.8164  ANGLE   =      1155.1826  DIHED      =      1762.8211
 1-4 NB =       497.1655  1-4 EEL =      6874.0140  VDWAALS    =      7784.9880
 EELEC  =    -83566.7194  EHBOND  =         0.0000  RESTRAINT  =         0.0000
 EKCMT  =      5728.1931  VIRIAL  =      5964.9439  VOLUME     =    215581.7403
                                                    Density    =         1.0145
 ------------------------------------------------------------------------------

wrapping first mol.:       21.78529       30.80905       53.36284
wrapping first mol.:       21.78529       30.80905       53.36284

 NSTEP =    34000   TIME(PS) =    7768.000  TEMP(K) =   297.90  PRESS =   -27.9
 Etot   =    -52189.3205  EKtot   =     13063.6240  EPtot      =    -65252.9445
 BOND   =       415.0542  ANGLE   =      1141.7144  DIHED      =      1760.2098
 1-4 NB =       505.6460  1-4 EEL =      6869.9323  VDWAALS    =      7879.2332
 EELEC  =    -83824.7345  EHBOND  =         0.0000  RESTRAINT  =         0.0000
 EKCMT  =      5747.5369  VIRIAL  =      5877.0621  VOLUME     =    214898.2376
                                                    Density    =         1.0178
 ------------------------------------------------------------------------------

wrapping first mol.:       21.78254       30.80516       53.35610
wrapping first mol.:       21.78254       30.80516       53.35610

 NSTEP =    34500   TIME(PS) =    7769.000  TEMP(K) =   299.99  PRESS =   -61.6
 Etot   =    -52256.9100  EKtot   =     13155.4375  EPtot      =    -65412.3475
 BOND   =       409.0815  ANGLE   =      1186.0790  DIHED      =      1770.0441
 1-4 NB =       496.1354  1-4 EEL =      6832.1229  VDWAALS    =      7904.2004
 EELEC  =    -84010.0109  EHBOND  =         0.0000  RESTRAINT  =         0.0000
 EKCMT  =      5761.6623  VIRIAL  =      6047.5518  VOLUME     =    214817.5034
                                                    Density    =         1.0182
 ------------------------------------------------------------------------------

wrapping first mol.:       21.78925       30.81466       53.37255
wrapping first mol.:       21.78925       30.81466       53.37255

 NSTEP =    35000   TIME(PS) =    7770.000  TEMP(K) =   298.69  PRESS =   -54.8
 Etot   =    -52143.0576  EKtot   =     13098.1699  EPtot      =    -65241.2275
 BOND   =       415.9939  ANGLE   =      1148.8940  DIHED      =      1768.5280
 1-4 NB =       492.0064  1-4 EEL =      6865.4514  VDWAALS    =      7792.8525
 EELEC  =    -83724.9536  EHBOND  =         0.0000  RESTRAINT  =         0.0000
 EKCMT  =      5760.5168  VIRIAL  =      6014.7311  VOLUME     =    215016.0592
                                                    Density    =         1.0172
 ------------------------------------------------------------------------------

wrapping first mol.:       21.80533       30.83740       53.41194
wrapping first mol.:       21.80533       30.83740       53.41194

 NSTEP =    35500   TIME(PS) =    7771.000  TEMP(K) =   301.62  PRESS =   -42.2
 Etot   =    -52163.8958  EKtot   =     13226.9023  EPtot      =    -65390.7982
 BOND   =       439.6987  ANGLE   =      1182.7078  DIHED      =      1772.4099
 1-4 NB =       498.5939  1-4 EEL =      6833.4751  VDWAALS    =      7973.4465
 EELEC  =    -84091.1301  EHBOND  =         0.0000  RESTRAINT  =         0.0000
 EKCMT  =      5885.2105  VIRIAL  =      6081.6501  VOLUME     =    215492.2257
                                                    Density    =         1.0150
 ------------------------------------------------------------------------------

wrapping first mol.:       21.81790       30.85517       53.44272
wrapping first mol.:       21.81790       30.85517       53.44272

 NSTEP =    36000   TIME(PS) =    7772.000  TEMP(K) =   300.93  PRESS =    89.7
 Etot   =    -51886.9911  EKtot   =     13196.4980  EPtot      =    -65083.4892
 BOND   =       437.8001  ANGLE   =      1164.6363  DIHED      =      1774.8356
 1-4 NB =       510.1546  1-4 EEL =      6880.9079  VDWAALS    =      7866.7959
 EELEC  =    -83718.6196  EHBOND  =         0.0000  RESTRAINT  =         0.0000
 EKCMT  =      5721.5346  VIRIAL  =      5303.3662  VOLUME     =    215862.4802
                                                    Density    =         1.0132
 ------------------------------------------------------------------------------

wrapping first mol.:       21.80122       30.83158       53.40185
wrapping first mol.:       21.80122       30.83158       53.40185

 NSTEP =    36500   TIME(PS) =    7773.000  TEMP(K) =   299.80  PRESS =   159.9
 Etot   =    -51983.2795  EKtot   =     13146.9375  EPtot      =    -65130.2170
 BOND   =       418.4168  ANGLE   =      1154.7870  DIHED      =      1772.0164
 1-4 NB =       482.5059  1-4 EEL =      6857.1029  VDWAALS    =      7976.1969
 EELEC  =    -83791.2429  EHBOND  =         0.0000  RESTRAINT  =         0.0000
 EKCMT  =      5816.6549  VIRIAL  =      5073.0810  VOLUME     =    215366.3232
                                                    Density    =         1.0156
 ------------------------------------------------------------------------------

wrapping first mol.:       21.80389       30.83536       53.40840
wrapping first mol.:       21.80389       30.83536       53.40840

 NSTEP =    37000   TIME(PS) =    7774.000  TEMP(K) =   299.72  PRESS =   208.0
 Etot   =    -52125.1764  EKtot   =     13143.4824  EPtot      =    -65268.6588
 BOND   =       404.2651  ANGLE   =      1191.9131  DIHED      =      1752.2074
 1-4 NB =       491.9704  1-4 EEL =      6843.4826  VDWAALS    =      7916.1142
 EELEC  =    -83868.6116  EHBOND  =         0.0000  RESTRAINT  =         0.0000
 EKCMT  =      5808.2912  VIRIAL  =      4840.7481  VOLUME     =    215444.5904
                                                    Density    =         1.0152
 ------------------------------------------------------------------------------

wrapping first mol.:       21.79248       30.81921       53.38044
wrapping first mol.:       21.79248       30.81921       53.38044

 NSTEP =    37500   TIME(PS) =    7775.000  TEMP(K) =   299.07  PRESS =    16.6
 Etot   =    -52320.2004  EKtot   =     13114.8965  EPtot      =    -65435.0969
 BOND   =       412.5688  ANGLE   =      1100.1117  DIHED      =      1748.7656
 1-4 NB =       506.8642  1-4 EEL =      6868.0903  VDWAALS    =      7936.3492
 EELEC  =    -84007.8467  EHBOND  =         0.0000  RESTRAINT  =         0.0000
 EKCMT  =      5736.7921  VIRIAL  =      5659.8815  VOLUME     =    215110.1206
                                                    Density    =         1.0168
 ------------------------------------------------------------------------------

wrapping first mol.:       21.77154       30.78960       53.32915
wrapping first mol.:       21.77154       30.78960       53.32915

 NSTEP =    38000   TIME(PS) =    7776.000  TEMP(K) =   298.90  PRESS =  -280.6
 Etot   =    -52339.7137  EKtot   =     13107.4170  EPtot      =    -65447.1307
 BOND   =       423.3842  ANGLE   =      1163.3164  DIHED      =      1754.5147
 1-4 NB =       495.0727  1-4 EEL =      6891.3306  VDWAALS    =      7698.7965
 EELEC  =    -83873.5459  EHBOND  =         0.0000  RESTRAINT  =         0.0000
 EKCMT  =      5834.3329  VIRIAL  =      7133.7351  VOLUME     =    214496.3368
                                                    Density    =         1.0197
 ------------------------------------------------------------------------------

wrapping first mol.:       21.77642       30.79651       53.34111
wrapping first mol.:       21.77642       30.79651       53.34111

 NSTEP =    38500   TIME(PS) =    7777.000  TEMP(K) =   303.20  PRESS =    27.5
 Etot   =    -51916.1920  EKtot   =     13295.8623  EPtot      =    -65212.0543
 BOND   =       429.5338  ANGLE   =      1182.2235  DIHED      =      1758.9987
 1-4 NB =       488.4435  1-4 EEL =      6847.2765  VDWAALS    =      7932.6973
 EELEC  =    -83851.2276  EHBOND  =         0.0000  RESTRAINT  =         0.0000
 EKCMT  =      5862.5943  VIRIAL  =      5735.2370  VOLUME     =    214634.7884
                                                    Density    =         1.0190
 ------------------------------------------------------------------------------

wrapping first mol.:       21.76452       30.77968       53.31196
wrapping first mol.:       21.76452       30.77968       53.31196

 NSTEP =    39000   TIME(PS) =    7778.000  TEMP(K) =   300.44  PRESS =   -46.0
 Etot   =    -52179.9864  EKtot   =     13174.8721  EPtot      =    -65354.8584
 BOND   =       445.0858  ANGLE   =      1153.4274  DIHED      =      1761.7360
 1-4 NB =       490.1373  1-4 EEL =      6886.5989  VDWAALS    =      7851.8976
 EELEC  =    -83943.7415  EHBOND  =         0.0000  RESTRAINT  =         0.0000
 EKCMT  =      5861.3434  VIRIAL  =      6073.9524  VOLUME     =    214284.4515
                                                    Density    =         1.0207
 ------------------------------------------------------------------------------

wrapping first mol.:       21.77405       30.79316       53.33532
wrapping first mol.:       21.77405       30.79316       53.33532

 NSTEP =    39500   TIME(PS) =    7779.000  TEMP(K) =   294.59  PRESS =   -40.1
 Etot   =    -52273.9565  EKtot   =     12918.3418  EPtot      =    -65192.2983
 BOND   =       412.0248  ANGLE   =      1185.6716  DIHED      =      1773.3162
 1-4 NB =       498.0562  1-4 EEL =      6859.4642  VDWAALS    =      7955.2510
 EELEC  =    -83876.0823  EHBOND  =         0.0000  RESTRAINT  =         0.0000
 EKCMT  =      5721.4709  VIRIAL  =      5907.4293  VOLUME     =    214566.1302
                                                    Density    =         1.0194
 ------------------------------------------------------------------------------

wrapping first mol.:       21.78229       30.80481       53.35549
wrapping first mol.:       21.78229       30.80481       53.35549

 NSTEP =    40000   TIME(PS) =    7780.000  TEMP(K) =   301.11  PRESS =  -106.9
 Etot   =    -52036.6736  EKtot   =     13204.4062  EPtot      =    -65241.0799
 BOND   =       402.0264  ANGLE   =      1155.6002  DIHED      =      1755.0120
 1-4 NB =       491.3423  1-4 EEL =      6876.7717  VDWAALS    =      7937.7090
 EELEC  =    -83859.5415  EHBOND  =         0.0000  RESTRAINT  =         0.0000
 EKCMT  =      5778.6942  VIRIAL  =      6274.3180  VOLUME     =    214810.9324
                                                    Density    =         1.0182
 ------------------------------------------------------------------------------

wrapping first mol.:       21.77946       30.80081       53.34857
wrapping first mol.:       21.77946       30.80081       53.34857

 NSTEP =    40500   TIME(PS) =    7781.000  TEMP(K) =   298.14  PRESS =  -146.7
 Etot   =    -52101.2881  EKtot   =     13074.1699  EPtot      =    -65175.4581
 BOND   =       404.7036  ANGLE   =      1078.9799  DIHED      =      1770.7156
 1-4 NB =       508.0169  1-4 EEL =      6858.8702  VDWAALS    =      7838.6908
 EELEC  =    -83635.4352  EHBOND  =         0.0000  RESTRAINT  =         0.0000
 EKCMT  =      5685.7258  VIRIAL  =      6365.7005  VOLUME     =    214728.1245
                                                    Density    =         1.0186
 ------------------------------------------------------------------------------

wrapping first mol.:       21.77520       30.79478       53.33812
wrapping first mol.:       21.77520       30.79478       53.33812

 NSTEP =    41000   TIME(PS) =    7782.000  TEMP(K) =   300.90  PRESS =  -453.3
 Etot   =    -52156.1086  EKtot   =     13195.2344  EPtot      =    -65351.3430
 BOND   =       404.4841  ANGLE   =      1150.5188  DIHED      =      1777.7272
 1-4 NB =       509.6100  1-4 EEL =      6861.7710  VDWAALS    =      7647.0208
 EELEC  =    -83702.4749  EHBOND  =         0.0000  RESTRAINT  =         0.0000
 EKCMT  =      5793.2616  VIRIAL  =      7893.6979  VOLUME     =    214607.8913
                                                    Density    =         1.0192
 ------------------------------------------------------------------------------

wrapping first mol.:       21.77202       30.79029       53.33035
wrapping first mol.:       21.77202       30.79029       53.33035

 NSTEP =    41500   TIME(PS) =    7783.000  TEMP(K) =   297.21  PRESS =    41.1
 Etot   =    -52145.2165  EKtot   =     13033.1562  EPtot      =    -65178.3728
 BOND   =       396.6986  ANGLE   =      1133.2365  DIHED      =      1782.8262
 1-4 NB =       508.4727  1-4 EEL =      6882.7803  VDWAALS    =      8070.1784
 EELEC  =    -83952.5655  EHBOND  =         0.0000  RESTRAINT  =         0.0000
 EKCMT  =      5725.7805  VIRIAL  =      5535.4048  VOLUME     =    214504.5941
                                                    Density    =         1.0196
 ------------------------------------------------------------------------------

wrapping first mol.:       21.76801       30.78461       53.32051
wrapping first mol.:       21.76801       30.78461       53.32051

 NSTEP =    42000   TIME(PS) =    7784.000  TEMP(K) =   299.21  PRESS =   119.9
 Etot   =    -52186.5771  EKtot   =     13120.8740  EPtot      =    -65307.4511
 BOND   =       390.5756  ANGLE   =      1153.0263  DIHED      =      1755.6184
 1-4 NB =       499.2823  1-4 EEL =      6901.0456  VDWAALS    =      7873.6804
 EELEC  =    -83880.6797  EHBOND  =         0.0000  RESTRAINT  =         0.0000
 EKCMT  =      5745.5951  VIRIAL  =      5190.6239  VOLUME     =    214384.4071
                                                    Density    =         1.0202
 ------------------------------------------------------------------------------

wrapping first mol.:       21.77018       30.78768       53.32582
wrapping first mol.:       21.77018       30.78768       53.32582

 NSTEP =    42500   TIME(PS) =    7785.000  TEMP(K) =   301.70  PRESS =  -264.7
 Etot   =    -51875.5741  EKtot   =     13230.1035  EPtot      =    -65105.6777
 BOND   =       430.7571  ANGLE   =      1137.5724  DIHED      =      1782.4402
 1-4 NB =       506.3581  1-4 EEL =      6852.5432  VDWAALS    =      7739.3891
 EELEC  =    -83554.7379  EHBOND  =         0.0000  RESTRAINT  =         0.0000
 EKCMT  =      5820.8110  VIRIAL  =      7046.3885  VOLUME     =    214455.8106
                                                    Density    =         1.0199
 ------------------------------------------------------------------------------

wrapping first mol.:       21.77217       30.79050       53.33071
wrapping first mol.:       21.77217       30.79050       53.33071

 NSTEP =    43000   TIME(PS) =    7786.000  TEMP(K) =   298.40  PRESS =   192.8
 Etot   =    -52358.0147  EKtot   =     13085.7490  EPtot      =    -65443.7637
 BOND   =       409.5533  ANGLE   =      1182.7940  DIHED      =      1786.8970
 1-4 NB =       492.4355  1-4 EEL =      6880.6002  VDWAALS    =      8113.2006
 EELEC  =    -84309.2441  EHBOND  =         0.0000  RESTRAINT  =         0.0000
 EKCMT  =      5845.6221  VIRIAL  =      4952.8177  VOLUME     =    214506.0941
                                                    Density    =         1.0196
 ------------------------------------------------------------------------------

wrapping first mol.:       21.77499       30.79449       53.33762
wrapping first mol.:       21.77499       30.79449       53.33762

 NSTEP =    43500   TIME(PS) =    7787.000  TEMP(K) =   300.08  PRESS =   122.9
 Etot   =    -51848.7017  EKtot   =     13159.2910  EPtot      =    -65007.9927
 BOND   =       451.3301  ANGLE   =      1132.8564  DIHED      =      1777.6228
 1-4 NB =       521.6166  1-4 EEL =      6898.2067  VDWAALS    =      7925.5667
 EELEC  =    -83715.1921  EHBOND  =         0.0000  RESTRAINT  =         0.0000
 EKCMT  =      5755.7652  VIRIAL  =      5186.1408  VOLUME     =    214590.8060
                                                    Density    =         1.0192
 ------------------------------------------------------------------------------

wrapping first mol.:       21.76663       30.78267       53.31714
wrapping first mol.:       21.76663       30.78267       53.31714

 NSTEP =    44000   TIME(PS) =    7788.000  TEMP(K) =   299.62  PRESS =  -140.6
 Etot   =    -52077.5139  EKtot   =     13138.9805  EPtot      =    -65216.4943
 BOND   =       418.5762  ANGLE   =      1167.6908  DIHED      =      1773.9967
 1-4 NB =       499.9682  1-4 EEL =      6836.1052  VDWAALS    =      7762.0292
 EELEC  =    -83674.8606  EHBOND  =         0.0000  RESTRAINT  =         0.0000
 EKCMT  =      5809.9211  VIRIAL  =      6460.8324  VOLUME     =    214348.7770
                                                    Density    =         1.0204
 ------------------------------------------------------------------------------

wrapping first mol.:       21.76836       30.78510       53.32136
wrapping first mol.:       21.76836       30.78510       53.32136

 NSTEP =    44500   TIME(PS) =    7789.000  TEMP(K) =   297.22  PRESS =   210.3
 Etot   =    -52191.2696  EKtot   =     13033.7344  EPtot      =    -65225.0039
 BOND   =       426.6252  ANGLE   =      1163.1400  DIHED      =      1756.9854
 1-4 NB =       486.9979  1-4 EEL =      6846.6084  VDWAALS    =      7957.1011
 EELEC  =    -83862.4619  EHBOND  =         0.0000  RESTRAINT  =         0.0000
 EKCMT  =      5693.3282  VIRIAL  =      4720.0770  VOLUME     =    214392.9687
                                                    Density    =         1.0202
 ------------------------------------------------------------------------------

wrapping first mol.:       21.76725       30.78354       53.31865
wrapping first mol.:       21.76725       30.78354       53.31865

 NSTEP =    45000   TIME(PS) =    7790.000  TEMP(K) =   298.41  PRESS =   -69.6
 Etot   =    -52244.7656  EKtot   =     13085.8359  EPtot      =    -65330.6015
 BOND   =       392.2217  ANGLE   =      1174.2484  DIHED      =      1774.1538
 1-4 NB =       505.0472  1-4 EEL =      6866.4930  VDWAALS    =      7854.2810
 EELEC  =    -83897.0465  EHBOND  =         0.0000  RESTRAINT  =         0.0000
 EKCMT  =      5712.1072  VIRIAL  =      6034.1011  VOLUME     =    214365.5951
                                                    Density    =         1.0203
 ------------------------------------------------------------------------------

wrapping first mol.:       21.78678       30.81115       53.36648
wrapping first mol.:       21.78678       30.81115       53.36648

 NSTEP =    45500   TIME(PS) =    7791.000  TEMP(K) =   299.65  PRESS =   -82.2
 Etot   =    -52128.1899  EKtot   =     13140.4648  EPtot      =    -65268.6548
 BOND   =       384.5928  ANGLE   =      1136.6799  DIHED      =      1781.2898
 1-4 NB =       506.5678  1-4 EEL =      6861.2540  VDWAALS    =      7814.8663
 EELEC  =    -83753.9054  EHBOND  =         0.0000  RESTRAINT  =         0.0000
 EKCMT  =      5769.5468  VIRIAL  =      6151.2163  VOLUME     =    214943.2696
                                                    Density    =         1.0176
 ------------------------------------------------------------------------------

wrapping first mol.:       21.79376       30.82102       53.38357
wrapping first mol.:       21.79376       30.82102       53.38357

 NSTEP =    46000   TIME(PS) =    7792.000  TEMP(K) =   297.43  PRESS =    27.2
 Etot   =    -52389.6611  EKtot   =     13043.0635  EPtot      =    -65432.7246
 BOND   =       383.8644  ANGLE   =      1168.6348  DIHED      =      1764.7086
 1-4 NB =       515.1593  1-4 EEL =      6842.8343  VDWAALS    =      8053.3547
 EELEC  =    -84161.2807  EHBOND  =         0.0000  RESTRAINT  =         0.0000
 EKCMT  =      5699.8222  VIRIAL  =      5573.4586  VOLUME     =    215147.7931
                                                    Density    =         1.0166
 ------------------------------------------------------------------------------

wrapping first mol.:       21.79134       30.81761       53.37766
wrapping first mol.:       21.79134       30.81761       53.37766

 NSTEP =    46500   TIME(PS) =    7793.000  TEMP(K) =   297.92  PRESS =   122.2
 Etot   =    -52239.7946  EKtot   =     13064.5137  EPtot      =    -65304.3083
 BOND   =       393.9833  ANGLE   =      1189.3889  DIHED      =      1756.8664
 1-4 NB =       475.5380  1-4 EEL =      6860.9687  VDWAALS    =      7897.0837
 EELEC  =    -83878.1373  EHBOND  =         0.0000  RESTRAINT  =         0.0000
 EKCMT  =      5659.9721  VIRIAL  =      5092.4125  VOLUME     =    215074.5230
                                                    Density    =         1.0169
 ------------------------------------------------------------------------------

wrapping first mol.:       21.78340       30.80638       53.35821
wrapping first mol.:       21.78340       30.80638       53.35821

 NSTEP =    47000   TIME(PS) =    7794.000  TEMP(K) =   297.64  PRESS =    92.8
 Etot   =    -52312.1853  EKtot   =     13052.3379  EPtot      =    -65364.5232
 BOND   =       383.4326  ANGLE   =      1184.9977  DIHED      =      1756.4841
 1-4 NB =       509.4284  1-4 EEL =      6850.9599  VDWAALS    =      8007.4962
 EELEC  =    -84057.3220  EHBOND  =         0.0000  RESTRAINT  =         0.0000
 EKCMT  =      5723.8508  VIRIAL  =      5293.6127  VOLUME     =    214839.9668
                                                    Density    =         1.0181
 ------------------------------------------------------------------------------

wrapping first mol.:       21.78366       30.80675       53.35885
wrapping first mol.:       21.78366       30.80675       53.35885

 NSTEP =    47500   TIME(PS) =    7795.000  TEMP(K) =   302.26  PRESS =    41.3
 Etot   =    -52243.2434  EKtot   =     13254.7461  EPtot      =    -65497.9895
 BOND   =       401.6256  ANGLE   =      1170.2820  DIHED      =      1767.7070
 1-4 NB =       504.8733  1-4 EEL =      6845.6920  VDWAALS    =      7993.2894
 EELEC  =    -84181.4588  EHBOND  =         0.0000  RESTRAINT  =         0.0000
 EKCMT  =      5809.8793  VIRIAL  =      5618.1114  VOLUME     =    214848.7235
                                                    Density    =         1.0180
 ------------------------------------------------------------------------------

wrapping first mol.:       21.79185       30.81833       53.37890
wrapping first mol.:       21.79185       30.81833       53.37890

 NSTEP =    48000   TIME(PS) =    7796.000  TEMP(K) =   298.74  PRESS =    10.7
 Etot   =    -52315.1199  EKtot   =     13100.4316  EPtot      =    -65415.5515
 BOND   =       387.7259  ANGLE   =      1141.2948  DIHED      =      1760.4025
 1-4 NB =       507.9969  1-4 EEL =      6872.5576  VDWAALS    =      7948.7333
 EELEC  =    -84034.2624  EHBOND  =         0.0000  RESTRAINT  =         0.0000
 EKCMT  =      5796.5685  VIRIAL  =      5746.8568  VOLUME     =    215091.6146
                                                    Density    =         1.0169
 ------------------------------------------------------------------------------

wrapping first mol.:       21.79358       30.82077       53.38313
wrapping first mol.:       21.79358       30.82077       53.38313

 NSTEP =    48500   TIME(PS) =    7797.000  TEMP(K) =   299.35  PRESS =  -143.2
 Etot   =    -52164.4479  EKtot   =     13126.9922  EPtot      =    -65291.4401
 BOND   =       402.6350  ANGLE   =      1124.9412  DIHED      =      1753.7516
 1-4 NB =       500.9768  1-4 EEL =      6852.3145  VDWAALS    =      7931.1881
 EELEC  =    -83857.2473  EHBOND  =         0.0000  RESTRAINT  =         0.0000
 EKCMT  =      5759.5761  VIRIAL  =      6424.8984  VOLUME     =    215145.7338
                                                    Density    =         1.0166
 ------------------------------------------------------------------------------

wrapping first mol.:       21.80341       30.83467       53.40721
wrapping first mol.:       21.80341       30.83467       53.40721

 NSTEP =    49000   TIME(PS) =    7798.000  TEMP(K) =   298.22  PRESS =   -59.6
 Etot   =    -52225.1111  EKtot   =     13077.4697  EPtot      =    -65302.5809
 BOND   =       434.8795  ANGLE   =      1159.4423  DIHED      =      1760.3050
 1-4 NB =       506.2859  1-4 EEL =      6867.3143  VDWAALS    =      7970.5633
 EELEC  =    -84001.3712  EHBOND  =         0.0000  RESTRAINT  =         0.0000
 EKCMT  =      5804.8570  VIRIAL  =      6082.1197  VOLUME     =    215435.3696
                                                    Density    =         1.0152
 ------------------------------------------------------------------------------

wrapping first mol.:       21.79106       30.81722       53.37698
wrapping first mol.:       21.79106       30.81722       53.37698

 NSTEP =    49500   TIME(PS) =    7799.000  TEMP(K) =   302.88  PRESS =   -90.2
 Etot   =    -52085.4426  EKtot   =     13282.0117  EPtot      =    -65367.4543
 BOND   =       401.4001  ANGLE   =      1160.2304  DIHED      =      1763.8137
 1-4 NB =       506.8365  1-4 EEL =      6867.7377  VDWAALS    =      7958.2833
 EELEC  =    -84025.7561  EHBOND  =         0.0000  RESTRAINT  =         0.0000
 EKCMT  =      5920.1347  VIRIAL  =      6339.1679  VOLUME     =    215070.3414
                                                    Density    =         1.0170
 ------------------------------------------------------------------------------

wrapping first mol.:       21.79843       30.82764       53.39503
wrapping first mol.:       21.79843       30.82764       53.39503

 NSTEP =    50000   TIME(PS) =    7800.000  TEMP(K) =   297.87  PRESS =   -15.6
 Etot   =    -52127.6525  EKtot   =     13062.3887  EPtot      =    -65190.0411
 BOND   =       398.6149  ANGLE   =      1152.6711  DIHED      =      1799.1140
 1-4 NB =       487.1068  1-4 EEL =      6893.4687  VDWAALS    =      7805.5424
 EELEC  =    -83726.5590  EHBOND  =         0.0000  RESTRAINT  =         0.0000
 EKCMT  =      5757.0783  VIRIAL  =      5829.3745  VOLUME     =    215287.1153
                                                    Density    =         1.0159
 ------------------------------------------------------------------------------


      A V E R A G E S   O V E R     100 S T E P S


 NSTEP =    50000   TIME(PS) =    7800.000  TEMP(K) =   299.75  PRESS =    -9.5
 Etot   =    -52129.5283  EKtot   =     13144.8586  EPtot      =    -65274.3869
 BOND   =       407.4175  ANGLE   =      1154.0036  DIHED      =      1767.9487
 1-4 NB =       502.0044  1-4 EEL =      6874.4951  VDWAALS    =      7893.9220
 EELEC  =    -83874.1783  EHBOND  =         0.0000  RESTRAINT  =         0.0000
 EKCMT  =      5785.1329  VIRIAL  =      5829.3015  VOLUME     =    214987.4025
                                                    Density    =         1.0174
 ------------------------------------------------------------------------------


      R M S  F L U C T U A T I O N S


 NSTEP =    50000   TIME(PS) =    7800.000  TEMP(K) =     1.87  PRESS =   142.6
 Etot   =       150.3267  EKtot   =        81.8238  EPtot      =       120.0684
 BOND   =        17.1087  ANGLE   =        22.9916  DIHED      =        13.6964
 1-4 NB =         9.3688  1-4 EEL =        20.4746  VDWAALS    =       111.5095
 EELEC  =       184.0216  EHBOND  =         0.0000  RESTRAINT  =         0.0000
 EKCMT  =        58.3135  VIRIAL  =       661.2441  VOLUME     =       352.4174
                                                    Density    =         0.0017
 ------------------------------------------------------------------------------

--------------------------------------------------------------------------------
   5.  TIMINGS
--------------------------------------------------------------------------------

|  NonSetup CPU Time in Major Routines:
|
|     Routine           Sec        %
|     ------------------------------
|     Nonbond         119.88   89.34
|     Bond              0.00    0.00
|     Angle             0.00    0.00
|     Dihedral          0.00    0.00
|     Shake             0.29    0.22
|     RunMD            13.97   10.41
|     Other             0.04    0.03
|     ------------------------------
|     Total           134.18

|  PME Nonbond Pairlist CPU Time:
|
|     Routine              Sec        %
|     ---------------------------------
|     Set Up Cit           0.00    0.00
|     Build List           0.00    0.00
|     ---------------------------------
|     Total                0.00    0.00

|  PME Direct Force CPU Time:
|
|     Routine              Sec        %
|     ---------------------------------
|     NonBonded Calc       0.00    0.00
|     Exclude Masked       0.00    0.00
|     Other                0.02    0.01
|     ---------------------------------
|     Total                0.02    0.01

|  PME Reciprocal Force CPU Time:
|
|     Routine              Sec        %
|     ---------------------------------
|     1D bspline           0.00    0.00
|     Grid Charges         0.00    0.00
|     Scalar Sum           0.00    0.00
|     Gradient Sum         0.00    0.00
|     FFT                  0.00    0.00
|     ---------------------------------
|     Total                0.00    0.00

|  Final Performance Info:
|     -----------------------------------------------------
|     Average timings for last    4500 steps:
|     Elapsed(s) =      12.07 Per Step(ms) =       2.68
|         ns/day =      64.43   seconds/ns =    1340.90
|
|     Average timings for all steps:
|     Elapsed(s) =     134.18 Per Step(ms) =       2.68
|         ns/day =      64.39   seconds/ns =    1341.83
|     -----------------------------------------------------

|  Setup CPU time:            0.45 seconds
|  NonSetup CPU time:       134.18 seconds
|  Total CPU time:          134.64 seconds     0.04 hours

|  Setup wall time:           0    seconds
|  NonSetup wall time:      134    seconds
|  Total wall time:         134    seconds     0.04 hours
