
          -------------------------------------------------------
          Amber 16 PMEMD                              2016
          -------------------------------------------------------

| PMEMD implementation of SANDER, Release 16

| Run on 05/31/2018 at 01:25:17

|   Executable path: pmemd.cuda
| Working directory: /home/german/lbp/run/1ael/mhe/e
|          Hostname: Unknown
  [-O]verwriting output

File Assignments:
|   MDIN: 55equ.in                                                              
|  MDOUT: 55equ.out                                                             
| INPCRD: 54e1ael.rst7                                                          
|   PARM: /home/german/lbp/top_files/1ael.prmtop                                
| RESTRT: 55e1ael.rst7                                                          
|   REFC: 54e1ael.rst7                                                          
|  MDVEL: mdvel                                                                 
|   MDEN: mden                                                                  
|  MDCRD: 55e1ael.nc                                                            
| MDINFO: mdinfo                                                                
|  MDFRC: mdfrc                                                                 


 Here is the input file:

Equilibration with solute restrictions                                         
&cntrl                                                                         
imin = 0,                           ! No Minimization                          
nmropt = 0,                         ! No NMR restraints read                   
                                                                               
! Nature and format of the input                                               
ntx = 5,                            ! Coordinates but no velocities will be rea
irest = 1,                          ! Do not run a new simulation              
                                                                               
! Nature and format of the output                                              
ntxo = 1,                           ! rstrt file in ASCII format               
ntpr = 500,                         ! inf in output every ntpr steps           
ntwr = 500,                         ! rstrt file every ntwr steps              
ntwx = 500,                         ! mdcrd file every ntwx steps              
ntwv = 0,                           ! mdvel without velocities                 
ntwe = 0,                           ! Do not write energies and temperatures   
idecomp = 0,                        ! No energy decomposition                  
iwrap = 1,                          ! Coordinates of the restart and mdcrd file
                                                                               
! Frozen or restrained atoms                                                   
ibelly = 0,                         ! No frozen atoms                          
ntr=1,                              ! Harmonic potential restraints            
restraint_wt = 0.013,                ! The weight for the positional restraints
restraintmask = ':1-131@N,CA,C,O',  ! restrained residues                      
                                                                               
! Molecular dynamics                                                           
nstlim = 50000,                     ! Number of MD-steps                       
dt = 0.002,                         ! Time step                                
                                                                               
! Temperature regulation                                                       
ntt = 3,                            ! Langevin thermostat                      
gamma_ln = 5,                       ! Gamma constant for Langevin              
temp0 = 300.0,                      ! Reference T at which the system is to be 
tempi = 300.0,                      ! Initial T                                
ig = -1,                            ! Seed for the RNG                         
                                                                               
! P and V regulation                                                           
ntp = 1,                            ! constant P                               
barostat = 1,                       ! Berendsen barostat                       
taup = 1,                           ! Pressure relaxation time                 
ntb = 2,                            ! Periodic box for constant P              
                                                                               
! SHAKE variables                                                              
ntc = 2,                            ! Bonds involving H are constrained        
ntf = 2,                            ! Bond interaction involving H are ommited.
                                                                               
cut = 10.0,                         ! Nonbonded cutoff                         
/                                                                              
&end                                                                           


Note: ig = -1. Setting random seed to   824391 based on wallclock time in 
      microseconds.
 
|--------------------- INFORMATION ----------------------
| GPU (CUDA) Version of PMEMD in use: NVIDIA GPU IN USE.
|                    Version 16.0.0
| 
|                      02/25/2016
| 
| Implementation by:
|                    Ross C. Walker     (SDSC)
|                    Scott Le Grand     (nVIDIA)
| 
| Precision model in use:
|      [SPFP] - Single Precision Forces, 64-bit Fixed Point
|               Accumulation. (Default)
| 
|--------------------------------------------------------
 
|----------------- CITATION INFORMATION -----------------
|
|    When publishing work that utilized the CUDA version
|    of AMBER, please cite the following in addition to
|    the regular AMBER citations:
|
|  - Romelia Salomon-Ferrer; Andreas W. Goetz; Duncan
|    Poole; Scott Le Grand; Ross C. Walker "Routine
|    microsecond molecular dynamics simulations with
|    AMBER - Part II: Particle Mesh Ewald", J. Chem.
|    Theory Comput., 2013, 9 (9), pp3878-3888,
|    DOI: 10.1021/ct400314y.
|
|  - Andreas W. Goetz; Mark J. Williamson; Dong Xu;
|    Duncan Poole; Scott Le Grand; Ross C. Walker
|    "Routine microsecond molecular dynamics simulations
|    with AMBER - Part I: Generalized Born", J. Chem.
|    Theory Comput., 2012, 8 (5), pp1542-1555.
|
|  - Scott Le Grand; Andreas W. Goetz; Ross C. Walker
|    "SPFP: Speed without compromise - a mixed precision
|    model for GPU accelerated molecular dynamics
|    simulations.", Comp. Phys. Comm., 2013, 184
|    pp374-380, DOI: 10.1016/j.cpc.2012.09.022
|
|--------------------------------------------------------
 
|------------------- GPU DEVICE INFO --------------------
|
|            CUDA_VISIBLE_DEVICES: 0
|   CUDA Capable Devices Detected:      1
|           CUDA Device ID in use:      0
|                CUDA Device Name: GeForce GTX 1060 6GB
|     CUDA Device Global Mem Size:   6072 MB
| CUDA Device Num Multiprocessors:     10
|           CUDA Device Core Freq:   1.76 GHz
|
|--------------------------------------------------------
 
 
| Conditional Compilation Defines Used:
| PUBFFT
| BINTRAJ
| CUDA
| EMIL

| Largest sphere to fit in unit cell has radius =    24.033

| New format PARM file being parsed.
| Version =    1.000 Date = 05/03/18 Time = 17:00:29

| Note: 1-4 EEL scale factors are being read from the topology file.

| Note: 1-4 VDW scale factors are being read from the topology file.
| Duplicated    0 dihedrals

| Duplicated    0 dihedrals

--------------------------------------------------------------------------------
   1.  RESOURCE   USE: 
--------------------------------------------------------------------------------

 getting new box info from bottom of inpcrd
 NATOM  =   15874 NTYPES =      16 NBONH =   14817 MBONA  =    1073
 NTHETH =    2406 MTHETA =    1438 NPHIH =    4850 MPHIA  =    4505
 NHPARM =       0 NPARM  =       0 NNB   =   29979 NRES   =    4718
 NBONA  =    1073 NTHETA =    1438 NPHIA =    4505 NUMBND =      63
 NUMANG =     141 NPTRA  =     178 NATYP =      33 NPHB   =       1
 IFBOX  =       2 NMXRS  =      24 IFCAP =       0 NEXTRA =       0
 NCOPY  =       0

| Coordinate Index Table dimensions:     9    9    9
| Direct force subcell size =     6.5409    6.5409    6.5409

     BOX TYPE: TRUNCATED OCTAHEDRON

--------------------------------------------------------------------------------
   2.  CONTROL  DATA  FOR  THE  RUN
--------------------------------------------------------------------------------

default_name                                                                    

General flags:
     imin    =       0, nmropt  =       0

Nature and format of input:
     ntx     =       5, irest   =       1, ntrx    =       1

Nature and format of output:
     ntxo    =       1, ntpr    =     500, ntrx    =       1, ntwr    =     500
     iwrap   =       1, ntwx    =     500, ntwv    =       0, ntwe    =       0
     ioutfm  =       1, ntwprt  =       0, idecomp =       0, rbornstat=      0

Potential function:
     ntf     =       2, ntb     =       2, igb     =       0, nsnb    =      25
     ipol    =       0, gbsa    =       0, iesp    =       0
     dielc   =   1.00000, cut     =  10.00000, intdiel =   1.00000

Frozen or restrained atoms:
     ibelly  =       0, ntr     =       1
     restraint_wt =   0.01300

Molecular dynamics:
     nstlim  =     50000, nscm    =         0, nrespa  =         1
     t       =   0.00000, dt      =   0.00200, vlimit  =  -1.00000

Langevin dynamics temperature regulation:
     ig      =  824391
     temp0   = 300.00000, tempi   = 300.00000, gamma_ln=   5.00000

Pressure regulation:
     ntp     =       1
     pres0   =   1.00000, comp    =  44.60000, taup    =   1.00000

SHAKE:
     ntc     =       2, jfastw  =       0
     tol     =   0.00001

| Intermolecular bonds treatment:
|     no_intermolecular_bonds =       1

| Energy averages sample interval:
|     ene_avg_sampling =     500

Ewald parameters:
     verbose =       0, ew_type =       0, nbflag  =       1, use_pme =       1
     vdwmeth =       1, eedmeth =       1, netfrc  =       1
     Box X =   58.868   Box Y =   58.868   Box Z =   58.868
     Alpha =  109.471   Beta  =  109.471   Gamma =  109.471
     NFFT1 =   64       NFFT2 =   64       NFFT3 =   64
     Cutoff=   10.000   Tol   =0.100E-04
     Ewald Coefficient =  0.27511
     Interpolation order =    4

    LOADING THE CONSTRAINED ATOMS AS GROUPS


   5.  REFERENCE ATOM COORDINATES

  default_name                                                                    
     Mask :1-131@N,CA,C,O; matches   524 atoms

--------------------------------------------------------------------------------
   3.  ATOMIC COORDINATES AND VELOCITIES
--------------------------------------------------------------------------------

default_name                                                                    
 begin time read from input coords =  5800.000 ps

 
 Number of triangulated 3-point waters found:     4587

     Sum of charges from parm topology file =  -0.00000004
     Forcing neutrality...

| Dynamic Memory, Types Used:
| Reals              818714
| Integers           597573

| Nonbonded Pairs Initial Allocation:     4801488

| GPU memory information (estimate):
| KB of GPU memory in use:    128306
| KB of CPU memory in use:     26162

--------------------------------------------------------------------------------
   4.  RESULTS
--------------------------------------------------------------------------------

 ---------------------------------------------------
 APPROXIMATING switch and d/dx switch using CUBIC SPLINE INTERPOLATION
 using   5000.0 points per unit in tabled values
 TESTING RELATIVE ERROR over r ranging from 0.0 to cutoff
| CHECK switch(x): max rel err =   0.2738E-14   at   2.422500
| CHECK d/dx switch(x): max rel err =   0.8314E-11   at   2.736960
 ---------------------------------------------------
|---------------------------------------------------
| APPROXIMATING direct energy using CUBIC SPLINE INTERPOLATION
|  with   50.0 points per unit in tabled values
| Relative Error Limit not exceeded for r .gt.   2.33
| APPROXIMATING direct force using CUBIC SPLINE INTERPOLATION
|  with   50.0 points per unit in tabled values
| Relative Error Limit not exceeded for r .gt.   2.80
|---------------------------------------------------
wrapping first mol.:       19.62474       27.75357       48.07059
wrapping first mol.:       19.62474       27.75357       48.07059

 NSTEP =      500   TIME(PS) =    5801.000  TEMP(K) =   298.60  PRESS =   326.2
 Etot   =    -38250.6040  EKtot   =      9732.8096  EPtot      =    -47983.4136
 BOND   =       408.3330  ANGLE   =      1091.3603  DIHED      =      1637.8319
 1-4 NB =       469.6142  1-4 EEL =      5694.8171  VDWAALS    =      5464.1162
 EELEC  =    -62751.0737  EHBOND  =         0.0000  RESTRAINT  =         1.5873
 EAMBER (non-restraint)  =    -47985.0009
 EKCMT  =      4141.5111  VIRIAL  =      3035.0251  VOLUME     =    157087.2095
                                                    Density    =         1.0321
 ------------------------------------------------------------------------------

wrapping first mol.:       19.63190       27.76370       48.08814
wrapping first mol.:       19.63190       27.76370       48.08814

 NSTEP =     1000   TIME(PS) =    5802.000  TEMP(K) =   302.26  PRESS =    60.6
 Etot   =    -38029.2009  EKtot   =      9852.1787  EPtot      =    -47881.3796
 BOND   =       393.4431  ANGLE   =      1034.3181  DIHED      =      1648.8942
 1-4 NB =       499.5608  1-4 EEL =      5690.8544  VDWAALS    =      5374.6292
 EELEC  =    -62525.0247  EHBOND  =         0.0000  RESTRAINT  =         1.9453
 EAMBER (non-restraint)  =    -47883.3249
 EKCMT  =      4147.4899  VIRIAL  =      3941.5783  VOLUME     =    157262.9832
                                                    Density    =         1.0309
 ------------------------------------------------------------------------------

wrapping first mol.:       19.62927       27.75998       48.08170
wrapping first mol.:       19.62927       27.75998       48.08170

 NSTEP =     1500   TIME(PS) =    5803.000  TEMP(K) =   294.77  PRESS =    87.4
 Etot   =    -38263.0812  EKtot   =      9608.1543  EPtot      =    -47871.2355
 BOND   =       407.4966  ANGLE   =      1048.4283  DIHED      =      1646.2037
 1-4 NB =       475.2521  1-4 EEL =      5683.4239  VDWAALS    =      5363.5444
 EELEC  =    -62497.9236  EHBOND  =         0.0000  RESTRAINT  =         2.3390
 EAMBER (non-restraint)  =    -47873.5745
 EKCMT  =      4040.3730  VIRIAL  =      3743.6784  VOLUME     =    157199.4319
                                                    Density    =         1.0313
 ------------------------------------------------------------------------------

wrapping first mol.:       19.62758       27.75759       48.07756
wrapping first mol.:       19.62758       27.75759       48.07756

 NSTEP =     2000   TIME(PS) =    5804.000  TEMP(K) =   299.93  PRESS =    37.8
 Etot   =    -38397.0755  EKtot   =      9776.1396  EPtot      =    -48173.2152
 BOND   =       406.1156  ANGLE   =      1026.7050  DIHED      =      1634.3712
 1-4 NB =       469.8043  1-4 EEL =      5661.6739  VDWAALS    =      5382.7906
 EELEC  =    -62757.1062  EHBOND  =         0.0000  RESTRAINT  =         2.4305
 EAMBER (non-restraint)  =    -48175.6456
 EKCMT  =      4069.4319  VIRIAL  =      3941.2832  VOLUME     =    157159.5581
                                                    Density    =         1.0316
 ------------------------------------------------------------------------------

wrapping first mol.:       19.63240       27.76440       48.08935
wrapping first mol.:       19.63240       27.76440       48.08935

 NSTEP =     2500   TIME(PS) =    5805.000  TEMP(K) =   297.72  PRESS =   -16.2
 Etot   =    -38288.8522  EKtot   =      9704.1260  EPtot      =    -47992.9782
 BOND   =       399.5272  ANGLE   =      1083.9316  DIHED      =      1626.1412
 1-4 NB =       478.5659  1-4 EEL =      5671.3045  VDWAALS    =      5352.5726
 EELEC  =    -62607.7527  EHBOND  =         0.0000  RESTRAINT  =         2.7316
 EAMBER (non-restraint)  =    -47995.7097
 EKCMT  =      3995.5779  VIRIAL  =      4050.6258  VOLUME     =    157275.9916
                                                    Density    =         1.0308
 ------------------------------------------------------------------------------

wrapping first mol.:       19.64123       27.77689       48.11098
wrapping first mol.:       19.64123       27.77689       48.11098

 NSTEP =     3000   TIME(PS) =    5806.000  TEMP(K) =   300.37  PRESS =   333.6
 Etot   =    -38032.7081  EKtot   =      9790.5479  EPtot      =    -47823.2560
 BOND   =       415.6001  ANGLE   =      1076.8366  DIHED      =      1626.8092
 1-4 NB =       473.2257  1-4 EEL =      5700.0879  VDWAALS    =      5328.9805
 EELEC  =    -62447.2314  EHBOND  =         0.0000  RESTRAINT  =         2.4355
 EAMBER (non-restraint)  =    -47825.6915
 EKCMT  =      4117.3909  VIRIAL  =      2983.0033  VOLUME     =    157483.3340
                                                    Density    =         1.0295
 ------------------------------------------------------------------------------

wrapping first mol.:       19.61540       27.74036       48.04772
wrapping first mol.:       19.61540       27.74036       48.04772

 NSTEP =     3500   TIME(PS) =    5807.000  TEMP(K) =   302.21  PRESS =    56.7
 Etot   =    -38071.4150  EKtot   =      9850.4785  EPtot      =    -47921.8935
 BOND   =       400.2311  ANGLE   =      1057.3501  DIHED      =      1629.1621
 1-4 NB =       481.2019  1-4 EEL =      5681.5003  VDWAALS    =      5224.7287
 EELEC  =    -62399.0202  EHBOND  =         0.0000  RESTRAINT  =         2.9524
 EAMBER (non-restraint)  =    -47924.8459
 EKCMT  =      4132.6071  VIRIAL  =      3940.6909  VOLUME     =    156866.7939
                                                    Density    =         1.0335
 ------------------------------------------------------------------------------

wrapping first mol.:       19.63521       27.76837       48.09623
wrapping first mol.:       19.63521       27.76837       48.09623

 NSTEP =     4000   TIME(PS) =    5808.000  TEMP(K) =   299.34  PRESS =    -6.2
 Etot   =    -38133.5144  EKtot   =      9756.8867  EPtot      =    -47890.4011
 BOND   =       408.3374  ANGLE   =      1116.0277  DIHED      =      1621.5959
 1-4 NB =       481.1687  1-4 EEL =      5696.1937  VDWAALS    =      5332.8929
 EELEC  =    -62550.2342  EHBOND  =         0.0000  RESTRAINT  =         3.6169
 EAMBER (non-restraint)  =    -47894.0180
 EKCMT  =      4135.5404  VIRIAL  =      4156.5099  VOLUME     =    157343.3157
                                                    Density    =         1.0304
 ------------------------------------------------------------------------------

wrapping first mol.:       19.62940       27.76016       48.08200
wrapping first mol.:       19.62940       27.76016       48.08200

 NSTEP =     4500   TIME(PS) =    5809.000  TEMP(K) =   302.87  PRESS =  -166.6
 Etot   =    -38006.1293  EKtot   =      9872.1006  EPtot      =    -47878.2299
 BOND   =       403.1620  ANGLE   =      1056.0967  DIHED      =      1619.8746
 1-4 NB =       478.2361  1-4 EEL =      5685.4287  VDWAALS    =      5400.9891
 EELEC  =    -62525.8839  EHBOND  =         0.0000  RESTRAINT  =         3.8668
 EAMBER (non-restraint)  =    -47882.0967
 EKCMT  =      4151.9164  VIRIAL  =      4717.3411  VOLUME     =    157205.9407
                                                    Density    =         1.0313
 ------------------------------------------------------------------------------

wrapping first mol.:       19.64400       27.78080       48.11776
wrapping first mol.:       19.64400       27.78080       48.11776

 NSTEP =     5000   TIME(PS) =    5810.000  TEMP(K) =   299.90  PRESS =   369.8
 Etot   =    -38210.7295  EKtot   =      9775.1680  EPtot      =    -47985.8974
 BOND   =       405.8868  ANGLE   =      1119.3643  DIHED      =      1622.3662
 1-4 NB =       467.1662  1-4 EEL =      5687.7827  VDWAALS    =      5501.2912
 EELEC  =    -62793.4693  EHBOND  =         0.0000  RESTRAINT  =         3.7145
 EAMBER (non-restraint)  =    -47989.6119
 EKCMT  =      4131.8556  VIRIAL  =      2873.9655  VOLUME     =    157549.4596
                                                    Density    =         1.0290
 ------------------------------------------------------------------------------

wrapping first mol.:       19.63438       27.76721       48.09422
wrapping first mol.:       19.63438       27.76721       48.09422

 NSTEP =     5500   TIME(PS) =    5811.000  TEMP(K) =   298.54  PRESS =   192.3
 Etot   =    -38262.9166  EKtot   =      9730.8115  EPtot      =    -47993.7282
 BOND   =       405.7866  ANGLE   =      1112.7367  DIHED      =      1633.2151
 1-4 NB =       457.3827  1-4 EEL =      5666.5381  VDWAALS    =      5320.1226
 EELEC  =    -62593.5062  EHBOND  =         0.0000  RESTRAINT  =         3.9963
 EAMBER (non-restraint)  =    -47997.7245
 EKCMT  =      4089.8601  VIRIAL  =      3436.6717  VOLUME     =    157320.7821
                                                    Density    =         1.0305
 ------------------------------------------------------------------------------

wrapping first mol.:       19.63377       27.76635       48.09273
wrapping first mol.:       19.63377       27.76635       48.09273

 NSTEP =     6000   TIME(PS) =    5812.000  TEMP(K) =   301.35  PRESS =  -370.2
 Etot   =    -38296.8671  EKtot   =      9822.3232  EPtot      =    -48119.1903
 BOND   =       389.0801  ANGLE   =      1033.9328  DIHED      =      1640.5255
 1-4 NB =       471.0282  1-4 EEL =      5686.5776  VDWAALS    =      5388.9273
 EELEC  =    -62733.4511  EHBOND  =         0.0000  RESTRAINT  =         4.1892
 EAMBER (non-restraint)  =    -48123.3796
 EKCMT  =      4041.1186  VIRIAL  =      5298.4996  VOLUME     =    157314.0448
                                                    Density    =         1.0306
 ------------------------------------------------------------------------------

wrapping first mol.:       19.63203       27.76388       48.08844
wrapping first mol.:       19.63203       27.76388       48.08844

 NSTEP =     6500   TIME(PS) =    5813.000  TEMP(K) =   299.25  PRESS =    22.2
 Etot   =    -38271.4965  EKtot   =      9754.0254  EPtot      =    -48025.5219
 BOND   =       392.2433  ANGLE   =      1148.8922  DIHED      =      1635.1979
 1-4 NB =       471.5944  1-4 EEL =      5686.5030  VDWAALS    =      5363.0673
 EELEC  =    -62728.0199  EHBOND  =         0.0000  RESTRAINT  =         5.0000
 EAMBER (non-restraint)  =    -48030.5219
 EKCMT  =      4105.7602  VIRIAL  =      4030.5475  VOLUME     =    157266.5165
                                                    Density    =         1.0309
 ------------------------------------------------------------------------------

wrapping first mol.:       19.61927       27.74583       48.05719
wrapping first mol.:       19.61927       27.74583       48.05719

 NSTEP =     7000   TIME(PS) =    5814.000  TEMP(K) =   299.95  PRESS =   -85.0
 Etot   =    -38260.8921  EKtot   =      9776.7158  EPtot      =    -48037.6079
 BOND   =       408.1988  ANGLE   =      1099.3826  DIHED      =      1650.6396
 1-4 NB =       463.4987  1-4 EEL =      5667.4481  VDWAALS    =      5159.1892
 EELEC  =    -62490.6792  EHBOND  =         0.0000  RESTRAINT  =         4.7142
 EAMBER (non-restraint)  =    -48042.3221
 EKCMT  =      4066.5502  VIRIAL  =      4354.5004  VOLUME     =    156961.6157
                                                    Density    =         1.0329
 ------------------------------------------------------------------------------

wrapping first mol.:       19.62214       27.74989       48.06421
wrapping first mol.:       19.62214       27.74989       48.06421

 NSTEP =     7500   TIME(PS) =    5815.000  TEMP(K) =   300.39  PRESS =    47.7
 Etot   =    -38198.7263  EKtot   =      9791.1074  EPtot      =    -47989.8337
 BOND   =       423.6175  ANGLE   =      1050.5424  DIHED      =      1638.8577
 1-4 NB =       481.0268  1-4 EEL =      5691.8625  VDWAALS    =      5303.5217
 EELEC  =    -62585.2144  EHBOND  =         0.0000  RESTRAINT  =         5.9521
 EAMBER (non-restraint)  =    -47995.7858
 EKCMT  =      4089.0625  VIRIAL  =      3927.1934  VOLUME     =    157028.5677
                                                    Density    =         1.0325
 ------------------------------------------------------------------------------

wrapping first mol.:       19.63817       27.77256       48.10348
wrapping first mol.:       19.63817       27.77256       48.10348

 NSTEP =     8000   TIME(PS) =    5816.000  TEMP(K) =   299.13  PRESS =   478.0
 Etot   =    -38146.7622  EKtot   =      9749.9863  EPtot      =    -47896.7485
 BOND   =       436.5796  ANGLE   =      1099.3745  DIHED      =      1623.0252
 1-4 NB =       480.2160  1-4 EEL =      5679.8370  VDWAALS    =      5512.6811
 EELEC  =    -62734.8418  EHBOND  =         0.0000  RESTRAINT  =         6.3799
 EAMBER (non-restraint)  =    -47903.1285
 EKCMT  =      4080.5382  VIRIAL  =      2455.8390  VOLUME     =    157407.7292
                                                    Density    =         1.0300
 ------------------------------------------------------------------------------

wrapping first mol.:       19.64829       27.78688       48.12828
wrapping first mol.:       19.64829       27.78688       48.12828

 NSTEP =     8500   TIME(PS) =    5817.000  TEMP(K) =   295.32  PRESS =   -93.9
 Etot   =    -38358.7658  EKtot   =      9625.8047  EPtot      =    -47984.5705
 BOND   =       418.7054  ANGLE   =      1022.1456  DIHED      =      1654.0538
 1-4 NB =       487.7812  1-4 EEL =      5696.4108  VDWAALS    =      5309.1969
 EELEC  =    -62579.3107  EHBOND  =         0.0000  RESTRAINT  =         6.4466
 EAMBER (non-restraint)  =    -47991.0171
 EKCMT  =      4111.3890  VIRIAL  =      4431.0447  VOLUME     =    157659.2846
                                                    Density    =         1.0283
 ------------------------------------------------------------------------------

wrapping first mol.:       19.64716       27.78528       48.12551
wrapping first mol.:       19.64716       27.78528       48.12551

 NSTEP =     9000   TIME(PS) =    5818.000  TEMP(K) =   296.70  PRESS =  -179.6
 Etot   =    -38246.9848  EKtot   =      9670.9736  EPtot      =    -47917.9585
 BOND   =       412.0774  ANGLE   =      1047.7966  DIHED      =      1650.4907
 1-4 NB =       495.0034  1-4 EEL =      5724.3865  VDWAALS    =      5343.4440
 EELEC  =    -62597.2979  EHBOND  =         0.0000  RESTRAINT  =         6.1408
 EAMBER (non-restraint)  =    -47924.0993
 EKCMT  =      4042.9720  VIRIAL  =      4654.3208  VOLUME     =    157633.3385
                                                    Density    =         1.0285
 ------------------------------------------------------------------------------

wrapping first mol.:       19.63655       27.77028       48.09953
wrapping first mol.:       19.63655       27.77028       48.09953

 NSTEP =     9500   TIME(PS) =    5819.000  TEMP(K) =   299.27  PRESS =  -271.4
 Etot   =    -38250.1017  EKtot   =      9754.6982  EPtot      =    -48004.7999
 BOND   =       439.5962  ANGLE   =      1088.8764  DIHED      =      1644.5035
 1-4 NB =       480.2789  1-4 EEL =      5660.4070  VDWAALS    =      5258.5424
 EELEC  =    -62584.3428  EHBOND  =         0.0000  RESTRAINT  =         7.3386
 EAMBER (non-restraint)  =    -48012.1386
 EKCMT  =      4092.6805  VIRIAL  =      5014.9405  VOLUME     =    157379.4701
                                                    Density    =         1.0302
 ------------------------------------------------------------------------------

wrapping first mol.:       19.65106       27.79079       48.13505
wrapping first mol.:       19.65106       27.79079       48.13505

 NSTEP =    10000   TIME(PS) =    5820.000  TEMP(K) =   296.92  PRESS =  -149.0
 Etot   =    -38260.4013  EKtot   =      9677.9600  EPtot      =    -47938.3613
 BOND   =       410.1064  ANGLE   =      1096.9192  DIHED      =      1623.9472
 1-4 NB =       481.4480  1-4 EEL =      5651.2839  VDWAALS    =      5293.4937
 EELEC  =    -62503.5438  EHBOND  =         0.0000  RESTRAINT  =         7.9840
 EAMBER (non-restraint)  =    -47946.3453
 EKCMT  =      4095.1858  VIRIAL  =      4602.5015  VOLUME     =    157726.6749
                                                    Density    =         1.0279
 ------------------------------------------------------------------------------

wrapping first mol.:       19.64260       27.77883       48.11435
wrapping first mol.:       19.64260       27.77883       48.11435

 NSTEP =    10500   TIME(PS) =    5821.000  TEMP(K) =   298.22  PRESS =  -276.8
 Etot   =    -38102.0905  EKtot   =      9720.4941  EPtot      =    -47822.5846
 BOND   =       414.1044  ANGLE   =      1105.4379  DIHED      =      1640.2097
 1-4 NB =       455.5522  1-4 EEL =      5647.2997  VDWAALS    =      5157.9198
 EELEC  =    -62251.6951  EHBOND  =         0.0000  RESTRAINT  =         8.5866
 EAMBER (non-restraint)  =    -47831.1712
 EKCMT  =      4103.9488  VIRIAL  =      5045.4237  VOLUME     =    157524.9996
                                                    Density    =         1.0292
 ------------------------------------------------------------------------------

wrapping first mol.:       19.62624       27.75570       48.07427
wrapping first mol.:       19.62624       27.75570       48.07427

 NSTEP =    11000   TIME(PS) =    5822.000  TEMP(K) =   301.50  PRESS =   141.6
 Etot   =    -38127.5957  EKtot   =      9827.3223  EPtot      =    -47954.9179
 BOND   =       383.6233  ANGLE   =      1032.9954  DIHED      =      1643.6825
 1-4 NB =       473.4598  1-4 EEL =      5697.2497  VDWAALS    =      5358.4329
 EELEC  =    -62552.6843  EHBOND  =         0.0000  RESTRAINT  =         8.3228
 EAMBER (non-restraint)  =    -47963.2407
 EKCMT  =      4119.6461  VIRIAL  =      3639.2638  VOLUME     =    157125.8867
                                                    Density    =         1.0318
 ------------------------------------------------------------------------------

wrapping first mol.:       19.63931       27.77418       48.10629
wrapping first mol.:       19.63931       27.77418       48.10629

 NSTEP =    11500   TIME(PS) =    5823.000  TEMP(K) =   298.44  PRESS =    50.8
 Etot   =    -38211.6918  EKtot   =      9727.6748  EPtot      =    -47939.3666
 BOND   =       415.4341  ANGLE   =      1079.2217  DIHED      =      1607.5247
 1-4 NB =       470.1780  1-4 EEL =      5682.0460  VDWAALS    =      5334.3008
 EELEC  =    -62534.8682  EHBOND  =         0.0000  RESTRAINT  =         6.7964
 EAMBER (non-restraint)  =    -47946.1630
 EKCMT  =      4054.5744  VIRIAL  =      3881.7956  VOLUME     =    157441.2846
                                                    Density    =         1.0298
 ------------------------------------------------------------------------------

wrapping first mol.:       19.62732       27.75722       48.07691
wrapping first mol.:       19.62732       27.75722       48.07691

 NSTEP =    12000   TIME(PS) =    5824.000  TEMP(K) =   301.42  PRESS =   -92.2
 Etot   =    -38201.1251  EKtot   =      9824.8096  EPtot      =    -48025.9347
 BOND   =       418.6208  ANGLE   =      1055.8659  DIHED      =      1643.2725
 1-4 NB =       482.7902  1-4 EEL =      5670.7505  VDWAALS    =      5344.8924
 EELEC  =    -62649.2407  EHBOND  =         0.0000  RESTRAINT  =         7.1136
 EAMBER (non-restraint)  =    -48033.0483
 EKCMT  =      4130.0806  VIRIAL  =      4442.8278  VOLUME     =    157154.9741
                                                    Density    =         1.0316
 ------------------------------------------------------------------------------

wrapping first mol.:       19.62143       27.74889       48.06249
wrapping first mol.:       19.62143       27.74889       48.06249

 NSTEP =    12500   TIME(PS) =    5825.000  TEMP(K) =   299.27  PRESS =    91.1
 Etot   =    -38044.3788  EKtot   =      9754.7002  EPtot      =    -47799.0790
 BOND   =       423.9687  ANGLE   =      1048.2659  DIHED      =      1646.5715
 1-4 NB =       493.2518  1-4 EEL =      5732.1140  VDWAALS    =      5230.1705
 EELEC  =    -62379.9389  EHBOND  =         0.0000  RESTRAINT  =         6.5175
 EAMBER (non-restraint)  =    -47805.5965
 EKCMT  =      4138.4740  VIRIAL  =      3829.5229  VOLUME     =    157011.0754
                                                    Density    =         1.0326
 ------------------------------------------------------------------------------

wrapping first mol.:       19.61571       27.74080       48.04847
wrapping first mol.:       19.61571       27.74080       48.04847

 NSTEP =    13000   TIME(PS) =    5826.000  TEMP(K) =   298.96  PRESS =    63.0
 Etot   =    -38207.4559  EKtot   =      9744.5654  EPtot      =    -47952.0214
 BOND   =       416.0515  ANGLE   =      1101.0126  DIHED      =      1627.2571
 1-4 NB =       458.7198  1-4 EEL =      5669.9212  VDWAALS    =      5467.1666
 EELEC  =    -62698.5237  EHBOND  =         0.0000  RESTRAINT  =         6.3736
 EAMBER (non-restraint)  =    -47958.3949
 EKCMT  =      4117.3708  VIRIAL  =      3904.0644  VOLUME     =    156874.1027
                                                    Density    =         1.0335
 ------------------------------------------------------------------------------

wrapping first mol.:       19.63573       27.76911       48.09751
wrapping first mol.:       19.63573       27.76911       48.09751

 NSTEP =    13500   TIME(PS) =    5827.000  TEMP(K) =   298.71  PRESS =     2.5
 Etot   =    -38198.7253  EKtot   =      9736.2695  EPtot      =    -47934.9948
 BOND   =       384.9053  ANGLE   =      1120.9135  DIHED      =      1682.9017
 1-4 NB =       480.6405  1-4 EEL =      5696.3337  VDWAALS    =      5426.2873
 EELEC  =    -62733.2056  EHBOND  =         0.0000  RESTRAINT  =         6.2288
 EAMBER (non-restraint)  =    -47941.2236
 EKCMT  =      4083.3863  VIRIAL  =      4075.0483  VOLUME     =    157355.7286
                                                    Density    =         1.0303
 ------------------------------------------------------------------------------

wrapping first mol.:       19.60633       27.72754       48.02550
wrapping first mol.:       19.60633       27.72754       48.02550

 NSTEP =    14000   TIME(PS) =    5828.000  TEMP(K) =   297.28  PRESS =   -72.1
 Etot   =    -38166.3534  EKtot   =      9689.7002  EPtot      =    -47856.0536
 BOND   =       428.9150  ANGLE   =      1066.3850  DIHED      =      1634.4776
 1-4 NB =       471.4324  1-4 EEL =      5704.6234  VDWAALS    =      5227.2072
 EELEC  =    -62394.9150  EHBOND  =         0.0000  RESTRAINT  =         5.8208
 EAMBER (non-restraint)  =    -47861.8744
 EKCMT  =      4105.0296  VIRIAL  =      4348.9759  VOLUME     =    156651.1040
                                                    Density    =         1.0349
 ------------------------------------------------------------------------------

wrapping first mol.:       19.61609       27.74134       48.04941
wrapping first mol.:       19.61609       27.74134       48.04941

 NSTEP =    14500   TIME(PS) =    5829.000  TEMP(K) =   303.62  PRESS =  -227.4
 Etot   =    -38129.5444  EKtot   =      9896.5918  EPtot      =    -48026.1362
 BOND   =       416.1911  ANGLE   =      1000.0427  DIHED      =      1613.7145
 1-4 NB =       490.7838  1-4 EEL =      5707.6566  VDWAALS    =      5298.9695
 EELEC  =    -62559.5426  EHBOND  =         0.0000  RESTRAINT  =         6.0481
 EAMBER (non-restraint)  =    -48032.1843
 EKCMT  =      4136.0632  VIRIAL  =      4906.1944  VOLUME     =    156887.3504
                                                    Density    =         1.0334
 ------------------------------------------------------------------------------

wrapping first mol.:       19.62787       27.75800       48.07827
wrapping first mol.:       19.62787       27.75800       48.07827

 NSTEP =    15000   TIME(PS) =    5830.000  TEMP(K) =   300.99  PRESS =  -390.0
 Etot   =    -38185.4927  EKtot   =      9810.6670  EPtot      =    -47996.1597
 BOND   =       379.0428  ANGLE   =      1009.4858  DIHED      =      1636.5933
 1-4 NB =       508.8832  1-4 EEL =      5670.1358  VDWAALS    =      5037.5067
 EELEC  =    -62243.2874  EHBOND  =         0.0000  RESTRAINT  =         5.4802
 EAMBER (non-restraint)  =    -48001.6399
 EKCMT  =      4123.1293  VIRIAL  =      5446.6881  VOLUME     =    157172.4939
                                                    Density    =         1.0315
 ------------------------------------------------------------------------------

wrapping first mol.:       19.61191       27.73543       48.03918
wrapping first mol.:       19.61191       27.73543       48.03918

 NSTEP =    15500   TIME(PS) =    5831.000  TEMP(K) =   300.04  PRESS =  -250.5
 Etot   =    -38161.9089  EKtot   =      9779.7578  EPtot      =    -47941.6667
 BOND   =       409.5785  ANGLE   =      1075.7567  DIHED      =      1626.3497
 1-4 NB =       474.7083  1-4 EEL =      5702.2235  VDWAALS    =      5200.1706
 EELEC  =    -62435.3400  EHBOND  =         0.0000  RESTRAINT  =         4.8860
 EAMBER (non-restraint)  =    -47946.5527
 EKCMT  =      4177.8742  VIRIAL  =      5025.8623  VOLUME     =    156787.4913
                                                    Density    =         1.0340
 ------------------------------------------------------------------------------

wrapping first mol.:       19.62101       27.74830       48.06146
wrapping first mol.:       19.62101       27.74830       48.06146

 NSTEP =    16000   TIME(PS) =    5832.000  TEMP(K) =   298.71  PRESS =  -151.2
 Etot   =    -38330.7424  EKtot   =      9736.5391  EPtot      =    -48067.2815
 BOND   =       401.0100  ANGLE   =      1064.9918  DIHED      =      1665.1601
 1-4 NB =       474.5741  1-4 EEL =      5661.4733  VDWAALS    =      5283.1760
 EELEC  =    -62623.7960  EHBOND  =         0.0000  RESTRAINT  =         6.1291
 EAMBER (non-restraint)  =    -48073.4106
 EKCMT  =      4164.4338  VIRIAL  =      4677.0808  VOLUME     =    157004.4029
                                                    Density    =         1.0326
 ------------------------------------------------------------------------------

wrapping first mol.:       19.63485       27.76787       48.09536
wrapping first mol.:       19.63485       27.76787       48.09536

 NSTEP =    16500   TIME(PS) =    5833.000  TEMP(K) =   297.30  PRESS =  -141.8
 Etot   =    -38323.9458  EKtot   =      9690.5996  EPtot      =    -48014.5454
 BOND   =       379.9677  ANGLE   =      1083.3586  DIHED      =      1648.9379
 1-4 NB =       479.1125  1-4 EEL =      5659.6930  VDWAALS    =      5312.0231
 EELEC  =    -62583.0803  EHBOND  =         0.0000  RESTRAINT  =         5.4420
 EAMBER (non-restraint)  =    -48019.9874
 EKCMT  =      4142.9082  VIRIAL  =      4624.5814  VOLUME     =    157336.7421
                                                    Density    =         1.0304
 ------------------------------------------------------------------------------

wrapping first mol.:       19.63635       27.76999       48.09903
wrapping first mol.:       19.63635       27.76999       48.09903

 NSTEP =    17000   TIME(PS) =    5834.000  TEMP(K) =   297.84  PRESS =  -131.6
 Etot   =    -38125.8532  EKtot   =      9707.9297  EPtot      =    -47833.7829
 BOND   =       470.8782  ANGLE   =      1111.0647  DIHED      =      1626.0729
 1-4 NB =       460.0829  1-4 EEL =      5648.9677  VDWAALS    =      5297.2293
 EELEC  =    -62453.7503  EHBOND  =         0.0000  RESTRAINT  =         5.6716
 EAMBER (non-restraint)  =    -47839.4545
 EKCMT  =      4114.0380  VIRIAL  =      4561.1968  VOLUME     =    157372.5410
                                                    Density    =         1.0302
 ------------------------------------------------------------------------------

wrapping first mol.:       19.61743       27.74323       48.05268
wrapping first mol.:       19.61743       27.74323       48.05268

 NSTEP =    17500   TIME(PS) =    5835.000  TEMP(K) =   303.06  PRESS =   -27.2
 Etot   =    -38233.9006  EKtot   =      9878.1777  EPtot      =    -48112.0784
 BOND   =       388.3731  ANGLE   =      1074.2520  DIHED      =      1640.8895
 1-4 NB =       478.4415  1-4 EEL =      5676.2622  VDWAALS    =      5393.4252
 EELEC  =    -62769.4687  EHBOND  =         0.0000  RESTRAINT  =         5.7469
 EAMBER (non-restraint)  =    -48117.8253
 EKCMT  =      4183.8211  VIRIAL  =      4275.8147  VOLUME     =    156916.5901
                                                    Density    =         1.0332
 ------------------------------------------------------------------------------

wrapping first mol.:       19.62967       27.76055       48.08268
wrapping first mol.:       19.62967       27.76055       48.08268

 NSTEP =    18000   TIME(PS) =    5836.000  TEMP(K) =   301.32  PRESS =  -527.8
 Etot   =    -38259.7429  EKtot   =      9821.4600  EPtot      =    -48081.2029
 BOND   =       416.5153  ANGLE   =      1079.0025  DIHED      =      1637.7916
 1-4 NB =       464.7481  1-4 EEL =      5696.1432  VDWAALS    =      5280.5159
 EELEC  =    -62662.1129  EHBOND  =         0.0000  RESTRAINT  =         6.1935
 EAMBER (non-restraint)  =    -48087.3963
 EKCMT  =      4147.4914  VIRIAL  =      5939.0948  VOLUME     =    157217.7192
                                                    Density    =         1.0312
 ------------------------------------------------------------------------------

wrapping first mol.:       19.61217       27.73579       48.03980
wrapping first mol.:       19.61217       27.73579       48.03980

 NSTEP =    18500   TIME(PS) =    5837.000  TEMP(K) =   300.62  PRESS =   -22.2
 Etot   =    -37997.1507  EKtot   =      9798.6367  EPtot      =    -47795.7874
 BOND   =       437.2239  ANGLE   =      1117.1400  DIHED      =      1628.7857
 1-4 NB =       462.6371  1-4 EEL =      5627.0458  VDWAALS    =      5292.7599
 EELEC  =    -62367.2958  EHBOND  =         0.0000  RESTRAINT  =         5.9159
 EAMBER (non-restraint)  =    -47801.7033
 EKCMT  =      4038.2289  VIRIAL  =      4113.3505  VOLUME     =    156790.3865
                                                    Density    =         1.0340
 ------------------------------------------------------------------------------

wrapping first mol.:       19.61360       27.73782       48.04331
wrapping first mol.:       19.61360       27.73782       48.04331

 NSTEP =    19000   TIME(PS) =    5838.000  TEMP(K) =   293.33  PRESS =   193.6
 Etot   =    -38373.6971  EKtot   =      9560.9482  EPtot      =    -47934.6453
 BOND   =       405.5036  ANGLE   =      1080.3977  DIHED      =      1654.3873
 1-4 NB =       461.6667  1-4 EEL =      5692.4455  VDWAALS    =      5319.6427
 EELEC  =    -62554.4569  EHBOND  =         0.0000  RESTRAINT  =         5.7681
 EAMBER (non-restraint)  =    -47940.4135
 EKCMT  =      4031.0839  VIRIAL  =      3375.5895  VOLUME     =    156821.7844
                                                    Density    =         1.0338
 ------------------------------------------------------------------------------

wrapping first mol.:       19.62800       27.75818       48.07858
wrapping first mol.:       19.62800       27.75818       48.07858

 NSTEP =    19500   TIME(PS) =    5839.000  TEMP(K) =   300.08  PRESS =  -166.9
 Etot   =    -38086.8122  EKtot   =      9780.9805  EPtot      =    -47867.7927
 BOND   =       413.1932  ANGLE   =      1102.4894  DIHED      =      1626.0899
 1-4 NB =       469.2878  1-4 EEL =      5680.2804  VDWAALS    =      5329.0048
 EELEC  =    -62493.2266  EHBOND  =         0.0000  RESTRAINT  =         5.0885
 EAMBER (non-restraint)  =    -47872.8812
 EKCMT  =      4065.5333  VIRIAL  =      4631.9716  VOLUME     =    157172.4478
                                                    Density    =         1.0315
 ------------------------------------------------------------------------------

wrapping first mol.:       19.62939       27.76015       48.08199
wrapping first mol.:       19.62939       27.76015       48.08199

 NSTEP =    20000   TIME(PS) =    5840.000  TEMP(K) =   302.50  PRESS =  -321.1
 Etot   =    -37921.3103  EKtot   =      9859.8408  EPtot      =    -47781.1511
 BOND   =       425.6908  ANGLE   =      1081.0114  DIHED      =      1625.1979
 1-4 NB =       481.0670  1-4 EEL =      5707.7773  VDWAALS    =      5193.7809
 EELEC  =    -62301.4303  EHBOND  =         0.0000  RESTRAINT  =         5.7539
 EAMBER (non-restraint)  =    -47786.9050
 EKCMT  =      4217.6128  VIRIAL  =      5307.6320  VOLUME     =    157208.0594
                                                    Density    =         1.0313
 ------------------------------------------------------------------------------

wrapping first mol.:       19.62807       27.75828       48.07874
wrapping first mol.:       19.62807       27.75828       48.07874

 NSTEP =    20500   TIME(PS) =    5841.000  TEMP(K) =   300.60  PRESS =  -259.0
 Etot   =    -38189.5002  EKtot   =      9798.1377  EPtot      =    -47987.6379
 BOND   =       449.4108  ANGLE   =      1079.3179  DIHED      =      1622.3385
 1-4 NB =       481.0910  1-4 EEL =      5662.0076  VDWAALS    =      5313.1379
 EELEC  =    -62601.2524  EHBOND  =         0.0000  RESTRAINT  =         6.3108
 EAMBER (non-restraint)  =    -47993.9487
 EKCMT  =      4131.3119  VIRIAL  =      5010.1156  VOLUME     =    157175.3102
                                                    Density    =         1.0315
 ------------------------------------------------------------------------------

wrapping first mol.:       19.62880       27.75931       48.08054
wrapping first mol.:       19.62880       27.75931       48.08054

 NSTEP =    21000   TIME(PS) =    5842.000  TEMP(K) =   296.67  PRESS =   147.4
 Etot   =    -38310.2938  EKtot   =      9669.8555  EPtot      =    -47980.1493
 BOND   =       402.8837  ANGLE   =      1052.5758  DIHED      =      1645.4463
 1-4 NB =       470.0737  1-4 EEL =      5714.7304  VDWAALS    =      5405.7367
 EELEC  =    -62678.1923  EHBOND  =         0.0000  RESTRAINT  =         6.5965
 EAMBER (non-restraint)  =    -47986.7458
 EKCMT  =      4078.4540  VIRIAL  =      3578.3294  VOLUME     =    157187.2023
                                                    Density    =         1.0314
 ------------------------------------------------------------------------------

wrapping first mol.:       19.63575       27.76914       48.09756
wrapping first mol.:       19.63575       27.76914       48.09756

 NSTEP =    21500   TIME(PS) =    5843.000  TEMP(K) =   299.16  PRESS =  -554.6
 Etot   =    -38173.0274  EKtot   =      9751.2363  EPtot      =    -47924.2638
 BOND   =       405.3819  ANGLE   =      1114.0485  DIHED      =      1648.5921
 1-4 NB =       496.5027  1-4 EEL =      5685.1223  VDWAALS    =      5050.9662
 EELEC  =    -62331.2561  EHBOND  =         0.0000  RESTRAINT  =         6.3786
 EAMBER (non-restraint)  =    -47930.6423
 EKCMT  =      4091.5894  VIRIAL  =      5976.0206  VOLUME     =    157364.1040
                                                    Density    =         1.0303
 ------------------------------------------------------------------------------

wrapping first mol.:       19.62390       27.75239       48.06855
wrapping first mol.:       19.62390       27.75239       48.06855

 NSTEP =    22000   TIME(PS) =    5844.000  TEMP(K) =   300.08  PRESS =   191.3
 Etot   =    -38095.8431  EKtot   =      9780.9316  EPtot      =    -47876.7747
 BOND   =       402.7274  ANGLE   =      1075.0906  DIHED      =      1650.9737
 1-4 NB =       482.2879  1-4 EEL =      5676.1518  VDWAALS    =      5267.3783
 EELEC  =    -62436.9698  EHBOND  =         0.0000  RESTRAINT  =         5.5852
 EAMBER (non-restraint)  =    -47882.3600
 EKCMT  =      4096.1318  VIRIAL  =      3447.3326  VOLUME     =    157069.0272
                                                    Density    =         1.0322
 ------------------------------------------------------------------------------

wrapping first mol.:       19.64625       27.78400       48.12329
wrapping first mol.:       19.64625       27.78400       48.12329

 NSTEP =    22500   TIME(PS) =    5845.000  TEMP(K) =   298.11  PRESS =    38.1
 Etot   =    -38056.2880  EKtot   =      9716.9980  EPtot      =    -47773.2861
 BOND   =       420.1992  ANGLE   =      1068.0750  DIHED      =      1657.0694
 1-4 NB =       485.1337  1-4 EEL =      5680.8585  VDWAALS    =      5329.2190
 EELEC  =    -62419.6007  EHBOND  =         0.0000  RESTRAINT  =         5.7598
 EAMBER (non-restraint)  =    -47779.0458
 EKCMT  =      4067.7649  VIRIAL  =      3938.0512  VOLUME     =    157608.4581
                                                    Density    =         1.0287
 ------------------------------------------------------------------------------

wrapping first mol.:       19.63835       27.77282       48.10394
wrapping first mol.:       19.63835       27.77282       48.10394

 NSTEP =    23000   TIME(PS) =    5846.000  TEMP(K) =   300.83  PRESS =  -421.0
 Etot   =    -38222.1305  EKtot   =      9805.6826  EPtot      =    -48027.8131
 BOND   =       394.9820  ANGLE   =      1072.8054  DIHED      =      1653.6549
 1-4 NB =       471.5053  1-4 EEL =      5660.9484  VDWAALS    =      5284.2847
 EELEC  =    -62571.3467  EHBOND  =         0.0000  RESTRAINT  =         5.3529
 EAMBER (non-restraint)  =    -48033.1660
 EKCMT  =      4141.5407  VIRIAL  =      5572.5102  VOLUME     =    157424.7946
                                                    Density    =         1.0299
 ------------------------------------------------------------------------------

wrapping first mol.:       19.64759       27.78589       48.12656
wrapping first mol.:       19.64759       27.78589       48.12656

 NSTEP =    23500   TIME(PS) =    5847.000  TEMP(K) =   299.47  PRESS =  -146.8
 Etot   =    -38065.6283  EKtot   =      9761.2852  EPtot      =    -47826.9134
 BOND   =       408.7334  ANGLE   =      1121.8753  DIHED      =      1631.3181
 1-4 NB =       471.5493  1-4 EEL =      5664.9064  VDWAALS    =      5286.1947
 EELEC  =    -62417.4241  EHBOND  =         0.0000  RESTRAINT  =         5.9335
 EAMBER (non-restraint)  =    -47832.8469
 EKCMT  =      4077.3913  VIRIAL  =      4577.1880  VOLUME     =    157643.1805
                                                    Density    =         1.0284
 ------------------------------------------------------------------------------

wrapping first mol.:       19.63555       27.76885       48.09706
wrapping first mol.:       19.63555       27.76885       48.09706

 NSTEP =    24000   TIME(PS) =    5848.000  TEMP(K) =   301.41  PRESS =  -155.3
 Etot   =    -38150.5775  EKtot   =      9824.5381  EPtot      =    -47975.1156
 BOND   =       428.8852  ANGLE   =      1034.7308  DIHED      =      1631.9477
 1-4 NB =       474.4851  1-4 EEL =      5668.5658  VDWAALS    =      5377.5056
 EELEC  =    -62597.2700  EHBOND  =         0.0000  RESTRAINT  =         6.0341
 EAMBER (non-restraint)  =    -47981.1498
 EKCMT  =      4140.9416  VIRIAL  =      4668.6015  VOLUME     =    157353.5894
                                                    Density    =         1.0303
 ------------------------------------------------------------------------------

wrapping first mol.:       19.64422       27.78111       48.11830
wrapping first mol.:       19.64422       27.78111       48.11830

 NSTEP =    24500   TIME(PS) =    5849.000  TEMP(K) =   303.59  PRESS =   -41.3
 Etot   =    -37845.0898  EKtot   =      9895.4619  EPtot      =    -47740.5518
 BOND   =       409.2658  ANGLE   =      1122.9509  DIHED      =      1657.0072
 1-4 NB =       465.4691  1-4 EEL =      5642.3270  VDWAALS    =      5360.6601
 EELEC  =    -62404.1856  EHBOND  =         0.0000  RESTRAINT  =         5.9537
 EAMBER (non-restraint)  =    -47746.5054
 EKCMT  =      4108.6967  VIRIAL  =      4249.1409  VOLUME     =    157560.5062
                                                    Density    =         1.0290
 ------------------------------------------------------------------------------

wrapping first mol.:       19.62603       27.75540       48.07376
wrapping first mol.:       19.62603       27.75540       48.07376

 NSTEP =    25000   TIME(PS) =    5850.000  TEMP(K) =   301.90  PRESS =   112.2
 Etot   =    -38127.9027  EKtot   =      9840.3516  EPtot      =    -47968.2543
 BOND   =       444.7386  ANGLE   =      1118.2072  DIHED      =      1647.2787
 1-4 NB =       466.5270  1-4 EEL =      5673.5228  VDWAALS    =      5299.6434
 EELEC  =    -62623.5154  EHBOND  =         0.0000  RESTRAINT  =         5.3433
 EAMBER (non-restraint)  =    -47973.5976
 EKCMT  =      4120.8809  VIRIAL  =      3740.2547  VOLUME     =    157121.2609
                                                    Density    =         1.0318
 ------------------------------------------------------------------------------

wrapping first mol.:       19.61720       27.74291       48.05213
wrapping first mol.:       19.61720       27.74291       48.05213

 NSTEP =    25500   TIME(PS) =    5851.000  TEMP(K) =   297.21  PRESS =  -152.1
 Etot   =    -38299.1653  EKtot   =      9687.3926  EPtot      =    -47986.5579
 BOND   =       365.7682  ANGLE   =      1062.3085  DIHED      =      1634.4089
 1-4 NB =       490.5815  1-4 EEL =      5721.2731  VDWAALS    =      5285.5663
 EELEC  =    -62552.0415  EHBOND  =         0.0000  RESTRAINT  =         5.5771
 EAMBER (non-restraint)  =    -47992.1350
 EKCMT  =      4091.0330  VIRIAL  =      4606.4886  VOLUME     =    156912.9851
                                                    Density    =         1.0332
 ------------------------------------------------------------------------------

wrapping first mol.:       19.62681       27.75650       48.07567
wrapping first mol.:       19.62681       27.75650       48.07567

 NSTEP =    26000   TIME(PS) =    5852.000  TEMP(K) =   304.06  PRESS =    72.7
 Etot   =    -38118.4578  EKtot   =      9910.8359  EPtot      =    -48029.2937
 BOND   =       439.5286  ANGLE   =      1064.7712  DIHED      =      1637.8006
 1-4 NB =       459.5502  1-4 EEL =      5667.4729  VDWAALS    =      5274.4176
 EELEC  =    -62578.5596  EHBOND  =         0.0000  RESTRAINT  =         5.7248
 EAMBER (non-restraint)  =    -48035.0185
 EKCMT  =      4168.2955  VIRIAL  =      3921.7478  VOLUME     =    157140.5056
                                                    Density    =         1.0317
 ------------------------------------------------------------------------------

wrapping first mol.:       19.62913       27.75978       48.08135
wrapping first mol.:       19.62913       27.75978       48.08135

 NSTEP =    26500   TIME(PS) =    5853.000  TEMP(K) =   294.57  PRESS =   372.2
 Etot   =    -38615.8484  EKtot   =      9601.3340  EPtot      =    -48217.1824
 BOND   =       404.5249  ANGLE   =      1103.1386  DIHED      =      1634.7853
 1-4 NB =       481.1499  1-4 EEL =      5683.1954  VDWAALS    =      5432.2316
 EELEC  =    -62962.2540  EHBOND  =         0.0000  RESTRAINT  =         6.0458
 EAMBER (non-restraint)  =    -48223.2282
 EKCMT  =      4049.7024  VIRIAL  =      2786.4504  VOLUME     =    157192.0008
                                                    Density    =         1.0314
 ------------------------------------------------------------------------------

wrapping first mol.:       19.62846       27.75883       48.07969
wrapping first mol.:       19.62846       27.75883       48.07969

 NSTEP =    27000   TIME(PS) =    5854.000  TEMP(K) =   300.68  PRESS =   -49.3
 Etot   =    -38171.6039  EKtot   =      9800.5898  EPtot      =    -47972.1937
 BOND   =       397.5527  ANGLE   =      1106.2159  DIHED      =      1648.3892
 1-4 NB =       486.2092  1-4 EEL =      5707.6169  VDWAALS    =      5330.6581
 EELEC  =    -62655.6884  EHBOND  =         0.0000  RESTRAINT  =         6.8527
 EAMBER (non-restraint)  =    -47979.0464
 EKCMT  =      4101.4278  VIRIAL  =      4268.6167  VOLUME     =    157181.7083
                                                    Density    =         1.0315
 ------------------------------------------------------------------------------

wrapping first mol.:       19.63007       27.76110       48.08364
wrapping first mol.:       19.63007       27.76110       48.08364

 NSTEP =    27500   TIME(PS) =    5855.000  TEMP(K) =   302.50  PRESS =  -150.3
 Etot   =    -38118.8139  EKtot   =      9860.0859  EPtot      =    -47978.8998
 BOND   =       415.9818  ANGLE   =      1055.9203  DIHED      =      1641.8529
 1-4 NB =       451.4658  1-4 EEL =      5673.8038  VDWAALS    =      5215.0366
 EELEC  =    -62438.8421  EHBOND  =         0.0000  RESTRAINT  =         5.8811
 EAMBER (non-restraint)  =    -47984.7809
 EKCMT  =      4205.1007  VIRIAL  =      4715.4006  VOLUME     =    157221.8280
                                                    Density    =         1.0312
 ------------------------------------------------------------------------------

wrapping first mol.:       19.63546       27.76874       48.09686
wrapping first mol.:       19.63546       27.76874       48.09686

 NSTEP =    28000   TIME(PS) =    5856.000  TEMP(K) =   296.73  PRESS =  -146.6
 Etot   =    -38342.4710  EKtot   =      9671.7646  EPtot      =    -48014.2357
 BOND   =       399.3747  ANGLE   =      1072.3554  DIHED      =      1663.8903
 1-4 NB =       473.1703  1-4 EEL =      5684.4194  VDWAALS    =      5180.9309
 EELEC  =    -62495.2489  EHBOND  =         0.0000  RESTRAINT  =         6.8720
 EAMBER (non-restraint)  =    -48021.1077
 EKCMT  =      4103.6544  VIRIAL  =      4601.7947  VOLUME     =    157351.5096
                                                    Density    =         1.0303
 ------------------------------------------------------------------------------

wrapping first mol.:       19.63419       27.76694       48.09375
wrapping first mol.:       19.63419       27.76694       48.09375

 NSTEP =    28500   TIME(PS) =    5857.000  TEMP(K) =   300.73  PRESS =   282.6
 Etot   =    -38210.8174  EKtot   =      9802.2598  EPtot      =    -48013.0771
 BOND   =       418.3966  ANGLE   =      1066.8241  DIHED      =      1646.6441
 1-4 NB =       486.2393  1-4 EEL =      5708.5353  VDWAALS    =      5481.6427
 EELEC  =    -62827.6286  EHBOND  =         0.0000  RESTRAINT  =         6.2695
 EAMBER (non-restraint)  =    -48019.3466
 EKCMT  =      4150.4225  VIRIAL  =      3190.7033  VOLUME     =    157314.9449
                                                    Density    =         1.0306
 ------------------------------------------------------------------------------

wrapping first mol.:       19.63476       27.76774       48.09513
wrapping first mol.:       19.63476       27.76774       48.09513

 NSTEP =    29000   TIME(PS) =    5858.000  TEMP(K) =   303.14  PRESS =    19.1
 Etot   =    -38104.9189  EKtot   =      9880.7090  EPtot      =    -47985.6279
 BOND   =       406.9190  ANGLE   =      1059.4007  DIHED      =      1634.6333
 1-4 NB =       482.5201  1-4 EEL =      5670.1243  VDWAALS    =      5338.9595
 EELEC  =    -62584.7440  EHBOND  =         0.0000  RESTRAINT  =         6.5591
 EAMBER (non-restraint)  =    -47992.1870
 EKCMT  =      4112.6145  VIRIAL  =      4047.7220  VOLUME     =    157332.2301
                                                    Density    =         1.0305
 ------------------------------------------------------------------------------

wrapping first mol.:       19.63074       27.76206       48.08529
wrapping first mol.:       19.63074       27.76206       48.08529

 NSTEP =    29500   TIME(PS) =    5859.000  TEMP(K) =   299.45  PRESS =    10.8
 Etot   =    -38458.1799  EKtot   =      9760.3906  EPtot      =    -48218.5706
 BOND   =       405.0568  ANGLE   =      1081.2888  DIHED      =      1619.9314
 1-4 NB =       467.2763  1-4 EEL =      5654.2887  VDWAALS    =      5399.0845
 EELEC  =    -62851.7699  EHBOND  =         0.0000  RESTRAINT  =         6.2728
 EAMBER (non-restraint)  =    -48224.8433
 EKCMT  =      4100.9465  VIRIAL  =      4064.1187  VOLUME     =    157235.7714
                                                    Density    =         1.0311
 ------------------------------------------------------------------------------

wrapping first mol.:       19.63789       27.77217       48.10281
wrapping first mol.:       19.63789       27.77217       48.10281

 NSTEP =    30000   TIME(PS) =    5860.000  TEMP(K) =   298.42  PRESS =   -14.1
 Etot   =    -38202.7850  EKtot   =      9727.0205  EPtot      =    -47929.8055
 BOND   =       404.1685  ANGLE   =      1039.1743  DIHED      =      1640.1634
 1-4 NB =       490.4650  1-4 EEL =      5667.9099  VDWAALS    =      5347.9191
 EELEC  =    -62525.4277  EHBOND  =         0.0000  RESTRAINT  =         5.8220
 EAMBER (non-restraint)  =    -47935.6276
 EKCMT  =      4132.1978  VIRIAL  =      4180.0718  VOLUME     =    157408.0421
                                                    Density    =         1.0300
 ------------------------------------------------------------------------------

wrapping first mol.:       19.64292       27.77928       48.11513
wrapping first mol.:       19.64292       27.77928       48.11513

 NSTEP =    30500   TIME(PS) =    5861.000  TEMP(K) =   302.58  PRESS =  -151.9
 Etot   =    -38033.3935  EKtot   =      9862.5654  EPtot      =    -47895.9589
 BOND   =       426.3286  ANGLE   =      1054.7977  DIHED      =      1628.0210
 1-4 NB =       479.1745  1-4 EEL =      5692.7615  VDWAALS    =      5193.7235
 EELEC  =    -62377.1654  EHBOND  =         0.0000  RESTRAINT  =         6.3996
 EAMBER (non-restraint)  =    -47902.3585
 EKCMT  =      4138.9551  VIRIAL  =      4655.4617  VOLUME     =    157530.9044
                                                    Density    =         1.0292
 ------------------------------------------------------------------------------

wrapping first mol.:       19.62071       27.74788       48.06073
wrapping first mol.:       19.62071       27.74788       48.06073

 NSTEP =    31000   TIME(PS) =    5862.000  TEMP(K) =   300.73  PRESS =    72.7
 Etot   =    -38049.8980  EKtot   =      9802.1865  EPtot      =    -47852.0845
 BOND   =       420.6929  ANGLE   =      1076.4078  DIHED      =      1627.5525
 1-4 NB =       481.4221  1-4 EEL =      5674.6291  VDWAALS    =      5318.9957
 EELEC  =    -62457.6506  EHBOND  =         0.0000  RESTRAINT  =         5.8661
 EAMBER (non-restraint)  =    -47857.9506
 EKCMT  =      4153.0484  VIRIAL  =      3906.7577  VOLUME     =    156994.0509
                                                    Density    =         1.0327
 ------------------------------------------------------------------------------

wrapping first mol.:       19.62427       27.75291       48.06945
wrapping first mol.:       19.62427       27.75291       48.06945

 NSTEP =    31500   TIME(PS) =    5863.000  TEMP(K) =   299.08  PRESS =  -126.4
 Etot   =    -38278.5338  EKtot   =      9748.4844  EPtot      =    -48027.0182
 BOND   =       390.4647  ANGLE   =      1113.6901  DIHED      =      1646.9526
 1-4 NB =       483.8426  1-4 EEL =      5690.5986  VDWAALS    =      5487.0283
 EELEC  =    -62845.6169  EHBOND  =         0.0000  RESTRAINT  =         6.0219
 EAMBER (non-restraint)  =    -48033.0400
 EKCMT  =      4156.3477  VIRIAL  =      4585.2118  VOLUME     =    157082.2914
                                                    Density    =         1.0321
 ------------------------------------------------------------------------------

wrapping first mol.:       19.61392       27.73827       48.04409
wrapping first mol.:       19.61392       27.73827       48.04409

 NSTEP =    32000   TIME(PS) =    5864.000  TEMP(K) =   301.10  PRESS =   216.8
 Etot   =    -38201.3843  EKtot   =      9814.4805  EPtot      =    -48015.8648
 BOND   =       382.5588  ANGLE   =      1095.5179  DIHED      =      1620.9274
 1-4 NB =       486.7184  1-4 EEL =      5701.4199  VDWAALS    =      5334.0134
 EELEC  =    -62643.3047  EHBOND  =         0.0000  RESTRAINT  =         6.2842
 EAMBER (non-restraint)  =    -48022.1489
 EKCMT  =      4144.1312  VIRIAL  =      3410.0420  VOLUME     =    156829.0826
                                                    Density    =         1.0338
 ------------------------------------------------------------------------------

wrapping first mol.:       19.61767       27.74358       48.05329
wrapping first mol.:       19.61767       27.74358       48.05329

 NSTEP =    32500   TIME(PS) =    5865.000  TEMP(K) =   300.38  PRESS =   -54.5
 Etot   =    -38134.4099  EKtot   =      9790.7061  EPtot      =    -47925.1160
 BOND   =       395.5774  ANGLE   =      1108.2731  DIHED      =      1660.3937
 1-4 NB =       465.9082  1-4 EEL =      5665.2058  VDWAALS    =      5342.5313
 EELEC  =    -62568.6076  EHBOND  =         0.0000  RESTRAINT  =         5.6020
 EAMBER (non-restraint)  =    -47930.7180
 EKCMT  =      4068.5297  VIRIAL  =      4253.0827  VOLUME     =    156922.9317
                                                    Density    =         1.0332
 ------------------------------------------------------------------------------

wrapping first mol.:       19.60460       27.72509       48.02125
wrapping first mol.:       19.60460       27.72509       48.02125

 NSTEP =    33000   TIME(PS) =    5866.000  TEMP(K) =   298.49  PRESS =  -212.0
 Etot   =    -38015.3803  EKtot   =      9729.2676  EPtot      =    -47744.6479
 BOND   =       432.7502  ANGLE   =      1077.4056  DIHED      =      1665.7923
 1-4 NB =       465.5628  1-4 EEL =      5661.3483  VDWAALS    =      5141.4218
 EELEC  =    -62194.0424  EHBOND  =         0.0000  RESTRAINT  =         5.1136
 EAMBER (non-restraint)  =    -47749.7615
 EKCMT  =      4043.1070  VIRIAL  =      4759.8112  VOLUME     =    156611.5264
                                                    Density    =         1.0352
 ------------------------------------------------------------------------------

wrapping first mol.:       19.61296       27.73691       48.04173
wrapping first mol.:       19.61296       27.73691       48.04173

 NSTEP =    33500   TIME(PS) =    5867.000  TEMP(K) =   299.23  PRESS =   118.2
 Etot   =    -38393.3208  EKtot   =      9753.2773  EPtot      =    -48146.5982
 BOND   =       424.4812  ANGLE   =      1016.6986  DIHED      =      1643.8301
 1-4 NB =       457.2267  1-4 EEL =      5666.2015  VDWAALS    =      5468.9656
 EELEC  =    -62829.7280  EHBOND  =         0.0000  RESTRAINT  =         5.7263
 EAMBER (non-restraint)  =    -48152.3245
 EKCMT  =      4096.3994  VIRIAL  =      3696.1035  VOLUME     =    156807.3391
                                                    Density    =         1.0339
 ------------------------------------------------------------------------------

wrapping first mol.:       19.61892       27.74534       48.05633
wrapping first mol.:       19.61892       27.74534       48.05633

 NSTEP =    34000   TIME(PS) =    5868.000  TEMP(K) =   303.84  PRESS =  -123.4
 Etot   =    -38048.6647  EKtot   =      9903.6982  EPtot      =    -47952.3630
 BOND   =       408.4211  ANGLE   =      1044.7658  DIHED      =      1622.3289
 1-4 NB =       468.9880  1-4 EEL =      5703.5763  VDWAALS    =      5294.5002
 EELEC  =    -62501.0727  EHBOND  =         0.0000  RESTRAINT  =         6.1296
 EAMBER (non-restraint)  =    -47958.4925
 EKCMT  =      4099.2731  VIRIAL  =      4517.3388  VOLUME     =    156953.7063
                                                    Density    =         1.0329
 ------------------------------------------------------------------------------

wrapping first mol.:       19.62423       27.75285       48.06934
wrapping first mol.:       19.62423       27.75285       48.06934

 NSTEP =    34500   TIME(PS) =    5869.000  TEMP(K) =   301.54  PRESS =   160.5
 Etot   =    -38081.7410  EKtot   =      9828.5117  EPtot      =    -47910.2527
 BOND   =       371.8209  ANGLE   =      1095.5840  DIHED      =      1632.3195
 1-4 NB =       475.3574  1-4 EEL =      5680.1513  VDWAALS    =      5324.9020
 EELEC  =    -62496.7053  EHBOND  =         0.0000  RESTRAINT  =         6.3175
 EAMBER (non-restraint)  =    -47916.5702
 EKCMT  =      4107.4790  VIRIAL  =      3563.0812  VOLUME     =    157077.1935
                                                    Density    =         1.0321
 ------------------------------------------------------------------------------

wrapping first mol.:       19.63130       27.76286       48.08667
wrapping first mol.:       19.63130       27.76286       48.08667

 NSTEP =    35000   TIME(PS) =    5870.000  TEMP(K) =   301.07  PRESS =   -20.1
 Etot   =    -38020.1264  EKtot   =      9813.4023  EPtot      =    -47833.5287
 BOND   =       414.9569  ANGLE   =      1102.8834  DIHED      =      1651.8033
 1-4 NB =       459.6967  1-4 EEL =      5654.1933  VDWAALS    =      5266.6770
 EELEC  =    -62390.5598  EHBOND  =         0.0000  RESTRAINT  =         6.8204
 EAMBER (non-restraint)  =    -47840.3491
 EKCMT  =      4148.1757  VIRIAL  =      4216.3776  VOLUME     =    157249.7633
                                                    Density    =         1.0310
 ------------------------------------------------------------------------------

wrapping first mol.:       19.64823       27.78679       48.12813
wrapping first mol.:       19.64823       27.78679       48.12813

 NSTEP =    35500   TIME(PS) =    5871.000  TEMP(K) =   303.68  PRESS =   294.3
 Etot   =    -37958.6367  EKtot   =      9898.3770  EPtot      =    -47857.0136
 BOND   =       419.8817  ANGLE   =      1069.0691  DIHED      =      1631.3496
 1-4 NB =       474.2323  1-4 EEL =      5756.1757  VDWAALS    =      5388.4736
 EELEC  =    -62602.2145  EHBOND  =         0.0000  RESTRAINT  =         6.0188
 EAMBER (non-restraint)  =    -47863.0324
 EKCMT  =      4171.0656  VIRIAL  =      3169.2665  VOLUME     =    157652.4215
                                                    Density    =         1.0284
 ------------------------------------------------------------------------------

wrapping first mol.:       19.63982       27.77490       48.10754
wrapping first mol.:       19.63982       27.77490       48.10754

 NSTEP =    36000   TIME(PS) =    5872.000  TEMP(K) =   299.34  PRESS =   -16.6
 Etot   =    -38149.0225  EKtot   =      9756.9785  EPtot      =    -47906.0011
 BOND   =       409.8367  ANGLE   =      1063.4282  DIHED      =      1662.4919
 1-4 NB =       480.9995  1-4 EEL =      5667.9717  VDWAALS    =      5246.3155
 EELEC  =    -62443.1823  EHBOND  =         0.0000  RESTRAINT  =         6.1376
 EAMBER (non-restraint)  =    -47912.1387
 EKCMT  =      4077.8060  VIRIAL  =      4134.2152  VOLUME     =    157454.5305
                                                    Density    =         1.0297
 ------------------------------------------------------------------------------

wrapping first mol.:       19.64507       27.78232       48.12039
wrapping first mol.:       19.64507       27.78232       48.12039

 NSTEP =    36500   TIME(PS) =    5873.000  TEMP(K) =   301.58  PRESS =  -277.7
 Etot   =    -38100.3250  EKtot   =      9830.0518  EPtot      =    -47930.3767
 BOND   =       407.8515  ANGLE   =      1112.0227  DIHED      =      1654.1962
 1-4 NB =       476.2347  1-4 EEL =      5670.9919  VDWAALS    =      5339.8369
 EELEC  =    -62598.3026  EHBOND  =         0.0000  RESTRAINT  =         6.7920
 EAMBER (non-restraint)  =    -47937.1687
 EKCMT  =      4155.4156  VIRIAL  =      5100.1498  VOLUME     =    157584.3882
                                                    Density    =         1.0288
 ------------------------------------------------------------------------------

wrapping first mol.:       19.62670       27.75634       48.07540
wrapping first mol.:       19.62670       27.75634       48.07540

 NSTEP =    37000   TIME(PS) =    5874.000  TEMP(K) =   301.71  PRESS =  -225.8
 Etot   =    -37999.6496  EKtot   =      9834.2627  EPtot      =    -47833.9123
 BOND   =       413.8151  ANGLE   =      1102.1521  DIHED      =      1652.7846
 1-4 NB =       479.2751  1-4 EEL =      5702.3492  VDWAALS    =      5242.2491
 EELEC  =    -62433.1563  EHBOND  =         0.0000  RESTRAINT  =         6.6186
 EAMBER (non-restraint)  =    -47840.5309
 EKCMT  =      4126.1154  VIRIAL  =      4892.1493  VOLUME     =    157142.0222
                                                    Density    =         1.0317
 ------------------------------------------------------------------------------

wrapping first mol.:       19.64215       27.77820       48.11325
wrapping first mol.:       19.64215       27.77820       48.11325

 NSTEP =    37500   TIME(PS) =    5875.000  TEMP(K) =   299.52  PRESS =   -22.8
 Etot   =    -38221.3764  EKtot   =      9762.9131  EPtot      =    -47984.2895
 BOND   =       376.9846  ANGLE   =      1085.7593  DIHED      =      1628.3325
 1-4 NB =       473.5101  1-4 EEL =      5753.7502  VDWAALS    =      5320.0545
 EELEC  =    -62629.0038  EHBOND  =         0.0000  RESTRAINT  =         6.3232
 EAMBER (non-restraint)  =    -47990.6127
 EKCMT  =      4116.7841  VIRIAL  =      4194.4490  VOLUME     =    157510.6715
                                                    Density    =         1.0293
 ------------------------------------------------------------------------------

wrapping first mol.:       19.62775       27.75783       48.07796
wrapping first mol.:       19.62775       27.75783       48.07796

 NSTEP =    38000   TIME(PS) =    5876.000  TEMP(K) =   303.28  PRESS =  -292.6
 Etot   =    -38096.5950  EKtot   =      9885.3477  EPtot      =    -47981.9426
 BOND   =       417.1795  ANGLE   =      1038.4665  DIHED      =      1643.0459
 1-4 NB =       473.9468  1-4 EEL =      5721.2225  VDWAALS    =      5289.6368
 EELEC  =    -62571.6842  EHBOND  =         0.0000  RESTRAINT  =         6.2436
 EAMBER (non-restraint)  =    -47988.1863
 EKCMT  =      4211.3751  VIRIAL  =      5204.1866  VOLUME     =    157168.1289
                                                    Density    =         1.0315
 ------------------------------------------------------------------------------

wrapping first mol.:       19.64037       27.77568       48.10888
wrapping first mol.:       19.64037       27.77568       48.10888

 NSTEP =    38500   TIME(PS) =    5877.000  TEMP(K) =   297.47  PRESS =   -62.8
 Etot   =    -38303.2310  EKtot   =      9696.0176  EPtot      =    -47999.2485
 BOND   =       397.7250  ANGLE   =      1094.2745  DIHED      =      1642.4060
 1-4 NB =       467.6746  1-4 EEL =      5705.0321  VDWAALS    =      5361.6644
 EELEC  =    -62675.1092  EHBOND  =         0.0000  RESTRAINT  =         7.0840
 EAMBER (non-restraint)  =    -48006.3325
 EKCMT  =      4071.6525  VIRIAL  =      4285.1092  VOLUME     =    157468.2844
                                                    Density    =         1.0296
 ------------------------------------------------------------------------------

wrapping first mol.:       19.64403       27.78086       48.11785
wrapping first mol.:       19.64403       27.78086       48.11785

 NSTEP =    39000   TIME(PS) =    5878.000  TEMP(K) =   298.24  PRESS =   120.2
 Etot   =    -38337.4206  EKtot   =      9721.1338  EPtot      =    -48058.5544
 BOND   =       387.1374  ANGLE   =      1034.1868  DIHED      =      1656.8351
 1-4 NB =       469.8600  1-4 EEL =      5680.6674  VDWAALS    =      5269.0232
 EELEC  =    -62562.9624  EHBOND  =         0.0000  RESTRAINT  =         6.6981
 EAMBER (non-restraint)  =    -48065.2525
 EKCMT  =      4119.2232  VIRIAL  =      3710.2875  VOLUME     =    157553.8672
                                                    Density    =         1.0290
 ------------------------------------------------------------------------------

wrapping first mol.:       19.64242       27.77857       48.11390
wrapping first mol.:       19.64242       27.77857       48.11390

 NSTEP =    39500   TIME(PS) =    5879.000  TEMP(K) =   298.77  PRESS =    38.9
 Etot   =    -38183.0091  EKtot   =      9738.4092  EPtot      =    -47921.4183
 BOND   =       390.2010  ANGLE   =      1090.5343  DIHED      =      1659.7571
 1-4 NB =       483.2440  1-4 EEL =      5716.0432  VDWAALS    =      5347.4206
 EELEC  =    -62615.2213  EHBOND  =         0.0000  RESTRAINT  =         6.6028
 EAMBER (non-restraint)  =    -47928.0211
 EKCMT  =      4077.8595  VIRIAL  =      3945.4028  VOLUME     =    157516.1626
                                                    Density    =         1.0293
 ------------------------------------------------------------------------------

wrapping first mol.:       19.63983       27.77491       48.10755
wrapping first mol.:       19.63983       27.77491       48.10755

 NSTEP =    40000   TIME(PS) =    5880.000  TEMP(K) =   298.60  PRESS =   205.9
 Etot   =    -38232.6481  EKtot   =      9732.8135  EPtot      =    -47965.4616
 BOND   =       404.3621  ANGLE   =      1110.2447  DIHED      =      1669.5707
 1-4 NB =       476.9281  1-4 EEL =      5724.6821  VDWAALS    =      5411.3416
 EELEC  =    -62769.6946  EHBOND  =         0.0000  RESTRAINT  =         7.1037
 EAMBER (non-restraint)  =    -47972.5653
 EKCMT  =      4105.1510  VIRIAL  =      3405.0125  VOLUME     =    157451.4869
                                                    Density    =         1.0297
 ------------------------------------------------------------------------------

wrapping first mol.:       19.63111       27.76258       48.08620
wrapping first mol.:       19.63111       27.76258       48.08620

 NSTEP =    40500   TIME(PS) =    5881.000  TEMP(K) =   299.53  PRESS =   158.2
 Etot   =    -38072.6864  EKtot   =      9763.1289  EPtot      =    -47835.8153
 BOND   =       437.0467  ANGLE   =      1058.6958  DIHED      =      1645.7256
 1-4 NB =       467.9520  1-4 EEL =      5667.4768  VDWAALS    =      5263.9058
 EELEC  =    -62383.5970  EHBOND  =         0.0000  RESTRAINT  =         6.9791
 EAMBER (non-restraint)  =    -47842.7944
 EKCMT  =      4048.1730  VIRIAL  =      3510.9712  VOLUME     =    157242.5683
                                                    Density    =         1.0311
 ------------------------------------------------------------------------------

wrapping first mol.:       19.63684       27.77069       48.10024
wrapping first mol.:       19.63684       27.77069       48.10024

 NSTEP =    41000   TIME(PS) =    5882.000  TEMP(K) =   298.59  PRESS =   121.3
 Etot   =    -38099.1028  EKtot   =      9732.5430  EPtot      =    -47831.6458
 BOND   =       445.8983  ANGLE   =      1081.4497  DIHED      =      1662.4685
 1-4 NB =       477.3939  1-4 EEL =      5673.5498  VDWAALS    =      5340.0079
 EELEC  =    -62519.2179  EHBOND  =         0.0000  RESTRAINT  =         6.8039
 EAMBER (non-restraint)  =    -47838.4497
 EKCMT  =      4033.4603  VIRIAL  =      3621.1596  VOLUME     =    157380.9282
                                                    Density    =         1.0301
 ------------------------------------------------------------------------------

wrapping first mol.:       19.66308       27.80779       48.16451
wrapping first mol.:       19.66308       27.80779       48.16451

 NSTEP =    41500   TIME(PS) =    5883.000  TEMP(K) =   298.97  PRESS =   -87.3
 Etot   =    -38160.6335  EKtot   =      9745.0361  EPtot      =    -47905.6696
 BOND   =       401.7283  ANGLE   =      1045.6546  DIHED      =      1649.3821
 1-4 NB =       475.8033  1-4 EEL =      5730.2870  VDWAALS    =      5289.1239
 EELEC  =    -62504.5109  EHBOND  =         0.0000  RESTRAINT  =         6.8621
 EAMBER (non-restraint)  =    -47912.5317
 EKCMT  =      4099.1131  VIRIAL  =      4396.9928  VOLUME     =    158015.5120
                                                    Density    =         1.0260
 ------------------------------------------------------------------------------

wrapping first mol.:       19.66179       27.80596       48.16134
wrapping first mol.:       19.66179       27.80596       48.16134

 NSTEP =    42000   TIME(PS) =    5884.000  TEMP(K) =   303.51  PRESS =  -148.0
 Etot   =    -38113.3249  EKtot   =      9892.8516  EPtot      =    -48006.1765
 BOND   =       385.7614  ANGLE   =      1063.8932  DIHED      =      1634.0603
 1-4 NB =       474.0879  1-4 EEL =      5732.7942  VDWAALS    =      5320.7633
 EELEC  =    -62624.8971  EHBOND  =         0.0000  RESTRAINT  =         7.3603
 EAMBER (non-restraint)  =    -48013.5368
 EKCMT  =      4158.0545  VIRIAL  =      4662.8761  VOLUME     =    157985.1797
                                                    Density    =         1.0262
 ------------------------------------------------------------------------------

wrapping first mol.:       19.65305       27.79361       48.13993
wrapping first mol.:       19.65305       27.79361       48.13993

 NSTEP =    42500   TIME(PS) =    5885.000  TEMP(K) =   295.61  PRESS =   -57.0
 Etot   =    -38217.9781  EKtot   =      9635.4727  EPtot      =    -47853.4508
 BOND   =       409.3132  ANGLE   =      1080.9673  DIHED      =      1638.4944
 1-4 NB =       481.8955  1-4 EEL =      5718.5745  VDWAALS    =      5315.0662
 EELEC  =    -62505.0289  EHBOND  =         0.0000  RESTRAINT  =         7.2670
 EAMBER (non-restraint)  =    -47860.7178
 EKCMT  =      4127.6683  VIRIAL  =      4321.7521  VOLUME     =    157773.3631
                                                    Density    =         1.0276
 ------------------------------------------------------------------------------

wrapping first mol.:       19.65659       27.79861       48.14861
wrapping first mol.:       19.65659       27.79861       48.14861

 NSTEP =    43000   TIME(PS) =    5886.000  TEMP(K) =   298.99  PRESS =     7.8
 Etot   =    -38064.2336  EKtot   =      9745.5977  EPtot      =    -47809.8312
 BOND   =       427.7021  ANGLE   =      1078.4999  DIHED      =      1643.1229
 1-4 NB =       471.4863  1-4 EEL =      5712.5642  VDWAALS    =      5205.6409
 EELEC  =    -62356.1425  EHBOND  =         0.0000  RESTRAINT  =         7.2950
 EAMBER (non-restraint)  =    -47817.1262
 EKCMT  =      4126.0284  VIRIAL  =      4099.3246  VOLUME     =    157857.7194
                                                    Density    =         1.0270
 ------------------------------------------------------------------------------

wrapping first mol.:       19.65682       27.79894       48.14917
wrapping first mol.:       19.65682       27.79894       48.14917

 NSTEP =    43500   TIME(PS) =    5887.000  TEMP(K) =   302.81  PRESS =    -5.5
 Etot   =    -38097.1175  EKtot   =      9870.0068  EPtot      =    -47967.1244
 BOND   =       435.4405  ANGLE   =      1084.0566  DIHED      =      1640.0587
 1-4 NB =       473.2213  1-4 EEL =      5679.5234  VDWAALS    =      5401.0772
 EELEC  =    -62687.1283  EHBOND  =         0.0000  RESTRAINT  =         6.6263
 EAMBER (non-restraint)  =    -47973.7506
 EKCMT  =      4092.6993  VIRIAL  =      4111.5714  VOLUME     =    157863.4637
                                                    Density    =         1.0270
 ------------------------------------------------------------------------------

wrapping first mol.:       19.64334       27.77988       48.11616
wrapping first mol.:       19.64334       27.77988       48.11616

 NSTEP =    44000   TIME(PS) =    5888.000  TEMP(K) =   297.13  PRESS =    35.3
 Etot   =    -38379.5920  EKtot   =      9684.8652  EPtot      =    -48064.4572
 BOND   =       409.3666  ANGLE   =      1051.0123  DIHED      =      1629.9076
 1-4 NB =       463.8327  1-4 EEL =      5718.7660  VDWAALS    =      5414.0279
 EELEC  =    -62757.7999  EHBOND  =         0.0000  RESTRAINT  =         6.4295
 EAMBER (non-restraint)  =    -48070.8867
 EKCMT  =      4085.3880  VIRIAL  =      3965.4547  VOLUME     =    157538.4349
                                                    Density    =         1.0291
 ------------------------------------------------------------------------------

wrapping first mol.:       19.64415       27.78102       48.11814
wrapping first mol.:       19.64415       27.78102       48.11814

 NSTEP =    44500   TIME(PS) =    5889.000  TEMP(K) =   299.85  PRESS =   109.7
 Etot   =    -37981.4738  EKtot   =      9773.5127  EPtot      =    -47754.9865
 BOND   =       424.4787  ANGLE   =      1046.0687  DIHED      =      1636.5075
 1-4 NB =       481.4771  1-4 EEL =      5707.3549  VDWAALS    =      5233.0058
 EELEC  =    -62291.4139  EHBOND  =         0.0000  RESTRAINT  =         7.5347
 EAMBER (non-restraint)  =    -47762.5212
 EKCMT  =      4106.8339  VIRIAL  =      3733.6912  VOLUME     =    157556.7887
                                                    Density    =         1.0290
 ------------------------------------------------------------------------------

wrapping first mol.:       19.64162       27.77745       48.11195
wrapping first mol.:       19.64162       27.77745       48.11195

 NSTEP =    45000   TIME(PS) =    5890.000  TEMP(K) =   302.80  PRESS =  -324.4
 Etot   =    -38016.3720  EKtot   =      9869.7402  EPtot      =    -47886.1122
 BOND   =       417.3122  ANGLE   =      1073.0446  DIHED      =      1609.1750
 1-4 NB =       483.7570  1-4 EEL =      5673.9341  VDWAALS    =      5211.5159
 EELEC  =    -62361.1644  EHBOND  =         0.0000  RESTRAINT  =         6.3134
 EAMBER (non-restraint)  =    -47892.4256
 EKCMT  =      4167.4901  VIRIAL  =      5270.5425  VOLUME     =    157502.1469
                                                    Density    =         1.0294
 ------------------------------------------------------------------------------

wrapping first mol.:       19.62449       27.75322       48.06998
wrapping first mol.:       19.62449       27.75322       48.06998

 NSTEP =    45500   TIME(PS) =    5891.000  TEMP(K) =   300.87  PRESS =    12.2
 Etot   =    -38126.9584  EKtot   =      9806.8037  EPtot      =    -47933.7621
 BOND   =       359.6105  ANGLE   =      1129.7599  DIHED      =      1653.2697
 1-4 NB =       471.6931  1-4 EEL =      5695.2192  VDWAALS    =      5270.3533
 EELEC  =    -62521.1256  EHBOND  =         0.0000  RESTRAINT  =         7.4577
 EAMBER (non-restraint)  =    -47941.2198
 EKCMT  =      4150.8494  VIRIAL  =      4109.3336  VOLUME     =    157085.6336
                                                    Density    =         1.0321
 ------------------------------------------------------------------------------

wrapping first mol.:       19.63206       27.76392       48.08851
wrapping first mol.:       19.63206       27.76392       48.08851

 NSTEP =    46000   TIME(PS) =    5892.000  TEMP(K) =   303.31  PRESS =  -264.8
 Etot   =    -38255.4631  EKtot   =      9886.3584  EPtot      =    -48141.8215
 BOND   =       414.6244  ANGLE   =      1078.4834  DIHED      =      1647.8860
 1-4 NB =       475.0847  1-4 EEL =      5688.1384  VDWAALS    =      5168.1047
 EELEC  =    -62621.7764  EHBOND  =         0.0000  RESTRAINT  =         7.6333
 EAMBER (non-restraint)  =    -48149.4548
 EKCMT  =      4166.6077  VIRIAL  =      5065.7255  VOLUME     =    157271.2290
                                                    Density    =         1.0309
 ------------------------------------------------------------------------------

wrapping first mol.:       19.62767       27.75771       48.07776
wrapping first mol.:       19.62767       27.75771       48.07776

 NSTEP =    46500   TIME(PS) =    5893.000  TEMP(K) =   300.38  PRESS =    92.0
 Etot   =    -38139.0201  EKtot   =      9790.8623  EPtot      =    -47929.8824
 BOND   =       403.6255  ANGLE   =      1057.9059  DIHED      =      1632.0511
 1-4 NB =       477.9548  1-4 EEL =      5688.2222  VDWAALS    =      5337.6660
 EELEC  =    -62534.9581  EHBOND  =         0.0000  RESTRAINT  =         7.6503
 EAMBER (non-restraint)  =    -47937.5327
 EKCMT  =      4159.3772  VIRIAL  =      3847.2777  VOLUME     =    157160.7685
                                                    Density    =         1.0316
 ------------------------------------------------------------------------------

wrapping first mol.:       19.64872       27.78749       48.12934
wrapping first mol.:       19.64872       27.78749       48.12934

 NSTEP =    47000   TIME(PS) =    5894.000  TEMP(K) =   302.88  PRESS =   371.0
 Etot   =    -37816.7424  EKtot   =      9872.3516  EPtot      =    -47689.0940
 BOND   =       402.1463  ANGLE   =      1041.8942  DIHED      =      1624.7169
 1-4 NB =       469.2412  1-4 EEL =      5688.5404  VDWAALS    =      5312.3443
 EELEC  =    -62235.9134  EHBOND  =         0.0000  RESTRAINT  =         7.9360
 EAMBER (non-restraint)  =    -47697.0300
 EKCMT  =      4133.8417  VIRIAL  =      2870.9603  VOLUME     =    157663.2063
                                                    Density    =         1.0283
 ------------------------------------------------------------------------------

wrapping first mol.:       19.64003       27.77520       48.10806
wrapping first mol.:       19.64003       27.77520       48.10806

 NSTEP =    47500   TIME(PS) =    5895.000  TEMP(K) =   303.97  PRESS =  -185.7
 Etot   =    -38138.7120  EKtot   =      9907.8008  EPtot      =    -48046.5127
 BOND   =       439.9578  ANGLE   =      1069.2698  DIHED      =      1628.5895
 1-4 NB =       472.3352  1-4 EEL =      5687.0872  VDWAALS    =      5146.6164
 EELEC  =    -62497.9373  EHBOND  =         0.0000  RESTRAINT  =         7.5686
 EAMBER (non-restraint)  =    -48054.0813
 EKCMT  =      4151.4980  VIRIAL  =      4782.8578  VOLUME     =    157461.9672
                                                    Density    =         1.0296
 ------------------------------------------------------------------------------

wrapping first mol.:       19.64166       27.77750       48.11204
wrapping first mol.:       19.64166       27.77750       48.11204

 NSTEP =    48000   TIME(PS) =    5896.000  TEMP(K) =   300.47  PRESS =    67.7
 Etot   =    -38240.6275  EKtot   =      9793.9238  EPtot      =    -48034.5513
 BOND   =       399.6208  ANGLE   =      1046.9135  DIHED      =      1629.1248
 1-4 NB =       475.6815  1-4 EEL =      5726.8642  VDWAALS    =      5381.1384
 EELEC  =    -62700.7257  EHBOND  =         0.0000  RESTRAINT  =         6.8312
 EAMBER (non-restraint)  =    -48041.3825
 EKCMT  =      4138.5596  VIRIAL  =      3908.4150  VOLUME     =    157497.5205
                                                    Density    =         1.0294
 ------------------------------------------------------------------------------

wrapping first mol.:       19.61807       27.74414       48.05425
wrapping first mol.:       19.61807       27.74414       48.05425

 NSTEP =    48500   TIME(PS) =    5897.000  TEMP(K) =   301.40  PRESS =   -41.5
 Etot   =    -38168.8604  EKtot   =      9824.2480  EPtot      =    -47993.1085
 BOND   =       390.9383  ANGLE   =      1116.8697  DIHED      =      1646.2564
 1-4 NB =       473.3200  1-4 EEL =      5709.4389  VDWAALS    =      5292.0155
 EELEC  =    -62629.4061  EHBOND  =         0.0000  RESTRAINT  =         7.4589
 EAMBER (non-restraint)  =    -48000.5673
 EKCMT  =      4114.6603  VIRIAL  =      4255.1969  VOLUME     =    156932.1599
                                                    Density    =         1.0331
 ------------------------------------------------------------------------------

wrapping first mol.:       19.63429       27.76708       48.09399
wrapping first mol.:       19.63429       27.76708       48.09399

 NSTEP =    49000   TIME(PS) =    5898.000  TEMP(K) =   301.00  PRESS =   151.1
 Etot   =    -38203.9123  EKtot   =      9811.1318  EPtot      =    -48015.0442
 BOND   =       420.9256  ANGLE   =      1065.4388  DIHED      =      1622.9328
 1-4 NB =       473.3084  1-4 EEL =      5678.5598  VDWAALS    =      5485.2211
 EELEC  =    -62769.0322  EHBOND  =         0.0000  RESTRAINT  =         7.6015
 EAMBER (non-restraint)  =    -48022.6456
 EKCMT  =      4160.8930  VIRIAL  =      3647.7395  VOLUME     =    157319.1559
                                                    Density    =         1.0306
 ------------------------------------------------------------------------------

wrapping first mol.:       19.64224       27.77832       48.11346
wrapping first mol.:       19.64224       27.77832       48.11346

 NSTEP =    49500   TIME(PS) =    5899.000  TEMP(K) =   304.60  PRESS =     4.6
 Etot   =    -38003.8638  EKtot   =      9928.3916  EPtot      =    -47932.2554
 BOND   =       433.8139  ANGLE   =      1054.7973  DIHED      =      1646.6169
 1-4 NB =       471.2220  1-4 EEL =      5685.8575  VDWAALS    =      5352.7834
 EELEC  =    -62585.0418  EHBOND  =         0.0000  RESTRAINT  =         7.6952
 EAMBER (non-restraint)  =    -47939.9506
 EKCMT  =      4196.7979  VIRIAL  =      4181.0593  VOLUME     =    157512.3463
                                                    Density    =         1.0293
 ------------------------------------------------------------------------------

wrapping first mol.:       19.64887       27.78769       48.12969
wrapping first mol.:       19.64887       27.78769       48.12969

 NSTEP =    50000   TIME(PS) =    5900.000  TEMP(K) =   303.51  PRESS =  -397.4
 Etot   =    -38077.6492  EKtot   =      9892.9492  EPtot      =    -47970.5984
 BOND   =       438.4249  ANGLE   =      1051.6849  DIHED      =      1641.9875
 1-4 NB =       466.8978  1-4 EEL =      5698.3298  VDWAALS    =      5214.9430
 EELEC  =    -62490.3724  EHBOND  =         0.0000  RESTRAINT  =         7.5062
 EAMBER (non-restraint)  =    -47978.1046
 EKCMT  =      4169.7997  VIRIAL  =      5522.6645  VOLUME     =    157677.4819
                                                    Density    =         1.0282
 ------------------------------------------------------------------------------


      A V E R A G E S   O V E R     100 S T E P S


 NSTEP =    50000   TIME(PS) =    5900.000  TEMP(K) =   300.08  PRESS =   -31.7
 Etot   =    -38167.1918  EKtot   =      9780.9798  EPtot      =    -47948.1716
 BOND   =       410.2816  ANGLE   =      1075.3371  DIHED      =      1639.7473
 1-4 NB =       475.2577  1-4 EEL =      5687.1260  VDWAALS    =      5313.6857
 EELEC  =    -62555.6218  EHBOND  =         0.0000  RESTRAINT  =         6.0148
 EAMBER (non-restraint)  =    -47954.1864
 EKCMT  =      4115.1933  VIRIAL  =      4222.7146  VOLUME     =    157286.1649
                                                    Density    =         1.0308
 ------------------------------------------------------------------------------


      R M S  F L U C T U A T I O N S


 NSTEP =    50000   TIME(PS) =    5900.000  TEMP(K) =     2.32  PRESS =   197.5
 Etot   =       126.9989  EKtot   =        75.5663  EPtot      =       100.7315
 BOND   =        18.7232  ANGLE   =        29.2813  DIHED      =        13.7791
 1-4 NB =         9.7714  1-4 EEL =        23.5481  VDWAALS    =        89.6920
 EELEC  =       148.2854  EHBOND  =         0.0000  RESTRAINT  =         1.3743
 EAMBER (non-restraint)  =        99.3572
 EKCMT  =        42.8162  VIRIAL  =       680.2035  VOLUME     =       285.7664
                                                    Density    =         0.0019
 ------------------------------------------------------------------------------

--------------------------------------------------------------------------------
   5.  TIMINGS
--------------------------------------------------------------------------------

|  NonSetup CPU Time in Major Routines:
|
|     Routine           Sec        %
|     ------------------------------
|     Nonbond          99.00   89.85
|     Bond              0.00    0.00
|     Angle             0.00    0.00
|     Dihedral          0.00    0.00
|     Shake             0.34    0.30
|     RunMD            10.78    9.78
|     Other             0.07    0.07
|     ------------------------------
|     Total           110.18

|  PME Nonbond Pairlist CPU Time:
|
|     Routine              Sec        %
|     ---------------------------------
|     Set Up Cit           0.00    0.00
|     Build List           0.00    0.00
|     ---------------------------------
|     Total                0.00    0.00

|  PME Direct Force CPU Time:
|
|     Routine              Sec        %
|     ---------------------------------
|     NonBonded Calc       0.00    0.00
|     Exclude Masked       0.00    0.00
|     Other                0.04    0.04
|     ---------------------------------
|     Total                0.04    0.04

|  PME Reciprocal Force CPU Time:
|
|     Routine              Sec        %
|     ---------------------------------
|     1D bspline           0.00    0.00
|     Grid Charges         0.00    0.00
|     Scalar Sum           0.00    0.00
|     Gradient Sum         0.00    0.00
|     FFT                  0.00    0.00
|     ---------------------------------
|     Total                0.00    0.00

|  Final Performance Info:
|     -----------------------------------------------------
|     Average timings for last   22000 steps:
|     Elapsed(s) =      48.47 Per Step(ms) =       2.20
|         ns/day =      78.43   seconds/ns =    1101.67
|
|     Average timings for all steps:
|     Elapsed(s) =     110.20 Per Step(ms) =       2.20
|         ns/day =      78.40   seconds/ns =    1101.98
|     -----------------------------------------------------

|  Setup CPU time:            0.42 seconds
|  NonSetup CPU time:       110.18 seconds
|  Total CPU time:          110.60 seconds     0.03 hours

|  Setup wall time:           0    seconds
|  NonSetup wall time:      110    seconds
|  Total wall time:         110    seconds     0.03 hours
