Writing output...
Done
Frame 1	1196.49
Frame 2	1369.95
Frame 3	1364.89
Frame 4	1226.8
Frame 5	1236.13
Frame 6	1197.88
Frame 7	1423.91
Frame 8	1315.41
Frame 9	1364.48
Frame 10	1352.51
Frame 11	1348.81
Frame 12	1414.39
Frame 13	1090.75
Frame 14	1154.87
Frame 15	998.013
Frame 16	1185.4
Frame 17	1239.8
Frame 18	1030.92
Frame 19	1279.93
Frame 20	1250.41
Frame 21	1529.2
Frame 22	1404.34
Frame 23	1345.68
Frame 24	1211.15
Frame 25	1264.36
Frame 26	1284.26
Frame 27	1125.85
Frame 28	1076.6
Frame 29	1316.32
Frame 30	1416.24
Frame 31	1122
Frame 32	1276.8
Frame 33	1556.08
Frame 34	1327.7
Frame 35	1451.76
Frame 36	1754.16
Frame 37	1155.56
Frame 38	1225.24
Frame 39	1079.07
Frame 40	1340
Frame 41	1478.93
Frame 42	1552.47
Frame 43	1360.36
Frame 44	1261.97
Frame 45	1507.11
Frame 46	1103.23
Frame 47	1442.7
Frame 48	1259.76
Frame 49	992.365
Frame 50	1282.72
Frame 51	1376.78
Frame 52	1291.29
Frame 53	1333.88
Frame 54	1284.98
Frame 55	1399.45
Frame 56	1343.1
Frame 57	1477.09
Frame 58	1297.14
Frame 59	1402.69
Frame 60	1277.62
Frame 61	1587.92
Frame 62	1449.72
Frame 63	1080.05
Frame 64	1136.94
Frame 65	1314.31
Frame 66	1048.54
Frame 67	1355.88
Frame 68	1491.41
Frame 69	1443.08
Frame 70	1526.35
Frame 71	1182.42
Frame 72	1318.09
Frame 73	1257.74
Frame 74	1242.55
Frame 75	1367.81
Frame 76	1322.65
Frame 77	1202.99
Frame 78	1008.99
Frame 79	1189.41
Frame 80	1050.57
Frame 81	1308.88
Frame 82	1107.26
Frame 83	1129.46
Frame 84	1160.76
Frame 85	1315.61
Frame 86	1183.67
Frame 87	1114.07
Frame 88	1053.81
Frame 89	1036.99
Frame 90	1326.11
Frame 91	1129.06
Frame 92	1385.63
Frame 93	1154.69
Frame 94	1282.92
Frame 95	935.456
Frame 96	874.506
Frame 97	1025.32
Frame 98	1264.11
Frame 99	1279.65
Frame 100	1138.95
Frame 101	1301.62
Frame 102	1206.87
Frame 103	1156.14
Frame 104	975.038
Frame 105	1048.6
Frame 106	1293.08
Frame 107	1245.63
Frame 108	1284.89
Frame 109	1049.87
Frame 110	1107.68
Frame 111	1185.23
Frame 112	1186.73
Frame 113	1157.37
Frame 114	1062.19
Frame 115	1185.32
Frame 116	1189.95
Frame 117	1228.05
Frame 118	1128.59
Frame 119	1083.19
Frame 120	1169.89
Frame 121	1251.71
Frame 122	1318.04
Frame 123	1240.19
Frame 124	1092.8
Frame 125	1299.81
Frame 126	1260.21
Frame 127	1143.38
Frame 128	1241.87
Frame 129	1169.29
Frame 130	1173.24
Frame 131	1240.7
Frame 132	1246.3
Frame 133	1156.61
Frame 134	1318.21
Frame 135	1107.7
Frame 136	1157.32
Frame 137	1216.93
Frame 138	1360.08
Frame 139	1335.76
Frame 140	1390.55
Frame 141	1341.07
Frame 142	1384.92
Frame 143	1154.22
Frame 144	1379.5
Frame 145	1204.2
Frame 146	1280.76
Frame 147	1545.98
Frame 148	1150.33
Frame 149	1326.46
Frame 150	1321.73
Frame 151	925.831
Frame 152	1071.38
Frame 153	1134.44
Frame 154	1195
Frame 155	1293.72
Frame 156	1206.02
Frame 157	1313.22
Frame 158	1294.21
Frame 159	1363.56
Frame 160	1434.48
Frame 161	1090.01
Frame 162	1333.55
Frame 163	1454.82
Frame 164	1294.53
Frame 165	1334.55
Frame 166	1174.17
Frame 167	1246.17
Frame 168	1447.78
Frame 169	1401.11
Frame 170	1318
Frame 171	1401.91
Frame 172	1343.75
Frame 173	1193.7
Frame 174	1424.34
Frame 175	1054.42
Frame 176	1192.67
Frame 177	1135.98
Frame 178	1047.19
Frame 179	1004.14
Frame 180	1243.15
Frame 181	1111.93
Frame 182	1105.87
Frame 183	984.86
Frame 184	890.677
Frame 185	1140.08
Frame 186	1123.57
Frame 187	955.406
Frame 188	1033.2
Frame 189	948.893
Frame 190	946.024
Frame 191	953.959
Frame 192	939.702
Frame 193	943.684
Frame 194	856.803
Frame 195	812.127
Frame 196	880.741
Frame 197	831.74
Frame 198	941.875
Frame 199	1026.52
Frame 200	920.923
Frame 201	972.613
Frame 202	954.659
Frame 203	1010.61
Frame 204	1049.04
Frame 205	811.404
Frame 206	961.991
Frame 207	1160.6
Frame 208	892.444
Frame 209	810.325
Frame 210	878.136
Frame 211	768.204
Frame 212	740.448
Frame 213	884.596
Frame 214	965.144
Frame 215	738.712
Frame 216	949.456
Frame 217	919.343
Frame 218	779.702
Frame 219	749.258
Frame 220	751.686
Frame 221	765.581
Frame 222	808.091
Frame 223	748.429
Frame 224	756.003
Frame 225	759.157
Frame 226	834.862
Frame 227	750.442
Frame 228	600.367
Frame 229	887.17
Frame 230	743.603
Frame 231	787.291
Frame 232	661.774
Frame 233	715.895
Frame 234	670.349
Frame 235	730.338
Frame 236	724.781
Frame 237	882.285
Frame 238	893.93
Frame 239	857.228
Frame 240	732.702
Frame 241	624.859
Frame 242	894.179
Frame 243	796.471
Frame 244	773.591
Frame 245	843.012
Frame 246	793.876
Frame 247	779.525
Frame 248	840.688
Frame 249	850.245
Frame 250	666.223
Frame 251	783.358
Frame 252	870.096
Frame 253	708.589
Frame 254	679.316
Frame 255	676.715
Frame 256	704.836
Frame 257	744.803
Frame 258	628.076
Frame 259	723.904
Frame 260	869
Frame 261	637.698
Frame 262	789.723
Frame 263	844.143
Frame 264	839.096
Frame 265	756.683
Frame 266	892.209
Frame 267	770.384
Frame 268	843.406
Frame 269	705.259
Frame 270	744.299
Frame 271	817.878
Frame 272	728.088
Frame 273	808.913
Frame 274	737.655
Frame 275	704.185
Frame 276	719.605
Frame 277	886.02
Frame 278	799.256
Frame 279	733.256
Frame 280	644.058
Frame 281	791.931
Frame 282	702.21
Frame 283	778.837
Frame 284	782.93
Frame 285	735.924
Frame 286	680.462
Frame 287	721.168
Frame 288	677.217
Frame 289	771.989
Frame 290	604.694
Frame 291	701.596
Frame 292	675.08
Frame 293	774.716
Frame 294	628.632
Frame 295	718.82
Frame 296	888.59
Frame 297	651.888
Frame 298	1013.7
Frame 299	780.049
Frame 300	771.552
Frame 301	985.909
Frame 302	804.833
Frame 303	806.39
Frame 304	979.786
Frame 305	905.535
Frame 306	889.66
Frame 307	701.715
Frame 308	1020.41
Frame 309	801.381
Frame 310	744.037
Frame 311	843.696
Frame 312	737.002
Frame 313	732.465
Frame 314	848.019
Frame 315	769.527
Frame 316	844.563
Frame 317	814.748
Frame 318	700.067
Frame 319	730.707
Frame 320	878.947
Frame 321	712.391
Frame 322	677.707
Frame 323	664.801
Frame 324	707.821
Frame 325	773.247
Frame 326	730.772
Frame 327	584.017
Frame 328	614.157
Frame 329	834.341
Frame 330	788.905
Frame 331	760.012
Frame 332	720.127
Frame 333	795.561
Frame 334	653.946
Frame 335	648.041
Frame 336	839.388
Frame 337	818.839
Frame 338	847.606
Frame 339	657.331
Frame 340	602.801
Frame 341	623.715
Frame 342	634.327
Frame 343	708.91
Frame 344	728.856
Frame 345	777.176
Frame 346	716.762
Frame 347	666.777
Frame 348	800.553
Frame 349	775.313
Frame 350	863.794
Frame 351	805.285
Frame 352	739.716
Frame 353	659.178
Frame 354	690.211
Frame 355	614.186
Frame 356	749.494
Frame 357	773.05
Frame 358	764.439
Frame 359	651.683
Frame 360	732.083
Frame 361	804.786
Frame 362	687.842
Frame 363	756.208
Frame 364	768.121
Frame 365	736.525
Frame 366	861.9
Frame 367	735.981
Frame 368	855.13
Frame 369	801.423
Frame 370	768.092
Frame 371	695.896
Frame 372	686.972
Frame 373	694.588
Frame 374	629.042
Frame 375	615.806
Frame 376	909.53
Frame 377	692.961
Frame 378	717.577
Frame 379	735.277
Frame 380	626.725
Frame 381	783.784
Frame 382	746.077
Frame 383	745.291
Frame 384	638.037
Frame 385	816.423
Frame 386	569.127
Frame 387	672.1
Frame 388	746.666
Frame 389	693.711
Frame 390	800.837
Frame 391	754.098
Frame 392	794.152
Frame 393	788.63
Frame 394	792.891
Frame 395	802.813
Frame 396	661.764
Frame 397	703.802
Frame 398	900.303
Frame 399	999.082
Frame 400	836.064
Frame 401	900.12
Frame 402	859.347
Frame 403	806.705
Frame 404	825.173
Frame 405	849.549
Frame 406	980.679
Frame 407	828.922
Frame 408	746.133
Frame 409	823.007
Frame 410	810.149
Frame 411	860.294
Frame 412	690.591
Frame 413	721.705
Frame 414	712.166
Frame 415	673.712
Frame 416	627.582
Frame 417	775.151
Frame 418	695.319
Frame 419	746.415
Frame 420	608.412
Frame 421	810.045
Frame 422	740.909
Frame 423	787.435
Frame 424	868.39
Frame 425	797.534
Frame 426	708.935
Frame 427	578.222
Frame 428	669.137
Frame 429	612.669
Frame 430	619.364
Frame 431	643.832
Frame 432	725.131
Frame 433	637.592
Frame 434	730.912
Frame 435	679.225
Frame 436	787.016
Frame 437	634.846
Frame 438	765.176
Frame 439	751.116
Frame 440	852.06
Frame 441	557.954
Frame 442	763.703
Frame 443	672.992
Frame 444	830.212
Frame 445	814.797
Frame 446	964.296
Frame 447	1042.42
Frame 448	836.177
Frame 449	941.205
Frame 450	1066.5
Frame 451	1002.83
Frame 452	1001.04
Frame 453	1008.63
Frame 454	1073.54
Frame 455	963.579
Frame 456	1003.36
Frame 457	964.014
Frame 458	997.067
Frame 459	1024.98
Frame 460	1075.54
Frame 461	1220.31
Frame 462	1026.78
Frame 463	1066.03
Frame 464	1080.78
Frame 465	979.35
Frame 466	900.491
Frame 467	1088.12
Frame 468	1066.06
Frame 469	859.235
Frame 470	926.105
Frame 471	1106.37
Frame 472	1220.26
Frame 473	1169.23
Frame 474	990.651
Frame 475	1030.63
Frame 476	954.752
Frame 477	1005.86
Frame 478	1204.44
Frame 479	1053.27
Frame 480	1016.64
Frame 481	879.163
Frame 482	867.997
Frame 483	859.23
Frame 484	846.197
Frame 485	983.237
Frame 486	747.938
Frame 487	945.178
Frame 488	739.998
Frame 489	1039.02
Frame 490	900.736
Frame 491	894.405
Frame 492	882.797
Frame 493	1007.08
Frame 494	1077.34
Frame 495	1048.43
Frame 496	961.906
Frame 497	905.395
Frame 498	955.938
Frame 499	860.072
Frame 500	1061.73
Frame 501	894.121
Frame 502	1109.94
Frame 503	906.478
Frame 504	1207.77
Frame 505	961.23
Frame 506	1174.4
Frame 507	974.721
Frame 508	992.114
Frame 509	982.609
Frame 510	871.068
Frame 511	846.801
Frame 512	928.556
Frame 513	876.652
Frame 514	916.262
Frame 515	922.886
Frame 516	893.124
Frame 517	827.559
Frame 518	743.443
Frame 519	933.279
Frame 520	745.448
Frame 521	601.526
Frame 522	685.295
Frame 523	761.55
Frame 524	723.534
Frame 525	692.711
Frame 526	706.988
Frame 527	828.926
Frame 528	840.654
Frame 529	950.445
Frame 530	701.91
Frame 531	694.332
Frame 532	667.694
Frame 533	705.77
Frame 534	781.306
Frame 535	753.593
Frame 536	611.363
Frame 537	652.421
Frame 538	811.988
Frame 539	695.654
Frame 540	747.032
Frame 541	669.336
Frame 542	719.078
Frame 543	683.131
Frame 544	838.384
Frame 545	804.798
Frame 546	676.381
Frame 547	758.362
Frame 548	653.623
Frame 549	724.903
Frame 550	715.352
Frame 551	642.05
Frame 552	566.748
Frame 553	609.517
Frame 554	772.433
Frame 555	810.508
Frame 556	733.997
Frame 557	577.583
Frame 558	706.372
Frame 559	663.786
Frame 560	728.884
Frame 561	774.762
Frame 562	751.821
Frame 563	731.317
Frame 564	688.1
Frame 565	694.535
Frame 566	700.663
Frame 567	621.759
Frame 568	610.333
Frame 569	751.042
Frame 570	615.41
Frame 571	700.283
Frame 572	635.436
Frame 573	684.986
Frame 574	865.914
Frame 575	734.88
Frame 576	851.036
Frame 577	619.257
Frame 578	743.501
Frame 579	666.64
Frame 580	636.9
Frame 581	727.389
Frame 582	664.801
Frame 583	644.073
Frame 584	857.926
Frame 585	649.597
Frame 586	617.391
Frame 587	780.071
Frame 588	661.669
Frame 589	672.937
Frame 590	712.248
Frame 591	605.343
Frame 592	894.134
Frame 593	939.533
Frame 594	1014.83
Frame 595	796.579
Frame 596	895.364
Frame 597	825.838
Frame 598	767.617
Frame 599	743.413
Frame 600	809.149
Frame 601	650.671
Frame 602	733.214
Frame 603	727.999
Frame 604	633.966
Frame 605	614.373
Frame 606	560.391
Frame 607	662.734
Frame 608	843.227
Frame 609	751.841
Frame 610	832.342
Frame 611	839.743
Frame 612	889.018
Frame 613	918.723
Frame 614	781.674
Frame 615	753.209
Frame 616	867.655
Frame 617	732.453
Frame 618	643.423
Frame 619	848.296
Frame 620	719.955
Frame 621	797.457
Frame 622	867.55
Frame 623	820.983
Frame 624	673.376
Frame 625	660.82
Frame 626	741.216
Frame 627	718.158
Frame 628	796.319
Frame 629	600.597
Frame 630	674.022
Frame 631	712.408
Frame 632	656.466
Frame 633	668.721
Frame 634	723.776
Frame 635	751.565
Frame 636	598.531
Frame 637	732.035
Frame 638	699.337
Frame 639	749.869
Frame 640	671.788
Frame 641	796.876
Frame 642	720.016
Frame 643	650.314
Frame 644	695.396
Frame 645	806.929
Frame 646	622.396
Frame 647	695.835
Frame 648	858.011
Frame 649	831.891
Frame 650	800.179
Frame 651	922.303
Frame 652	801.14
Frame 653	932.072
Frame 654	872.47
Frame 655	863.034
Frame 656	879.068
Frame 657	966.818
Frame 658	878.451
Frame 659	834.444
Frame 660	973.762
Frame 661	739.189
Frame 662	780.081
Frame 663	843.677
Frame 664	725.696
Frame 665	866.522
Frame 666	688.468
Frame 667	709.222
Frame 668	804.291
Frame 669	855.482
Frame 670	959.009
Frame 671	1031.25
Frame 672	980.311
Frame 673	809.473
Frame 674	751.758
Frame 675	810.771
Frame 676	816.723
Frame 677	771.805
Frame 678	830.262
Frame 679	801.998
Frame 680	800.444
Frame 681	934.769
Frame 682	792.031
Frame 683	695.842
Frame 684	821.206
Frame 685	776.023
Frame 686	871.247
Frame 687	638.681
Frame 688	704.882
Frame 689	766.568
Frame 690	726.092
Frame 691	728.903
Frame 692	837.176
Frame 693	721.698
Frame 694	833.851
Frame 695	949.688
Frame 696	793.264
Frame 697	926.612
Frame 698	861.014
Frame 699	908.407
Frame 700	806.913
Frame 701	889.533
Frame 702	815.409
Frame 703	965.924
Frame 704	844.549
Frame 705	773.235
Frame 706	855.417
Frame 707	842.442
Frame 708	742.454
Frame 709	837.627
Frame 710	822.152
Frame 711	839.29
Frame 712	885.791
Frame 713	779.574
Frame 714	833.292
Frame 715	727.71
Frame 716	691.86
Frame 717	874.809
Frame 718	812.622
Frame 719	751.659
Frame 720	982.179
Frame 721	950.019
Frame 722	922.043
Frame 723	1035
Frame 724	1103.18
Frame 725	958.21
Frame 726	1126.07
Frame 727	990.086
Frame 728	876.394
Frame 729	1150.16
Frame 730	1034.85
Frame 731	1041.93
Frame 732	1015.01
Frame 733	979.813
Frame 734	868.47
Frame 735	746.106
Frame 736	764.939
Frame 737	708.865
Frame 738	598.641
Frame 739	623.481
Frame 740	661.349
Frame 741	785.99
Frame 742	687.232
Frame 743	658.757
Frame 744	725.534
Frame 745	738.319
Frame 746	758.155
Frame 747	796.069
Frame 748	785.094
Frame 749	729.127
Frame 750	803.056
Frame 751	801.974
Frame 752	644.945
Frame 753	728.822
Frame 754	593.66
Frame 755	631.987
Frame 756	742.852
Frame 757	767.745
Frame 758	714.09
Frame 759	884.666
Frame 760	769.808
Frame 761	660.477
Frame 762	771.943
Frame 763	759.454
Frame 764	711.48
Frame 765	774.945
Frame 766	713.71
Frame 767	643.851
Frame 768	687.49
Frame 769	772.759
Frame 770	676.034
Frame 771	830.37
Frame 772	776.356
Frame 773	769.483
Frame 774	766.785
Frame 775	649.354
Frame 776	715.87
Frame 777	875.688
Frame 778	904.554
Frame 779	832.544
Frame 780	869.12
Frame 781	687.778
Frame 782	810.662
Frame 783	817.843
Frame 784	724.964
Frame 785	808.455
Frame 786	727.499
Frame 787	718.68
Frame 788	762.354
Frame 789	863.563
Frame 790	863.017
Frame 791	845.53
Frame 792	815.887
Frame 793	667.65
Frame 794	776.675
Frame 795	759.448
Frame 796	818.756
Frame 797	932.549
Frame 798	732.258
Frame 799	818.565
Frame 800	842.521
Frame 801	846.837
Frame 802	870.803
Frame 803	884.792
Frame 804	684.802
Frame 805	731.817
Frame 806	699.128
Frame 807	1037.91
Frame 808	998.749
Frame 809	932.824
Frame 810	1137.63
Frame 811	798.378
Frame 812	867.805
Frame 813	710.839
Frame 814	820.169
Frame 815	817.589
Frame 816	712.263
Frame 817	830.304
Frame 818	754.751
Frame 819	990.873
Frame 820	1050.04
Frame 821	1068.25
Frame 822	963.02
Frame 823	1179.69
Frame 824	1131.21
Frame 825	1306.33
Frame 826	1203.94
Frame 827	1186.22
Frame 828	1192.46
Frame 829	1026.11
Frame 830	1267.06
Frame 831	1105.41
Frame 832	1225.91
Frame 833	1021.33
Frame 834	1043.62
Frame 835	823.249
Frame 836	1063.55
Frame 837	1130.64
Frame 838	1234.85
Frame 839	1148.06
Frame 840	1193.66
Frame 841	1183.97
Frame 842	1336.05
Frame 843	1457.71
Frame 844	1297.87
Frame 845	1004.18
Frame 846	1107.36
Frame 847	758.687
Frame 848	1109.99
Frame 849	1050.58
Frame 850	1035.68
Frame 851	1101.75
Frame 852	1247.33
Frame 853	1344.28
Frame 854	1183.13
Frame 855	1191.65
Frame 856	1129.86
Frame 857	1439.43
Frame 858	1169.86
Frame 859	1118.45
Frame 860	1206.42
Frame 861	1150.9
Frame 862	1364.56
Frame 863	1118.33
Frame 864	1067.41
Frame 865	1182.65
Frame 866	1202.98
Frame 867	934.058
Frame 868	731.864
Frame 869	845.648
Frame 870	639.64
Frame 871	727.524
Frame 872	721.963
Frame 873	1026.31
Frame 874	1065.44
Frame 875	1038.46
Frame 876	981.943
Frame 877	957.248
Frame 878	1122.02
Frame 879	979.58
Frame 880	1070.31
Frame 881	1224.03
Frame 882	1236.01
Frame 883	1266
Frame 884	1284.88
Frame 885	1333.55
Frame 886	1147.75
Frame 887	1147.34
Frame 888	983.406
Frame 889	1144.99
Frame 890	1026.74
Frame 891	1022.24
Frame 892	967.941
Frame 893	1161.59
Frame 894	1218.29
Frame 895	988.52
Frame 896	1148.48
Frame 897	867.487
Frame 898	998.458
Frame 899	976.997
Frame 900	983.837
Frame 901	931.703
Frame 902	975.804
Frame 903	936.208
Frame 904	987.929
Frame 905	929.418
Frame 906	985.076
Frame 907	986.369
Frame 908	1140.89
Frame 909	1060.66
Frame 910	1020.97
Frame 911	1235.05
Frame 912	1176.13
Frame 913	1198.94
Frame 914	1100.86
Frame 915	1015.88
Frame 916	964.277
Frame 917	1057.82
Frame 918	1171.01
Frame 919	1086.91
Frame 920	1188.12
Frame 921	1179.51
Frame 922	1119.38
Frame 923	1197.02
Frame 924	1074.5
Frame 925	1227.77
Frame 926	913.313
Frame 927	945.514
Frame 928	805.538
Frame 929	880.194
Frame 930	822.264
Frame 931	842.796
Frame 932	871.62
Frame 933	951.72
Frame 934	1096.32
Frame 935	1021.32
Frame 936	1072
Frame 937	1154.93
Frame 938	886.445
Frame 939	880.188
Frame 940	880.192
Frame 941	862.859
Frame 942	826.336
Frame 943	969.587
Frame 944	1209.06
Frame 945	1031.23
Frame 946	848.231
Frame 947	875.636
Frame 948	1101.69
Frame 949	1020.61
Frame 950	1019.61
Frame 951	1230.55
Frame 952	871.051
Frame 953	864.511
Frame 954	1138.13
Frame 955	952.7
Frame 956	1103.95
Frame 957	736.769
Frame 958	1039.48
Frame 959	837.833
Frame 960	923.868
Frame 961	1041.39
Frame 962	1049.39
Frame 963	1285.36
Frame 964	913.399
Frame 965	1026.27
Frame 966	989.025
Frame 967	993.326
Frame 968	1015.19
Frame 969	904.804
Frame 970	881.52
Frame 971	775.04
Frame 972	732.327
Frame 973	828.578
Frame 974	649.785
Frame 975	796.47
Frame 976	817.855
Frame 977	852.386
Frame 978	704.344
Frame 979	751.114
Frame 980	911.826
Frame 981	1086.76
Frame 982	938.849
Frame 983	933.244
Frame 984	916.361
Frame 985	1106.17
Frame 986	1043.75
Frame 987	855.327
Frame 988	1053.62
Frame 989	907.542
Frame 990	1006.63
Frame 991	972.357
Frame 992	1036.98
Frame 993	902.59
Frame 994	910.895
Frame 995	821.59
Frame 996	621.617
Frame 997	864.931
Frame 998	833.636
Frame 999	831.747
Frame 1000	747.572
Frame 1001	684.848
Frame 1002	767.024
Frame 1003	835.261
Frame 1004	819.164
Frame 1005	802.386
Frame 1006	922.152
Frame 1007	708.016
Frame 1008	685.522
Frame 1009	781.048
Frame 1010	728.21
Frame 1011	766.728
Frame 1012	855.686
Frame 1013	759.199
Frame 1014	814.609
Frame 1015	698.315
Frame 1016	727.499
Frame 1017	756.622
Frame 1018	820.206
Frame 1019	870.836
Frame 1020	820.129
Frame 1021	855.759
Frame 1022	901.659
Frame 1023	775.768
Frame 1024	754.196
Frame 1025	908.043
Frame 1026	877.213
Frame 1027	908.101
Frame 1028	727.874
Frame 1029	944.834
Frame 1030	898.425
Frame 1031	995.777
Frame 1032	903.074
Frame 1033	832.6
Frame 1034	873.956
Frame 1035	822.762
Frame 1036	727.764
Frame 1037	770.738
Frame 1038	832.44
Frame 1039	756.684
Frame 1040	923.423
Frame 1041	745.013
Frame 1042	740.225
Frame 1043	871.234
Frame 1044	877.103
Frame 1045	798.986
Frame 1046	928.844
Frame 1047	809.74
Frame 1048	596.602
Frame 1049	842.713
Frame 1050	707.719
Frame 1051	718.507
Frame 1052	705.869
Frame 1053	850.163
Frame 1054	719.662
Frame 1055	768.899
Frame 1056	670.609
Frame 1057	845.289
Frame 1058	874.419
Frame 1059	930.251
Frame 1060	939.318
Frame 1061	867.876
Frame 1062	705.836
Frame 1063	916.832
Frame 1064	879.033
Frame 1065	841.594
Frame 1066	661.451
Frame 1067	672.422
Frame 1068	721.07
Frame 1069	841.496
Frame 1070	717.762
Frame 1071	651.718
Frame 1072	715.868
Frame 1073	693.53
Frame 1074	996.773
Frame 1075	889.983
Frame 1076	854.965
Frame 1077	807.508
Frame 1078	800.75
Frame 1079	792.919
Frame 1080	844.624
Frame 1081	740.72
Frame 1082	889.55
Frame 1083	831.843
Frame 1084	714.882
Frame 1085	831.781
Frame 1086	718.697
Frame 1087	909.078
Frame 1088	942.503
Frame 1089	790.052
Frame 1090	875.438
Frame 1091	868.158
Frame 1092	639.562
Frame 1093	805.616
Frame 1094	702.729
Frame 1095	759.652
Frame 1096	830.648
Frame 1097	657.813
Frame 1098	676.741
Frame 1099	817.25
Frame 1100	866.314
Frame 1101	744.087
Frame 1102	788.949
Frame 1103	653.238
Frame 1104	820.035
Frame 1105	747.569
Frame 1106	844.277
Frame 1107	813.243
Frame 1108	844.49
Frame 1109	852.892
Frame 1110	831.963
Frame 1111	687.707
Frame 1112	702.82
Frame 1113	734.909
Frame 1114	771.637
Frame 1115	616.935
Frame 1116	751.012
Frame 1117	821.632
Frame 1118	775.561
Frame 1119	681.104
Frame 1120	727.673
Frame 1121	769.782
Frame 1122	706.564
Frame 1123	783.004
Frame 1124	693.432
Frame 1125	615.736
Frame 1126	739.148
Frame 1127	779.748
Frame 1128	866.747
Frame 1129	787.907
Frame 1130	798.775
Frame 1131	807.197
Frame 1132	720.667
Frame 1133	790.91
Frame 1134	733.358
Frame 1135	836.353
Frame 1136	703.833
Frame 1137	745.801
Frame 1138	731.108
Frame 1139	875.112
Frame 1140	624.423
Frame 1141	634.147
Frame 1142	721.819
Frame 1143	785.406
Frame 1144	741.597
Frame 1145	720.715
Frame 1146	738.725
Frame 1147	760.346
Frame 1148	743.573
Frame 1149	730.37
Frame 1150	767.812
Frame 1151	833.132
Frame 1152	776.392
Frame 1153	727.18
Frame 1154	892.924
Frame 1155	727.848
Frame 1156	703.156
Frame 1157	856.105
Frame 1158	810.778
Frame 1159	845.089
Frame 1160	948.113
Frame 1161	704.09
Frame 1162	873.482
Frame 1163	788.582
Frame 1164	808.966
Frame 1165	787.766
Frame 1166	703.289
Frame 1167	820.479
Frame 1168	748.227
Frame 1169	660.877
Frame 1170	638.581
Frame 1171	705.773
Frame 1172	750.55
Frame 1173	706.604
Frame 1174	885.05
Frame 1175	672.5
Frame 1176	699.324
Frame 1177	618.607
Frame 1178	666.507
Frame 1179	660.433
Frame 1180	641.287
Frame 1181	838.669
Frame 1182	738.376
Frame 1183	788.248
Frame 1184	851.634
Frame 1185	785.535
Frame 1186	831.162
Frame 1187	834.02
Frame 1188	877.268
Frame 1189	673.949
Frame 1190	807.602
Frame 1191	872.308
Frame 1192	758.367
Frame 1193	882.638
Frame 1194	532.007
Frame 1195	653.85
Frame 1196	750.475
Frame 1197	608.852
Frame 1198	675.9
Frame 1199	748.751
Frame 1200	675.719
Frame 1201	685.461
Frame 1202	717.286
Frame 1203	788.383
Frame 1204	783.301
Frame 1205	691.3
Frame 1206	750.798
Frame 1207	678.78
Frame 1208	754.168
Frame 1209	686.877
Frame 1210	841.379
Frame 1211	856.129
Frame 1212	797.452
Frame 1213	742.141
Frame 1214	857.478
Frame 1215	762.029
Frame 1216	944.066
Frame 1217	720.775
Frame 1218	754.901
Frame 1219	819.053
Frame 1220	873.984
Frame 1221	749.119
Frame 1222	1028.38
Frame 1223	732.165
Frame 1224	919.74
Frame 1225	881.409
Frame 1226	853.509
Frame 1227	1005.73
Frame 1228	779.714
Frame 1229	865.783
Frame 1230	1007.5
Frame 1231	851.554
Frame 1232	967.068
Frame 1233	955.759
Frame 1234	820.825
Frame 1235	814.278
Frame 1236	851.355
Frame 1237	687.043
Frame 1238	783.669
Frame 1239	825.045
Frame 1240	916.405
Frame 1241	952.981
Frame 1242	818.423
Frame 1243	767.657
Frame 1244	994.07
Frame 1245	791.68
Frame 1246	779.802
Frame 1247	917.989
Frame 1248	787.042
Frame 1249	922.533
Frame 1250	924.569
Frame 1251	859.515
Frame 1252	876.964
Frame 1253	885.501
Frame 1254	858.725
Frame 1255	814.592
Frame 1256	877.259
Frame 1257	578.46
Frame 1258	806.974
Frame 1259	774.385
Frame 1260	712.11
Frame 1261	1027.43
Frame 1262	940.767
Frame 1263	1006.57
Frame 1264	824.059
Frame 1265	909.882
Frame 1266	723.314
Frame 1267	653.018
Frame 1268	802.613
Frame 1269	917.748
Frame 1270	1006.63
Frame 1271	777.397
Frame 1272	896.446
Frame 1273	841.378
Frame 1274	771.842
Frame 1275	866.438
Frame 1276	713.744
Frame 1277	929.011
Frame 1278	761.376
Frame 1279	923.381
Frame 1280	847.869
Frame 1281	824.928
Frame 1282	793.472
Frame 1283	727.449
Frame 1284	646.401
Frame 1285	703.928
Frame 1286	823.577
Frame 1287	768.853
Frame 1288	687.692
Frame 1289	752.334
Frame 1290	841.81
Frame 1291	778.197
Frame 1292	775.626
Frame 1293	736.093
Frame 1294	921.155
Frame 1295	957.937
Frame 1296	990.961
Frame 1297	889.245
Frame 1298	953.394
Frame 1299	729.276
Frame 1300	809.649
Frame 1301	813.958
Frame 1302	844.385
Frame 1303	872.904
Frame 1304	780.617
Frame 1305	836.216
Frame 1306	852.038
Frame 1307	850.206
Frame 1308	916.66
Frame 1309	873.536
Frame 1310	903.086
Frame 1311	770.534
Frame 1312	980.921
Frame 1313	884.434
Frame 1314	800.262
Frame 1315	974.171
Frame 1316	758.226
Frame 1317	844.949
Frame 1318	892.667
Frame 1319	745.392
Frame 1320	776.646
Frame 1321	765.534
Frame 1322	977.287
Frame 1323	685.928
Frame 1324	881.474
Frame 1325	797.94
Frame 1326	903.034
Frame 1327	896.949
Frame 1328	1198.44
Frame 1329	956.191
Frame 1330	1003.86
Frame 1331	989.786
Frame 1332	915.943
Frame 1333	1110.37
Frame 1334	992.603
Frame 1335	1298.71
Frame 1336	1044.65
Frame 1337	991.474
Frame 1338	984.496
Frame 1339	1166.16
Frame 1340	1191.48
Frame 1341	1172.13
Frame 1342	1275.54
Frame 1343	1319.98
Frame 1344	1146.8
Frame 1345	1080.6
Frame 1346	1030.2
Frame 1347	1163.54
Frame 1348	1204.53
Frame 1349	1058.08
Frame 1350	1197.47
Frame 1351	1159.14
Frame 1352	1136.42
Frame 1353	1070.93
Frame 1354	1207.08
Frame 1355	1344.98
Frame 1356	922.134
Frame 1357	1063.41
Frame 1358	1145.76
Frame 1359	1407.53
Frame 1360	1358.16
Frame 1361	1404.68
Frame 1362	1218.58
Frame 1363	1054.03
Frame 1364	1072.14
Frame 1365	985.448
Frame 1366	1073.39
Frame 1367	1028.16
Frame 1368	1048.13
Frame 1369	1064.77
Frame 1370	1035.44
Frame 1371	1105.35
Frame 1372	1063.07
Frame 1373	1304.04
Frame 1374	1063.77
Frame 1375	1064.03
Frame 1376	1195.04
Frame 1377	1108.03
Frame 1378	1184.61
Frame 1379	1220.72
Frame 1380	1346.17
Frame 1381	1269.96
Frame 1382	1212
Frame 1383	1277.92
Frame 1384	1253.48
Frame 1385	1375.95
Frame 1386	1211.33
Frame 1387	1325.92
Frame 1388	1155.13
Frame 1389	1098.47
Frame 1390	1059.18
Frame 1391	1209.76
Frame 1392	1279.95
Frame 1393	1160.67
Frame 1394	1173.02
Frame 1395	1160.87
Frame 1396	1153.98
Frame 1397	1063.43
Frame 1398	1260.01
Frame 1399	1208.16
Frame 1400	1300.99
Frame 1401	1270.49
Frame 1402	1002.98
Frame 1403	1158.79
Frame 1404	1160.04
Frame 1405	1340.05
Frame 1406	1180.03
Frame 1407	1184.66
Frame 1408	1402.02
Frame 1409	1233.93
Frame 1410	1219.39
Frame 1411	1187.72
Frame 1412	1107.87
Frame 1413	1108.19
Frame 1414	1206.8
Frame 1415	1662.57
Frame 1416	1319.77
Frame 1417	1386.07
Frame 1418	1470.29
Frame 1419	1196.53
Frame 1420	1320.79
Frame 1421	1297.17
Frame 1422	1393.38
Frame 1423	1316.23
Frame 1424	1473.72
Frame 1425	1333.49
Frame 1426	1340.47
Frame 1427	1187.96
Frame 1428	1403.79
Frame 1429	1501.1
Frame 1430	1374.12
Frame 1431	1372.06
Frame 1432	1483.9
Frame 1433	1231.38
Frame 1434	1583.07
Frame 1435	1530.81
Frame 1436	1277.92
Frame 1437	1449.92
Frame 1438	1547.07
Frame 1439	1454.57
Frame 1440	1509.66
Frame 1441	1480.88
Frame 1442	1375.02
Frame 1443	1247.71
Frame 1444	1308.26
Frame 1445	1187.23
Frame 1446	1104.91
Frame 1447	1323.29
Frame 1448	1345.43
Frame 1449	1311.46
Frame 1450	1324.09
Frame 1451	1185.04
Frame 1452	1192.3
Frame 1453	1122.53
Frame 1454	1298.09
Frame 1455	1456.33
Frame 1456	1289.05
Frame 1457	1103.73
Frame 1458	1164.59
Frame 1459	1179.96
Frame 1460	1161.38
Frame 1461	1434.53
Frame 1462	1177.68
Frame 1463	1249.71
Frame 1464	1390.25
Frame 1465	1276.33
Frame 1466	1452.05
Frame 1467	1281.34
Frame 1468	1375.33
Frame 1469	1281.25
Frame 1470	1361.12
Frame 1471	1321.57
Frame 1472	1398.36
Frame 1473	1363.36
Frame 1474	1476.8
Frame 1475	1268.3
Frame 1476	1238.93
Frame 1477	1556.66
Frame 1478	1598.62
Frame 1479	1546.99
Frame 1480	1534.3
Frame 1481	1347.27
Frame 1482	1324.93
Frame 1483	1378.57
Frame 1484	1535.08
Frame 1485	1431.91
Frame 1486	1529.4
Frame 1487	1661.77
Frame 1488	1333.09
Frame 1489	1503.67
Frame 1490	1491.06
Frame 1491	1248.4
Frame 1492	1504.67
Frame 1493	1395.11
Frame 1494	1535.94
Frame 1495	1398.73
Frame 1496	1275.21
Frame 1497	1446.46
Frame 1498	1482.59
Frame 1499	1564.34
Frame 1500	1512.69
Frame 1501	1524.53
Frame 1502	1448.03
Frame 1503	1357.35
Frame 1504	1420.95
Frame 1505	1198.27
Frame 1506	1279.91
Frame 1507	1647.06
Frame 1508	1214.37
Frame 1509	1389.83
Frame 1510	1215.07
Frame 1511	1546.1
Frame 1512	1384.9
Frame 1513	1471.35
Frame 1514	1381.19
Frame 1515	1408.57
Frame 1516	1466.43
Frame 1517	1423.37
Frame 1518	1370.5
Frame 1519	1397.7
Frame 1520	1512.52
Frame 1521	1631.43
Frame 1522	1235.56
Frame 1523	1487.34
Frame 1524	1401.6
Frame 1525	1384.46
Frame 1526	1568.44
Frame 1527	1301
Frame 1528	1326.64
Frame 1529	1488.19
Frame 1530	1305.99
Frame 1531	1197.11
Frame 1532	1246.58
Frame 1533	1391.21
Frame 1534	1235.85
Frame 1535	1318.59
Frame 1536	1369.85
Frame 1537	1303.69
Frame 1538	1286.45
Frame 1539	1422.05
Frame 1540	1366.03
Frame 1541	1103.39
Frame 1542	1302.07
Frame 1543	1368.61
Frame 1544	1191.19
Frame 1545	1268.76
Frame 1546	1408.17
Frame 1547	1398.21
Frame 1548	1378.43
Frame 1549	1387.15
Frame 1550	1156.87
Frame 1551	1314.19
Frame 1552	1159.78
Frame 1553	1385.12
Frame 1554	1459.14
Frame 1555	1364.62
Frame 1556	1282.32
Frame 1557	1446.62
Frame 1558	1414.06
Frame 1559	1730.66
Frame 1560	1440.06
Frame 1561	1355.26
Frame 1562	1588.19
Frame 1563	1378.85
Frame 1564	1637.7
Frame 1565	1317.99
Frame 1566	1390.03
Frame 1567	1283.83
Frame 1568	1255.63
Frame 1569	1322.89
Frame 1570	1481.08
Frame 1571	1372.83
Frame 1572	1233.03
Frame 1573	1388.18
Frame 1574	1422.67
Frame 1575	1692.14
Frame 1576	1711.75
Frame 1577	1360.42
Frame 1578	1315.03
Frame 1579	1295.62
Frame 1580	1177.71
Frame 1581	1631.89
Frame 1582	1516.28
Frame 1583	1235.66
Frame 1584	1461.49
Frame 1585	1267.68
Frame 1586	1258.66
Frame 1587	1344.93
Frame 1588	1398.29
Frame 1589	1620.29
Frame 1590	1624.08
Frame 1591	1225.78
Frame 1592	1292.54
Frame 1593	1640.78
Frame 1594	1211.79
Frame 1595	1205.82
Frame 1596	1148.77
Frame 1597	1563.02
Frame 1598	1350.65
Frame 1599	1347.95
Frame 1600	1419.74
Frame 1601	1301.78
Frame 1602	1208.09
Frame 1603	1282.46
Frame 1604	1443.35
Frame 1605	1305.6
Frame 1606	1088.93
Frame 1607	1199.48
Frame 1608	1417.43
Frame 1609	1137.13
Frame 1610	1206.54
Frame 1611	1550.02
Frame 1612	1497.71
Frame 1613	1211.66
Frame 1614	1195.2
Frame 1615	1266.45
Frame 1616	1181.57
Frame 1617	1260.54
Frame 1618	1248.22
Frame 1619	1476.55
Frame 1620	1347.66
Frame 1621	1107.14
Frame 1622	1340.29
Frame 1623	1511.1
Frame 1624	1391.9
Frame 1625	1411.08
Frame 1626	1516.35
Frame 1627	1528.18
Frame 1628	1184.31
Frame 1629	1268.16
Frame 1630	1103.47
Frame 1631	1519.49
Frame 1632	1364.57
Frame 1633	1417.84
Frame 1634	1315.71
Frame 1635	1472.11
Frame 1636	1393.47
Frame 1637	1281.1
Frame 1638	1398.2
Frame 1639	1371.97
Frame 1640	1489.55
Frame 1641	1059.91
Frame 1642	1479.47
Frame 1643	1470.6
Frame 1644	1280.59
Frame 1645	1215.14
Frame 1646	1229.67
Frame 1647	1316.17
Frame 1648	1212.91
Frame 1649	1382.85
Frame 1650	1380.2
Frame 1651	1234.8
Frame 1652	1556.85
Frame 1653	1224.53
Frame 1654	1287.8
Frame 1655	1147.75
Frame 1656	994.365
Frame 1657	1253.15
Frame 1658	1224.61
Frame 1659	1188.67
Frame 1660	1308.41
Frame 1661	1230.47
Frame 1662	1194.19
Frame 1663	1613.25
Frame 1664	1262.7
Frame 1665	1439.95
Frame 1666	1252.44
Frame 1667	1030.55
Frame 1668	1487.19
Frame 1669	1244.12
Frame 1670	1328.19
Frame 1671	1175.37
Frame 1672	1116.48
Frame 1673	1066.23
Frame 1674	1159.46
Frame 1675	1221.63
Frame 1676	1503.74
Frame 1677	1276.59
Frame 1678	1325.38
Frame 1679	1465.04
Frame 1680	1163.12
Frame 1681	1293.85
Frame 1682	1334.33
Frame 1683	1181.09
Frame 1684	1331.72
Frame 1685	1322.56
Frame 1686	1069.16
Frame 1687	1289.2
Frame 1688	1561.06
Frame 1689	1284.82
Frame 1690	1590.6
Frame 1691	1483.35
Frame 1692	1408.32
Frame 1693	1249.57
Frame 1694	1334.23
Frame 1695	1370.95
Frame 1696	1177.96
Frame 1697	1438.9
Frame 1698	1091.12
Frame 1699	1129.18
Frame 1700	1183.76
Frame 1701	1168.72
Frame 1702	1299.25
Frame 1703	1445.38
Frame 1704	981.014
Frame 1705	1188.12
Frame 1706	1043.87
Frame 1707	1343.21
Frame 1708	1433.71
Frame 1709	1196.62
Frame 1710	1414.41
Frame 1711	1338.53
Frame 1712	1316.83
Frame 1713	1246.4
Frame 1714	1188.64
Frame 1715	1292.37
Frame 1716	1218.98
Frame 1717	1080.42
Frame 1718	1265.66
Frame 1719	1198.71
Frame 1720	1294.7
Frame 1721	1220.43
Frame 1722	1231.37
Frame 1723	1084.14
Frame 1724	1268.51
Frame 1725	1367.01
Frame 1726	1229.3
Frame 1727	1247.38
Frame 1728	1283.03
Frame 1729	1208.73
Frame 1730	1462.09
Frame 1731	1644.48
Frame 1732	1043.02
Frame 1733	1236.93
Frame 1734	1130.41
Frame 1735	1324.11
Frame 1736	979.154
Frame 1737	1066.08
Frame 1738	1573.54
Frame 1739	1201.16
Frame 1740	1080.71
Frame 1741	1221.95
Frame 1742	1381.95
Frame 1743	1432.1
Frame 1744	1369.52
Frame 1745	1264.67
Frame 1746	1442.25
Frame 1747	1141.87
Frame 1748	1288.33
Frame 1749	1108.95
Frame 1750	1272.87
Frame 1751	1218.35
Frame 1752	1180.91
Frame 1753	1153.13
Frame 1754	1363.51
Frame 1755	1354.3
Frame 1756	1263.5
Frame 1757	1020.39
Frame 1758	1141.61
Frame 1759	1059.16
Frame 1760	1195.32
Frame 1761	1164.88
Frame 1762	1124.87
Frame 1763	1001.3
Frame 1764	1034.16
Frame 1765	1012.54
Frame 1766	893.072
Frame 1767	1046.31
Frame 1768	1157.65
Frame 1769	970.566
Frame 1770	1035.1
Frame 1771	995.328
Frame 1772	1191.18
Frame 1773	996.419
Frame 1774	1026.95
Frame 1775	1063.99
Frame 1776	1242.79
Frame 1777	1147.49
Frame 1778	1101.11
Frame 1779	906.096
Frame 1780	1091.19
Frame 1781	1106.45
Frame 1782	974.797
Frame 1783	1096.54
Frame 1784	1049.3
Frame 1785	1214.63
Frame 1786	1255.94
Frame 1787	1216.34
Frame 1788	1099.93
Frame 1789	887.777
Frame 1790	948.135
Frame 1791	1127.41
Frame 1792	980.081
Frame 1793	1063.58
Frame 1794	1123.77
Frame 1795	997.323
Frame 1796	996.316
Frame 1797	1081.63
Frame 1798	1029.57
Frame 1799	1239.26
Frame 1800	1102.21
Frame 1801	1444.92
Frame 1802	1234.31
Frame 1803	1072.75
Frame 1804	1003.7
Frame 1805	1005
Frame 1806	1078.19
Frame 1807	1113.11
Frame 1808	1054.98
Frame 1809	1158.53
Frame 1810	948.783
Frame 1811	1102.67
Frame 1812	1101.57
Frame 1813	952.256
Frame 1814	1316.34
Frame 1815	1231.89
Frame 1816	1152.93
Frame 1817	964.178
Frame 1818	1073.18
Frame 1819	994.575
Frame 1820	857.713
Frame 1821	924.736
Frame 1822	1071.36
Frame 1823	941.754
Frame 1824	887.187
Frame 1825	1058.69
Frame 1826	876.76
Frame 1827	1112.44
Frame 1828	943.349
Frame 1829	1059.13
Frame 1830	967.724
Frame 1831	1115.29
Frame 1832	963.347
Frame 1833	1117.73
Frame 1834	1094.48
Frame 1835	998.858
Frame 1836	1003.92
Frame 1837	1143.07
Frame 1838	1010.08
Frame 1839	998.602
Frame 1840	1142.4
Frame 1841	1044.7
Frame 1842	1230.23
Frame 1843	1232.34
Frame 1844	1191.73
Frame 1845	1045.62
Frame 1846	1067.79
Frame 1847	1102.05
Frame 1848	1213.7
Frame 1849	939.427
Frame 1850	1264.73
Frame 1851	1038.5
Frame 1852	987.115
Frame 1853	1045.19
Frame 1854	1103.05
Frame 1855	979.784
Frame 1856	1106.55
Frame 1857	1209.95
Frame 1858	1191.4
Frame 1859	1094.69
Frame 1860	1012.92
Frame 1861	1031.37
Frame 1862	1071.27
Frame 1863	1092.06
Frame 1864	1065.97
Frame 1865	943.103
Frame 1866	1013.42
Frame 1867	979.924
Frame 1868	995.387
Frame 1869	902.424
Frame 1870	1048.88
Frame 1871	922.5
Frame 1872	1157.38
Frame 1873	1051.51
Frame 1874	1033.51
Frame 1875	875.245
Frame 1876	892.512
Frame 1877	962.847
Frame 1878	1079.33
Frame 1879	1236.59
Frame 1880	935.562
Frame 1881	1110.43
Frame 1882	991.835
Frame 1883	975.161
Frame 1884	855.265
Frame 1885	1022.8
Frame 1886	937.598
Frame 1887	1167.07
Frame 1888	1004.24
Frame 1889	1039.17
Frame 1890	1274.36
Frame 1891	1278.68
Frame 1892	1102.55
Frame 1893	1124.1
Frame 1894	851.884
Frame 1895	1107.48
Frame 1896	1054.26
Frame 1897	1079.96
Frame 1898	998.151
Frame 1899	1115.15
Frame 1900	1206.6
Frame 1901	1041.02
Frame 1902	908.674
Frame 1903	1113.57
Frame 1904	1075.01
Frame 1905	1054.94
Frame 1906	1011.48
Frame 1907	1167.78
Frame 1908	1061.45
Frame 1909	1177.68
Frame 1910	1041.24
Frame 1911	997.751
Frame 1912	1033.57
Frame 1913	1098.84
Frame 1914	1183.62
Frame 1915	1067.18
Frame 1916	1025.18
Frame 1917	1157.63
Frame 1918	1060.15
Frame 1919	1000.32
Frame 1920	1101.07
Frame 1921	897.963
Frame 1922	1065.17
Frame 1923	1098.79
Frame 1924	1116.36
Frame 1925	1341.54
Frame 1926	905.579
Frame 1927	1088.75
Frame 1928	974.784
Frame 1929	1035.15
Frame 1930	1216.92
Frame 1931	1031.71
Frame 1932	958.894
Frame 1933	1013.2
Frame 1934	1216.21
Frame 1935	1236.69
Frame 1936	1087.38
Frame 1937	1059.18
Frame 1938	1042.71
Frame 1939	1186.27
Frame 1940	1247.8
Frame 1941	1196.1
Frame 1942	997.761
Frame 1943	865.89
Frame 1944	1015.44
Frame 1945	1044.02
Frame 1946	1028.83
Frame 1947	1017.97
Frame 1948	1085.63
Frame 1949	1209.54
Frame 1950	1186.49
Frame 1951	1024.42
Frame 1952	1069.03
Frame 1953	1064.85
Frame 1954	1166.85
Frame 1955	1179.15
Frame 1956	954.59
Frame 1957	982.412
Frame 1958	974.244
Frame 1959	998.856
Frame 1960	957.156
Frame 1961	1008.86
Frame 1962	997.06
Frame 1963	961.484
Frame 1964	962.596
Frame 1965	896.607
Frame 1966	973.005
Frame 1967	891.884
Frame 1968	1083.91
Frame 1969	971.168
Frame 1970	1217.31
Frame 1971	951.7
Frame 1972	1039.82
Frame 1973	985.39
Frame 1974	1009.02
Frame 1975	1228.76
Frame 1976	966.349
Frame 1977	963.694
Frame 1978	864.663
Frame 1979	886.724
Frame 1980	989.27
Frame 1981	1232.39
Frame 1982	1106.42
Frame 1983	937.915
Frame 1984	1106.93
Frame 1985	960.562
Frame 1986	1196.74
Frame 1987	1078.89
Frame 1988	988.821
Frame 1989	1148.65
Frame 1990	981.763
Frame 1991	1087.98
Frame 1992	1004.17
Frame 1993	1061.99
Frame 1994	955.602
Frame 1995	835.333
Frame 1996	1015.83
Frame 1997	1127.32
Frame 1998	1135.39
Frame 1999	1167.92
Frame 2000	1042.06
Frame 2001	1233.88
Frame 2002	1352.28
Frame 2003	1166.71
Frame 2004	1247.43
Frame 2005	1079.43
Frame 2006	1077.62
Frame 2007	1194.42
Frame 2008	1183
Frame 2009	1018.82
Frame 2010	1236.63
Frame 2011	1081.27
Frame 2012	1214.01
Frame 2013	1225.97
Frame 2014	1282.46
Frame 2015	1361.34
Frame 2016	1252.95
Frame 2017	1285.99
Frame 2018	1210.4
Frame 2019	1279.78
Frame 2020	1185.84
Frame 2021	1444.02
Frame 2022	1164.89
Frame 2023	1261.39
Frame 2024	1247
Frame 2025	1322.87
Frame 2026	1406.63
Frame 2027	1405.24
Frame 2028	1467.79
Frame 2029	1172.58
Frame 2030	1221.85
Frame 2031	1300.73
Frame 2032	1280.76
Frame 2033	1296.6
Frame 2034	1124.02
Frame 2035	1226.86
Frame 2036	1160.93
Frame 2037	1043.64
Frame 2038	1232.99
Frame 2039	1150.25
Frame 2040	1112.4
Frame 2041	1158.15
Frame 2042	1134.04
Frame 2043	1170.21
Frame 2044	1089.23
Frame 2045	1236.24
Frame 2046	1174.68
Frame 2047	950.429
Frame 2048	1066.65
Frame 2049	962.485
Frame 2050	967.764
Frame 2051	1036.67
Frame 2052	1132.13
Frame 2053	930.379
Frame 2054	946.635
Frame 2055	1006.07
Frame 2056	1007.41
Frame 2057	1178.26
Frame 2058	1100.74
Frame 2059	1157.39
Frame 2060	1227.79
Frame 2061	1276.84
Frame 2062	1100.27
Frame 2063	1079.98
Frame 2064	1085.98
Frame 2065	1241.26
Frame 2066	1549.94
Frame 2067	1218.69
Frame 2068	1117.79
Frame 2069	1130.69
Frame 2070	997.66
Frame 2071	1258.34
Frame 2072	1013.13
Frame 2073	1121.18
Frame 2074	1122.04
Frame 2075	1078.44
Frame 2076	1072.91
Frame 2077	998.63
Frame 2078	1132.06
Frame 2079	1066.61
Frame 2080	1246.92
Frame 2081	942.173
Frame 2082	1172.01
Frame 2083	1027.81
Frame 2084	1389.43
Frame 2085	1210.77
Frame 2086	1065.38
Frame 2087	1071.66
Frame 2088	1054.34
Frame 2089	1057.29
Frame 2090	903.276
Frame 2091	944.859
Frame 2092	975.043
Frame 2093	995.719
Frame 2094	1144.48
Frame 2095	1096.89
Frame 2096	974.614
Frame 2097	965.913
Frame 2098	945.777
Frame 2099	976.403
Frame 2100	1120.79
Frame 2101	1158.89
Frame 2102	1004.4
Frame 2103	814.711
Frame 2104	920.772
Frame 2105	913.521
Frame 2106	927.611
Frame 2107	969.674
Frame 2108	906.645
Frame 2109	911.596
Frame 2110	896.899
Frame 2111	872.355
Frame 2112	1007.68
Frame 2113	1058.31
Frame 2114	964.69
Frame 2115	1032.43
Frame 2116	992.01
Frame 2117	808.156
Frame 2118	967.667
Frame 2119	1005.37
Frame 2120	803.865
Frame 2121	1106.43
Frame 2122	963.718
Frame 2123	806.921
Frame 2124	905.457
Frame 2125	850.114
Frame 2126	970.766
Frame 2127	896.04
Frame 2128	863.167
Frame 2129	914.607
Frame 2130	850.057
Frame 2131	1011.48
Frame 2132	852.617
Frame 2133	859.455
Frame 2134	1040.65
Frame 2135	1055.36
Frame 2136	988.538
Frame 2137	1029.46
Frame 2138	990.074
Frame 2139	1001.29
Frame 2140	1070.8
Frame 2141	938.113
Frame 2142	943.971
Frame 2143	993.573
Frame 2144	845.997
Frame 2145	1008.3
Frame 2146	1019.3
Frame 2147	1017.43
Frame 2148	1081.87
Frame 2149	945.033
Frame 2150	806.54
Frame 2151	925.575
Frame 2152	1072.97
Frame 2153	1268.69
Frame 2154	1059.95
Frame 2155	881.081
Frame 2156	1134.31
Frame 2157	1219.34
Frame 2158	1094.09
Frame 2159	1027.66
Frame 2160	998.784
Frame 2161	980.363
Frame 2162	996.901
Frame 2163	981.611
Frame 2164	774.318
Frame 2165	1197.04
Frame 2166	1197.49
Frame 2167	1157.07
Frame 2168	1171.39
Frame 2169	988.726
Frame 2170	963.759
Frame 2171	1119.84
Frame 2172	1101.08
Frame 2173	1092.17
Frame 2174	967.59
Frame 2175	1074.51
Frame 2176	955.208
Frame 2177	1028.81
Frame 2178	901.392
Frame 2179	937.351
Frame 2180	1002.24
Frame 2181	924.034
Frame 2182	873.969
Frame 2183	963.071
Frame 2184	956.653
Frame 2185	1011.35
Frame 2186	955.625
Frame 2187	1034.13
Frame 2188	910.068
Frame 2189	879.212
Frame 2190	903.048
Frame 2191	921.133
Frame 2192	896.077
Frame 2193	1009.12
Frame 2194	893.473
Frame 2195	1046.84
Frame 2196	988.319
Frame 2197	985.751
Frame 2198	906.924
Frame 2199	987.693
Frame 2200	1166.02
Frame 2201	914.292
Frame 2202	1035.05
Frame 2203	1032.04
Frame 2204	938.08
Frame 2205	893.629
Frame 2206	1092.35
Frame 2207	996.143
Frame 2208	1047.19
Frame 2209	884.329
Frame 2210	998.243
Frame 2211	957.643
Frame 2212	925.383
Frame 2213	1015.62
Frame 2214	952.184
Frame 2215	804.941
Frame 2216	939.745
Frame 2217	891.62
Frame 2218	1133.33
Frame 2219	971.532
Frame 2220	1051.68
Frame 2221	1082.36
Frame 2222	1056.55
Frame 2223	1002.29
Frame 2224	982.233
Frame 2225	1081.36
Frame 2226	859.775
Frame 2227	894.885
Frame 2228	978.14
Frame 2229	983.216
Frame 2230	941.217
Frame 2231	882.808
Frame 2232	980.544
Frame 2233	1098.01
Frame 2234	820.106
Frame 2235	861.995
Frame 2236	973.122
Frame 2237	899.064
Frame 2238	995.277
Frame 2239	912.416
Frame 2240	879.99
Frame 2241	842.998
Frame 2242	1028.57
Frame 2243	1079.5
Frame 2244	940.884
Frame 2245	773.584
Frame 2246	986.739
Frame 2247	807.436
Frame 2248	785.514
Frame 2249	861.811
Frame 2250	959.981
Frame 2251	992.993
Frame 2252	1078.4
Frame 2253	1219.51
Frame 2254	983.368
Frame 2255	995.316
Frame 2256	916.041
Frame 2257	1003.74
Frame 2258	1076.62
Frame 2259	1044.84
Frame 2260	1091.62
Frame 2261	978.909
Frame 2262	876.16
Frame 2263	775.532
Frame 2264	886.223
Frame 2265	785.361
Frame 2266	1046.02
Frame 2267	952.878
Frame 2268	808.786
Frame 2269	936.577
Frame 2270	880.718
Frame 2271	1088.56
Frame 2272	1011.95
Frame 2273	1071.42
Frame 2274	1030.74
Frame 2275	997.609
Frame 2276	963.149
Frame 2277	1079.64
Frame 2278	990.936
Frame 2279	960.554
Frame 2280	812.611
Frame 2281	1050.38
Frame 2282	981.023
Frame 2283	993.199
Frame 2284	959.517
Frame 2285	966.055
Frame 2286	984.374
Frame 2287	968.859
Frame 2288	805.373
Frame 2289	956.281
Frame 2290	945.796
Frame 2291	799.131
Frame 2292	900.288
Frame 2293	911.441
Frame 2294	955.656
Frame 2295	962.986
Frame 2296	849.478
Frame 2297	1135.08
Frame 2298	1051.88
Frame 2299	847.644
Frame 2300	983.035
Frame 2301	1133.59
Frame 2302	912.431
Frame 2303	877.749
Frame 2304	899.119
Frame 2305	1165.99
Frame 2306	865.971
Frame 2307	818.419
Frame 2308	970.167
Frame 2309	1090.28
Frame 2310	997.287
Frame 2311	901.175
Frame 2312	863.223
Frame 2313	909.92
Frame 2314	793.685
Frame 2315	1002.75
Frame 2316	1047.33
Frame 2317	853.795
Frame 2318	1090.64
Frame 2319	970.991
Frame 2320	907.787
Frame 2321	828.807
Frame 2322	989.726
Frame 2323	877.692
Frame 2324	790.519
Frame 2325	778.317
Frame 2326	924.585
Frame 2327	864.091
Frame 2328	939.418
Frame 2329	1110.82
Frame 2330	957.659
Frame 2331	1036.65
Frame 2332	787.272
Frame 2333	896.514
Frame 2334	829.752
Frame 2335	889.519
Frame 2336	768.367
Frame 2337	859.923
Frame 2338	856.662
Frame 2339	925.788
Frame 2340	878.962
Frame 2341	854.051
Frame 2342	703.444
Frame 2343	798.554
Frame 2344	713.877
Frame 2345	940.704
Frame 2346	954.659
Frame 2347	973.633
Frame 2348	789.613
Frame 2349	891.132
Frame 2350	900.534
Frame 2351	919.013
Frame 2352	892.322
Frame 2353	1087.17
Frame 2354	1000.09
Frame 2355	1050.67
Frame 2356	1200.34
Frame 2357	1032.24
Frame 2358	828.008
Frame 2359	796.265
Frame 2360	772.262
Frame 2361	699.252
Frame 2362	745.166
Frame 2363	903.34
Frame 2364	965.954
Frame 2365	924.688
Frame 2366	1021.04
Frame 2367	817.637
Frame 2368	1023.54
Frame 2369	871.411
Frame 2370	814.373
Frame 2371	895.515
Frame 2372	806.705
Frame 2373	848.459
Frame 2374	780.905
Frame 2375	769.847
Frame 2376	727.702
Frame 2377	860.945
Frame 2378	950.043
Frame 2379	1022.09
Frame 2380	780.645
Frame 2381	697.645
Frame 2382	678.825
Frame 2383	772.498
Frame 2384	704.924
Frame 2385	798.193
Frame 2386	800.675
Frame 2387	799.953
Frame 2388	707.96
Frame 2389	1054.03
Frame 2390	894.193
Frame 2391	751.788
Frame 2392	751.265
Frame 2393	859.236
Frame 2394	756.091
Frame 2395	826.825
Frame 2396	730.578
Frame 2397	917.945
Frame 2398	635.767
Frame 2399	873.482
Frame 2400	932.172
Frame 2401	927.808
Frame 2402	935.023
Frame 2403	1032.12
Frame 2404	1087.72
Frame 2405	944.798
Frame 2406	797.36
Frame 2407	850.7
Frame 2408	1016.72
Frame 2409	1064.55
Frame 2410	1097.67
Frame 2411	1005.02
Frame 2412	1075.5
Frame 2413	953.431
Frame 2414	1068.94
Frame 2415	1092.66
Frame 2416	963.585
Frame 2417	959.716
Frame 2418	975.644
Frame 2419	1163.02
Frame 2420	1153.09
Frame 2421	877.412
Frame 2422	856.557
Frame 2423	1081.24
Frame 2424	893.092
Frame 2425	827.725
Frame 2426	727.433
Frame 2427	819.965
Frame 2428	714.008
Frame 2429	848.301
Frame 2430	863.432
Frame 2431	749.766
Frame 2432	850.083
Frame 2433	930.264
Frame 2434	1012.37
Frame 2435	821.823
Frame 2436	777.278
Frame 2437	747.969
Frame 2438	816.61
Frame 2439	742.537
Frame 2440	750.758
Frame 2441	931.604
Frame 2442	631.982
Frame 2443	862.213
Frame 2444	764.278
Frame 2445	751.477
Frame 2446	770.287
Frame 2447	806.88
Frame 2448	859.995
Frame 2449	846.035
Frame 2450	782.356
Frame 2451	796.718
Frame 2452	866.44
Frame 2453	867.581
Frame 2454	1005.85
Frame 2455	894.209
Frame 2456	750.85
Frame 2457	695.915
Frame 2458	664.966
Frame 2459	912.273
Frame 2460	823.299
Frame 2461	788.81
Frame 2462	901.962
Frame 2463	735.454
Frame 2464	750.32
Frame 2465	781.227
Frame 2466	1093.47
Frame 2467	888.637
Frame 2468	801.674
Frame 2469	812.021
Frame 2470	957.37
Frame 2471	855.779
Frame 2472	881.386
Frame 2473	836.691
Frame 2474	1025.75
Frame 2475	806.48
Frame 2476	1067.6
Frame 2477	934.158
Frame 2478	990.9
Frame 2479	982.674
Frame 2480	835.989
Frame 2481	797.691
Frame 2482	1096.53
Frame 2483	1138.38
Frame 2484	1225.94
Frame 2485	984.508
Frame 2486	993.376
Frame 2487	1054.03
Frame 2488	1141.61
Frame 2489	986.345
Frame 2490	1039.42
Frame 2491	882.371
Frame 2492	642.949
Frame 2493	758.432
Frame 2494	775.332
Frame 2495	699.887
Frame 2496	830.645
Frame 2497	934.719
Frame 2498	791.443
Frame 2499	858.429
Frame 2500	809.941
Frame 2501	850.365
Frame 2502	913.168
Frame 2503	867.122
Frame 2504	818.022
Frame 2505	860.61
Frame 2506	792.361
Frame 2507	749.827
Frame 2508	539.022
Frame 2509	790.712
Frame 2510	797.645
Frame 2511	963.891
Frame 2512	923.554
Frame 2513	795.798
Frame 2514	948.413
Frame 2515	947.385
Frame 2516	950.732
Frame 2517	962.624
Frame 2518	957.123
Frame 2519	931.381
Frame 2520	839.595
Frame 2521	859.913
Frame 2522	826.621
Frame 2523	1091.44
Frame 2524	883.356
Frame 2525	859.97
Frame 2526	884.818
Frame 2527	867.693
Frame 2528	1016.07
Frame 2529	971.623
Frame 2530	797.647
Frame 2531	806.465
Frame 2532	895.255
Frame 2533	1076.01
Frame 2534	1066.41
Frame 2535	882.529
Frame 2536	962.565
Frame 2537	882.368
Frame 2538	885.126
Frame 2539	850.394
Frame 2540	820.778
Frame 2541	864.408
Frame 2542	986.352
Frame 2543	799.133
Frame 2544	911.459
Frame 2545	984.737
Frame 2546	1166.84
Frame 2547	868.847
Frame 2548	824.713
Frame 2549	915.649
Frame 2550	885.364
Frame 2551	939.654
Frame 2552	942.026
Frame 2553	884.408
Frame 2554	1054.45
Frame 2555	872.984
Frame 2556	963.05
Frame 2557	1053.91
Frame 2558	1083.44
Frame 2559	1110.18
Frame 2560	1089
Frame 2561	924.891
Frame 2562	1072.63
Frame 2563	1165.24
Frame 2564	1126.71
Frame 2565	1080.75
Frame 2566	1261.96
Frame 2567	1255.66
Frame 2568	1063.4
Frame 2569	1167.78
Frame 2570	1285.8
Frame 2571	1163.96
Frame 2572	1086.95
Frame 2573	876.28
Frame 2574	1265.48
Frame 2575	824.793
Frame 2576	935.749
Frame 2577	1028.4
Frame 2578	1074.78
Frame 2579	880.161
Frame 2580	900.165
Frame 2581	901.901
Frame 2582	801.257
Frame 2583	804.607
Frame 2584	1033.75
Frame 2585	947.647
Frame 2586	1112.04
Frame 2587	1130.47
Frame 2588	1135.54
Frame 2589	887.1
Frame 2590	1109.73
Frame 2591	773.391
Frame 2592	769.567
Frame 2593	753.224
Frame 2594	856.536
Frame 2595	726.302
Frame 2596	667.211
Frame 2597	693.523
Frame 2598	803.746
Frame 2599	959.664
Frame 2600	871.838
Frame 2601	893.567
Frame 2602	721.62
Frame 2603	1009.49
Frame 2604	916.238
Frame 2605	1115.48
Frame 2606	1008.02
Frame 2607	940.514
Frame 2608	769.256
Frame 2609	876.447
Frame 2610	792.813
Frame 2611	814.634
Frame 2612	772.138
Frame 2613	630.448
Frame 2614	693.536
Frame 2615	765.672
Frame 2616	627.145
Frame 2617	705.772
Frame 2618	857.461
Frame 2619	792.59
Frame 2620	735.359
Frame 2621	950.857
Frame 2622	769.766
Frame 2623	798.156
Frame 2624	838.612
Frame 2625	1018.37
Frame 2626	1004.36
Frame 2627	809.956
Frame 2628	960.005
Frame 2629	884.241
Frame 2630	1070.24
Frame 2631	879.726
Frame 2632	902.412
Frame 2633	945.273
Frame 2634	1024.76
Frame 2635	801.68
Frame 2636	785.198
Frame 2637	828.06
Frame 2638	1049.2
Frame 2639	981.915
Frame 2640	970.879
Frame 2641	1031.81
Frame 2642	1078.61
Frame 2643	1054.88
Frame 2644	1107.59
Frame 2645	990.085
Frame 2646	769.089
Frame 2647	946.316
Frame 2648	1027.13
Frame 2649	895.16
Frame 2650	943.542
Frame 2651	1037.45
Frame 2652	841.238
Frame 2653	1151.53
Frame 2654	1278.44
Frame 2655	1139.13
Frame 2656	987.914
Frame 2657	1099.32
Frame 2658	1059.71
Frame 2659	951.766
Frame 2660	764.503
Frame 2661	866.15
Frame 2662	858.909
Frame 2663	874.949
Frame 2664	817.029
Frame 2665	906.064
Frame 2666	802.692
Frame 2667	778.085
Frame 2668	794.813
Frame 2669	794.924
Frame 2670	820.912
Frame 2671	916.817
Frame 2672	696.641
Frame 2673	761.423
Frame 2674	959.17
Frame 2675	1059.53
Frame 2676	922.847
Frame 2677	911.524
Frame 2678	963.789
Frame 2679	961.823
Frame 2680	859.603
Frame 2681	1006.78
Frame 2682	1172.93
Frame 2683	1167.86
Frame 2684	989.748
Frame 2685	898.448
Frame 2686	902.479
Frame 2687	986.556
Frame 2688	953.894
Frame 2689	1186.83
Frame 2690	942.906
Frame 2691	947.992
Frame 2692	1063.48
Frame 2693	970.11
Frame 2694	1114.44
Frame 2695	883.034
Frame 2696	1120.27
Frame 2697	969.79
Frame 2698	1471.97
Frame 2699	1171.49
Frame 2700	1107.85
Frame 2701	911.473
Frame 2702	1181.48
Frame 2703	1104.2
Frame 2704	1080.53
Frame 2705	997.152
Frame 2706	853.765
Frame 2707	1062.18
Frame 2708	943.444
Frame 2709	991.619
Frame 2710	999.009
Frame 2711	850.973
Frame 2712	732.33
Frame 2713	799.506
Frame 2714	741.288
Frame 2715	884.629
Frame 2716	895.287
Frame 2717	844.802
Frame 2718	850.911
Frame 2719	954.909
Frame 2720	942.419
Frame 2721	848.666
Frame 2722	872.659
Frame 2723	1090.38
Frame 2724	1009.79
Frame 2725	1081.07
Frame 2726	806.031
Frame 2727	826.878
Frame 2728	841.237
Frame 2729	951.307
Frame 2730	900.916
Frame 2731	826.329
Frame 2732	851.085
Frame 2733	904.098
Frame 2734	817.446
Frame 2735	893.445
Frame 2736	896.975
Frame 2737	903.564
Frame 2738	821.249
Frame 2739	1050.83
Frame 2740	1002.92
Frame 2741	1087.36
Frame 2742	834.855
Frame 2743	887.478
Frame 2744	1230.16
Frame 2745	960.345
Frame 2746	1161.19
Frame 2747	936.47
Frame 2748	1121.65
Frame 2749	1009.98
Frame 2750	1065.69
Frame 2751	1122.87
Frame 2752	983.949
Frame 2753	1291.02
Frame 2754	1402.42
Frame 2755	1107.74
Frame 2756	999.031
Frame 2757	943.828
Frame 2758	996.012
Frame 2759	896.818
Frame 2760	1013.65
Frame 2761	932.613
Frame 2762	1035.96
Frame 2763	977.466
Frame 2764	1025.12
Frame 2765	1041.34
Frame 2766	1052.13
Frame 2767	1030.46
Frame 2768	1260.98
Frame 2769	1022.38
Frame 2770	985.279
Frame 2771	1026.74
Frame 2772	1073.19
Frame 2773	1127.45
Frame 2774	1030.8
Frame 2775	1095.78
Frame 2776	1206.22
Frame 2777	1224.15
Frame 2778	1036.02
Frame 2779	1176.99
Frame 2780	1072.63
Frame 2781	1173.78
Frame 2782	1051.17
Frame 2783	1026.62
Frame 2784	1144.78
Frame 2785	1032.34
Frame 2786	1110.82
Frame 2787	1184.95
Frame 2788	1007.67
Frame 2789	1130.23
Frame 2790	962.921
Frame 2791	1124.02
Frame 2792	835.908
Frame 2793	1009.14
Frame 2794	1080.73
Frame 2795	1081.33
Frame 2796	996.112
Frame 2797	1045.9
Frame 2798	935.738
Frame 2799	991.959
Frame 2800	1008.76
Frame 2801	1090.19
Frame 2802	1012.03
Frame 2803	754.942
Frame 2804	779.449
Frame 2805	793.127
Frame 2806	740.132
Frame 2807	747.772
Frame 2808	773.668
Frame 2809	862.741
Frame 2810	906.439
Frame 2811	736.093
Frame 2812	919.473
Frame 2813	1015.82
Frame 2814	950.343
Frame 2815	843.868
Frame 2816	779.739
Frame 2817	663.375
Frame 2818	818.864
Frame 2819	848.294
Frame 2820	658.728
Frame 2821	687.429
Frame 2822	879.878
Frame 2823	715.824
Frame 2824	837.362
Frame 2825	767.832
Frame 2826	793.847
Frame 2827	712.25
Frame 2828	700.162
Frame 2829	675.83
Frame 2830	722.418
Frame 2831	716.333
Frame 2832	650.272
Frame 2833	636.317
Frame 2834	602.78
Frame 2835	668.028
Frame 2836	693.573
Frame 2837	699.491
Frame 2838	788.773
Frame 2839	828.533
Frame 2840	904.572
Frame 2841	662.419
Frame 2842	837.368
Frame 2843	763.672
Frame 2844	799.845
Frame 2845	854.084
Frame 2846	746.548
Frame 2847	838.044
Frame 2848	1067.33
Frame 2849	839.372
Frame 2850	740.737
Frame 2851	802.615
Frame 2852	692.163
Frame 2853	788.137
Frame 2854	905.913
Frame 2855	867.038
Frame 2856	789.235
Frame 2857	685.445
Frame 2858	952.329
Frame 2859	745.687
Frame 2860	892.178
Frame 2861	845.264
Frame 2862	740.366
Frame 2863	981.297
Frame 2864	909.11
Frame 2865	884.793
Frame 2866	855.597
Frame 2867	765.907
Frame 2868	801.094
Frame 2869	831.823
Frame 2870	948.83
Frame 2871	732.447
Frame 2872	780.472
Frame 2873	727.581
Frame 2874	768.256
Frame 2875	734.842
Frame 2876	683.192
Frame 2877	857.622
Frame 2878	892.069
Frame 2879	879.658
Frame 2880	856.224
Frame 2881	997.92
Frame 2882	977.714
Frame 2883	1104.04
Frame 2884	1257.82
Frame 2885	1298.21
Frame 2886	1213.8
Frame 2887	1196.5
Frame 2888	982.168
Frame 2889	1091.43
Frame 2890	1058.42
Frame 2891	1196.9
Frame 2892	906.285
Frame 2893	1009.37
Frame 2894	1073.41
Frame 2895	1076.62
Frame 2896	1099.89
Frame 2897	1058.35
Frame 2898	1024.22
Frame 2899	910.679
Frame 2900	1080.14
Frame 2901	1148.63
Frame 2902	1144.53
Frame 2903	1071.46
Frame 2904	1202.73
Frame 2905	1008.93
Frame 2906	900.593
Frame 2907	786.169
Frame 2908	959.672
Frame 2909	1047.38
Frame 2910	906.172
Frame 2911	1029.34
Frame 2912	909.018
Frame 2913	1101.03
Frame 2914	1037.5
Frame 2915	1023.92
Frame 2916	1070.37
Frame 2917	1117.8
Frame 2918	1075.89
Frame 2919	1135.07
Frame 2920	913.181
Frame 2921	909.335
Frame 2922	948.457
Frame 2923	1064.05
Frame 2924	916.232
Frame 2925	1061.37
Frame 2926	1035.3
Frame 2927	1079.67
Frame 2928	970.726
Frame 2929	1020.34
Frame 2930	1045.16
Frame 2931	974.689
Frame 2932	1091.1
Frame 2933	971.799
Frame 2934	1032.48
Frame 2935	1034.38
Frame 2936	860.516
Frame 2937	971.559
Frame 2938	1157.15
Frame 2939	1062.86
Frame 2940	1216.09
Frame 2941	1334.46
Frame 2942	1270.64
Frame 2943	1052.48
Frame 2944	1058.56
Frame 2945	1306.2
Frame 2946	1174.65
Frame 2947	1252.28
Frame 2948	1275.96
Frame 2949	1093.49
Frame 2950	1120.93
Frame 2951	1355.31
Frame 2952	1367.99
Frame 2953	1141.08
Frame 2954	1040.99
Frame 2955	1061.22
Frame 2956	920.061
Frame 2957	964.476
Frame 2958	828.817
Frame 2959	894.976
Frame 2960	1001.04
Frame 2961	873.583
Frame 2962	956.329
Frame 2963	835.952
Frame 2964	933.553
Frame 2965	803.219
Frame 2966	823.815
Frame 2967	916.286
Frame 2968	975.902
Frame 2969	984.368
Frame 2970	998.832
Frame 2971	936.168
Frame 2972	1101.73
Frame 2973	1205.18
Frame 2974	1036.5
Frame 2975	1230.91
Frame 2976	1009.37
Frame 2977	964.863
Frame 2978	957.27
Frame 2979	1018.87
Frame 2980	1055.68
Frame 2981	1265.15
Frame 2982	828.368
Frame 2983	1033.6
Frame 2984	952.338
Frame 2985	1045.99
Frame 2986	1019.07
Frame 2987	920.689
Frame 2988	942.502
Frame 2989	902.655
Frame 2990	918.459
Frame 2991	943.82
Frame 2992	847.444
Frame 2993	854.697
Frame 2994	900.098
Frame 2995	807.184
Frame 2996	1023.44
Frame 2997	874.713
Frame 2998	932.486
Frame 2999	798.746
Frame 3000	928.967
Frame 3001	915.438
Frame 3002	840.91
Frame 3003	1104.28
Frame 3004	854.827
Frame 3005	847.706
Frame 3006	920.512
Frame 3007	1050.18
Frame 3008	892.18
Frame 3009	825.397
Frame 3010	869.578
Frame 3011	940.858
Frame 3012	802.404
Frame 3013	929.124
Frame 3014	982.472
Frame 3015	880.349
Frame 3016	791.026
Frame 3017	1067.08
Frame 3018	1151.75
Frame 3019	1027.99
Frame 3020	1194.95
Frame 3021	932.991
Frame 3022	1160.19
Frame 3023	1031.89
Frame 3024	1420.4
Frame 3025	1301.73
Frame 3026	1146.4
Frame 3027	1183.63
Frame 3028	1266.43
Frame 3029	992.176
Frame 3030	927.891
Frame 3031	1064.28
Frame 3032	1007.91
Frame 3033	824.817
Frame 3034	889.964
Frame 3035	1120.79
Frame 3036	894.051
Frame 3037	975.359
Frame 3038	852.835
Frame 3039	771.979
Frame 3040	968.735
Frame 3041	873.906
Frame 3042	922.95
Frame 3043	1010.19
Frame 3044	958.581
Frame 3045	864.164
Frame 3046	1139.28
Frame 3047	1184.65
Frame 3048	798.544
Frame 3049	810.286
Frame 3050	856.986
Frame 3051	923.52
Frame 3052	870.542
Frame 3053	784.154
Frame 3054	791.332
Frame 3055	873.697
Frame 3056	989.338
Frame 3057	1097.83
Frame 3058	1025.43
Frame 3059	927.421
Frame 3060	891.851
Frame 3061	808.689
Frame 3062	873.35
Frame 3063	976.959
Frame 3064	925.802
Frame 3065	734.272
Frame 3066	849.767
Frame 3067	915.695
Frame 3068	896.1
Frame 3069	869.763
Frame 3070	912.539
Frame 3071	945.207
Frame 3072	904.347
Frame 3073	930.081
Frame 3074	1100.82
Frame 3075	925.237
Frame 3076	810.974
Frame 3077	865.617
Frame 3078	877.259
Frame 3079	992.025
Frame 3080	934.165
Frame 3081	814.128
Frame 3082	999.371
Frame 3083	1016.54
Frame 3084	1048.93
Frame 3085	898.401
Frame 3086	886.152
Frame 3087	941.625
Frame 3088	920.933
Frame 3089	866.12
Frame 3090	904.512
Frame 3091	897.108
Frame 3092	1071.05
Frame 3093	799.87
Frame 3094	734.415
Frame 3095	823.401
Frame 3096	982.864
Frame 3097	976.178
Frame 3098	1127.53
Frame 3099	1086.01
Frame 3100	1123.85
Frame 3101	1070.61
Frame 3102	1154.97
Frame 3103	1033.03
Frame 3104	944.179
Frame 3105	964.725
Frame 3106	1120.72
Frame 3107	864.821
Frame 3108	998.087
Frame 3109	1116.81
Frame 3110	1050.37
Frame 3111	1017.05
Frame 3112	1027.36
Frame 3113	924.632
Frame 3114	735.68
Frame 3115	849.364
Frame 3116	933.069
Frame 3117	1092.31
Frame 3118	906.091
Frame 3119	885.701
Frame 3120	957.429
Frame 3121	794.394
Frame 3122	882.996
Frame 3123	925.507
Frame 3124	891.38
Frame 3125	875.789
Frame 3126	818.159
Frame 3127	836.535
Frame 3128	938.455
Frame 3129	948.137
Frame 3130	955.393
Frame 3131	1052.25
Frame 3132	993.158
Frame 3133	1017.1
Frame 3134	1191.16
Frame 3135	991.512
Frame 3136	873.137
Frame 3137	1198.79
Frame 3138	1000.66
Frame 3139	850.647
Frame 3140	939.121
Frame 3141	968.271
Frame 3142	1077.09
Frame 3143	1007.55
Frame 3144	1146.54
Frame 3145	1035.97
Frame 3146	1150.22
Frame 3147	1047.09
Frame 3148	1070.62
Frame 3149	1153.26
Frame 3150	1075.69
Frame 3151	1046.05
Frame 3152	1291.43
Frame 3153	1075.63
Frame 3154	984.734
Frame 3155	1188.61
Frame 3156	1025.53
Frame 3157	1006.72
Frame 3158	1128.48
Frame 3159	980.112
Frame 3160	1225.58
Frame 3161	1233.41
Frame 3162	928.927
Frame 3163	1164.37
Frame 3164	1126.92
Frame 3165	1014.69
Frame 3166	1079.6
Frame 3167	1029.24
Frame 3168	983.31
Frame 3169	948.835
Frame 3170	1062.46
Frame 3171	1250.44
Frame 3172	1184.83
Frame 3173	1094.16
Frame 3174	1124.01
Frame 3175	1072.74
Frame 3176	963.383
Frame 3177	1000.23
Frame 3178	984.62
Frame 3179	897.391
Frame 3180	910.076
Frame 3181	911.563
Frame 3182	835.224
Frame 3183	983.345
Frame 3184	775.159
Frame 3185	995.964
Frame 3186	923.475
Frame 3187	864.904
Frame 3188	994.792
Frame 3189	1029.07
Frame 3190	975.352
Frame 3191	958.365
Frame 3192	922.539
Frame 3193	945.337
Frame 3194	797.447
Frame 3195	1028.9
Frame 3196	1027.54
Frame 3197	948.548
Frame 3198	898.536
Frame 3199	1021.38
Frame 3200	970.492
Frame 3201	955.094
Frame 3202	1058.48
Frame 3203	865.673
Frame 3204	959.916
Frame 3205	760.493
Frame 3206	703.725
Frame 3207	974.784
Frame 3208	1153.53
Frame 3209	965.912
Frame 3210	790.281
Frame 3211	1070.9
Frame 3212	941.298
Frame 3213	896.354
Frame 3214	1029.5
Frame 3215	901.909
Frame 3216	886.66
Frame 3217	906.967
Frame 3218	1080.35
Frame 3219	1007.34
Frame 3220	1423.95
Frame 3221	1038.61
Frame 3222	860.777
Frame 3223	1104.74
Frame 3224	1128.93
Frame 3225	1153.44
Frame 3226	1152.75
Frame 3227	1177.81
Frame 3228	1183.39
Frame 3229	1074.43
Frame 3230	1053.61
Frame 3231	1105.12
Frame 3232	999.466
Frame 3233	1080.48
Frame 3234	920.949
Frame 3235	1045.1
Frame 3236	750.676
Frame 3237	1219.89
Frame 3238	951.264
Frame 3239	887.918
Frame 3240	914.537
Frame 3241	1047.07
Frame 3242	1019.03
Frame 3243	1004.01
Frame 3244	1027.71
Frame 3245	895.92
Frame 3246	1077.93
Frame 3247	1029.01
Frame 3248	1038.93
Frame 3249	789.406
Frame 3250	1013.96
Frame 3251	956.587
Frame 3252	843.489
Frame 3253	926.394
Frame 3254	998.499
Frame 3255	872.218
Frame 3256	1112.23
Frame 3257	935.173
Frame 3258	1077.57
Frame 3259	1038.72
Frame 3260	1106.74
Frame 3261	929.338
Frame 3262	983.482
Frame 3263	1122.83
Frame 3264	973.041
Frame 3265	928.559
Frame 3266	1054.41
Frame 3267	891.357
Frame 3268	990.814
Frame 3269	1064.8
Frame 3270	954.806
Frame 3271	946.219
Frame 3272	1027.93
Frame 3273	997.377
Frame 3274	967.209
Frame 3275	953.169
Frame 3276	890.12
Frame 3277	831.83
Frame 3278	998.585
Frame 3279	1033.4
Frame 3280	965.225
Frame 3281	1013.6
Frame 3282	851.978
Frame 3283	930.312
Frame 3284	965.287
Frame 3285	824.448
Frame 3286	943.568
Frame 3287	973.636
Frame 3288	988.793
Frame 3289	1050.52
Frame 3290	951.441
Frame 3291	1021.9
Frame 3292	975.214
Frame 3293	1055.66
Frame 3294	869.443
Frame 3295	955.979
Frame 3296	877.293
Frame 3297	900.912
Frame 3298	969.134
Frame 3299	922.527
Frame 3300	894.887
Frame 3301	804.225
Frame 3302	1100.21
Frame 3303	1282.78
Frame 3304	1269.8
Frame 3305	1207.7
Frame 3306	1077.8
Frame 3307	1196.42
Frame 3308	1174.42
Frame 3309	985.271
Frame 3310	1065.12
Frame 3311	1079.91
Frame 3312	1058.29
Frame 3313	1059.76
Frame 3314	906.684
Frame 3315	914.168
Frame 3316	1067.32
Frame 3317	875.883
Frame 3318	990.092
Frame 3319	936.793
Frame 3320	872.892
Frame 3321	993.879
Frame 3322	1078.73
Frame 3323	883.836
Frame 3324	927.828
Frame 3325	867.936
Frame 3326	849.189
Frame 3327	841.676
Frame 3328	1017.31
Frame 3329	1292.75
Frame 3330	1302.46
Frame 3331	1381.85
Frame 3332	1480.78
Frame 3333	1285.55
Frame 3334	1462.58
Frame 3335	1152.2
Frame 3336	1038.87
Frame 3337	1020.15
Frame 3338	950.36
Frame 3339	828.521
Frame 3340	1053.58
Frame 3341	931.528
Frame 3342	1026.61
Frame 3343	926.442
Frame 3344	868.511
Frame 3345	918.958
Frame 3346	958.759
Frame 3347	883.423
Frame 3348	958.718
Frame 3349	982.747
Frame 3350	949.988
Frame 3351	873.063
Frame 3352	915.694
Frame 3353	902.999
Frame 3354	838.995
Frame 3355	785.218
Frame 3356	969.906
Frame 3357	986.349
Frame 3358	849.767
Frame 3359	933.725
Frame 3360	948.837
Frame 3361	1099.03
Frame 3362	998.031
Frame 3363	981.737
Frame 3364	925.169
Frame 3365	992.359
Frame 3366	1171.94
Frame 3367	905.548
Frame 3368	1151.29
Frame 3369	1058.3
Frame 3370	925.182
Frame 3371	1012.69
Frame 3372	1073.28
Frame 3373	822.795
Frame 3374	845.319
Frame 3375	1096.75
Frame 3376	1083.97
Frame 3377	1105.62
Frame 3378	1123.19
Frame 3379	1013.34
Frame 3380	969.219
Frame 3381	740.364
Frame 3382	994.911
Frame 3383	1149.42
Frame 3384	1033.75
Frame 3385	1242.53
Frame 3386	1108.73
Frame 3387	858.31
Frame 3388	958.535
Frame 3389	1088.23
Frame 3390	948.907
Frame 3391	953.797
Frame 3392	1158.78
Frame 3393	996.426
Frame 3394	933.188
Frame 3395	875.154
Frame 3396	1033.24
Frame 3397	846.537
Frame 3398	958.556
Frame 3399	860.665
Frame 3400	975.563
Frame 3401	968.563
Frame 3402	904.435
Frame 3403	1148.37
Frame 3404	973.13
Frame 3405	972.346
Frame 3406	902.636
Frame 3407	987.266
Frame 3408	976.934
Frame 3409	900.602
Frame 3410	930.953
Frame 3411	833.48
Frame 3412	959.036
Frame 3413	1004.9
Frame 3414	900.104
Frame 3415	910.665
Frame 3416	901.301
Frame 3417	757.664
Frame 3418	937.43
Frame 3419	889.814
Frame 3420	963.712
Frame 3421	1062.17
Frame 3422	1019.9
Frame 3423	1159.91
Frame 3424	1037.63
Frame 3425	808.95
Frame 3426	1035.06
Frame 3427	808.286
Frame 3428	751.532
Frame 3429	1012.8
Frame 3430	873.799
Frame 3431	994.521
Frame 3432	974.157
Frame 3433	1161.13
Frame 3434	1017.17
Frame 3435	800.227
Frame 3436	865.036
Frame 3437	967.664
Frame 3438	812.73
Frame 3439	979.844
Frame 3440	1022.85
Frame 3441	1013.28
Frame 3442	922.764
Frame 3443	936.194
Frame 3444	1014.43
Frame 3445	1056.77
Frame 3446	1039.23
Frame 3447	1301.32
Frame 3448	948.78
Frame 3449	1003.71
Frame 3450	1022.95
Frame 3451	1127.3
Frame 3452	1164.73
Frame 3453	900.124
Frame 3454	859.625
Frame 3455	1042.94
Frame 3456	981.561
Frame 3457	1011.53
Frame 3458	1134.36
Frame 3459	1084.61
Frame 3460	1011.43
Frame 3461	992.422
Frame 3462	1121.1
Frame 3463	1135.39
Frame 3464	1021.26
Frame 3465	1018.01
Frame 3466	989.543
Frame 3467	1107.86
Frame 3468	994.932
Frame 3469	1337.48
Frame 3470	1291.41
Frame 3471	1261.25
Frame 3472	981.61
Frame 3473	1102.04
Frame 3474	988.243
Frame 3475	1005.75
Frame 3476	1220.91
Frame 3477	715.324
Frame 3478	799.722
Frame 3479	970.642
Frame 3480	824.801
Frame 3481	873.402
Frame 3482	942.828
Frame 3483	918.071
Frame 3484	876.09
Frame 3485	822.489
Frame 3486	929.881
Frame 3487	983.006
Frame 3488	943.227
Frame 3489	1105.9
Frame 3490	903.812
Frame 3491	864.686
Frame 3492	970.743
Frame 3493	1081.35
Frame 3494	1142.85
Frame 3495	964.161
Frame 3496	784.689
Frame 3497	1098.77
Frame 3498	956.042
Frame 3499	898.468
Frame 3500	929.328
Frame 3501	893.44
Frame 3502	969.899
Frame 3503	871.306
Frame 3504	1029.89
Frame 3505	1036.28
Frame 3506	1242.07
Frame 3507	850.25
Frame 3508	874.597
Frame 3509	1045.68
Frame 3510	826.887
Frame 3511	909.296
Frame 3512	803.239
Frame 3513	949.501
Frame 3514	1082.59
Frame 3515	934.271
Frame 3516	927.156
Frame 3517	807.473
Frame 3518	1138.05
Frame 3519	828.578
Frame 3520	1035.62
Frame 3521	1121.49
Frame 3522	829.852
Frame 3523	975.19
Frame 3524	1014.87
Frame 3525	1061.16
Frame 3526	1065.57
Frame 3527	1154.66
Frame 3528	1189.34
Frame 3529	1111.61
Frame 3530	925.571
Frame 3531	1122.31
Frame 3532	1132.03
Frame 3533	763.653
Frame 3534	887.395
Frame 3535	1064.48
Frame 3536	1247.07
Frame 3537	1155.05
Frame 3538	1206.4
Frame 3539	1161.34
Frame 3540	1363.5
Frame 3541	1199.43
Frame 3542	1126.42
Frame 3543	1338.36
Frame 3544	1051.92
Frame 3545	1035.75
Frame 3546	1081.7
Frame 3547	1270.89
Frame 3548	1326.43
Frame 3549	1331.56
Frame 3550	1387.63
Frame 3551	1142.03
Frame 3552	1167.04
Frame 3553	1150.85
Frame 3554	953.857
Frame 3555	1081.1
Frame 3556	1082.73
Frame 3557	997.799
Frame 3558	1055.33
Frame 3559	928.766
Frame 3560	950.621
Frame 3561	1283.57
Frame 3562	1135.12
Frame 3563	1125.36
Frame 3564	1338.99
Frame 3565	1036.28
Frame 3566	1195.26
Frame 3567	1565.79
Frame 3568	1355.99
Frame 3569	1654.31
Frame 3570	1587.66
Frame 3571	1232.68
Frame 3572	1273.58
Frame 3573	1336.38
Frame 3574	1238.57
Frame 3575	1411.61
Frame 3576	1390.84
Frame 3577	1251.14
Frame 3578	1422.36
Frame 3579	1387.82
Frame 3580	1043.04
Frame 3581	1419.17
Frame 3582	1202.93
Frame 3583	1192.64
Frame 3584	1399.28
Frame 3585	1379.86
Frame 3586	1259.7
Frame 3587	1418.4
Frame 3588	1383.17
Frame 3589	1162.75
Frame 3590	891.861
Frame 3591	926.78
Frame 3592	998.858
Frame 3593	1074.69
Frame 3594	1202.32
Frame 3595	1434.61
Frame 3596	1216.8
Frame 3597	1288.22
Frame 3598	1338.38
Frame 3599	1546.26
Frame 3600	1433.04
Frame 3601	1634.22
Frame 3602	1619.49
Frame 3603	1480.19
Frame 3604	1464.68
Frame 3605	1527.41
Frame 3606	1387.95
Frame 3607	1527.24
Frame 3608	1579.81
Frame 3609	1331.22
Frame 3610	1263.7
Frame 3611	1305.53
Frame 3612	1234.58
Frame 3613	1272.88
Frame 3614	1423.83
Frame 3615	1365.62
Frame 3616	1435.5
Frame 3617	1398.7
Frame 3618	1498.35
Frame 3619	1274.5
Frame 3620	1284.72
Frame 3621	1052.45
Frame 3622	1064.95
Frame 3623	1181.45
Frame 3624	1134.32
Frame 3625	1433.3
Frame 3626	1177.16
Frame 3627	1211.06
Frame 3628	1197.54
Frame 3629	1171.38
Frame 3630	1435.25
Frame 3631	1086.48
Frame 3632	1126.45
Frame 3633	1254.22
Frame 3634	1232.65
Frame 3635	1369.79
Frame 3636	1054.46
Frame 3637	1282.88
Frame 3638	1163.5
Frame 3639	1238.79
Frame 3640	1301.92
Frame 3641	1163.84
Frame 3642	1269.92
Frame 3643	1064.27
Frame 3644	1124.12
Frame 3645	1166.64
Frame 3646	1188.48
Frame 3647	1197.92
Frame 3648	1153.9
Frame 3649	1177.75
Frame 3650	1158.79
Frame 3651	1127.23
Frame 3652	1320.56
Frame 3653	1152.96
Frame 3654	1139.4
Frame 3655	1239.58
Frame 3656	1107.28
Frame 3657	1126.13
Frame 3658	1024.52
Frame 3659	1274.8
Frame 3660	1260.18
Frame 3661	1122.03
Frame 3662	1073.8
Frame 3663	1063.84
Frame 3664	912.702
Frame 3665	955.924
Frame 3666	875.718
Frame 3667	1026.76
Frame 3668	1013.57
Frame 3669	970.763
Frame 3670	870.435
Frame 3671	1027.61
Frame 3672	1114.34
Frame 3673	1013.69
Frame 3674	966.486
Frame 3675	1057.66
Frame 3676	1006.51
Frame 3677	983.156
Frame 3678	966.945
Frame 3679	952.065
Frame 3680	1214.61
Frame 3681	1110.22
Frame 3682	1131.95
Frame 3683	952.598
Frame 3684	979.773
Frame 3685	1062.93
Frame 3686	910.81
Frame 3687	1034.47
Frame 3688	976.693
Frame 3689	1080.87
Frame 3690	896.282
Frame 3691	935.099
Frame 3692	970.426
Frame 3693	944.121
Frame 3694	816.401
Frame 3695	907.939
Frame 3696	1060.33
Frame 3697	926.723
Frame 3698	997.354
Frame 3699	829.441
Frame 3700	888.583
Frame 3701	957.226
Frame 3702	969.855
Frame 3703	955.331
Frame 3704	998.693
Frame 3705	1034.62
Frame 3706	978.367
Frame 3707	903.945
Frame 3708	997.691
Frame 3709	930.05
Frame 3710	878.956
Frame 3711	1011.61
Frame 3712	915.419
Frame 3713	959.188
Frame 3714	1107.08
Frame 3715	980.779
Frame 3716	975.6
Frame 3717	969.307
Frame 3718	943.306
Frame 3719	1072.14
Frame 3720	1245.23
Frame 3721	1035.89
Frame 3722	1207.69
Frame 3723	1021.61
Frame 3724	1173.9
Frame 3725	1012.07
Frame 3726	997.938
Frame 3727	1059.25
Frame 3728	1176.47
Frame 3729	919.208
Frame 3730	871.535
Frame 3731	906.882
Frame 3732	958.096
Frame 3733	827.34
Frame 3734	963.019
Frame 3735	1113.13
Frame 3736	1002.07
Frame 3737	1031.61
Frame 3738	1056.9
Frame 3739	1183.57
Frame 3740	1026.29
Frame 3741	995.083
Frame 3742	1096.94
Frame 3743	804.476
Frame 3744	989.879
Frame 3745	930.687
Frame 3746	929.327
Frame 3747	1115.09
Frame 3748	997.551
Frame 3749	783.804
Frame 3750	864.034
Frame 3751	958.836
Frame 3752	798.737
Frame 3753	958.804
Frame 3754	1052.1
Frame 3755	950.528
Frame 3756	875.037
Frame 3757	926.5
Frame 3758	823.289
Frame 3759	895.613
Frame 3760	937.791
Frame 3761	999.299
Frame 3762	1283.35
Frame 3763	910.07
Frame 3764	908.806
Frame 3765	882.252
Frame 3766	929.877
Frame 3767	1111.27
Frame 3768	1193.28
Frame 3769	844.004
Frame 3770	868.119
Frame 3771	1097.49
Frame 3772	1243.24
Frame 3773	989.901
Frame 3774	984.55
Frame 3775	1114.55
Frame 3776	1113.21
Frame 3777	929.318
Frame 3778	1103.85
Frame 3779	1128.11
Frame 3780	952.659
Frame 3781	1065.63
Frame 3782	858.95
Frame 3783	930.145
Frame 3784	809.134
Frame 3785	881.795
Frame 3786	804.613
Frame 3787	821.614
Frame 3788	849.882
Frame 3789	892.588
Frame 3790	1111.09
Frame 3791	1018.88
Frame 3792	925.183
Frame 3793	898.372
Frame 3794	897.491
Frame 3795	916.06
Frame 3796	1010.73
Frame 3797	918.325
Frame 3798	1026.07
Frame 3799	1005.19
Frame 3800	1149.65
Frame 3801	958.74
Frame 3802	1180.39
Frame 3803	1111.17
Frame 3804	1170.97
Frame 3805	1022.33
Frame 3806	974.438
Frame 3807	1055.85
Frame 3808	1119.94
Frame 3809	1132.7
Frame 3810	1137.65
Frame 3811	779.541
Frame 3812	839.179
Frame 3813	858.029
Frame 3814	853.628
Frame 3815	805.121
Frame 3816	1001.33
Frame 3817	912.785
Frame 3818	793.012
Frame 3819	957.152
Frame 3820	947.407
Frame 3821	971.809
Frame 3822	859.537
Frame 3823	854.467
Frame 3824	788.347
Frame 3825	770.544
Frame 3826	892.8
Frame 3827	805.937
Frame 3828	803.905
Frame 3829	722.085
Frame 3830	873.449
Frame 3831	934.315
Frame 3832	976.379
Frame 3833	862.59
Frame 3834	877.618
Frame 3835	711.811
Frame 3836	777.001
Frame 3837	725.166
Frame 3838	818.843
Frame 3839	856.751
Frame 3840	948.326
Frame 3841	933.617
Frame 3842	906.664
Frame 3843	902.455
Frame 3844	923.878
Frame 3845	1022.69
Frame 3846	1077.51
Frame 3847	958.409
Frame 3848	1159.11
Frame 3849	785.695
Frame 3850	773.447
Frame 3851	748.308
Frame 3852	641.738
Frame 3853	753.575
Frame 3854	614.732
Frame 3855	753.062
Frame 3856	653.273
Frame 3857	759.273
Frame 3858	738.572
Frame 3859	745.755
Frame 3860	668.578
Frame 3861	697.272
Frame 3862	707.807
Frame 3863	608.968
Frame 3864	790.7
Frame 3865	684.636
Frame 3866	908.455
Frame 3867	817.698
Frame 3868	1049.56
Frame 3869	1007.91
Frame 3870	978.144
Frame 3871	1027.96
Frame 3872	910.164
Frame 3873	890.225
Frame 3874	968.059
Frame 3875	939.702
Frame 3876	817.291
Frame 3877	940.79
Frame 3878	764.87
Frame 3879	861.776
Frame 3880	691.18
Frame 3881	939.833
Frame 3882	693.172
Frame 3883	866.04
Frame 3884	668.185
Frame 3885	710.682
Frame 3886	591.836
Frame 3887	728.394
Frame 3888	843.949
Frame 3889	878.401
Frame 3890	792.474
Frame 3891	612.752
Frame 3892	705.232
Frame 3893	590.095
Frame 3894	853.624
Frame 3895	650.778
Frame 3896	580.374
Frame 3897	772.662
Frame 3898	687.263
Frame 3899	709.955
Frame 3900	603.635
Frame 3901	593.933
Frame 3902	721.803
Frame 3903	728.974
Frame 3904	762.697
Frame 3905	839.243
Frame 3906	730.395
Frame 3907	688.384
Frame 3908	796.169
Frame 3909	729.356
Frame 3910	658.403
Frame 3911	684.49
Frame 3912	852.447
Frame 3913	753.055
Frame 3914	929.277
Frame 3915	781.212
Frame 3916	709.919
Frame 3917	850.07
Frame 3918	827.856
Frame 3919	655.415
Frame 3920	602.346
Frame 3921	556.056
Frame 3922	764.678
Frame 3923	675.579
Frame 3924	608.945
Frame 3925	604.832
Frame 3926	596.231
Frame 3927	670.624
Frame 3928	675.036
Frame 3929	628.821
Frame 3930	840.551
Frame 3931	727.566
Frame 3932	639.155
Frame 3933	745.049
Frame 3934	674.088
Frame 3935	891.241
Frame 3936	676.445
Frame 3937	616.938
Frame 3938	686.733
Frame 3939	672.961
Frame 3940	760.973
Frame 3941	883.276
Frame 3942	758.713
Frame 3943	790.671
Frame 3944	898.832
Frame 3945	794.015
Frame 3946	806.486
Frame 3947	629.267
Frame 3948	534.69
Frame 3949	605.637
Frame 3950	678.836
Frame 3951	500.104
Frame 3952	584.536
Frame 3953	575.42
Frame 3954	593.02
Frame 3955	675.349
Frame 3956	705.095
Frame 3957	689.45
Frame 3958	587.601
Frame 3959	668.41
Frame 3960	630.755
Frame 3961	662.031
Frame 3962	662.271
Frame 3963	695.989
Frame 3964	575.2
Frame 3965	662.023
Frame 3966	645.227
Frame 3967	547.674
Frame 3968	642.263
Frame 3969	703.103
Frame 3970	589.585
Frame 3971	725.514
Frame 3972	681.681
Frame 3973	763.835
Frame 3974	460.24
Frame 3975	537.228
Frame 3976	648.846
Frame 3977	727.171
Frame 3978	596.717
Frame 3979	670.202
Frame 3980	517.961
Frame 3981	560.007
Frame 3982	604.461
Frame 3983	609.913
Frame 3984	647.065
Frame 3985	670.477
Frame 3986	606.588
Frame 3987	586.548
Frame 3988	638.619
Frame 3989	570.741
Frame 3990	624.978
Frame 3991	573.159
Frame 3992	633.168
Frame 3993	474.577
Frame 3994	636.988
Frame 3995	547.059
Frame 3996	588.944
Frame 3997	714.153
Frame 3998	500.635
Frame 3999	515.831
Frame 4000	569.478
Writing output...
Done
