
          -------------------------------------------------------
          Amber 16 PMEMD                              2016
          -------------------------------------------------------

| PMEMD implementation of SANDER, Release 16

| Run on 06/18/2018 at 12:18:40

|   Executable path: pmemd.cuda
| Working directory: /home/german/lbp/run/4xcp/data
|          Hostname: Unknown
  [-O]verwriting output

File Assignments:
|   MDIN: pdt.in                                                                
|  MDOUT: 24pdt.out                                                             
| INPCRD: 23p4xcp.rst7                                                          
|   PARM: /home/german/lbp/top_files/4xcp.prmtop                                
| RESTRT: 24p4xcp.rst7                                                          
|   REFC: refc                                                                  
|  MDVEL: mdvel                                                                 
|   MDEN: mden                                                                  
|  MDCRD: 24p4xcp.nc                                                            
| MDINFO: mdinfo                                                                
|  MDFRC: mdfrc                                                                 


 Here is the input file:

Production run                                                                 
&cntrl                                                                         
imin = 0,                           ! No Minimization                          
nmropt = 0,                         ! No NMR restraints read                   
                                                                               
! Nature and format of the input                                               
ntx = 5,                            ! Coordinates and velocities will be read  
irest = 1,                          ! Do not run a new simulation              
                                                                               
! Nature and format of the output                                              
ntxo = 1,                           ! rstrt file in ASCII format               
ntpr = 50000,                       ! inf in output every ntpr steps           
ntwr = 50000,                       ! rstrt file every ntwr steps              
ntwx = 5000,                        ! mdcrd file every ntwx steps              
ntwv = 0,                           ! mdvel without velocities                 
ntwe = 0,                           ! Energies and temperatures not written in 
idecomp = 0,                        ! No energy decomposition                  
iwrap = 1,                          ! Coordinates of the restart and mdcrd file
                                                                               
! Frozen or restrained atoms                                                   
ibelly = 0,                         ! No frozen atoms                          
ntr=0,                              ! Harmonic potential restraints            
                                                                               
! Molecular dynamics                                                           
nstlim = 4560000,                  ! Number of MD-steps                        
dt = 0.002,                         ! Time step                                
                                                                               
! Temperature regulation                                                       
ntt = 3,                            ! Langevin thermostat                      
gamma_ln = 2,                       ! Gamma constant for Langevin              
temp0 = 300.0,                      ! Reference T at which the system is to be 
tempi = 300.0,                      ! Initial T                                
ig = -1,                            ! Seed for the RNG                         
                                                                               
! P and V regulation                                                           
!barostat = 1,                       ! Berendsen barostat                      
!taup = 1,                           ! Pressure relaxation time                
ntp = 0,                            ! constant P                               
ntb = 1,                            ! Periodic box for constant V              
                                                                               
! SHAKE variables                                                              
ntc = 2,                            ! Bonds involving H are constrained        
ntf = 2,                            ! Bond interaction involving H are ommited.
                                                                               
cut = 9.0,                          ! Nonbonded cutoff                         
/                                                                              
&end                                                                           


Note: ig = -1. Setting random seed to   888978 based on wallclock time in 
      microseconds.
 
|--------------------- INFORMATION ----------------------
| GPU (CUDA) Version of PMEMD in use: NVIDIA GPU IN USE.
|                    Version 16.0.0
| 
|                      02/25/2016
| 
| Implementation by:
|                    Ross C. Walker     (SDSC)
|                    Scott Le Grand     (nVIDIA)
| 
| Precision model in use:
|      [SPFP] - Single Precision Forces, 64-bit Fixed Point
|               Accumulation. (Default)
| 
|--------------------------------------------------------
 
|----------------- CITATION INFORMATION -----------------
|
|    When publishing work that utilized the CUDA version
|    of AMBER, please cite the following in addition to
|    the regular AMBER citations:
|
|  - Romelia Salomon-Ferrer; Andreas W. Goetz; Duncan
|    Poole; Scott Le Grand; Ross C. Walker "Routine
|    microsecond molecular dynamics simulations with
|    AMBER - Part II: Particle Mesh Ewald", J. Chem.
|    Theory Comput., 2013, 9 (9), pp3878-3888,
|    DOI: 10.1021/ct400314y.
|
|  - Andreas W. Goetz; Mark J. Williamson; Dong Xu;
|    Duncan Poole; Scott Le Grand; Ross C. Walker
|    "Routine microsecond molecular dynamics simulations
|    with AMBER - Part I: Generalized Born", J. Chem.
|    Theory Comput., 2012, 8 (5), pp1542-1555.
|
|  - Scott Le Grand; Andreas W. Goetz; Ross C. Walker
|    "SPFP: Speed without compromise - a mixed precision
|    model for GPU accelerated molecular dynamics
|    simulations.", Comp. Phys. Comm., 2013, 184
|    pp374-380, DOI: 10.1016/j.cpc.2012.09.022
|
|--------------------------------------------------------
 
|------------------- GPU DEVICE INFO --------------------
|
|            CUDA_VISIBLE_DEVICES: 1
|   CUDA Capable Devices Detected:      1
|           CUDA Device ID in use:      0
|                CUDA Device Name: GeForce GTX 1060 6GB
|     CUDA Device Global Mem Size:   6072 MB
| CUDA Device Num Multiprocessors:     10
|           CUDA Device Core Freq:   1.76 GHz
|
|--------------------------------------------------------
 
 
| Conditional Compilation Defines Used:
| PUBFFT
| BINTRAJ
| CUDA
| EMIL

| Largest sphere to fit in unit cell has radius =    27.134

| New format PARM file being parsed.
| Version =    1.000 Date = 04/14/18 Time = 19:54:59

| Note: 1-4 EEL scale factors are being read from the topology file.

| Note: 1-4 VDW scale factors are being read from the topology file.
| Duplicated    0 dihedrals

| Duplicated    0 dihedrals

--------------------------------------------------------------------------------
   1.  RESOURCE   USE: 
--------------------------------------------------------------------------------

 getting new box info from bottom of inpcrd
 NATOM  =   22707 NTYPES =      17 NBONH =   21487 MBONA  =    1237
 NTHETH =    2916 MTHETA =    1649 NPHIH =    5625 MPHIA  =    5085
 NHPARM =       0 NPARM  =       0 NNB   =   40734 NRES   =    6902
 NBONA  =    1237 NTHETA =    1649 NPHIA =    5085 NUMBND =      64
 NUMANG =     139 NPTRA  =     166 NATYP =      37 NPHB   =       1
 IFBOX  =       2 NMXRS  =      50 IFCAP =       0 NEXTRA =       0
 NCOPY  =       0

| Coordinate Index Table dimensions:    11   11   11
| Direct force subcell size =     6.0422    6.0422    6.0422

     BOX TYPE: TRUNCATED OCTAHEDRON

--------------------------------------------------------------------------------
   2.  CONTROL  DATA  FOR  THE  RUN
--------------------------------------------------------------------------------

default_name                                                                    

General flags:
     imin    =       0, nmropt  =       0

Nature and format of input:
     ntx     =       5, irest   =       1, ntrx    =       1

Nature and format of output:
     ntxo    =       1, ntpr    =   50000, ntrx    =       1, ntwr    =   50000
     iwrap   =       1, ntwx    =    5000, ntwv    =       0, ntwe    =       0
     ioutfm  =       1, ntwprt  =       0, idecomp =       0, rbornstat=      0

Potential function:
     ntf     =       2, ntb     =       1, igb     =       0, nsnb    =      25
     ipol    =       0, gbsa    =       0, iesp    =       0
     dielc   =   1.00000, cut     =   9.00000, intdiel =   1.00000

Frozen or restrained atoms:
     ibelly  =       0, ntr     =       0

Molecular dynamics:
     nstlim  =   4560000, nscm    =      1000, nrespa  =         1
     t       =   0.00000, dt      =   0.00200, vlimit  =  -1.00000

Langevin dynamics temperature regulation:
     ig      =  888978
     temp0   = 300.00000, tempi   = 300.00000, gamma_ln=   2.00000

SHAKE:
     ntc     =       2, jfastw  =       0
     tol     =   0.00001

| Intermolecular bonds treatment:
|     no_intermolecular_bonds =       1

| Energy averages sample interval:
|     ene_avg_sampling =   50000

Ewald parameters:
     verbose =       0, ew_type =       0, nbflag  =       1, use_pme =       1
     vdwmeth =       1, eedmeth =       1, netfrc  =       1
     Box X =   66.464   Box Y =   66.464   Box Z =   66.464
     Alpha =  109.471   Beta  =  109.471   Gamma =  109.471
     NFFT1 =   64       NFFT2 =   64       NFFT3 =   64
     Cutoff=    9.000   Tol   =0.100E-04
     Ewald Coefficient =  0.30768
     Interpolation order =    4

--------------------------------------------------------------------------------
   3.  ATOMIC COORDINATES AND VELOCITIES
--------------------------------------------------------------------------------

default_name                                                                    
 begin time read from input coords =********** ps

 
 Number of triangulated 3-point waters found:     6742

     Sum of charges from parm topology file =  -0.00100007
     Forcing neutrality...

| Dynamic Memory, Types Used:
| Reals              703659
| Integers           778935

| Nonbonded Pairs Initial Allocation:     5177196

| GPU memory information (estimate):
| KB of GPU memory in use:    164382
| KB of CPU memory in use:     31910

--------------------------------------------------------------------------------
   4.  RESULTS
--------------------------------------------------------------------------------

 ---------------------------------------------------
 APPROXIMATING switch and d/dx switch using CUBIC SPLINE INTERPOLATION
 using   5000.0 points per unit in tabled values
 TESTING RELATIVE ERROR over r ranging from 0.0 to cutoff
| CHECK switch(x): max rel err =   0.2738E-14   at   2.422500
| CHECK d/dx switch(x): max rel err =   0.8314E-11   at   2.736960
 ---------------------------------------------------
|---------------------------------------------------
| APPROXIMATING direct energy using CUBIC SPLINE INTERPOLATION
|  with   50.0 points per unit in tabled values
| Relative Error Limit not exceeded for r .gt.   2.39
| APPROXIMATING direct force using CUBIC SPLINE INTERPOLATION
|  with   50.0 points per unit in tabled values
| Relative Error Limit not exceeded for r .gt.   2.84
|---------------------------------------------------

 NSTEP =    50000   TIME(PS) = 3000100.000  TEMP(K) =   300.62  PRESS =     0.0
 Etot   =    -54484.8718  EKtot   =     13929.3857  EPtot      =    -68414.2575
 BOND   =       461.7755  ANGLE   =      1227.9783  DIHED      =      1828.5278
 1-4 NB =       571.5795  1-4 EEL =      8879.7762  VDWAALS    =      8101.6233
 EELEC  =    -89485.5182  EHBOND  =         0.0000  RESTRAINT  =         0.0000
 ------------------------------------------------------------------------------


 NSTEP =   100000   TIME(PS) = 3000200.000  TEMP(K) =   298.30  PRESS =     0.0
 Etot   =    -54700.7184  EKtot   =     13821.7490  EPtot      =    -68522.4675
 BOND   =       453.4791  ANGLE   =      1207.6341  DIHED      =      1861.2689
 1-4 NB =       585.1311  1-4 EEL =      8900.9951  VDWAALS    =      8228.9097
 EELEC  =    -89759.8854  EHBOND  =         0.0000  RESTRAINT  =         0.0000
 ------------------------------------------------------------------------------


 NSTEP =   150000   TIME(PS) = 3000300.000  TEMP(K) =   299.50  PRESS =     0.0
 Etot   =    -54411.1732  EKtot   =     13877.4219  EPtot      =    -68288.5951
 BOND   =       455.0340  ANGLE   =      1212.5038  DIHED      =      1852.1976
 1-4 NB =       556.7549  1-4 EEL =      8832.1202  VDWAALS    =      8016.4435
 EELEC  =    -89213.6491  EHBOND  =         0.0000  RESTRAINT  =         0.0000
 ------------------------------------------------------------------------------


 NSTEP =   200000   TIME(PS) = 3000400.000  TEMP(K) =   297.76  PRESS =     0.0
 Etot   =    -54622.5988  EKtot   =     13796.7490  EPtot      =    -68419.3479
 BOND   =       452.4292  ANGLE   =      1227.7555  DIHED      =      1856.0773
 1-4 NB =       584.5610  1-4 EEL =      8863.2787  VDWAALS    =      7967.5205
 EELEC  =    -89370.9699  EHBOND  =         0.0000  RESTRAINT  =         0.0000
 ------------------------------------------------------------------------------


 NSTEP =   250000   TIME(PS) = 3000500.000  TEMP(K) =   300.18  PRESS =     0.0
 Etot   =    -54769.5624  EKtot   =     13908.8877  EPtot      =    -68678.4501
 BOND   =       473.0183  ANGLE   =      1153.0271  DIHED      =      1849.8813
 1-4 NB =       577.0884  1-4 EEL =      8893.5343  VDWAALS    =      8126.9495
 EELEC  =    -89751.9490  EHBOND  =         0.0000  RESTRAINT  =         0.0000
 ------------------------------------------------------------------------------


 NSTEP =   300000   TIME(PS) = 3000600.000  TEMP(K) =   301.56  PRESS =     0.0
 Etot   =    -54404.7955  EKtot   =     13972.6943  EPtot      =    -68377.4898
 BOND   =       488.8925  ANGLE   =      1237.0063  DIHED      =      1885.3331
 1-4 NB =       548.6158  1-4 EEL =      8886.0211  VDWAALS    =      8201.7721
 EELEC  =    -89625.1308  EHBOND  =         0.0000  RESTRAINT  =         0.0000
 ------------------------------------------------------------------------------


 NSTEP =   350000   TIME(PS) = 3000700.000  TEMP(K) =   296.92  PRESS =     0.0
 Etot   =    -54709.3792  EKtot   =     13758.0166  EPtot      =    -68467.3958
 BOND   =       454.1121  ANGLE   =      1239.6019  DIHED      =      1849.8083
 1-4 NB =       572.5031  1-4 EEL =      8863.3380  VDWAALS    =      8022.7108
 EELEC  =    -89469.4700  EHBOND  =         0.0000  RESTRAINT  =         0.0000
 ------------------------------------------------------------------------------


 NSTEP =   400000   TIME(PS) = 3000800.000  TEMP(K) =   298.06  PRESS =     0.0
 Etot   =    -54549.7888  EKtot   =     13810.6914  EPtot      =    -68360.4802
 BOND   =       434.9956  ANGLE   =      1251.4377  DIHED      =      1848.3593
 1-4 NB =       588.7431  1-4 EEL =      8856.1796  VDWAALS    =      8196.3660
 EELEC  =    -89536.5615  EHBOND  =         0.0000  RESTRAINT  =         0.0000
 ------------------------------------------------------------------------------


 NSTEP =   450000   TIME(PS) = 3000900.000  TEMP(K) =   298.33  PRESS =     0.0
 Etot   =    -54595.0162  EKtot   =     13823.1445  EPtot      =    -68418.1608
 BOND   =       453.8279  ANGLE   =      1186.7687  DIHED      =      1869.7037
 1-4 NB =       568.7693  1-4 EEL =      8893.7720  VDWAALS    =      8364.6772
 EELEC  =    -89755.6795  EHBOND  =         0.0000  RESTRAINT  =         0.0000
 ------------------------------------------------------------------------------


 NSTEP =   500000   TIME(PS) = 3001000.000  TEMP(K) =   300.10  PRESS =     0.0
 Etot   =    -54395.0584  EKtot   =     13905.2812  EPtot      =    -68300.3396
 BOND   =       433.2714  ANGLE   =      1176.9132  DIHED      =      1891.7468
 1-4 NB =       572.3893  1-4 EEL =      8867.0580  VDWAALS    =      8169.6979
 EELEC  =    -89411.4162  EHBOND  =         0.0000  RESTRAINT  =         0.0000
 ------------------------------------------------------------------------------


 NSTEP =   550000   TIME(PS) = 3001100.000  TEMP(K) =   303.69  PRESS =     0.0
 Etot   =    -54338.7465  EKtot   =     14071.7646  EPtot      =    -68410.5111
 BOND   =       450.3309  ANGLE   =      1176.1999  DIHED      =      1878.4956
 1-4 NB =       578.8296  1-4 EEL =      8912.4204  VDWAALS    =      8392.0944
 EELEC  =    -89798.8820  EHBOND  =         0.0000  RESTRAINT  =         0.0000
 ------------------------------------------------------------------------------


 NSTEP =   600000   TIME(PS) = 3001200.000  TEMP(K) =   298.62  PRESS =     0.0
 Etot   =    -54517.8431  EKtot   =     13836.5293  EPtot      =    -68354.3724
 BOND   =       450.0098  ANGLE   =      1222.4370  DIHED      =      1869.9563
 1-4 NB =       579.5480  1-4 EEL =      8868.8157  VDWAALS    =      8197.4664
 EELEC  =    -89542.6056  EHBOND  =         0.0000  RESTRAINT  =         0.0000
 ------------------------------------------------------------------------------


 NSTEP =   650000   TIME(PS) = 3001300.000  TEMP(K) =   302.08  PRESS =     0.0
 Etot   =    -54439.8626  EKtot   =     13996.9453  EPtot      =    -68436.8080
 BOND   =       454.8420  ANGLE   =      1224.2349  DIHED      =      1860.9346
 1-4 NB =       559.1001  1-4 EEL =      8839.2832  VDWAALS    =      8239.9574
 EELEC  =    -89615.1601  EHBOND  =         0.0000  RESTRAINT  =         0.0000
 ------------------------------------------------------------------------------


 NSTEP =   700000   TIME(PS) = 3001400.000  TEMP(K) =   301.56  PRESS =     0.0
 Etot   =    -54479.0999  EKtot   =     13972.9180  EPtot      =    -68452.0178
 BOND   =       413.2818  ANGLE   =      1202.8461  DIHED      =      1871.7665
 1-4 NB =       575.7549  1-4 EEL =      8883.2596  VDWAALS    =      8201.8228
 EELEC  =    -89600.7495  EHBOND  =         0.0000  RESTRAINT  =         0.0000
 ------------------------------------------------------------------------------


 NSTEP =   750000   TIME(PS) = 3001500.000  TEMP(K) =   299.19  PRESS =     0.0
 Etot   =    -54453.4863  EKtot   =     13863.0879  EPtot      =    -68316.5742
 BOND   =       455.2252  ANGLE   =      1237.4910  DIHED      =      1885.7039
 1-4 NB =       566.2059  1-4 EEL =      8856.2943  VDWAALS    =      8034.5376
 EELEC  =    -89352.0321  EHBOND  =         0.0000  RESTRAINT  =         0.0000
 ------------------------------------------------------------------------------


 NSTEP =   800000   TIME(PS) = 3001600.000  TEMP(K) =   301.93  PRESS =     0.0
 Etot   =    -54217.3157  EKtot   =     13989.9990  EPtot      =    -68207.3148
 BOND   =       461.7436  ANGLE   =      1209.7707  DIHED      =      1832.3876
 1-4 NB =       583.0719  1-4 EEL =      8886.3517  VDWAALS    =      8067.0864
 EELEC  =    -89247.7268  EHBOND  =         0.0000  RESTRAINT  =         0.0000
 ------------------------------------------------------------------------------


 NSTEP =   850000   TIME(PS) = 3001700.000  TEMP(K) =   302.51  PRESS =     0.0
 Etot   =    -54329.9030  EKtot   =     14016.7744  EPtot      =    -68346.6774
 BOND   =       436.2365  ANGLE   =      1204.2158  DIHED      =      1845.0504
 1-4 NB =       579.9071  1-4 EEL =      8890.6569  VDWAALS    =      8071.7045
 EELEC  =    -89374.4486  EHBOND  =         0.0000  RESTRAINT  =         0.0000
 ------------------------------------------------------------------------------


 NSTEP =   900000   TIME(PS) = 3001800.000  TEMP(K) =   297.83  PRESS =     0.0
 Etot   =    -54317.0552  EKtot   =     13799.9727  EPtot      =    -68117.0278
 BOND   =       476.3709  ANGLE   =      1267.7093  DIHED      =      1857.5679
 1-4 NB =       580.8204  1-4 EEL =      8851.7470  VDWAALS    =      8032.1883
 EELEC  =    -89183.4316  EHBOND  =         0.0000  RESTRAINT  =         0.0000
 ------------------------------------------------------------------------------


 NSTEP =   950000   TIME(PS) = 3001900.000  TEMP(K) =   303.30  PRESS =     0.0
 Etot   =    -54259.0004  EKtot   =     14053.6055  EPtot      =    -68312.6059
 BOND   =       458.6893  ANGLE   =      1180.4352  DIHED      =      1866.8603
 1-4 NB =       595.2482  1-4 EEL =      8865.0511  VDWAALS    =      8072.3103
 EELEC  =    -89351.2003  EHBOND  =         0.0000  RESTRAINT  =         0.0000
 ------------------------------------------------------------------------------


 NSTEP =  1000000   TIME(PS) = 3002000.000  TEMP(K) =   298.20  PRESS =     0.0
 Etot   =    -54677.3725  EKtot   =     13817.3711  EPtot      =    -68494.7436
 BOND   =       464.0284  ANGLE   =      1191.3230  DIHED      =      1863.1788
 1-4 NB =       565.3293  1-4 EEL =      8827.8758  VDWAALS    =      8261.5995
 EELEC  =    -89668.0783  EHBOND  =         0.0000  RESTRAINT  =         0.0000
 ------------------------------------------------------------------------------


 NSTEP =  1050000   TIME(PS) = 3002100.000  TEMP(K) =   300.10  PRESS =     0.0
 Etot   =    -54515.6561  EKtot   =     13905.2627  EPtot      =    -68420.9187
 BOND   =       452.2789  ANGLE   =      1172.2929  DIHED      =      1856.5561
 1-4 NB =       572.1744  1-4 EEL =      8865.6712  VDWAALS    =      8214.3504
 EELEC  =    -89554.2426  EHBOND  =         0.0000  RESTRAINT  =         0.0000
 ------------------------------------------------------------------------------


 NSTEP =  1100000   TIME(PS) = 3002200.000  TEMP(K) =   298.77  PRESS =     0.0
 Etot   =    -54614.0333  EKtot   =     13843.6055  EPtot      =    -68457.6388
 BOND   =       449.5089  ANGLE   =      1208.9172  DIHED      =      1869.2821
 1-4 NB =       570.7941  1-4 EEL =      8822.3358  VDWAALS    =      8307.7377
 EELEC  =    -89686.2145  EHBOND  =         0.0000  RESTRAINT  =         0.0000
 ------------------------------------------------------------------------------


 NSTEP =  1150000   TIME(PS) = 3002300.000  TEMP(K) =   299.12  PRESS =     0.0
 Etot   =    -54658.3076  EKtot   =     13859.8457  EPtot      =    -68518.1533
 BOND   =       455.0811  ANGLE   =      1213.0599  DIHED      =      1895.7881
 1-4 NB =       578.4342  1-4 EEL =      8885.1080  VDWAALS    =      8248.2209
 EELEC  =    -89793.8455  EHBOND  =         0.0000  RESTRAINT  =         0.0000
 ------------------------------------------------------------------------------


 NSTEP =  1200000   TIME(PS) = 3002400.000  TEMP(K) =   303.76  PRESS =     0.0
 Etot   =    -54349.5466  EKtot   =     14074.7549  EPtot      =    -68424.3015
 BOND   =       484.1284  ANGLE   =      1208.5815  DIHED      =      1867.9120
 1-4 NB =       569.5775  1-4 EEL =      8895.0532  VDWAALS    =      8284.0983
 EELEC  =    -89733.6524  EHBOND  =         0.0000  RESTRAINT  =         0.0000
 ------------------------------------------------------------------------------


 NSTEP =  1250000   TIME(PS) = 3002500.000  TEMP(K) =   296.97  PRESS =     0.0
 Etot   =    -54780.8722  EKtot   =     13760.1475  EPtot      =    -68541.0197
 BOND   =       437.8341  ANGLE   =      1227.4072  DIHED      =      1887.5454
 1-4 NB =       565.9138  1-4 EEL =      8857.2408  VDWAALS    =      8045.0730
 EELEC  =    -89562.0339  EHBOND  =         0.0000  RESTRAINT  =         0.0000
 ------------------------------------------------------------------------------


 NSTEP =  1300000   TIME(PS) = 3002600.000  TEMP(K) =   295.67  PRESS =     0.0
 Etot   =    -54585.1382  EKtot   =     13699.8672  EPtot      =    -68285.0054
 BOND   =       490.9437  ANGLE   =      1231.5904  DIHED      =      1841.6777
 1-4 NB =       568.6260  1-4 EEL =      8905.2095  VDWAALS    =      8178.9236
 EELEC  =    -89501.9763  EHBOND  =         0.0000  RESTRAINT  =         0.0000
 ------------------------------------------------------------------------------


 NSTEP =  1350000   TIME(PS) = 3002700.000  TEMP(K) =   300.72  PRESS =     0.0
 Etot   =    -54553.1819  EKtot   =     13934.1465  EPtot      =    -68487.3284
 BOND   =       456.6781  ANGLE   =      1192.8226  DIHED      =      1876.3585
 1-4 NB =       570.2409  1-4 EEL =      8904.3087  VDWAALS    =      8395.9114
 EELEC  =    -89883.6486  EHBOND  =         0.0000  RESTRAINT  =         0.0000
 ------------------------------------------------------------------------------


 NSTEP =  1400000   TIME(PS) = 3002800.000  TEMP(K) =   296.81  PRESS =     0.0
 Etot   =    -54677.7006  EKtot   =     13752.9756  EPtot      =    -68430.6762
 BOND   =       445.5081  ANGLE   =      1180.0371  DIHED      =      1848.9730
 1-4 NB =       561.9817  1-4 EEL =      8862.0436  VDWAALS    =      8072.9532
 EELEC  =    -89402.1729  EHBOND  =         0.0000  RESTRAINT  =         0.0000
 ------------------------------------------------------------------------------


 NSTEP =  1450000   TIME(PS) = 3002900.000  TEMP(K) =   299.01  PRESS =     0.0
 Etot   =    -54339.0317  EKtot   =     13854.9004  EPtot      =    -68193.9321
 BOND   =       442.5971  ANGLE   =      1232.5483  DIHED      =      1877.0196
 1-4 NB =       573.6045  1-4 EEL =      8826.8533  VDWAALS    =      8160.1295
 EELEC  =    -89306.6843  EHBOND  =         0.0000  RESTRAINT  =         0.0000
 ------------------------------------------------------------------------------


 NSTEP =  1500000   TIME(PS) = 3003000.000  TEMP(K) =   297.39  PRESS =     0.0
 Etot   =    -54677.3656  EKtot   =     13779.6973  EPtot      =    -68457.0629
 BOND   =       452.3482  ANGLE   =      1159.5097  DIHED      =      1844.3146
 1-4 NB =       567.6633  1-4 EEL =      8891.3118  VDWAALS    =      8239.8905
 EELEC  =    -89612.1010  EHBOND  =         0.0000  RESTRAINT  =         0.0000
 ------------------------------------------------------------------------------


 NSTEP =  1550000   TIME(PS) = 3003100.000  TEMP(K) =   298.80  PRESS =     0.0
 Etot   =    -54678.4735  EKtot   =     13845.1865  EPtot      =    -68523.6600
 BOND   =       442.5543  ANGLE   =      1224.0316  DIHED      =      1853.4587
 1-4 NB =       589.0243  1-4 EEL =      8879.6778  VDWAALS    =      7987.4442
 EELEC  =    -89499.8510  EHBOND  =         0.0000  RESTRAINT  =         0.0000
 ------------------------------------------------------------------------------


 NSTEP =  1600000   TIME(PS) = 3003200.000  TEMP(K) =   296.94  PRESS =     0.0
 Etot   =    -54551.5190  EKtot   =     13759.0010  EPtot      =    -68310.5200
 BOND   =       450.8176  ANGLE   =      1276.8957  DIHED      =      1851.5401
 1-4 NB =       558.0284  1-4 EEL =      8850.9152  VDWAALS    =      8098.6481
 EELEC  =    -89397.3650  EHBOND  =         0.0000  RESTRAINT  =         0.0000
 ------------------------------------------------------------------------------


 NSTEP =  1650000   TIME(PS) = 3003300.000  TEMP(K) =   298.43  PRESS =     0.0
 Etot   =    -54402.2393  EKtot   =     13827.6992  EPtot      =    -68229.9385
 BOND   =       447.6918  ANGLE   =      1221.4549  DIHED      =      1843.1796
 1-4 NB =       592.9538  1-4 EEL =      8881.4965  VDWAALS    =      8139.4789
 EELEC  =    -89356.1940  EHBOND  =         0.0000  RESTRAINT  =         0.0000
 ------------------------------------------------------------------------------


 NSTEP =  1700000   TIME(PS) = 3003400.000  TEMP(K) =   299.74  PRESS =     0.0
 Etot   =    -54355.5424  EKtot   =     13888.4385  EPtot      =    -68243.9809
 BOND   =       450.5099  ANGLE   =      1239.3274  DIHED      =      1871.7224
 1-4 NB =       574.3438  1-4 EEL =      8860.4524  VDWAALS    =      8134.1822
 EELEC  =    -89374.5190  EHBOND  =         0.0000  RESTRAINT  =         0.0000
 ------------------------------------------------------------------------------


 NSTEP =  1750000   TIME(PS) = 3003500.000  TEMP(K) =   297.37  PRESS =     0.0
 Etot   =    -54491.6026  EKtot   =     13778.6768  EPtot      =    -68270.2794
 BOND   =       464.5787  ANGLE   =      1255.3049  DIHED      =      1849.3754
 1-4 NB =       562.8587  1-4 EEL =      8875.3863  VDWAALS    =      8354.4462
 EELEC  =    -89632.2296  EHBOND  =         0.0000  RESTRAINT  =         0.0000
 ------------------------------------------------------------------------------


 NSTEP =  1800000   TIME(PS) = 3003600.000  TEMP(K) =   298.68  PRESS =     0.0
 Etot   =    -54406.2512  EKtot   =     13839.5605  EPtot      =    -68245.8118
 BOND   =       466.4355  ANGLE   =      1239.5804  DIHED      =      1858.8421
 1-4 NB =       579.3602  1-4 EEL =      8903.7568  VDWAALS    =      8242.6282
 EELEC  =    -89536.4150  EHBOND  =         0.0000  RESTRAINT  =         0.0000
 ------------------------------------------------------------------------------


 NSTEP =  1850000   TIME(PS) = 3003700.000  TEMP(K) =   301.30  PRESS =     0.0
 Etot   =    -54443.2160  EKtot   =     13960.7695  EPtot      =    -68403.9855
 BOND   =       462.2369  ANGLE   =      1248.8603  DIHED      =      1866.4005
 1-4 NB =       581.0332  1-4 EEL =      8879.5140  VDWAALS    =      8347.5622
 EELEC  =    -89789.5926  EHBOND  =         0.0000  RESTRAINT  =         0.0000
 ------------------------------------------------------------------------------


 NSTEP =  1900000   TIME(PS) = 3003800.000  TEMP(K) =   299.96  PRESS =     0.0
 Etot   =    -54659.6343  EKtot   =     13898.8418  EPtot      =    -68558.4761
 BOND   =       463.6527  ANGLE   =      1187.5358  DIHED      =      1851.0552
 1-4 NB =       573.6381  1-4 EEL =      8882.4978  VDWAALS    =      8059.9535
 EELEC  =    -89576.8093  EHBOND  =         0.0000  RESTRAINT  =         0.0000
 ------------------------------------------------------------------------------


 NSTEP =  1950000   TIME(PS) = 3003900.000  TEMP(K) =   299.51  PRESS =     0.0
 Etot   =    -54377.9808  EKtot   =     13878.0889  EPtot      =    -68256.0697
 BOND   =       464.0434  ANGLE   =      1205.1202  DIHED      =      1857.0613
 1-4 NB =       566.4872  1-4 EEL =      8862.4683  VDWAALS    =      8132.8186
 EELEC  =    -89344.0687  EHBOND  =         0.0000  RESTRAINT  =         0.0000
 ------------------------------------------------------------------------------


 NSTEP =  2000000   TIME(PS) = 3004000.000  TEMP(K) =   300.89  PRESS =     0.0
 Etot   =    -54254.5304  EKtot   =     13942.0732  EPtot      =    -68196.6036
 BOND   =       451.1281  ANGLE   =      1197.7778  DIHED      =      1857.3130
 1-4 NB =       560.6617  1-4 EEL =      8904.8419  VDWAALS    =      8122.9588
 EELEC  =    -89291.2850  EHBOND  =         0.0000  RESTRAINT  =         0.0000
 ------------------------------------------------------------------------------


 NSTEP =  2050000   TIME(PS) = 3004100.000  TEMP(K) =   301.42  PRESS =     0.0
 Etot   =    -54431.3998  EKtot   =     13966.2920  EPtot      =    -68397.6918
 BOND   =       428.9357  ANGLE   =      1215.3755  DIHED      =      1876.4285
 1-4 NB =       580.9449  1-4 EEL =      8905.1728  VDWAALS    =      8280.6741
 EELEC  =    -89685.2233  EHBOND  =         0.0000  RESTRAINT  =         0.0000
 ------------------------------------------------------------------------------


 NSTEP =  2100000   TIME(PS) = 3004200.000  TEMP(K) =   296.17  PRESS =     0.0
 Etot   =    -54505.3208  EKtot   =     13723.0234  EPtot      =    -68228.3442
 BOND   =       487.9061  ANGLE   =      1225.0077  DIHED      =      1888.4361
 1-4 NB =       552.2407  1-4 EEL =      8882.3809  VDWAALS    =      8090.1275
 EELEC  =    -89354.4431  EHBOND  =         0.0000  RESTRAINT  =         0.0000
 ------------------------------------------------------------------------------


 NSTEP =  2150000   TIME(PS) = 3004300.000  TEMP(K) =   299.30  PRESS =     0.0
 Etot   =    -54462.5167  EKtot   =     13867.9746  EPtot      =    -68330.4913
 BOND   =       470.9193  ANGLE   =      1252.7504  DIHED      =      1866.7564
 1-4 NB =       566.3675  1-4 EEL =      8875.5608  VDWAALS    =      8169.0348
 EELEC  =    -89531.8806  EHBOND  =         0.0000  RESTRAINT  =         0.0000
 ------------------------------------------------------------------------------


 NSTEP =  2200000   TIME(PS) = 3004400.000  TEMP(K) =   300.05  PRESS =     0.0
 Etot   =    -54381.6439  EKtot   =     13903.1035  EPtot      =    -68284.7474
 BOND   =       466.2540  ANGLE   =      1185.8832  DIHED      =      1873.7032
 1-4 NB =       583.8434  1-4 EEL =      8902.9518  VDWAALS    =      8201.5142
 EELEC  =    -89498.8972  EHBOND  =         0.0000  RESTRAINT  =         0.0000
 ------------------------------------------------------------------------------


 NSTEP =  2250000   TIME(PS) = 3004500.000  TEMP(K) =   298.32  PRESS =     0.0
 Etot   =    -54489.6135  EKtot   =     13822.9033  EPtot      =    -68312.5168
 BOND   =       462.8383  ANGLE   =      1210.2132  DIHED      =      1853.8747
 1-4 NB =       574.7526  1-4 EEL =      8914.6385  VDWAALS    =      8143.1063
 EELEC  =    -89471.9405  EHBOND  =         0.0000  RESTRAINT  =         0.0000
 ------------------------------------------------------------------------------


 NSTEP =  2300000   TIME(PS) = 3004600.000  TEMP(K) =   298.87  PRESS =     0.0
 Etot   =    -54545.4233  EKtot   =     13848.3135  EPtot      =    -68393.7368
 BOND   =       438.2565  ANGLE   =      1247.1718  DIHED      =      1862.5763
 1-4 NB =       570.9288  1-4 EEL =      8888.7445  VDWAALS    =      8281.4327
 EELEC  =    -89682.8473  EHBOND  =         0.0000  RESTRAINT  =         0.0000
 ------------------------------------------------------------------------------


 NSTEP =  2350000   TIME(PS) = 3004700.000  TEMP(K) =   299.70  PRESS =     0.0
 Etot   =    -54355.4298  EKtot   =     13886.6270  EPtot      =    -68242.0568
 BOND   =       441.9999  ANGLE   =      1204.0532  DIHED      =      1864.3848
 1-4 NB =       578.9423  1-4 EEL =      8851.4709  VDWAALS    =      8063.1402
 EELEC  =    -89246.0480  EHBOND  =         0.0000  RESTRAINT  =         0.0000
 ------------------------------------------------------------------------------


 NSTEP =  2400000   TIME(PS) = 3004800.000  TEMP(K) =   300.12  PRESS =     0.0
 Etot   =    -54621.0471  EKtot   =     13906.2812  EPtot      =    -68527.3283
 BOND   =       459.1498  ANGLE   =      1190.7504  DIHED      =      1865.4065
 1-4 NB =       589.0442  1-4 EEL =      8872.7926  VDWAALS    =      7977.2546
 EELEC  =    -89481.7263  EHBOND  =         0.0000  RESTRAINT  =         0.0000
 ------------------------------------------------------------------------------


 NSTEP =  2450000   TIME(PS) = 3004900.000  TEMP(K) =   298.90  PRESS =     0.0
 Etot   =    -54370.5611  EKtot   =     13849.8379  EPtot      =    -68220.3990
 BOND   =       447.6884  ANGLE   =      1249.4386  DIHED      =      1838.1594
 1-4 NB =       579.4183  1-4 EEL =      8898.5916  VDWAALS    =      8056.0422
 EELEC  =    -89289.7375  EHBOND  =         0.0000  RESTRAINT  =         0.0000
 ------------------------------------------------------------------------------


 NSTEP =  2500000   TIME(PS) = 3005000.000  TEMP(K) =   303.76  PRESS =     0.0
 Etot   =    -54423.1981  EKtot   =     14074.7598  EPtot      =    -68497.9578
 BOND   =       459.1680  ANGLE   =      1198.9389  DIHED      =      1854.7176
 1-4 NB =       585.5165  1-4 EEL =      8877.9924  VDWAALS    =      8206.7222
 EELEC  =    -89681.0135  EHBOND  =         0.0000  RESTRAINT  =         0.0000
 ------------------------------------------------------------------------------


 NSTEP =  2550000   TIME(PS) = 3005100.000  TEMP(K) =   302.46  PRESS =     0.0
 Etot   =    -54321.9507  EKtot   =     14014.6289  EPtot      =    -68336.5796
 BOND   =       440.1648  ANGLE   =      1189.4244  DIHED      =      1860.3580
 1-4 NB =       566.4123  1-4 EEL =      8861.9910  VDWAALS    =      8109.1283
 EELEC  =    -89364.0584  EHBOND  =         0.0000  RESTRAINT  =         0.0000
 ------------------------------------------------------------------------------


 NSTEP =  2600000   TIME(PS) = 3005200.000  TEMP(K) =   300.92  PRESS =     0.0
 Etot   =    -54650.4271  EKtot   =     13943.2500  EPtot      =    -68593.6771
 BOND   =       464.4368  ANGLE   =      1201.8287  DIHED      =      1857.2548
 1-4 NB =       572.3125  1-4 EEL =      8862.0642  VDWAALS    =      8080.6940
 EELEC  =    -89632.2681  EHBOND  =         0.0000  RESTRAINT  =         0.0000
 ------------------------------------------------------------------------------


 NSTEP =  2650000   TIME(PS) = 3005300.000  TEMP(K) =   297.44  PRESS =     0.0
 Etot   =    -54625.6618  EKtot   =     13781.8271  EPtot      =    -68407.4889
 BOND   =       472.4955  ANGLE   =      1200.5607  DIHED      =      1878.2473
 1-4 NB =       573.4367  1-4 EEL =      8946.1162  VDWAALS    =      7929.9657
 EELEC  =    -89408.3111  EHBOND  =         0.0000  RESTRAINT  =         0.0000
 ------------------------------------------------------------------------------


 NSTEP =  2700000   TIME(PS) = 3005400.000  TEMP(K) =   301.55  PRESS =     0.0
 Etot   =    -54523.9186  EKtot   =     13972.2529  EPtot      =    -68496.1715
 BOND   =       455.0853  ANGLE   =      1160.2048  DIHED      =      1872.6154
 1-4 NB =       568.2370  1-4 EEL =      8884.4923  VDWAALS    =      7882.5777
 EELEC  =    -89319.3840  EHBOND  =         0.0000  RESTRAINT  =         0.0000
 ------------------------------------------------------------------------------


 NSTEP =  2750000   TIME(PS) = 3005500.000  TEMP(K) =   300.77  PRESS =     0.0
 Etot   =    -54515.3883  EKtot   =     13936.2998  EPtot      =    -68451.6881
 BOND   =       425.0385  ANGLE   =      1242.9125  DIHED      =      1872.2221
 1-4 NB =       575.5024  1-4 EEL =      8859.9077  VDWAALS    =      8156.7169
 EELEC  =    -89583.9883  EHBOND  =         0.0000  RESTRAINT  =         0.0000
 ------------------------------------------------------------------------------


 NSTEP =  2800000   TIME(PS) = 3005600.000  TEMP(K) =   303.09  PRESS =     0.0
 Etot   =    -54111.0768  EKtot   =     14043.6611  EPtot      =    -68154.7379
 BOND   =       480.1937  ANGLE   =      1215.9638  DIHED      =      1857.2853
 1-4 NB =       578.6260  1-4 EEL =      8886.3297  VDWAALS    =      8137.2797
 EELEC  =    -89310.4161  EHBOND  =         0.0000  RESTRAINT  =         0.0000
 ------------------------------------------------------------------------------


 NSTEP =  2850000   TIME(PS) = 3005700.000  TEMP(K) =   299.31  PRESS =     0.0
 Etot   =    -54414.8705  EKtot   =     13868.5117  EPtot      =    -68283.3822
 BOND   =       455.1535  ANGLE   =      1179.0433  DIHED      =      1847.1496
 1-4 NB =       569.8414  1-4 EEL =      8898.7916  VDWAALS    =      8203.3855
 EELEC  =    -89436.7471  EHBOND  =         0.0000  RESTRAINT  =         0.0000
 ------------------------------------------------------------------------------


 NSTEP =  2900000   TIME(PS) = 3005800.000  TEMP(K) =   299.29  PRESS =     0.0
 Etot   =    -54468.5368  EKtot   =     13867.5225  EPtot      =    -68336.0593
 BOND   =       488.9355  ANGLE   =      1178.4042  DIHED      =      1875.2776
 1-4 NB =       574.3169  1-4 EEL =      8950.6019  VDWAALS    =      8113.0234
 EELEC  =    -89516.6187  EHBOND  =         0.0000  RESTRAINT  =         0.0000
 ------------------------------------------------------------------------------


 NSTEP =  2950000   TIME(PS) = 3005900.000  TEMP(K) =   299.61  PRESS =     0.0
 Etot   =    -54728.2568  EKtot   =     13882.6250  EPtot      =    -68610.8818
 BOND   =       437.7458  ANGLE   =      1215.1494  DIHED      =      1860.7894
 1-4 NB =       573.6699  1-4 EEL =      8878.8531  VDWAALS    =      8102.6791
 EELEC  =    -89679.7686  EHBOND  =         0.0000  RESTRAINT  =         0.0000
 ------------------------------------------------------------------------------


 NSTEP =  3000000   TIME(PS) = 3006000.000  TEMP(K) =   299.32  PRESS =     0.0
 Etot   =    -54524.3308  EKtot   =     13869.1641  EPtot      =    -68393.4949
 BOND   =       459.3014  ANGLE   =      1251.2111  DIHED      =      1897.9439
 1-4 NB =       561.0307  1-4 EEL =      8869.8538  VDWAALS    =      8079.9031
 EELEC  =    -89512.7389  EHBOND  =         0.0000  RESTRAINT  =         0.0000
 ------------------------------------------------------------------------------


 NSTEP =  3050000   TIME(PS) = 3006100.000  TEMP(K) =   303.15  PRESS =     0.0
 Etot   =    -54376.1326  EKtot   =     14046.5918  EPtot      =    -68422.7244
 BOND   =       477.8494  ANGLE   =      1234.1004  DIHED      =      1858.3095
 1-4 NB =       568.8512  1-4 EEL =      8868.8234  VDWAALS    =      8022.1673
 EELEC  =    -89452.8255  EHBOND  =         0.0000  RESTRAINT  =         0.0000
 ------------------------------------------------------------------------------


 NSTEP =  3100000   TIME(PS) = 3006200.000  TEMP(K) =   299.90  PRESS =     0.0
 Etot   =    -54384.2862  EKtot   =     13896.0732  EPtot      =    -68280.3595
 BOND   =       449.5085  ANGLE   =      1198.2508  DIHED      =      1860.4674
 1-4 NB =       568.4913  1-4 EEL =      8913.5676  VDWAALS    =      8081.3225
 EELEC  =    -89351.9676  EHBOND  =         0.0000  RESTRAINT  =         0.0000
 ------------------------------------------------------------------------------


 NSTEP =  3150000   TIME(PS) = 3006300.000  TEMP(K) =   299.93  PRESS =     0.0
 Etot   =    -54704.9773  EKtot   =     13897.2012  EPtot      =    -68602.1784
 BOND   =       437.0634  ANGLE   =      1239.4927  DIHED      =      1853.5830
 1-4 NB =       579.1073  1-4 EEL =      8878.7130  VDWAALS    =      8397.0907
 EELEC  =    -89987.2287  EHBOND  =         0.0000  RESTRAINT  =         0.0000
 ------------------------------------------------------------------------------


 NSTEP =  3200000   TIME(PS) = 3006400.000  TEMP(K) =   297.93  PRESS =     0.0
 Etot   =    -54530.7976  EKtot   =     13804.7393  EPtot      =    -68335.5368
 BOND   =       452.0745  ANGLE   =      1218.5870  DIHED      =      1854.4265
 1-4 NB =       579.9951  1-4 EEL =      8874.2904  VDWAALS    =      8320.9981
 EELEC  =    -89635.9083  EHBOND  =         0.0000  RESTRAINT  =         0.0000
 ------------------------------------------------------------------------------


 NSTEP =  3250000   TIME(PS) = 3006500.000  TEMP(K) =   297.58  PRESS =     0.0
 Etot   =    -54620.7536  EKtot   =     13788.5410  EPtot      =    -68409.2946
 BOND   =       462.9176  ANGLE   =      1217.0127  DIHED      =      1863.2443
 1-4 NB =       576.0103  1-4 EEL =      8850.7619  VDWAALS    =      8182.0180
 EELEC  =    -89561.2594  EHBOND  =         0.0000  RESTRAINT  =         0.0000
 ------------------------------------------------------------------------------


 NSTEP =  3300000   TIME(PS) = 3006600.000  TEMP(K) =   297.71  PRESS =     0.0
 Etot   =    -54566.7394  EKtot   =     13794.5703  EPtot      =    -68361.3097
 BOND   =       482.9766  ANGLE   =      1168.7717  DIHED      =      1889.0306
 1-4 NB =       581.2366  1-4 EEL =      8890.1201  VDWAALS    =      8329.0860
 EELEC  =    -89702.5313  EHBOND  =         0.0000  RESTRAINT  =         0.0000
 ------------------------------------------------------------------------------


 NSTEP =  3350000   TIME(PS) = 3006700.000  TEMP(K) =   297.43  PRESS =     0.0
 Etot   =    -54535.8719  EKtot   =     13781.6406  EPtot      =    -68317.5125
 BOND   =       467.7519  ANGLE   =      1243.8648  DIHED      =      1884.4229
 1-4 NB =       573.3286  1-4 EEL =      8885.6912  VDWAALS    =      8104.2194
 EELEC  =    -89476.7913  EHBOND  =         0.0000  RESTRAINT  =         0.0000
 ------------------------------------------------------------------------------


 NSTEP =  3400000   TIME(PS) = 3006800.000  TEMP(K) =   298.46  PRESS =     0.0
 Etot   =    -54649.0870  EKtot   =     13829.4580  EPtot      =    -68478.5450
 BOND   =       426.8039  ANGLE   =      1231.9527  DIHED      =      1861.7886
 1-4 NB =       576.3212  1-4 EEL =      8888.4226  VDWAALS    =      8051.7611
 EELEC  =    -89515.5950  EHBOND  =         0.0000  RESTRAINT  =         0.0000
 ------------------------------------------------------------------------------


 NSTEP =  3450000   TIME(PS) = 3006900.000  TEMP(K) =   296.41  PRESS =     0.0
 Etot   =    -54551.2802  EKtot   =     13734.0625  EPtot      =    -68285.3427
 BOND   =       467.5339  ANGLE   =      1209.4167  DIHED      =      1851.6394
 1-4 NB =       561.3092  1-4 EEL =      8850.5938  VDWAALS    =      8175.3698
 EELEC  =    -89401.2054  EHBOND  =         0.0000  RESTRAINT  =         0.0000
 ------------------------------------------------------------------------------


 NSTEP =  3500000   TIME(PS) = 3007000.000  TEMP(K) =   296.57  PRESS =     0.0
 Etot   =    -54635.3208  EKtot   =     13741.8320  EPtot      =    -68377.1528
 BOND   =       451.7534  ANGLE   =      1225.9940  DIHED      =      1891.7468
 1-4 NB =       573.7755  1-4 EEL =      8875.5952  VDWAALS    =      8244.4485
 EELEC  =    -89640.4664  EHBOND  =         0.0000  RESTRAINT  =         0.0000
 ------------------------------------------------------------------------------


 NSTEP =  3550000   TIME(PS) = 3007100.000  TEMP(K) =   298.39  PRESS =     0.0
 Etot   =    -54559.2079  EKtot   =     13825.8301  EPtot      =    -68385.0380
 BOND   =       451.4777  ANGLE   =      1240.5302  DIHED      =      1849.2557
 1-4 NB =       570.6658  1-4 EEL =      8846.8862  VDWAALS    =      8137.6528
 EELEC  =    -89481.5063  EHBOND  =         0.0000  RESTRAINT  =         0.0000
 ------------------------------------------------------------------------------


 NSTEP =  3600000   TIME(PS) = 3007200.000  TEMP(K) =   296.69  PRESS =     0.0
 Etot   =    -54790.8534  EKtot   =     13747.0293  EPtot      =    -68537.8827
 BOND   =       442.7372  ANGLE   =      1199.6822  DIHED      =      1867.0492
 1-4 NB =       575.7120  1-4 EEL =      8880.2371  VDWAALS    =      7996.5088
 EELEC  =    -89499.8091  EHBOND  =         0.0000  RESTRAINT  =         0.0000
 ------------------------------------------------------------------------------


 NSTEP =  3650000   TIME(PS) = 3007299.999  TEMP(K) =   302.62  PRESS =     0.0
 Etot   =    -54346.8327  EKtot   =     14021.8516  EPtot      =    -68368.6842
 BOND   =       441.8132  ANGLE   =      1206.6129  DIHED      =      1851.2404
 1-4 NB =       577.6079  1-4 EEL =      8916.4188  VDWAALS    =      8024.0663
 EELEC  =    -89386.4437  EHBOND  =         0.0000  RESTRAINT  =         0.0000
 ------------------------------------------------------------------------------


 NSTEP =  3700000   TIME(PS) = 3007399.999  TEMP(K) =   302.93  PRESS =     0.0
 Etot   =    -54228.1317  EKtot   =     14036.4287  EPtot      =    -68264.5605
 BOND   =       439.8177  ANGLE   =      1203.7638  DIHED      =      1842.6940
 1-4 NB =       567.8158  1-4 EEL =      8898.0456  VDWAALS    =      8052.8807
 EELEC  =    -89269.5781  EHBOND  =         0.0000  RESTRAINT  =         0.0000
 ------------------------------------------------------------------------------


 NSTEP =  3750000   TIME(PS) = 3007499.999  TEMP(K) =   299.40  PRESS =     0.0
 Etot   =    -54614.9210  EKtot   =     13872.8750  EPtot      =    -68487.7960
 BOND   =       454.8950  ANGLE   =      1229.7023  DIHED      =      1849.1225
 1-4 NB =       579.6063  1-4 EEL =      8890.9449  VDWAALS    =      8025.7851
 EELEC  =    -89517.8521  EHBOND  =         0.0000  RESTRAINT  =         0.0000
 ------------------------------------------------------------------------------


 NSTEP =  3800000   TIME(PS) = 3007599.999  TEMP(K) =   300.13  PRESS =     0.0
 Etot   =    -54599.3126  EKtot   =     13906.7578  EPtot      =    -68506.0704
 BOND   =       440.4383  ANGLE   =      1179.8120  DIHED      =      1860.4702
 1-4 NB =       562.7776  1-4 EEL =      8851.1132  VDWAALS    =      7867.9107
 EELEC  =    -89268.5926  EHBOND  =         0.0000  RESTRAINT  =         0.0000
 ------------------------------------------------------------------------------


 NSTEP =  3850000   TIME(PS) = 3007699.999  TEMP(K) =   299.67  PRESS =     0.0
 Etot   =    -54576.0353  EKtot   =     13885.5449  EPtot      =    -68461.5802
 BOND   =       439.2765  ANGLE   =      1199.0423  DIHED      =      1861.8478
 1-4 NB =       592.9918  1-4 EEL =      8847.4780  VDWAALS    =      8096.3759
 EELEC  =    -89498.5925  EHBOND  =         0.0000  RESTRAINT  =         0.0000
 ------------------------------------------------------------------------------


 NSTEP =  3900000   TIME(PS) = 3007799.999  TEMP(K) =   301.54  PRESS =     0.0
 Etot   =    -54471.4361  EKtot   =     13972.1641  EPtot      =    -68443.6001
 BOND   =       436.0131  ANGLE   =      1235.4365  DIHED      =      1874.2000
 1-4 NB =       569.8738  1-4 EEL =      8870.5103  VDWAALS    =      8232.0342
 EELEC  =    -89661.6681  EHBOND  =         0.0000  RESTRAINT  =         0.0000
 ------------------------------------------------------------------------------


 NSTEP =  3950000   TIME(PS) = 3007899.999  TEMP(K) =   298.99  PRESS =     0.0
 Etot   =    -54667.6997  EKtot   =     13853.8428  EPtot      =    -68521.5425
 BOND   =       468.4563  ANGLE   =      1197.4974  DIHED      =      1843.2800
 1-4 NB =       565.1156  1-4 EEL =      8891.3770  VDWAALS    =      7818.8365
 EELEC  =    -89306.1054  EHBOND  =         0.0000  RESTRAINT  =         0.0000
 ------------------------------------------------------------------------------


 NSTEP =  4000000   TIME(PS) = 3007999.999  TEMP(K) =   300.28  PRESS =     0.0
 Etot   =    -54464.5982  EKtot   =     13913.7490  EPtot      =    -68378.3472
 BOND   =       421.8900  ANGLE   =      1200.4906  DIHED      =      1875.4126
 1-4 NB =       580.4507  1-4 EEL =      8866.0421  VDWAALS    =      8292.9944
 EELEC  =    -89615.6276  EHBOND  =         0.0000  RESTRAINT  =         0.0000
 ------------------------------------------------------------------------------


 NSTEP =  4050000   TIME(PS) = 3008099.999  TEMP(K) =   299.77  PRESS =     0.0
 Etot   =    -54466.3798  EKtot   =     13889.8594  EPtot      =    -68356.2391
 BOND   =       442.0221  ANGLE   =      1215.2315  DIHED      =      1867.5261
 1-4 NB =       577.5549  1-4 EEL =      8917.2928  VDWAALS    =      8058.6892
 EELEC  =    -89434.5557  EHBOND  =         0.0000  RESTRAINT  =         0.0000
 ------------------------------------------------------------------------------


 NSTEP =  4100000   TIME(PS) = 3008199.999  TEMP(K) =   298.95  PRESS =     0.0
 Etot   =    -54603.1935  EKtot   =     13852.1494  EPtot      =    -68455.3430
 BOND   =       452.2402  ANGLE   =      1219.5553  DIHED      =      1852.7827
 1-4 NB =       561.9673  1-4 EEL =      8875.0469  VDWAALS    =      8191.1671
 EELEC  =    -89608.1025  EHBOND  =         0.0000  RESTRAINT  =         0.0000
 ------------------------------------------------------------------------------


 NSTEP =  4150000   TIME(PS) = 3008299.999  TEMP(K) =   300.41  PRESS =     0.0
 Etot   =    -54354.4468  EKtot   =     13919.7061  EPtot      =    -68274.1528
 BOND   =       443.7232  ANGLE   =      1199.0185  DIHED      =      1860.6548
 1-4 NB =       581.5888  1-4 EEL =      8857.1088  VDWAALS    =      8134.6629
 EELEC  =    -89350.9099  EHBOND  =         0.0000  RESTRAINT  =         0.0000
 ------------------------------------------------------------------------------


 NSTEP =  4200000   TIME(PS) = 3008399.999  TEMP(K) =   298.53  PRESS =     0.0
 Etot   =    -54621.2160  EKtot   =     13832.3584  EPtot      =    -68453.5744
 BOND   =       463.9173  ANGLE   =      1215.7559  DIHED      =      1866.3527
 1-4 NB =       573.4581  1-4 EEL =      8907.3170  VDWAALS    =      8358.4481
 EELEC  =    -89838.8233  EHBOND  =         0.0000  RESTRAINT  =         0.0000
 ------------------------------------------------------------------------------


 NSTEP =  4250000   TIME(PS) = 3008499.999  TEMP(K) =   299.40  PRESS =     0.0
 Etot   =    -54421.2547  EKtot   =     13872.7275  EPtot      =    -68293.9823
 BOND   =       464.5011  ANGLE   =      1229.4532  DIHED      =      1871.4522
 1-4 NB =       570.4892  1-4 EEL =      8853.7257  VDWAALS    =      7929.7411
 EELEC  =    -89213.3447  EHBOND  =         0.0000  RESTRAINT  =         0.0000
 ------------------------------------------------------------------------------


 NSTEP =  4300000   TIME(PS) = 3008599.999  TEMP(K) =   298.34  PRESS =     0.0
 Etot   =    -54598.0556  EKtot   =     13823.7803  EPtot      =    -68421.8359
 BOND   =       455.6877  ANGLE   =      1228.3983  DIHED      =      1861.5165
 1-4 NB =       584.0304  1-4 EEL =      8866.3029  VDWAALS    =      8202.8882
 EELEC  =    -89620.6599  EHBOND  =         0.0000  RESTRAINT  =         0.0000
 ------------------------------------------------------------------------------


 NSTEP =  4350000   TIME(PS) = 3008699.999  TEMP(K) =   297.96  PRESS =     0.0
 Etot   =    -54540.8160  EKtot   =     13805.8955  EPtot      =    -68346.7115
 BOND   =       478.1384  ANGLE   =      1215.4654  DIHED      =      1847.7094
 1-4 NB =       563.9115  1-4 EEL =      8838.5742  VDWAALS    =      8024.6235
 EELEC  =    -89315.1339  EHBOND  =         0.0000  RESTRAINT  =         0.0000
 ------------------------------------------------------------------------------


 NSTEP =  4400000   TIME(PS) = 3008799.999  TEMP(K) =   300.83  PRESS =     0.0
 Etot   =    -54481.8713  EKtot   =     13939.1914  EPtot      =    -68421.0627
 BOND   =       454.0715  ANGLE   =      1210.4796  DIHED      =      1859.8364
 1-4 NB =       569.7330  1-4 EEL =      8852.7042  VDWAALS    =      8402.9483
 EELEC  =    -89770.8357  EHBOND  =         0.0000  RESTRAINT  =         0.0000
 ------------------------------------------------------------------------------


 NSTEP =  4450000   TIME(PS) = 3008899.999  TEMP(K) =   300.34  PRESS =     0.0
 Etot   =    -54464.9936  EKtot   =     13916.5303  EPtot      =    -68381.5239
 BOND   =       448.9928  ANGLE   =      1203.2621  DIHED      =      1869.8095
 1-4 NB =       581.7868  1-4 EEL =      8882.1835  VDWAALS    =      8172.2845
 EELEC  =    -89539.8431  EHBOND  =         0.0000  RESTRAINT  =         0.0000
 ------------------------------------------------------------------------------


 NSTEP =  4500000   TIME(PS) = 3008999.999  TEMP(K) =   302.29  PRESS =     0.0
 Etot   =    -54384.6495  EKtot   =     14006.5234  EPtot      =    -68391.1729
 BOND   =       438.8300  ANGLE   =      1183.6017  DIHED      =      1858.6087
 1-4 NB =       575.0214  1-4 EEL =      8866.6299  VDWAALS    =      8193.3753
 EELEC  =    -89507.2398  EHBOND  =         0.0000  RESTRAINT  =         0.0000
 ------------------------------------------------------------------------------


 NSTEP =  4550000   TIME(PS) = 3009099.999  TEMP(K) =   303.70  PRESS =     0.0
 Etot   =    -54268.5842  EKtot   =     14071.9199  EPtot      =    -68340.5042
 BOND   =       486.2350  ANGLE   =      1190.0399  DIHED      =      1885.9852
 1-4 NB =       569.2612  1-4 EEL =      8865.4166  VDWAALS    =      7987.4522
 EELEC  =    -89324.8942  EHBOND  =         0.0000  RESTRAINT  =         0.0000
 ------------------------------------------------------------------------------


      A V E R A G E S   O V E R      91 S T E P S


 NSTEP =  4560000   TIME(PS) = 3009119.999  TEMP(K) =   299.64  PRESS =     0.0
 Etot   =    -54501.0415  EKtot   =     13883.7012  EPtot      =    -68384.7428
 BOND   =       454.8926  ANGLE   =      1212.7968  DIHED      =      1862.8487
 1-4 NB =       573.5449  1-4 EEL =      8876.9363  VDWAALS    =      8144.0556
 EELEC  =    -89509.8176  EHBOND  =         0.0000  RESTRAINT  =         0.0000
 ------------------------------------------------------------------------------


      R M S  F L U C T U A T I O N S


 NSTEP =  4560000   TIME(PS) = 3009119.999  TEMP(K) =     1.94  PRESS =     0.0
 Etot   =       139.4346  EKtot   =        89.6958  EPtot      =       109.1681
 BOND   =        15.7989  ANGLE   =        25.0525  DIHED      =        14.2785
 1-4 NB =         8.8175  1-4 EEL =        23.8715  VDWAALS    =       124.8013
 EELEC  =       169.7582  EHBOND  =         0.0000  RESTRAINT  =         0.0000
 ------------------------------------------------------------------------------

--------------------------------------------------------------------------------
   5.  TIMINGS
--------------------------------------------------------------------------------

|  NonSetup CPU Time in Major Routines:
|
|     Routine           Sec        %
|     ------------------------------
|     Nonbond         455.05    5.89
|     Bond              0.00    0.00
|     Angle             0.00    0.00
|     Dihedral          0.00    0.00
|     Shake            25.53    0.33
|     RunMD          7235.27   93.73
|     Other             3.69    0.05
|     ------------------------------
|     Total          7719.54

|  PME Nonbond Pairlist CPU Time:
|
|     Routine              Sec        %
|     ---------------------------------
|     Set Up Cit           0.00    0.00
|     Build List           0.00    0.00
|     ---------------------------------
|     Total                0.00    0.00

|  PME Direct Force CPU Time:
|
|     Routine              Sec        %
|     ---------------------------------
|     NonBonded Calc       0.00    0.00
|     Exclude Masked       0.00    0.00
|     Other                1.82    0.02
|     ---------------------------------
|     Total                1.82    0.02

|  PME Reciprocal Force CPU Time:
|
|     Routine              Sec        %
|     ---------------------------------
|     1D bspline           0.00    0.00
|     Grid Charges         0.00    0.00
|     Scalar Sum           0.00    0.00
|     Gradient Sum         0.00    0.00
|     FFT                  0.00    0.00
|     ---------------------------------
|     Total                0.00    0.00

|  Final Performance Info:
|     -----------------------------------------------------
|     Average timings for last   10000 steps:
|     Elapsed(s) =      16.99 Per Step(ms) =       1.70
|         ns/day =     101.69   seconds/ns =     849.62
|
|     Average timings for all steps:
|     Elapsed(s) =    7718.50 Per Step(ms) =       1.69
|         ns/day =     102.09   seconds/ns =     846.33
|     -----------------------------------------------------

|  Setup CPU time:            0.60 seconds
|  NonSetup CPU time:      7719.54 seconds
|  Total CPU time:         7720.15 seconds     2.14 hours

|  Setup wall time:           1    seconds
|  NonSetup wall time:     7718    seconds
|  Total wall time:        7719    seconds     2.14 hours
