
          -------------------------------------------------------
          Amber 16 PMEMD                              2016
          -------------------------------------------------------

| PMEMD implementation of SANDER, Release 16

| Run on 05/03/2018 at 22:09:38

|   Executable path: pmemd.cuda
| Working directory: /home/german/lbp/run/1ure/mhe/e
|          Hostname: Unknown
  [-O]verwriting output

File Assignments:
|   MDIN: 20equ.in                                                              
|  MDOUT: 20equ.out                                                             
| INPCRD: 19e1ure.rst7                                                          
|   PARM: /home/german/lbp/top_files/1ure.prmtop                                
| RESTRT: 20e1ure.rst7                                                          
|   REFC: 19e1ure.rst7                                                          
|  MDVEL: mdvel                                                                 
|   MDEN: mden                                                                  
|  MDCRD: 20e1ure.nc                                                            
| MDINFO: mdinfo                                                                
|  MDFRC: mdfrc                                                                 


 Here is the input file:

Equilibration with solute restrictions                                         
&cntrl                                                                         
imin = 0,                           ! No Minimization                          
nmropt = 0,                         ! No NMR restraints read                   
                                                                               
! Nature and format of the input                                               
ntx = 5,                            ! Coordinates but no velocities will be rea
irest = 1,                          ! Do not run a new simulation              
                                                                               
! Nature and format of the output                                              
ntxo = 1,                           ! rstrt file in ASCII format               
ntpr = 500,                         ! inf in output every ntpr steps           
ntwr = 500,                         ! rstrt file every ntwr steps              
ntwx = 500,                         ! mdcrd file every ntwx steps              
ntwv = 0,                           ! mdvel without velocities                 
ntwe = 0,                           ! Do not write energies and temperatures   
idecomp = 0,                        ! No energy decomposition                  
iwrap = 1,                          ! Coordinates of the restart and mdcrd file
                                                                               
! Frozen or restrained atoms                                                   
ibelly = 0,                         ! No frozen atoms                          
ntr=1,                              ! Harmonic potential restraints            
restraint_wt = 0.4,                ! The weight for the positional restraints  
restraintmask = ':1-131@N,CA,C,O|:132',  ! restrained residues                 
                                                                               
! Molecular dynamics                                                           
nstlim = 50000,                     ! Number of MD-steps                       
dt = 0.002,                         ! Time step                                
                                                                               
! Temperature regulation                                                       
ntt = 3,                            ! Langevin thermostat                      
gamma_ln = 5,                       ! Gamma constant for Langevin              
temp0 = 300.0,                      ! Reference T at which the system is to be 
tempi = 300.0,                      ! Initial T                                
ig = -1,                            ! Seed for the RNG                         
                                                                               
! P and V regulation                                                           
ntp = 1,                            ! constant P                               
barostat = 1,                       ! Berendsen barostat                       
taup = 1,                           ! Pressure relaxation time                 
ntb = 2,                            ! Periodic box for constant P              
                                                                               
! SHAKE variables                                                              
ntc = 2,                            ! Bonds involving H are constrained        
ntf = 2,                            ! Bond interaction involving H are ommited.
                                                                               
cut = 10.0,                         ! Nonbonded cutoff                         
/                                                                              
&end                                                                           


Note: ig = -1. Setting random seed to   116456 based on wallclock time in 
      microseconds.
 
|--------------------- INFORMATION ----------------------
| GPU (CUDA) Version of PMEMD in use: NVIDIA GPU IN USE.
|                    Version 16.0.0
| 
|                      02/25/2016
| 
| Implementation by:
|                    Ross C. Walker     (SDSC)
|                    Scott Le Grand     (nVIDIA)
| 
| Precision model in use:
|      [SPFP] - Single Precision Forces, 64-bit Fixed Point
|               Accumulation. (Default)
| 
|--------------------------------------------------------
 
|----------------- CITATION INFORMATION -----------------
|
|    When publishing work that utilized the CUDA version
|    of AMBER, please cite the following in addition to
|    the regular AMBER citations:
|
|  - Romelia Salomon-Ferrer; Andreas W. Goetz; Duncan
|    Poole; Scott Le Grand; Ross C. Walker "Routine
|    microsecond molecular dynamics simulations with
|    AMBER - Part II: Particle Mesh Ewald", J. Chem.
|    Theory Comput., 2013, 9 (9), pp3878-3888,
|    DOI: 10.1021/ct400314y.
|
|  - Andreas W. Goetz; Mark J. Williamson; Dong Xu;
|    Duncan Poole; Scott Le Grand; Ross C. Walker
|    "Routine microsecond molecular dynamics simulations
|    with AMBER - Part I: Generalized Born", J. Chem.
|    Theory Comput., 2012, 8 (5), pp1542-1555.
|
|  - Scott Le Grand; Andreas W. Goetz; Ross C. Walker
|    "SPFP: Speed without compromise - a mixed precision
|    model for GPU accelerated molecular dynamics
|    simulations.", Comp. Phys. Comm., 2013, 184
|    pp374-380, DOI: 10.1016/j.cpc.2012.09.022
|
|--------------------------------------------------------
 
|------------------- GPU DEVICE INFO --------------------
|
|            CUDA_VISIBLE_DEVICES: 1
|   CUDA Capable Devices Detected:      1
|           CUDA Device ID in use:      0
|                CUDA Device Name: GeForce GTX 1060 6GB
|     CUDA Device Global Mem Size:   6072 MB
| CUDA Device Num Multiprocessors:     10
|           CUDA Device Core Freq:   1.76 GHz
|
|--------------------------------------------------------
 
 
| Conditional Compilation Defines Used:
| PUBFFT
| BINTRAJ
| CUDA
| EMIL

| Largest sphere to fit in unit cell has radius =    24.222

| New format PARM file being parsed.
| Version =    1.000 Date = 05/03/18 Time = 18:00:41

| Note: 1-4 EEL scale factors are being read from the topology file.

| Note: 1-4 VDW scale factors are being read from the topology file.
| Duplicated    0 dihedrals

| Duplicated    0 dihedrals

--------------------------------------------------------------------------------
   1.  RESOURCE   USE: 
--------------------------------------------------------------------------------

 getting new box info from bottom of inpcrd
 NATOM  =   16143 NTYPES =      16 NBONH =   15068 MBONA  =    1090
 NTHETH =    2483 MTHETA =    1455 NPHIH =    4974 MPHIA  =    4545
 NHPARM =       0 NPARM  =       0 NNB   =   30550 NRES   =    4792
 NBONA  =    1090 NTHETA =    1455 NPHIA =    4545 NUMBND =      69
 NUMANG =     150 NPTRA  =     181 NATYP =      39 NPHB   =       1
 IFBOX  =       2 NMXRS  =      50 IFCAP =       0 NEXTRA =       0
 NCOPY  =       0

| Coordinate Index Table dimensions:     9    9    9
| Direct force subcell size =     6.5923    6.5923    6.5923

     BOX TYPE: TRUNCATED OCTAHEDRON

--------------------------------------------------------------------------------
   2.  CONTROL  DATA  FOR  THE  RUN
--------------------------------------------------------------------------------

default_name                                                                    

General flags:
     imin    =       0, nmropt  =       0

Nature and format of input:
     ntx     =       5, irest   =       1, ntrx    =       1

Nature and format of output:
     ntxo    =       1, ntpr    =     500, ntrx    =       1, ntwr    =     500
     iwrap   =       1, ntwx    =     500, ntwv    =       0, ntwe    =       0
     ioutfm  =       1, ntwprt  =       0, idecomp =       0, rbornstat=      0

Potential function:
     ntf     =       2, ntb     =       2, igb     =       0, nsnb    =      25
     ipol    =       0, gbsa    =       0, iesp    =       0
     dielc   =   1.00000, cut     =  10.00000, intdiel =   1.00000

Frozen or restrained atoms:
     ibelly  =       0, ntr     =       1
     restraint_wt =   0.40000

Molecular dynamics:
     nstlim  =     50000, nscm    =         0, nrespa  =         1
     t       =   0.00000, dt      =   0.00200, vlimit  =  -1.00000

Langevin dynamics temperature regulation:
     ig      =  116456
     temp0   = 300.00000, tempi   = 300.00000, gamma_ln=   5.00000

Pressure regulation:
     ntp     =       1
     pres0   =   1.00000, comp    =  44.60000, taup    =   1.00000

SHAKE:
     ntc     =       2, jfastw  =       0
     tol     =   0.00001

| Intermolecular bonds treatment:
|     no_intermolecular_bonds =       1

| Energy averages sample interval:
|     ene_avg_sampling =     500

Ewald parameters:
     verbose =       0, ew_type =       0, nbflag  =       1, use_pme =       1
     vdwmeth =       1, eedmeth =       1, netfrc  =       1
     Box X =   59.331   Box Y =   59.331   Box Z =   59.331
     Alpha =  109.471   Beta  =  109.471   Gamma =  109.471
     NFFT1 =   64       NFFT2 =   64       NFFT3 =   64
     Cutoff=   10.000   Tol   =0.100E-04
     Ewald Coefficient =  0.27511
     Interpolation order =    4

    LOADING THE CONSTRAINED ATOMS AS GROUPS


   5.  REFERENCE ATOM COORDINATES

  default_name                                                                    
     Mask :1-131@N,CA,C,O|:132; matches   574 atoms

--------------------------------------------------------------------------------
   3.  ATOMIC COORDINATES AND VELOCITIES
--------------------------------------------------------------------------------

default_name                                                                    
 begin time read from input coords =  2040.000 ps

 
 Number of triangulated 3-point waters found:     4660

     Sum of charges from parm topology file =  -0.00200004
     Forcing neutrality...

| Dynamic Memory, Types Used:
| Reals              830132
| Integers           608468

| Nonbonded Pairs Initial Allocation:     4882853

| GPU memory information (estimate):
| KB of GPU memory in use:    143606
| KB of CPU memory in use:     27926

--------------------------------------------------------------------------------
   4.  RESULTS
--------------------------------------------------------------------------------

 ---------------------------------------------------
 APPROXIMATING switch and d/dx switch using CUBIC SPLINE INTERPOLATION
 using   5000.0 points per unit in tabled values
 TESTING RELATIVE ERROR over r ranging from 0.0 to cutoff
| CHECK switch(x): max rel err =   0.2738E-14   at   2.422500
| CHECK d/dx switch(x): max rel err =   0.8314E-11   at   2.736960
 ---------------------------------------------------
|---------------------------------------------------
| APPROXIMATING direct energy using CUBIC SPLINE INTERPOLATION
|  with   50.0 points per unit in tabled values
| Relative Error Limit not exceeded for r .gt.   2.33
| APPROXIMATING direct force using CUBIC SPLINE INTERPOLATION
|  with   50.0 points per unit in tabled values
| Relative Error Limit not exceeded for r .gt.   2.80
|---------------------------------------------------
wrapping first mol.:       19.76931       27.95802       48.42471
wrapping first mol.:       19.76931       27.95802       48.42471

 NSTEP =      500   TIME(PS) =    2041.000  TEMP(K) =   298.55  PRESS =   -13.8
 Etot   =    -38889.6289  EKtot   =      9896.0303  EPtot      =    -48785.6592
 BOND   =       393.1342  ANGLE   =      1067.1382  DIHED      =      1681.3127
 1-4 NB =       474.9889  1-4 EEL =      5721.5690  VDWAALS    =      5469.4989
 EELEC  =    -63630.3985  EHBOND  =         0.0000  RESTRAINT  =        37.0974
 EAMBER (non-restraint)  =    -48822.7566
 EKCMT  =      4169.5663  VIRIAL  =      4217.3989  VOLUME     =    160589.2705
                                                    Density    =         1.0258
 ------------------------------------------------------------------------------

wrapping first mol.:       19.76522       27.95224       48.41470
wrapping first mol.:       19.76522       27.95224       48.41470

 NSTEP =     1000   TIME(PS) =    2042.000  TEMP(K) =   300.04  PRESS =  -374.5
 Etot   =    -38905.6263  EKtot   =      9945.4434  EPtot      =    -48851.0697
 BOND   =       410.7157  ANGLE   =      1091.9795  DIHED      =      1696.5895
 1-4 NB =       484.7918  1-4 EEL =      5727.0431  VDWAALS    =      5420.0731
 EELEC  =    -63716.9025  EHBOND  =         0.0000  RESTRAINT  =        34.6401
 EAMBER (non-restraint)  =    -48885.7098
 EKCMT  =      4102.2434  VIRIAL  =      5400.1432  VOLUME     =    160494.8621
                                                    Density    =         1.0264
 ------------------------------------------------------------------------------

wrapping first mol.:       19.75736       27.94112       48.39543
wrapping first mol.:       19.75736       27.94112       48.39543

 NSTEP =     1500   TIME(PS) =    2043.000  TEMP(K) =   296.25  PRESS =   -71.1
 Etot   =    -38763.6680  EKtot   =      9819.8857  EPtot      =    -48583.5537
 BOND   =       407.2919  ANGLE   =      1036.5670  DIHED      =      1717.5358
 1-4 NB =       484.6352  1-4 EEL =      5724.1828  VDWAALS    =      5419.6869
 EELEC  =    -63404.9948  EHBOND  =         0.0000  RESTRAINT  =        31.5414
 EAMBER (non-restraint)  =    -48615.0951
 EKCMT  =      4073.4005  VIRIAL  =      4319.3178  VOLUME     =    160299.0316
                                                    Density    =         1.0277
 ------------------------------------------------------------------------------

wrapping first mol.:       19.76213       27.94787       48.40713
wrapping first mol.:       19.76213       27.94787       48.40713

 NSTEP =     2000   TIME(PS) =    2044.000  TEMP(K) =   297.20  PRESS =   104.3
 Etot   =    -38970.3804  EKtot   =      9851.4590  EPtot      =    -48821.8394
 BOND   =       411.8519  ANGLE   =      1085.5312  DIHED      =      1681.9904
 1-4 NB =       476.2194  1-4 EEL =      5722.1789  VDWAALS    =      5417.1319
 EELEC  =    -63658.6290  EHBOND  =         0.0000  RESTRAINT  =        41.8861
 EAMBER (non-restraint)  =    -48863.7255
 EKCMT  =      4186.9844  VIRIAL  =      3825.8921  VOLUME     =    160412.7761
                                                    Density    =         1.0269
 ------------------------------------------------------------------------------

wrapping first mol.:       19.76311       27.94925       48.40952
wrapping first mol.:       19.76311       27.94925       48.40952

 NSTEP =     2500   TIME(PS) =    2045.000  TEMP(K) =   299.28  PRESS =   119.7
 Etot   =    -39010.7974  EKtot   =      9920.4404  EPtot      =    -48931.2378
 BOND   =       420.0697  ANGLE   =      1065.5073  DIHED      =      1671.6856
 1-4 NB =       466.8017  1-4 EEL =      5684.0853  VDWAALS    =      5386.8062
 EELEC  =    -63665.8910  EHBOND  =         0.0000  RESTRAINT  =        39.6974
 EAMBER (non-restraint)  =    -48970.9352
 EKCMT  =      4221.4980  VIRIAL  =      3806.6960  VOLUME     =    160436.3012
                                                    Density    =         1.0268
 ------------------------------------------------------------------------------

wrapping first mol.:       19.78385       27.97859       48.46034
wrapping first mol.:       19.78385       27.97859       48.46034

 NSTEP =     3000   TIME(PS) =    2046.000  TEMP(K) =   298.07  PRESS =  -132.7
 Etot   =    -38810.5537  EKtot   =      9880.3203  EPtot      =    -48690.8740
 BOND   =       396.8957  ANGLE   =      1073.6025  DIHED      =      1687.9212
 1-4 NB =       491.2938  1-4 EEL =      5723.2233  VDWAALS    =      5405.5580
 EELEC  =    -63511.4998  EHBOND  =         0.0000  RESTRAINT  =        42.1313
 EAMBER (non-restraint)  =    -48733.0053
 EKCMT  =      4144.8356  VIRIAL  =      4605.8266  VOLUME     =    160945.7673
                                                    Density    =         1.0235
 ------------------------------------------------------------------------------

wrapping first mol.:       19.78786       27.98425       48.47014
wrapping first mol.:       19.78786       27.98425       48.47014

 NSTEP =     3500   TIME(PS) =    2047.000  TEMP(K) =   298.07  PRESS =   -69.2
 Etot   =    -38613.4136  EKtot   =      9880.3828  EPtot      =    -48493.7964
 BOND   =       397.5842  ANGLE   =      1062.9773  DIHED      =      1701.4460
 1-4 NB =       485.8064  1-4 EEL =      5712.6156  VDWAALS    =      5391.8231
 EELEC  =    -63283.7790  EHBOND  =         0.0000  RESTRAINT  =        37.7300
 EAMBER (non-restraint)  =    -48531.5264
 EKCMT  =      4146.8274  VIRIAL  =      4387.4300  VOLUME     =    161042.5236
                                                    Density    =         1.0229
 ------------------------------------------------------------------------------

wrapping first mol.:       19.77523       27.96640       48.43922
wrapping first mol.:       19.77523       27.96640       48.43922

 NSTEP =     4000   TIME(PS) =    2048.000  TEMP(K) =   296.68  PRESS =   181.4
 Etot   =    -38913.3250  EKtot   =      9834.1016  EPtot      =    -48747.4266
 BOND   =       384.2698  ANGLE   =      1057.2543  DIHED      =      1708.6764
 1-4 NB =       461.6191  1-4 EEL =      5742.6586  VDWAALS    =      5499.6907
 EELEC  =    -63643.5555  EHBOND  =         0.0000  RESTRAINT  =        41.9600
 EAMBER (non-restraint)  =    -48789.3866
 EKCMT  =      4164.2030  VIRIAL  =      3534.6401  VOLUME     =    160730.9082
                                                    Density    =         1.0249
 ------------------------------------------------------------------------------

wrapping first mol.:       19.77793       27.97022       48.44584
wrapping first mol.:       19.77793       27.97022       48.44584

 NSTEP =     4500   TIME(PS) =    2049.000  TEMP(K) =   300.15  PRESS =   176.8
 Etot   =    -38447.1439  EKtot   =      9949.3037  EPtot      =    -48396.4476
 BOND   =       417.5280  ANGLE   =      1102.8598  DIHED      =      1695.6844
 1-4 NB =       486.5467  1-4 EEL =      5721.5622  VDWAALS    =      5499.1127
 EELEC  =    -63357.1190  EHBOND  =         0.0000  RESTRAINT  =        37.3776
 EAMBER (non-restraint)  =    -48433.8252
 EKCMT  =      4201.7290  VIRIAL  =      3588.0356  VOLUME     =    160796.8771
                                                    Density    =         1.0245
 ------------------------------------------------------------------------------

wrapping first mol.:       19.76607       27.95344       48.41678
wrapping first mol.:       19.76607       27.95344       48.41678

 NSTEP =     5000   TIME(PS) =    2050.000  TEMP(K) =   297.32  PRESS =   -29.1
 Etot   =    -38784.0864  EKtot   =      9855.4014  EPtot      =    -48639.4878
 BOND   =       421.5554  ANGLE   =      1094.2473  DIHED      =      1673.7210
 1-4 NB =       488.2336  1-4 EEL =      5730.8307  VDWAALS    =      5462.5939
 EELEC  =    -63548.3075  EHBOND  =         0.0000  RESTRAINT  =        37.6378
 EAMBER (non-restraint)  =    -48677.1256
 EKCMT  =      4147.0446  VIRIAL  =      4247.9333  VOLUME     =    160510.6240
                                                    Density    =         1.0263
 ------------------------------------------------------------------------------

wrapping first mol.:       19.75684       27.94039       48.39416
wrapping first mol.:       19.75684       27.94039       48.39416

 NSTEP =     5500   TIME(PS) =    2051.000  TEMP(K) =   300.40  PRESS =   133.2
 Etot   =    -38743.1090  EKtot   =      9957.5859  EPtot      =    -48700.6949
 BOND   =       406.0193  ANGLE   =      1063.2974  DIHED      =      1692.7494
 1-4 NB =       468.2111  1-4 EEL =      5722.1197  VDWAALS    =      5406.6296
 EELEC  =    -63508.5934  EHBOND  =         0.0000  RESTRAINT  =        48.8720
 EAMBER (non-restraint)  =    -48749.5670
 EKCMT  =      4166.2573  VIRIAL  =      3705.2154  VOLUME     =    160283.4979
                                                    Density    =         1.0278
 ------------------------------------------------------------------------------

wrapping first mol.:       19.75608       27.93931       48.39230
wrapping first mol.:       19.75608       27.93931       48.39230

 NSTEP =     6000   TIME(PS) =    2052.000  TEMP(K) =   301.02  PRESS =    36.8
 Etot   =    -38596.1003  EKtot   =      9977.9697  EPtot      =    -48574.0700
 BOND   =       458.6251  ANGLE   =      1096.6832  DIHED      =      1690.8788
 1-4 NB =       459.9961  1-4 EEL =      5735.8705  VDWAALS    =      5320.6902
 EELEC  =    -63376.2194  EHBOND  =         0.0000  RESTRAINT  =        39.4056
 EAMBER (non-restraint)  =    -48613.4756
 EKCMT  =      4314.1469  VIRIAL  =      4186.8948  VOLUME     =    160266.3776
                                                    Density    =         1.0279
 ------------------------------------------------------------------------------

wrapping first mol.:       19.76350       27.94980       48.41048
wrapping first mol.:       19.76350       27.94980       48.41048

 NSTEP =     6500   TIME(PS) =    2053.000  TEMP(K) =   299.55  PRESS =  -257.5
 Etot   =    -38590.8103  EKtot   =      9929.3066  EPtot      =    -48520.1169
 BOND   =       414.5358  ANGLE   =      1066.8673  DIHED      =      1691.3949
 1-4 NB =       483.6758  1-4 EEL =      5699.8432  VDWAALS    =      5261.3127
 EELEC  =    -63175.4623  EHBOND  =         0.0000  RESTRAINT  =        37.7157
 EAMBER (non-restraint)  =    -48557.8326
 EKCMT  =      4196.6943  VIRIAL  =      5088.7586  VOLUME     =    160451.2333
                                                    Density    =         1.0267
 ------------------------------------------------------------------------------

wrapping first mol.:       19.75865       27.94295       48.39861
wrapping first mol.:       19.75865       27.94295       48.39861

 NSTEP =     7000   TIME(PS) =    2054.000  TEMP(K) =   300.88  PRESS =    60.3
 Etot   =    -38647.6603  EKtot   =      9973.5195  EPtot      =    -48621.1799
 BOND   =       402.0326  ANGLE   =      1062.6379  DIHED      =      1710.2226
 1-4 NB =       477.0042  1-4 EEL =      5682.8055  VDWAALS    =      5356.9237
 EELEC  =    -63350.4902  EHBOND  =         0.0000  RESTRAINT  =        37.6839
 EAMBER (non-restraint)  =    -48658.8637
 EKCMT  =      4172.4510  VIRIAL  =      3963.6766  VOLUME     =    160328.6805
                                                    Density    =         1.0275
 ------------------------------------------------------------------------------

wrapping first mol.:       19.76730       27.95518       48.41979
wrapping first mol.:       19.76730       27.95518       48.41979

 NSTEP =     7500   TIME(PS) =    2055.000  TEMP(K) =   294.31  PRESS =   268.3
 Etot   =    -38916.7155  EKtot   =      9755.5996  EPtot      =    -48672.3152
 BOND   =       394.5960  ANGLE   =      1073.2468  DIHED      =      1698.0353
 1-4 NB =       479.0367  1-4 EEL =      5692.4788  VDWAALS    =      5474.1776
 EELEC  =    -63517.7842  EHBOND  =         0.0000  RESTRAINT  =        33.8977
 EAMBER (non-restraint)  =    -48706.2129
 EKCMT  =      4123.1859  VIRIAL  =      3193.1782  VOLUME     =    160536.3355
                                                    Density    =         1.0262
 ------------------------------------------------------------------------------

wrapping first mol.:       19.75258       27.93437       48.38374
wrapping first mol.:       19.75258       27.93437       48.38374

 NSTEP =     8000   TIME(PS) =    2056.000  TEMP(K) =   293.99  PRESS =    18.7
 Etot   =    -38938.9553  EKtot   =      9745.0664  EPtot      =    -48684.0217
 BOND   =       439.7579  ANGLE   =      1093.7777  DIHED      =      1696.9738
 1-4 NB =       471.8405  1-4 EEL =      5739.3749  VDWAALS    =      5477.6954
 EELEC  =    -63643.0023  EHBOND  =         0.0000  RESTRAINT  =        39.5604
 EAMBER (non-restraint)  =    -48723.5821
 EKCMT  =      4162.7021  VIRIAL  =      4097.9820  VOLUME     =    160181.5933
                                                    Density    =         1.0284
 ------------------------------------------------------------------------------

wrapping first mol.:       19.76919       27.95786       48.42443
wrapping first mol.:       19.76919       27.95786       48.42443

 NSTEP =     8500   TIME(PS) =    2057.000  TEMP(K) =   302.15  PRESS =   264.6
 Etot   =    -38494.8079  EKtot   =     10015.3740  EPtot      =    -48510.1819
 BOND   =       406.6925  ANGLE   =      1048.0249  DIHED      =      1703.6972
 1-4 NB =       470.8610  1-4 EEL =      5716.0016  VDWAALS    =      5454.7479
 EELEC  =    -63353.2892  EHBOND  =         0.0000  RESTRAINT  =        43.0821
 EAMBER (non-restraint)  =    -48553.2640
 EKCMT  =      4269.9709  VIRIAL  =      3352.6826  VOLUME     =    160582.5561
                                                    Density    =         1.0259
 ------------------------------------------------------------------------------

wrapping first mol.:       19.77285       27.96304       48.43340
wrapping first mol.:       19.77285       27.96304       48.43340

 NSTEP =     9000   TIME(PS) =    2058.000  TEMP(K) =   301.35  PRESS =   -87.6
 Etot   =    -38677.3257  EKtot   =      9989.0664  EPtot      =    -48666.3921
 BOND   =       389.4148  ANGLE   =      1079.3984  DIHED      =      1705.3127
 1-4 NB =       469.9464  1-4 EEL =      5705.9624  VDWAALS    =      5379.3107
 EELEC  =    -63432.8881  EHBOND  =         0.0000  RESTRAINT  =        37.1505
 EAMBER (non-restraint)  =    -48703.5426
 EKCMT  =      4228.1810  VIRIAL  =      4531.9827  VOLUME     =    160676.7940
                                                    Density    =         1.0253
 ------------------------------------------------------------------------------

wrapping first mol.:       19.76703       27.95480       48.41912
wrapping first mol.:       19.76703       27.95480       48.41912

 NSTEP =     9500   TIME(PS) =    2059.000  TEMP(K) =   296.59  PRESS =  -218.1
 Etot   =    -39056.5201  EKtot   =      9831.1348  EPtot      =    -48887.6549
 BOND   =       421.7609  ANGLE   =      1072.4258  DIHED      =      1700.2503
 1-4 NB =       470.6980  1-4 EEL =      5781.7463  VDWAALS    =      5389.4784
 EELEC  =    -63757.2138  EHBOND  =         0.0000  RESTRAINT  =        33.1994
 EAMBER (non-restraint)  =    -48920.8543
 EKCMT  =      4097.3385  VIRIAL  =      4853.3783  VOLUME     =    160536.6577
                                                    Density    =         1.0262
 ------------------------------------------------------------------------------

wrapping first mol.:       19.75680       27.94034       48.39408
wrapping first mol.:       19.75680       27.94034       48.39408

 NSTEP =    10000   TIME(PS) =    2060.000  TEMP(K) =   303.24  PRESS =    89.7
 Etot   =    -38577.8936  EKtot   =     10051.4902  EPtot      =    -48629.3838
 BOND   =       405.1732  ANGLE   =      1083.7625  DIHED      =      1715.8531
 1-4 NB =       475.2345  1-4 EEL =      5772.9032  VDWAALS    =      5408.1847
 EELEC  =    -63532.5453  EHBOND  =         0.0000  RESTRAINT  =        42.0502
 EAMBER (non-restraint)  =    -48671.4340
 EKCMT  =      4207.3917  VIRIAL  =      3897.0732  VOLUME     =    160283.2889
                                                    Density    =         1.0278
 ------------------------------------------------------------------------------

wrapping first mol.:       19.73834       27.91423       48.34886
wrapping first mol.:       19.73834       27.91423       48.34886

 NSTEP =    10500   TIME(PS) =    2061.000  TEMP(K) =   299.93  PRESS =  -211.5
 Etot   =    -38806.7389  EKtot   =      9942.0420  EPtot      =    -48748.7809
 BOND   =       398.3742  ANGLE   =      1085.5259  DIHED      =      1694.7320
 1-4 NB =       486.6847  1-4 EEL =      5739.6161  VDWAALS    =      5365.1843
 EELEC  =    -63554.6753  EHBOND  =         0.0000  RESTRAINT  =        35.7772
 EAMBER (non-restraint)  =    -48784.5581
 EKCMT  =      4142.7740  VIRIAL  =      4872.7015  VOLUME     =    159838.6396
                                                    Density    =         1.0306
 ------------------------------------------------------------------------------

wrapping first mol.:       19.74741       27.92706       48.37108
wrapping first mol.:       19.74741       27.92706       48.37108

 NSTEP =    11000   TIME(PS) =    2062.000  TEMP(K) =   305.49  PRESS =   320.4
 Etot   =    -38436.7959  EKtot   =     10126.1318  EPtot      =    -48562.9278
 BOND   =       392.3256  ANGLE   =      1036.7614  DIHED      =      1691.5614
 1-4 NB =       479.3078  1-4 EEL =      5749.8186  VDWAALS    =      5367.1589
 EELEC  =    -63316.5220  EHBOND  =         0.0000  RESTRAINT  =        36.6605
 EAMBER (non-restraint)  =    -48599.5883
 EKCMT  =      4269.3599  VIRIAL  =      3162.1708  VOLUME     =    160051.6194
                                                    Density    =         1.0293
 ------------------------------------------------------------------------------

wrapping first mol.:       19.76653       27.95410       48.41792
wrapping first mol.:       19.76653       27.95410       48.41792

 NSTEP =    11500   TIME(PS) =    2063.000  TEMP(K) =   303.66  PRESS =    19.0
 Etot   =    -38618.4868  EKtot   =     10065.4141  EPtot      =    -48683.9009
 BOND   =       393.2502  ANGLE   =      1060.9466  DIHED      =      1712.4739
 1-4 NB =       485.9211  1-4 EEL =      5776.7816  VDWAALS    =      5400.0889
 EELEC  =    -63549.9370  EHBOND  =         0.0000  RESTRAINT  =        36.5737
 EAMBER (non-restraint)  =    -48720.4746
 EKCMT  =      4226.0402  VIRIAL  =      4160.0606  VOLUME     =    160521.2493
                                                    Density    =         1.0263
 ------------------------------------------------------------------------------

wrapping first mol.:       19.77876       27.97139       48.44787
wrapping first mol.:       19.77876       27.97139       48.44787

 NSTEP =    12000   TIME(PS) =    2064.000  TEMP(K) =   299.78  PRESS =  -156.5
 Etot   =    -38577.6969  EKtot   =      9936.9395  EPtot      =    -48514.6363
 BOND   =       404.6162  ANGLE   =      1059.3162  DIHED      =      1675.0474
 1-4 NB =       472.1207  1-4 EEL =      5699.9255  VDWAALS    =      5265.4189
 EELEC  =    -63132.4486  EHBOND  =         0.0000  RESTRAINT  =        41.3674
 EAMBER (non-restraint)  =    -48556.0038
 EKCMT  =      4200.8866  VIRIAL  =      4744.1502  VOLUME     =    160821.8555
                                                    Density    =         1.0243
 ------------------------------------------------------------------------------

wrapping first mol.:       19.77417       27.96490       48.43662
wrapping first mol.:       19.77417       27.96490       48.43662

 NSTEP =    12500   TIME(PS) =    2065.000  TEMP(K) =   299.01  PRESS =  -318.9
 Etot   =    -38802.5087  EKtot   =      9911.3701  EPtot      =    -48713.8788
 BOND   =       427.4753  ANGLE   =      1023.9515  DIHED      =      1707.2722
 1-4 NB =       490.3627  1-4 EEL =      5707.8696  VDWAALS    =      5420.0769
 EELEC  =    -63530.6423  EHBOND  =         0.0000  RESTRAINT  =        39.7553
 EAMBER (non-restraint)  =    -48753.6341
 EKCMT  =      4170.8783  VIRIAL  =      5277.5363  VOLUME     =    160712.1537
                                                    Density    =         1.0250
 ------------------------------------------------------------------------------

wrapping first mol.:       19.77186       27.96163       48.43096
wrapping first mol.:       19.77186       27.96163       48.43096

 NSTEP =    13000   TIME(PS) =    2066.000  TEMP(K) =   296.86  PRESS =  -104.8
 Etot   =    -38673.7194  EKtot   =      9840.2256  EPtot      =    -48513.9450
 BOND   =       393.2713  ANGLE   =      1050.6813  DIHED      =      1708.6621
 1-4 NB =       493.4513  1-4 EEL =      5719.1425  VDWAALS    =      5278.2241
 EELEC  =    -63199.1407  EHBOND  =         0.0000  RESTRAINT  =        41.7633
 EAMBER (non-restraint)  =    -48555.7082
 EKCMT  =      4129.9508  VIRIAL  =      4493.3428  VOLUME     =    160652.7963
                                                    Density    =         1.0254
 ------------------------------------------------------------------------------

wrapping first mol.:       19.75391       27.93625       48.38701
wrapping first mol.:       19.75391       27.93625       48.38701

 NSTEP =    13500   TIME(PS) =    2067.000  TEMP(K) =   300.50  PRESS =  -287.3
 Etot   =    -38671.5261  EKtot   =      9960.7598  EPtot      =    -48632.2858
 BOND   =       413.2834  ANGLE   =      1077.9906  DIHED      =      1691.2526
 1-4 NB =       481.0978  1-4 EEL =      5711.5596  VDWAALS    =      5207.2270
 EELEC  =    -63256.5904  EHBOND  =         0.0000  RESTRAINT  =        41.8935
 EAMBER (non-restraint)  =    -48674.1793
 EKCMT  =      4161.2947  VIRIAL  =      5155.1658  VOLUME     =    160218.4033
                                                    Density    =         1.0282
 ------------------------------------------------------------------------------

wrapping first mol.:       19.76953       27.95833       48.42525
wrapping first mol.:       19.76953       27.95833       48.42525

 NSTEP =    14000   TIME(PS) =    2068.000  TEMP(K) =   299.39  PRESS =   327.7
 Etot   =    -38827.2668  EKtot   =      9924.1133  EPtot      =    -48751.3800
 BOND   =       420.7102  ANGLE   =      1044.7999  DIHED      =      1708.5965
 1-4 NB =       458.4345  1-4 EEL =      5693.7302  VDWAALS    =      5552.0174
 EELEC  =    -63668.2574  EHBOND  =         0.0000  RESTRAINT  =        38.5887
 EAMBER (non-restraint)  =    -48789.9687
 EKCMT  =      4152.9496  VIRIAL  =      3016.8173  VOLUME     =    160589.7925
                                                    Density    =         1.0258
 ------------------------------------------------------------------------------

wrapping first mol.:       19.76888       27.95742       48.42367
wrapping first mol.:       19.76888       27.95742       48.42367

 NSTEP =    14500   TIME(PS) =    2069.000  TEMP(K) =   298.80  PRESS =   167.6
 Etot   =    -38598.3218  EKtot   =      9904.4229  EPtot      =    -48502.7447
 BOND   =       408.6884  ANGLE   =      1078.8577  DIHED      =      1707.5208
 1-4 NB =       488.9806  1-4 EEL =      5722.7648  VDWAALS    =      5300.4201
 EELEC  =    -63247.3231  EHBOND  =         0.0000  RESTRAINT  =        37.3462
 EAMBER (non-restraint)  =    -48540.0908
 EKCMT  =      4182.9160  VIRIAL  =      3601.8049  VOLUME     =    160576.3353
                                                    Density    =         1.0259
 ------------------------------------------------------------------------------

wrapping first mol.:       19.76956       27.95837       48.42532
wrapping first mol.:       19.76956       27.95837       48.42532

 NSTEP =    15000   TIME(PS) =    2070.000  TEMP(K) =   299.89  PRESS =  -268.3
 Etot   =    -38803.7531  EKtot   =      9940.4600  EPtot      =    -48744.2131
 BOND   =       396.4983  ANGLE   =      1101.8715  DIHED      =      1688.9494
 1-4 NB =       486.2445  1-4 EEL =      5687.1888  VDWAALS    =      5290.8522
 EELEC  =    -63430.8464  EHBOND  =         0.0000  RESTRAINT  =        35.0284
 EAMBER (non-restraint)  =    -48779.2415
 EKCMT  =      4229.0604  VIRIAL  =      5159.4255  VOLUME     =    160599.0297
                                                    Density    =         1.0258
 ------------------------------------------------------------------------------

wrapping first mol.:       19.77042       27.95959       48.42743
wrapping first mol.:       19.77042       27.95959       48.42743

 NSTEP =    15500   TIME(PS) =    2071.000  TEMP(K) =   303.90  PRESS =  -291.4
 Etot   =    -38466.0577  EKtot   =     10073.5293  EPtot      =    -48539.5870
 BOND   =       390.0282  ANGLE   =      1094.8404  DIHED      =      1708.9381
 1-4 NB =       488.9320  1-4 EEL =      5710.8034  VDWAALS    =      5210.7610
 EELEC  =    -63182.0828  EHBOND  =         0.0000  RESTRAINT  =        38.1926
 EAMBER (non-restraint)  =    -48577.7796
 EKCMT  =      4207.3825  VIRIAL  =      5218.0524  VOLUME     =    160620.3218
                                                    Density    =         1.0256
 ------------------------------------------------------------------------------

wrapping first mol.:       19.76586       27.95315       48.41628
wrapping first mol.:       19.76586       27.95315       48.41628

 NSTEP =    16000   TIME(PS) =    2072.000  TEMP(K) =   301.75  PRESS =    47.2
 Etot   =    -38505.9048  EKtot   =     10002.1152  EPtot      =    -48508.0201
 BOND   =       400.4964  ANGLE   =      1097.8744  DIHED      =      1676.5929
 1-4 NB =       477.5888  1-4 EEL =      5707.9975  VDWAALS    =      5412.7252
 EELEC  =    -63324.2454  EHBOND  =         0.0000  RESTRAINT  =        42.9502
 EAMBER (non-restraint)  =    -48550.9703
 EKCMT  =      4220.2857  VIRIAL  =      4056.8821  VOLUME     =    160504.5521
                                                    Density    =         1.0264
 ------------------------------------------------------------------------------

wrapping first mol.:       19.75452       27.93711       48.38849
wrapping first mol.:       19.75452       27.93711       48.38849

 NSTEP =    16500   TIME(PS) =    2073.000  TEMP(K) =   300.43  PRESS =  -242.3
 Etot   =    -38750.3516  EKtot   =      9958.4287  EPtot      =    -48708.7803
 BOND   =       413.4102  ANGLE   =      1070.3207  DIHED      =      1695.7256
 1-4 NB =       474.1707  1-4 EEL =      5685.9421  VDWAALS    =      5417.8908
 EELEC  =    -63508.7587  EHBOND  =         0.0000  RESTRAINT  =        42.5184
 EAMBER (non-restraint)  =    -48751.2987
 EKCMT  =      4158.6940  VIRIAL  =      4997.0107  VOLUME     =    160232.4675
                                                    Density    =         1.0281
 ------------------------------------------------------------------------------

wrapping first mol.:       19.75880       27.94317       48.39898
wrapping first mol.:       19.75880       27.94317       48.39898

 NSTEP =    17000   TIME(PS) =    2074.000  TEMP(K) =   299.01  PRESS =    21.7
 Etot   =    -38608.3693  EKtot   =      9911.3506  EPtot      =    -48519.7199
 BOND   =       425.7100  ANGLE   =      1109.2590  DIHED      =      1676.0456
 1-4 NB =       470.0716  1-4 EEL =      5701.3662  VDWAALS    =      5420.3705
 EELEC  =    -63362.0525  EHBOND  =         0.0000  RESTRAINT  =        39.5096
 EAMBER (non-restraint)  =    -48559.2295
 EKCMT  =      4147.5244  VIRIAL  =      4072.2436  VOLUME     =    160332.9789
                                                    Density    =         1.0275
 ------------------------------------------------------------------------------

wrapping first mol.:       19.76885       27.95738       48.42359
wrapping first mol.:       19.76885       27.95738       48.42359

 NSTEP =    17500   TIME(PS) =    2075.000  TEMP(K) =   301.75  PRESS =   -33.2
 Etot   =    -38657.4573  EKtot   =     10002.2637  EPtot      =    -48659.7209
 BOND   =       400.9358  ANGLE   =      1085.2161  DIHED      =      1683.5968
 1-4 NB =       475.7256  1-4 EEL =      5700.8093  VDWAALS    =      5361.8828
 EELEC  =    -63409.0237  EHBOND  =         0.0000  RESTRAINT  =        41.1364
 EAMBER (non-restraint)  =    -48700.8573
 EKCMT  =      4177.1249  VIRIAL  =      4292.3315  VOLUME     =    160578.4519
                                                    Density    =         1.0259
 ------------------------------------------------------------------------------

wrapping first mol.:       19.77887       27.97155       48.44815
wrapping first mol.:       19.77887       27.97155       48.44815

 NSTEP =    18000   TIME(PS) =    2076.000  TEMP(K) =   300.51  PRESS =    25.7
 Etot   =    -38724.3835  EKtot   =      9961.1084  EPtot      =    -48685.4919
 BOND   =       433.7801  ANGLE   =      1099.4229  DIHED      =      1702.7692
 1-4 NB =       461.1360  1-4 EEL =      5720.2602  VDWAALS    =      5411.5867
 EELEC  =    -63549.7006  EHBOND  =         0.0000  RESTRAINT  =        35.2536
 EAMBER (non-restraint)  =    -48720.7456
 EKCMT  =      4255.5973  VIRIAL  =      4166.1999  VOLUME     =    160822.0108
                                                    Density    =         1.0243
 ------------------------------------------------------------------------------

wrapping first mol.:       19.79096       27.98865       48.47776
wrapping first mol.:       19.79096       27.98865       48.47776

 NSTEP =    18500   TIME(PS) =    2077.000  TEMP(K) =   304.33  PRESS =  -192.6
 Etot   =    -38612.9183  EKtot   =     10087.6699  EPtot      =    -48700.5882
 BOND   =       399.0762  ANGLE   =      1071.1786  DIHED      =      1707.5427
 1-4 NB =       470.6852  1-4 EEL =      5711.0458  VDWAALS    =      5434.9920
 EELEC  =    -63535.8170  EHBOND  =         0.0000  RESTRAINT  =        40.7083
 EAMBER (non-restraint)  =    -48741.2965
 EKCMT  =      4272.7522  VIRIAL  =      4942.6806  VOLUME     =    161120.2186
                                                    Density    =         1.0224
 ------------------------------------------------------------------------------

wrapping first mol.:       19.78717       27.98329       48.46847
wrapping first mol.:       19.78717       27.98329       48.46847

 NSTEP =    19000   TIME(PS) =    2078.000  TEMP(K) =   304.25  PRESS =   -24.7
 Etot   =    -38499.0805  EKtot   =     10085.1064  EPtot      =    -48584.1869
 BOND   =       412.1654  ANGLE   =      1069.5911  DIHED      =      1729.6995
 1-4 NB =       470.0130  1-4 EEL =      5718.5764  VDWAALS    =      5343.0090
 EELEC  =    -63362.6621  EHBOND  =         0.0000  RESTRAINT  =        35.4209
 EAMBER (non-restraint)  =    -48619.6078
 EKCMT  =      4267.9798  VIRIAL  =      4353.7013  VOLUME     =    161025.2426
                                                    Density    =         1.0230
 ------------------------------------------------------------------------------

wrapping first mol.:       19.77385       27.96445       48.43585
wrapping first mol.:       19.77385       27.96445       48.43585

 NSTEP =    19500   TIME(PS) =    2079.000  TEMP(K) =   306.40  PRESS =   -66.2
 Etot   =    -38424.7883  EKtot   =     10156.3125  EPtot      =    -48581.1008
 BOND   =       405.2645  ANGLE   =      1047.1724  DIHED      =      1693.4720
 1-4 NB =       474.2313  1-4 EEL =      5714.5795  VDWAALS    =      5401.5497
 EELEC  =    -63356.2450  EHBOND  =         0.0000  RESTRAINT  =        38.8748
 EAMBER (non-restraint)  =    -48619.9755
 EKCMT  =      4231.8468  VIRIAL  =      4461.6481  VOLUME     =    160700.8788
                                                    Density    =         1.0251
 ------------------------------------------------------------------------------

wrapping first mol.:       19.77594       27.96740       48.44095
wrapping first mol.:       19.77594       27.96740       48.44095

 NSTEP =    20000   TIME(PS) =    2080.000  TEMP(K) =   301.34  PRESS =  -284.9
 Etot   =    -38640.0471  EKtot   =      9988.6689  EPtot      =    -48628.7160
 BOND   =       368.1097  ANGLE   =      1083.4712  DIHED      =      1684.2165
 1-4 NB =       484.2289  1-4 EEL =      5740.0970  VDWAALS    =      5333.7640
 EELEC  =    -63362.8211  EHBOND  =         0.0000  RESTRAINT  =        40.2179
 EAMBER (non-restraint)  =    -48668.9339
 EKCMT  =      4231.0414  VIRIAL  =      5219.8015  VOLUME     =    160754.7741
                                                    Density    =         1.0248
 ------------------------------------------------------------------------------

wrapping first mol.:       19.75503       27.93783       48.38973
wrapping first mol.:       19.75503       27.93783       48.38973

 NSTEP =    20500   TIME(PS) =    2081.000  TEMP(K) =   300.94  PRESS =  -199.9
 Etot   =    -38684.8438  EKtot   =      9975.3057  EPtot      =    -48660.1495
 BOND   =       391.3154  ANGLE   =      1056.6807  DIHED      =      1684.2639
 1-4 NB =       460.9355  1-4 EEL =      5671.4330  VDWAALS    =      5359.1314
 EELEC  =    -63325.2992  EHBOND  =         0.0000  RESTRAINT  =        41.3897
 EAMBER (non-restraint)  =    -48701.5392
 EKCMT  =      4205.1088  VIRIAL  =      4896.6432  VOLUME     =    160244.2291
                                                    Density    =         1.0280
 ------------------------------------------------------------------------------

wrapping first mol.:       19.75315       27.93517       48.38512
wrapping first mol.:       19.75315       27.93517       48.38512

 NSTEP =    21000   TIME(PS) =    2082.000  TEMP(K) =   303.21  PRESS =   146.1
 Etot   =    -38477.3640  EKtot   =     10050.7480  EPtot      =    -48528.1120
 BOND   =       425.5636  ANGLE   =      1095.2549  DIHED      =      1705.6755
 1-4 NB =       469.5119  1-4 EEL =      5679.9112  VDWAALS    =      5465.1983
 EELEC  =    -63408.6065  EHBOND  =         0.0000  RESTRAINT  =        39.3789
 EAMBER (non-restraint)  =    -48567.4910
 EKCMT  =      4097.4637  VIRIAL  =      3592.1733  VOLUME     =    160193.4829
                                                    Density    =         1.0284
 ------------------------------------------------------------------------------

wrapping first mol.:       19.77326       27.96361       48.43439
wrapping first mol.:       19.77326       27.96361       48.43439

 NSTEP =    21500   TIME(PS) =    2083.000  TEMP(K) =   304.04  PRESS =   229.5
 Etot   =    -38738.9604  EKtot   =     10078.0312  EPtot      =    -48816.9916
 BOND   =       414.1219  ANGLE   =      1061.6086  DIHED      =      1680.5071
 1-4 NB =       469.0113  1-4 EEL =      5691.4449  VDWAALS    =      5517.1549
 EELEC  =    -63691.5591  EHBOND  =         0.0000  RESTRAINT  =        40.7188
 EAMBER (non-restraint)  =    -48857.7104
 EKCMT  =      4326.8489  VIRIAL  =      3530.6030  VOLUME     =    160682.1342
                                                    Density    =         1.0252
 ------------------------------------------------------------------------------

wrapping first mol.:       19.78086       27.97436       48.45301
wrapping first mol.:       19.78086       27.97436       48.45301

 NSTEP =    22000   TIME(PS) =    2084.000  TEMP(K) =   303.34  PRESS =   169.0
 Etot   =    -38567.9396  EKtot   =     10054.8643  EPtot      =    -48622.8039
 BOND   =       421.2967  ANGLE   =      1093.4124  DIHED      =      1692.4873
 1-4 NB =       467.0850  1-4 EEL =      5695.5679  VDWAALS    =      5493.6006
 EELEC  =    -63529.9570  EHBOND  =         0.0000  RESTRAINT  =        43.7032
 EAMBER (non-restraint)  =    -48666.5071
 EKCMT  =      4252.6673  VIRIAL  =      3665.7150  VOLUME     =    160868.4004
                                                    Density    =         1.0240
 ------------------------------------------------------------------------------

wrapping first mol.:       19.77611       27.96764       48.44137
wrapping first mol.:       19.77611       27.96764       48.44137

 NSTEP =    22500   TIME(PS) =    2085.000  TEMP(K) =   300.12  PRESS =    36.8
 Etot   =    -38680.9643  EKtot   =      9948.3252  EPtot      =    -48629.2895
 BOND   =       404.4509  ANGLE   =      1024.9909  DIHED      =      1685.4314
 1-4 NB =       467.2931  1-4 EEL =      5679.6420  VDWAALS    =      5419.2424
 EELEC  =    -63351.3283  EHBOND  =         0.0000  RESTRAINT  =        40.9881
 EAMBER (non-restraint)  =    -48670.2776
 EKCMT  =      4220.2937  VIRIAL  =      4092.6778  VOLUME     =    160754.4005
                                                    Density    =         1.0248
 ------------------------------------------------------------------------------

wrapping first mol.:       19.78027       27.97353       48.45157
wrapping first mol.:       19.78027       27.97353       48.45157

 NSTEP =    23000   TIME(PS) =    2086.000  TEMP(K) =   302.02  PRESS =   -49.4
 Etot   =    -38675.0022  EKtot   =     10011.2773  EPtot      =    -48686.2795
 BOND   =       411.2549  ANGLE   =      1083.2456  DIHED      =      1692.1396
 1-4 NB =       486.2163  1-4 EEL =      5700.8851  VDWAALS    =      5376.9826
 EELEC  =    -63489.0411  EHBOND  =         0.0000  RESTRAINT  =        52.0374
 EAMBER (non-restraint)  =    -48738.3169
 EKCMT  =      4268.9501  VIRIAL  =      4440.3638  VOLUME     =    160857.1899
                                                    Density    =         1.0241
 ------------------------------------------------------------------------------

wrapping first mol.:       19.79729       27.99760       48.49326
wrapping first mol.:       19.79729       27.99760       48.49326

 NSTEP =    23500   TIME(PS) =    2087.000  TEMP(K) =   302.92  PRESS =   183.8
 Etot   =    -38474.7867  EKtot   =     10041.0771  EPtot      =    -48515.8639
 BOND   =       401.8879  ANGLE   =      1101.6681  DIHED      =      1687.4142
 1-4 NB =       480.2865  1-4 EEL =      5749.4750  VDWAALS    =      5443.3625
 EELEC  =    -63422.8927  EHBOND  =         0.0000  RESTRAINT  =        42.9345
 EAMBER (non-restraint)  =    -48558.7984
 EKCMT  =      4212.6832  VIRIAL  =      3572.8176  VOLUME     =    161269.3712
                                                    Density    =         1.0215
 ------------------------------------------------------------------------------

wrapping first mol.:       19.80120       28.00312       48.50283
wrapping first mol.:       19.80120       28.00312       48.50283

 NSTEP =    24000   TIME(PS) =    2088.000  TEMP(K) =   300.67  PRESS =   245.8
 Etot   =    -38653.3171  EKtot   =      9966.2803  EPtot      =    -48619.5973
 BOND   =       400.8372  ANGLE   =      1093.4988  DIHED      =      1721.8628
 1-4 NB =       478.2196  1-4 EEL =      5724.4481  VDWAALS    =      5535.1385
 EELEC  =    -63614.4951  EHBOND  =         0.0000  RESTRAINT  =        40.8929
 EAMBER (non-restraint)  =    -48660.4902
 EKCMT  =      4192.3998  VIRIAL  =      3335.9332  VOLUME     =    161363.9773
                                                    Density    =         1.0209
 ------------------------------------------------------------------------------

wrapping first mol.:       19.78603       27.98167       48.46566
wrapping first mol.:       19.78603       27.98167       48.46566

 NSTEP =    24500   TIME(PS) =    2089.000  TEMP(K) =   298.77  PRESS =   280.5
 Etot   =    -38704.9311  EKtot   =      9903.5459  EPtot      =    -48608.4770
 BOND   =       453.1503  ANGLE   =      1068.1549  DIHED      =      1697.5916
 1-4 NB =       481.9281  1-4 EEL =      5689.3396  VDWAALS    =      5425.5272
 EELEC  =    -63464.1536  EHBOND  =         0.0000  RESTRAINT  =        39.9849
 EAMBER (non-restraint)  =    -48648.4619
 EKCMT  =      4167.8217  VIRIAL  =      3192.8764  VOLUME     =    160992.8610
                                                    Density    =         1.0232
 ------------------------------------------------------------------------------

wrapping first mol.:       19.78183       27.97573       48.45539
wrapping first mol.:       19.78183       27.97573       48.45539

 NSTEP =    25000   TIME(PS) =    2090.000  TEMP(K) =   297.33  PRESS =   115.3
 Etot   =    -38797.7621  EKtot   =      9855.7217  EPtot      =    -48653.4838
 BOND   =       403.7065  ANGLE   =      1097.1606  DIHED      =      1688.4280
 1-4 NB =       478.8915  1-4 EEL =      5691.5549  VDWAALS    =      5381.3386
 EELEC  =    -63431.1102  EHBOND  =         0.0000  RESTRAINT  =        36.5462
 EAMBER (non-restraint)  =    -48690.0300
 EKCMT  =      4127.2752  VIRIAL  =      3726.5972  VOLUME     =    160892.8474
                                                    Density    =         1.0239
 ------------------------------------------------------------------------------

wrapping first mol.:       19.75877       27.94312       48.39890
wrapping first mol.:       19.75877       27.94312       48.39890

 NSTEP =    25500   TIME(PS) =    2091.000  TEMP(K) =   297.39  PRESS =    49.3
 Etot   =    -38888.7158  EKtot   =      9857.5996  EPtot      =    -48746.3154
 BOND   =       385.3981  ANGLE   =      1052.6292  DIHED      =      1673.0977
 1-4 NB =       469.1480  1-4 EEL =      5717.9714  VDWAALS    =      5392.9825
 EELEC  =    -63479.2960  EHBOND  =         0.0000  RESTRAINT  =        41.7536
 EAMBER (non-restraint)  =    -48788.0690
 EKCMT  =      4135.9966  VIRIAL  =      3965.2195  VOLUME     =    160331.7321
                                                    Density    =         1.0275
 ------------------------------------------------------------------------------

wrapping first mol.:       19.77411       27.96482       48.43648
wrapping first mol.:       19.77411       27.96482       48.43648

 NSTEP =    26000   TIME(PS) =    2092.000  TEMP(K) =   303.50  PRESS =  -150.1
 Etot   =    -38495.2620  EKtot   =     10060.3779  EPtot      =    -48555.6399
 BOND   =       435.2318  ANGLE   =      1054.9386  DIHED      =      1699.6410
 1-4 NB =       474.2853  1-4 EEL =      5707.7363  VDWAALS    =      5334.4867
 EELEC  =    -63303.3329  EHBOND  =         0.0000  RESTRAINT  =        41.3732
 EAMBER (non-restraint)  =    -48597.0132
 EKCMT  =      4145.7946  VIRIAL  =      4666.5182  VOLUME     =    160708.3606
                                                    Density    =         1.0251
 ------------------------------------------------------------------------------

wrapping first mol.:       19.76422       27.95083       48.41225
wrapping first mol.:       19.76422       27.95083       48.41225

 NSTEP =    26500   TIME(PS) =    2093.000  TEMP(K) =   300.52  PRESS =  -240.4
 Etot   =    -38630.7492  EKtot   =      9961.4531  EPtot      =    -48592.2023
 BOND   =       413.9609  ANGLE   =      1083.9957  DIHED      =      1700.9520
 1-4 NB =       480.0201  1-4 EEL =      5704.2210  VDWAALS    =      5335.8997
 EELEC  =    -63344.3163  EHBOND  =         0.0000  RESTRAINT  =        33.0647
 EAMBER (non-restraint)  =    -48625.2670
 EKCMT  =      4194.9212  VIRIAL  =      5027.8056  VOLUME     =    160468.6128
                                                    Density    =         1.0266
 ------------------------------------------------------------------------------

wrapping first mol.:       19.75912       27.94361       48.39975
wrapping first mol.:       19.75912       27.94361       48.39975

 NSTEP =    27000   TIME(PS) =    2094.000  TEMP(K) =   296.93  PRESS =   -48.9
 Etot   =    -38803.1960  EKtot   =      9842.4473  EPtot      =    -48645.6433
 BOND   =       434.1957  ANGLE   =      1032.4357  DIHED      =      1688.5635
 1-4 NB =       468.5964  1-4 EEL =      5768.1594  VDWAALS    =      5413.1538
 EELEC  =    -63490.2520  EHBOND  =         0.0000  RESTRAINT  =        39.5042
 EAMBER (non-restraint)  =    -48685.1474
 EKCMT  =      4141.4928  VIRIAL  =      4310.6151  VOLUME     =    160341.5626
                                                    Density    =         1.0274
 ------------------------------------------------------------------------------

wrapping first mol.:       19.76497       27.95189       48.41409
wrapping first mol.:       19.76497       27.95189       48.41409

 NSTEP =    27500   TIME(PS) =    2095.000  TEMP(K) =   305.25  PRESS =    19.9
 Etot   =    -38337.2389  EKtot   =     10118.2100  EPtot      =    -48455.4489
 BOND   =       386.2250  ANGLE   =      1081.8940  DIHED      =      1701.0389
 1-4 NB =       484.3058  1-4 EEL =      5716.1727  VDWAALS    =      5226.3450
 EELEC  =    -63099.6409  EHBOND  =         0.0000  RESTRAINT  =        48.2106
 EAMBER (non-restraint)  =    -48503.6595
 EKCMT  =      4269.9867  VIRIAL  =      4200.9258  VOLUME     =    160483.2309
                                                    Density    =         1.0265
 ------------------------------------------------------------------------------

wrapping first mol.:       19.73650       27.91163       48.34436
wrapping first mol.:       19.73650       27.91163       48.34436

 NSTEP =    28000   TIME(PS) =    2096.000  TEMP(K) =   303.29  PRESS =    19.9
 Etot   =    -38707.1835  EKtot   =     10053.1641  EPtot      =    -48760.3475
 BOND   =       431.2592  ANGLE   =      1046.6042  DIHED      =      1686.7966
 1-4 NB =       471.5279  1-4 EEL =      5785.6758  VDWAALS    =      5329.4513
 EELEC  =    -63555.4656  EHBOND  =         0.0000  RESTRAINT  =        43.8029
 EAMBER (non-restraint)  =    -48804.1505
 EKCMT  =      4248.6004  VIRIAL  =      4180.0566  VOLUME     =    159790.7718
                                                    Density    =         1.0309
 ------------------------------------------------------------------------------

wrapping first mol.:       19.72818       27.89986       48.32397
wrapping first mol.:       19.72818       27.89986       48.32397

 NSTEP =    28500   TIME(PS) =    2097.000  TEMP(K) =   299.95  PRESS =   373.9
 Etot   =    -38726.6922  EKtot   =      9942.6475  EPtot      =    -48669.3397
 BOND   =       406.5185  ANGLE   =      1041.0424  DIHED      =      1693.0658
 1-4 NB =       477.7426  1-4 EEL =      5709.6565  VDWAALS    =      5446.6125
 EELEC  =    -63491.4913  EHBOND  =         0.0000  RESTRAINT  =        47.5132
 EAMBER (non-restraint)  =    -48716.8528
 EKCMT  =      4111.3166  VIRIAL  =      2823.0524  VOLUME     =    159583.6059
                                                    Density    =         1.0323
 ------------------------------------------------------------------------------

wrapping first mol.:       19.76745       27.95539       48.42016
wrapping first mol.:       19.76745       27.95539       48.42016

 NSTEP =    29000   TIME(PS) =    2098.000  TEMP(K) =   301.56  PRESS =   -38.5
 Etot   =    -38699.1112  EKtot   =      9995.8643  EPtot      =    -48694.9755
 BOND   =       451.6976  ANGLE   =      1113.1137  DIHED      =      1702.5388
 1-4 NB =       461.8519  1-4 EEL =      5703.8991  VDWAALS    =      5347.0692
 EELEC  =    -63518.5240  EHBOND  =         0.0000  RESTRAINT  =        43.3782
 EAMBER (non-restraint)  =    -48738.3537
 EKCMT  =      4199.6691  VIRIAL  =      4333.1283  VOLUME     =    160544.3579
                                                    Density    =         1.0261
 ------------------------------------------------------------------------------

wrapping first mol.:       19.75580       27.93892       48.39162
wrapping first mol.:       19.75580       27.93892       48.39162

 NSTEP =    29500   TIME(PS) =    2099.000  TEMP(K) =   297.53  PRESS =   207.1
 Etot   =    -38663.2655  EKtot   =      9862.4902  EPtot      =    -48525.7557
 BOND   =       400.6014  ANGLE   =      1060.2109  DIHED      =      1706.1529
 1-4 NB =       486.7608  1-4 EEL =      5728.9411  VDWAALS    =      5427.2025
 EELEC  =    -63380.3373  EHBOND  =         0.0000  RESTRAINT  =        44.7120
 EAMBER (non-restraint)  =    -48570.4677
 EKCMT  =      4121.7337  VIRIAL  =      3405.2007  VOLUME     =    160257.1412
                                                    Density    =         1.0279
 ------------------------------------------------------------------------------

wrapping first mol.:       19.76406       27.95060       48.41185
wrapping first mol.:       19.76406       27.95060       48.41185

 NSTEP =    30000   TIME(PS) =    2100.000  TEMP(K) =   296.85  PRESS =   130.8
 Etot   =    -38803.7130  EKtot   =      9839.6807  EPtot      =    -48643.3937
 BOND   =       401.9736  ANGLE   =      1061.7765  DIHED      =      1702.3586
 1-4 NB =       475.2826  1-4 EEL =      5774.4329  VDWAALS    =      5401.6999
 EELEC  =    -63497.8776  EHBOND  =         0.0000  RESTRAINT  =        36.9597
 EAMBER (non-restraint)  =    -48680.3534
 EKCMT  =      4114.6858  VIRIAL  =      3661.4320  VOLUME     =    160459.3660
                                                    Density    =         1.0266
 ------------------------------------------------------------------------------

wrapping first mol.:       19.76737       27.95528       48.41996
wrapping first mol.:       19.76737       27.95528       48.41996

 NSTEP =    30500   TIME(PS) =    2101.000  TEMP(K) =   302.97  PRESS =  -256.3
 Etot   =    -38657.5174  EKtot   =     10042.4971  EPtot      =    -48700.0145
 BOND   =       392.3779  ANGLE   =      1056.6815  DIHED      =      1704.5304
 1-4 NB =       475.6823  1-4 EEL =      5767.3303  VDWAALS    =      5362.6114
 EELEC  =    -63503.5803  EHBOND  =         0.0000  RESTRAINT  =        44.3520
 EAMBER (non-restraint)  =    -48744.3665
 EKCMT  =      4161.2225  VIRIAL  =      5049.7182  VOLUME     =    160545.5150
                                                    Density    =         1.0261
 ------------------------------------------------------------------------------

wrapping first mol.:       19.74286       27.92062       48.35993
wrapping first mol.:       19.74286       27.92062       48.35993

 NSTEP =    31000   TIME(PS) =    2102.000  TEMP(K) =   301.99  PRESS =  -119.5
 Etot   =    -38840.6243  EKtot   =     10010.2041  EPtot      =    -48850.8284
 BOND   =       390.4705  ANGLE   =      1032.3954  DIHED      =      1700.1747
 1-4 NB =       474.0308  1-4 EEL =      5756.7684  VDWAALS    =      5343.4623
 EELEC  =    -63595.5277  EHBOND  =         0.0000  RESTRAINT  =        47.3973
 EAMBER (non-restraint)  =    -48898.2256
 EKCMT  =      4222.5678  VIRIAL  =      4635.2344  VOLUME     =    159947.1600
                                                    Density    =         1.0299
 ------------------------------------------------------------------------------

wrapping first mol.:       19.75550       27.93849       48.39088
wrapping first mol.:       19.75550       27.93849       48.39088

 NSTEP =    31500   TIME(PS) =    2103.000  TEMP(K) =   298.27  PRESS =  -428.8
 Etot   =    -38760.0432  EKtot   =      9886.9639  EPtot      =    -48647.0071
 BOND   =       406.6686  ANGLE   =      1108.3245  DIHED      =      1696.3792
 1-4 NB =       472.1329  1-4 EEL =      5727.6613  VDWAALS    =      5355.0511
 EELEC  =    -63450.6841  EHBOND  =         0.0000  RESTRAINT  =        37.4594
 EAMBER (non-restraint)  =    -48684.4665
 EKCMT  =      4135.8722  VIRIAL  =      5619.6378  VOLUME     =    160258.9135
                                                    Density    =         1.0279
 ------------------------------------------------------------------------------

wrapping first mol.:       19.74436       27.92275       48.36361
wrapping first mol.:       19.74436       27.92275       48.36361

 NSTEP =    32000   TIME(PS) =    2104.000  TEMP(K) =   299.14  PRESS =    49.3
 Etot   =    -38681.1446  EKtot   =      9915.6533  EPtot      =    -48596.7980
 BOND   =       414.7762  ANGLE   =      1081.3357  DIHED      =      1718.0900
 1-4 NB =       482.9911  1-4 EEL =      5714.1089  VDWAALS    =      5379.8459
 EELEC  =    -63423.5601  EHBOND  =         0.0000  RESTRAINT  =        35.6143
 EAMBER (non-restraint)  =    -48632.4123
 EKCMT  =      4121.2480  VIRIAL  =      3950.8918  VOLUME     =    159981.3184
                                                    Density    =         1.0297
 ------------------------------------------------------------------------------

wrapping first mol.:       19.74047       27.91724       48.35407
wrapping first mol.:       19.74047       27.91724       48.35407

 NSTEP =    32500   TIME(PS) =    2105.000  TEMP(K) =   301.49  PRESS =   190.0
 Etot   =    -38716.4983  EKtot   =      9993.5234  EPtot      =    -48710.0217
 BOND   =       403.5236  ANGLE   =      1079.2139  DIHED      =      1701.6410
 1-4 NB =       472.6979  1-4 EEL =      5717.4050  VDWAALS    =      5435.2870
 EELEC  =    -63556.9977  EHBOND  =         0.0000  RESTRAINT  =        37.2075
 EAMBER (non-restraint)  =    -48747.2292
 EKCMT  =      4200.3718  VIRIAL  =      3544.4934  VOLUME     =    159884.6624
                                                    Density    =         1.0303
 ------------------------------------------------------------------------------

wrapping first mol.:       19.74291       27.92069       48.36005
wrapping first mol.:       19.74291       27.92069       48.36005

 NSTEP =    33000   TIME(PS) =    2106.000  TEMP(K) =   299.31  PRESS =    73.6
 Etot   =    -38877.1052  EKtot   =      9921.2861  EPtot      =    -48798.3914
 BOND   =       397.3704  ANGLE   =      1051.4692  DIHED      =      1726.5308
 1-4 NB =       480.8630  1-4 EEL =      5736.3763  VDWAALS    =      5375.3305
 EELEC  =    -63603.3543  EHBOND  =         0.0000  RESTRAINT  =        37.0227
 EAMBER (non-restraint)  =    -48835.4141
 EKCMT  =      4174.5946  VIRIAL  =      3920.3709  VOLUME     =    159945.6197
                                                    Density    =         1.0299
 ------------------------------------------------------------------------------

wrapping first mol.:       19.75022       27.93102       48.37794
wrapping first mol.:       19.75022       27.93102       48.37794

 NSTEP =    33500   TIME(PS) =    2107.000  TEMP(K) =   299.42  PRESS =    65.3
 Etot   =    -38860.6378  EKtot   =      9924.9482  EPtot      =    -48785.5861
 BOND   =       374.3043  ANGLE   =      1133.5241  DIHED      =      1680.3474
 1-4 NB =       490.9241  1-4 EEL =      5745.8360  VDWAALS    =      5399.1289
 EELEC  =    -63652.7439  EHBOND  =         0.0000  RESTRAINT  =        43.0931
 EAMBER (non-restraint)  =    -48828.6792
 EKCMT  =      4157.2926  VIRIAL  =      3931.7024  VOLUME     =    160123.3662
                                                    Density    =         1.0288
 ------------------------------------------------------------------------------

wrapping first mol.:       19.76503       27.95197       48.41423
wrapping first mol.:       19.76503       27.95197       48.41423

 NSTEP =    34000   TIME(PS) =    2108.000  TEMP(K) =   296.77  PRESS =  -204.2
 Etot   =    -38916.7947  EKtot   =      9837.0107  EPtot      =    -48753.8054
 BOND   =       393.5309  ANGLE   =      1098.0571  DIHED      =      1684.8948
 1-4 NB =       474.9251  1-4 EEL =      5723.1652  VDWAALS    =      5402.9673
 EELEC  =    -63571.9854  EHBOND  =         0.0000  RESTRAINT  =        40.6396
 EAMBER (non-restraint)  =    -48794.4450
 EKCMT  =      4139.4528  VIRIAL  =      4847.0995  VOLUME     =    160487.7614
                                                    Density    =         1.0265
 ------------------------------------------------------------------------------

wrapping first mol.:       19.76562       27.95281       48.41568
wrapping first mol.:       19.76562       27.95281       48.41568

 NSTEP =    34500   TIME(PS) =    2109.000  TEMP(K) =   302.82  PRESS =  -126.3
 Etot   =    -38620.0409  EKtot   =     10037.6035  EPtot      =    -48657.6444
 BOND   =       428.8067  ANGLE   =      1074.7312  DIHED      =      1713.5767
 1-4 NB =       480.9534  1-4 EEL =      5697.7643  VDWAALS    =      5325.9071
 EELEC  =    -63420.5022  EHBOND  =         0.0000  RESTRAINT  =        41.1185
 EAMBER (non-restraint)  =    -48698.7629
 EKCMT  =      4200.2675  VIRIAL  =      4637.9983  VOLUME     =    160501.0750
                                                    Density    =         1.0264
 ------------------------------------------------------------------------------

wrapping first mol.:       19.73984       27.91635       48.35253
wrapping first mol.:       19.73984       27.91635       48.35253

 NSTEP =    35000   TIME(PS) =    2110.000  TEMP(K) =   303.72  PRESS =    37.4
 Etot   =    -38624.4097  EKtot   =     10067.5254  EPtot      =    -48691.9351
 BOND   =       398.1960  ANGLE   =      1047.3488  DIHED      =      1702.0553
 1-4 NB =       471.6165  1-4 EEL =      5781.8796  VDWAALS    =      5325.6301
 EELEC  =    -63461.5969  EHBOND  =         0.0000  RESTRAINT  =        42.9355
 EAMBER (non-restraint)  =    -48734.8707
 EKCMT  =      4219.6275  VIRIAL  =      4090.6893  VOLUME     =    159871.5450
                                                    Density    =         1.0304
 ------------------------------------------------------------------------------

wrapping first mol.:       19.74028       27.91698       48.35362
wrapping first mol.:       19.74028       27.91698       48.35362

 NSTEP =    35500   TIME(PS) =    2111.000  TEMP(K) =   302.04  PRESS =   147.8
 Etot   =    -38646.2310  EKtot   =     10011.7188  EPtot      =    -48657.9497
 BOND   =       404.0106  ANGLE   =      1075.8322  DIHED      =      1714.5490
 1-4 NB =       490.9154  1-4 EEL =      5691.6725  VDWAALS    =      5462.7995
 EELEC  =    -63540.2072  EHBOND  =         0.0000  RESTRAINT  =        42.4783
 EAMBER (non-restraint)  =    -48700.4281
 EKCMT  =      4195.1815  VIRIAL  =      3684.8355  VOLUME     =    159880.7347
                                                    Density    =         1.0304
 ------------------------------------------------------------------------------

wrapping first mol.:       19.77364       27.96415       48.43533
wrapping first mol.:       19.77364       27.96415       48.43533

 NSTEP =    36000   TIME(PS) =    2112.000  TEMP(K) =   298.75  PRESS =  -332.2
 Etot   =    -38706.6809  EKtot   =      9902.7236  EPtot      =    -48609.4045
 BOND   =       410.3430  ANGLE   =      1054.3158  DIHED      =      1703.8314
 1-4 NB =       484.1046  1-4 EEL =      5750.3098  VDWAALS    =      5244.8213
 EELEC  =    -63298.4606  EHBOND  =         0.0000  RESTRAINT  =        41.3301
 EAMBER (non-restraint)  =    -48650.7346
 EKCMT  =      4164.8784  VIRIAL  =      5317.3520  VOLUME     =    160699.5463
                                                    Density    =         1.0251
 ------------------------------------------------------------------------------

wrapping first mol.:       19.76310       27.94924       48.40950
wrapping first mol.:       19.76310       27.94924       48.40950

 NSTEP =    36500   TIME(PS) =    2113.000  TEMP(K) =   303.16  PRESS =  -149.3
 Etot   =    -38783.7088  EKtot   =     10048.8477  EPtot      =    -48832.5564
 BOND   =       414.1238  ANGLE   =      1084.2120  DIHED      =      1695.9962
 1-4 NB =       467.3262  1-4 EEL =      5732.3004  VDWAALS    =      5423.2780
 EELEC  =    -63694.2233  EHBOND  =         0.0000  RESTRAINT  =        44.4301
 EAMBER (non-restraint)  =    -48876.9865
 EKCMT  =      4223.1353  VIRIAL  =      4740.3566  VOLUME     =    160439.9493
                                                    Density    =         1.0268
 ------------------------------------------------------------------------------

wrapping first mol.:       19.74242       27.91999       48.35884
wrapping first mol.:       19.74242       27.91999       48.35884

 NSTEP =    37000   TIME(PS) =    2114.000  TEMP(K) =   301.00  PRESS =   160.9
 Etot   =    -38791.2520  EKtot   =      9977.3877  EPtot      =    -48768.6397
 BOND   =       417.0650  ANGLE   =      1061.6207  DIHED      =      1703.3739
 1-4 NB =       483.7358  1-4 EEL =      5705.2747  VDWAALS    =      5401.6772
 EELEC  =    -63589.2151  EHBOND  =         0.0000  RESTRAINT  =        47.8280
 EAMBER (non-restraint)  =    -48816.4677
 EKCMT  =      4192.4418  VIRIAL  =      3636.9499  VOLUME     =    159932.3700
                                                    Density    =         1.0300
 ------------------------------------------------------------------------------

wrapping first mol.:       19.75424       27.93671       48.38780
wrapping first mol.:       19.75424       27.93671       48.38780

 NSTEP =    37500   TIME(PS) =    2115.000  TEMP(K) =   295.33  PRESS =   159.8
 Etot   =    -38914.0923  EKtot   =      9789.4395  EPtot      =    -48703.5317
 BOND   =       393.5836  ANGLE   =      1081.5653  DIHED      =      1673.1744
 1-4 NB =       488.1315  1-4 EEL =      5730.5512  VDWAALS    =      5411.8409
 EELEC  =    -63529.4203  EHBOND  =         0.0000  RESTRAINT  =        47.0417
 EAMBER (non-restraint)  =    -48750.5735
 EKCMT  =      4068.5306  VIRIAL  =      3515.8333  VOLUME     =    160219.9214
                                                    Density    =         1.0282
 ------------------------------------------------------------------------------

wrapping first mol.:       19.74319       27.92109       48.36073
wrapping first mol.:       19.74319       27.92109       48.36073

 NSTEP =    38000   TIME(PS) =    2116.000  TEMP(K) =   305.05  PRESS =  -266.6
 Etot   =    -38540.1564  EKtot   =     10111.6133  EPtot      =    -48651.7697
 BOND   =       416.8110  ANGLE   =      1037.7401  DIHED      =      1665.9506
 1-4 NB =       483.9213  1-4 EEL =      5719.9479  VDWAALS    =      5351.7357
 EELEC  =    -63368.1930  EHBOND  =         0.0000  RESTRAINT  =        40.3166
 EAMBER (non-restraint)  =    -48692.0863
 EKCMT  =      4256.8477  VIRIAL  =      5177.6409  VOLUME     =    159957.2758
                                                    Density    =         1.0299
 ------------------------------------------------------------------------------

wrapping first mol.:       19.74036       27.91708       48.35380
wrapping first mol.:       19.74036       27.91708       48.35380

 NSTEP =    38500   TIME(PS) =    2117.000  TEMP(K) =   301.02  PRESS =  -258.8
 Etot   =    -38731.1489  EKtot   =      9978.0869  EPtot      =    -48709.2358
 BOND   =       402.9308  ANGLE   =      1076.5833  DIHED      =      1672.3101
 1-4 NB =       475.3494  1-4 EEL =      5742.4080  VDWAALS    =      5342.9345
 EELEC  =    -63463.6411  EHBOND  =         0.0000  RESTRAINT  =        41.8891
 EAMBER (non-restraint)  =    -48751.1249
 EKCMT  =      4176.5902  VIRIAL  =      5069.8832  VOLUME     =    159888.3989
                                                    Density    =         1.0303
 ------------------------------------------------------------------------------

wrapping first mol.:       19.73602       27.91094       48.34317
wrapping first mol.:       19.73602       27.91094       48.34317

 NSTEP =    39000   TIME(PS) =    2118.000  TEMP(K) =   297.84  PRESS =    26.3
 Etot   =    -38727.1729  EKtot   =      9872.7402  EPtot      =    -48599.9132
 BOND   =       414.8433  ANGLE   =      1106.9027  DIHED      =      1679.9540
 1-4 NB =       464.6971  1-4 EEL =      5695.2160  VDWAALS    =      5401.8251
 EELEC  =    -63403.4274  EHBOND  =         0.0000  RESTRAINT  =        40.0760
 EAMBER (non-restraint)  =    -48639.9892
 EKCMT  =      4134.1227  VIRIAL  =      4043.4240  VOLUME     =    159778.8570
                                                    Density    =         1.0310
 ------------------------------------------------------------------------------

wrapping first mol.:       19.74945       27.92993       48.37606
wrapping first mol.:       19.74945       27.92993       48.37606

 NSTEP =    39500   TIME(PS) =    2119.000  TEMP(K) =   299.56  PRESS =  -220.4
 Etot   =    -38595.4672  EKtot   =      9929.6113  EPtot      =    -48525.0785
 BOND   =       373.5169  ANGLE   =      1067.5258  DIHED      =      1681.5202
 1-4 NB =       479.7026  1-4 EEL =      5688.7462  VDWAALS    =      5235.0416
 EELEC  =    -63102.3911  EHBOND  =         0.0000  RESTRAINT  =        51.2592
 EAMBER (non-restraint)  =    -48576.3378
 EKCMT  =      4121.9146  VIRIAL  =      4883.8099  VOLUME     =    160108.7434
                                                    Density    =         1.0289
 ------------------------------------------------------------------------------

wrapping first mol.:       19.75407       27.93647       48.38739
wrapping first mol.:       19.75407       27.93647       48.38739

 NSTEP =    40000   TIME(PS) =    2120.000  TEMP(K) =   302.98  PRESS =    58.9
 Etot   =    -38527.4713  EKtot   =     10043.0859  EPtot      =    -48570.5573
 BOND   =       411.2109  ANGLE   =      1053.6080  DIHED      =      1669.8777
 1-4 NB =       486.5648  1-4 EEL =      5749.7550  VDWAALS    =      5319.2701
 EELEC  =    -63300.5432  EHBOND  =         0.0000  RESTRAINT  =        39.6994
 EAMBER (non-restraint)  =    -48610.2567
 EKCMT  =      4195.7930  VIRIAL  =      3992.0319  VOLUME     =    160217.2315
                                                    Density    =         1.0282
 ------------------------------------------------------------------------------

wrapping first mol.:       19.74363       27.92170       48.36180
wrapping first mol.:       19.74363       27.92170       48.36180

 NSTEP =    40500   TIME(PS) =    2121.000  TEMP(K) =   298.51  PRESS =  -121.0
 Etot   =    -38617.7013  EKtot   =      9894.7197  EPtot      =    -48512.4210
 BOND   =       423.5677  ANGLE   =      1066.2895  DIHED      =      1695.7430
 1-4 NB =       482.9462  1-4 EEL =      5696.0468  VDWAALS    =      5247.4758
 EELEC  =    -63167.6240  EHBOND  =         0.0000  RESTRAINT  =        43.1339
 EAMBER (non-restraint)  =    -48555.5549
 EKCMT  =      4148.6622  VIRIAL  =      4566.4658  VOLUME     =    159965.8133
                                                    Density    =         1.0298
 ------------------------------------------------------------------------------

wrapping first mol.:       19.75800       27.94204       48.39702
wrapping first mol.:       19.75800       27.94204       48.39702

 NSTEP =    41000   TIME(PS) =    2122.000  TEMP(K) =   303.62  PRESS =   146.7
 Etot   =    -38550.7259  EKtot   =     10064.2969  EPtot      =    -48615.0228
 BOND   =       430.3850  ANGLE   =      1084.5200  DIHED      =      1675.5748
 1-4 NB =       474.0885  1-4 EEL =      5701.7564  VDWAALS    =      5298.5850
 EELEC  =    -63321.7311  EHBOND  =         0.0000  RESTRAINT  =        41.7985
 EAMBER (non-restraint)  =    -48656.8213
 EKCMT  =      4284.7225  VIRIAL  =      3777.0890  VOLUME     =    160311.7035
                                                    Density    =         1.0276
 ------------------------------------------------------------------------------

wrapping first mol.:       19.75631       27.93964       48.39287
wrapping first mol.:       19.75631       27.93964       48.39287

 NSTEP =    41500   TIME(PS) =    2123.000  TEMP(K) =   301.05  PRESS =  -235.0
 Etot   =    -38745.6567  EKtot   =      9979.1445  EPtot      =    -48724.8012
 BOND   =       381.3018  ANGLE   =      1058.8382  DIHED      =      1709.0447
 1-4 NB =       471.9841  1-4 EEL =      5702.0428  VDWAALS    =      5313.3416
 EELEC  =    -63399.9021  EHBOND  =         0.0000  RESTRAINT  =        38.5476
 EAMBER (non-restraint)  =    -48763.3489
 EKCMT  =      4150.9735  VIRIAL  =      4964.0402  VOLUME     =    160275.8828
                                                    Density    =         1.0278
 ------------------------------------------------------------------------------

wrapping first mol.:       19.76849       27.95686       48.42270
wrapping first mol.:       19.76849       27.95686       48.42270

 NSTEP =    42000   TIME(PS) =    2124.000  TEMP(K) =   300.12  PRESS =  -463.4
 Etot   =    -38735.6152  EKtot   =      9948.1895  EPtot      =    -48683.8046
 BOND   =       418.8438  ANGLE   =      1081.5728  DIHED      =      1697.3606
 1-4 NB =       479.6134  1-4 EEL =      5684.2114  VDWAALS    =      5426.5018
 EELEC  =    -63514.1054  EHBOND  =         0.0000  RESTRAINT  =        42.1971
 EAMBER (non-restraint)  =    -48726.0017
 EKCMT  =      4244.0115  VIRIAL  =      5850.7459  VOLUME     =    160575.7617
                                                    Density    =         1.0259
 ------------------------------------------------------------------------------

wrapping first mol.:       19.77512       27.96624       48.43894
wrapping first mol.:       19.77512       27.96624       48.43894

 NSTEP =    42500   TIME(PS) =    2125.000  TEMP(K) =   299.03  PRESS =  -219.7
 Etot   =    -38503.7870  EKtot   =      9912.1133  EPtot      =    -48415.9003
 BOND   =       427.3194  ANGLE   =      1077.1675  DIHED      =      1687.6075
 1-4 NB =       475.9075  1-4 EEL =      5726.2690  VDWAALS    =      5405.3904
 EELEC  =    -63261.0642  EHBOND  =         0.0000  RESTRAINT  =        45.5025
 EAMBER (non-restraint)  =    -48461.4028
 EKCMT  =      4114.0759  VIRIAL  =      4876.6744  VOLUME     =    160733.8611
                                                    Density    =         1.0249
 ------------------------------------------------------------------------------

wrapping first mol.:       19.77189       27.96167       48.43104
wrapping first mol.:       19.77189       27.96167       48.43104

 NSTEP =    43000   TIME(PS) =    2126.000  TEMP(K) =   301.44  PRESS =    59.1
 Etot   =    -38431.0120  EKtot   =      9992.0469  EPtot      =    -48423.0589
 BOND   =       417.9338  ANGLE   =      1049.4051  DIHED      =      1706.7627
 1-4 NB =       474.1269  1-4 EEL =      5763.9515  VDWAALS    =      5316.9705
 EELEC  =    -63192.8569  EHBOND  =         0.0000  RESTRAINT  =        40.6474
 EAMBER (non-restraint)  =    -48463.7063
 EKCMT  =      4236.2033  VIRIAL  =      4031.1382  VOLUME     =    160651.1994
                                                    Density    =         1.0254
 ------------------------------------------------------------------------------

wrapping first mol.:       19.77778       27.97000       48.44546
wrapping first mol.:       19.77778       27.97000       48.44546

 NSTEP =    43500   TIME(PS) =    2127.000  TEMP(K) =   300.46  PRESS =    43.6
 Etot   =    -38734.1057  EKtot   =      9959.5205  EPtot      =    -48693.6262
 BOND   =       409.7366  ANGLE   =      1071.5959  DIHED      =      1705.9315
 1-4 NB =       476.9016  1-4 EEL =      5720.7964  VDWAALS    =      5502.5776
 EELEC  =    -63624.3087  EHBOND  =         0.0000  RESTRAINT  =        43.1428
 EAMBER (non-restraint)  =    -48736.7691
 EKCMT  =      4164.5955  VIRIAL  =      4013.1374  VOLUME     =    160794.9601
                                                    Density    =         1.0245
 ------------------------------------------------------------------------------

wrapping first mol.:       19.77249       27.96252       48.43250
wrapping first mol.:       19.77249       27.96252       48.43250

 NSTEP =    44000   TIME(PS) =    2128.000  TEMP(K) =   292.95  PRESS =   124.1
 Etot   =    -38851.2036  EKtot   =      9710.5391  EPtot      =    -48561.7427
 BOND   =       420.4218  ANGLE   =      1076.7928  DIHED      =      1695.1665
 1-4 NB =       479.0501  1-4 EEL =      5704.7659  VDWAALS    =      5411.1548
 EELEC  =    -63388.5221  EHBOND  =         0.0000  RESTRAINT  =        39.4274
 EAMBER (non-restraint)  =    -48601.1701
 EKCMT  =      4039.8361  VIRIAL  =      3609.3856  VOLUME     =    160664.8773
                                                    Density    =         1.0253
 ------------------------------------------------------------------------------

wrapping first mol.:       19.76154       27.94704       48.40569
wrapping first mol.:       19.76154       27.94704       48.40569

 NSTEP =    44500   TIME(PS) =    2129.000  TEMP(K) =   301.06  PRESS =  -209.5
 Etot   =    -38672.6068  EKtot   =      9979.3711  EPtot      =    -48651.9778
 BOND   =       386.6732  ANGLE   =      1085.8426  DIHED      =      1725.9881
 1-4 NB =       480.7587  1-4 EEL =      5746.5178  VDWAALS    =      5428.4174
 EELEC  =    -63547.4704  EHBOND  =         0.0000  RESTRAINT  =        41.2948
 EAMBER (non-restraint)  =    -48693.2726
 EKCMT  =      4176.9682  VIRIAL  =      4902.5371  VOLUME     =    160402.9452
                                                    Density    =         1.0270
 ------------------------------------------------------------------------------

wrapping first mol.:       19.75579       27.93891       48.39160
wrapping first mol.:       19.75579       27.93891       48.39160

 NSTEP =    45000   TIME(PS) =    2130.000  TEMP(K) =   298.18  PRESS =  -106.2
 Etot   =    -38853.1096  EKtot   =      9883.9609  EPtot      =    -48737.0706
 BOND   =       417.6782  ANGLE   =      1068.7527  DIHED      =      1697.7336
 1-4 NB =       469.1371  1-4 EEL =      5702.7757  VDWAALS    =      5443.9541
 EELEC  =    -63578.0730  EHBOND  =         0.0000  RESTRAINT  =        40.9711
 EAMBER (non-restraint)  =    -48778.0417
 EKCMT  =      4112.7530  VIRIAL  =      4480.2527  VOLUME     =    160261.4416
                                                    Density    =         1.0279
 ------------------------------------------------------------------------------

wrapping first mol.:       19.76937       27.95811       48.42487
wrapping first mol.:       19.76937       27.95811       48.42487

 NSTEP =    45500   TIME(PS) =    2131.000  TEMP(K) =   296.86  PRESS =    98.6
 Etot   =    -38731.6162  EKtot   =      9840.2246  EPtot      =    -48571.8408
 BOND   =       401.6225  ANGLE   =      1072.0010  DIHED      =      1700.0578
 1-4 NB =       470.7257  1-4 EEL =      5717.8038  VDWAALS    =      5309.3690
 EELEC  =    -63283.6959  EHBOND  =         0.0000  RESTRAINT  =        40.2753
 EAMBER (non-restraint)  =    -48612.1162
 EKCMT  =      4151.0501  VIRIAL  =      3809.0267  VOLUME     =    160589.2360
                                                    Density    =         1.0258
 ------------------------------------------------------------------------------

wrapping first mol.:       19.77192       27.96171       48.43110
wrapping first mol.:       19.77192       27.96171       48.43110

 NSTEP =    46000   TIME(PS) =    2132.000  TEMP(K) =   301.45  PRESS =    33.1
 Etot   =    -38683.4127  EKtot   =      9992.3066  EPtot      =    -48675.7193
 BOND   =       412.1270  ANGLE   =      1078.4577  DIHED      =      1671.5318
 1-4 NB =       463.3447  1-4 EEL =      5709.7687  VDWAALS    =      5386.6370
 EELEC  =    -63440.7418  EHBOND  =         0.0000  RESTRAINT  =        43.1554
 EAMBER (non-restraint)  =    -48718.8748
 EKCMT  =      4220.3037  VIRIAL  =      4105.3702  VOLUME     =    160652.2166
                                                    Density    =         1.0254
 ------------------------------------------------------------------------------

wrapping first mol.:       19.78284       27.97716       48.45785
wrapping first mol.:       19.78284       27.97716       48.45785

 NSTEP =    46500   TIME(PS) =    2133.000  TEMP(K) =   302.04  PRESS =    57.4
 Etot   =    -38390.3847  EKtot   =     10011.7461  EPtot      =    -48402.1308
 BOND   =       420.6199  ANGLE   =      1068.3798  DIHED      =      1671.8104
 1-4 NB =       478.3485  1-4 EEL =      5662.9676  VDWAALS    =      5285.4429
 EELEC  =    -63031.4826  EHBOND  =         0.0000  RESTRAINT  =        41.7828
 EAMBER (non-restraint)  =    -48443.9136
 EKCMT  =      4176.4542  VIRIAL  =      3977.1217  VOLUME     =    160918.2148
                                                    Density    =         1.0237
 ------------------------------------------------------------------------------

wrapping first mol.:       19.77194       27.96175       48.43117
wrapping first mol.:       19.77194       27.96175       48.43117

 NSTEP =    47000   TIME(PS) =    2134.000  TEMP(K) =   300.44  PRESS =   196.3
 Etot   =    -38679.3304  EKtot   =      9958.8916  EPtot      =    -48638.2220
 BOND   =       430.1109  ANGLE   =      1063.2324  DIHED      =      1700.3627
 1-4 NB =       481.5605  1-4 EEL =      5741.8636  VDWAALS    =      5325.3379
 EELEC  =    -63421.4792  EHBOND  =         0.0000  RESTRAINT  =        40.7890
 EAMBER (non-restraint)  =    -48679.0110
 EKCMT  =      4170.9388  VIRIAL  =      3489.9335  VOLUME     =    160650.5449
                                                    Density    =         1.0254
 ------------------------------------------------------------------------------

wrapping first mol.:       19.77003       27.95904       48.42648
wrapping first mol.:       19.77003       27.95904       48.42648

 NSTEP =    47500   TIME(PS) =    2135.000  TEMP(K) =   305.61  PRESS =   137.9
 Etot   =    -38251.8668  EKtot   =     10130.0684  EPtot      =    -48381.9351
 BOND   =       411.9598  ANGLE   =      1054.8555  DIHED      =      1694.7232
 1-4 NB =       489.5777  1-4 EEL =      5766.4846  VDWAALS    =      5397.8878
 EELEC  =    -63235.2081  EHBOND  =         0.0000  RESTRAINT  =        37.7843
 EAMBER (non-restraint)  =    -48419.7195
 EKCMT  =      4305.6160  VIRIAL  =      3827.4238  VOLUME     =    160604.6929
                                                    Density    =         1.0257
 ------------------------------------------------------------------------------

wrapping first mol.:       19.77072       27.96002       48.42817
wrapping first mol.:       19.77072       27.96002       48.42817

 NSTEP =    48000   TIME(PS) =    2136.000  TEMP(K) =   299.67  PRESS =   -21.8
 Etot   =    -38649.9598  EKtot   =      9933.1309  EPtot      =    -48583.0907
 BOND   =       402.6301  ANGLE   =      1086.6837  DIHED      =      1703.1715
 1-4 NB =       471.5523  1-4 EEL =      5717.5468  VDWAALS    =      5449.9428
 EELEC  =    -63456.0640  EHBOND  =         0.0000  RESTRAINT  =        41.4462
 EAMBER (non-restraint)  =    -48624.5368
 EKCMT  =      4181.9226  VIRIAL  =      4257.3881  VOLUME     =    160623.8934
                                                    Density    =         1.0256
 ------------------------------------------------------------------------------

wrapping first mol.:       19.76188       27.94752       48.40652
wrapping first mol.:       19.76188       27.94752       48.40652

 NSTEP =    48500   TIME(PS) =    2137.000  TEMP(K) =   297.98  PRESS =   101.5
 Etot   =    -38718.7412  EKtot   =      9877.2930  EPtot      =    -48596.0342
 BOND   =       416.8967  ANGLE   =      1057.4489  DIHED      =      1707.1065
 1-4 NB =       476.1701  1-4 EEL =      5722.9674  VDWAALS    =      5448.9719
 EELEC  =    -63470.8016  EHBOND  =         0.0000  RESTRAINT  =        45.2060
 EAMBER (non-restraint)  =    -48641.2401
 EKCMT  =      4159.3454  VIRIAL  =      3807.7081  VOLUME     =    160406.7847
                                                    Density    =         1.0270
 ------------------------------------------------------------------------------

wrapping first mol.:       19.75942       27.94403       48.40048
wrapping first mol.:       19.75942       27.94403       48.40048

 NSTEP =    49000   TIME(PS) =    2138.000  TEMP(K) =   298.97  PRESS =   114.1
 Etot   =    -38625.8399  EKtot   =      9910.0352  EPtot      =    -48535.8750
 BOND   =       395.5052  ANGLE   =      1081.5114  DIHED      =      1706.2680
 1-4 NB =       475.6665  1-4 EEL =      5713.8023  VDWAALS    =      5362.0858
 EELEC  =    -63319.5151  EHBOND  =         0.0000  RESTRAINT  =        48.8009
 EAMBER (non-restraint)  =    -48584.6760
 EKCMT  =      4117.5672  VIRIAL  =      3722.4873  VOLUME     =    160346.5356
                                                    Density    =         1.0274
 ------------------------------------------------------------------------------

wrapping first mol.:       19.76352       27.94984       48.41054
wrapping first mol.:       19.76352       27.94984       48.41054

 NSTEP =    49500   TIME(PS) =    2139.000  TEMP(K) =   303.60  PRESS =   210.4
 Etot   =    -38550.6338  EKtot   =     10063.5605  EPtot      =    -48614.1943
 BOND   =       405.7499  ANGLE   =      1090.7023  DIHED      =      1692.9822
 1-4 NB =       476.2173  1-4 EEL =      5734.0967  VDWAALS    =      5379.3983
 EELEC  =    -63434.4000  EHBOND  =         0.0000  RESTRAINT  =        41.0591
 EAMBER (non-restraint)  =    -48655.2534
 EKCMT  =      4224.9325  VIRIAL  =      3496.2292  VOLUME     =    160445.1557
                                                    Density    =         1.0267
 ------------------------------------------------------------------------------

wrapping first mol.:       19.75723       27.94095       48.39514
wrapping first mol.:       19.75723       27.94095       48.39514

 NSTEP =    50000   TIME(PS) =    2140.000  TEMP(K) =   297.68  PRESS =   -65.5
 Etot   =    -38724.0418  EKtot   =      9867.2793  EPtot      =    -48591.3211
 BOND   =       421.4561  ANGLE   =      1062.2972  DIHED      =      1697.0315
 1-4 NB =       466.0189  1-4 EEL =      5709.1493  VDWAALS    =      5173.9562
 EELEC  =    -63155.4574  EHBOND  =         0.0000  RESTRAINT  =        34.2271
 EAMBER (non-restraint)  =    -48625.5482
 EKCMT  =      4079.6628  VIRIAL  =      4306.3700  VOLUME     =    160295.9991
                                                    Density    =         1.0277
 ------------------------------------------------------------------------------


      A V E R A G E S   O V E R     100 S T E P S


 NSTEP =    50000   TIME(PS) =    2140.000  TEMP(K) =   300.32  PRESS =   -13.8
 Etot   =    -38684.8524  EKtot   =      9954.6733  EPtot      =    -48639.5258
 BOND   =       408.8262  ANGLE   =      1072.3049  DIHED      =      1695.8732
 1-4 NB =       476.8069  1-4 EEL =      5719.8956  VDWAALS    =      5381.8175
 EELEC  =    -63435.7209  EHBOND  =         0.0000  RESTRAINT  =        40.6708
 EAMBER (non-restraint)  =    -48680.1966
 EKCMT  =      4182.1125  VIRIAL  =      4230.0870  VOLUME     =    160455.8905
                                                    Density    =         1.0267
 ------------------------------------------------------------------------------


      R M S  F L U C T U A T I O N S


 NSTEP =    50000   TIME(PS) =    2140.000  TEMP(K) =     2.68  PRESS =   182.8
 Etot   =       149.3597  EKtot   =        88.9348  EPtot      =       108.8800
 BOND   =        16.3022  ANGLE   =        20.6466  DIHED      =        13.5848
 1-4 NB =         8.0684  1-4 EEL =        26.1292  VDWAALS    =        73.4258
 EELEC  =       151.5079  EHBOND  =         0.0000  RESTRAINT  =         3.8512
 EAMBER (non-restraint)  =       105.0289
 EKCMT  =        55.9370  VIRIAL  =       631.5807  VOLUME     =       339.9892
                                                    Density    =         0.0022
 ------------------------------------------------------------------------------

--------------------------------------------------------------------------------
   5.  TIMINGS
--------------------------------------------------------------------------------

|  NonSetup CPU Time in Major Routines:
|
|     Routine           Sec        %
|     ------------------------------
|     Nonbond         102.26   89.60
|     Bond              0.00    0.00
|     Angle             0.00    0.00
|     Dihedral          0.00    0.00
|     Shake             0.36    0.32
|     RunMD            11.46   10.04
|     Other             0.05    0.05
|     ------------------------------
|     Total           114.14

|  PME Nonbond Pairlist CPU Time:
|
|     Routine              Sec        %
|     ---------------------------------
|     Set Up Cit           0.00    0.00
|     Build List           0.00    0.00
|     ---------------------------------
|     Total                0.00    0.00

|  PME Direct Force CPU Time:
|
|     Routine              Sec        %
|     ---------------------------------
|     NonBonded Calc       0.00    0.00
|     Exclude Masked       0.00    0.00
|     Other                0.03    0.03
|     ---------------------------------
|     Total                0.03    0.03

|  PME Reciprocal Force CPU Time:
|
|     Routine              Sec        %
|     ---------------------------------
|     1D bspline           0.00    0.00
|     Grid Charges         0.00    0.00
|     Scalar Sum           0.00    0.00
|     Gradient Sum         0.00    0.00
|     FFT                  0.00    0.00
|     ---------------------------------
|     Total                0.00    0.00

|  Final Performance Info:
|     -----------------------------------------------------
|     Average timings for last   23500 steps:
|     Elapsed(s) =      53.65 Per Step(ms) =       2.28
|         ns/day =      75.69   seconds/ns =    1141.44
|
|     Average timings for all steps:
|     Elapsed(s) =     114.12 Per Step(ms) =       2.28
|         ns/day =      75.71   seconds/ns =    1141.23
|     -----------------------------------------------------

|  Setup CPU time:            0.47 seconds
|  NonSetup CPU time:       114.14 seconds
|  Total CPU time:          114.61 seconds     0.03 hours

|  Setup wall time:           1    seconds
|  NonSetup wall time:      114    seconds
|  Total wall time:         115    seconds     0.03 hours
