
          -------------------------------------------------------
          Amber 16 PMEMD                              2016
          -------------------------------------------------------

| PMEMD implementation of SANDER, Release 16

| Run on 05/03/2018 at 22:21:06

|   Executable path: pmemd.cuda
| Working directory: /home/german/lbp/run/1ure/mhe/e
|          Hostname: Unknown
  [-O]verwriting output

File Assignments:
|   MDIN: 26equ.in                                                              
|  MDOUT: 26equ.out                                                             
| INPCRD: 25e1ure.rst7                                                          
|   PARM: /home/german/lbp/top_files/1ure.prmtop                                
| RESTRT: 26e1ure.rst7                                                          
|   REFC: 25e1ure.rst7                                                          
|  MDVEL: mdvel                                                                 
|   MDEN: mden                                                                  
|  MDCRD: 26e1ure.nc                                                            
| MDINFO: mdinfo                                                                
|  MDFRC: mdfrc                                                                 


 Here is the input file:

Equilibration with solute restrictions                                         
&cntrl                                                                         
imin = 0,                           ! No Minimization                          
nmropt = 0,                         ! No NMR restraints read                   
                                                                               
! Nature and format of the input                                               
ntx = 5,                            ! Coordinates but no velocities will be rea
irest = 1,                          ! Do not run a new simulation              
                                                                               
! Nature and format of the output                                              
ntxo = 1,                           ! rstrt file in ASCII format               
ntpr = 500,                         ! inf in output every ntpr steps           
ntwr = 500,                         ! rstrt file every ntwr steps              
ntwx = 500,                         ! mdcrd file every ntwx steps              
ntwv = 0,                           ! mdvel without velocities                 
ntwe = 0,                           ! Do not write energies and temperatures   
idecomp = 0,                        ! No energy decomposition                  
iwrap = 1,                          ! Coordinates of the restart and mdcrd file
                                                                               
! Frozen or restrained atoms                                                   
ibelly = 0,                         ! No frozen atoms                          
ntr=1,                              ! Harmonic potential restraints            
restraint_wt = 0.08,                ! The weight for the positional restraints 
restraintmask = ':1-131@N,CA,C,O|:132',  ! restrained residues                 
                                                                               
! Molecular dynamics                                                           
nstlim = 50000,                     ! Number of MD-steps                       
dt = 0.002,                         ! Time step                                
                                                                               
! Temperature regulation                                                       
ntt = 3,                            ! Langevin thermostat                      
gamma_ln = 5,                       ! Gamma constant for Langevin              
temp0 = 300.0,                      ! Reference T at which the system is to be 
tempi = 300.0,                      ! Initial T                                
ig = -1,                            ! Seed for the RNG                         
                                                                               
! P and V regulation                                                           
ntp = 1,                            ! constant P                               
barostat = 1,                       ! Berendsen barostat                       
taup = 1,                           ! Pressure relaxation time                 
ntb = 2,                            ! Periodic box for constant P              
                                                                               
! SHAKE variables                                                              
ntc = 2,                            ! Bonds involving H are constrained        
ntf = 2,                            ! Bond interaction involving H are ommited.
                                                                               
cut = 10.0,                         ! Nonbonded cutoff                         
/                                                                              
&end                                                                           


Note: ig = -1. Setting random seed to   484237 based on wallclock time in 
      microseconds.
 
|--------------------- INFORMATION ----------------------
| GPU (CUDA) Version of PMEMD in use: NVIDIA GPU IN USE.
|                    Version 16.0.0
| 
|                      02/25/2016
| 
| Implementation by:
|                    Ross C. Walker     (SDSC)
|                    Scott Le Grand     (nVIDIA)
| 
| Precision model in use:
|      [SPFP] - Single Precision Forces, 64-bit Fixed Point
|               Accumulation. (Default)
| 
|--------------------------------------------------------
 
|----------------- CITATION INFORMATION -----------------
|
|    When publishing work that utilized the CUDA version
|    of AMBER, please cite the following in addition to
|    the regular AMBER citations:
|
|  - Romelia Salomon-Ferrer; Andreas W. Goetz; Duncan
|    Poole; Scott Le Grand; Ross C. Walker "Routine
|    microsecond molecular dynamics simulations with
|    AMBER - Part II: Particle Mesh Ewald", J. Chem.
|    Theory Comput., 2013, 9 (9), pp3878-3888,
|    DOI: 10.1021/ct400314y.
|
|  - Andreas W. Goetz; Mark J. Williamson; Dong Xu;
|    Duncan Poole; Scott Le Grand; Ross C. Walker
|    "Routine microsecond molecular dynamics simulations
|    with AMBER - Part I: Generalized Born", J. Chem.
|    Theory Comput., 2012, 8 (5), pp1542-1555.
|
|  - Scott Le Grand; Andreas W. Goetz; Ross C. Walker
|    "SPFP: Speed without compromise - a mixed precision
|    model for GPU accelerated molecular dynamics
|    simulations.", Comp. Phys. Comm., 2013, 184
|    pp374-380, DOI: 10.1016/j.cpc.2012.09.022
|
|--------------------------------------------------------
 
|------------------- GPU DEVICE INFO --------------------
|
|            CUDA_VISIBLE_DEVICES: 1
|   CUDA Capable Devices Detected:      1
|           CUDA Device ID in use:      0
|                CUDA Device Name: GeForce GTX 1060 6GB
|     CUDA Device Global Mem Size:   6072 MB
| CUDA Device Num Multiprocessors:     10
|           CUDA Device Core Freq:   1.76 GHz
|
|--------------------------------------------------------
 
 
| Conditional Compilation Defines Used:
| PUBFFT
| BINTRAJ
| CUDA
| EMIL

| Largest sphere to fit in unit cell has radius =    24.204

| New format PARM file being parsed.
| Version =    1.000 Date = 05/03/18 Time = 18:00:41

| Note: 1-4 EEL scale factors are being read from the topology file.

| Note: 1-4 VDW scale factors are being read from the topology file.
| Duplicated    0 dihedrals

| Duplicated    0 dihedrals

--------------------------------------------------------------------------------
   1.  RESOURCE   USE: 
--------------------------------------------------------------------------------

 getting new box info from bottom of inpcrd
 NATOM  =   16143 NTYPES =      16 NBONH =   15068 MBONA  =    1090
 NTHETH =    2483 MTHETA =    1455 NPHIH =    4974 MPHIA  =    4545
 NHPARM =       0 NPARM  =       0 NNB   =   30550 NRES   =    4792
 NBONA  =    1090 NTHETA =    1455 NPHIA =    4545 NUMBND =      69
 NUMANG =     150 NPTRA  =     181 NATYP =      39 NPHB   =       1
 IFBOX  =       2 NMXRS  =      50 IFCAP =       0 NEXTRA =       0
 NCOPY  =       0

| Coordinate Index Table dimensions:     9    9    9
| Direct force subcell size =     6.5874    6.5874    6.5874

     BOX TYPE: TRUNCATED OCTAHEDRON

--------------------------------------------------------------------------------
   2.  CONTROL  DATA  FOR  THE  RUN
--------------------------------------------------------------------------------

default_name                                                                    

General flags:
     imin    =       0, nmropt  =       0

Nature and format of input:
     ntx     =       5, irest   =       1, ntrx    =       1

Nature and format of output:
     ntxo    =       1, ntpr    =     500, ntrx    =       1, ntwr    =     500
     iwrap   =       1, ntwx    =     500, ntwv    =       0, ntwe    =       0
     ioutfm  =       1, ntwprt  =       0, idecomp =       0, rbornstat=      0

Potential function:
     ntf     =       2, ntb     =       2, igb     =       0, nsnb    =      25
     ipol    =       0, gbsa    =       0, iesp    =       0
     dielc   =   1.00000, cut     =  10.00000, intdiel =   1.00000

Frozen or restrained atoms:
     ibelly  =       0, ntr     =       1
     restraint_wt =   0.08000

Molecular dynamics:
     nstlim  =     50000, nscm    =         0, nrespa  =         1
     t       =   0.00000, dt      =   0.00200, vlimit  =  -1.00000

Langevin dynamics temperature regulation:
     ig      =  484237
     temp0   = 300.00000, tempi   = 300.00000, gamma_ln=   5.00000

Pressure regulation:
     ntp     =       1
     pres0   =   1.00000, comp    =  44.60000, taup    =   1.00000

SHAKE:
     ntc     =       2, jfastw  =       0
     tol     =   0.00001

| Intermolecular bonds treatment:
|     no_intermolecular_bonds =       1

| Energy averages sample interval:
|     ene_avg_sampling =     500

Ewald parameters:
     verbose =       0, ew_type =       0, nbflag  =       1, use_pme =       1
     vdwmeth =       1, eedmeth =       1, netfrc  =       1
     Box X =   59.286   Box Y =   59.286   Box Z =   59.286
     Alpha =  109.471   Beta  =  109.471   Gamma =  109.471
     NFFT1 =   64       NFFT2 =   64       NFFT3 =   64
     Cutoff=   10.000   Tol   =0.100E-04
     Ewald Coefficient =  0.27511
     Interpolation order =    4

    LOADING THE CONSTRAINED ATOMS AS GROUPS


   5.  REFERENCE ATOM COORDINATES

  default_name                                                                    
     Mask :1-131@N,CA,C,O|:132; matches   574 atoms

--------------------------------------------------------------------------------
   3.  ATOMIC COORDINATES AND VELOCITIES
--------------------------------------------------------------------------------

default_name                                                                    
 begin time read from input coords =  2640.000 ps

 
 Number of triangulated 3-point waters found:     4660

     Sum of charges from parm topology file =  -0.00200004
     Forcing neutrality...

| Dynamic Memory, Types Used:
| Reals              830132
| Integers           608468

| Nonbonded Pairs Initial Allocation:     4882853

| GPU memory information (estimate):
| KB of GPU memory in use:    143606
| KB of CPU memory in use:     27926

--------------------------------------------------------------------------------
   4.  RESULTS
--------------------------------------------------------------------------------

 ---------------------------------------------------
 APPROXIMATING switch and d/dx switch using CUBIC SPLINE INTERPOLATION
 using   5000.0 points per unit in tabled values
 TESTING RELATIVE ERROR over r ranging from 0.0 to cutoff
| CHECK switch(x): max rel err =   0.2738E-14   at   2.422500
| CHECK d/dx switch(x): max rel err =   0.8314E-11   at   2.736960
 ---------------------------------------------------
|---------------------------------------------------
| APPROXIMATING direct energy using CUBIC SPLINE INTERPOLATION
|  with   50.0 points per unit in tabled values
| Relative Error Limit not exceeded for r .gt.   2.33
| APPROXIMATING direct force using CUBIC SPLINE INTERPOLATION
|  with   50.0 points per unit in tabled values
| Relative Error Limit not exceeded for r .gt.   2.80
|---------------------------------------------------
wrapping first mol.:       19.76884       27.95736       48.42356
wrapping first mol.:       19.76884       27.95736       48.42356

 NSTEP =      500   TIME(PS) =    2641.000  TEMP(K) =   299.02  PRESS =  -173.1
 Etot   =    -38867.6193  EKtot   =      9911.8740  EPtot      =    -48779.4933
 BOND   =       436.3476  ANGLE   =      1069.2452  DIHED      =      1663.6963
 1-4 NB =       474.5960  1-4 EEL =      5685.0886  VDWAALS    =      5464.1238
 EELEC  =    -63581.7819  EHBOND  =         0.0000  RESTRAINT  =         9.1911
 EAMBER (non-restraint)  =    -48788.6844
 EKCMT  =      4131.3579  VIRIAL  =      4731.4293  VOLUME     =    160580.1021
                                                    Density    =         1.0259
 ------------------------------------------------------------------------------

wrapping first mol.:       19.75889       27.94330       48.39920
wrapping first mol.:       19.75889       27.94330       48.39920

 NSTEP =     1000   TIME(PS) =    2642.000  TEMP(K) =   302.72  PRESS =  -348.5
 Etot   =    -38644.0066  EKtot   =     10034.4189  EPtot      =    -48678.4255
 BOND   =       425.4095  ANGLE   =      1033.4331  DIHED      =      1665.8948
 1-4 NB =       471.3706  1-4 EEL =      5708.1856  VDWAALS    =      5238.9884
 EELEC  =    -63231.8490  EHBOND  =         0.0000  RESTRAINT  =        10.1414
 EAMBER (non-restraint)  =    -48688.5669
 EKCMT  =      4203.6480  VIRIAL  =      5410.1703  VOLUME     =    160340.4762
                                                    Density    =         1.0274
 ------------------------------------------------------------------------------

wrapping first mol.:       19.74486       27.92345       48.36484
wrapping first mol.:       19.74486       27.92345       48.36484

 NSTEP =     1500   TIME(PS) =    2643.000  TEMP(K) =   296.71  PRESS =   -95.0
 Etot   =    -38915.9561  EKtot   =      9835.1387  EPtot      =    -48751.0948
 BOND   =       381.9813  ANGLE   =      1053.3319  DIHED      =      1652.4783
 1-4 NB =       482.8758  1-4 EEL =      5716.1090  VDWAALS    =      5343.9904
 EELEC  =    -63394.2316  EHBOND  =         0.0000  RESTRAINT  =        12.3700
 EAMBER (non-restraint)  =    -48763.4648
 EKCMT  =      4114.9664  VIRIAL  =      4443.2798  VOLUME     =    159995.5230
                                                    Density    =         1.0296
 ------------------------------------------------------------------------------

wrapping first mol.:       19.74492       27.92353       48.36497
wrapping first mol.:       19.74492       27.92353       48.36497

 NSTEP =     2000   TIME(PS) =    2644.000  TEMP(K) =   298.85  PRESS =   247.4
 Etot   =    -38809.0820  EKtot   =      9906.1191  EPtot      =    -48715.2011
 BOND   =       390.1133  ANGLE   =      1066.0091  DIHED      =      1670.3855
 1-4 NB =       478.1237  1-4 EEL =      5716.8797  VDWAALS    =      5345.1496
 EELEC  =    -63396.2796  EHBOND  =         0.0000  RESTRAINT  =        14.4176
 EAMBER (non-restraint)  =    -48729.6187
 EKCMT  =      4129.7798  VIRIAL  =      3275.3169  VOLUME     =    159992.0008
                                                    Density    =         1.0296
 ------------------------------------------------------------------------------

wrapping first mol.:       19.74434       27.92271       48.36355
wrapping first mol.:       19.74434       27.92271       48.36355

 NSTEP =     2500   TIME(PS) =    2645.000  TEMP(K) =   297.57  PRESS =  -131.2
 Etot   =    -39037.1505  EKtot   =      9863.6006  EPtot      =    -48900.7511
 BOND   =       403.4940  ANGLE   =      1002.5905  DIHED      =      1661.9142
 1-4 NB =       479.0907  1-4 EEL =      5698.9629  VDWAALS    =      5291.3438
 EELEC  =    -63451.7526  EHBOND  =         0.0000  RESTRAINT  =        13.6054
 EAMBER (non-restraint)  =    -48914.3566
 EKCMT  =      4171.8346  VIRIAL  =      4625.1909  VOLUME     =    159983.2397
                                                    Density    =         1.0297
 ------------------------------------------------------------------------------

wrapping first mol.:       19.76763       27.95564       48.42059
wrapping first mol.:       19.76763       27.95564       48.42059

 NSTEP =     3000   TIME(PS) =    2646.000  TEMP(K) =   299.67  PRESS =   307.0
 Etot   =    -38668.8497  EKtot   =      9933.1494  EPtot      =    -48601.9991
 BOND   =       421.6982  ANGLE   =      1036.3348  DIHED      =      1659.2147
 1-4 NB =       470.5983  1-4 EEL =      5724.3135  VDWAALS    =      5581.4680
 EELEC  =    -63513.8769  EHBOND  =         0.0000  RESTRAINT  =        18.2503
 EAMBER (non-restraint)  =    -48620.2494
 EKCMT  =      4120.7540  VIRIAL  =      3056.5157  VOLUME     =    160543.7394
                                                    Density    =         1.0261
 ------------------------------------------------------------------------------

wrapping first mol.:       19.75273       27.93458       48.38411
wrapping first mol.:       19.75273       27.93458       48.38411

 NSTEP =     3500   TIME(PS) =    2647.000  TEMP(K) =   301.13  PRESS =  -184.8
 Etot   =    -38597.3946  EKtot   =      9981.6055  EPtot      =    -48579.0001
 BOND   =       420.2736  ANGLE   =      1059.6372  DIHED      =      1637.8446
 1-4 NB =       464.2919  1-4 EEL =      5668.7450  VDWAALS    =      5272.9452
 EELEC  =    -63120.4279  EHBOND  =         0.0000  RESTRAINT  =        17.6903
 EAMBER (non-restraint)  =    -48596.6904
 EKCMT  =      4190.0075  VIRIAL  =      4829.1399  VOLUME     =    160188.1328
                                                    Density    =         1.0284
 ------------------------------------------------------------------------------

wrapping first mol.:       19.75946       27.94409       48.40058
wrapping first mol.:       19.75946       27.94409       48.40058

 NSTEP =     4000   TIME(PS) =    2648.000  TEMP(K) =   300.64  PRESS =   -33.5
 Etot   =    -38586.6403  EKtot   =      9965.2646  EPtot      =    -48551.9049
 BOND   =       435.3169  ANGLE   =      1075.7014  DIHED      =      1658.7864
 1-4 NB =       485.9055  1-4 EEL =      5703.0786  VDWAALS    =      5308.8726
 EELEC  =    -63239.2042  EHBOND  =         0.0000  RESTRAINT  =        19.6379
 EAMBER (non-restraint)  =    -48571.5429
 EKCMT  =      4156.4819  VIRIAL  =      4272.6185  VOLUME     =    160349.6359
                                                    Density    =         1.0273
 ------------------------------------------------------------------------------

wrapping first mol.:       19.73667       27.91187       48.34478
wrapping first mol.:       19.73667       27.91187       48.34478

 NSTEP =     4500   TIME(PS) =    2649.000  TEMP(K) =   299.55  PRESS =   139.9
 Etot   =    -38948.9331  EKtot   =      9929.1631  EPtot      =    -48878.0961
 BOND   =       411.4038  ANGLE   =      1047.2887  DIHED      =      1635.6461
 1-4 NB =       469.5148  1-4 EEL =      5655.1276  VDWAALS    =      5444.0684
 EELEC  =    -63557.0749  EHBOND  =         0.0000  RESTRAINT  =        15.9294
 EAMBER (non-restraint)  =    -48894.0255
 EKCMT  =      4185.6918  VIRIAL  =      3703.0870  VOLUME     =    159793.1759
                                                    Density    =         1.0309
 ------------------------------------------------------------------------------

wrapping first mol.:       19.75027       27.93109       48.37807
wrapping first mol.:       19.75027       27.93109       48.37807

 NSTEP =     5000   TIME(PS) =    2650.000  TEMP(K) =   303.76  PRESS =    96.5
 Etot   =    -38690.2665  EKtot   =     10068.8516  EPtot      =    -48759.1181
 BOND   =       399.5724  ANGLE   =      1073.6162  DIHED      =      1686.6464
 1-4 NB =       486.9315  1-4 EEL =      5668.3264  VDWAALS    =      5405.9917
 EELEC  =    -63495.5726  EHBOND  =         0.0000  RESTRAINT  =        15.3700
 EAMBER (non-restraint)  =    -48774.4880
 EKCMT  =      4246.6119  VIRIAL  =      3912.8733  VOLUME     =    160124.1477
                                                    Density    =         1.0288
 ------------------------------------------------------------------------------

wrapping first mol.:       19.74426       27.92261       48.36337
wrapping first mol.:       19.74426       27.92261       48.36337

 NSTEP =     5500   TIME(PS) =    2651.000  TEMP(K) =   298.93  PRESS =   235.6
 Etot   =    -38948.3799  EKtot   =      9908.8379  EPtot      =    -48857.2177
 BOND   =       412.2078  ANGLE   =      1043.4539  DIHED      =      1661.1998
 1-4 NB =       481.5867  1-4 EEL =      5692.3665  VDWAALS    =      5477.7249
 EELEC  =    -63643.4177  EHBOND  =         0.0000  RESTRAINT  =        17.6603
 EAMBER (non-restraint)  =    -48874.8780
 EKCMT  =      4162.2502  VIRIAL  =      3348.3489  VOLUME     =    159976.2336
                                                    Density    =         1.0297
 ------------------------------------------------------------------------------

wrapping first mol.:       19.76370       27.95009       48.41097
wrapping first mol.:       19.76370       27.95009       48.41097

 NSTEP =     6000   TIME(PS) =    2652.000  TEMP(K) =   299.23  PRESS =   342.1
 Etot   =    -39024.9181  EKtot   =      9918.6641  EPtot      =    -48943.5821
 BOND   =       398.9745  ANGLE   =      1049.7910  DIHED      =      1659.0052
 1-4 NB =       472.9939  1-4 EEL =      5692.5027  VDWAALS    =      5421.3847
 EELEC  =    -63652.9882  EHBOND  =         0.0000  RESTRAINT  =        14.7539
 EAMBER (non-restraint)  =    -48958.3361
 EKCMT  =      4193.5617  VIRIAL  =      3008.5932  VOLUME     =    160447.5876
                                                    Density    =         1.0267
 ------------------------------------------------------------------------------

wrapping first mol.:       19.77539       27.96662       48.43961
wrapping first mol.:       19.77539       27.96662       48.43961

 NSTEP =     6500   TIME(PS) =    2653.000  TEMP(K) =   302.45  PRESS =    78.1
 Etot   =    -38442.6586  EKtot   =     10025.5430  EPtot      =    -48468.2016
 BOND   =       400.8276  ANGLE   =      1048.0032  DIHED      =      1654.0009
 1-4 NB =       473.0306  1-4 EEL =      5701.5019  VDWAALS    =      5348.3601
 EELEC  =    -63107.7071  EHBOND  =         0.0000  RESTRAINT  =        13.7812
 EAMBER (non-restraint)  =    -48481.9828
 EKCMT  =      4207.8353  VIRIAL  =      3936.7053  VOLUME     =    160736.2207
                                                    Density    =         1.0249
 ------------------------------------------------------------------------------

wrapping first mol.:       19.77096       27.96036       48.42876
wrapping first mol.:       19.77096       27.96036       48.42876

 NSTEP =     7000   TIME(PS) =    2654.000  TEMP(K) =   300.24  PRESS =    17.4
 Etot   =    -38750.4644  EKtot   =      9952.2910  EPtot      =    -48702.7555
 BOND   =       399.5332  ANGLE   =      1047.1841  DIHED      =      1653.7665
 1-4 NB =       465.2708  1-4 EEL =      5700.9933  VDWAALS    =      5377.1922
 EELEC  =    -63362.0156  EHBOND  =         0.0000  RESTRAINT  =        15.3201
 EAMBER (non-restraint)  =    -48718.0755
 EKCMT  =      4133.5866  VIRIAL  =      4073.2045  VOLUME     =    160629.1678
                                                    Density    =         1.0256
 ------------------------------------------------------------------------------

wrapping first mol.:       19.77091       27.96030       48.42865
wrapping first mol.:       19.77091       27.96030       48.42865

 NSTEP =     7500   TIME(PS) =    2655.000  TEMP(K) =   297.38  PRESS =   272.5
 Etot   =    -38670.3919  EKtot   =      9857.4775  EPtot      =    -48527.8694
 BOND   =       430.0909  ANGLE   =      1072.6203  DIHED      =      1664.4506
 1-4 NB =       470.6180  1-4 EEL =      5694.9242  VDWAALS    =      5546.3621
 EELEC  =    -63423.5241  EHBOND  =         0.0000  RESTRAINT  =        16.5886
 EAMBER (non-restraint)  =    -48544.4580
 EKCMT  =      4148.4783  VIRIAL  =      3203.2564  VOLUME     =    160624.3823
                                                    Density    =         1.0256
 ------------------------------------------------------------------------------

wrapping first mol.:       19.76079       27.94598       48.40386
wrapping first mol.:       19.76079       27.94598       48.40386

 NSTEP =     8000   TIME(PS) =    2656.000  TEMP(K) =   299.54  PRESS =  -120.8
 Etot   =    -38787.3568  EKtot   =      9928.8467  EPtot      =    -48716.2035
 BOND   =       423.4255  ANGLE   =      1083.3546  DIHED      =      1658.9837
 1-4 NB =       473.3603  1-4 EEL =      5680.8471  VDWAALS    =      5350.4988
 EELEC  =    -63400.8419  EHBOND  =         0.0000  RESTRAINT  =        14.1683
 EAMBER (non-restraint)  =    -48730.3718
 EKCMT  =      4215.1765  VIRIAL  =      4633.5448  VOLUME     =    160383.4681
                                                    Density    =         1.0271
 ------------------------------------------------------------------------------

wrapping first mol.:       19.74831       27.92832       48.37327
wrapping first mol.:       19.74831       27.92832       48.37327

 NSTEP =     8500   TIME(PS) =    2657.000  TEMP(K) =   302.27  PRESS =  -185.7
 Etot   =    -38757.1039  EKtot   =     10019.4404  EPtot      =    -48776.5444
 BOND   =       368.0732  ANGLE   =      1079.2474  DIHED      =      1673.7765
 1-4 NB =       473.1359  1-4 EEL =      5665.4638  VDWAALS    =      5235.2190
 EELEC  =    -63287.5730  EHBOND  =         0.0000  RESTRAINT  =        16.1128
 EAMBER (non-restraint)  =    -48792.6572
 EKCMT  =      4234.7578  VIRIAL  =      4876.7383  VOLUME     =    160080.5339
                                                    Density    =         1.0291
 ------------------------------------------------------------------------------

wrapping first mol.:       19.73047       27.90310       48.32958
wrapping first mol.:       19.73047       27.90310       48.32958

 NSTEP =     9000   TIME(PS) =    2658.000  TEMP(K) =   301.97  PRESS =   116.2
 Etot   =    -38856.1080  EKtot   =     10009.4971  EPtot      =    -48865.6051
 BOND   =       399.3279  ANGLE   =      1027.1120  DIHED      =      1664.8347
 1-4 NB =       469.8559  1-4 EEL =      5681.7979  VDWAALS    =      5347.1097
 EELEC  =    -63473.3034  EHBOND  =         0.0000  RESTRAINT  =        17.6602
 EAMBER (non-restraint)  =    -48883.2653
 EKCMT  =      4248.2014  VIRIAL  =      3847.8363  VOLUME     =    159642.9318
                                                    Density    =         1.0319
 ------------------------------------------------------------------------------

wrapping first mol.:       19.74195       27.91934       48.35770
wrapping first mol.:       19.74195       27.91934       48.35770

 NSTEP =     9500   TIME(PS) =    2659.000  TEMP(K) =   304.49  PRESS =   -90.6
 Etot   =    -38524.5699  EKtot   =     10092.9590  EPtot      =    -48617.5289
 BOND   =       440.1661  ANGLE   =      1073.7606  DIHED      =      1654.2402
 1-4 NB =       467.0690  1-4 EEL =      5649.4845  VDWAALS    =      5429.5171
 EELEC  =    -63347.3729  EHBOND  =         0.0000  RESTRAINT  =        15.6064
 EAMBER (non-restraint)  =    -48633.1353
 EKCMT  =      4280.6599  VIRIAL  =      4593.5625  VOLUME     =    159924.6941
                                                    Density    =         1.0301
 ------------------------------------------------------------------------------

wrapping first mol.:       19.74469       27.92320       48.36440
wrapping first mol.:       19.74469       27.92320       48.36440

 NSTEP =    10000   TIME(PS) =    2660.000  TEMP(K) =   300.65  PRESS =   -45.0
 Etot   =    -38818.8523  EKtot   =      9965.8535  EPtot      =    -48784.7058
 BOND   =       418.4760  ANGLE   =      1019.6122  DIHED      =      1684.1920
 1-4 NB =       476.7373  1-4 EEL =      5664.6597  VDWAALS    =      5571.4921
 EELEC  =    -63634.3428  EHBOND  =         0.0000  RESTRAINT  =        14.4678
 EAMBER (non-restraint)  =    -48799.1736
 EKCMT  =      4212.5610  VIRIAL  =      4367.9013  VOLUME     =    159990.5119
                                                    Density    =         1.0297
 ------------------------------------------------------------------------------

wrapping first mol.:       19.75730       27.94103       48.39529
wrapping first mol.:       19.75730       27.94103       48.39529

 NSTEP =    10500   TIME(PS) =    2661.000  TEMP(K) =   293.89  PRESS =  -328.1
 Etot   =    -38883.0983  EKtot   =      9741.5967  EPtot      =    -48624.6949
 BOND   =       415.2719  ANGLE   =      1087.7285  DIHED      =      1689.8364
 1-4 NB =       466.3665  1-4 EEL =      5640.3167  VDWAALS    =      5282.1029
 EELEC  =    -63220.6298  EHBOND  =         0.0000  RESTRAINT  =        14.3121
 EAMBER (non-restraint)  =    -48639.0070
 EKCMT  =      4127.4625  VIRIAL  =      5263.1710  VOLUME     =    160301.2488
                                                    Density    =         1.0277
 ------------------------------------------------------------------------------

wrapping first mol.:       19.74563       27.92453       48.36671
wrapping first mol.:       19.74563       27.92453       48.36671

 NSTEP =    11000   TIME(PS) =    2662.000  TEMP(K) =   301.03  PRESS =   -78.6
 Etot   =    -38612.2397  EKtot   =      9978.3223  EPtot      =    -48590.5620
 BOND   =       416.7392  ANGLE   =      1090.7247  DIHED      =      1654.0611
 1-4 NB =       475.9382  1-4 EEL =      5653.3049  VDWAALS    =      5237.5659
 EELEC  =    -63132.9693  EHBOND  =         0.0000  RESTRAINT  =        14.0732
 EAMBER (non-restraint)  =    -48604.6353
 EKCMT  =      4180.0976  VIRIAL  =      4451.5442  VOLUME     =    160013.8570
                                                    Density    =         1.0295
 ------------------------------------------------------------------------------

wrapping first mol.:       19.73213       27.90545       48.33365
wrapping first mol.:       19.73213       27.90545       48.33365

 NSTEP =    11500   TIME(PS) =    2663.000  TEMP(K) =   298.40  PRESS =   240.7
 Etot   =    -38923.3008  EKtot   =      9891.2461  EPtot      =    -48814.5469
 BOND   =       405.1082  ANGLE   =      1085.6865  DIHED      =      1671.2353
 1-4 NB =       486.2152  1-4 EEL =      5646.3818  VDWAALS    =      5425.5621
 EELEC  =    -63553.4710  EHBOND  =         0.0000  RESTRAINT  =        18.7349
 EAMBER (non-restraint)  =    -48833.2818
 EKCMT  =      4143.7904  VIRIAL  =      3313.7610  VOLUME     =    159681.4296
                                                    Density    =         1.0316
 ------------------------------------------------------------------------------

wrapping first mol.:       19.73984       27.91635       48.35254
wrapping first mol.:       19.73984       27.91635       48.35254

 NSTEP =    12000   TIME(PS) =    2664.000  TEMP(K) =   299.52  PRESS =   365.5
 Etot   =    -38840.6862  EKtot   =      9928.2979  EPtot      =    -48768.9840
 BOND   =       414.7788  ANGLE   =      1032.7160  DIHED      =      1653.6331
 1-4 NB =       497.7667  1-4 EEL =      5686.7166  VDWAALS    =      5605.5231
 EELEC  =    -63676.0661  EHBOND  =         0.0000  RESTRAINT  =        15.9479
 EAMBER (non-restraint)  =    -48784.9319
 EKCMT  =      4185.7677  VIRIAL  =      2924.1256  VOLUME     =    159866.9729
                                                    Density    =         1.0305
 ------------------------------------------------------------------------------

wrapping first mol.:       19.78126       27.97493       48.45399
wrapping first mol.:       19.78126       27.97493       48.45399

 NSTEP =    12500   TIME(PS) =    2665.000  TEMP(K) =   303.15  PRESS =   308.8
 Etot   =    -38559.6294  EKtot   =     10048.6621  EPtot      =    -48608.2915
 BOND   =       390.7683  ANGLE   =      1079.9670  DIHED      =      1652.6851
 1-4 NB =       483.7532  1-4 EEL =      5658.0157  VDWAALS    =      5450.3303
 EELEC  =    -63341.2270  EHBOND  =         0.0000  RESTRAINT  =        17.4159
 EAMBER (non-restraint)  =    -48625.7074
 EKCMT  =      4268.7987  VIRIAL  =      3196.2443  VOLUME     =    160876.1326
                                                    Density    =         1.0240
 ------------------------------------------------------------------------------

wrapping first mol.:       19.78618       27.98188       48.46604
wrapping first mol.:       19.78618       27.98188       48.46604

 NSTEP =    13000   TIME(PS) =    2666.000  TEMP(K) =   303.00  PRESS =    77.9
 Etot   =    -38418.6011  EKtot   =     10043.6270  EPtot      =    -48462.2281
 BOND   =       416.9084  ANGLE   =      1076.5879  DIHED      =      1688.6663
 1-4 NB =       489.3113  1-4 EEL =      5695.4612  VDWAALS    =      5392.0478
 EELEC  =    -63240.5000  EHBOND  =         0.0000  RESTRAINT  =        19.2890
 EAMBER (non-restraint)  =    -48481.5171
 EKCMT  =      4257.4084  VIRIAL  =      3986.7817  VOLUME     =    160999.5409
                                                    Density    =         1.0232
 ------------------------------------------------------------------------------

wrapping first mol.:       19.77226       27.96219       48.43193
wrapping first mol.:       19.77226       27.96219       48.43193

 NSTEP =    13500   TIME(PS) =    2667.000  TEMP(K) =   297.31  PRESS =   249.3
 Etot   =    -38933.4808  EKtot   =      9855.0273  EPtot      =    -48788.5081
 BOND   =       390.0457  ANGLE   =      1049.4619  DIHED      =      1672.3426
 1-4 NB =       462.4337  1-4 EEL =      5651.9234  VDWAALS    =      5512.9985
 EELEC  =    -63546.4200  EHBOND  =         0.0000  RESTRAINT  =        18.7060
 EAMBER (non-restraint)  =    -48807.2142
 EKCMT  =      4167.7530  VIRIAL  =      3302.9401  VOLUME     =    160657.4141
                                                    Density    =         1.0254
 ------------------------------------------------------------------------------

wrapping first mol.:       19.77442       27.96525       48.43722
wrapping first mol.:       19.77442       27.96525       48.43722

 NSTEP =    14000   TIME(PS) =    2668.000  TEMP(K) =   300.46  PRESS =    10.2
 Etot   =    -38839.5940  EKtot   =      9959.5820  EPtot      =    -48799.1760
 BOND   =       420.1148  ANGLE   =      1080.6599  DIHED      =      1675.7274
 1-4 NB =       477.4038  1-4 EEL =      5712.7903  VDWAALS    =      5515.1998
 EELEC  =    -63699.9457  EHBOND  =         0.0000  RESTRAINT  =        18.8736
 EAMBER (non-restraint)  =    -48818.0496
 EKCMT  =      4209.7302  VIRIAL  =      4174.2679  VOLUME     =    160713.4716
                                                    Density    =         1.0250
 ------------------------------------------------------------------------------

wrapping first mol.:       19.78544       27.98084       48.46424
wrapping first mol.:       19.78544       27.98084       48.46424

 NSTEP =    14500   TIME(PS) =    2669.000  TEMP(K) =   298.31  PRESS =   -98.8
 Etot   =    -38590.7691  EKtot   =      9888.2637  EPtot      =    -48479.0327
 BOND   =       416.2774  ANGLE   =      1059.2577  DIHED      =      1674.1882
 1-4 NB =       470.9340  1-4 EEL =      5692.2022  VDWAALS    =      5260.7517
 EELEC  =    -63077.1687  EHBOND  =         0.0000  RESTRAINT  =        24.5248
 EAMBER (non-restraint)  =    -48503.5575
 EKCMT  =      4194.4726  VIRIAL  =      4537.9921  VOLUME     =    160984.0899
                                                    Density    =         1.0233
 ------------------------------------------------------------------------------

wrapping first mol.:       19.78080       27.97428       48.45287
wrapping first mol.:       19.78080       27.97428       48.45287

 NSTEP =    15000   TIME(PS) =    2670.000  TEMP(K) =   300.73  PRESS =   -22.1
 Etot   =    -38614.0934  EKtot   =      9968.2578  EPtot      =    -48582.3512
 BOND   =       400.9842  ANGLE   =      1085.7553  DIHED      =      1660.2347
 1-4 NB =       487.8160  1-4 EEL =      5712.6514  VDWAALS    =      5279.2738
 EELEC  =    -63227.4496  EHBOND  =         0.0000  RESTRAINT  =        18.3830
 EAMBER (non-restraint)  =    -48600.7342
 EKCMT  =      4150.1159  VIRIAL  =      4226.8272  VOLUME     =    160869.6992
                                                    Density    =         1.0240
 ------------------------------------------------------------------------------

wrapping first mol.:       19.76638       27.95388       48.41753
wrapping first mol.:       19.76638       27.95388       48.41753

 NSTEP =    15500   TIME(PS) =    2671.000  TEMP(K) =   300.30  PRESS =  -340.0
 Etot   =    -38613.5024  EKtot   =      9954.0723  EPtot      =    -48567.5747
 BOND   =       407.1450  ANGLE   =      1092.6115  DIHED      =      1667.5855
 1-4 NB =       468.2222  1-4 EEL =      5693.4036  VDWAALS    =      5067.0343
 EELEC  =    -62983.0305  EHBOND  =         0.0000  RESTRAINT  =        19.4537
 EAMBER (non-restraint)  =    -48587.0284
 EKCMT  =      4175.4161  VIRIAL  =      5353.8635  VOLUME     =    160522.5450
                                                    Density    =         1.0262
 ------------------------------------------------------------------------------

wrapping first mol.:       19.76692       27.95464       48.41886
wrapping first mol.:       19.76692       27.95464       48.41886

 NSTEP =    16000   TIME(PS) =    2672.000  TEMP(K) =   304.68  PRESS =  -240.1
 Etot   =    -38580.6883  EKtot   =     10099.4375  EPtot      =    -48680.1258
 BOND   =       431.8637  ANGLE   =      1043.3645  DIHED      =      1654.6807
 1-4 NB =       459.3613  1-4 EEL =      5654.4244  VDWAALS    =      5279.2127
 EELEC  =    -63223.2261  EHBOND  =         0.0000  RESTRAINT  =        20.1930
 EAMBER (non-restraint)  =    -48700.3188
 EKCMT  =      4201.0866  VIRIAL  =      5033.4227  VOLUME     =    160534.3210
                                                    Density    =         1.0262
 ------------------------------------------------------------------------------

wrapping first mol.:       19.75530       27.93821       48.39039
wrapping first mol.:       19.75530       27.93821       48.39039

 NSTEP =    16500   TIME(PS) =    2673.000  TEMP(K) =   303.96  PRESS =  -158.4
 Etot   =    -38649.2991  EKtot   =     10075.4961  EPtot      =    -48724.7952
 BOND   =       400.1076  ANGLE   =      1071.3495  DIHED      =      1650.9193
 1-4 NB =       470.7117  1-4 EEL =      5696.1011  VDWAALS    =      5324.7976
 EELEC  =    -63358.5125  EHBOND  =         0.0000  RESTRAINT  =        19.7306
 EAMBER (non-restraint)  =    -48744.5258
 EKCMT  =      4217.1842  VIRIAL  =      4765.2847  VOLUME     =    160250.1596
                                                    Density    =         1.0280
 ------------------------------------------------------------------------------

wrapping first mol.:       19.74476       27.92331       48.36458
wrapping first mol.:       19.74476       27.92331       48.36458

 NSTEP =    17000   TIME(PS) =    2674.000  TEMP(K) =   298.23  PRESS =   398.7
 Etot   =    -38647.9057  EKtot   =      9885.4658  EPtot      =    -48533.3715
 BOND   =       388.0779  ANGLE   =      1089.3904  DIHED      =      1660.6249
 1-4 NB =       480.7000  1-4 EEL =      5695.2122  VDWAALS    =      5434.8639
 EELEC  =    -63302.1569  EHBOND  =         0.0000  RESTRAINT  =        19.9160
 EAMBER (non-restraint)  =    -48553.2876
 EKCMT  =      4203.7528  VIRIAL  =      2826.6062  VOLUME     =    159985.9684
                                                    Density    =         1.0297
 ------------------------------------------------------------------------------

wrapping first mol.:       19.73927       27.91554       48.35114
wrapping first mol.:       19.73927       27.91554       48.35114

 NSTEP =    17500   TIME(PS) =    2675.000  TEMP(K) =   302.77  PRESS =    52.8
 Etot   =    -38747.7933  EKtot   =     10035.9902  EPtot      =    -48783.7835
 BOND   =       436.4918  ANGLE   =      1079.9977  DIHED      =      1666.7235
 1-4 NB =       478.6816  1-4 EEL =      5681.8528  VDWAALS    =      5431.8639
 EELEC  =    -63579.4399  EHBOND  =         0.0000  RESTRAINT  =        20.0451
 EAMBER (non-restraint)  =    -48803.8286
 EKCMT  =      4211.2530  VIRIAL  =      4029.1181  VOLUME     =    159857.4839
                                                    Density    =         1.0305
 ------------------------------------------------------------------------------

wrapping first mol.:       19.74941       27.92988       48.37597
wrapping first mol.:       19.74941       27.92988       48.37597

 NSTEP =    18000   TIME(PS) =    2676.000  TEMP(K) =   299.16  PRESS =   426.3
 Etot   =    -38871.2299  EKtot   =      9916.5176  EPtot      =    -48787.7475
 BOND   =       413.6830  ANGLE   =      1058.5034  DIHED      =      1649.2866
 1-4 NB =       472.7188  1-4 EEL =      5645.1184  VDWAALS    =      5424.9839
 EELEC  =    -63469.5058  EHBOND  =         0.0000  RESTRAINT  =        17.4642
 EAMBER (non-restraint)  =    -48805.2117
 EKCMT  =      4145.0625  VIRIAL  =      2671.5503  VOLUME     =    160098.5859
                                                    Density    =         1.0290
 ------------------------------------------------------------------------------

wrapping first mol.:       19.75560       27.93864       48.39114
wrapping first mol.:       19.75560       27.93864       48.39114

 NSTEP =    18500   TIME(PS) =    2677.000  TEMP(K) =   300.56  PRESS =   -82.6
 Etot   =    -38843.6045  EKtot   =      9962.7197  EPtot      =    -48806.3242
 BOND   =       408.2591  ANGLE   =      1049.9559  DIHED      =      1650.7818
 1-4 NB =       474.3232  1-4 EEL =      5686.8308  VDWAALS    =      5283.2318
 EELEC  =    -63377.5187  EHBOND  =         0.0000  RESTRAINT  =        17.8118
 EAMBER (non-restraint)  =    -48824.1361
 EKCMT  =      4129.3110  VIRIAL  =      4415.2183  VOLUME     =    160256.5319
                                                    Density    =         1.0279
 ------------------------------------------------------------------------------

wrapping first mol.:       19.75092       27.93202       48.37967
wrapping first mol.:       19.75092       27.93202       48.37967

 NSTEP =    19000   TIME(PS) =    2678.000  TEMP(K) =   300.20  PRESS =  -210.6
 Etot   =    -38653.0829  EKtot   =      9950.8545  EPtot      =    -48603.9374
 BOND   =       421.5475  ANGLE   =      1078.7496  DIHED      =      1666.8053
 1-4 NB =       463.5529  1-4 EEL =      5673.4889  VDWAALS    =      5221.9509
 EELEC  =    -63150.4611  EHBOND  =         0.0000  RESTRAINT  =        20.4286
 EAMBER (non-restraint)  =    -48624.3661
 EKCMT  =      4162.8712  VIRIAL  =      4890.9819  VOLUME     =    160144.4523
                                                    Density    =         1.0287
 ------------------------------------------------------------------------------

wrapping first mol.:       19.76813       27.95635       48.42182
wrapping first mol.:       19.76813       27.95635       48.42182

 NSTEP =    19500   TIME(PS) =    2679.000  TEMP(K) =   299.62  PRESS =   -70.6
 Etot   =    -38539.4485  EKtot   =      9931.6816  EPtot      =    -48471.1301
 BOND   =       419.3635  ANGLE   =      1122.9875  DIHED      =      1691.7007
 1-4 NB =       468.3532  1-4 EEL =      5704.5726  VDWAALS    =      5302.7560
 EELEC  =    -63202.3384  EHBOND  =         0.0000  RESTRAINT  =        21.4748
 EAMBER (non-restraint)  =    -48492.6049
 EKCMT  =      4152.4848  VIRIAL  =      4397.1517  VOLUME     =    160561.3719
                                                    Density    =         1.0260
 ------------------------------------------------------------------------------

wrapping first mol.:       19.76043       27.94547       48.40298
wrapping first mol.:       19.76043       27.94547       48.40298

 NSTEP =    20000   TIME(PS) =    2680.000  TEMP(K) =   301.31  PRESS =   311.7
 Etot   =    -38691.0168  EKtot   =      9987.5186  EPtot      =    -48678.5354
 BOND   =       383.7364  ANGLE   =      1054.4088  DIHED      =      1674.4878
 1-4 NB =       478.4840  1-4 EEL =      5723.9463  VDWAALS    =      5406.4475
 EELEC  =    -63420.1442  EHBOND  =         0.0000  RESTRAINT  =        20.0980
 EAMBER (non-restraint)  =    -48698.6334
 EKCMT  =      4187.7174  VIRIAL  =      3108.3101  VOLUME     =    160368.5234
                                                    Density    =         1.0272
 ------------------------------------------------------------------------------

wrapping first mol.:       19.76413       27.95070       48.41203
wrapping first mol.:       19.76413       27.95070       48.41203

 NSTEP =    20500   TIME(PS) =    2681.000  TEMP(K) =   302.25  PRESS =   254.9
 Etot   =    -38582.9442  EKtot   =     10018.7910  EPtot      =    -48601.7353
 BOND   =       415.9512  ANGLE   =      1080.7552  DIHED      =      1654.2246
 1-4 NB =       471.6897  1-4 EEL =      5716.8812  VDWAALS    =      5386.9567
 EELEC  =    -63350.9226  EHBOND  =         0.0000  RESTRAINT  =        22.7288
 EAMBER (non-restraint)  =    -48624.4640
 EKCMT  =      4238.6832  VIRIAL  =      3355.4838  VOLUME     =    160459.3757
                                                    Density    =         1.0266
 ------------------------------------------------------------------------------

wrapping first mol.:       19.76553       27.95269       48.41547
wrapping first mol.:       19.76553       27.95269       48.41547

 NSTEP =    21000   TIME(PS) =    2682.000  TEMP(K) =   298.33  PRESS =   272.3
 Etot   =    -38815.5049  EKtot   =      9888.9531  EPtot      =    -48704.4580
 BOND   =       423.9297  ANGLE   =      1060.6034  DIHED      =      1673.6466
 1-4 NB =       479.6615  1-4 EEL =      5693.4839  VDWAALS    =      5482.6878
 EELEC  =    -63538.8014  EHBOND  =         0.0000  RESTRAINT  =        20.3305
 EAMBER (non-restraint)  =    -48724.7885
 EKCMT  =      4196.2185  VIRIAL  =      3252.7972  VOLUME     =    160493.2767
                                                    Density    =         1.0264
 ------------------------------------------------------------------------------

wrapping first mol.:       19.77800       27.97032       48.44601
wrapping first mol.:       19.77800       27.97032       48.44601

 NSTEP =    21500   TIME(PS) =    2683.000  TEMP(K) =   298.42  PRESS =   108.1
 Etot   =    -38722.4622  EKtot   =      9891.6768  EPtot      =    -48614.1389
 BOND   =       390.4404  ANGLE   =      1079.1033  DIHED      =      1668.4369
 1-4 NB =       452.9783  1-4 EEL =      5617.0231  VDWAALS    =      5532.5628
 EELEC  =    -63377.3381  EHBOND  =         0.0000  RESTRAINT  =        22.6544
 EAMBER (non-restraint)  =    -48636.7933
 EKCMT  =      4180.3726  VIRIAL  =      3805.0472  VOLUME     =    160799.5737
                                                    Density    =         1.0245
 ------------------------------------------------------------------------------

wrapping first mol.:       19.76612       27.95352       48.41690
wrapping first mol.:       19.76612       27.95352       48.41690

 NSTEP =    22000   TIME(PS) =    2684.000  TEMP(K) =   300.34  PRESS =   -86.8
 Etot   =    -38692.3634  EKtot   =      9955.4727  EPtot      =    -48647.8360
 BOND   =       426.1286  ANGLE   =      1037.5992  DIHED      =      1673.8808
 1-4 NB =       484.0830  1-4 EEL =      5703.6661  VDWAALS    =      5230.1643
 EELEC  =    -63226.3266  EHBOND  =         0.0000  RESTRAINT  =        22.9686
 EAMBER (non-restraint)  =    -48670.8046
 EKCMT  =      4284.4252  VIRIAL  =      4585.3771  VOLUME     =    160512.7115
                                                    Density    =         1.0263
 ------------------------------------------------------------------------------

wrapping first mol.:       19.74954       27.93007       48.37629
wrapping first mol.:       19.74954       27.93007       48.37629

 NSTEP =    22500   TIME(PS) =    2685.000  TEMP(K) =   297.17  PRESS =  -194.5
 Etot   =    -38998.7850  EKtot   =      9850.2773  EPtot      =    -48849.0623
 BOND   =       397.1729  ANGLE   =      1068.5139  DIHED      =      1674.6809
 1-4 NB =       474.2587  1-4 EEL =      5650.4459  VDWAALS    =      5311.1938
 EELEC  =    -63448.7570  EHBOND  =         0.0000  RESTRAINT  =        23.4285
 EAMBER (non-restraint)  =    -48872.4908
 EKCMT  =      4151.5689  VIRIAL  =      4823.9229  VOLUME     =    160110.6426
                                                    Density    =         1.0289
 ------------------------------------------------------------------------------

wrapping first mol.:       19.74521       27.92394       48.36569
wrapping first mol.:       19.74521       27.92394       48.36569

 NSTEP =    23000   TIME(PS) =    2686.000  TEMP(K) =   301.85  PRESS =   -80.4
 Etot   =    -38841.2796  EKtot   =     10005.6104  EPtot      =    -48846.8899
 BOND   =       402.5324  ANGLE   =      1077.3995  DIHED      =      1682.8065
 1-4 NB =       485.7296  1-4 EEL =      5734.1726  VDWAALS    =      5519.8192
 EELEC  =    -63769.5292  EHBOND  =         0.0000  RESTRAINT  =        20.1795
 EAMBER (non-restraint)  =    -48867.0694
 EKCMT  =      4175.5285  VIRIAL  =      4453.2951  VOLUME     =    160003.7512
                                                    Density    =         1.0296
 ------------------------------------------------------------------------------

wrapping first mol.:       19.77858       27.97114       48.44743
wrapping first mol.:       19.77858       27.97114       48.44743

 NSTEP =    23500   TIME(PS) =    2687.000  TEMP(K) =   297.31  PRESS =   456.4
 Etot   =    -38641.8983  EKtot   =      9855.0322  EPtot      =    -48496.9305
 BOND   =       429.8440  ANGLE   =      1086.5022  DIHED      =      1688.0651
 1-4 NB =       481.0484  1-4 EEL =      5678.9678  VDWAALS    =      5435.3101
 EELEC  =    -63321.5946  EHBOND  =         0.0000  RESTRAINT  =        24.9265
 EAMBER (non-restraint)  =    -48521.8570
 EKCMT  =      4085.2370  VIRIAL  =      2500.4823  VOLUME     =    160808.7473
                                                    Density    =         1.0244
 ------------------------------------------------------------------------------

wrapping first mol.:       19.77747       27.96956       48.44470
wrapping first mol.:       19.77747       27.96956       48.44470

 NSTEP =    24000   TIME(PS) =    2688.000  TEMP(K) =   302.80  PRESS =  -169.5
 Etot   =    -38805.7522  EKtot   =     10037.1592  EPtot      =    -48842.9114
 BOND   =       394.0430  ANGLE   =      1098.4058  DIHED      =      1694.3104
 1-4 NB =       478.1095  1-4 EEL =      5669.7037  VDWAALS    =      5390.5526
 EELEC  =    -63587.7112  EHBOND  =         0.0000  RESTRAINT  =        19.6749
 EAMBER (non-restraint)  =    -48862.5862
 EKCMT  =      4220.2146  VIRIAL  =      4808.6071  VOLUME     =    160790.4986
                                                    Density    =         1.0245
 ------------------------------------------------------------------------------

wrapping first mol.:       19.76896       27.95754       48.42387
wrapping first mol.:       19.76896       27.95754       48.42387

 NSTEP =    24500   TIME(PS) =    2689.000  TEMP(K) =   300.53  PRESS =   -85.5
 Etot   =    -38804.5570  EKtot   =      9961.6807  EPtot      =    -48766.2377
 BOND   =       442.0307  ANGLE   =      1040.6379  DIHED      =      1680.0270
 1-4 NB =       465.0689  1-4 EEL =      5703.2319  VDWAALS    =      5403.6426
 EELEC  =    -63521.2034  EHBOND  =         0.0000  RESTRAINT  =        20.3266
 EAMBER (non-restraint)  =    -48786.5643
 EKCMT  =      4248.7711  VIRIAL  =      4545.1673  VOLUME     =    160581.9830
                                                    Density    =         1.0259
 ------------------------------------------------------------------------------

wrapping first mol.:       19.77176       27.96149       48.43072
wrapping first mol.:       19.77176       27.96149       48.43072

 NSTEP =    25000   TIME(PS) =    2690.000  TEMP(K) =   298.83  PRESS =    65.5
 Etot   =    -38751.3628  EKtot   =      9905.4004  EPtot      =    -48656.7632
 BOND   =       400.3378  ANGLE   =      1074.9294  DIHED      =      1690.8413
 1-4 NB =       462.6048  1-4 EEL =      5658.7086  VDWAALS    =      5425.9905
 EELEC  =    -63389.7057  EHBOND  =         0.0000  RESTRAINT  =        19.5301
 EAMBER (non-restraint)  =    -48676.2933
 EKCMT  =      4128.8834  VIRIAL  =      3901.6039  VOLUME     =    160647.9727
                                                    Density    =         1.0254
 ------------------------------------------------------------------------------

wrapping first mol.:       19.77435       27.96515       48.43706
wrapping first mol.:       19.77435       27.96515       48.43706

 NSTEP =    25500   TIME(PS) =    2691.000  TEMP(K) =   306.02  PRESS =  -359.1
 Etot   =    -38489.1761  EKtot   =     10143.8271  EPtot      =    -48633.0033
 BOND   =       440.0895  ANGLE   =      1075.0001  DIHED      =      1704.6536
 1-4 NB =       466.2943  1-4 EEL =      5689.8258  VDWAALS    =      5340.5855
 EELEC  =    -63366.3408  EHBOND  =         0.0000  RESTRAINT  =        16.8887
 EAMBER (non-restraint)  =    -48649.8919
 EKCMT  =      4270.2469  VIRIAL  =      5516.5240  VOLUME     =    160717.1313
                                                    Density    =         1.0250
 ------------------------------------------------------------------------------

wrapping first mol.:       19.76100       27.94627       48.40436
wrapping first mol.:       19.76100       27.94627       48.40436

 NSTEP =    26000   TIME(PS) =    2692.000  TEMP(K) =   300.02  PRESS =   -17.1
 Etot   =    -38719.9815  EKtot   =      9944.9219  EPtot      =    -48664.9034
 BOND   =       412.1772  ANGLE   =      1082.7746  DIHED      =      1674.8980
 1-4 NB =       466.0454  1-4 EEL =      5670.0381  VDWAALS    =      5364.8433
 EELEC  =    -63355.1844  EHBOND  =         0.0000  RESTRAINT  =        19.5044
 EAMBER (non-restraint)  =    -48684.4078
 EKCMT  =      4183.7187  VIRIAL  =      4242.9939  VOLUME     =    160386.9592
                                                    Density    =         1.0271
 ------------------------------------------------------------------------------

wrapping first mol.:       19.74629       27.92547       48.36832
wrapping first mol.:       19.74629       27.92547       48.36832

 NSTEP =    26500   TIME(PS) =    2693.000  TEMP(K) =   300.16  PRESS =  -167.6
 Etot   =    -38754.6389  EKtot   =      9949.3574  EPtot      =    -48703.9964
 BOND   =       411.2000  ANGLE   =      1094.5836  DIHED      =      1677.7547
 1-4 NB =       473.0766  1-4 EEL =      5663.8044  VDWAALS    =      5151.1260
 EELEC  =    -63192.4118  EHBOND  =         0.0000  RESTRAINT  =        16.8702
 EAMBER (non-restraint)  =    -48720.8665
 EKCMT  =      4184.6838  VIRIAL  =      4763.6800  VOLUME     =    160031.1696
                                                    Density    =         1.0294
 ------------------------------------------------------------------------------

wrapping first mol.:       19.74720       27.92676       48.37057
wrapping first mol.:       19.74720       27.92676       48.37057

 NSTEP =    27000   TIME(PS) =    2694.000  TEMP(K) =   297.74  PRESS =    61.7
 Etot   =    -38678.8811  EKtot   =      9869.4277  EPtot      =    -48548.3088
 BOND   =       391.2903  ANGLE   =      1046.2764  DIHED      =      1677.5682
 1-4 NB =       482.3023  1-4 EEL =      5740.8424  VDWAALS    =      5448.1267
 EELEC  =    -63352.0486  EHBOND  =         0.0000  RESTRAINT  =        17.3335
 EAMBER (non-restraint)  =    -48565.6423
 EKCMT  =      4163.7637  VIRIAL  =      3950.5331  VOLUME     =    160050.1862
                                                    Density    =         1.0293
 ------------------------------------------------------------------------------

wrapping first mol.:       19.75430       27.93680       48.38796
wrapping first mol.:       19.75430       27.93680       48.38796

 NSTEP =    27500   TIME(PS) =    2695.000  TEMP(K) =   301.38  PRESS =   376.9
 Etot   =    -38465.9053  EKtot   =      9989.8311  EPtot      =    -48455.7363
 BOND   =       415.7297  ANGLE   =      1095.4931  DIHED      =      1673.7611
 1-4 NB =       477.8115  1-4 EEL =      5665.8930  VDWAALS    =      5432.0774
 EELEC  =    -63234.9610  EHBOND  =         0.0000  RESTRAINT  =        18.4589
 EAMBER (non-restraint)  =    -48474.1952
 EKCMT  =      4217.6760  VIRIAL  =      2913.7622  VOLUME     =    160218.3849
                                                    Density    =         1.0282
 ------------------------------------------------------------------------------

wrapping first mol.:       19.75495       27.93771       48.38953
wrapping first mol.:       19.75495       27.93771       48.38953

 NSTEP =    28000   TIME(PS) =    2696.000  TEMP(K) =   302.99  PRESS =   -16.9
 Etot   =    -38711.0773  EKtot   =     10043.3535  EPtot      =    -48754.4308
 BOND   =       396.5168  ANGLE   =      1027.8222  DIHED      =      1695.4159
 1-4 NB =       474.4961  1-4 EEL =      5690.3051  VDWAALS    =      5288.1765
 EELEC  =    -63344.2138  EHBOND  =         0.0000  RESTRAINT  =        17.0503
 EAMBER (non-restraint)  =    -48771.4812
 EKCMT  =      4203.9420  VIRIAL  =      4262.5667  VOLUME     =    160239.6054
                                                    Density    =         1.0281
 ------------------------------------------------------------------------------

wrapping first mol.:       19.77709       27.96903       48.44378
wrapping first mol.:       19.77709       27.96903       48.44378

 NSTEP =    28500   TIME(PS) =    2697.000  TEMP(K) =   299.02  PRESS =   400.1
 Etot   =    -38799.7582  EKtot   =      9911.7607  EPtot      =    -48711.5190
 BOND   =       395.7868  ANGLE   =      1039.3551  DIHED      =      1668.4875
 1-4 NB =       478.5881  1-4 EEL =      5715.6662  VDWAALS    =      5522.4074
 EELEC  =    -63552.4084  EHBOND  =         0.0000  RESTRAINT  =        20.5982
 EAMBER (non-restraint)  =    -48732.1172
 EKCMT  =      4160.9730  VIRIAL  =      2772.1375  VOLUME     =    160773.2156
                                                    Density    =         1.0246
 ------------------------------------------------------------------------------

wrapping first mol.:       19.76577       27.95302       48.41605
wrapping first mol.:       19.76577       27.95302       48.41605

 NSTEP =    29000   TIME(PS) =    2698.000  TEMP(K) =   299.25  PRESS =  -301.2
 Etot   =    -38852.0922  EKtot   =      9919.3838  EPtot      =    -48771.4760
 BOND   =       414.0298  ANGLE   =      1052.4906  DIHED      =      1679.9678
 1-4 NB =       457.7343  1-4 EEL =      5659.6475  VDWAALS    =      5350.7661
 EELEC  =    -63406.1921  EHBOND  =         0.0000  RESTRAINT  =        20.0800
 EAMBER (non-restraint)  =    -48791.5561
 EKCMT  =      4177.1108  VIRIAL  =      5220.8659  VOLUME     =    160507.3051
                                                    Density    =         1.0263
 ------------------------------------------------------------------------------

wrapping first mol.:       19.74989       27.93056       48.37715
wrapping first mol.:       19.74989       27.93056       48.37715

 NSTEP =    29500   TIME(PS) =    2699.000  TEMP(K) =   302.07  PRESS =   -52.9
 Etot   =    -38732.0610  EKtot   =     10012.9551  EPtot      =    -48745.0160
 BOND   =       426.3142  ANGLE   =      1108.1480  DIHED      =      1655.7277
 1-4 NB =       470.3160  1-4 EEL =      5673.7931  VDWAALS    =      5409.0771
 EELEC  =    -63508.6578  EHBOND  =         0.0000  RESTRAINT  =        20.2656
 EAMBER (non-restraint)  =    -48765.2816
 EKCMT  =      4228.4474  VIRIAL  =      4411.3419  VOLUME     =    160117.1652
                                                    Density    =         1.0288
 ------------------------------------------------------------------------------

wrapping first mol.:       19.76305       27.94917       48.40937
wrapping first mol.:       19.76305       27.94917       48.40937

 NSTEP =    30000   TIME(PS) =    2700.000  TEMP(K) =   300.53  PRESS =  -444.8
 Etot   =    -38903.6554  EKtot   =      9961.6855  EPtot      =    -48865.3409
 BOND   =       403.8084  ANGLE   =      1019.8896  DIHED      =      1678.2049
 1-4 NB =       492.3485  1-4 EEL =      5697.3792  VDWAALS    =      5283.3154
 EELEC  =    -63459.1122  EHBOND  =         0.0000  RESTRAINT  =        18.8254
 EAMBER (non-restraint)  =    -48884.1663
 EKCMT  =      4224.5921  VIRIAL  =      5765.4381  VOLUME     =    160442.9405
                                                    Density    =         1.0268
 ------------------------------------------------------------------------------

wrapping first mol.:       19.75098       27.93210       48.37982
wrapping first mol.:       19.75098       27.93210       48.37982

 NSTEP =    30500   TIME(PS) =    2701.000  TEMP(K) =   298.42  PRESS =   -75.9
 Etot   =    -38992.8040  EKtot   =      9891.7393  EPtot      =    -48884.5432
 BOND   =       421.7978  ANGLE   =      1029.6845  DIHED      =      1649.9604
 1-4 NB =       475.4524  1-4 EEL =      5688.1954  VDWAALS    =      5376.0825
 EELEC  =    -63544.9607  EHBOND  =         0.0000  RESTRAINT  =        19.2445
 EAMBER (non-restraint)  =    -48903.7878
 EKCMT  =      4146.6305  VIRIAL  =      4409.1377  VOLUME     =    160144.0000
                                                    Density    =         1.0287
 ------------------------------------------------------------------------------

wrapping first mol.:       19.75999       27.94485       48.40190
wrapping first mol.:       19.75999       27.94485       48.40190

 NSTEP =    31000   TIME(PS) =    2702.000  TEMP(K) =   298.89  PRESS =    -0.9
 Etot   =    -38681.9386  EKtot   =      9907.4492  EPtot      =    -48589.3878
 BOND   =       418.8455  ANGLE   =      1075.5209  DIHED      =      1700.6698
 1-4 NB =       475.8549  1-4 EEL =      5672.3451  VDWAALS    =      5360.7392
 EELEC  =    -63313.3907  EHBOND  =         0.0000  RESTRAINT  =        20.0275
 EAMBER (non-restraint)  =    -48609.4153
 EKCMT  =      4139.3814  VIRIAL  =      4142.5341  VOLUME     =    160362.2791
                                                    Density    =         1.0273
 ------------------------------------------------------------------------------

wrapping first mol.:       19.75800       27.94204       48.39702
wrapping first mol.:       19.75800       27.94204       48.39702

 NSTEP =    31500   TIME(PS) =    2703.000  TEMP(K) =   300.09  PRESS =   -35.7
 Etot   =    -38785.9580  EKtot   =      9947.1035  EPtot      =    -48733.0615
 BOND   =       386.9918  ANGLE   =      1072.1494  DIHED      =      1668.1920
 1-4 NB =       482.8777  1-4 EEL =      5718.8613  VDWAALS    =      5442.9581
 EELEC  =    -63524.7043  EHBOND  =         0.0000  RESTRAINT  =        19.6126
 EAMBER (non-restraint)  =    -48752.6740
 EKCMT  =      4136.2033  VIRIAL  =      4259.9220  VOLUME     =    160314.3216
                                                    Density    =         1.0276
 ------------------------------------------------------------------------------

wrapping first mol.:       19.76419       27.95079       48.41218
wrapping first mol.:       19.76419       27.95079       48.41218

 NSTEP =    32000   TIME(PS) =    2704.000  TEMP(K) =   296.47  PRESS =  -216.4
 Etot   =    -39010.8887  EKtot   =      9827.0947  EPtot      =    -48837.9834
 BOND   =       405.2476  ANGLE   =      1010.8800  DIHED      =      1669.9784
 1-4 NB =       473.2606  1-4 EEL =      5674.4273  VDWAALS    =      5393.9023
 EELEC  =    -63487.7429  EHBOND  =         0.0000  RESTRAINT  =        22.0633
 EAMBER (non-restraint)  =    -48860.0467
 EKCMT  =      4103.3387  VIRIAL  =      4853.0986  VOLUME     =    160467.6098
                                                    Density    =         1.0266
 ------------------------------------------------------------------------------

wrapping first mol.:       19.76907       27.95769       48.42413
wrapping first mol.:       19.76907       27.95769       48.42413

 NSTEP =    32500   TIME(PS) =    2705.000  TEMP(K) =   298.63  PRESS =  -142.9
 Etot   =    -38551.3636  EKtot   =      9898.9326  EPtot      =    -48450.2963
 BOND   =       426.1847  ANGLE   =      1093.9100  DIHED      =      1687.5637
 1-4 NB =       463.4597  1-4 EEL =      5646.5305  VDWAALS    =      5305.5830
 EELEC  =    -63093.3813  EHBOND  =         0.0000  RESTRAINT  =        19.8535
 EAMBER (non-restraint)  =    -48470.1498
 EKCMT  =      4211.9863  VIRIAL  =      4707.4873  VOLUME     =    160585.3733
                                                    Density    =         1.0258
 ------------------------------------------------------------------------------

wrapping first mol.:       19.74756       27.92726       48.37143
wrapping first mol.:       19.74756       27.92726       48.37143

 NSTEP =    33000   TIME(PS) =    2706.000  TEMP(K) =   301.08  PRESS =    44.1
 Etot   =    -38668.5777  EKtot   =      9980.0059  EPtot      =    -48648.5835
 BOND   =       413.9062  ANGLE   =      1050.7919  DIHED      =      1654.4232
 1-4 NB =       472.7266  1-4 EEL =      5666.3256  VDWAALS    =      5283.7073
 EELEC  =    -63213.2624  EHBOND  =         0.0000  RESTRAINT  =        22.7981
 EAMBER (non-restraint)  =    -48671.3816
 EKCMT  =      4182.3207  VIRIAL  =      4030.0478  VOLUME     =    160059.0028
                                                    Density    =         1.0292
 ------------------------------------------------------------------------------

wrapping first mol.:       19.74470       27.92323       48.36444
wrapping first mol.:       19.74470       27.92323       48.36444

 NSTEP =    33500   TIME(PS) =    2707.000  TEMP(K) =   300.66  PRESS =  -274.4
 Etot   =    -38679.0750  EKtot   =      9965.9248  EPtot      =    -48644.9998
 BOND   =       418.9089  ANGLE   =      1079.9698  DIHED      =      1661.7177
 1-4 NB =       464.2201  1-4 EEL =      5650.6826  VDWAALS    =      5251.1493
 EELEC  =    -63193.4625  EHBOND  =         0.0000  RESTRAINT  =        21.8143
 EAMBER (non-restraint)  =    -48666.8141
 EKCMT  =      4205.3349  VIRIAL  =      5153.3218  VOLUME     =    159994.1953
                                                    Density    =         1.0296
 ------------------------------------------------------------------------------

wrapping first mol.:       19.73886       27.91496       48.35012
wrapping first mol.:       19.73886       27.91496       48.35012

 NSTEP =    34000   TIME(PS) =    2708.000  TEMP(K) =   297.10  PRESS =  -122.1
 Etot   =    -38741.7627  EKtot   =      9848.2432  EPtot      =    -48590.0059
 BOND   =       413.8971  ANGLE   =      1052.4425  DIHED      =      1657.0056
 1-4 NB =       468.4994  1-4 EEL =      5697.1218  VDWAALS    =      5316.5450
 EELEC  =    -63214.7734  EHBOND  =         0.0000  RESTRAINT  =        19.2561
 EAMBER (non-restraint)  =    -48609.2620
 EKCMT  =      4081.7233  VIRIAL  =      4503.0630  VOLUME     =    159849.9353
                                                    Density    =         1.0306
 ------------------------------------------------------------------------------

wrapping first mol.:       19.73048       27.90312       48.32961
wrapping first mol.:       19.73048       27.90312       48.32961

 NSTEP =    34500   TIME(PS) =    2709.000  TEMP(K) =   300.14  PRESS =    -0.2
 Etot   =    -38787.7015  EKtot   =      9948.7393  EPtot      =    -48736.4407
 BOND   =       393.6809  ANGLE   =      1050.3252  DIHED      =      1664.6106
 1-4 NB =       466.9112  1-4 EEL =      5652.3894  VDWAALS    =      5354.6782
 EELEC  =    -63340.0146  EHBOND  =         0.0000  RESTRAINT  =        20.9783
 EAMBER (non-restraint)  =    -48757.4191
 EKCMT  =      4154.5009  VIRIAL  =      4155.1019  VOLUME     =    159644.8516
                                                    Density    =         1.0319
 ------------------------------------------------------------------------------

wrapping first mol.:       19.75820       27.94232       48.39751
wrapping first mol.:       19.75820       27.94232       48.39751

 NSTEP =    35000   TIME(PS) =    2710.000  TEMP(K) =   298.92  PRESS =   255.1
 Etot   =    -38664.8356  EKtot   =      9908.2568  EPtot      =    -48573.0924
 BOND   =       411.5061  ANGLE   =      1072.6656  DIHED      =      1676.5072
 1-4 NB =       471.8554  1-4 EEL =      5695.2938  VDWAALS    =      5380.5828
 EELEC  =    -63301.8303  EHBOND  =         0.0000  RESTRAINT  =        20.3270
 EAMBER (non-restraint)  =    -48593.4194
 EKCMT  =      4179.0862  VIRIAL  =      3296.0018  VOLUME     =    160315.0349
                                                    Density    =         1.0276
 ------------------------------------------------------------------------------

wrapping first mol.:       19.75722       27.94092       48.39510
wrapping first mol.:       19.75722       27.94092       48.39510

 NSTEP =    35500   TIME(PS) =    2711.000  TEMP(K) =   302.59  PRESS =  -127.6
 Etot   =    -38742.4264  EKtot   =     10029.9238  EPtot      =    -48772.3502
 BOND   =       430.9873  ANGLE   =      1059.4614  DIHED      =      1682.1233
 1-4 NB =       476.5815  1-4 EEL =      5678.5294  VDWAALS    =      5361.5380
 EELEC  =    -63478.0817  EHBOND  =         0.0000  RESTRAINT  =        16.5106
 EAMBER (non-restraint)  =    -48788.8608
 EKCMT  =      4200.7694  VIRIAL  =      4642.4692  VOLUME     =    160296.4941
                                                    Density    =         1.0277
 ------------------------------------------------------------------------------

wrapping first mol.:       19.75464       27.93728       48.38878
wrapping first mol.:       19.75464       27.93728       48.38878

 NSTEP =    36000   TIME(PS) =    2712.000  TEMP(K) =   297.66  PRESS =   -30.6
 Etot   =    -38874.8279  EKtot   =      9866.4854  EPtot      =    -48741.3133
 BOND   =       429.5788  ANGLE   =      1045.8220  DIHED      =      1673.1145
 1-4 NB =       465.2134  1-4 EEL =      5702.2454  VDWAALS    =      5391.4013
 EELEC  =    -63467.1956  EHBOND  =         0.0000  RESTRAINT  =        18.5069
 EAMBER (non-restraint)  =    -48759.8202
 EKCMT  =      4141.3416  VIRIAL  =      4247.2939  VOLUME     =    160232.3125
                                                    Density    =         1.0281
 ------------------------------------------------------------------------------

wrapping first mol.:       19.77100       27.96041       48.42885
wrapping first mol.:       19.77100       27.96041       48.42885

 NSTEP =    36500   TIME(PS) =    2713.000  TEMP(K) =   299.46  PRESS =   233.8
 Etot   =    -38805.2465  EKtot   =      9926.3418  EPtot      =    -48731.5883
 BOND   =       404.8415  ANGLE   =      1065.2996  DIHED      =      1663.9385
 1-4 NB =       472.4327  1-4 EEL =      5670.1511  VDWAALS    =      5467.3467
 EELEC  =    -63497.1821  EHBOND  =         0.0000  RESTRAINT  =        21.5838
 EAMBER (non-restraint)  =    -48753.1720
 EKCMT  =      4168.5812  VIRIAL  =      3357.8906  VOLUME     =    160626.9651
                                                    Density    =         1.0256
 ------------------------------------------------------------------------------

wrapping first mol.:       19.75897       27.94341       48.39940
wrapping first mol.:       19.75897       27.94341       48.39940

 NSTEP =    37000   TIME(PS) =    2714.000  TEMP(K) =   297.89  PRESS =   107.0
 Etot   =    -38943.7242  EKtot   =      9874.2598  EPtot      =    -48817.9840
 BOND   =       388.3328  ANGLE   =      1095.9443  DIHED      =      1662.0835
 1-4 NB =       485.8399  1-4 EEL =      5696.8869  VDWAALS    =      5489.1090
 EELEC  =    -63654.6927  EHBOND  =         0.0000  RESTRAINT  =        18.5122
 EAMBER (non-restraint)  =    -48836.4962
 EKCMT  =      4175.2935  VIRIAL  =      3804.9663  VOLUME     =    160335.8655
                                                    Density    =         1.0274
 ------------------------------------------------------------------------------

wrapping first mol.:       19.76617       27.95359       48.41704
wrapping first mol.:       19.76617       27.95359       48.41704

 NSTEP =    37500   TIME(PS) =    2715.000  TEMP(K) =   297.97  PRESS =    42.9
 Etot   =    -38836.8937  EKtot   =      9877.0039  EPtot      =    -48713.8976
 BOND   =       410.5024  ANGLE   =      1056.1650  DIHED      =      1675.3736
 1-4 NB =       486.9007  1-4 EEL =      5721.6291  VDWAALS    =      5412.5683
 EELEC  =    -63497.6808  EHBOND  =         0.0000  RESTRAINT  =        20.6442
 EAMBER (non-restraint)  =    -48734.5418
 EKCMT  =      4178.9921  VIRIAL  =      4030.2227  VOLUME     =    160512.1565
                                                    Density    =         1.0263
 ------------------------------------------------------------------------------

wrapping first mol.:       19.78235       27.97647       48.45666
wrapping first mol.:       19.78235       27.97647       48.45666

 NSTEP =    38000   TIME(PS) =    2716.000  TEMP(K) =   299.76  PRESS =  -183.1
 Etot   =    -38747.8393  EKtot   =      9936.3789  EPtot      =    -48684.2182
 BOND   =       408.7174  ANGLE   =      1072.1247  DIHED      =      1651.5222
 1-4 NB =       475.6823  1-4 EEL =      5688.6664  VDWAALS    =      5364.3484
 EELEC  =    -63364.0870  EHBOND  =         0.0000  RESTRAINT  =        18.8074
 EAMBER (non-restraint)  =    -48703.0256
 EKCMT  =      4118.6208  VIRIAL  =      4754.6922  VOLUME     =    160909.7821
                                                    Density    =         1.0238
 ------------------------------------------------------------------------------

wrapping first mol.:       19.77502       27.96610       48.43870
wrapping first mol.:       19.77502       27.96610       48.43870

 NSTEP =    38500   TIME(PS) =    2717.000  TEMP(K) =   301.01  PRESS =   342.6
 Etot   =    -38552.7976  EKtot   =      9977.6250  EPtot      =    -48530.4226
 BOND   =       391.4917  ANGLE   =      1098.9566  DIHED      =      1690.0198
 1-4 NB =       470.6843  1-4 EEL =      5739.4445  VDWAALS    =      5452.7137
 EELEC  =    -63392.6369  EHBOND  =         0.0000  RESTRAINT  =        18.9037
 EAMBER (non-restraint)  =    -48549.3263
 EKCMT  =      4221.6535  VIRIAL  =      3032.6209  VOLUME     =    160723.4276
                                                    Density    =         1.0250
 ------------------------------------------------------------------------------

wrapping first mol.:       19.79336       27.99204       48.48363
wrapping first mol.:       19.79336       27.99204       48.48363

 NSTEP =    39000   TIME(PS) =    2718.000  TEMP(K) =   294.42  PRESS =   134.6
 Etot   =    -38840.3621  EKtot   =      9759.1006  EPtot      =    -48599.4627
 BOND   =       385.2549  ANGLE   =      1055.2038  DIHED      =      1661.8870
 1-4 NB =       477.6315  1-4 EEL =      5696.7806  VDWAALS    =      5380.4951
 EELEC  =    -63274.5726  EHBOND  =         0.0000  RESTRAINT  =        17.8570
 EAMBER (non-restraint)  =    -48617.3197
 EKCMT  =      4084.0324  VIRIAL  =      3615.6388  VOLUME     =    161174.0300
                                                    Density    =         1.0221
 ------------------------------------------------------------------------------

wrapping first mol.:       19.78454       27.97957       48.46203
wrapping first mol.:       19.78454       27.97957       48.46203

 NSTEP =    39500   TIME(PS) =    2719.000  TEMP(K) =   296.62  PRESS =  -269.8
 Etot   =    -38801.0002  EKtot   =      9832.0908  EPtot      =    -48633.0911
 BOND   =       406.2319  ANGLE   =      1037.5476  DIHED      =      1694.0016
 1-4 NB =       468.1932  1-4 EEL =      5680.8693  VDWAALS    =      5293.0815
 EELEC  =    -63230.7057  EHBOND  =         0.0000  RESTRAINT  =        17.6895
 EAMBER (non-restraint)  =    -48650.7805
 EKCMT  =      4028.2268  VIRIAL  =      4965.8347  VOLUME     =    160964.5706
                                                    Density    =         1.0234
 ------------------------------------------------------------------------------

wrapping first mol.:       19.78838       27.98500       48.47144
wrapping first mol.:       19.78838       27.98500       48.47144

 NSTEP =    40000   TIME(PS) =    2720.000  TEMP(K) =   301.20  PRESS =   261.2
 Etot   =    -38424.7315  EKtot   =      9984.0342  EPtot      =    -48408.7657
 BOND   =       391.2167  ANGLE   =      1111.0586  DIHED      =      1672.4821
 1-4 NB =       472.8614  1-4 EEL =      5676.2717  VDWAALS    =      5441.0609
 EELEC  =    -63193.0173  EHBOND  =         0.0000  RESTRAINT  =        19.3003
 EAMBER (non-restraint)  =    -48428.0660
 EKCMT  =      4212.2175  VIRIAL  =      3303.9628  VOLUME     =    161050.6709
                                                    Density    =         1.0229
 ------------------------------------------------------------------------------

wrapping first mol.:       19.79912       28.00018       48.49773
wrapping first mol.:       19.79912       28.00018       48.49773

 NSTEP =    40500   TIME(PS) =    2721.000  TEMP(K) =   297.56  PRESS =  -255.6
 Etot   =    -38640.1074  EKtot   =      9863.3701  EPtot      =    -48503.4775
 BOND   =       431.4774  ANGLE   =      1071.1631  DIHED      =      1671.1385
 1-4 NB =       479.6012  1-4 EEL =      5706.0711  VDWAALS    =      5335.5581
 EELEC  =    -63219.8706  EHBOND  =         0.0000  RESTRAINT  =        21.3837
 EAMBER (non-restraint)  =    -48524.8612
 EKCMT  =      4147.6498  VIRIAL  =      5038.0587  VOLUME     =    161320.3103
                                                    Density    =         1.0212
 ------------------------------------------------------------------------------

wrapping first mol.:       19.80436       28.00759       48.51056
wrapping first mol.:       19.80436       28.00759       48.51056

 NSTEP =    41000   TIME(PS) =    2722.000  TEMP(K) =   301.76  PRESS =   339.7
 Etot   =    -38410.0546  EKtot   =     10002.6436  EPtot      =    -48412.6981
 BOND   =       393.7608  ANGLE   =      1089.5849  DIHED      =      1671.5830
 1-4 NB =       483.7063  1-4 EEL =      5664.7201  VDWAALS    =      5562.1796
 EELEC  =    -63297.5343  EHBOND  =         0.0000  RESTRAINT  =        19.3015
 EAMBER (non-restraint)  =    -48431.9997
 EKCMT  =      4157.8059  VIRIAL  =      2973.5587  VOLUME     =    161439.8479
                                                    Density    =         1.0204
 ------------------------------------------------------------------------------

wrapping first mol.:       19.79373       27.99256       48.48453
wrapping first mol.:       19.79373       27.99256       48.48453

 NSTEP =    41500   TIME(PS) =    2723.000  TEMP(K) =   300.14  PRESS =   198.9
 Etot   =    -38607.5160  EKtot   =      9948.7197  EPtot      =    -48556.2357
 BOND   =       391.9123  ANGLE   =      1047.4945  DIHED      =      1661.0935
 1-4 NB =       484.6907  1-4 EEL =      5726.8569  VDWAALS    =      5481.6354
 EELEC  =    -63371.9211  EHBOND  =         0.0000  RESTRAINT  =        22.0021
 EAMBER (non-restraint)  =    -48578.2378
 EKCMT  =      4227.0016  VIRIAL  =      3534.9773  VOLUME     =    161182.1171
                                                    Density    =         1.0220
 ------------------------------------------------------------------------------

wrapping first mol.:       19.76957       27.95840       48.42536
wrapping first mol.:       19.76957       27.95840       48.42536

 NSTEP =    42000   TIME(PS) =    2724.000  TEMP(K) =   301.81  PRESS =  -266.0
 Etot   =    -38700.0421  EKtot   =     10004.0557  EPtot      =    -48704.0977
 BOND   =       396.8027  ANGLE   =      1042.7161  DIHED      =      1668.9764
 1-4 NB =       489.2615  1-4 EEL =      5711.3704  VDWAALS    =      5267.6711
 EELEC  =    -63301.7802  EHBOND  =         0.0000  RESTRAINT  =        20.8843
 EAMBER (non-restraint)  =    -48724.9821
 EKCMT  =      4184.6985  VIRIAL  =      5107.1428  VOLUME     =    160599.4090
                                                    Density    =         1.0258
 ------------------------------------------------------------------------------

wrapping first mol.:       19.78053       27.97390       48.45221
wrapping first mol.:       19.78053       27.97390       48.45221

 NSTEP =    42500   TIME(PS) =    2725.000  TEMP(K) =   305.00  PRESS =   -56.3
 Etot   =    -38537.3651  EKtot   =     10109.9287  EPtot      =    -48647.2939
 BOND   =       429.1045  ANGLE   =      1048.2996  DIHED      =      1685.4548
 1-4 NB =       466.8379  1-4 EEL =      5634.4953  VDWAALS    =      5331.2685
 EELEC  =    -63263.6975  EHBOND  =         0.0000  RESTRAINT  =        20.9430
 EAMBER (non-restraint)  =    -48668.2368
 EKCMT  =      4208.8223  VIRIAL  =      4404.4852  VOLUME     =    160863.6157
                                                    Density    =         1.0241
 ------------------------------------------------------------------------------

wrapping first mol.:       19.77650       27.96819       48.44232
wrapping first mol.:       19.77650       27.96819       48.44232

 NSTEP =    43000   TIME(PS) =    2726.000  TEMP(K) =   301.42  PRESS =   142.6
 Etot   =    -38640.8969  EKtot   =      9991.1426  EPtot      =    -48632.0394
 BOND   =       414.7770  ANGLE   =      1066.2699  DIHED      =      1685.0096
 1-4 NB =       463.8398  1-4 EEL =      5642.3378  VDWAALS    =      5384.5966
 EELEC  =    -63308.1016  EHBOND  =         0.0000  RESTRAINT  =        19.2314
 EAMBER (non-restraint)  =    -48651.2709
 EKCMT  =      4147.5185  VIRIAL  =      3652.4755  VOLUME     =    160762.3491
                                                    Density    =         1.0247
 ------------------------------------------------------------------------------

wrapping first mol.:       19.77875       27.97137       48.44783
wrapping first mol.:       19.77875       27.97137       48.44783

 NSTEP =    43500   TIME(PS) =    2727.000  TEMP(K) =   298.50  PRESS =    39.6
 Etot   =    -38778.1202  EKtot   =      9894.4834  EPtot      =    -48672.6036
 BOND   =       407.2288  ANGLE   =      1063.9619  DIHED      =      1668.8007
 1-4 NB =       481.3184  1-4 EEL =      5697.9967  VDWAALS    =      5512.6558
 EELEC  =    -63523.8484  EHBOND  =         0.0000  RESTRAINT  =        19.2825
 EAMBER (non-restraint)  =    -48691.8861
 EKCMT  =      4168.6685  VIRIAL  =      4031.1264  VOLUME     =    160818.6578
                                                    Density    =         1.0244
 ------------------------------------------------------------------------------

wrapping first mol.:       19.77685       27.96868       48.44318
wrapping first mol.:       19.77685       27.96868       48.44318

 NSTEP =    44000   TIME(PS) =    2728.000  TEMP(K) =   301.48  PRESS =  -492.9
 Etot   =    -38756.2377  EKtot   =      9993.1963  EPtot      =    -48749.4340
 BOND   =       404.7179  ANGLE   =      1038.1412  DIHED      =      1668.6507
 1-4 NB =       478.3738  1-4 EEL =      5712.3560  VDWAALS    =      5215.5761
 EELEC  =    -63284.7707  EHBOND  =         0.0000  RESTRAINT  =        17.5210
 EAMBER (non-restraint)  =    -48766.9550
 EKCMT  =      4134.5220  VIRIAL  =      5845.6735  VOLUME     =    160779.9763
                                                    Density    =         1.0246
 ------------------------------------------------------------------------------

wrapping first mol.:       19.77991       27.97302       48.45069
wrapping first mol.:       19.77991       27.97302       48.45069

 NSTEP =    44500   TIME(PS) =    2729.000  TEMP(K) =   299.74  PRESS =  -312.5
 Etot   =    -38791.0320  EKtot   =      9935.5107  EPtot      =    -48726.5427
 BOND   =       447.2421  ANGLE   =      1041.1860  DIHED      =      1694.2631
 1-4 NB =       476.6366  1-4 EEL =      5660.6659  VDWAALS    =      5391.2403
 EELEC  =    -63454.0952  EHBOND  =         0.0000  RESTRAINT  =        16.3183
 EAMBER (non-restraint)  =    -48742.8610
 EKCMT  =      4140.0495  VIRIAL  =      5225.3360  VOLUME     =    160852.1651
                                                    Density    =         1.0241
 ------------------------------------------------------------------------------

wrapping first mol.:       19.77708       27.96902       48.44376
wrapping first mol.:       19.77708       27.96902       48.44376

 NSTEP =    45000   TIME(PS) =    2730.000  TEMP(K) =   299.70  PRESS =  -136.9
 Etot   =    -38710.6815  EKtot   =      9934.4268  EPtot      =    -48645.1082
 BOND   =       401.0528  ANGLE   =      1064.5510  DIHED      =      1647.9309
 1-4 NB =       470.8712  1-4 EEL =      5714.3998  VDWAALS    =      5352.2171
 EELEC  =    -63315.7828  EHBOND  =         0.0000  RESTRAINT  =        19.6518
 EAMBER (non-restraint)  =    -48664.7600
 EKCMT  =      4089.1139  VIRIAL  =      4564.3922  VOLUME     =    160780.6438
                                                    Density    =         1.0246
 ------------------------------------------------------------------------------

wrapping first mol.:       19.75310       27.93510       48.38500
wrapping first mol.:       19.75310       27.93510       48.38500

 NSTEP =    45500   TIME(PS) =    2731.000  TEMP(K) =   298.46  PRESS =    65.8
 Etot   =    -38814.5795  EKtot   =      9893.3145  EPtot      =    -48707.8940
 BOND   =       382.4619  ANGLE   =      1043.0085  DIHED      =      1660.9379
 1-4 NB =       493.7409  1-4 EEL =      5708.9053  VDWAALS    =      5481.2936
 EELEC  =    -63497.5684  EHBOND  =         0.0000  RESTRAINT  =        19.3263
 EAMBER (non-restraint)  =    -48727.2203
 EKCMT  =      4169.9789  VIRIAL  =      3942.2856  VOLUME     =    160193.4449
                                                    Density    =         1.0284
 ------------------------------------------------------------------------------

wrapping first mol.:       19.75194       27.93346       48.38217
wrapping first mol.:       19.75194       27.93346       48.38217

 NSTEP =    46000   TIME(PS) =    2732.000  TEMP(K) =   300.39  PRESS =   137.3
 Etot   =    -38515.3481  EKtot   =      9957.1582  EPtot      =    -48472.5063
 BOND   =       417.5779  ANGLE   =      1121.3969  DIHED      =      1663.8078
 1-4 NB =       488.7979  1-4 EEL =      5657.6059  VDWAALS    =      5343.9535
 EELEC  =    -63184.0299  EHBOND  =         0.0000  RESTRAINT  =        18.3837
 EAMBER (non-restraint)  =    -48490.8900
 EKCMT  =      4170.5770  VIRIAL  =      3695.6537  VOLUME     =    160164.3062
                                                    Density    =         1.0285
 ------------------------------------------------------------------------------

wrapping first mol.:       19.75737       27.94114       48.39547
wrapping first mol.:       19.75737       27.94114       48.39547

 NSTEP =    46500   TIME(PS) =    2733.000  TEMP(K) =   299.13  PRESS =   -83.8
 Etot   =    -38776.0581  EKtot   =      9915.4287  EPtot      =    -48691.4869
 BOND   =       433.0015  ANGLE   =      1071.1254  DIHED      =      1650.7389
 1-4 NB =       470.3557  1-4 EEL =      5665.1567  VDWAALS    =      5341.7217
 EELEC  =    -63340.3927  EHBOND  =         0.0000  RESTRAINT  =        16.8061
 EAMBER (non-restraint)  =    -48708.2929
 EKCMT  =      4192.9100  VIRIAL  =      4482.9649  VOLUME     =    160299.5744
                                                    Density    =         1.0277
 ------------------------------------------------------------------------------

wrapping first mol.:       19.77667       27.96844       48.44276
wrapping first mol.:       19.77667       27.96844       48.44276

 NSTEP =    47000   TIME(PS) =    2734.000  TEMP(K) =   300.71  PRESS =  -170.5
 Etot   =    -38614.7079  EKtot   =      9967.7051  EPtot      =    -48582.4130
 BOND   =       425.9462  ANGLE   =      1068.2463  DIHED      =      1667.3797
 1-4 NB =       471.5774  1-4 EEL =      5685.0349  VDWAALS    =      5328.4967
 EELEC  =    -63251.2047  EHBOND  =         0.0000  RESTRAINT  =        22.1104
 EAMBER (non-restraint)  =    -48604.5234
 EKCMT  =      4269.8981  VIRIAL  =      4861.6422  VOLUME     =    160771.1627
                                                    Density    =         1.0247
 ------------------------------------------------------------------------------

wrapping first mol.:       19.76361       27.94997       48.41076
wrapping first mol.:       19.76361       27.94997       48.41076

 NSTEP =    47500   TIME(PS) =    2735.000  TEMP(K) =   301.41  PRESS =   -83.5
 Etot   =    -38640.0807  EKtot   =      9990.9053  EPtot      =    -48630.9860
 BOND   =       417.9963  ANGLE   =      1141.2198  DIHED      =      1692.7533
 1-4 NB =       469.9848  1-4 EEL =      5690.4605  VDWAALS    =      5335.2457
 EELEC  =    -63398.7864  EHBOND  =         0.0000  RESTRAINT  =        20.1400
 EAMBER (non-restraint)  =    -48651.1260
 EKCMT  =      4168.6080  VIRIAL  =      4457.8928  VOLUME     =    160451.5166
                                                    Density    =         1.0267
 ------------------------------------------------------------------------------

wrapping first mol.:       19.76490       27.95179       48.41391
wrapping first mol.:       19.76490       27.95179       48.41391

 NSTEP =    48000   TIME(PS) =    2736.000  TEMP(K) =   299.84  PRESS =  -145.1
 Etot   =    -38616.5073  EKtot   =      9938.9844  EPtot      =    -48555.4917
 BOND   =       406.0527  ANGLE   =      1064.0694  DIHED      =      1679.1105
 1-4 NB =       480.1686  1-4 EEL =      5677.5030  VDWAALS    =      5375.5722
 EELEC  =    -63258.4194  EHBOND  =         0.0000  RESTRAINT  =        20.4513
 EAMBER (non-restraint)  =    -48575.9430
 EKCMT  =      4124.4459  VIRIAL  =      4627.1755  VOLUME     =    160483.8057
                                                    Density    =         1.0265
 ------------------------------------------------------------------------------

wrapping first mol.:       19.76484       27.95171       48.41378
wrapping first mol.:       19.76484       27.95171       48.41378

 NSTEP =    48500   TIME(PS) =    2737.000  TEMP(K) =   298.64  PRESS =  -306.8
 Etot   =    -38823.0750  EKtot   =      9899.2744  EPtot      =    -48722.3494
 BOND   =       397.5953  ANGLE   =      1074.8346  DIHED      =      1661.5077
 1-4 NB =       476.5173  1-4 EEL =      5652.8030  VDWAALS    =      5317.2935
 EELEC  =    -63327.8923  EHBOND  =         0.0000  RESTRAINT  =        24.9914
 EAMBER (non-restraint)  =    -48747.3409
 EKCMT  =      4152.6886  VIRIAL  =      5215.6864  VOLUME     =    160484.7628
                                                    Density    =         1.0265
 ------------------------------------------------------------------------------

wrapping first mol.:       19.76622       27.95366       48.41715
wrapping first mol.:       19.76622       27.95366       48.41715

 NSTEP =    49000   TIME(PS) =    2738.000  TEMP(K) =   295.79  PRESS =   340.0
 Etot   =    -38760.7021  EKtot   =      9804.6875  EPtot      =    -48565.3896
 BOND   =       391.1350  ANGLE   =      1052.6637  DIHED      =      1660.9416
 1-4 NB =       480.2413  1-4 EEL =      5674.3745  VDWAALS    =      5440.1398
 EELEC  =    -63289.6874  EHBOND  =         0.0000  RESTRAINT  =        24.8020
 EAMBER (non-restraint)  =    -48590.1915
 EKCMT  =      4104.8418  VIRIAL  =      2926.6544  VOLUME     =    160509.0626
                                                    Density    =         1.0263
 ------------------------------------------------------------------------------

wrapping first mol.:       19.75945       27.94408       48.40057
wrapping first mol.:       19.75945       27.94408       48.40057

 NSTEP =    49500   TIME(PS) =    2739.000  TEMP(K) =   300.36  PRESS =  -200.2
 Etot   =    -38817.0534  EKtot   =      9956.0898  EPtot      =    -48773.1432
 BOND   =       409.8555  ANGLE   =      1065.7693  DIHED      =      1681.5836
 1-4 NB =       472.1786  1-4 EEL =      5739.1144  VDWAALS    =      5326.2187
 EELEC  =    -63492.2661  EHBOND  =         0.0000  RESTRAINT  =        24.4025
 EAMBER (non-restraint)  =    -48797.5458
 EKCMT  =      4153.2810  VIRIAL  =      4846.3543  VOLUME     =    160351.9346
                                                    Density    =         1.0273
 ------------------------------------------------------------------------------

wrapping first mol.:       19.74868       27.92886       48.37419
wrapping first mol.:       19.74868       27.92886       48.37419

 NSTEP =    50000   TIME(PS) =    2740.000  TEMP(K) =   299.68  PRESS =  -140.3
 Etot   =    -38792.2133  EKtot   =      9933.6582  EPtot      =    -48725.8715
 BOND   =       384.2989  ANGLE   =      1068.3591  DIHED      =      1660.8174
 1-4 NB =       489.2061  1-4 EEL =      5726.9066  VDWAALS    =      5260.0294
 EELEC  =    -63335.8288  EHBOND  =         0.0000  RESTRAINT  =        20.3398
 EAMBER (non-restraint)  =    -48746.2113
 EKCMT  =      4190.6290  VIRIAL  =      4675.5958  VOLUME     =    160089.0587
                                                    Density    =         1.0290
 ------------------------------------------------------------------------------


      A V E R A G E S   O V E R     100 S T E P S


 NSTEP =    50000   TIME(PS) =    2740.000  TEMP(K) =   300.01  PRESS =    -1.7
 Etot   =    -38730.4104  EKtot   =      9944.4921  EPtot      =    -48674.9024
 BOND   =       409.8546  ANGLE   =      1065.0746  DIHED      =      1669.3418
 1-4 NB =       475.0930  1-4 EEL =      5685.3034  VDWAALS    =      5375.5384
 EELEC  =    -63373.9559  EHBOND  =         0.0000  RESTRAINT  =        18.8479
 EAMBER (non-restraint)  =    -48693.7503
 EKCMT  =      4176.5874  VIRIAL  =      4182.4454  VOLUME     =    160423.2290
                                                    Density    =         1.0269
 ------------------------------------------------------------------------------


      R M S  F L U C T U A T I O N S


 NSTEP =    50000   TIME(PS) =    2740.000  TEMP(K) =     2.17  PRESS =   218.2
 Etot   =       141.4135  EKtot   =        71.9622  EPtot      =       120.1058
 BOND   =        16.0109  ANGLE   =        24.2093  DIHED      =        13.9541
 1-4 NB =         8.3395  1-4 EEL =        25.9695  VDWAALS    =        96.0281
 EELEC  =       152.8518  EHBOND  =         0.0000  RESTRAINT  =         2.9409
 EAMBER (non-restraint)  =       117.1649
 EKCMT  =        46.7579  VIRIAL  =       757.2188  VOLUME     =       374.2672
                                                    Density    =         0.0024
 ------------------------------------------------------------------------------

--------------------------------------------------------------------------------
   5.  TIMINGS
--------------------------------------------------------------------------------

|  NonSetup CPU Time in Major Routines:
|
|     Routine           Sec        %
|     ------------------------------
|     Nonbond         102.23   89.49
|     Bond              0.00    0.00
|     Angle             0.00    0.00
|     Dihedral          0.00    0.00
|     Shake             0.35    0.30
|     RunMD            11.64   10.19
|     Other             0.03    0.02
|     ------------------------------
|     Total           114.24

|  PME Nonbond Pairlist CPU Time:
|
|     Routine              Sec        %
|     ---------------------------------
|     Set Up Cit           0.00    0.00
|     Build List           0.00    0.00
|     ---------------------------------
|     Total                0.00    0.00

|  PME Direct Force CPU Time:
|
|     Routine              Sec        %
|     ---------------------------------
|     NonBonded Calc       0.00    0.00
|     Exclude Masked       0.00    0.00
|     Other                0.02    0.02
|     ---------------------------------
|     Total                0.02    0.02

|  PME Reciprocal Force CPU Time:
|
|     Routine              Sec        %
|     ---------------------------------
|     1D bspline           0.00    0.00
|     Grid Charges         0.00    0.00
|     Scalar Sum           0.00    0.00
|     Gradient Sum         0.00    0.00
|     FFT                  0.00    0.00
|     ---------------------------------
|     Total                0.00    0.00

|  Final Performance Info:
|     -----------------------------------------------------
|     Average timings for last   23000 steps:
|     Elapsed(s) =      52.52 Per Step(ms) =       2.28
|         ns/day =      75.67   seconds/ns =    1141.80
|
|     Average timings for all steps:
|     Elapsed(s) =     114.23 Per Step(ms) =       2.28
|         ns/day =      75.64   seconds/ns =    1142.29
|     -----------------------------------------------------

|  Setup CPU time:            0.47 seconds
|  NonSetup CPU time:       114.24 seconds
|  Total CPU time:          114.72 seconds     0.03 hours

|  Setup wall time:           1    seconds
|  NonSetup wall time:      114    seconds
|  Total wall time:         115    seconds     0.03 hours
