
          -------------------------------------------------------
          Amber 16 PMEMD                              2016
          -------------------------------------------------------

| PMEMD implementation of SANDER, Release 16

| Run on 11/07/2018 at 10:13:58

|   Executable path: pmemd
| Working directory: /home/german/lbp/run/1ifb/mhe/m
|          Hostname: Unknown
  [-O]verwriting output

File Assignments:
|   MDIN: min.in                                                                
|  MDOUT: min.out                                                               
| INPCRD: 1ifb.rst7                                                             
|   PARM: /home/german/lbp/top_files/1ifb.prmtop                                
| RESTRT: m1ifb.rst7                                                            
|   REFC: 1ifb.rst7                                                             
|  MDVEL: mdvel                                                                 
|   MDEN: mden                                                                  
|  MDCRD: mdcrd                                                                 
| MDINFO: mdinfo                                                                
|  MDFRC: mdfrc                                                                 


 Here is the input file:

Minimization with Cartesian restraints                                         
&cntrl                                                                         
imin=1,                                                                        
ntmin=1,                                 ! Steepest Descent, then Conjugate Gra
ncyc=200,                                ! 200 steps of Steepest Descent       
maxcyc=1000,                             ! 800 steps of Conjugate Gradient     
ntpr=5,                                                                        
ntr=1,                                   ! Use restraints                      
restraint_wt=10.0,                       ! 10 Kcal/mol                         
restraintmask=':1-131',                  ! Apply restraints on whole molecule. 
&end                                                                           


Note: ig = -1. Setting random seed to   490160 based on wallclock time in 
      microseconds.
 
 
| Conditional Compilation Defines Used:
| PUBFFT
| BINTRAJ
| EMIL

| Largest sphere to fit in unit cell has radius =    25.211

| New format PARM file being parsed.
| Version =    1.000 Date = 11/06/18 Time = 18:32:20

| Note: 1-4 EEL scale factors are being read from the topology file.

| Note: 1-4 VDW scale factors are being read from the topology file.
| Duplicated    0 dihedrals

| Duplicated    0 dihedrals

--------------------------------------------------------------------------------
   1.  RESOURCE   USE: 
--------------------------------------------------------------------------------

 getting new box info from bottom of inpcrd
 NATOM  =   15502 NTYPES =      16 NBONH =   14445 MBONA  =    1073
 NTHETH =    2406 MTHETA =    1438 NPHIH =    4850 MPHIA  =    4505
 NHPARM =       0 NPARM  =       0 NNB   =   29483 NRES   =    4594
 NBONA  =    1073 NTHETA =    1438 NPHIA =    4505 NUMBND =      63
 NUMANG =     141 NPTRA  =     178 NATYP =      33 NPHB   =       1
 IFBOX  =       2 NMXRS  =      24 IFCAP =       0 NEXTRA =       0
 NCOPY  =       0

| Coordinate Index Table dimensions:    12   12   12
| Direct force subcell size =     5.1462    5.1462    5.1462

     BOX TYPE: TRUNCATED OCTAHEDRON

--------------------------------------------------------------------------------
   2.  CONTROL  DATA  FOR  THE  RUN
--------------------------------------------------------------------------------

default_name                                                                    

General flags:
     imin    =       1, nmropt  =       0

Nature and format of input:
     ntx     =       1, irest   =       0, ntrx    =       1

Nature and format of output:
     ntxo    =       2, ntpr    =       5, ntrx    =       1, ntwr    =       1
     iwrap   =       0, ntwx    =       0, ntwv    =       0, ntwe    =       0
     ioutfm  =       1, ntwprt  =       0, idecomp =       0, rbornstat=      0

Potential function:
     ntf     =       1, ntb     =       1, igb     =       0, nsnb    =      25
     ipol    =       0, gbsa    =       0, iesp    =       0
     dielc   =   1.00000, cut     =   8.00000, intdiel =   1.00000

Frozen or restrained atoms:
     ibelly  =       0, ntr     =       1
     restraint_wt =  10.00000

Energy minimization:
     maxcyc  =    1000, ncyc    =     200, ntmin   =       1
     dx0     =   0.01000, drms    =   0.00010

| Intermolecular bonds treatment:
|     no_intermolecular_bonds =       1

| Energy averages sample interval:
|     ene_avg_sampling =       1

Ewald parameters:
     verbose =       0, ew_type =       0, nbflag  =       1, use_pme =       1
     vdwmeth =       1, eedmeth =       1, netfrc  =       0
     Box X =   61.754   Box Y =   61.754   Box Z =   61.754
     Alpha =  109.471   Beta  =  109.471   Gamma =  109.471
     NFFT1 =   64       NFFT2 =   64       NFFT3 =   64
     Cutoff=    8.000   Tol   =0.100E-04
     Ewald Coefficient =  0.34864
     Interpolation order =    4

    LOADING THE CONSTRAINED ATOMS AS GROUPS


   5.  REFERENCE ATOM COORDINATES

  default_name                                                                    
     Mask :1-131; matches  2113 atoms

--------------------------------------------------------------------------------
   3.  ATOMIC COORDINATES AND VELOCITIES
--------------------------------------------------------------------------------

default_name                                                                    
 begin time read from input coords =     0.000 ps

 
 Number of triangulated 3-point waters found:     4463

     Sum of charges from parm topology file =  -0.00000004
     Forcing neutrality...

| Dynamic Memory, Types Used:
| Reals              528222
| Integers           548339

| Nonbonded Pairs Initial Allocation:     2589221

--------------------------------------------------------------------------------
   4.  RESULTS
--------------------------------------------------------------------------------

 ---------------------------------------------------
 APPROXIMATING switch and d/dx switch using CUBIC SPLINE INTERPOLATION
 using   5000.0 points per unit in tabled values
 TESTING RELATIVE ERROR over r ranging from 0.0 to cutoff
| CHECK switch(x): max rel err =   0.2738E-14   at   2.422500
| CHECK d/dx switch(x): max rel err =   0.8332E-11   at   2.782960
 ---------------------------------------------------
|---------------------------------------------------
| APPROXIMATING direct energy using CUBIC SPLINE INTERPOLATION
|  with   50.0 points per unit in tabled values
| Relative Error Limit not exceeded for r .gt.   2.47
| APPROXIMATING direct force using CUBIC SPLINE INTERPOLATION
|  with   50.0 points per unit in tabled values
| Relative Error Limit not exceeded for r .gt.   2.89
|---------------------------------------------------


   NSTEP       ENERGY          RMS            GMAX         NAME    NUMBER
      1      -3.7096E+04     3.6406E+01     4.0041E+03     HE1      1131

 BOND    =      217.5445  ANGLE   =      587.2955  DIHED      =     1668.5837
 VDWAALS =     5437.2885  EEL     =   -51933.8605  HBOND      =        0.0000
 1-4 VDW =      719.7146  1-4 EEL =     6207.4114  RESTRAINT  =        0.0000


   NSTEP       ENERGY          RMS            GMAX         NAME    NUMBER
      5      -3.7491E+04     2.2917E+01     1.9324E+03     HD13     1164

 BOND    =      211.1855  ANGLE   =      583.8149  DIHED      =     1668.1562
 VDWAALS =     5111.2434  EEL     =   -51990.8713  HBOND      =        0.0000
 1-4 VDW =      718.9763  1-4 EEL =     6206.7620  RESTRAINT  =        0.0278
 EAMBER  =   -37490.7330


   NSTEP       ENERGY          RMS            GMAX         NAME    NUMBER
     10      -3.8185E+04     1.4441E+01     5.5699E+02     HD13     1164

 BOND    =      204.7912  ANGLE   =      568.8355  DIHED      =     1666.2354
 VDWAALS =     4704.7873  EEL     =   -52249.5572  HBOND      =        0.0000
 1-4 VDW =      715.5909  1-4 EEL =     6204.0293  RESTRAINT  =        0.2722
 EAMBER  =   -38185.2876


   NSTEP       ENERGY          RMS            GMAX         NAME    NUMBER
     15      -3.9350E+04     9.7980E+00     1.6767E+02     O        5399

 BOND    =      337.2664  ANGLE   =      529.2487  DIHED      =     1660.2958
 VDWAALS =     4283.6723  EEL     =   -53062.4736  HBOND      =        0.0000
 1-4 VDW =      705.2479  1-4 EEL =     6195.5529  RESTRAINT  =        1.4556
 EAMBER  =   -39351.1895


   NSTEP       ENERGY          RMS            GMAX         NAME    NUMBER
     20      -4.1139E+04     5.4478E+00     7.2410E+01     O        2438

 BOND    =     1118.2806  ANGLE   =      462.5892  DIHED      =     1647.6912
 VDWAALS =     3790.0482  EEL     =   -55016.4830  HBOND      =        0.0000
 1-4 VDW =      680.3777  1-4 EEL =     6170.7414  RESTRAINT  =        7.4673
 EAMBER  =   -41146.7546


   NSTEP       ENERGY          RMS            GMAX         NAME    NUMBER
     25      -4.3420E+04     2.9024E+00     2.9046E+01     O        2438

 BOND    =     2228.9423  ANGLE   =      386.3804  DIHED      =     1643.2480
 VDWAALS =     3366.0848  EEL     =   -57816.2402  HBOND      =        0.0000
 1-4 VDW =      632.0842  1-4 EEL =     6100.5766  RESTRAINT  =       38.4726
 EAMBER  =   -43458.9239


   NSTEP       ENERGY          RMS            GMAX         NAME    NUMBER
     30      -4.5255E+04     6.4410E+00     2.3133E+02     CD        312

 BOND    =     2904.0440  ANGLE   =      359.5143  DIHED      =     1643.7912
 VDWAALS =     3288.8497  EEL     =   -60179.3282  HBOND      =        0.0000
 1-4 VDW =      590.7141  1-4 EEL =     6042.4085  RESTRAINT  =       94.5699
 EAMBER  =   -45350.0065


   NSTEP       ENERGY          RMS            GMAX         NAME    NUMBER
     35      -4.6024E+04     2.0044E+00     2.2050E+01     CD        312

 BOND    =     2355.6867  ANGLE   =      331.9398  DIHED      =     1642.7330
 VDWAALS =     3300.6134  EEL     =   -60378.1411  HBOND      =        0.0000
 1-4 VDW =      580.1556  1-4 EEL =     6034.3311  RESTRAINT  =      108.8133
 EAMBER  =   -46132.6815


   NSTEP       ENERGY          RMS            GMAX         NAME    NUMBER
     40      -4.6505E+04     1.7596E+00     1.4438E+01     CD       1776

 BOND    =     2404.8891  ANGLE   =      324.0052  DIHED      =     1641.2834
 VDWAALS =     3317.7663  EEL     =   -60917.3758  HBOND      =        0.0000
 1-4 VDW =      571.8166  1-4 EEL =     6026.8123  RESTRAINT  =      125.5683
 EAMBER  =   -46630.8030


   NSTEP       ENERGY          RMS            GMAX         NAME    NUMBER
     45      -4.6945E+04     1.6655E+00     1.3156E+01     CD       1776

 BOND    =     2430.0462  ANGLE   =      317.4020  DIHED      =     1639.8570
 VDWAALS =     3341.7141  EEL     =   -61401.3901  HBOND      =        0.0000
 1-4 VDW =      564.4850  1-4 EEL =     6020.6016  RESTRAINT  =      142.2011
 EAMBER  =   -47087.2843


   NSTEP       ENERGY          RMS            GMAX         NAME    NUMBER
     50      -4.7306E+04     3.2914E+00     4.7613E+01     CZ        915

 BOND    =     2298.2847  ANGLE   =      314.2706  DIHED      =     1638.4767
 VDWAALS =     3377.9179  EEL     =   -61667.3623  HBOND      =        0.0000
 1-4 VDW =      557.7959  1-4 EEL =     6015.7032  RESTRAINT  =      158.7888
 EAMBER  =   -47464.9134


   NSTEP       ENERGY          RMS            GMAX         NAME    NUMBER
     55      -4.7658E+04     2.0943E+00     2.6651E+01     CZ        915

 BOND    =     2404.8991  ANGLE   =      307.4601  DIHED      =     1637.3556
 VDWAALS =     3404.9592  EEL     =   -62149.2286  HBOND      =        0.0000
 1-4 VDW =      553.4925  1-4 EEL =     6011.7191  RESTRAINT  =      171.6810
 EAMBER  =   -47829.3430


   NSTEP       ENERGY          RMS            GMAX         NAME    NUMBER
     60      -4.7892E+04     3.4698E+00     5.2842E+01     CZ        915

 BOND    =     2316.0083  ANGLE   =      305.6875  DIHED      =     1636.3918
 VDWAALS =     3442.5128  EEL     =   -62335.1092  HBOND      =        0.0000
 1-4 VDW =      549.5343  1-4 EEL =     6008.7946  RESTRAINT  =      183.7930
 EAMBER  =   -48076.1799


   NSTEP       ENERGY          RMS            GMAX         NAME    NUMBER
     65      -4.8148E+04     3.8621E+00     5.5855E+01     CG        171

 BOND    =     2311.0733  ANGLE   =      303.0234  DIHED      =     1635.4651
 VDWAALS =     3482.3557  EEL     =   -62627.3263  HBOND      =        0.0000
 1-4 VDW =      546.0412  1-4 EEL =     6005.9909  RESTRAINT  =      195.3776
 EAMBER  =   -48343.3767


   NSTEP       ENERGY          RMS            GMAX         NAME    NUMBER
     70      -4.8367E+04     3.7380E+00     5.4268E+01     CG        171

 BOND    =     2337.1818  ANGLE   =      300.5954  DIHED      =     1634.7536
 VDWAALS =     3517.4417  EEL     =   -62908.8788  HBOND      =        0.0000
 1-4 VDW =      543.6318  1-4 EEL =     6003.8372  RESTRAINT  =      204.1881
 EAMBER  =   -48571.4374


   NSTEP       ENERGY          RMS            GMAX         NAME    NUMBER
     75      -4.8658E+04     1.1404E+00     8.3199E+00     H1       8277

 BOND    =     2705.1167  ANGLE   =      295.6763  DIHED      =     1634.0109
 VDWAALS =     3548.7036  EEL     =   -63596.5084  HBOND      =        0.0000
 1-4 VDW =      541.7378  1-4 EEL =     6001.0364  RESTRAINT  =      212.4145
 EAMBER  =   -48870.2267


   NSTEP       ENERGY          RMS            GMAX         NAME    NUMBER
     80      -4.8747E+04     4.0829E+00     6.1410E+01     CG        171

 BOND    =     2351.3721  ANGLE   =      297.0542  DIHED      =     1633.4776
 VDWAALS =     3597.4469  EEL     =   -63386.4308  HBOND      =        0.0000
 1-4 VDW =      539.5717  1-4 EEL =     6000.2690  RESTRAINT  =      220.2352
 EAMBER  =   -48967.2392


   NSTEP       ENERGY          RMS            GMAX         NAME    NUMBER
     85      -4.8920E+04     4.2957E+00     6.7339E+01     CG        171

 BOND    =     2355.4456  ANGLE   =      295.6690  DIHED      =     1632.9106
 VDWAALS =     3641.0058  EEL     =   -63608.6222  HBOND      =        0.0000
 1-4 VDW =      537.9040  1-4 EEL =     5998.8031  RESTRAINT  =      227.3427
 EAMBER  =   -49146.8840


   NSTEP       ENERGY          RMS            GMAX         NAME    NUMBER
     90      -4.9198E+04     1.4552E+00     1.9515E+01     CG        171

 BOND    =     2850.7090  ANGLE   =      291.0480  DIHED      =     1632.3017
 VDWAALS =     3675.7316  EEL     =   -64414.5537  HBOND      =        0.0000
 1-4 VDW =      536.8947  1-4 EEL =     5996.2648  RESTRAINT  =      233.3921
 EAMBER  =   -49431.6038


   NSTEP       ENERGY          RMS            GMAX         NAME    NUMBER
     95      -4.9333E+04     9.5086E-01     7.3902E+00     H1       8277

 BOND    =     2762.5329  ANGLE   =      290.1870  DIHED      =     1631.9530
 VDWAALS =     3711.6493  EEL     =   -64498.2770  HBOND      =        0.0000
 1-4 VDW =      535.8951  1-4 EEL =     5995.5479  RESTRAINT  =      237.8129
 EAMBER  =   -49570.5117


   NSTEP       ENERGY          RMS            GMAX         NAME    NUMBER
    100      -4.9488E+04     9.5310E-01     7.0270E+00     H1       8277

 BOND    =     2792.1292  ANGLE   =      289.1280  DIHED      =     1631.5124
 VDWAALS =     3757.6743  EEL     =   -64731.0208  HBOND      =        0.0000
 1-4 VDW =      534.8211  1-4 EEL =     5994.4430  RESTRAINT  =      243.0900
 EAMBER  =   -49731.3130


   NSTEP       ENERGY          RMS            GMAX         NAME    NUMBER
    105      -4.9620E+04     2.0306E+00     3.2927E+01     CG        171

 BOND    =     3002.8738  ANGLE   =      288.3166  DIHED      =     1631.0625
 VDWAALS =     3805.4217  EEL     =   -65123.2699  HBOND      =        0.0000
 1-4 VDW =      533.9363  1-4 EEL =     5993.0681  RESTRAINT  =      248.1098
 EAMBER  =   -49868.5909


   NSTEP       ENERGY          RMS            GMAX         NAME    NUMBER
    110      -4.9761E+04     1.1860E+00     1.5831E+01     CG        171

 BOND    =     2885.8564  ANGLE   =      287.4399  DIHED      =     1630.7664
 VDWAALS =     3847.4446  EEL     =   -65189.8523  HBOND      =        0.0000
 1-4 VDW =      533.1769  1-4 EEL =     5992.5885  RESTRAINT  =      251.7339
 EAMBER  =   -50012.5795


   NSTEP       ENERGY          RMS            GMAX         NAME    NUMBER
    115      -4.9887E+04     1.4556E+00     2.3331E+01     CG        171

 BOND    =     2949.9755  ANGLE   =      286.7669  DIHED      =     1630.4312
 VDWAALS =     3893.9132  EEL     =   -65428.1282  HBOND      =        0.0000
 1-4 VDW =      532.5056  1-4 EEL =     5991.7419  RESTRAINT  =      255.5036
 EAMBER  =   -50142.7939


   NSTEP       ENERGY          RMS            GMAX         NAME    NUMBER
    120      -4.9978E+04     2.2082E+00     3.9341E+01     CG        171

 BOND    =     3082.2589  ANGLE   =      286.4339  DIHED      =     1630.1524
 VDWAALS =     3934.2738  EEL     =   -65692.2525  HBOND      =        0.0000
 1-4 VDW =      532.0294  1-4 EEL =     5990.9382  RESTRAINT  =      258.4858
 EAMBER  =   -50236.1660


   NSTEP       ENERGY          RMS            GMAX         NAME    NUMBER
    125      -5.0090E+04     2.4054E+00     4.4791E+01     CG        171

 BOND    =     3129.9776  ANGLE   =      286.0231  DIHED      =     1629.8782
 VDWAALS =     3980.4098  EEL     =   -65899.3726  HBOND      =        0.0000
 1-4 VDW =      531.5099  1-4 EEL =     5990.2849  RESTRAINT  =      261.4909
 EAMBER  =   -50351.2891


   NSTEP       ENERGY          RMS            GMAX         NAME    NUMBER
    130      -5.0188E+04     2.6887E+00     5.1332E+01     CG        171

 BOND    =     3190.2934  ANGLE   =      285.7420  DIHED      =     1629.6357
 VDWAALS =     4024.4554  EEL     =   -66103.3842  HBOND      =        0.0000
 1-4 VDW =      531.0827  1-4 EEL =     5989.6966  RESTRAINT  =      264.0754
 EAMBER  =   -50452.4785


   NSTEP       ENERGY          RMS            GMAX         NAME    NUMBER
    135      -5.0283E+04     2.5161E+00     4.7190E+01     CG        171

 BOND    =     3176.4605  ANGLE   =      285.2954  DIHED      =     1629.4529
 VDWAALS =     4061.5834  EEL     =   -66221.6668  HBOND      =        0.0000
 1-4 VDW =      530.7446  1-4 EEL =     5989.3803  RESTRAINT  =      266.0129
 EAMBER  =   -50548.7497


   NSTEP       ENERGY          RMS            GMAX         NAME    NUMBER
    140      -5.0385E+04     2.5513E+00     5.0237E+01     CG        171

 BOND    =     3197.1195  ANGLE   =      284.9621  DIHED      =     1629.2469
 VDWAALS =     4106.5026  EEL     =   -66390.0071  HBOND      =        0.0000
 1-4 VDW =      530.3859  1-4 EEL =     5988.9280  RESTRAINT  =      268.1637
 EAMBER  =   -50652.8621


   NSTEP       ENERGY          RMS            GMAX         NAME    NUMBER
    145      -5.0514E+04     8.0556E-01     8.5329E+00     CG        171

 BOND    =     2840.9819  ANGLE   =      284.2717  DIHED      =     1629.1266
 VDWAALS =     4147.9380  EEL     =   -66205.3805  HBOND      =        0.0000
 1-4 VDW =      529.9410  1-4 EEL =     5989.4518  RESTRAINT  =      269.7778
 EAMBER  =   -50783.6694


   NSTEP       ENERGY          RMS            GMAX         NAME    NUMBER
    150      -5.0552E+04     2.7914E+00     5.6705E+01     CG        171

 BOND    =     3262.0868  ANGLE   =      284.5295  DIHED      =     1628.9129
 VDWAALS =     4186.5839  EEL     =   -66703.6668  HBOND      =        0.0000
 1-4 VDW =      529.8577  1-4 EEL =     5988.2000  RESTRAINT  =      271.4943
 EAMBER  =   -50823.4961


   NSTEP       ENERGY          RMS            GMAX         NAME    NUMBER
    155      -5.0639E+04     2.9207E+00     6.1316E+01     CG        171

 BOND    =     3296.2299  ANGLE   =      284.4093  DIHED      =     1628.7521
 VDWAALS =     4229.9648  EEL     =   -66868.4706  HBOND      =        0.0000
 1-4 VDW =      529.6081  1-4 EEL =     5987.8341  RESTRAINT  =      273.0599
 EAMBER  =   -50911.6723


   NSTEP       ENERGY          RMS            GMAX         NAME    NUMBER
    160      -5.0778E+04     9.3562E-01     1.4968E+01     CG        171

 BOND    =     2849.9813  ANGLE   =      283.5310  DIHED      =     1628.6637
 VDWAALS =     4273.7154  EEL     =   -66606.0905  HBOND      =        0.0000
 1-4 VDW =      529.2040  1-4 EEL =     5988.6713  RESTRAINT  =      274.2857
 EAMBER  =   -51052.3238


   NSTEP       ENERGY          RMS            GMAX         NAME    NUMBER
    165      -5.0849E+04     6.9373E-01     5.3965E+00     H1       5757

 BOND    =     2909.1345  ANGLE   =      283.2773  DIHED      =     1628.5491
 VDWAALS =     4307.0149  EEL     =   -66769.2987  HBOND      =        0.0000
 1-4 VDW =      529.0669  1-4 EEL =     5988.3269  RESTRAINT  =      275.2911
 EAMBER  =   -51123.9292


   NSTEP       ENERGY          RMS            GMAX         NAME    NUMBER
    170      -5.0931E+04     6.8694E-01     5.4163E+00     H1       5757

 BOND    =     2920.0557  ANGLE   =      283.0876  DIHED      =     1628.4234
 VDWAALS =     4348.6019  EEL     =   -66904.4953  HBOND      =        0.0000
 1-4 VDW =      528.8866  1-4 EEL =     5988.1084  RESTRAINT  =      276.4244
 EAMBER  =   -51207.3316


   NSTEP       ENERGY          RMS            GMAX         NAME    NUMBER
    175      -5.1014E+04     1.2489E+00     2.7191E+01     CG        171

 BOND    =     2842.6743  ANGLE   =      283.1476  DIHED      =     1628.3026
 VDWAALS =     4396.3205  EEL     =   -66959.0731  HBOND      =        0.0000
 1-4 VDW =      528.6629  1-4 EEL =     5988.1906  RESTRAINT  =      277.5711
 EAMBER  =   -51291.7746


   NSTEP       ENERGY          RMS            GMAX         NAME    NUMBER
    180      -5.1088E+04     8.7877E-01     1.5675E+01     CG        171

 BOND    =     2900.7961  ANGLE   =      282.8295  DIHED      =     1628.2012
 VDWAALS =     4432.1745  EEL     =   -67127.0233  HBOND      =        0.0000
 1-4 VDW =      528.5581  1-4 EEL =     5987.8609  RESTRAINT  =      278.3812
 EAMBER  =   -51366.6029


   NSTEP       ENERGY          RMS            GMAX         NAME    NUMBER
    185      -5.1163E+04     8.8111E-01     1.6330E+01     CG        171

 BOND    =     2911.0759  ANGLE   =      282.6863  DIHED      =     1628.1026
 VDWAALS =     4472.2377  EEL     =   -67252.0303  HBOND      =        0.0000
 1-4 VDW =      528.4293  1-4 EEL =     5987.6996  RESTRAINT  =      279.1972
 EAMBER  =   -51441.7989


   NSTEP       ENERGY          RMS            GMAX         NAME    NUMBER
    190      -5.1235E+04     9.7215E-01     2.0040E+01     CG        171

 BOND    =     2908.9860  ANGLE   =      282.5913  DIHED      =     1628.0114
 VDWAALS =     4512.6224  EEL     =   -67363.1650  HBOND      =        0.0000
 1-4 VDW =      528.3061  1-4 EEL =     5987.5923  RESTRAINT  =      279.9429
 EAMBER  =   -51515.0555


   NSTEP       ENERGY          RMS            GMAX         NAME    NUMBER
    195      -5.1291E+04     1.6109E+00     3.9643E+01     CG        171

 BOND    =     2846.6118  ANGLE   =      282.8264  DIHED      =     1627.9394
 VDWAALS =     4550.8264  EEL     =   -67395.8901  HBOND      =        0.0000
 1-4 VDW =      528.1761  1-4 EEL =     5987.7309  RESTRAINT  =      280.5746
 EAMBER  =   -51571.7792


   NSTEP       ENERGY          RMS            GMAX         NAME    NUMBER
    200      -5.1359E+04     1.6510E+00     4.2538E+01     CG        171

 BOND    =     2853.7189  ANGLE   =      282.7872  DIHED      =     1627.8608
 VDWAALS =     4589.3866  EEL     =   -67509.3233  HBOND      =        0.0000
 1-4 VDW =      528.0780  1-4 EEL =     5987.6395  RESTRAINT  =      281.1702
 EAMBER  =   -51639.8524


   NSTEP       ENERGY          RMS            GMAX         NAME    NUMBER
    205      -5.1399E+04     6.2427E-01     5.4336E+00     H1      10569

 BOND    =     2994.8216  ANGLE   =      282.2225  DIHED      =     1627.8193
 VDWAALS =     4601.7916  EEL     =   -67701.7956  HBOND      =        0.0000
 1-4 VDW =      528.0970  1-4 EEL =     5987.0761  RESTRAINT  =      281.3742
 EAMBER  =   -51679.9675


   NSTEP       ENERGY          RMS            GMAX         NAME    NUMBER
    210      -5.2323E+04     6.9883E+00     1.7595E+02     O       11654

 BOND    =     4302.5779  ANGLE   =      284.1331  DIHED      =     1625.8661
 VDWAALS =     6025.3131  EEL     =   -71367.7541  HBOND      =        0.0000
 1-4 VDW =      525.4954  1-4 EEL =     5981.9633  RESTRAINT  =      299.1880
 EAMBER  =   -52622.4051


   NSTEP       ENERGY          RMS            GMAX         NAME    NUMBER
    215      -5.2714E+04     1.3374E+00     5.3225E+01     O       10568

 BOND    =     3318.0007  ANGLE   =      279.9122  DIHED      =     1625.9978
 VDWAALS =     5840.9891  EEL     =   -70586.1382  HBOND      =        0.0000
 1-4 VDW =      525.7660  1-4 EEL =     5984.2055  RESTRAINT  =      296.9971
 EAMBER  =   -53011.2670


   NSTEP       ENERGY          RMS            GMAX         NAME    NUMBER
    220      -5.3045E+04     3.1825E+00     1.3544E+02     H1      10569

 BOND    =     3489.4223  ANGLE   =      282.0166  DIHED      =     1626.0727
 VDWAALS =     6246.0116  EEL     =   -71494.8645  HBOND      =        0.0000
 1-4 VDW =      526.0105  1-4 EEL =     5984.0301  RESTRAINT  =      296.3501
 EAMBER  =   -53341.3008


   NSTEP       ENERGY          RMS            GMAX         NAME    NUMBER
    225      -5.3353E+04     1.4162E+00     3.6327E+01     CG        171

 BOND    =     3431.5146  ANGLE   =      280.8867  DIHED      =     1626.1741
 VDWAALS =     6692.4811  EEL     =   -72187.9629  HBOND      =        0.0000
 1-4 VDW =      526.0664  1-4 EEL =     5983.3250  RESTRAINT  =      294.9997
 EAMBER  =   -53647.5151


   NSTEP       ENERGY          RMS            GMAX         NAME    NUMBER
    230      -5.3355E+04     1.3547E+00     3.3831E+01     CG        171

 BOND    =     3435.8872  ANGLE   =      280.8352  DIHED      =     1626.1720
 VDWAALS =     6692.4476  EEL     =   -72194.2666  HBOND      =        0.0000
 1-4 VDW =      526.0633  1-4 EEL =     5983.3004  RESTRAINT  =      294.9931
 EAMBER  =   -53649.5609


   NSTEP       ENERGY          RMS            GMAX         NAME    NUMBER
    235      -5.3514E+04     1.3165E+00     5.8204E+01     O       11654

 BOND    =     3525.3524  ANGLE   =      279.6490  DIHED      =     1625.7837
 VDWAALS =     6657.2987  EEL     =   -72405.9641  HBOND      =        0.0000
 1-4 VDW =      525.9313  1-4 EEL =     5984.8219  RESTRAINT  =      292.9533
 EAMBER  =   -53807.1270


   NSTEP       ENERGY          RMS            GMAX         NAME    NUMBER
    240      -5.3610E+04     1.1156E+00     3.4323E+01     H1       8427

 BOND    =     3450.7743  ANGLE   =      280.2017  DIHED      =     1625.9123
 VDWAALS =     6661.9550  EEL     =   -72431.6032  HBOND      =        0.0000
 1-4 VDW =      526.2398  1-4 EEL =     5985.6196  RESTRAINT  =      291.0076
 EAMBER  =   -53900.9005


   NSTEP       ENERGY          RMS            GMAX         NAME    NUMBER
    245      -5.3891E+04     1.6630E+00     6.1085E+01     H2       8428

 BOND    =     3539.6973  ANGLE   =      290.9292  DIHED      =     1631.5555
 VDWAALS =     6667.1356  EEL     =   -72814.6533  HBOND      =        0.0000
 1-4 VDW =      527.9086  1-4 EEL =     5981.9183  RESTRAINT  =      284.6295
 EAMBER  =   -54175.5088


   NSTEP       ENERGY          RMS            GMAX         NAME    NUMBER
    250      -5.3982E+04     1.4360E+00     4.7302E+01     O        8426

 BOND    =     3547.3764  ANGLE   =      282.5322  DIHED      =     1627.6465
 VDWAALS =     6683.6622  EEL     =   -72917.2557  HBOND      =        0.0000
 1-4 VDW =      526.9343  1-4 EEL =     5984.9342  RESTRAINT  =      282.3315
 EAMBER  =   -54264.1699


   NSTEP       ENERGY          RMS            GMAX         NAME    NUMBER
    255      -5.3985E+04     1.3379E+00     4.4594E+01     O        8426

 BOND    =     3542.4227  ANGLE   =      282.4906  DIHED      =     1627.6403
 VDWAALS =     6683.1132  EEL     =   -72915.1063  HBOND      =        0.0000
 1-4 VDW =      526.9323  1-4 EEL =     5984.9411  RESTRAINT  =      282.3263
 EAMBER  =   -54267.5660


   NSTEP       ENERGY          RMS            GMAX         NAME    NUMBER
    260      -5.4081E+04     1.3930E+00     4.7944E+01     CD        188

 BOND    =     3546.8206  ANGLE   =      282.6505  DIHED      =     1627.0528
 VDWAALS =     6655.8931  EEL     =   -72987.7869  HBOND      =        0.0000
 1-4 VDW =      527.2260  1-4 EEL =     5984.7940  RESTRAINT  =      282.8227
 EAMBER  =   -54363.3498


   NSTEP       ENERGY          RMS            GMAX         NAME    NUMBER
    265      -5.4188E+04     8.4591E-01     4.3729E+01     O        8426

 BOND    =     3572.5862  ANGLE   =      284.7856  DIHED      =     1626.6872
 VDWAALS =     6654.7840  EEL     =   -73123.8113  HBOND      =        0.0000
 1-4 VDW =      527.2244  1-4 EEL =     5985.8515  RESTRAINT  =      284.3898
 EAMBER  =   -54471.8926


   NSTEP       ENERGY          RMS            GMAX         NAME    NUMBER
    270      -5.4299E+04     1.5876E+00     8.1000E+01     O        8426

 BOND    =     3529.4208  ANGLE   =      284.2955  DIHED      =     1628.3960
 VDWAALS =     6774.1942  EEL     =   -73314.0883  HBOND      =        0.0000
 1-4 VDW =      526.0448  1-4 EEL =     5985.1757  RESTRAINT  =      287.4794
 EAMBER  =   -54586.5612


   NSTEP       ENERGY          RMS            GMAX         NAME    NUMBER
    275      -5.4388E+04     1.4334E+00     9.4294E+01     O        8426

 BOND    =     3635.8065  ANGLE   =      285.8985  DIHED      =     1627.1954
 VDWAALS =     6908.8561  EEL     =   -73644.0352  HBOND      =        0.0000
 1-4 VDW =      526.3830  1-4 EEL =     5982.4023  RESTRAINT  =      289.8103
 EAMBER  =   -54677.4934


   NSTEP       ENERGY          RMS            GMAX         NAME    NUMBER
    280      -5.4392E+04     1.2839E+00     8.3100E+01     O        8426

 BOND    =     3631.2862  ANGLE   =      285.5828  DIHED      =     1627.1664
 VDWAALS =     6908.5970  EEL     =   -73643.5188  HBOND      =        0.0000
 1-4 VDW =      526.4007  1-4 EEL =     5982.4222  RESTRAINT  =      289.7896
 EAMBER  =   -54682.0635


   NSTEP       ENERGY          RMS            GMAX         NAME    NUMBER
    285      -5.4475E+04     9.8065E-01     5.3693E+01     H1       8427

 BOND    =     3539.9216  ANGLE   =      280.3947  DIHED      =     1626.5851
 VDWAALS =     6917.8164  EEL     =   -73640.0923  HBOND      =        0.0000
 1-4 VDW =      526.1913  1-4 EEL =     5985.4065  RESTRAINT  =      288.7320
 EAMBER  =   -54763.7767


   NSTEP       ENERGY          RMS            GMAX         NAME    NUMBER
    290      -5.4550E+04     9.9393E-01     7.6321E+01     O        8426

 BOND    =     3644.9183  ANGLE   =      287.6641  DIHED      =     1626.8192
 VDWAALS =     6956.9347  EEL     =   -73866.9900  HBOND      =        0.0000
 1-4 VDW =      526.1029  1-4 EEL =     5985.8328  RESTRAINT  =      288.6518
 EAMBER  =   -54838.7178


   NSTEP       ENERGY          RMS            GMAX         NAME    NUMBER
    295      -5.4630E+04     8.6901E-01     2.7928E+01     CD       1916

 BOND    =     3617.6091  ANGLE   =      287.8092  DIHED      =     1627.5855
 VDWAALS =     7034.6941  EEL     =   -73994.5986  HBOND      =        0.0000
 1-4 VDW =      527.2907  1-4 EEL =     5981.5761  RESTRAINT  =      287.9684
 EAMBER  =   -54918.0341


   NSTEP       ENERGY          RMS            GMAX         NAME    NUMBER
    300      -5.4691E+04     1.3075E+00     6.4304E+01     O        8426

 BOND    =     3636.2832  ANGLE   =      285.4789  DIHED      =     1627.7500
 VDWAALS =     7145.0886  EEL     =   -74183.0326  HBOND      =        0.0000
 1-4 VDW =      526.6495  1-4 EEL =     5984.0545  RESTRAINT  =      287.2111
 EAMBER  =   -54977.7280


   NSTEP       ENERGY          RMS            GMAX         NAME    NUMBER
    305      -5.4695E+04     1.1771E+00     5.5981E+01     O        8426

 BOND    =     3634.7279  ANGLE   =      285.1329  DIHED      =     1627.7092
 VDWAALS =     7144.4598  EEL     =   -74185.1970  HBOND      =        0.0000
 1-4 VDW =      526.6252  1-4 EEL =     5984.0324  RESTRAINT  =      287.1699
 EAMBER  =   -54982.5097


   NSTEP       ENERGY          RMS            GMAX         NAME    NUMBER
    310      -5.4761E+04     9.1963E-01     4.0373E+01     O        8426

 BOND    =     3657.4966  ANGLE   =      283.9986  DIHED      =     1626.8409
 VDWAALS =     7134.9821  EEL     =   -74260.4493  HBOND      =        0.0000
 1-4 VDW =      527.1313  1-4 EEL =     5982.3920  RESTRAINT  =      286.7684
 EAMBER  =   -55047.6078


   NSTEP       ENERGY          RMS            GMAX         NAME    NUMBER
    315      -5.4816E+04     9.0343E-01     3.6585E+01     CG       1188

 BOND    =     3664.3999  ANGLE   =      293.8990  DIHED      =     1626.9512
 VDWAALS =     7135.0841  EEL     =   -74335.0914  HBOND      =        0.0000
 1-4 VDW =      527.1848  1-4 EEL =     5983.5681  RESTRAINT  =      287.8416
 EAMBER  =   -55104.0043


   NSTEP       ENERGY          RMS            GMAX         NAME    NUMBER
    320      -5.4881E+04     1.7657E+00     1.0571E+02     H1       8427

 BOND    =     3690.4198  ANGLE   =      281.9039  DIHED      =     1627.5821
 VDWAALS =     7221.0586  EEL     =   -74502.0132  HBOND      =        0.0000
 1-4 VDW =      526.2126  1-4 EEL =     5986.0980  RESTRAINT  =      287.3393
 EAMBER  =   -55168.7381


   NSTEP       ENERGY          RMS            GMAX         NAME    NUMBER
    325      -5.4947E+04     1.3310E+00     8.9654E+01     CG       1188

 BOND    =     3720.4913  ANGLE   =      292.1671  DIHED      =     1628.0909
 VDWAALS =     7282.7610  EEL     =   -74666.0973  HBOND      =        0.0000
 1-4 VDW =      527.5137  1-4 EEL =     5979.9296  RESTRAINT  =      288.1077
 EAMBER  =   -55235.1437


   NSTEP       ENERGY          RMS            GMAX         NAME    NUMBER
    330      -5.4951E+04     1.1919E+00     7.2998E+01     CG       1188

 BOND    =     3716.3017  ANGLE   =      291.4785  DIHED      =     1627.9761
 VDWAALS =     7282.9720  EEL     =   -74665.4150  HBOND      =        0.0000
 1-4 VDW =      527.5046  1-4 EEL =     5980.0351  RESTRAINT  =      288.0587
 EAMBER  =   -55239.1470


   NSTEP       ENERGY          RMS            GMAX         NAME    NUMBER
    335      -5.5014E+04     1.1128E+00     5.2463E+01     CG       1188

 BOND    =     3672.2256  ANGLE   =      279.7369  DIHED      =     1628.8877
 VDWAALS =     7303.1292  EEL     =   -74697.2257  HBOND      =        0.0000
 1-4 VDW =      525.7679  1-4 EEL =     5986.6735  RESTRAINT  =      286.9846
 EAMBER  =   -55300.8049


   NSTEP       ENERGY          RMS            GMAX         NAME    NUMBER
    340      -5.5080E+04     9.3093E-01     4.5353E+01     O        2936

 BOND    =     3741.7955  ANGLE   =      285.3333  DIHED      =     1627.4239
 VDWAALS =     7347.3304  EEL     =   -74880.2472  HBOND      =        0.0000
 1-4 VDW =      526.0706  1-4 EEL =     5985.3597  RESTRAINT  =      287.0572
 EAMBER  =   -55366.9338


   NSTEP       ENERGY          RMS            GMAX         NAME    NUMBER
    345      -5.5131E+04     8.0211E-01     2.9923E+01     OD1       172

 BOND    =     3695.7009  ANGLE   =      287.1955  DIHED      =     1627.5407
 VDWAALS =     7390.7730  EEL     =   -74926.3285  HBOND      =        0.0000
 1-4 VDW =      527.4029  1-4 EEL =     5980.2666  RESTRAINT  =      286.9038
 EAMBER  =   -55417.4489


   NSTEP       ENERGY          RMS            GMAX         NAME    NUMBER
    350      -5.5181E+04     1.0841E+00     4.2556E+01     HZ2      1987

 BOND    =     3741.9200  ANGLE   =      295.1557  DIHED      =     1627.9245
 VDWAALS =     7458.9075  EEL     =   -75102.9094  HBOND      =        0.0000
 1-4 VDW =      527.3823  1-4 EEL =     5982.7136  RESTRAINT  =      287.7464
 EAMBER  =   -55468.9058


   NSTEP       ENERGY          RMS            GMAX         NAME    NUMBER
    355      -5.5184E+04     1.0031E+00     4.1416E+01     HZ2      1987

 BOND    =     3739.2057  ANGLE   =      294.7208  DIHED      =     1627.8847
 VDWAALS =     7458.9275  EEL     =   -75102.1246  HBOND      =        0.0000
 1-4 VDW =      527.3562  1-4 EEL =     5982.7110  RESTRAINT  =      287.6960
 EAMBER  =   -55471.3187


   NSTEP       ENERGY          RMS            GMAX         NAME    NUMBER
    360      -5.5232E+04     9.9014E-01     6.9619E+01     CG       1188

 BOND    =     3731.8202  ANGLE   =      283.8584  DIHED      =     1626.7324
 VDWAALS =     7464.9390  EEL     =   -75135.6737  HBOND      =        0.0000
 1-4 VDW =      527.0015  1-4 EEL =     5983.0120  RESTRAINT  =      286.4619
 EAMBER  =   -55518.3103


   NSTEP       ENERGY          RMS            GMAX         NAME    NUMBER
    365      -5.5254E+04     7.4980E-01     3.1694E+01     HZ2      1987

 BOND    =     3741.3088  ANGLE   =      285.0091  DIHED      =     1626.9271
 VDWAALS =     7473.7878  EEL     =   -75178.1912  HBOND      =        0.0000
 1-4 VDW =      526.6232  1-4 EEL =     5983.5056  RESTRAINT  =      286.6190
 EAMBER  =   -55541.0296


   NSTEP       ENERGY          RMS            GMAX         NAME    NUMBER
    370      -5.5358E+04     2.0280E+00     9.0793E+01     CD       1954

 BOND    =     3812.4678  ANGLE   =      293.7956  DIHED      =     1628.5408
 VDWAALS =     7631.1361  EEL     =   -75522.5267  HBOND      =        0.0000
 1-4 VDW =      527.1682  1-4 EEL =     5984.2479  RESTRAINT  =      287.0805
 EAMBER  =   -55645.1702


   NSTEP       ENERGY          RMS            GMAX         NAME    NUMBER
    375      -5.5430E+04     1.3343E+00     5.2457E+01     HZ2      1987

 BOND    =     3794.0117  ANGLE   =      296.9102  DIHED      =     1628.0370
 VDWAALS =     7680.6378  EEL     =   -75626.3908  HBOND      =        0.0000
 1-4 VDW =      527.2530  1-4 EEL =     5982.5215  RESTRAINT  =      287.2401
 EAMBER  =   -55717.0197


   NSTEP       ENERGY          RMS            GMAX         NAME    NUMBER
    380      -5.5433E+04     1.2573E+00     5.1199E+01     HZ2      1987

 BOND    =     3791.4306  ANGLE   =      296.4394  DIHED      =     1627.9689
 VDWAALS =     7680.6791  EEL     =   -75626.0176  HBOND      =        0.0000
 1-4 VDW =      527.2519  1-4 EEL =     5982.5334  RESTRAINT  =      287.2066
 EAMBER  =   -55719.7143


   NSTEP       ENERGY          RMS            GMAX         NAME    NUMBER
    385      -5.5505E+04     1.1677E+00     4.8212E+01     CD       1954

 BOND    =     3794.8055  ANGLE   =      282.4170  DIHED      =     1628.5197
 VDWAALS =     7690.1867  EEL     =   -75698.1657  HBOND      =        0.0000
 1-4 VDW =      526.6144  1-4 EEL =     5984.3011  RESTRAINT  =      286.1244
 EAMBER  =   -55791.3213


   NSTEP       ENERGY          RMS            GMAX         NAME    NUMBER
    390      -5.5546E+04     8.4104E-01     4.4034E+01     HZ2      1987

 BOND    =     3802.7837  ANGLE   =      286.9084  DIHED      =     1627.0793
 VDWAALS =     7706.4855  EEL     =   -75765.7518  HBOND      =        0.0000
 1-4 VDW =      526.6034  1-4 EEL =     5983.6385  RESTRAINT  =      286.4821
 EAMBER  =   -55832.2528


   NSTEP       ENERGY          RMS            GMAX         NAME    NUMBER
    395      -5.5602E+04     7.9183E-01     4.3468E+01     CG       1188

 BOND    =     3799.7014  ANGLE   =      285.5672  DIHED      =     1627.3493
 VDWAALS =     7764.4374  EEL     =   -75873.8377  HBOND      =        0.0000
 1-4 VDW =      526.8501  1-4 EEL =     5982.4795  RESTRAINT  =      285.8263
 EAMBER  =   -55887.4529


   NSTEP       ENERGY          RMS            GMAX         NAME    NUMBER
    400      -5.5623E+04     7.6056E-01     4.2068E+01     CG       1188

 BOND    =     3810.5155  ANGLE   =      285.0889  DIHED      =     1627.6201
 VDWAALS =     7792.9833  EEL     =   -75935.7970  HBOND      =        0.0000
 1-4 VDW =      527.0272  1-4 EEL =     5983.5209  RESTRAINT  =      285.8723
 EAMBER  =   -55909.0411


   NSTEP       ENERGY          RMS            GMAX         NAME    NUMBER
    405      -5.5625E+04     6.7244E-01     3.1325E+01     CG       1188

 BOND    =     3808.5134  ANGLE   =      284.8299  DIHED      =     1627.5567
 VDWAALS =     7792.9768  EEL     =   -75935.2137  HBOND      =        0.0000
 1-4 VDW =      527.0066  1-4 EEL =     5983.4973  RESTRAINT  =      285.8375
 EAMBER  =   -55910.8331


   NSTEP       ENERGY          RMS            GMAX         NAME    NUMBER
    410      -5.5654E+04     6.9756E-01     2.3033E+01     NZ       1985

 BOND    =     3809.0660  ANGLE   =      283.3324  DIHED      =     1626.8929
 VDWAALS =     7798.7346  EEL     =   -75968.1654  HBOND      =        0.0000
 1-4 VDW =      527.0138  1-4 EEL =     5983.1958  RESTRAINT  =      285.5302
 EAMBER  =   -55939.9299


   NSTEP       ENERGY          RMS            GMAX         NAME    NUMBER
    415      -5.5697E+04     6.8236E-01     1.8524E+01     CZ       1691

 BOND    =     3822.0407  ANGLE   =      282.5158  DIHED      =     1628.6681
 VDWAALS =     7824.0507  EEL     =   -76049.6237  HBOND      =        0.0000
 1-4 VDW =      526.4177  1-4 EEL =     5983.7094  RESTRAINT  =      285.5089
 EAMBER  =   -55982.2214


   NSTEP       ENERGY          RMS            GMAX         NAME    NUMBER
    420      -5.5751E+04     1.0342E+00     4.0161E+01     CD       1954

 BOND    =     3836.4110  ANGLE   =      286.3192  DIHED      =     1628.0339
 VDWAALS =     7891.5747  EEL     =   -76190.0751  HBOND      =        0.0000
 1-4 VDW =      526.9287  1-4 EEL =     5983.9205  RESTRAINT  =      285.6927
 EAMBER  =   -56036.8871


   NSTEP       ENERGY          RMS            GMAX         NAME    NUMBER
    425      -5.5844E+04     1.1774E+00     5.0353E+01     HZ2      1987

 BOND    =     3867.4485  ANGLE   =      293.0323  DIHED      =     1628.0300
 VDWAALS =     7988.3889  EEL     =   -76416.0183  HBOND      =        0.0000
 1-4 VDW =      527.3422  1-4 EEL =     5982.3797  RESTRAINT  =      285.8614
 EAMBER  =   -56129.3967


   NSTEP       ENERGY          RMS            GMAX         NAME    NUMBER
    430      -5.5846E+04     1.1131E+00     4.8970E+01     HZ2      1987

 BOND    =     3865.4626  ANGLE   =      292.6756  DIHED      =     1627.9633
 VDWAALS =     7988.4636  EEL     =   -76415.6694  HBOND      =        0.0000
 1-4 VDW =      527.3344  1-4 EEL =     5982.3926  RESTRAINT  =      285.8344
 EAMBER  =   -56131.3774


   NSTEP       ENERGY          RMS            GMAX         NAME    NUMBER
    435      -5.5889E+04     8.1596E-01     4.1036E+01     CG       1188

 BOND    =     3851.3834  ANGLE   =      281.0379  DIHED      =     1627.9834
 VDWAALS =     7999.3647  EEL     =   -76444.0624  HBOND      =        0.0000
 1-4 VDW =      526.7626  1-4 EEL =     5983.9651  RESTRAINT  =      284.8573
 EAMBER  =   -56173.5651


   NSTEP       ENERGY          RMS            GMAX         NAME    NUMBER
    440      -5.5914E+04     6.7568E-01     3.8502E+01     HZ2      1987

 BOND    =     3869.7641  ANGLE   =      284.1337  DIHED      =     1627.1743
 VDWAALS =     8014.9143  EEL     =   -76505.5453  HBOND      =        0.0000
 1-4 VDW =      526.5336  1-4 EEL =     5983.9109  RESTRAINT  =      285.0725
 EAMBER  =   -56199.1144


   NSTEP       ENERGY          RMS            GMAX         NAME    NUMBER
    445      -5.5960E+04     6.6000E-01     2.1461E+01     CG       1188

 BOND    =     3869.4272  ANGLE   =      284.3239  DIHED      =     1627.1500
 VDWAALS =     8071.8058  EEL     =   -76606.7993  HBOND      =        0.0000
 1-4 VDW =      526.9957  1-4 EEL =     5982.6898  RESTRAINT  =      284.5868
 EAMBER  =   -56244.4069


   NSTEP       ENERGY          RMS            GMAX         NAME    NUMBER
    450      -5.5986E+04     6.7655E-01     2.6250E+01     CG       1188

 BOND    =     3879.9578  ANGLE   =      284.3567  DIHED      =     1627.5502
 VDWAALS =     8120.8147  EEL     =   -76693.9466  HBOND      =        0.0000
 1-4 VDW =      527.1670  1-4 EEL =     5983.8306  RESTRAINT  =      284.5143
 EAMBER  =   -56270.2696


   NSTEP       ENERGY          RMS            GMAX         NAME    NUMBER
    455      -5.5987E+04     6.0986E-01     2.0767E+01     HZ2      1987

 BOND    =     3878.5499  ANGLE   =      284.1001  DIHED      =     1627.4753
 VDWAALS =     8120.6275  EEL     =   -76693.5305  HBOND      =        0.0000
 1-4 VDW =      527.1473  1-4 EEL =     5983.7906  RESTRAINT  =      284.4838
 EAMBER  =   -56271.8398


   NSTEP       ENERGY          RMS            GMAX         NAME    NUMBER
    460      -5.6023E+04     7.2293E-01     2.9982E+01     CG       1188

 BOND    =     3879.1175  ANGLE   =      285.4969  DIHED      =     1627.3762
 VDWAALS =     8118.0224  EEL     =   -76727.5454  HBOND      =        0.0000
 1-4 VDW =      527.0723  1-4 EEL =     5983.2159  RESTRAINT  =      284.4752
 EAMBER  =   -56307.2441


   NSTEP       ENERGY          RMS            GMAX         NAME    NUMBER
    465      -5.6047E+04     6.7284E-01     3.3650E+01     HZ2      1987

 BOND    =     3898.8144  ANGLE   =      284.2185  DIHED      =     1627.1945
 VDWAALS =     8126.1619  EEL     =   -76778.7079  HBOND      =        0.0000
 1-4 VDW =      526.8306  1-4 EEL =     5983.4750  RESTRAINT  =      284.5947
 EAMBER  =   -56332.0130


   NSTEP       ENERGY          RMS            GMAX         NAME    NUMBER
    470      -5.6082E+04     1.0135E+00     5.7557E+01     CG       1188

 BOND    =     3893.2350  ANGLE   =      284.4283  DIHED      =     1626.8945
 VDWAALS =     8166.4625  EEL     =   -76848.5576  HBOND      =        0.0000
 1-4 VDW =      527.0136  1-4 EEL =     5983.7772  RESTRAINT  =      284.5628
 EAMBER  =   -56366.7464


   NSTEP       ENERGY          RMS            GMAX         NAME    NUMBER
    475      -5.6113E+04     1.0759E+00     3.9247E+01     HZ2      1987

 BOND    =     3913.8209  ANGLE   =      291.6506  DIHED      =     1627.8830
 VDWAALS =     8202.9045  EEL     =   -76944.3087  HBOND      =        0.0000
 1-4 VDW =      527.1413  1-4 EEL =     5982.8350  RESTRAINT  =      284.9603
 EAMBER  =   -56398.0735


   NSTEP       ENERGY          RMS            GMAX         NAME    NUMBER
    480      -5.6116E+04     9.7104E-01     3.7627E+01     HZ2      1987

 BOND    =     3911.1674  ANGLE   =      291.0293  DIHED      =     1627.7720
 VDWAALS =     8202.9961  EEL     =   -76943.8108  HBOND      =        0.0000
 1-4 VDW =      527.1383  1-4 EEL =     5982.8349  RESTRAINT  =      284.9197
 EAMBER  =   -56400.8729


   NSTEP       ENERGY          RMS            GMAX         NAME    NUMBER
    485      -5.6149E+04     8.2771E-01     5.4903E+01     CG       1188

 BOND    =     3896.7372  ANGLE   =      281.4595  DIHED      =     1628.0021
 VDWAALS =     8213.1799  EEL     =   -76962.9215  HBOND      =        0.0000
 1-4 VDW =      526.9413  1-4 EEL =     5983.8954  RESTRAINT  =      284.1431
 EAMBER  =   -56432.7061


   NSTEP       ENERGY          RMS            GMAX         NAME    NUMBER
    490      -5.6169E+04     6.1530E-01     3.0382E+01     HZ2      1987

 BOND    =     3914.7790  ANGLE   =      283.8270  DIHED      =     1626.9385
 VDWAALS =     8227.2277  EEL     =   -77016.1507  HBOND      =        0.0000
 1-4 VDW =      526.7861  1-4 EEL =     5983.7334  RESTRAINT  =      284.2990
 EAMBER  =   -56452.8589


   NSTEP       ENERGY          RMS            GMAX         NAME    NUMBER
    495      -5.6210E+04     6.1664E-01     1.5555E+01     CD       1954

 BOND    =     3915.8973  ANGLE   =      283.6799  DIHED      =     1627.0983
 VDWAALS =     8284.3572  EEL     =   -77114.3627  HBOND      =        0.0000
 1-4 VDW =      526.9348  1-4 EEL =     5982.7174  RESTRAINT  =      283.9662
 EAMBER  =   -56493.6779


   NSTEP       ENERGY          RMS            GMAX         NAME    NUMBER
    500      -5.6233E+04     6.6685E-01     2.7591E+01     CD       1954

 BOND    =     3923.8523  ANGLE   =      284.1909  DIHED      =     1627.4287
 VDWAALS =     8331.7150  EEL     =   -77194.9982  HBOND      =        0.0000
 1-4 VDW =      527.2226  1-4 EEL =     5983.6956  RESTRAINT  =      284.0220
 EAMBER  =   -56516.8931


   NSTEP       ENERGY          RMS            GMAX         NAME    NUMBER
    505      -5.6234E+04     5.9547E-01     2.0241E+01     CD       1954

 BOND    =     3922.6869  ANGLE   =      283.9536  DIHED      =     1627.3581
 VDWAALS =     8331.5031  EEL     =   -77194.8381  HBOND      =        0.0000
 1-4 VDW =      527.2018  1-4 EEL =     5983.6634  RESTRAINT  =      283.9927
 EAMBER  =   -56518.4711


   NSTEP       ENERGY          RMS            GMAX         NAME    NUMBER
    510      -5.6267E+04     6.9192E-01     2.5209E+01     NZ       1985

 BOND    =     3927.6820  ANGLE   =      284.2306  DIHED      =     1627.1576
 VDWAALS =     8328.0148  EEL     =   -77229.2472  HBOND      =        0.0000
 1-4 VDW =      527.1389  1-4 EEL =     5983.5634  RESTRAINT  =      283.9777
 EAMBER  =   -56551.4599


   NSTEP       ENERGY          RMS            GMAX         NAME    NUMBER
    515      -5.6296E+04     5.4453E-01     2.2715E+01     CG       1188

 BOND    =     3927.2792  ANGLE   =      281.4815  DIHED      =     1628.2637
 VDWAALS =     8335.9773  EEL     =   -77263.2158  HBOND      =        0.0000
 1-4 VDW =      526.8658  1-4 EEL =     5983.3475  RESTRAINT  =      283.9181
 EAMBER  =   -56580.0009


   NSTEP       ENERGY          RMS            GMAX         NAME    NUMBER
    520      -5.6312E+04     6.0786E-01     3.6478E+01     CG       1188

 BOND    =     3930.4314  ANGLE   =      283.6023  DIHED      =     1626.9968
 VDWAALS =     8351.2813  EEL     =   -77299.3450  HBOND      =        0.0000
 1-4 VDW =      527.0905  1-4 EEL =     5983.7503  RESTRAINT  =      284.1292
 EAMBER  =   -56596.1925


   NSTEP       ENERGY          RMS            GMAX         NAME    NUMBER
    525      -5.6360E+04     9.6408E-01     3.4895E+01     HZ2      1987

 BOND    =     3952.6805  ANGLE   =      287.4330  DIHED      =     1627.3245
 VDWAALS =     8401.9703  EEL     =   -77423.6269  HBOND      =        0.0000
 1-4 VDW =      527.1734  1-4 EEL =     5983.0140  RESTRAINT  =      284.2400
 EAMBER  =   -56644.0311


   NSTEP       ENERGY          RMS            GMAX         NAME    NUMBER
    530      -5.6361E+04     8.8678E-01     3.3524E+01     HZ2      1987

 BOND    =     3951.2575  ANGLE   =      287.1141  DIHED      =     1627.2752
 VDWAALS =     8402.0388  EEL     =   -77423.5731  HBOND      =        0.0000
 1-4 VDW =      527.1700  1-4 EEL =     5983.0164  RESTRAINT  =      284.2215
 EAMBER  =   -56645.7011


   NSTEP       ENERGY          RMS            GMAX         NAME    NUMBER
    535      -5.6380E+04     5.4556E-01     3.8012E+01     CG       1188

 BOND    =     3938.0069  ANGLE   =      281.0701  DIHED      =     1627.2653
 VDWAALS =     8409.8281  EEL     =   -77430.6579  HBOND      =        0.0000
 1-4 VDW =      527.0592  1-4 EEL =     5983.7800  RESTRAINT  =      283.7856
 EAMBER  =   -56663.6484


   NSTEP       ENERGY          RMS            GMAX         NAME    NUMBER
    540      -5.6393E+04     5.4917E-01     3.1737E+01     HZ2      1987

 BOND    =     3953.0234  ANGLE   =      283.4620  DIHED      =     1627.2050
 VDWAALS =     8425.6889  EEL     =   -77476.9310  HBOND      =        0.0000
 1-4 VDW =      526.8443  1-4 EEL =     5983.9077  RESTRAINT  =      283.9559
 EAMBER  =   -56676.7997


   NSTEP       ENERGY          RMS            GMAX         NAME    NUMBER
    545      -5.6461E+04     9.0905E-01     3.7637E+01     HZ3      1988

 BOND    =     3977.9114  ANGLE   =      293.1314  DIHED      =     1629.6005
 VDWAALS =     8531.3833  EEL     =   -77687.1868  HBOND      =        0.0000
 1-4 VDW =      527.3204  1-4 EEL =     5982.9134  RESTRAINT  =      284.3488
 EAMBER  =   -56744.9264


   NSTEP       ENERGY          RMS            GMAX         NAME    NUMBER
    550      -5.6563E+04     8.1205E-01     2.3514E+01     CD       1954

 BOND    =     4017.4954  ANGLE   =      284.9704  DIHED      =     1627.1848
 VDWAALS =     8773.6649  EEL     =   -78061.2546  HBOND      =        0.0000
 1-4 VDW =      527.8091  1-4 EEL =     5983.5928  RESTRAINT  =      283.0746
 EAMBER  =   -56846.5373


   NSTEP       ENERGY          RMS            GMAX         NAME    NUMBER
    555      -5.6565E+04     7.7232E-01     2.1313E+01     HZ2      1987

 BOND    =     4016.2978  ANGLE   =      284.8156  DIHED      =     1627.1526
 VDWAALS =     8773.1521  EEL     =   -78060.8571  HBOND      =        0.0000
 1-4 VDW =      527.7988  1-4 EEL =     5983.5918  RESTRAINT  =      283.0535
 EAMBER  =   -56848.0483


   NSTEP       ENERGY          RMS            GMAX         NAME    NUMBER
    560      -5.6654E+04     1.5079E+00     6.7263E+01     CG       1188

 BOND    =     4017.0932  ANGLE   =      289.4214  DIHED      =     1628.0657
 VDWAALS =     8726.9932  EEL     =   -78109.3428  HBOND      =        0.0000
 1-4 VDW =      527.2782  1-4 EEL =     5984.2315  RESTRAINT  =      282.3158
 EAMBER  =   -56936.2596


   NSTEP       ENERGY          RMS            GMAX         NAME    NUMBER
    565      -5.6686E+04     5.0175E-01     1.9502E+01     O       11654

 BOND    =     4026.8278  ANGLE   =      282.3809  DIHED      =     1626.7973
 VDWAALS =     8722.2724  EEL     =   -78137.1245  HBOND      =        0.0000
 1-4 VDW =      527.6477  1-4 EEL =     5983.3039  RESTRAINT  =      281.9555
 EAMBER  =   -56967.8945


   NSTEP       ENERGY          RMS            GMAX         NAME    NUMBER
    570      -5.6698E+04     4.2122E-01     2.6854E+01     CG       1188

 BOND    =     4001.6325  ANGLE   =      282.9289  DIHED      =     1626.7307
 VDWAALS =     8728.2175  EEL     =   -78131.5197  HBOND      =        0.0000
 1-4 VDW =      527.7006  1-4 EEL =     5983.8152  RESTRAINT  =      282.0312
 EAMBER  =   -56980.4943


   NSTEP       ENERGY          RMS            GMAX         NAME    NUMBER
    575      -5.6716E+04     7.9520E-01     2.6807E+01     CG       1188

 BOND    =     4023.7067  ANGLE   =      285.7438  DIHED      =     1627.2656
 VDWAALS =     8753.0290  EEL     =   -78199.5547  HBOND      =        0.0000
 1-4 VDW =      526.9885  1-4 EEL =     5984.2553  RESTRAINT  =      282.4245
 EAMBER  =   -56998.5657


   NSTEP       ENERGY          RMS            GMAX         NAME    NUMBER
    580      -5.6719E+04     6.1937E-01     2.2510E+01     HZ3      1988

 BOND    =     4021.6411  ANGLE   =      285.2672  DIHED      =     1627.1551
 VDWAALS =     8753.2515  EEL     =   -78199.9014  HBOND      =        0.0000
 1-4 VDW =      527.0216  1-4 EEL =     5984.2034  RESTRAINT  =      282.3665
 EAMBER  =   -57001.3614


   NSTEP       ENERGY          RMS            GMAX         NAME    NUMBER
    585      -5.6732E+04     3.6957E-01     2.8824E+01     CG       1188

 BOND    =     4011.4310  ANGLE   =      281.8548  DIHED      =     1627.0880
 VDWAALS =     8756.4046  EEL     =   -78202.1091  HBOND      =        0.0000
 1-4 VDW =      527.6502  1-4 EEL =     5983.6359  RESTRAINT  =      281.7833
 EAMBER  =   -57014.0447


   NSTEP       ENERGY          RMS            GMAX         NAME    NUMBER
    590      -5.6746E+04     5.2028E-01     1.8888E+01     HZ2      1987

 BOND    =     4026.2356  ANGLE   =      285.1180  DIHED      =     1626.8823
 VDWAALS =     8773.1051  EEL     =   -78250.8539  HBOND      =        0.0000
 1-4 VDW =      527.7088  1-4 EEL =     5983.9801  RESTRAINT  =      281.8266
 EAMBER  =   -57027.8239


   NSTEP       ENERGY          RMS            GMAX         NAME    NUMBER
    595      -5.6803E+04     1.3459E+00     7.3082E+01     CD        839

 BOND    =     4046.2126  ANGLE   =      287.8903  DIHED      =     1627.3075
 VDWAALS =     8872.7165  EEL     =   -78429.0779  HBOND      =        0.0000
 1-4 VDW =      527.4486  1-4 EEL =     5982.0791  RESTRAINT  =      282.0342
 EAMBER  =   -57085.4234


   NSTEP       ENERGY          RMS            GMAX         NAME    NUMBER
    600      -5.6899E+04     8.5578E-01     2.5368E+01     H1       6951

 BOND    =     4069.6485  ANGLE   =      287.7816  DIHED      =     1627.9241
 VDWAALS =     9009.5424  EEL     =   -78685.5286  HBOND      =        0.0000
 1-4 VDW =      528.1002  1-4 EEL =     5981.3842  RESTRAINT  =      282.6369
 EAMBER  =   -57181.1476


   NSTEP       ENERGY          RMS            GMAX         NAME    NUMBER
    605      -5.6900E+04     8.1642E-01     2.4594E+01     H1       6951

 BOND    =     4068.6290  ANGLE   =      287.5402  DIHED      =     1627.8338
 VDWAALS =     9009.2072  EEL     =   -78685.7877  HBOND      =        0.0000
 1-4 VDW =      528.0834  1-4 EEL =     5981.4111  RESTRAINT  =      282.6087
 EAMBER  =   -57183.0830


   NSTEP       ENERGY          RMS            GMAX         NAME    NUMBER
    610      -5.6967E+04     1.0952E+00     4.2805E+01     CB       1875

 BOND    =     4078.7636  ANGLE   =      284.5519  DIHED      =     1627.9338
 VDWAALS =     8987.4974  EEL     =   -78739.6018  HBOND      =        0.0000
 1-4 VDW =      527.0781  1-4 EEL =     5984.4137  RESTRAINT  =      281.9894
 EAMBER  =   -57249.3633


   NSTEP       ENERGY          RMS            GMAX         NAME    NUMBER
    615      -5.6989E+04     4.3452E-01     2.1866E+01     CG       1188

 BOND    =     4068.8110  ANGLE   =      282.7946  DIHED      =     1626.6660
 VDWAALS =     8989.7193  EEL     =   -78749.5400  HBOND      =        0.0000
 1-4 VDW =      527.2265  1-4 EEL =     5983.9144  RESTRAINT  =      281.8785
 EAMBER  =   -57270.4081


   NSTEP       ENERGY          RMS            GMAX         NAME    NUMBER
    620      -5.7005E+04     3.6739E-01     1.4949E+01     HZ2      1987

 BOND    =     4064.4065  ANGLE   =      283.1299  DIHED      =     1626.8809
 VDWAALS =     8999.0884  EEL     =   -78771.9912  HBOND      =        0.0000
 1-4 VDW =      527.5229  1-4 EEL =     5983.8112  RESTRAINT  =      282.2461
 EAMBER  =   -57287.1514


   NSTEP       ENERGY          RMS            GMAX         NAME    NUMBER
    625      -5.7017E+04     5.6289E-01     3.4721E+01     CD        839

 BOND    =     4080.4993  ANGLE   =      283.3132  DIHED      =     1626.6916
 VDWAALS =     9014.2564  EEL     =   -78815.2032  HBOND      =        0.0000
 1-4 VDW =      527.0569  1-4 EEL =     5983.5417  RESTRAINT  =      282.6845
 EAMBER  =   -57299.8441


   NSTEP       ENERGY          RMS            GMAX         NAME    NUMBER
    630      -5.7019E+04     4.0750E-01     1.7822E+01     CD        839

 BOND    =     4077.7148  ANGLE   =      283.0666  DIHED      =     1626.6363
 VDWAALS =     9014.3764  EEL     =   -78814.0715  HBOND      =        0.0000
 1-4 VDW =      527.0789  1-4 EEL =     5983.5603  RESTRAINT  =      282.6456
 EAMBER  =   -57301.6381


   NSTEP       ENERGY          RMS            GMAX         NAME    NUMBER
    635      -5.7028E+04     3.8034E-01     1.7476E+01     CG       1188

 BOND    =     4068.9942  ANGLE   =      281.9051  DIHED      =     1626.9154
 VDWAALS =     9014.0652  EEL     =   -78813.3052  HBOND      =        0.0000
 1-4 VDW =      527.3154  1-4 EEL =     5983.6857  RESTRAINT  =      282.2135
 EAMBER  =   -57310.4241


   NSTEP       ENERGY          RMS            GMAX         NAME    NUMBER
    640      -5.7042E+04     5.0194E-01     2.7990E+01     CG       1188

 BOND    =     4079.9382  ANGLE   =      283.3776  DIHED      =     1626.6246
 VDWAALS =     9021.0318  EEL     =   -78846.6246  HBOND      =        0.0000
 1-4 VDW =      527.2543  1-4 EEL =     5984.4810  RESTRAINT  =      281.9979
 EAMBER  =   -57323.9172


   NSTEP       ENERGY          RMS            GMAX         NAME    NUMBER
    645      -5.7063E+04     7.0917E-01     3.2388E+01     CG       1188

 BOND    =     4083.9116  ANGLE   =      283.6746  DIHED      =     1627.0041
 VDWAALS =     9044.2203  EEL     =   -78895.6122  HBOND      =        0.0000
 1-4 VDW =      527.4684  1-4 EEL =     5984.0657  RESTRAINT  =      282.0516
 EAMBER  =   -57345.2674


   NSTEP       ENERGY          RMS            GMAX         NAME    NUMBER
    650      -5.7111E+04     7.0750E-01     2.5488E+01     HZ2      1987

 BOND    =     4096.9861  ANGLE   =      289.1763  DIHED      =     1628.1570
 VDWAALS =     9100.3574  EEL     =   -79019.8031  HBOND      =        0.0000
 1-4 VDW =      528.2150  1-4 EEL =     5982.4836  RESTRAINT  =      283.0609
 EAMBER  =   -57394.4277


   NSTEP       ENERGY          RMS            GMAX         NAME    NUMBER
    655      -5.7113E+04     6.5666E-01     2.4723E+01     HZ2      1987

 BOND    =     4095.8049  ANGLE   =      288.6931  DIHED      =     1627.9849
 VDWAALS =     9100.3155  EEL     =   -79019.7706  HBOND      =        0.0000
 1-4 VDW =      528.2008  1-4 EEL =     5982.5061  RESTRAINT  =      283.0180
 EAMBER  =   -57396.2654


   NSTEP       ENERGY          RMS            GMAX         NAME    NUMBER
    660      -5.7148E+04     7.1009E-01     4.3062E+01     CG       1188

 BOND    =     4092.4161  ANGLE   =      284.0809  DIHED      =     1627.3676
 VDWAALS =     9106.8329  EEL     =   -79052.4216  HBOND      =        0.0000
 1-4 VDW =      527.3260  1-4 EEL =     5983.6404  RESTRAINT  =      282.3630
 EAMBER  =   -57430.7577


   NSTEP       ENERGY          RMS            GMAX         NAME    NUMBER
    665      -5.7165E+04     4.9781E-01     2.6458E+01     CG       1188

 BOND    =     4104.4093  ANGLE   =      283.9333  DIHED      =     1626.5266
 VDWAALS =     9115.1476  EEL     =   -79088.4824  HBOND      =        0.0000
 1-4 VDW =      527.4217  1-4 EEL =     5983.3601  RESTRAINT  =      282.4971
 EAMBER  =   -57447.6838


   NSTEP       ENERGY          RMS            GMAX         NAME    NUMBER
    670      -5.7180E+04     2.7219E-01     6.9991E+00     CD       1710

 BOND    =     4097.4176  ANGLE   =      281.8707  DIHED      =     1626.5468
 VDWAALS =     9124.8470  EEL     =   -79104.0334  HBOND      =        0.0000
 1-4 VDW =      527.4476  1-4 EEL =     5983.6537  RESTRAINT  =      282.7042
 EAMBER  =   -57462.2499


   NSTEP       ENERGY          RMS            GMAX         NAME    NUMBER
    675      -5.7186E+04     5.1903E-01     3.3601E+01     CD       1710

 BOND    =     4106.8628  ANGLE   =      282.7117  DIHED      =     1626.5433
 VDWAALS =     9131.4248  EEL     =   -79127.6311  HBOND      =        0.0000
 1-4 VDW =      527.0045  1-4 EEL =     5983.6627  RESTRAINT  =      282.9223
 EAMBER  =   -57469.4213


   NSTEP       ENERGY          RMS            GMAX         NAME    NUMBER
    680      -5.7188E+04     3.6141E-01     1.4489E+01     CD       1710

 BOND    =     4104.3216  ANGLE   =      282.5192  DIHED      =     1626.4939
 VDWAALS =     9131.5224  EEL     =   -79126.8434  HBOND      =        0.0000
 1-4 VDW =      527.0411  1-4 EEL =     5983.6962  RESTRAINT  =      282.8957
 EAMBER  =   -57471.2489


   NSTEP       ENERGY          RMS            GMAX         NAME    NUMBER
    685      -5.7196E+04     3.5548E-01     1.1701E+01     CD        188

 BOND    =     4101.9742  ANGLE   =      281.8092  DIHED      =     1626.7378
 VDWAALS =     9131.0469  EEL     =   -79130.6217  HBOND      =        0.0000
 1-4 VDW =      527.2463  1-4 EEL =     5983.4573  RESTRAINT  =      282.6548
 EAMBER  =   -57478.3501


   NSTEP       ENERGY          RMS            GMAX         NAME    NUMBER
    690      -5.7210E+04     4.9408E-01     2.8203E+01     CG       1188

 BOND    =     4106.5395  ANGLE   =      282.3440  DIHED      =     1626.8107
 VDWAALS =     9136.9065  EEL     =   -79155.7267  HBOND      =        0.0000
 1-4 VDW =      527.1733  1-4 EEL =     5983.7707  RESTRAINT  =      282.6091
 EAMBER  =   -57492.1821


   NSTEP       ENERGY          RMS            GMAX         NAME    NUMBER
    695      -5.7229E+04     6.6514E-01     2.9658E+01     CG       1188

 BOND    =     4114.7574  ANGLE   =      283.7511  DIHED      =     1626.7243
 VDWAALS =     9153.0513  EEL     =   -79200.5469  HBOND      =        0.0000
 1-4 VDW =      527.2371  1-4 EEL =     5983.1758  RESTRAINT  =      282.8538
 EAMBER  =   -57511.8500


   NSTEP       ENERGY          RMS            GMAX         NAME    NUMBER
    700      -5.7271E+04     6.9395E-01     2.4486E+01     HZ2      1987

 BOND    =     4121.7156  ANGLE   =      288.1633  DIHED      =     1627.4756
 VDWAALS =     9193.8531  EEL     =   -79296.5100  HBOND      =        0.0000
 1-4 VDW =      527.5708  1-4 EEL =     5982.8778  RESTRAINT  =      283.6828
 EAMBER  =   -57554.8538


   NSTEP       ENERGY          RMS            GMAX         NAME    NUMBER
    705      -5.7273E+04     6.1931E-01     2.3639E+01     HZ2      1987

 BOND    =     4120.4520  ANGLE   =      287.5516  DIHED      =     1627.3687
 VDWAALS =     9193.8144  EEL     =   -79296.4645  HBOND      =        0.0000
 1-4 VDW =      527.5853  1-4 EEL =     5982.9032  RESTRAINT  =      283.6429
 EAMBER  =   -57556.7893


   NSTEP       ENERGY          RMS            GMAX         NAME    NUMBER
    710      -5.7295E+04     5.2999E-01     2.2598E+01     CG       1188

 BOND    =     4117.0883  ANGLE   =      282.7052  DIHED      =     1626.7009
 VDWAALS =     9198.6193  EEL     =   -79314.2715  HBOND      =        0.0000
 1-4 VDW =      527.1225  1-4 EEL =     5983.5516  RESTRAINT  =      283.0232
 EAMBER  =   -57578.4837


   NSTEP       ENERGY          RMS            GMAX         NAME    NUMBER
    715      -5.7307E+04     4.4136E-01     1.8828E+01     HZ2      1987

 BOND    =     4122.9651  ANGLE   =      283.0703  DIHED      =     1626.4922
 VDWAALS =     9206.0399  EEL     =   -79339.1623  HBOND      =        0.0000
 1-4 VDW =      527.2051  1-4 EEL =     5983.6505  RESTRAINT  =      283.0687
 EAMBER  =   -57589.7391


   NSTEP       ENERGY          RMS            GMAX         NAME    NUMBER
    720      -5.7320E+04     2.7354E-01     9.1540E+00     CG       1188

 BOND    =     4121.3493  ANGLE   =      282.0511  DIHED      =     1626.6845
 VDWAALS =     9217.7770  EEL     =   -79361.4375  HBOND      =        0.0000
 1-4 VDW =      527.1646  1-4 EEL =     5983.6653  RESTRAINT  =      283.1941
 EAMBER  =   -57602.7457


   NSTEP       ENERGY          RMS            GMAX         NAME    NUMBER
    725      -5.7326E+04     4.0038E-01     1.6716E+01     CG       1188

 BOND    =     4125.4363  ANGLE   =      282.7596  DIHED      =     1626.6946
 VDWAALS =     9225.4764  EEL     =   -79380.0715  HBOND      =        0.0000
 1-4 VDW =      526.9041  1-4 EEL =     5983.6361  RESTRAINT  =      283.3851
 EAMBER  =   -57609.1643


   NSTEP       ENERGY          RMS            GMAX         NAME    NUMBER
    730      -5.7327E+04     2.9920E-01     1.2361E+01     HZ3      1988

 BOND    =     4124.3799  ANGLE   =      282.6113  DIHED      =     1626.6311
 VDWAALS =     9225.4289  EEL     =   -79380.2257  HBOND      =        0.0000
 1-4 VDW =      526.9288  1-4 EEL =     5983.6674  RESTRAINT  =      283.3531
 EAMBER  =   -57610.5782


   NSTEP       ENERGY          RMS            GMAX         NAME    NUMBER
    735      -5.7335E+04     3.3065E-01     1.3541E+01     CG       1188

 BOND    =     4125.9169  ANGLE   =      282.1592  DIHED      =     1626.9338
 VDWAALS =     9224.1837  EEL     =   -79387.5509  HBOND      =        0.0000
 1-4 VDW =      527.1613  1-4 EEL =     5983.4511  RESTRAINT  =      283.0996
 EAMBER  =   -57617.7448


   NSTEP       ENERGY          RMS            GMAX         NAME    NUMBER
    740      -5.7348E+04     4.5535E-01     1.9096E+01     CG       1188

 BOND    =     4127.2378  ANGLE   =      282.6624  DIHED      =     1626.8726
 VDWAALS =     9229.0111  EEL     =   -79407.0837  HBOND      =        0.0000
 1-4 VDW =      527.0677  1-4 EEL =     5983.5670  RESTRAINT  =      283.0343
 EAMBER  =   -57630.6651


   NSTEP       ENERGY          RMS            GMAX         NAME    NUMBER
    745      -5.7362E+04     5.4780E-01     1.9129E+01     CG       1188

 BOND    =     4134.3002  ANGLE   =      282.7641  DIHED      =     1626.6359
 VDWAALS =     9241.9058  EEL     =   -79441.8255  HBOND      =        0.0000
 1-4 VDW =      527.3985  1-4 EEL =     5983.4644  RESTRAINT  =      283.1051
 EAMBER  =   -57645.3567


   NSTEP       ENERGY          RMS            GMAX         NAME    NUMBER
    750      -5.7395E+04     6.2329E-01     2.1023E+01     HZ2      1987

 BOND    =     4137.0897  ANGLE   =      287.2565  DIHED      =     1627.5065
 VDWAALS =     9275.2363  EEL     =   -79516.2940  HBOND      =        0.0000
 1-4 VDW =      527.6017  1-4 EEL =     5983.0916  RESTRAINT  =      283.6649
 EAMBER  =   -57678.5117


   NSTEP       ENERGY          RMS            GMAX         NAME    NUMBER
    755      -5.7397E+04     5.6106E-01     2.0411E+01     HZ2      1987

 BOND    =     4136.3808  ANGLE   =      286.7219  DIHED      =     1627.4058
 VDWAALS =     9275.1574  EEL     =   -79516.5861  HBOND      =        0.0000
 1-4 VDW =      527.5974  1-4 EEL =     5983.1244  RESTRAINT  =      283.6270
 EAMBER  =   -57680.1984


   NSTEP       ENERGY          RMS            GMAX         NAME    NUMBER
    760      -5.7418E+04     5.0706E-01     2.1138E+01     CD        839

 BOND    =     4140.6608  ANGLE   =      282.7227  DIHED      =     1626.9128
 VDWAALS =     9280.0254  EEL     =   -79542.3729  HBOND      =        0.0000
 1-4 VDW =      527.1104  1-4 EEL =     5983.5216  RESTRAINT  =      283.0690
 EAMBER  =   -57701.4192


   NSTEP       ENERGY          RMS            GMAX         NAME    NUMBER
    765      -5.7430E+04     4.4416E-01     1.7279E+01     CD2       545

 BOND    =     4142.6830  ANGLE   =      283.4897  DIHED      =     1626.5785
 VDWAALS =     9288.2238  EEL     =   -79565.0552  HBOND      =        0.0000
 1-4 VDW =      527.0917  1-4 EEL =     5983.6848  RESTRAINT  =      283.1247
 EAMBER  =   -57713.3038


   NSTEP       ENERGY          RMS            GMAX         NAME    NUMBER
    770      -5.7441E+04     2.4824E-01     9.7584E+00     CG       1188

 BOND    =     4142.3093  ANGLE   =      282.2773  DIHED      =     1626.7320
 VDWAALS =     9297.9476  EEL     =   -79584.1819  HBOND      =        0.0000
 1-4 VDW =      527.0736  1-4 EEL =     5983.6319  RESTRAINT  =      283.2394
 EAMBER  =   -57724.2103


   NSTEP       ENERGY          RMS            GMAX         NAME    NUMBER
    775      -5.7446E+04     3.7427E-01     2.1488E+01     CG       1188

 BOND    =     4145.8350  ANGLE   =      282.8377  DIHED      =     1626.6870
 VDWAALS =     9304.8825  EEL     =   -79600.2918  HBOND      =        0.0000
 1-4 VDW =      526.8369  1-4 EEL =     5983.5957  RESTRAINT  =      283.4125
 EAMBER  =   -57729.6172


   NSTEP       ENERGY          RMS            GMAX         NAME    NUMBER
    780      -5.7448E+04     2.6984E-01     1.2020E+01     HZ3      1988

 BOND    =     4144.7061  ANGLE   =      282.7299  DIHED      =     1626.6580
 VDWAALS =     9304.8495  EEL     =   -79600.3372  HBOND      =        0.0000
 1-4 VDW =      526.8646  1-4 EEL =     5983.6329  RESTRAINT  =      283.3869
 EAMBER  =   -57730.8962


   NSTEP       ENERGY          RMS            GMAX         NAME    NUMBER
    785      -5.7454E+04     3.1049E-01     1.4569E+01     CG       1188

 BOND    =     4144.1362  ANGLE   =      282.2988  DIHED      =     1626.9256
 VDWAALS =     9304.0399  EEL     =   -79604.9739  HBOND      =        0.0000
 1-4 VDW =      527.0605  1-4 EEL =     5983.5405  RESTRAINT  =      283.1544
 EAMBER  =   -57736.9724


   NSTEP       ENERGY          RMS            GMAX         NAME    NUMBER
    790      -5.7466E+04     4.0526E-01     1.7982E+01     HZ2      1987

 BOND    =     4147.8661  ANGLE   =      282.8692  DIHED      =     1626.9063
 VDWAALS =     9309.0942  EEL     =   -79626.4670  HBOND      =        0.0000
 1-4 VDW =      527.0469  1-4 EEL =     5983.6481  RESTRAINT  =      283.0750
 EAMBER  =   -57749.0362


   NSTEP       ENERGY          RMS            GMAX         NAME    NUMBER
    795      -5.7481E+04     5.4225E-01     2.3176E+01     CD       1607

 BOND    =     4152.4708  ANGLE   =      282.8753  DIHED      =     1626.7536
 VDWAALS =     9323.0498  EEL     =   -79660.4010  HBOND      =        0.0000
 1-4 VDW =      527.3211  1-4 EEL =     5983.6473  RESTRAINT  =      283.1098
 EAMBER  =   -57764.2831


   NSTEP       ENERGY          RMS            GMAX         NAME    NUMBER
    800      -5.7512E+04     6.0272E-01     2.0532E+01     HZ2      1987

 BOND    =     4157.5376  ANGLE   =      287.3376  DIHED      =     1627.5672
 VDWAALS =     9353.9405  EEL     =   -79732.6399  HBOND      =        0.0000
 1-4 VDW =      527.4935  1-4 EEL =     5983.3375  RESTRAINT  =      283.5528
 EAMBER  =   -57795.4260


   NSTEP       ENERGY          RMS            GMAX         NAME    NUMBER
    805      -5.7514E+04     5.4070E-01     1.9787E+01     HZ2      1987

 BOND    =     4156.6783  ANGLE   =      286.7999  DIHED      =     1627.4603
 VDWAALS =     9353.9023  EEL     =   -79732.8344  HBOND      =        0.0000
 1-4 VDW =      527.4887  1-4 EEL =     5983.3654  RESTRAINT  =      283.5149
 EAMBER  =   -57797.1394


   NSTEP       ENERGY          RMS            GMAX         NAME    NUMBER
    810      -5.7535E+04     4.4919E-01     1.7462E+01     CD        188

 BOND    =     4159.2860  ANGLE   =      283.0158  DIHED      =     1626.9644
 VDWAALS =     9358.0744  EEL     =   -79756.4406  HBOND      =        0.0000
 1-4 VDW =      527.0430  1-4 EEL =     5983.6501  RESTRAINT  =      282.9766
 EAMBER  =   -57818.4069


   NSTEP       ENERGY          RMS            GMAX         NAME    NUMBER
    815      -5.7548E+04     4.4623E-01     1.7699E+01     CD2       545

 BOND    =     4161.9937  ANGLE   =      283.4123  DIHED      =     1626.6171
 VDWAALS =     9366.6299  EEL     =   -79780.4028  HBOND      =        0.0000
 1-4 VDW =      527.0280  1-4 EEL =     5983.7799  RESTRAINT  =      283.0321
 EAMBER  =   -57830.9418


   NSTEP       ENERGY          RMS            GMAX         NAME    NUMBER
    820      -5.7557E+04     2.5085E-01     7.5761E+00     CG       1188

 BOND    =     4160.9521  ANGLE   =      282.3728  DIHED      =     1626.7152
 VDWAALS =     9374.1659  EEL     =   -79795.0764  HBOND      =        0.0000
 1-4 VDW =      526.9529  1-4 EEL =     5983.7070  RESTRAINT  =      283.1544
 EAMBER  =   -57840.2104


   NSTEP       ENERGY          RMS            GMAX         NAME    NUMBER
    825      -5.7562E+04     3.3064E-01     1.3323E+01     HZ3      1988

 BOND    =     4164.1764  ANGLE   =      282.9420  DIHED      =     1626.6129
 VDWAALS =     9379.8795  EEL     =   -79809.0614  HBOND      =        0.0000
 1-4 VDW =      526.7673  1-4 EEL =     5983.6703  RESTRAINT  =      283.3672
 EAMBER  =   -57845.0131


   NSTEP       ENERGY          RMS            GMAX         NAME    NUMBER
    830      -5.7563E+04     2.3291E-01     1.1357E+01     HZ3      1988

 BOND    =     4162.9340  ANGLE   =      282.8625  DIHED      =     1626.6004
 VDWAALS =     9379.8763  EEL     =   -79809.0645  HBOND      =        0.0000
 1-4 VDW =      526.7914  1-4 EEL =     5983.7001  RESTRAINT  =      283.3330
 EAMBER  =   -57846.2998


   NSTEP       ENERGY          RMS            GMAX         NAME    NUMBER
    835      -5.7568E+04     2.8726E-01     1.3020E+01     CG       1188

 BOND    =     4163.0635  ANGLE   =      282.3913  DIHED      =     1626.8019
 VDWAALS =     9379.4092  EEL     =   -79813.7410  HBOND      =        0.0000
 1-4 VDW =      526.9391  1-4 EEL =     5983.6428  RESTRAINT  =      283.1201
 EAMBER  =   -57851.4932


   NSTEP       ENERGY          RMS            GMAX         NAME    NUMBER
    840      -5.7580E+04     3.7520E-01     1.6190E+01     HZ2      1987

 BOND    =     4166.1248  ANGLE   =      282.5286  DIHED      =     1626.8665
 VDWAALS =     9383.9814  EEL     =   -79832.8174  HBOND      =        0.0000
 1-4 VDW =      526.9127  1-4 EEL =     5983.7335  RESTRAINT  =      283.0089
 EAMBER  =   -57862.6698


   NSTEP       ENERGY          RMS            GMAX         NAME    NUMBER
    845      -5.7596E+04     5.5133E-01     2.0936E+01     CD       1607

 BOND    =     4172.2729  ANGLE   =      283.1266  DIHED      =     1626.6498
 VDWAALS =     9398.6650  EEL     =   -79870.9053  HBOND      =        0.0000
 1-4 VDW =      527.2351  1-4 EEL =     5983.7313  RESTRAINT  =      283.0819
 EAMBER  =   -57879.2246


   NSTEP       ENERGY          RMS            GMAX         NAME    NUMBER
    850      -5.7627E+04     6.0012E-01     1.9659E+01     HZ2      1987

 BOND    =     4175.4788  ANGLE   =      287.0731  DIHED      =     1627.2283
 VDWAALS =     9427.9806  EEL     =   -79938.8253  HBOND      =        0.0000
 1-4 VDW =      527.3494  1-4 EEL =     5983.4789  RESTRAINT  =      283.5409
 EAMBER  =   -57910.2362


   NSTEP       ENERGY          RMS            GMAX         NAME    NUMBER
    855      -5.7628E+04     5.2722E-01     1.8888E+01     HZ2      1987

 BOND    =     4174.6552  ANGLE   =      286.5467  DIHED      =     1627.1437
 VDWAALS =     9427.9072  EEL     =   -79939.0742  HBOND      =        0.0000
 1-4 VDW =      527.3446  1-4 EEL =     5983.5054  RESTRAINT  =      283.5067
 EAMBER  =   -57911.9713


   NSTEP       ENERGY          RMS            GMAX         NAME    NUMBER
    860      -5.7648E+04     5.5886E-01     2.2430E+01     CD        188

 BOND    =     4179.4947  ANGLE   =      283.5093  DIHED      =     1626.7995
 VDWAALS =     9432.6397  EEL     =   -79964.1281  HBOND      =        0.0000
 1-4 VDW =      526.9063  1-4 EEL =     5983.7112  RESTRAINT  =      283.0825
 EAMBER  =   -57931.0673


   NSTEP       ENERGY          RMS            GMAX         NAME    NUMBER
    865      -5.7662E+04     3.2864E-01     1.3802E+01     CD       1224

 BOND    =     4176.1185  ANGLE   =      283.5047  DIHED      =     1626.6944
 VDWAALS =     9439.6762  EEL     =   -79981.7913  HBOND      =        0.0000
 1-4 VDW =      526.9874  1-4 EEL =     5983.7323  RESTRAINT  =      283.1305
 EAMBER  =   -57945.0778


   NSTEP       ENERGY          RMS            GMAX         NAME    NUMBER
    870      -5.7666E+04     2.9948E-01     1.1979E+01     CG       1188

 BOND    =     4179.8852  ANGLE   =      283.0008  DIHED      =     1626.6481
 VDWAALS =     9442.4288  EEL     =   -79991.9700  HBOND      =        0.0000
 1-4 VDW =      526.9370  1-4 EEL =     5983.7094  RESTRAINT  =      283.2544
 EAMBER  =   -57949.3608


   NSTEP       ENERGY          RMS            GMAX         NAME    NUMBER
    875      -5.7673E+04     2.9794E-01     1.2148E+01     HZ3      1988

 BOND    =     4180.4078  ANGLE   =      283.0538  DIHED      =     1626.4585
 VDWAALS =     9447.0864  EEL     =   -80003.8666  HBOND      =        0.0000
 1-4 VDW =      526.7873  1-4 EEL =     5983.7247  RESTRAINT  =      283.3418
 EAMBER  =   -57956.3481


   NSTEP       ENERGY          RMS            GMAX         NAME    NUMBER
    880      -5.7674E+04     1.9059E-01     1.0151E+01     HZ3      1988

 BOND    =     4179.9232  ANGLE   =      282.9242  DIHED      =     1626.4704
 VDWAALS =     9447.3317  EEL     =   -80004.6978  HBOND      =        0.0000
 1-4 VDW =      526.7989  1-4 EEL =     5983.7247  RESTRAINT  =      283.3083
 EAMBER  =   -57957.5246


   NSTEP       ENERGY          RMS            GMAX         NAME    NUMBER
    885      -5.7678E+04     2.5135E-01     9.5924E+00     CD       1710

 BOND    =     4181.7782  ANGLE   =      282.3720  DIHED      =     1626.5558
 VDWAALS =     9449.3820  EEL     =   -80011.7056  HBOND      =        0.0000
 1-4 VDW =      526.8714  1-4 EEL =     5983.7407  RESTRAINT  =      283.1875
 EAMBER  =   -57961.0056


   NSTEP       ENERGY          RMS            GMAX         NAME    NUMBER
    890      -5.7688E+04     4.0776E-01     2.0065E+01     HZ2      1987

 BOND    =     4182.8036  ANGLE   =      283.4578  DIHED      =     1626.5873
 VDWAALS =     9459.2358  EEL     =   -80033.9846  HBOND      =        0.0000
 1-4 VDW =      526.8844  1-4 EEL =     5983.8151  RESTRAINT  =      283.2644
 EAMBER  =   -57971.2006


   NSTEP       ENERGY          RMS            GMAX         NAME    NUMBER
    895      -5.7760E+04     1.1989E+00     4.7271E+01     O        5555

 BOND    =     4228.6621  ANGLE   =      294.0174  DIHED      =     1632.0105
 VDWAALS =     9576.4110  EEL     =   -80287.0095  HBOND      =        0.0000
 1-4 VDW =      527.4051  1-4 EEL =     5984.4000  RESTRAINT  =      284.5288
 EAMBER  =   -58044.1035


   NSTEP       ENERGY          RMS            GMAX         NAME    NUMBER
    900      -5.7817E+04     5.1565E-01     2.7261E+01     O        5555

 BOND    =     4216.5057  ANGLE   =      285.1181  DIHED      =     1627.0200
 VDWAALS =     9600.7826  EEL     =   -80342.2332  HBOND      =        0.0000
 1-4 VDW =      527.6422  1-4 EEL =     5983.7499  RESTRAINT  =      284.2105
 EAMBER  =   -58101.4147


   NSTEP       ENERGY          RMS            GMAX         NAME    NUMBER
    905      -5.7819E+04     4.5478E-01     2.4378E+01     O        5555

 BOND    =     4216.0686  ANGLE   =      284.7475  DIHED      =     1626.9343
 VDWAALS =     9599.8379  EEL     =   -80341.8407  HBOND      =        0.0000
 1-4 VDW =      527.6257  1-4 EEL =     5983.7364  RESTRAINT  =      284.2013
 EAMBER  =   -58102.8903


   NSTEP       ENERGY          RMS            GMAX         NAME    NUMBER
    910      -5.7836E+04     7.9307E-01     4.2653E+01     CD       1710

 BOND    =     4213.2243  ANGLE   =      283.9910  DIHED      =     1626.8892
 VDWAALS =     9589.4384  EEL     =   -80344.3039  HBOND      =        0.0000
 1-4 VDW =      527.0197  1-4 EEL =     5983.7435  RESTRAINT  =      284.3796
 EAMBER  =   -58119.9977


   NSTEP       ENERGY          RMS            GMAX         NAME    NUMBER
    915      -5.7848E+04     3.6151E-01     1.4563E+01     H1       5556

 BOND    =     4220.4772  ANGLE   =      283.4201  DIHED      =     1626.5201
 VDWAALS =     9589.2053  EEL     =   -80362.5107  HBOND      =        0.0000
 1-4 VDW =      527.0506  1-4 EEL =     5983.4470  RESTRAINT  =      284.4943
 EAMBER  =   -58132.3903


   NSTEP       ENERGY          RMS            GMAX         NAME    NUMBER
    920      -5.7856E+04     3.0653E-01     8.6647E+00     C        1989

 BOND    =     4217.4510  ANGLE   =      283.1843  DIHED      =     1626.6793
 VDWAALS =     9593.7998  EEL     =   -80372.3183  HBOND      =        0.0000
 1-4 VDW =      526.8874  1-4 EEL =     5983.8196  RESTRAINT  =      284.2746
 EAMBER  =   -58140.4969


   NSTEP       ENERGY          RMS            GMAX         NAME    NUMBER
    925      -5.7863E+04     3.0381E-01     1.3297E+01     O        5555

 BOND    =     4218.5152  ANGLE   =      282.1320  DIHED      =     1626.4972
 VDWAALS =     9602.1625  EEL     =   -80387.1021  HBOND      =        0.0000
 1-4 VDW =      526.6832  1-4 EEL =     5983.9657  RESTRAINT  =      283.8552
 EAMBER  =   -58147.1462


   NSTEP       ENERGY          RMS            GMAX         NAME    NUMBER
    930      -5.7865E+04     1.9223E-01     9.6130E+00     O        5555

 BOND    =     4216.9402  ANGLE   =      282.3751  DIHED      =     1626.4602
 VDWAALS =     9601.5684  EEL     =   -80386.4045  HBOND      =        0.0000
 1-4 VDW =      526.6828  1-4 EEL =     5984.0189  RESTRAINT  =      283.8413
 EAMBER  =   -58148.3589


   NSTEP       ENERGY          RMS            GMAX         NAME    NUMBER
    935      -5.7870E+04     2.6543E-01     1.2062E+01     CD       1224

 BOND    =     4215.4387  ANGLE   =      283.0354  DIHED      =     1626.4239
 VDWAALS =     9598.4573  EEL     =   -80387.8056  HBOND      =        0.0000
 1-4 VDW =      526.9957  1-4 EEL =     5983.7591  RESTRAINT  =      283.8274
 EAMBER  =   -58153.6955


   NSTEP       ENERGY          RMS            GMAX         NAME    NUMBER
    940      -5.7876E+04     2.7949E-01     7.1458E+00     H2       5557

 BOND    =     4218.8440  ANGLE   =      282.9410  DIHED      =     1626.2669
 VDWAALS =     9600.6369  EEL     =   -80399.1770  HBOND      =        0.0000
 1-4 VDW =      527.0319  1-4 EEL =     5983.8646  RESTRAINT  =      283.6285
 EAMBER  =   -58159.5917


   NSTEP       ENERGY          RMS            GMAX         NAME    NUMBER
    945      -5.7893E+04     6.2404E-01     2.2531E+01     O        5555

 BOND    =     4233.2377  ANGLE   =      283.1679  DIHED      =     1626.8336
 VDWAALS =     9615.1800  EEL     =   -80445.3492  HBOND      =        0.0000
 1-4 VDW =      527.0184  1-4 EEL =     5984.2370  RESTRAINT  =      282.9077
 EAMBER  =   -58175.6745


   NSTEP       ENERGY          RMS            GMAX         NAME    NUMBER
    950      -5.7938E+04     7.2361E-01     2.2312E+01     O        7106

 BOND    =     4241.8280  ANGLE   =      287.4276  DIHED      =     1627.9796
 VDWAALS =     9662.7606  EEL     =   -80551.9827  HBOND      =        0.0000
 1-4 VDW =      527.6906  1-4 EEL =     5984.2494  RESTRAINT  =      282.1522
 EAMBER  =   -58220.0469


   NSTEP       ENERGY          RMS            GMAX         NAME    NUMBER
    955      -5.7940E+04     6.4779E-01     1.8784E+01     O        7106

 BOND    =     4239.2775  ANGLE   =      287.1236  DIHED      =     1627.8394
 VDWAALS =     9662.7588  EEL     =   -80550.8646  HBOND      =        0.0000
 1-4 VDW =      527.6646  1-4 EEL =     5984.2677  RESTRAINT  =      282.1241
 EAMBER  =   -58221.9330


   NSTEP       ENERGY          RMS            GMAX         NAME    NUMBER
    960      -5.7963E+04     5.6691E-01     2.7797E+01     CD       1224

 BOND    =     4238.7226  ANGLE   =      284.4490  DIHED      =     1626.7990
 VDWAALS =     9658.3538  EEL     =   -80564.7867  HBOND      =        0.0000
 1-4 VDW =      527.3529  1-4 EEL =     5984.1893  RESTRAINT  =      281.7627
 EAMBER  =   -58244.9202


   NSTEP       ENERGY          RMS            GMAX         NAME    NUMBER
    965      -5.7978E+04     4.4135E-01     1.5097E+01     CD       1224

 BOND    =     4241.9137  ANGLE   =      285.1378  DIHED      =     1626.0702
 VDWAALS =     9660.6830  EEL     =   -80585.1804  HBOND      =        0.0000
 1-4 VDW =      527.2287  1-4 EEL =     5983.9908  RESTRAINT  =      281.8023
 EAMBER  =   -58260.1561


   NSTEP       ENERGY          RMS            GMAX         NAME    NUMBER
    970      -5.7987E+04     3.4708E-01     1.2696E+01     CE2      1295

 BOND    =     4233.5844  ANGLE   =      283.6883  DIHED      =     1626.1492
 VDWAALS =     9666.4849  EEL     =   -80590.0037  HBOND      =        0.0000
 1-4 VDW =      526.9423  1-4 EEL =     5983.9245  RESTRAINT  =      281.8822
 EAMBER  =   -58269.2300


   NSTEP       ENERGY          RMS            GMAX         NAME    NUMBER
    975      -5.7993E+04     3.2294E-01     9.5521E+00     CD       1607

 BOND    =     4239.6382  ANGLE   =      283.5996  DIHED      =     1626.3834
 VDWAALS =     9673.0860  EEL     =   -80608.2585  HBOND      =        0.0000
 1-4 VDW =      526.6254  1-4 EEL =     5984.1277  RESTRAINT  =      282.2042
 EAMBER  =   -58274.7983


   NSTEP       ENERGY          RMS            GMAX         NAME    NUMBER
    980      -5.7994E+04     2.2680E-01     7.0913E+00     H2       5557

 BOND    =     4237.2949  ANGLE   =      283.3114  DIHED      =     1626.2975
 VDWAALS =     9672.7327  EEL     =   -80606.3857  HBOND      =        0.0000
 1-4 VDW =      526.6095  1-4 EEL =     5984.1280  RESTRAINT  =      282.1701
 EAMBER  =   -58276.0116


   NSTEP       ENERGY          RMS            GMAX         NAME    NUMBER
    985      -5.8000E+04     3.4507E-01     1.5273E+01     CD       1607

 BOND    =     4236.9422  ANGLE   =      284.7052  DIHED      =     1626.7229
 VDWAALS =     9669.6066  EEL     =   -80610.9296  HBOND      =        0.0000
 1-4 VDW =      526.9107  1-4 EEL =     5984.0163  RESTRAINT  =      281.9791
 EAMBER  =   -58282.0257


   NSTEP       ENERGY          RMS            GMAX         NAME    NUMBER
    990      -5.8008E+04     3.9261E-01     2.5164E+01     CG       1188

 BOND    =     4232.9448  ANGLE   =      284.6221  DIHED      =     1626.1839
 VDWAALS =     9669.8048  EEL     =   -80615.2675  HBOND      =        0.0000
 1-4 VDW =      527.1110  1-4 EEL =     5984.3713  RESTRAINT  =      281.8011
 EAMBER  =   -58290.2297


   NSTEP       ENERGY          RMS            GMAX         NAME    NUMBER
    995      -5.8016E+04     4.5551E-01     2.3899E+01     CG       1188

 BOND    =     4240.5830  ANGLE   =      283.0635  DIHED      =     1626.5514
 VDWAALS =     9676.5100  EEL     =   -80636.4395  HBOND      =        0.0000
 1-4 VDW =      527.1125  1-4 EEL =     5984.6473  RESTRAINT  =      281.7023
 EAMBER  =   -58297.9719


   NSTEP       ENERGY          RMS            GMAX         NAME    NUMBER
   1000      -5.8038E+04     5.5964E-01     2.9237E+01     O        5555

 BOND    =     4254.0368  ANGLE   =      286.6511  DIHED      =     1627.3773
 VDWAALS =     9701.1386  EEL     =   -80700.9045  HBOND      =        0.0000
 1-4 VDW =      527.1711  1-4 EEL =     5984.6942  RESTRAINT  =      282.0584
 EAMBER  =   -58319.8354


  Maximum number of minimization cycles reached.


                    FINAL RESULTS



   NSTEP       ENERGY          RMS            GMAX         NAME    NUMBER
   1000      -5.8038E+04     5.5964E-01     2.9237E+01     O        5555

 BOND    =     4254.0368  ANGLE   =      286.6511  DIHED      =     1627.3773
 VDWAALS =     9701.1386  EEL     =   -80700.9045  HBOND      =        0.0000
 1-4 VDW =      527.1711  1-4 EEL =     5984.6942  RESTRAINT  =      282.0584
 EAMBER  =   -58319.8354
--------------------------------------------------------------------------------
   5.  TIMINGS
--------------------------------------------------------------------------------

|  NonSetup CPU Time in Major Routines:
|
|     Routine           Sec        %
|     ------------------------------
|     Nonbond          52.29   95.85
|     Bond              0.19    0.34
|     Angle             0.21    0.39
|     Dihedral          1.65    3.02
|     Shake             0.00    0.00
|     Other             0.22    0.40
|     ------------------------------
|     Total            54.55

|  PME Nonbond Pairlist CPU Time:
|
|     Routine              Sec        %
|     ---------------------------------
|     Set Up Cit           0.00    0.01
|     Build List           0.74    1.36
|     ---------------------------------
|     Total                0.74    1.36

|  PME Direct Force CPU Time:
|
|     Routine              Sec        %
|     ---------------------------------
|     NonBonded Calc      34.94   64.05
|     Exclude Masked       0.80    1.47
|     Other                0.12    0.23
|     ---------------------------------
|     Total               35.87   65.75

|  PME Reciprocal Force CPU Time:
|
|     Routine              Sec        %
|     ---------------------------------
|     1D bspline           0.54    1.00
|     Grid Charges         1.10    2.02
|     Scalar Sum           5.94   10.88
|     Gradient Sum         1.91    3.50
|     FFT                  6.10   11.19
|     ---------------------------------
|     Total               15.60   28.60

|  Setup CPU time:            0.16 seconds
|  NonSetup CPU time:        54.55 seconds
|  Total CPU time:           54.71 seconds     0.02 hours

|  Setup wall time:           1    seconds
|  NonSetup wall time:       54    seconds
|  Total wall time:          55    seconds     0.02 hours
