
          -------------------------------------------------------
          Amber 16 PMEMD                              2016
          -------------------------------------------------------

| PMEMD implementation of SANDER, Release 16

| Run on 11/07/2018 at 10:15:14

|   Executable path: pmemd
| Working directory: /home/german/lbp/run/1ifb/mhe/m
|          Hostname: Unknown
  [-O]verwriting output

File Assignments:
|   MDIN: mmin.in                                                               
|  MDOUT: mmin.out                                                              
| INPCRD: m1ifb.rst7                                                            
|   PARM: /home/german/lbp/top_files/1ifb.prmtop                                
| RESTRT: mm1ifb.rst7                                                           
|   REFC: 1ifb.rst7                                                             
|  MDVEL: mdvel                                                                 
|   MDEN: mden                                                                  
|  MDCRD: mdcrd                                                                 
| MDINFO: mdinfo                                                                
|  MDFRC: mdfrc                                                                 


 Here is the input file:

Minimization with Cartesian restraints                                         
&cntrl                                                                         
imin=1,                                                                        
ntmin=1,                                 ! Steepest Descent, then Conjugate Gra
ncyc=200,                                ! 100 steps of Steepest Descent       
maxcyc=1000,                             ! 400 steps of Conjugate Gradient     
ntpr=5,                                                                        
&end                                                                           


Note: ig = -1. Setting random seed to   807157 based on wallclock time in 
      microseconds.
 
 
| Conditional Compilation Defines Used:
| PUBFFT
| BINTRAJ
| EMIL

| Largest sphere to fit in unit cell has radius =    25.211

| New format PARM file being parsed.
| Version =    1.000 Date = 11/06/18 Time = 18:32:20

| Note: 1-4 EEL scale factors are being read from the topology file.

| Note: 1-4 VDW scale factors are being read from the topology file.
| Duplicated    0 dihedrals

| Duplicated    0 dihedrals

--------------------------------------------------------------------------------
   1.  RESOURCE   USE: 
--------------------------------------------------------------------------------

 getting box info from netcdf restart file
 NATOM  =   15502 NTYPES =      16 NBONH =   14445 MBONA  =    1073
 NTHETH =    2406 MTHETA =    1438 NPHIH =    4850 MPHIA  =    4505
 NHPARM =       0 NPARM  =       0 NNB   =   29483 NRES   =    4594
 NBONA  =    1073 NTHETA =    1438 NPHIA =    4505 NUMBND =      63
 NUMANG =     141 NPTRA  =     178 NATYP =      33 NPHB   =       1
 IFBOX  =       2 NMXRS  =      24 IFCAP =       0 NEXTRA =       0
 NCOPY  =       0

| Coordinate Index Table dimensions:    12   12   12
| Direct force subcell size =     5.1462    5.1462    5.1462

     BOX TYPE: TRUNCATED OCTAHEDRON

--------------------------------------------------------------------------------
   2.  CONTROL  DATA  FOR  THE  RUN
--------------------------------------------------------------------------------

default_name                                                                    

General flags:
     imin    =       1, nmropt  =       0

Nature and format of input:
     ntx     =       1, irest   =       0, ntrx    =       1

Nature and format of output:
     ntxo    =       2, ntpr    =       5, ntrx    =       1, ntwr    =       1
     iwrap   =       0, ntwx    =       0, ntwv    =       0, ntwe    =       0
     ioutfm  =       1, ntwprt  =       0, idecomp =       0, rbornstat=      0

Potential function:
     ntf     =       1, ntb     =       1, igb     =       0, nsnb    =      25
     ipol    =       0, gbsa    =       0, iesp    =       0
     dielc   =   1.00000, cut     =   8.00000, intdiel =   1.00000

Frozen or restrained atoms:
     ibelly  =       0, ntr     =       0

Energy minimization:
     maxcyc  =    1000, ncyc    =     200, ntmin   =       1
     dx0     =   0.01000, drms    =   0.00010

| Intermolecular bonds treatment:
|     no_intermolecular_bonds =       1

| Energy averages sample interval:
|     ene_avg_sampling =       1

Ewald parameters:
     verbose =       0, ew_type =       0, nbflag  =       1, use_pme =       1
     vdwmeth =       1, eedmeth =       1, netfrc  =       0
     Box X =   61.754   Box Y =   61.754   Box Z =   61.754
     Alpha =  109.471   Beta  =  109.471   Gamma =  109.471
     NFFT1 =   64       NFFT2 =   64       NFFT3 =   64
     Cutoff=    8.000   Tol   =0.100E-04
     Ewald Coefficient =  0.34864
     Interpolation order =    4

--------------------------------------------------------------------------------
   3.  ATOMIC COORDINATES AND VELOCITIES
--------------------------------------------------------------------------------

default_name                                                                    
 begin time read from input coords =     0.000 ps

 
 Number of triangulated 3-point waters found:     4463

     Sum of charges from parm topology file =  -0.00000004
     Forcing neutrality...

| Dynamic Memory, Types Used:
| Reals              466214
| Integers           532837

| Nonbonded Pairs Initial Allocation:     2589221

--------------------------------------------------------------------------------
   4.  RESULTS
--------------------------------------------------------------------------------

 ---------------------------------------------------
 APPROXIMATING switch and d/dx switch using CUBIC SPLINE INTERPOLATION
 using   5000.0 points per unit in tabled values
 TESTING RELATIVE ERROR over r ranging from 0.0 to cutoff
| CHECK switch(x): max rel err =   0.2738E-14   at   2.422500
| CHECK d/dx switch(x): max rel err =   0.8332E-11   at   2.782960
 ---------------------------------------------------
|---------------------------------------------------
| APPROXIMATING direct energy using CUBIC SPLINE INTERPOLATION
|  with   50.0 points per unit in tabled values
| Relative Error Limit not exceeded for r .gt.   2.47
| APPROXIMATING direct force using CUBIC SPLINE INTERPOLATION
|  with   50.0 points per unit in tabled values
| Relative Error Limit not exceeded for r .gt.   2.89
|---------------------------------------------------


   NSTEP       ENERGY          RMS            GMAX         NAME    NUMBER
      1      -5.8320E+04     7.3727E-01     2.9237E+01     O        5555

 BOND    =     4254.0368  ANGLE   =      286.6511  DIHED      =     1627.3773
 VDWAALS =     9701.1386  EEL     =   -80700.9045  HBOND      =        0.0000
 1-4 VDW =      527.1711  1-4 EEL =     5984.6942  RESTRAINT  =        0.0000


   NSTEP       ENERGY          RMS            GMAX         NAME    NUMBER
      5      -5.8329E+04     6.0514E-01     1.9269E+01     O        5555

 BOND    =     4249.8337  ANGLE   =      286.0634  DIHED      =     1627.3953
 VDWAALS =     9698.3458  EEL     =   -80699.4306  HBOND      =        0.0000
 1-4 VDW =      526.0832  1-4 EEL =     5982.7121  RESTRAINT  =        0.0000


   NSTEP       ENERGY          RMS            GMAX         NAME    NUMBER
     10      -5.8351E+04     5.0281E-01     1.0082E+01     OE2      1033

 BOND    =     4247.5282  ANGLE   =      285.1617  DIHED      =     1627.6628
 VDWAALS =     9690.8085  EEL     =   -80701.1245  HBOND      =        0.0000
 1-4 VDW =      522.7076  1-4 EEL =     5976.6280  RESTRAINT  =        0.0000


   NSTEP       ENERGY          RMS            GMAX         NAME    NUMBER
     15      -5.8396E+04     4.1561E-01     7.4896E+00     OE1      1349

 BOND    =     4249.8419  ANGLE   =      284.3939  DIHED      =     1628.1608
 VDWAALS =     9676.9845  EEL     =   -80712.5005  HBOND      =        0.0000
 1-4 VDW =      514.1467  1-4 EEL =     5963.3588  RESTRAINT  =        0.0000


   NSTEP       ENERGY          RMS            GMAX         NAME    NUMBER
     20      -5.8456E+04     6.1854E-01     1.6285E+01     CD       1348

 BOND    =     4251.7870  ANGLE   =      281.9365  DIHED      =     1627.5197
 VDWAALS =     9662.9947  EEL     =   -80728.0956  HBOND      =        0.0000
 1-4 VDW =      500.9644  1-4 EEL =     5947.0517  RESTRAINT  =        0.0000


   NSTEP       ENERGY          RMS            GMAX         NAME    NUMBER
     25      -5.8468E+04     1.1589E+00     4.0588E+01     CD       1348

 BOND    =     4255.9772  ANGLE   =      280.8956  DIHED      =     1626.9875
 VDWAALS =     9659.3657  EEL     =   -80730.9915  HBOND      =        0.0000
 1-4 VDW =      496.9091  1-4 EEL =     5942.3782  RESTRAINT  =        0.0000


   NSTEP       ENERGY          RMS            GMAX         NAME    NUMBER
     30      -5.8494E+04     3.5066E-01     7.0339E+00     OE1      1349

 BOND    =     4256.2067  ANGLE   =      279.4812  DIHED      =     1626.5032
 VDWAALS =     9656.3886  EEL     =   -80743.8568  HBOND      =        0.0000
 1-4 VDW =      493.1646  1-4 EEL =     5938.2645  RESTRAINT  =        0.0000


   NSTEP       ENERGY          RMS            GMAX         NAME    NUMBER
     35      -5.8501E+04     1.2307E+00     3.5842E+01     C         205

 BOND    =     4257.5315  ANGLE   =      278.6248  DIHED      =     1625.9030
 VDWAALS =     9653.8092  EEL     =   -80740.6014  HBOND      =        0.0000
 1-4 VDW =      489.8845  1-4 EEL =     5934.3198  RESTRAINT  =        0.0000


   NSTEP       ENERGY          RMS            GMAX         NAME    NUMBER
     40      -5.8526E+04     3.6203E-01     7.7523E+00     C         205

 BOND    =     4258.4607  ANGLE   =      277.2342  DIHED      =     1625.3298
 VDWAALS =     9651.2714  EEL     =   -80755.2929  HBOND      =        0.0000
 1-4 VDW =      486.4805  1-4 EEL =     5930.4018  RESTRAINT  =        0.0000


   NSTEP       ENERGY          RMS            GMAX         NAME    NUMBER
     45      -5.8539E+04     2.9308E-01     6.2394E+00     OE1      1349

 BOND    =     4257.8587  ANGLE   =      276.3326  DIHED      =     1624.8199
 VDWAALS =     9649.5233  EEL     =   -80758.7413  HBOND      =        0.0000
 1-4 VDW =      484.0290  1-4 EEL =     5927.3987  RESTRAINT  =        0.0000


   NSTEP       ENERGY          RMS            GMAX         NAME    NUMBER
     50      -5.8553E+04     2.8999E-01     5.8931E+00     OE1      1349

 BOND    =     4258.7404  ANGLE   =      275.3573  DIHED      =     1624.2212
 VDWAALS =     9647.7031  EEL     =   -80763.9357  HBOND      =        0.0000
 1-4 VDW =      481.3463  1-4 EEL =     5924.0576  RESTRAINT  =        0.0000


   NSTEP       ENERGY          RMS            GMAX         NAME    NUMBER
     55      -5.8565E+04     5.7773E-01     1.9703E+01     C         205

 BOND    =     4264.5012  ANGLE   =      274.5052  DIHED      =     1623.5730
 VDWAALS =     9645.9343  EEL     =   -80772.6000  HBOND      =        0.0000
 1-4 VDW =      478.5965  1-4 EEL =     5920.6051  RESTRAINT  =        0.0000


   NSTEP       ENERGY          RMS            GMAX         NAME    NUMBER
     60      -5.8577E+04     3.5315E-01     9.8088E+00     C         205

 BOND    =     4261.6397  ANGLE   =      273.5885  DIHED      =     1623.0263
 VDWAALS =     9644.7152  EEL     =   -80774.8298  HBOND      =        0.0000
 1-4 VDW =      476.5840  1-4 EEL =     5917.9343  RESTRAINT  =        0.0000


   NSTEP       ENERGY          RMS            GMAX         NAME    NUMBER
     65      -5.8589E+04     3.9403E-01     1.2912E+01     C         205

 BOND    =     4263.1490  ANGLE   =      272.7545  DIHED      =     1622.4159
 VDWAALS =     9643.4823  EEL     =   -80780.3011  HBOND      =        0.0000
 1-4 VDW =      474.4032  1-4 EEL =     5915.0345  RESTRAINT  =        0.0000


   NSTEP       ENERGY          RMS            GMAX         NAME    NUMBER
     70      -5.8598E+04     6.5019E-01     2.5460E+01     C         205

 BOND    =     4268.1537  ANGLE   =      272.1752  DIHED      =     1621.8591
 VDWAALS =     9642.4920  EEL     =   -80787.4150  HBOND      =        0.0000
 1-4 VDW =      472.4872  1-4 EEL =     5912.4742  RESTRAINT  =        0.0000


   NSTEP       ENERGY          RMS            GMAX         NAME    NUMBER
     75      -5.8608E+04     6.8584E-01     2.8420E+01     C         205

 BOND    =     4269.6339  ANGLE   =      271.4760  DIHED      =     1621.2716
 VDWAALS =     9641.5980  EEL     =   -80792.6187  HBOND      =        0.0000
 1-4 VDW =      470.6336  1-4 EEL =     5909.9211  RESTRAINT  =        0.0000


   NSTEP       ENERGY          RMS            GMAX         NAME    NUMBER
     80      -5.8618E+04     7.5575E-01     3.2782E+01     C         205

 BOND    =     4271.7187  ANGLE   =      270.8568  DIHED      =     1620.6954
 VDWAALS =     9640.8414  EEL     =   -80798.0461  HBOND      =        0.0000
 1-4 VDW =      468.9080  1-4 EEL =     5907.5072  RESTRAINT  =        0.0000


   NSTEP       ENERGY          RMS            GMAX         NAME    NUMBER
     85      -5.8626E+04     7.2055E-01     3.1038E+01     C         205

 BOND    =     4271.6247  ANGLE   =      270.2176  DIHED      =     1620.2019
 VDWAALS =     9640.2778  EEL     =   -80801.6096  HBOND      =        0.0000
 1-4 VDW =      467.5284  1-4 EEL =     5905.5138  RESTRAINT  =        0.0000


   NSTEP       ENERGY          RMS            GMAX         NAME    NUMBER
     90      -5.8635E+04     7.4582E-01     3.3560E+01     C         205

 BOND    =     4272.8245  ANGLE   =      269.6102  DIHED      =     1619.6403
 VDWAALS =     9639.7511  EEL     =   -80806.4716  HBOND      =        0.0000
 1-4 VDW =      466.0151  1-4 EEL =     5903.3193  RESTRAINT  =        0.0000


   NSTEP       ENERGY          RMS            GMAX         NAME    NUMBER
     95      -5.8647E+04     2.3101E-01     4.3861E+00     C         205

 BOND    =     4262.7233  ANGLE   =      268.5472  DIHED      =     1619.1166
 VDWAALS =     9639.3372  EEL     =   -80803.0851  HBOND      =        0.0000
 1-4 VDW =      464.8325  1-4 EEL =     5901.3830  RESTRAINT  =        0.0000


   NSTEP       ENERGY          RMS            GMAX         NAME    NUMBER
    100      -5.8651E+04     8.1617E-01     3.8445E+01     C         205

 BOND    =     4275.4384  ANGLE   =      268.5565  DIHED      =     1618.5920
 VDWAALS =     9638.9657  EEL     =   -80815.7648  HBOND      =        0.0000
 1-4 VDW =      463.3728  1-4 EEL =     5899.4076  RESTRAINT  =        0.0000


   NSTEP       ENERGY          RMS            GMAX         NAME    NUMBER
    105      -5.8659E+04     8.3934E-01     4.0426E+01     C         205

 BOND    =     4276.4558  ANGLE   =      268.0598  DIHED      =     1618.0609
 VDWAALS =     9638.6847  EEL     =   -80820.3598  HBOND      =        0.0000
 1-4 VDW =      462.1189  1-4 EEL =     5897.5190  RESTRAINT  =        0.0000


   NSTEP       ENERGY          RMS            GMAX         NAME    NUMBER
    110      -5.8667E+04     8.7735E-01     4.3203E+01     C         205

 BOND    =     4277.7069  ANGLE   =      267.6079  DIHED      =     1617.5243
 VDWAALS =     9638.5014  EEL     =   -80825.1066  HBOND      =        0.0000
 1-4 VDW =      460.9017  1-4 EEL =     5895.6675  RESTRAINT  =        0.0000


   NSTEP       ENERGY          RMS            GMAX         NAME    NUMBER
    115      -5.8680E+04     2.7949E-01     1.0050E+01     C         205

 BOND    =     4264.2490  ANGLE   =      266.2997  DIHED      =     1616.9925
 VDWAALS =     9638.3249  EEL     =   -80819.4867  HBOND      =        0.0000
 1-4 VDW =      459.9508  1-4 EEL =     5893.8793  RESTRAINT  =        0.0000


   NSTEP       ENERGY          RMS            GMAX         NAME    NUMBER
    120      -5.8686E+04     2.1013E-01     3.3926E+00     C         205

 BOND    =     4265.6219  ANGLE   =      265.8984  DIHED      =     1616.5750
 VDWAALS =     9638.2673  EEL     =   -80824.1970  HBOND      =        0.0000
 1-4 VDW =      459.0537  1-4 EEL =     5892.5100  RESTRAINT  =        0.0000


   NSTEP       ENERGY          RMS            GMAX         NAME    NUMBER
    125      -5.8694E+04     2.0737E-01     3.3462E+00     C         205

 BOND    =     4266.1971  ANGLE   =      265.4143  DIHED      =     1616.0596
 VDWAALS =     9638.2489  EEL     =   -80828.6206  HBOND      =        0.0000
 1-4 VDW =      458.0105  1-4 EEL =     5890.8505  RESTRAINT  =        0.0000


   NSTEP       ENERGY          RMS            GMAX         NAME    NUMBER
    130      -5.8701E+04     2.0888E-01     3.9566E+00     C         205

 BOND    =     4266.6799  ANGLE   =      264.9432  DIHED      =     1615.5408
 VDWAALS =     9638.2890  EEL     =   -80833.0362  HBOND      =        0.0000
 1-4 VDW =      457.0011  1-4 EEL =     5889.2231  RESTRAINT  =        0.0000


   NSTEP       ENERGY          RMS            GMAX         NAME    NUMBER
    135      -5.8709E+04     4.1046E-01     2.1805E+01     C         191

 BOND    =     4265.8831  ANGLE   =      264.5222  DIHED      =     1614.9736
 VDWAALS =     9638.4025  EEL     =   -80835.7699  HBOND      =        0.0000
 1-4 VDW =      455.9777  1-4 EEL =     5887.4681  RESTRAINT  =        0.0000


   NSTEP       ENERGY          RMS            GMAX         NAME    NUMBER
    140      -5.8716E+04     2.6101E-01     1.0614E+01     C         191

 BOND    =     4267.2048  ANGLE   =      264.0740  DIHED      =     1614.5287
 VDWAALS =     9638.5667  EEL     =   -80841.2413  HBOND      =        0.0000
 1-4 VDW =      455.1511  1-4 EEL =     5886.1638  RESTRAINT  =        0.0000


   NSTEP       ENERGY          RMS            GMAX         NAME    NUMBER
    145      -5.8723E+04     2.6695E-01     1.1576E+01     C         191

 BOND    =     4267.8054  ANGLE   =      263.6617  DIHED      =     1614.0250
 VDWAALS =     9638.8066  EEL     =   -80845.8251  HBOND      =        0.0000
 1-4 VDW =      454.2710  1-4 EEL =     5884.6981  RESTRAINT  =        0.0000


   NSTEP       ENERGY          RMS            GMAX         NAME    NUMBER
    150      -5.8729E+04     3.0102E-01     1.4827E+01     C         191

 BOND    =     4268.2737  ANGLE   =      263.2729  DIHED      =     1613.5212
 VDWAALS =     9639.1187  EEL     =   -80850.2075  HBOND      =        0.0000
 1-4 VDW =      453.4251  1-4 EEL =     5883.2630  RESTRAINT  =        0.0000


   NSTEP       ENERGY          RMS            GMAX         NAME    NUMBER
    155      -5.8735E+04     4.9074E-01     2.9544E+01     C         191

 BOND    =     4268.4022  ANGLE   =      263.0281  DIHED      =     1613.0520
 VDWAALS =     9639.4537  EEL     =   -80853.1442  HBOND      =        0.0000
 1-4 VDW =      452.6848  1-4 EEL =     5881.9344  RESTRAINT  =        0.0000


   NSTEP       ENERGY          RMS            GMAX         NAME    NUMBER
    160      -5.8741E+04     5.0218E-01     3.0750E+01     C         191

 BOND    =     4269.2021  ANGLE   =      262.6991  DIHED      =     1612.5699
 VDWAALS =     9639.8537  EEL     =   -80857.8964  HBOND      =        0.0000
 1-4 VDW =      451.9159  1-4 EEL =     5880.6283  RESTRAINT  =        0.0000


   NSTEP       ENERGY          RMS            GMAX         NAME    NUMBER
    165      -5.8747E+04     5.3181E-01     3.2759E+01     C         191

 BOND    =     4270.1178  ANGLE   =      262.3958  DIHED      =     1612.0815
 VDWAALS =     9640.3116  EEL     =   -80862.7059  HBOND      =        0.0000
 1-4 VDW =      451.1625  1-4 EEL =     5879.3337  RESTRAINT  =        0.0000


   NSTEP       ENERGY          RMS            GMAX         NAME    NUMBER
    170      -5.8753E+04     5.8190E-01     3.5816E+01     C         191

 BOND    =     4271.0530  ANGLE   =      262.1307  DIHED      =     1611.6026
 VDWAALS =     9640.8337  EEL     =   -80867.3766  HBOND      =        0.0000
 1-4 VDW =      450.4494  1-4 EEL =     5878.0899  RESTRAINT  =        0.0000


   NSTEP       ENERGY          RMS            GMAX         NAME    NUMBER
    175      -5.8759E+04     5.5538E-01     3.4614E+01     C         191

 BOND    =     4271.3985  ANGLE   =      261.8235  DIHED      =     1611.1874
 VDWAALS =     9641.3369  EEL     =   -80871.5090  HBOND      =        0.0000
 1-4 VDW =      449.8545  1-4 EEL =     5877.0490  RESTRAINT  =        0.0000


   NSTEP       ENERGY          RMS            GMAX         NAME    NUMBER
    180      -5.8765E+04     5.8020E-01     3.4788E+01     C         191

 BOND    =     4272.3727  ANGLE   =      261.5394  DIHED      =     1610.7178
 VDWAALS =     9641.9478  EEL     =   -80876.3626  HBOND      =        0.0000
 1-4 VDW =      449.1938  1-4 EEL =     5875.8816  RESTRAINT  =        0.0000


   NSTEP       ENERGY          RMS            GMAX         NAME    NUMBER
    185      -5.8771E+04     5.9291E-01     3.2299E+01     C         191

 BOND    =     4273.4530  ANGLE   =      261.2455  DIHED      =     1610.2413
 VDWAALS =     9642.6203  EEL     =   -80881.4733  HBOND      =        0.0000
 1-4 VDW =      448.5384  1-4 EEL =     5874.7275  RESTRAINT  =        0.0000


   NSTEP       ENERGY          RMS            GMAX         NAME    NUMBER
    190      -5.8777E+04     5.9134E-01     3.2220E+01     CG        214

 BOND    =     4274.4156  ANGLE   =      260.9445  DIHED      =     1609.7692
 VDWAALS =     9643.3821  EEL     =   -80886.6347  HBOND      =        0.0000
 1-4 VDW =      447.9078  1-4 EEL =     5873.6162  RESTRAINT  =        0.0000


   NSTEP       ENERGY          RMS            GMAX         NAME    NUMBER
    195      -5.8784E+04     1.9211E-01     6.0134E+00     CZ        219

 BOND    =     4273.7657  ANGLE   =      260.4170  DIHED      =     1609.3564
 VDWAALS =     9644.1008  EEL     =   -80891.9340  HBOND      =        0.0000
 1-4 VDW =      447.3772  1-4 EEL =     5872.7746  RESTRAINT  =        0.0000


   NSTEP       ENERGY          RMS            GMAX         NAME    NUMBER
    200      -5.8787E+04     6.5763E-01     3.8302E+01     CG        214

 BOND    =     4276.0618  ANGLE   =      260.4916  DIHED      =     1608.9057
 VDWAALS =     9644.8499  EEL     =   -80895.4951  HBOND      =        0.0000
 1-4 VDW =      446.8158  1-4 EEL =     5871.6294  RESTRAINT  =        0.0000


   NSTEP       ENERGY          RMS            GMAX         NAME    NUMBER
    205      -5.8844E+04     5.3180E-01     3.5421E+01     CZ        219

 BOND    =     4283.2675  ANGLE   =      257.5291  DIHED      =     1604.3104
 VDWAALS =     9656.1128  EEL     =   -80947.6531  HBOND      =        0.0000
 1-4 VDW =      440.8297  1-4 EEL =     5861.2584  RESTRAINT  =        0.0000


   NSTEP       ENERGY          RMS            GMAX         NAME    NUMBER
    210      -5.8926E+04     1.2957E+00     1.1624E+02     OD1       136

 BOND    =     4307.9328  ANGLE   =      253.3134  DIHED      =     1594.8691
 VDWAALS =     9735.7146  EEL     =   -81076.2514  HBOND      =        0.0000
 1-4 VDW =      423.4127  1-4 EEL =     5834.5580  RESTRAINT  =        0.0000


   NSTEP       ENERGY          RMS            GMAX         NAME    NUMBER
    215      -5.8983E+04     6.5262E-01     4.1361E+01     CG        135

 BOND    =     4315.6308  ANGLE   =      271.8668  DIHED      =     1592.3576
 VDWAALS =     9740.2494  EEL     =   -81138.2398  HBOND      =        0.0000
 1-4 VDW =      417.4029  1-4 EEL =     5817.7681  RESTRAINT  =        0.0000


   NSTEP       ENERGY          RMS            GMAX         NAME    NUMBER
    220      -5.9007E+04     6.4581E-01     3.2639E+01     OD2       137

 BOND    =     4315.0025  ANGLE   =      272.8908  DIHED      =     1590.7388
 VDWAALS =     9742.0708  EEL     =   -81154.9486  HBOND      =        0.0000
 1-4 VDW =      418.5814  1-4 EEL =     5808.7592  RESTRAINT  =        0.0000


   NSTEP       ENERGY          RMS            GMAX         NAME    NUMBER
    225      -5.9036E+04     8.6486E-01     1.1357E+02     CG        135

 BOND    =     4323.2269  ANGLE   =      264.8041  DIHED      =     1587.4811
 VDWAALS =     9758.1289  EEL     =   -81188.3579  HBOND      =        0.0000
 1-4 VDW =      417.2971  1-4 EEL =     5801.8777  RESTRAINT  =        0.0000


   NSTEP       ENERGY          RMS            GMAX         NAME    NUMBER
    230      -5.9038E+04     7.1632E-01     8.7709E+01     CG        135

 BOND    =     4322.2078  ANGLE   =      264.5022  DIHED      =     1587.4328
 VDWAALS =     9758.0922  EEL     =   -81189.2327  HBOND      =        0.0000
 1-4 VDW =      417.3182  1-4 EEL =     5801.9382  RESTRAINT  =        0.0000


   NSTEP       ENERGY          RMS            GMAX         NAME    NUMBER
    235      -5.9054E+04     4.2535E-01     1.9555E+01     CB        132

 BOND    =     4313.7409  ANGLE   =      265.9985  DIHED      =     1585.7916
 VDWAALS =     9758.1083  EEL     =   -81198.8733  HBOND      =        0.0000
 1-4 VDW =      417.8975  1-4 EEL =     5803.7879  RESTRAINT  =        0.0000


   NSTEP       ENERGY          RMS            GMAX         NAME    NUMBER
    240      -5.9070E+04     3.4394E-01     1.7069E+01     CG        135

 BOND    =     4320.4670  ANGLE   =      259.3506  DIHED      =     1583.2503
 VDWAALS =     9767.9249  EEL     =   -81229.0239  HBOND      =        0.0000
 1-4 VDW =      417.5319  1-4 EEL =     5810.2437  RESTRAINT  =        0.0000


   NSTEP       ENERGY          RMS            GMAX         NAME    NUMBER
    245      -5.9084E+04     5.1415E-01     3.4543E+01     OD1       136

 BOND    =     4317.9529  ANGLE   =      253.4433  DIHED      =     1580.2732
 VDWAALS =     9777.2875  EEL     =   -81248.6616  HBOND      =        0.0000
 1-4 VDW =      419.5816  1-4 EEL =     5816.0124  RESTRAINT  =        0.0000


   NSTEP       ENERGY          RMS            GMAX         NAME    NUMBER
    250      -5.9109E+04     4.7927E-01     2.1544E+01     OD2       137

 BOND    =     4315.1531  ANGLE   =      257.6659  DIHED      =     1574.7093
 VDWAALS =     9772.4128  EEL     =   -81276.2233  HBOND      =        0.0000
 1-4 VDW =      425.8123  1-4 EEL =     5821.0063  RESTRAINT  =        0.0000


   NSTEP       ENERGY          RMS            GMAX         NAME    NUMBER
    255      -5.9111E+04     3.6862E-01     1.5332E+01     OD2       137

 BOND    =     4313.9876  ANGLE   =      257.0809  DIHED      =     1574.6788
 VDWAALS =     9772.6074  EEL     =   -81276.1173  HBOND      =        0.0000
 1-4 VDW =      425.6985  1-4 EEL =     5821.0759  RESTRAINT  =        0.0000


   NSTEP       ENERGY          RMS            GMAX         NAME    NUMBER
    260      -5.9118E+04     3.1795E-01     1.2064E+01     CG        135

 BOND    =     4315.0270  ANGLE   =      247.9153  DIHED      =     1574.6711
 VDWAALS =     9775.3315  EEL     =   -81277.7962  HBOND      =        0.0000
 1-4 VDW =      423.9438  1-4 EEL =     5822.4122  RESTRAINT  =        0.0000


   NSTEP       ENERGY          RMS            GMAX         NAME    NUMBER
    265      -5.9129E+04     3.4809E-01     1.6207E+01     CB        132

 BOND    =     4314.9167  ANGLE   =      252.3018  DIHED      =     1573.8927
 VDWAALS =     9771.0184  EEL     =   -81286.3479  HBOND      =        0.0000
 1-4 VDW =      422.8522  1-4 EEL =     5822.1124  RESTRAINT  =        0.0000


   NSTEP       ENERGY          RMS            GMAX         NAME    NUMBER
    270      -5.9137E+04     4.3616E-01     1.3608E+01     CA        114

 BOND    =     4315.3643  ANGLE   =      254.4983  DIHED      =     1572.4843
 VDWAALS =     9771.8110  EEL     =   -81294.6306  HBOND      =        0.0000
 1-4 VDW =      422.6519  1-4 EEL =     5820.3985  RESTRAINT  =        0.0000


   NSTEP       ENERGY          RMS            GMAX         NAME    NUMBER
    275      -5.9152E+04     5.4367E-01     2.6887E+01     CD        312

 BOND    =     4324.0815  ANGLE   =      251.7175  DIHED      =     1570.5563
 VDWAALS =     9783.6494  EEL     =   -81322.7602  HBOND      =        0.0000
 1-4 VDW =      421.2543  1-4 EEL =     5819.1706  RESTRAINT  =        0.0000


   NSTEP       ENERGY          RMS            GMAX         NAME    NUMBER
    280      -5.9154E+04     4.0408E-01     1.5732E+01     CB        132

 BOND    =     4322.9723  ANGLE   =      251.4522  DIHED      =     1570.5350
 VDWAALS =     9783.6451  EEL     =   -81323.0567  HBOND      =        0.0000
 1-4 VDW =      421.2622  1-4 EEL =     5819.1733  RESTRAINT  =        0.0000


   NSTEP       ENERGY          RMS            GMAX         NAME    NUMBER
    285      -5.9163E+04     3.9938E-01     1.7460E+01     CA        130

 BOND    =     4317.8784  ANGLE   =      252.8989  DIHED      =     1570.0194
 VDWAALS =     9783.7463  EEL     =   -81329.5910  HBOND      =        0.0000
 1-4 VDW =      421.9725  1-4 EEL =     5819.6355  RESTRAINT  =        0.0000


   NSTEP       ENERGY          RMS            GMAX         NAME    NUMBER
    290      -5.9174E+04     3.3719E-01     1.4706E+01     HZ3      2073

 BOND    =     4323.2347  ANGLE   =      249.2533  DIHED      =     1568.8510
 VDWAALS =     9793.9848  EEL     =   -81352.5002  HBOND      =        0.0000
 1-4 VDW =      421.8648  1-4 EEL =     5820.9792  RESTRAINT  =        0.0000


   NSTEP       ENERGY          RMS            GMAX         NAME    NUMBER
    295      -5.9180E+04     3.2080E-01     1.2360E+01     OG1        62

 BOND    =     4320.8162  ANGLE   =      246.5234  DIHED      =     1567.8206
 VDWAALS =     9802.6224  EEL     =   -81362.3757  HBOND      =        0.0000
 1-4 VDW =      422.5043  1-4 EEL =     5821.7543  RESTRAINT  =        0.0000


   NSTEP       ENERGY          RMS            GMAX         NAME    NUMBER
    300      -5.9191E+04     4.7721E-01     2.0212E+01     CD       1776

 BOND    =     4322.6934  ANGLE   =      254.9207  DIHED      =     1566.1020
 VDWAALS =     9804.7067  EEL     =   -81384.2678  HBOND      =        0.0000
 1-4 VDW =      424.5725  1-4 EEL =     5820.5637  RESTRAINT  =        0.0000


   NSTEP       ENERGY          RMS            GMAX         NAME    NUMBER
    305      -5.9192E+04     3.6730E-01     1.4813E+01     OD2       137

 BOND    =     4321.6213  ANGLE   =      254.2013  DIHED      =     1566.0771
 VDWAALS =     9804.8128  EEL     =   -81384.0411  HBOND      =        0.0000
 1-4 VDW =      424.4557  1-4 EEL =     5820.6375  RESTRAINT  =        0.0000


   NSTEP       ENERGY          RMS            GMAX         NAME    NUMBER
    310      -5.9200E+04     3.0051E-01     1.0225E+01     C        2111

 BOND    =     4321.7460  ANGLE   =      244.8856  DIHED      =     1566.0168
 VDWAALS =     9806.7968  EEL     =   -81384.0608  HBOND      =        0.0000
 1-4 VDW =      422.8089  1-4 EEL =     5821.9426  RESTRAINT  =        0.0000


   NSTEP       ENERGY          RMS            GMAX         NAME    NUMBER
    315      -5.9209E+04     3.2210E-01     1.4677E+01     CB        132

 BOND    =     4322.6218  ANGLE   =      249.0430  DIHED      =     1565.7950
 VDWAALS =     9801.5571  EEL     =   -81390.9029  HBOND      =        0.0000
 1-4 VDW =      421.7278  1-4 EEL =     5821.2951  RESTRAINT  =        0.0000


   NSTEP       ENERGY          RMS            GMAX         NAME    NUMBER
    320      -5.9216E+04     3.9043E-01     1.5248E+01     CA        130

 BOND    =     4323.0361  ANGLE   =      251.4928  DIHED      =     1565.2416
 VDWAALS =     9800.8305  EEL     =   -81397.2073  HBOND      =        0.0000
 1-4 VDW =      421.2378  1-4 EEL =     5819.7720  RESTRAINT  =        0.0000


   NSTEP       ENERGY          RMS            GMAX         NAME    NUMBER
    325      -5.9226E+04     4.0712E-01     1.7864E+01     CB        132

 BOND    =     4330.2554  ANGLE   =      250.3930  DIHED      =     1564.4958
 VDWAALS =     9808.4717  EEL     =   -81417.9008  HBOND      =        0.0000
 1-4 VDW =      419.7375  1-4 EEL =     5818.1036  RESTRAINT  =        0.0000


   NSTEP       ENERGY          RMS            GMAX         NAME    NUMBER
    330      -5.9228E+04     3.0923E-01     1.2485E+01     CB        132

 BOND    =     4329.2106  ANGLE   =      250.2035  DIHED      =     1564.4657
 VDWAALS =     9808.4971  EEL     =   -81418.1306  HBOND      =        0.0000
 1-4 VDW =      419.7501  1-4 EEL =     5818.1217  RESTRAINT  =        0.0000


   NSTEP       ENERGY          RMS            GMAX         NAME    NUMBER
    335      -5.9237E+04     3.9974E-01     1.6723E+01     CA        130

 BOND    =     4325.3726  ANGLE   =      250.7909  DIHED      =     1563.9551
 VDWAALS =     9809.3396  EEL     =   -81425.7476  HBOND      =        0.0000
 1-4 VDW =      420.4726  1-4 EEL =     5818.7090  RESTRAINT  =        0.0000


   NSTEP       ENERGY          RMS            GMAX         NAME    NUMBER
    340      -5.9247E+04     3.1177E-01     1.6346E+01     CB        132

 BOND    =     4330.1018  ANGLE   =      246.4840  DIHED      =     1563.0605
 VDWAALS =     9818.6386  EEL     =   -81444.9858  HBOND      =        0.0000
 1-4 VDW =      420.4140  1-4 EEL =     5819.0350  RESTRAINT  =        0.0000


   NSTEP       ENERGY          RMS            GMAX         NAME    NUMBER
    345      -5.9253E+04     2.8755E-01     9.3228E+00     HZ3      2073

 BOND    =     4327.1869  ANGLE   =      245.6333  DIHED      =     1562.3537
 VDWAALS =     9825.2534  EEL     =   -81453.2157  HBOND      =        0.0000
 1-4 VDW =      421.0074  1-4 EEL =     5819.2301  RESTRAINT  =        0.0000


   NSTEP       ENERGY          RMS            GMAX         NAME    NUMBER
    350      -5.9262E+04     4.9604E-01     2.2626E+01     CD       1710

 BOND    =     4330.5739  ANGLE   =      252.8581  DIHED      =     1561.2868
 VDWAALS =     9826.4416  EEL     =   -81473.1355  HBOND      =        0.0000
 1-4 VDW =      422.1698  1-4 EEL =     5817.5055  RESTRAINT  =        0.0000


   NSTEP       ENERGY          RMS            GMAX         NAME    NUMBER
    355      -5.9264E+04     3.6943E-01     1.5481E+01     OD2       137

 BOND    =     4329.3409  ANGLE   =      252.2362  DIHED      =     1561.2608
 VDWAALS =     9826.5360  EEL     =   -81472.8991  HBOND      =        0.0000
 1-4 VDW =      422.0659  1-4 EEL =     5817.5850  RESTRAINT  =        0.0000


   NSTEP       ENERGY          RMS            GMAX         NAME    NUMBER
    360      -5.9270E+04     2.4910E-01     9.2089E+00     CZ        219

 BOND    =     4328.2671  ANGLE   =      245.1485  DIHED      =     1561.0607
 VDWAALS =     9828.7770  EEL     =   -81472.8292  HBOND      =        0.0000
 1-4 VDW =      420.9969  1-4 EEL =     5818.6324  RESTRAINT  =        0.0000


   NSTEP       ENERGY          RMS            GMAX         NAME    NUMBER
    365      -5.9277E+04     2.8732E-01     1.2643E+01     CA        130

 BOND    =     4331.1020  ANGLE   =      247.5516  DIHED      =     1560.7277
 VDWAALS =     9825.9598  EEL     =   -81480.9221  HBOND      =        0.0000
 1-4 VDW =      420.0637  1-4 EEL =     5818.3213  RESTRAINT  =        0.0000


   NSTEP       ENERGY          RMS            GMAX         NAME    NUMBER
    370      -5.9286E+04     4.6518E-01     3.1787E+01     CD       1710

 BOND    =     4330.5628  ANGLE   =      250.8736  DIHED      =     1559.9236
 VDWAALS =     9825.9554  EEL     =   -81489.5253  HBOND      =        0.0000
 1-4 VDW =      419.3527  1-4 EEL =     5817.3032  RESTRAINT  =        0.0000


   NSTEP       ENERGY          RMS            GMAX         NAME    NUMBER
    375      -5.9299E+04     4.5827E-01     1.9408E+01     CB        132

 BOND    =     4338.1626  ANGLE   =      249.7019  DIHED      =     1558.2797
 VDWAALS =     9834.9361  EEL     =   -81513.3469  HBOND      =        0.0000
 1-4 VDW =      417.5294  1-4 EEL =     5815.8470  RESTRAINT  =        0.0000


   NSTEP       ENERGY          RMS            GMAX         NAME    NUMBER
    380      -5.9300E+04     3.4342E-01     1.4654E+01     CB        132

 BOND    =     4337.3857  ANGLE   =      249.5983  DIHED      =     1558.2422
 VDWAALS =     9834.8928  EEL     =   -81513.9168  HBOND      =        0.0000
 1-4 VDW =      417.5540  1-4 EEL =     5815.8431  RESTRAINT  =        0.0000


   NSTEP       ENERGY          RMS            GMAX         NAME    NUMBER
    385      -5.9312E+04     4.5607E-01     2.9760E+01     CG       1188

 BOND    =     4333.4775  ANGLE   =      250.9430  DIHED      =     1557.5868
 VDWAALS =     9834.0495  EEL     =   -81522.5011  HBOND      =        0.0000
 1-4 VDW =      418.5696  1-4 EEL =     5816.2245  RESTRAINT  =        0.0000


   NSTEP       ENERGY          RMS            GMAX         NAME    NUMBER
    390      -5.9322E+04     4.0397E-01     1.7976E+01     CB        132

 BOND    =     4338.7235  ANGLE   =      244.6453  DIHED      =     1556.2777
 VDWAALS =     9845.4785  EEL     =   -81542.6616  HBOND      =        0.0000
 1-4 VDW =      418.8892  1-4 EEL =     5816.5126  RESTRAINT  =        0.0000


   NSTEP       ENERGY          RMS            GMAX         NAME    NUMBER
    395      -5.9327E+04     2.4779E-01     1.0405E+01     NZ       2070

 BOND    =     4333.8068  ANGLE   =      245.1256  DIHED      =     1555.6641
 VDWAALS =     9849.4011  EEL     =   -81546.4630  HBOND      =        0.0000
 1-4 VDW =      419.4668  1-4 EEL =     5816.4868  RESTRAINT  =        0.0000


   NSTEP       ENERGY          RMS            GMAX         NAME    NUMBER
    400      -5.9334E+04     4.0288E-01     1.7551E+01     OD2       137

 BOND    =     4337.8402  ANGLE   =      249.9475  DIHED      =     1554.4716
 VDWAALS =     9852.5022  EEL     =   -81563.6087  HBOND      =        0.0000
 1-4 VDW =      420.3838  1-4 EEL =     5814.7697  RESTRAINT  =        0.0000


   NSTEP       ENERGY          RMS            GMAX         NAME    NUMBER
    405      -5.9335E+04     2.8570E-01     1.2156E+01     OD2       137

 BOND    =     4336.6298  ANGLE   =      249.3281  DIHED      =     1554.4491
 VDWAALS =     9852.3918  EEL     =   -81563.0443  HBOND      =        0.0000
 1-4 VDW =      420.2796  1-4 EEL =     5814.8686  RESTRAINT  =        0.0000


   NSTEP       ENERGY          RMS            GMAX         NAME    NUMBER
    410      -5.9341E+04     2.9064E-01     1.6301E+01     NZ       2070

 BOND    =     4335.5711  ANGLE   =      243.2283  DIHED      =     1554.3110
 VDWAALS =     9852.7500  EEL     =   -81561.5927  HBOND      =        0.0000
 1-4 VDW =      419.1863  1-4 EEL =     5815.8673  RESTRAINT  =        0.0000


   NSTEP       ENERGY          RMS            GMAX         NAME    NUMBER
    415      -5.9349E+04     2.8608E-01     1.3558E+01     NZ       2070

 BOND    =     4337.4116  ANGLE   =      245.9479  DIHED      =     1554.0246
 VDWAALS =     9848.0555  EEL     =   -81568.0324  HBOND      =        0.0000
 1-4 VDW =      418.2308  1-4 EEL =     5815.2619  RESTRAINT  =        0.0000


   NSTEP       ENERGY          RMS            GMAX         NAME    NUMBER
    420      -5.9354E+04     3.3049E-01     1.4186E+01     CD       1710

 BOND    =     4337.5707  ANGLE   =      247.6856  DIHED      =     1553.5729
 VDWAALS =     9847.2814  EEL     =   -81571.9956  HBOND      =        0.0000
 1-4 VDW =      417.9019  1-4 EEL =     5814.3910  RESTRAINT  =        0.0000


   NSTEP       ENERGY          RMS            GMAX         NAME    NUMBER
    425      -5.9363E+04     3.9465E-01     1.9750E+01     CB        132

 BOND    =     4343.5325  ANGLE   =      247.5904  DIHED      =     1552.4527
 VDWAALS =     9854.3231  EEL     =   -81590.5473  HBOND      =        0.0000
 1-4 VDW =      416.8726  1-4 EEL =     5813.1102  RESTRAINT  =        0.0000


   NSTEP       ENERGY          RMS            GMAX         NAME    NUMBER
    430      -5.9364E+04     2.8556E-01     1.2757E+01     CB        132

 BOND    =     4342.4515  ANGLE   =      247.3824  DIHED      =     1552.4321
 VDWAALS =     9854.3502  EEL     =   -81590.7031  HBOND      =        0.0000
 1-4 VDW =      416.8773  1-4 EEL =     5813.1158  RESTRAINT  =        0.0000


   NSTEP       ENERGY          RMS            GMAX         NAME    NUMBER
    435      -5.9371E+04     2.9083E-01     1.2131E+01     CD       1776

 BOND    =     4338.7901  ANGLE   =      246.9407  DIHED      =     1552.1365
 VDWAALS =     9855.1747  EEL     =   -81594.7369  HBOND      =        0.0000
 1-4 VDW =      417.3960  1-4 EEL =     5813.6158  RESTRAINT  =        0.0000


   NSTEP       ENERGY          RMS            GMAX         NAME    NUMBER
    440      -5.9378E+04     2.7101E-01     1.0959E+01     HZ3      2073

 BOND    =     4343.4122  ANGLE   =      243.5623  DIHED      =     1551.2299
 VDWAALS =     9862.4945  EEL     =   -81609.2930  HBOND      =        0.0000
 1-4 VDW =      417.4592  1-4 EEL =     5813.5937  RESTRAINT  =        0.0000


   NSTEP       ENERGY          RMS            GMAX         NAME    NUMBER
    445      -5.9383E+04     2.5595E-01     1.0320E+01     NZ       2070

 BOND    =     4340.2529  ANGLE   =      243.1411  DIHED      =     1550.2830
 VDWAALS =     9870.9373  EEL     =   -81618.9989  HBOND      =        0.0000
 1-4 VDW =      418.2257  1-4 EEL =     5813.4138  RESTRAINT  =        0.0000


   NSTEP       ENERGY          RMS            GMAX         NAME    NUMBER
    450      -5.9391E+04     4.3442E-01     2.3879E+01     CG       1188

 BOND    =     4343.0354  ANGLE   =      248.5057  DIHED      =     1549.2693
 VDWAALS =     9872.8705  EEL     =   -81635.4509  HBOND      =        0.0000
 1-4 VDW =      419.1934  1-4 EEL =     5811.5998  RESTRAINT  =        0.0000


   NSTEP       ENERGY          RMS            GMAX         NAME    NUMBER
    455      -5.9393E+04     2.7630E-01     9.9819E+00     OD1       136

 BOND    =     4342.0096  ANGLE   =      247.8483  DIHED      =     1549.2294
 VDWAALS =     9872.8007  EEL     =   -81635.1897  HBOND      =        0.0000
 1-4 VDW =      419.0902  1-4 EEL =     5811.6973  RESTRAINT  =        0.0000


   NSTEP       ENERGY          RMS            GMAX         NAME    NUMBER
    460      -5.9398E+04     2.7331E-01     1.6113E+01     NZ       2070

 BOND    =     4341.6666  ANGLE   =      241.8029  DIHED      =     1549.0421
 VDWAALS =     9873.7912  EEL     =   -81634.6837  HBOND      =        0.0000
 1-4 VDW =      418.0022  1-4 EEL =     5812.7089  RESTRAINT  =        0.0000


   NSTEP       ENERGY          RMS            GMAX         NAME    NUMBER
    465      -5.9405E+04     2.6695E-01     1.2095E+01     CA        130

 BOND    =     4343.3433  ANGLE   =      244.9800  DIHED      =     1548.7387
 VDWAALS =     9869.5208  EEL     =   -81641.2234  HBOND      =        0.0000
 1-4 VDW =      417.1027  1-4 EEL =     5812.3112  RESTRAINT  =        0.0000


   NSTEP       ENERGY          RMS            GMAX         NAME    NUMBER
    470      -5.9409E+04     3.0915E-01     1.5983E+01     CD       1776

 BOND    =     4342.9503  ANGLE   =      245.9226  DIHED      =     1548.3666
 VDWAALS =     9869.1743  EEL     =   -81644.0691  HBOND      =        0.0000
 1-4 VDW =      416.7757  1-4 EEL =     5811.6087  RESTRAINT  =        0.0000


   NSTEP       ENERGY          RMS            GMAX         NAME    NUMBER
    475      -5.9417E+04     3.4528E-01     1.7532E+01     CB        132

 BOND    =     4348.6410  ANGLE   =      245.6206  DIHED      =     1547.4051
 VDWAALS =     9874.2936  EEL     =   -81659.3492  HBOND      =        0.0000
 1-4 VDW =      415.9804  1-4 EEL =     5810.6066  RESTRAINT  =        0.0000


   NSTEP       ENERGY          RMS            GMAX         NAME    NUMBER
    480      -5.9418E+04     2.4466E-01     1.0140E+01     CB        132

 BOND    =     4347.4255  ANGLE   =      245.5119  DIHED      =     1547.3710
 VDWAALS =     9874.3236  EEL     =   -81659.3859  HBOND      =        0.0000
 1-4 VDW =      415.9884  1-4 EEL =     5810.6175  RESTRAINT  =        0.0000


   NSTEP       ENERGY          RMS            GMAX         NAME    NUMBER
    485      -5.9424E+04     2.9278E-01     1.3577E+01     CA        130

 BOND    =     4344.2662  ANGLE   =      245.7369  DIHED      =     1546.9778
 VDWAALS =     9875.0557  EEL     =   -81663.7379  HBOND      =        0.0000
 1-4 VDW =      416.5226  1-4 EEL =     5811.1132  RESTRAINT  =        0.0000


   NSTEP       ENERGY          RMS            GMAX         NAME    NUMBER
    490      -5.9431E+04     2.5755E-01     1.0793E+01     CB        132

 BOND    =     4348.0524  ANGLE   =      242.4328  DIHED      =     1546.0341
 VDWAALS =     9881.6541  EEL     =   -81676.6772  HBOND      =        0.0000
 1-4 VDW =      416.5819  1-4 EEL =     5811.1507  RESTRAINT  =        0.0000


   NSTEP       ENERGY          RMS            GMAX         NAME    NUMBER
    495      -5.9435E+04     2.4679E-01     8.5669E+00     NZ       2070

 BOND    =     4345.3265  ANGLE   =      242.0987  DIHED      =     1545.2073
 VDWAALS =     9887.9205  EEL     =   -81683.8153  HBOND      =        0.0000
 1-4 VDW =      417.2386  1-4 EEL =     5810.9280  RESTRAINT  =        0.0000


   NSTEP       ENERGY          RMS            GMAX         NAME    NUMBER
    500      -5.9444E+04     4.0007E-01     2.3198E+01     CD       1776

 BOND    =     4347.7879  ANGLE   =      246.9871  DIHED      =     1544.0702
 VDWAALS =     9889.8200  EEL     =   -81699.5504  HBOND      =        0.0000
 1-4 VDW =      418.1539  1-4 EEL =     5809.1718  RESTRAINT  =        0.0000


   NSTEP       ENERGY          RMS            GMAX         NAME    NUMBER
    505      -5.9445E+04     2.4689E-01     1.0543E+01     OD2       137

 BOND    =     4346.9277  ANGLE   =      246.2951  DIHED      =     1544.0227
 VDWAALS =     9889.8118  EEL     =   -81699.4949  HBOND      =        0.0000
 1-4 VDW =      418.0400  1-4 EEL =     5809.2995  RESTRAINT  =        0.0000


   NSTEP       ENERGY          RMS            GMAX         NAME    NUMBER
    510      -5.9450E+04     2.6759E-01     1.5810E+01     NZ       2070

 BOND    =     4346.7424  ANGLE   =      240.6534  DIHED      =     1543.8267
 VDWAALS =     9890.8716  EEL     =   -81699.4996  HBOND      =        0.0000
 1-4 VDW =      416.9881  1-4 EEL =     5810.4054  RESTRAINT  =        0.0000


   NSTEP       ENERGY          RMS            GMAX         NAME    NUMBER
    515      -5.9457E+04     2.4712E-01     1.1293E+01     NZ       2070

 BOND    =     4348.4027  ANGLE   =      243.8971  DIHED      =     1543.5305
 VDWAALS =     9887.5980  EEL     =   -81706.4159  HBOND      =        0.0000
 1-4 VDW =      416.1483  1-4 EEL =     5810.1184  RESTRAINT  =        0.0000


   NSTEP       ENERGY          RMS            GMAX         NAME    NUMBER
    520      -5.9461E+04     3.2972E-01     1.8697E+01     CD       1776

 BOND    =     4347.9438  ANGLE   =      245.1401  DIHED      =     1543.1244
 VDWAALS =     9887.3107  EEL     =   -81709.8221  HBOND      =        0.0000
 1-4 VDW =      415.7462  1-4 EEL =     5809.3416  RESTRAINT  =        0.0000


   NSTEP       ENERGY          RMS            GMAX         NAME    NUMBER
    525      -5.9469E+04     3.3187E-01     1.6074E+01     CB        132

 BOND    =     4353.3957  ANGLE   =      244.0928  DIHED      =     1542.2323
 VDWAALS =     9892.0582  EEL     =   -81723.9174  HBOND      =        0.0000
 1-4 VDW =      414.9657  1-4 EEL =     5808.6024  RESTRAINT  =        0.0000


   NSTEP       ENERGY          RMS            GMAX         NAME    NUMBER
    530      -5.9470E+04     2.3830E-01     8.8990E+00     CB        132

 BOND    =     4352.3350  ANGLE   =      244.0227  DIHED      =     1542.1836
 VDWAALS =     9892.0497  EEL     =   -81724.0652  HBOND      =        0.0000
 1-4 VDW =      414.9866  1-4 EEL =     5808.6076  RESTRAINT  =        0.0000


   NSTEP       ENERGY          RMS            GMAX         NAME    NUMBER
    535      -5.9476E+04     3.2922E-01     1.3056E+01     CA        130

 BOND    =     4349.5694  ANGLE   =      245.5238  DIHED      =     1541.7645
 VDWAALS =     9892.0948  EEL     =   -81729.7857  HBOND      =        0.0000
 1-4 VDW =      415.6535  1-4 EEL =     5808.9010  RESTRAINT  =        0.0000


   NSTEP       ENERGY          RMS            GMAX         NAME    NUMBER
    540      -5.9483E+04     3.0230E-01     1.4464E+01     CG       1188

 BOND    =     4353.1298  ANGLE   =      241.4830  DIHED      =     1540.6333
 VDWAALS =     9899.6994  EEL     =   -81743.4440  HBOND      =        0.0000
 1-4 VDW =      415.8421  1-4 EEL =     5809.1653  RESTRAINT  =        0.0000


   NSTEP       ENERGY          RMS            GMAX         NAME    NUMBER
    545      -5.9487E+04     2.4935E-01     9.2804E+00     NZ       2070

 BOND    =     4350.0254  ANGLE   =      241.1378  DIHED      =     1540.0363
 VDWAALS =     9904.0750  EEL     =   -81747.6050  HBOND      =        0.0000
 1-4 VDW =      416.3681  1-4 EEL =     5808.9649  RESTRAINT  =        0.0000


   NSTEP       ENERGY          RMS            GMAX         NAME    NUMBER
    550      -5.9495E+04     4.0029E-01     1.3814E+01     OD2       137

 BOND    =     4353.3626  ANGLE   =      245.7451  DIHED      =     1538.9924
 VDWAALS =     9906.6714  EEL     =   -81763.9614  HBOND      =        0.0000
 1-4 VDW =      417.2653  1-4 EEL =     5807.0713  RESTRAINT  =        0.0000


   NSTEP       ENERGY          RMS            GMAX         NAME    NUMBER
    555      -5.9496E+04     2.5304E-01     1.0649E+01     OD2       137

 BOND    =     4352.1455  ANGLE   =      245.1493  DIHED      =     1538.9474
 VDWAALS =     9906.6950  EEL     =   -81763.6969  HBOND      =        0.0000
 1-4 VDW =      417.1406  1-4 EEL =     5807.2129  RESTRAINT  =        0.0000


   NSTEP       ENERGY          RMS            GMAX         NAME    NUMBER
    560      -5.9502E+04     2.8645E-01     1.3093E+01     NZ       2070

 BOND    =     4351.7808  ANGLE   =      239.8086  DIHED      =     1538.7498
 VDWAALS =     9907.4159  EEL     =   -81764.0605  HBOND      =        0.0000
 1-4 VDW =      416.0914  1-4 EEL =     5808.4456  RESTRAINT  =        0.0000


   NSTEP       ENERGY          RMS            GMAX         NAME    NUMBER
    565      -5.9508E+04     2.4962E-01     9.7158E+00     CA        130

 BOND    =     4353.3393  ANGLE   =      243.0627  DIHED      =     1538.5809
 VDWAALS =     9904.3601  EEL     =   -81770.8379  HBOND      =        0.0000
 1-4 VDW =      415.3524  1-4 EEL =     5807.9921  RESTRAINT  =        0.0000


   NSTEP       ENERGY          RMS            GMAX         NAME    NUMBER
    570      -5.9513E+04     3.0819E-01     1.6230E+01     NZ       2070

 BOND    =     4353.2701  ANGLE   =      243.7495  DIHED      =     1538.2456
 VDWAALS =     9904.2633  EEL     =   -81774.6300  HBOND      =        0.0000
 1-4 VDW =      414.9163  1-4 EEL =     5807.2974  RESTRAINT  =        0.0000


   NSTEP       ENERGY          RMS            GMAX         NAME    NUMBER
    575      -5.9519E+04     3.0637E-01     1.7335E+01     CB        132

 BOND    =     4357.9561  ANGLE   =      242.4557  DIHED      =     1537.6004
 VDWAALS =     9909.0615  EEL     =   -81787.2363  HBOND      =        0.0000
 1-4 VDW =      414.2009  1-4 EEL =     5806.7456  RESTRAINT  =        0.0000


   NSTEP       ENERGY          RMS            GMAX         NAME    NUMBER
    580      -5.9520E+04     2.2032E-01     8.7601E+00     CB        132

 BOND    =     4356.7816  ANGLE   =      242.4394  DIHED      =     1537.5506
 VDWAALS =     9909.0293  EEL     =   -81787.2326  HBOND      =        0.0000
 1-4 VDW =      414.2240  1-4 EEL =     5806.7505  RESTRAINT  =        0.0000


   NSTEP       ENERGY          RMS            GMAX         NAME    NUMBER
    585      -5.9526E+04     2.8987E-01     1.1687E+01     CA        130

 BOND    =     4354.2157  ANGLE   =      243.9343  DIHED      =     1537.2113
 VDWAALS =     9909.0386  EEL     =   -81791.7307  HBOND      =        0.0000
 1-4 VDW =      414.7743  1-4 EEL =     5806.9605  RESTRAINT  =        0.0000


   NSTEP       ENERGY          RMS            GMAX         NAME    NUMBER
    590      -5.9532E+04     3.9807E-01     1.9330E+01     CE2        78

 BOND    =     4358.3502  ANGLE   =      240.1667  DIHED      =     1536.1202
 VDWAALS =     9916.9028  EEL     =   -81805.9813  HBOND      =        0.0000
 1-4 VDW =      414.9190  1-4 EEL =     5807.3444  RESTRAINT  =        0.0000


   NSTEP       ENERGY          RMS            GMAX         NAME    NUMBER
    595      -5.9537E+04     2.6609E-01     1.2035E+01     CZ3        83

 BOND    =     4354.8618  ANGLE   =      240.3036  DIHED      =     1535.5587
 VDWAALS =     9920.9306  EEL     =   -81810.6117  HBOND      =        0.0000
 1-4 VDW =      415.3876  1-4 EEL =     5807.0479  RESTRAINT  =        0.0000


   NSTEP       ENERGY          RMS            GMAX         NAME    NUMBER
    600      -5.9544E+04     3.3500E-01     1.1846E+01     CD       1710

 BOND    =     4357.7156  ANGLE   =      244.1824  DIHED      =     1534.7666
 VDWAALS =     9923.5422  EEL     =   -81825.8829  HBOND      =        0.0000
 1-4 VDW =      416.1219  1-4 EEL =     5805.3435  RESTRAINT  =        0.0000


   NSTEP       ENERGY          RMS            GMAX         NAME    NUMBER
    605      -5.9546E+04     2.2682E-01     8.7267E+00     OD2       137

 BOND    =     4356.8520  ANGLE   =      243.6881  DIHED      =     1534.7208
 VDWAALS =     9923.5544  EEL     =   -81825.8415  HBOND      =        0.0000
 1-4 VDW =      416.0114  1-4 EEL =     5805.4855  RESTRAINT  =        0.0000


   NSTEP       ENERGY          RMS            GMAX         NAME    NUMBER
    610      -5.9550E+04     2.6659E-01     1.1326E+01     NZ       2070

 BOND    =     4356.2696  ANGLE   =      239.0422  DIHED      =     1534.5445
 VDWAALS =     9924.5393  EEL     =   -81826.5489  HBOND      =        0.0000
 1-4 VDW =      415.0513  1-4 EEL =     5806.6913  RESTRAINT  =        0.0000


   NSTEP       ENERGY          RMS            GMAX         NAME    NUMBER
    615      -5.9556E+04     2.2783E-01     9.0382E+00     CA        130

 BOND    =     4358.2585  ANGLE   =      241.8738  DIHED      =     1534.4222
 VDWAALS =     9922.5627  EEL     =   -81833.8717  HBOND      =        0.0000
 1-4 VDW =      414.3196  1-4 EEL =     5806.3208  RESTRAINT  =        0.0000


   NSTEP       ENERGY          RMS            GMAX         NAME    NUMBER
    620      -5.9561E+04     3.1072E-01     1.5947E+01     NZ       2070

 BOND    =     4358.3637  ANGLE   =      243.2368  DIHED      =     1534.1621
 VDWAALS =     9923.1612  EEL     =   -81839.3107  HBOND      =        0.0000
 1-4 VDW =      413.8045  1-4 EEL =     5805.6197  RESTRAINT  =        0.0000


   NSTEP       ENERGY          RMS            GMAX         NAME    NUMBER
    625      -5.9567E+04     2.9430E-01     1.4911E+01     CB        132

 BOND    =     4362.3764  ANGLE   =      241.6762  DIHED      =     1533.5560
 VDWAALS =     9928.5809  EEL     =   -81851.7277  HBOND      =        0.0000
 1-4 VDW =      413.1169  1-4 EEL =     5805.1912  RESTRAINT  =        0.0000


   NSTEP       ENERGY          RMS            GMAX         NAME    NUMBER
    630      -5.9568E+04     2.1912E-01     7.7703E+00     CB        132

 BOND    =     4361.5581  ANGLE   =      241.5592  DIHED      =     1533.4979
 VDWAALS =     9928.4547  EEL     =   -81851.8202  HBOND      =        0.0000
 1-4 VDW =      413.1641  1-4 EEL =     5805.1680  RESTRAINT  =        0.0000


   NSTEP       ENERGY          RMS            GMAX         NAME    NUMBER
    635      -5.9574E+04     3.1191E-01     1.2978E+01     OE1       313

 BOND    =     4359.4561  ANGLE   =      243.9136  DIHED      =     1533.1186
 VDWAALS =     9927.7559  EEL     =   -81857.7347  HBOND      =        0.0000
 1-4 VDW =      413.8212  1-4 EEL =     5805.1929  RESTRAINT  =        0.0000


   NSTEP       ENERGY          RMS            GMAX         NAME    NUMBER
    640      -5.9581E+04     4.4041E-01     3.3032E+01     CD        312

 BOND    =     4362.6849  ANGLE   =      238.9229  DIHED      =     1531.9615
 VDWAALS =     9935.0119  EEL     =   -81869.2640  HBOND      =        0.0000
 1-4 VDW =      414.0264  1-4 EEL =     5805.7614  RESTRAINT  =        0.0000


   NSTEP       ENERGY          RMS            GMAX         NAME    NUMBER
    645      -5.9584E+04     2.4878E-01     8.9432E+00     CZ3        83

 BOND    =     4359.0995  ANGLE   =      239.9411  DIHED      =     1531.6312
 VDWAALS =     9936.7952  EEL     =   -81871.8483  HBOND      =        0.0000
 1-4 VDW =      414.3906  1-4 EEL =     5805.4934  RESTRAINT  =        0.0000


   NSTEP       ENERGY          RMS            GMAX         NAME    NUMBER
    650      -5.9592E+04     3.3534E-01     1.6392E+01     CB        132

 BOND    =     4363.2109  ANGLE   =      242.7832  DIHED      =     1530.8707
 VDWAALS =     9939.0524  EEL     =   -81886.9044  HBOND      =        0.0000
 1-4 VDW =      414.8093  1-4 EEL =     5803.8909  RESTRAINT  =        0.0000


   NSTEP       ENERGY          RMS            GMAX         NAME    NUMBER
    655      -5.9594E+04     2.2666E-01     8.6228E+00     CB        132

 BOND    =     4362.2957  ANGLE   =      242.3702  DIHED      =     1530.8523
 VDWAALS =     9939.1411  EEL     =   -81886.9852  HBOND      =        0.0000
 1-4 VDW =      414.7133  1-4 EEL =     5804.0025  RESTRAINT  =        0.0000


   NSTEP       ENERGY          RMS            GMAX         NAME    NUMBER
    660      -5.9598E+04     2.1538E-01     1.0167E+01     CA        130

 BOND    =     4360.5224  ANGLE   =      239.1609  DIHED      =     1530.6930
 VDWAALS =     9940.4979  EEL     =   -81887.5666  HBOND      =        0.0000
 1-4 VDW =      414.0635  1-4 EEL =     5805.1267  RESTRAINT  =        0.0000


   NSTEP       ENERGY          RMS            GMAX         NAME    NUMBER
    665      -5.9601E+04     2.0346E-01     9.7654E+00     CA        130

 BOND    =     4362.9724  ANGLE   =      240.5028  DIHED      =     1530.6148
 VDWAALS =     9940.2390  EEL     =   -81893.9768  HBOND      =        0.0000
 1-4 VDW =      413.5996  1-4 EEL =     5804.9578  RESTRAINT  =        0.0000


   NSTEP       ENERGY          RMS            GMAX         NAME    NUMBER
    670      -5.9611E+04     3.9464E-01     1.8053E+01     CD        312

 BOND    =     4363.4467  ANGLE   =      244.5243  DIHED      =     1530.1980
 VDWAALS =     9943.3727  EEL     =   -81908.9959  HBOND      =        0.0000
 1-4 VDW =      412.6675  1-4 EEL =     5804.1182  RESTRAINT  =        0.0000


   NSTEP       ENERGY          RMS            GMAX         NAME    NUMBER
    675      -5.9621E+04     3.6964E-01     1.7378E+01     CB        132

 BOND    =     4369.1334  ANGLE   =      241.6793  DIHED      =     1529.2351
 VDWAALS =     9953.9850  EEL     =   -81930.4638  HBOND      =        0.0000
 1-4 VDW =      411.4934  1-4 EEL =     5804.2139  RESTRAINT  =        0.0000


   NSTEP       ENERGY          RMS            GMAX         NAME    NUMBER
    680      -5.9622E+04     2.9912E-01     1.1339E+01     CB        132

 BOND    =     4368.5696  ANGLE   =      241.5022  DIHED      =     1529.1534
 VDWAALS =     9953.7563  EEL     =   -81930.7729  HBOND      =        0.0000
 1-4 VDW =      411.5479  1-4 EEL =     5804.1816  RESTRAINT  =        0.0000


   NSTEP       ENERGY          RMS            GMAX         NAME    NUMBER
    685      -5.9632E+04     4.1808E-01     2.6699E+01     CD        312

 BOND    =     4367.1337  ANGLE   =      244.5389  DIHED      =     1528.7736
 VDWAALS =     9949.4993  EEL     =   -81938.0208  HBOND      =        0.0000
 1-4 VDW =      412.5422  1-4 EEL =     5803.4924  RESTRAINT  =        0.0000


   NSTEP       ENERGY          RMS            GMAX         NAME    NUMBER
    690      -5.9640E+04     6.8479E-01     5.3904E+01     CD        312

 BOND    =     4371.6637  ANGLE   =      237.8851  DIHED      =     1527.2355
 VDWAALS =     9956.6118  EEL     =   -81950.8364  HBOND      =        0.0000
 1-4 VDW =      413.1659  1-4 EEL =     5804.4652  RESTRAINT  =        0.0000


   NSTEP       ENERGY          RMS            GMAX         NAME    NUMBER
    695      -5.9646E+04     2.6389E-01     7.7762E+00     CB        132

 BOND    =     4364.8438  ANGLE   =      239.4315  DIHED      =     1527.1104
 VDWAALS =     9956.3684  EEL     =   -81950.8024  HBOND      =        0.0000
 1-4 VDW =      413.2666  1-4 EEL =     5804.0979  RESTRAINT  =        0.0000


   NSTEP       ENERGY          RMS            GMAX         NAME    NUMBER
    700      -5.9653E+04     3.8904E-01     1.3509E+01     CB        132

 BOND    =     4371.2207  ANGLE   =      242.4266  DIHED      =     1526.5015
 VDWAALS =     9960.9217  EEL     =   -81970.0352  HBOND      =        0.0000
 1-4 VDW =      413.3081  1-4 EEL =     5802.1796  RESTRAINT  =        0.0000


   NSTEP       ENERGY          RMS            GMAX         NAME    NUMBER
    705      -5.9655E+04     2.8368E-01     9.5798E+00     CB        132

 BOND    =     4369.8044  ANGLE   =      241.9441  DIHED      =     1526.4883
 VDWAALS =     9960.9223  EEL     =   -81969.5470  HBOND      =        0.0000
 1-4 VDW =      413.2569  1-4 EEL =     5802.2978  RESTRAINT  =        0.0000


   NSTEP       ENERGY          RMS            GMAX         NAME    NUMBER
    710      -5.9659E+04     2.2056E-01     8.8801E+00     CD       1776

 BOND    =     4366.1750  ANGLE   =      238.5706  DIHED      =     1526.3253
 VDWAALS =     9961.5919  EEL     =   -81968.3003  HBOND      =        0.0000
 1-4 VDW =      412.8793  1-4 EEL =     5803.3423  RESTRAINT  =        0.0000


   NSTEP       ENERGY          RMS            GMAX         NAME    NUMBER
    715      -5.9662E+04     1.5285E-01     5.1655E+00     CA        130

 BOND    =     4368.4033  ANGLE   =      238.3806  DIHED      =     1526.2546
 VDWAALS =     9962.0690  EEL     =   -81973.1053  HBOND      =        0.0000
 1-4 VDW =      412.6031  1-4 EEL =     5803.4750  RESTRAINT  =        0.0000


   NSTEP       ENERGY          RMS            GMAX         NAME    NUMBER
    720      -5.9674E+04     4.7436E-01     2.0352E+01     NZ       2070

 BOND    =     4373.0798  ANGLE   =      242.9517  DIHED      =     1525.6077
 VDWAALS =     9967.2169  EEL     =   -81998.2755  HBOND      =        0.0000
 1-4 VDW =      412.1327  1-4 EEL =     5803.4418  RESTRAINT  =        0.0000


   NSTEP       ENERGY          RMS            GMAX         NAME    NUMBER
    725      -5.9692E+04     5.0941E-01     1.8406E+01     NZ       2070

 BOND    =     4375.7026  ANGLE   =      241.2744  DIHED      =     1523.7706
 VDWAALS =     9983.5508  EEL     =   -82031.4684  HBOND      =        0.0000
 1-4 VDW =      411.2561  1-4 EEL =     5804.2732  RESTRAINT  =        0.0000


   NSTEP       ENERGY          RMS            GMAX         NAME    NUMBER
    730      -5.9693E+04     3.8547E-01     1.1939E+01     NZ       2070

 BOND    =     4375.3831  ANGLE   =      240.9184  DIHED      =     1523.7313
 VDWAALS =     9983.6005  EEL     =   -82032.3898  HBOND      =        0.0000
 1-4 VDW =      411.2604  1-4 EEL =     5804.2257  RESTRAINT  =        0.0000


   NSTEP       ENERGY          RMS            GMAX         NAME    NUMBER
    735      -5.9703E+04     3.6366E-01     1.5595E+01     NZ       2070

 BOND    =     4375.6957  ANGLE   =      240.3084  DIHED      =     1523.7255
 VDWAALS =     9981.2863  EEL     =   -82038.9250  HBOND      =        0.0000
 1-4 VDW =      411.6270  1-4 EEL =     5803.3836  RESTRAINT  =        0.0000


   NSTEP       ENERGY          RMS            GMAX         NAME    NUMBER
    740      -5.9713E+04     6.0357E-01     4.1886E+01     CD       1776

 BOND    =     4380.4860  ANGLE   =      237.4158  DIHED      =     1523.0403
 VDWAALS =     9984.5026  EEL     =   -82053.4368  HBOND      =        0.0000
 1-4 VDW =      412.0764  1-4 EEL =     5803.1837  RESTRAINT  =        0.0000


   NSTEP       ENERGY          RMS            GMAX         NAME    NUMBER
    745      -5.9719E+04     2.8035E-01     1.1850E+01     CE       2067

 BOND    =     4373.3273  ANGLE   =      237.1478  DIHED      =     1522.8047
 VDWAALS =     9984.8849  EEL     =   -82052.0842  HBOND      =        0.0000
 1-4 VDW =      412.4202  1-4 EEL =     5802.6510  RESTRAINT  =        0.0000


   NSTEP       ENERGY          RMS            GMAX         NAME    NUMBER
    750      -5.9723E+04     2.7116E-01     1.1884E+01     CD        312

 BOND    =     4377.2312  ANGLE   =      238.8439  DIHED      =     1522.5353
 VDWAALS =     9986.0976  EEL     =   -82062.1467  HBOND      =        0.0000
 1-4 VDW =      412.6735  1-4 EEL =     5801.3779  RESTRAINT  =        0.0000


   NSTEP       ENERGY          RMS            GMAX         NAME    NUMBER
    755      -5.9724E+04     1.6653E-01     4.0958E+00     OE1       313

 BOND    =     4374.6722  ANGLE   =      238.5223  DIHED      =     1522.4659
 VDWAALS =     9986.1194  EEL     =   -82060.4365  HBOND      =        0.0000
 1-4 VDW =      412.6253  1-4 EEL =     5801.5376  RESTRAINT  =        0.0000


   NSTEP       ENERGY          RMS            GMAX         NAME    NUMBER
    760      -5.9727E+04     2.5144E-01     1.2430E+01     CD        312

 BOND    =     4375.6232  ANGLE   =      236.2463  DIHED      =     1522.2888
 VDWAALS =     9987.3985  EEL     =   -82063.3188  HBOND      =        0.0000
 1-4 VDW =      412.0474  1-4 EEL =     5802.4468  RESTRAINT  =        0.0000


   NSTEP       ENERGY          RMS            GMAX         NAME    NUMBER
    765      -5.9733E+04     2.2186E-01     1.0931E+01     NZ       2070

 BOND    =     4376.8405  ANGLE   =      236.8843  DIHED      =     1521.7990
 VDWAALS =     9988.2388  EEL     =   -82070.2474  HBOND      =        0.0000
 1-4 VDW =      411.1807  1-4 EEL =     5802.4607  RESTRAINT  =        0.0000


   NSTEP       ENERGY          RMS            GMAX         NAME    NUMBER
    770      -5.9737E+04     3.0208E-01     1.9955E+01     CD       1607

 BOND    =     4378.3213  ANGLE   =      239.0333  DIHED      =     1521.5480
 VDWAALS =     9988.9697  EEL     =   -82077.8574  HBOND      =        0.0000
 1-4 VDW =      410.8598  1-4 EEL =     5801.9779  RESTRAINT  =        0.0000


   NSTEP       ENERGY          RMS            GMAX         NAME    NUMBER
    775      -5.9745E+04     3.3313E-01     1.7344E+01     NZ       2070

 BOND    =     4381.1527  ANGLE   =      239.5678  DIHED      =     1520.6501
 VDWAALS =     9994.1042  EEL     =   -82093.0735  HBOND      =        0.0000
 1-4 VDW =      410.3198  1-4 EEL =     5802.3332  RESTRAINT  =        0.0000


   NSTEP       ENERGY          RMS            GMAX         NAME    NUMBER
    780      -5.9746E+04     2.3122E-01     8.7424E+00     NZ       2070

 BOND    =     4379.4829  ANGLE   =      239.1457  DIHED      =     1520.6212
 VDWAALS =     9994.1793  EEL     =   -82092.3257  HBOND      =        0.0000
 1-4 VDW =      410.3472  1-4 EEL =     5802.2788  RESTRAINT  =        0.0000


   NSTEP       ENERGY          RMS            GMAX         NAME    NUMBER
    785      -5.9752E+04     2.5357E-01     9.7771E+00     CD       1607

 BOND    =     4377.3678  ANGLE   =      238.0190  DIHED      =     1520.5787
 VDWAALS =     9993.8323  EEL     =   -82093.9526  HBOND      =        0.0000
 1-4 VDW =      410.6025  1-4 EEL =     5801.9031  RESTRAINT  =        0.0000


   NSTEP       ENERGY          RMS            GMAX         NAME    NUMBER
    790      -5.9757E+04     2.8682E-01     1.1377E+01     HZ3      2073

 BOND    =     4378.5555  ANGLE   =      235.6059  DIHED      =     1520.3560
 VDWAALS =     9997.3394  EEL     =   -82102.3154  HBOND      =        0.0000
 1-4 VDW =      410.8941  1-4 EEL =     5802.3625  RESTRAINT  =        0.0000


   NSTEP       ENERGY          RMS            GMAX         NAME    NUMBER
    795      -5.9761E+04     2.4808E-01     9.4741E+00     NZ       2070

 BOND    =     4376.9429  ANGLE   =      236.0123  DIHED      =     1520.0548
 VDWAALS =     9999.6252  EEL     =   -82107.0934  HBOND      =        0.0000
 1-4 VDW =      411.6473  1-4 EEL =     5801.9235  RESTRAINT  =        0.0000


   NSTEP       ENERGY          RMS            GMAX         NAME    NUMBER
    800      -5.9765E+04     2.7253E-01     1.0954E+01     CB        132

 BOND    =     4379.5261  ANGLE   =      237.0380  DIHED      =     1520.0625
 VDWAALS =    10000.8968  EEL     =   -82115.9883  HBOND      =        0.0000
 1-4 VDW =      412.0563  1-4 EEL =     5801.2981  RESTRAINT  =        0.0000


   NSTEP       ENERGY          RMS            GMAX         NAME    NUMBER
    805      -5.9766E+04     1.5766E-01     4.5552E+00     CB        132

 BOND    =     4379.5543  ANGLE   =      236.7848  DIHED      =     1520.0047
 VDWAALS =    10000.9568  EEL     =   -82116.9875  HBOND      =        0.0000
 1-4 VDW =      412.0197  1-4 EEL =     5801.4829  RESTRAINT  =        0.0000


   NSTEP       ENERGY          RMS            GMAX         NAME    NUMBER
    810      -5.9768E+04     2.4887E-01     1.3254E+01     CD        312

 BOND    =     4377.7122  ANGLE   =      234.9781  DIHED      =     1519.8630
 VDWAALS =    10002.0262  EEL     =   -82116.9073  HBOND      =        0.0000
 1-4 VDW =      411.5770  1-4 EEL =     5802.3185  RESTRAINT  =        0.0000


   NSTEP       ENERGY          RMS            GMAX         NAME    NUMBER
    815      -5.9774E+04     2.4421E-01     1.0416E+01     NZ       2070

 BOND    =     4382.0750  ANGLE   =      235.9111  DIHED      =     1519.6516
 VDWAALS =    10002.7610  EEL     =   -82127.0835  HBOND      =        0.0000
 1-4 VDW =      410.7250  1-4 EEL =     5802.4061  RESTRAINT  =        0.0000


   NSTEP       ENERGY          RMS            GMAX         NAME    NUMBER
    820      -5.9778E+04     2.7511E-01     1.3461E+01     CD       1607

 BOND    =     4379.7534  ANGLE   =      238.4482  DIHED      =     1519.5572
 VDWAALS =    10004.2625  EEL     =   -82132.3654  HBOND      =        0.0000
 1-4 VDW =      410.3775  1-4 EEL =     5801.7320  RESTRAINT  =        0.0000


   NSTEP       ENERGY          RMS            GMAX         NAME    NUMBER
    825      -5.9786E+04     4.0719E-01     1.7813E+01     NZ       2070

 BOND    =     4386.4369  ANGLE   =      238.7694  DIHED      =     1518.8146
 VDWAALS =    10011.2686  EEL     =   -82153.1888  HBOND      =        0.0000
 1-4 VDW =      409.7259  1-4 EEL =     5802.1617  RESTRAINT  =        0.0000


   NSTEP       ENERGY          RMS            GMAX         NAME    NUMBER
    830      -5.9787E+04     2.8594E-01     9.9739E+00     NZ       2070

 BOND    =     4385.0266  ANGLE   =      238.3645  DIHED      =     1518.7946
 VDWAALS =    10011.2961  EEL     =   -82152.8506  HBOND      =        0.0000
 1-4 VDW =      409.7475  1-4 EEL =     5802.1324  RESTRAINT  =        0.0000


   NSTEP       ENERGY          RMS            GMAX         NAME    NUMBER
    835      -5.9794E+04     2.7860E-01     1.2333E+01     CD       1607

 BOND    =     4382.6018  ANGLE   =      237.8257  DIHED      =     1518.8522
 VDWAALS =    10009.8907  EEL     =   -82155.0355  HBOND      =        0.0000
 1-4 VDW =      410.0705  1-4 EEL =     5801.7127  RESTRAINT  =        0.0000


   NSTEP       ENERGY          RMS            GMAX         NAME    NUMBER
    840      -5.9800E+04     3.1841E-01     1.6163E+01     CD        312

 BOND    =     4384.0746  ANGLE   =      234.9316  DIHED      =     1518.2997
 VDWAALS =    10013.6601  EEL     =   -82163.8793  HBOND      =        0.0000
 1-4 VDW =      410.3552  1-4 EEL =     5802.1857  RESTRAINT  =        0.0000


   NSTEP       ENERGY          RMS            GMAX         NAME    NUMBER
    845      -5.9804E+04     2.2929E-01     1.1117E+01     CD        312

 BOND    =     4382.5736  ANGLE   =      234.5766  DIHED      =     1518.1096
 VDWAALS =    10015.7756  EEL     =   -82167.5222  HBOND      =        0.0000
 1-4 VDW =      410.9592  1-4 EEL =     5801.9433  RESTRAINT  =        0.0000


   NSTEP       ENERGY          RMS            GMAX         NAME    NUMBER
    850      -5.9806E+04     2.2752E-01     8.0948E+00     CB        132

 BOND    =     4384.7991  ANGLE   =      236.2412  DIHED      =     1517.9447
 VDWAALS =    10017.0595  EEL     =   -82175.0708  HBOND      =        0.0000
 1-4 VDW =      411.4606  1-4 EEL =     5801.0773  RESTRAINT  =        0.0000


   NSTEP       ENERGY          RMS            GMAX         NAME    NUMBER
    855      -5.9807E+04     1.4078E-01     3.7452E+00     CD        312

 BOND    =     4383.6381  ANGLE   =      235.8183  DIHED      =     1517.9029
 VDWAALS =    10017.2451  EEL     =   -82174.8095  HBOND      =        0.0000
 1-4 VDW =      411.4090  1-4 EEL =     5801.2981  RESTRAINT  =        0.0000


   NSTEP       ENERGY          RMS            GMAX         NAME    NUMBER
    860      -5.9810E+04     2.1749E-01     1.0621E+01     CD        312

 BOND    =     4383.4538  ANGLE   =      233.9454  DIHED      =     1517.8556
 VDWAALS =    10018.4771  EEL     =   -82176.5698  HBOND      =        0.0000
 1-4 VDW =      410.9509  1-4 EEL =     5802.2068  RESTRAINT  =        0.0000


   NSTEP       ENERGY          RMS            GMAX         NAME    NUMBER
    865      -5.9815E+04     2.2038E-01     1.0777E+01     NZ       2070

 BOND    =     4385.4194  ANGLE   =      235.2789  DIHED      =     1517.6402
 VDWAALS =    10019.7263  EEL     =   -82185.0679  HBOND      =        0.0000
 1-4 VDW =      410.2729  1-4 EEL =     5802.2232  RESTRAINT  =        0.0000


   NSTEP       ENERGY          RMS            GMAX         NAME    NUMBER
    870      -5.9819E+04     3.0669E-01     1.4491E+01     CD       1607

 BOND    =     4386.0239  ANGLE   =      237.8375  DIHED      =     1517.5462
 VDWAALS =    10022.4180  EEL     =   -82194.5388  HBOND      =        0.0000
 1-4 VDW =      409.9416  1-4 EEL =     5801.5445  RESTRAINT  =        0.0000


   NSTEP       ENERGY          RMS            GMAX         NAME    NUMBER
    875      -5.9827E+04     3.3849E-01     1.7427E+01     NZ       2070

 BOND    =     4390.0831  ANGLE   =      238.2176  DIHED      =     1516.8143
 VDWAALS =    10030.4208  EEL     =   -82214.1894  HBOND      =        0.0000
 1-4 VDW =      409.4252  1-4 EEL =     5801.7338  RESTRAINT  =        0.0000


   NSTEP       ENERGY          RMS            GMAX         NAME    NUMBER
    880      -5.9829E+04     2.4053E-01     7.5529E+00     NZ       2070

 BOND    =     4389.3708  ANGLE   =      237.8211  DIHED      =     1516.7937
 VDWAALS =    10030.4728  EEL     =   -82214.4023  HBOND      =        0.0000
 1-4 VDW =      409.4416  1-4 EEL =     5801.7065  RESTRAINT  =        0.0000


   NSTEP       ENERGY          RMS            GMAX         NAME    NUMBER
    885      -5.9836E+04     2.8056E-01     1.0924E+01     HZ3      2073

 BOND    =     4388.0384  ANGLE   =      237.0305  DIHED      =     1516.7520
 VDWAALS =    10029.2603  EEL     =   -82218.2879  HBOND      =        0.0000
 1-4 VDW =      409.6856  1-4 EEL =     5801.5076  RESTRAINT  =        0.0000


   NSTEP       ENERGY          RMS            GMAX         NAME    NUMBER
    890      -5.9842E+04     3.1841E-01     1.6532E+01     CD        312

 BOND    =     4389.7637  ANGLE   =      233.8805  DIHED      =     1516.2814
 VDWAALS =    10032.9273  EEL     =   -82226.9293  HBOND      =        0.0000
 1-4 VDW =      409.9254  1-4 EEL =     5802.1230  RESTRAINT  =        0.0000


   NSTEP       ENERGY          RMS            GMAX         NAME    NUMBER
    895      -5.9845E+04     1.9633E-01     8.7585E+00     CD        312

 BOND    =     4387.6154  ANGLE   =      234.3009  DIHED      =     1515.9950
 VDWAALS =    10034.1651  EEL     =   -82228.9472  HBOND      =        0.0000
 1-4 VDW =      410.4457  1-4 EEL =     5801.6377  RESTRAINT  =        0.0000


   NSTEP       ENERGY          RMS            GMAX         NAME    NUMBER
    900      -5.9848E+04     2.6271E-01     1.2980E+01     CD        312

 BOND    =     4390.5042  ANGLE   =      235.2154  DIHED      =     1515.9328
 VDWAALS =    10036.2881  EEL     =   -82237.9145  HBOND      =        0.0000
 1-4 VDW =      410.7852  1-4 EEL =     5801.0434  RESTRAINT  =        0.0000


   NSTEP       ENERGY          RMS            GMAX         NAME    NUMBER
    905      -5.9849E+04     1.5244E-01     4.4373E+00     CB        132

 BOND    =     4389.2732  ANGLE   =      234.8948  DIHED      =     1515.8682
 VDWAALS =    10036.4598  EEL     =   -82237.6611  HBOND      =        0.0000
 1-4 VDW =      410.7614  1-4 EEL =     5801.2153  RESTRAINT  =        0.0000


   NSTEP       ENERGY          RMS            GMAX         NAME    NUMBER
    910      -5.9851E+04     2.9339E-01     1.6803E+01     CD        312

 BOND    =     4389.2949  ANGLE   =      233.4531  DIHED      =     1515.7470
 VDWAALS =    10038.0671  EEL     =   -82239.6455  HBOND      =        0.0000
 1-4 VDW =      410.3057  1-4 EEL =     5802.0691  RESTRAINT  =        0.0000


   NSTEP       ENERGY          RMS            GMAX         NAME    NUMBER
    915      -5.9853E+04     2.3097E-01     8.8131E+00     CA        130

 BOND    =     4390.9709  ANGLE   =      234.1320  DIHED      =     1515.6787
 VDWAALS =    10038.9998  EEL     =   -82245.2556  HBOND      =        0.0000
 1-4 VDW =      409.8803  1-4 EEL =     5802.2468  RESTRAINT  =        0.0000


   NSTEP       ENERGY          RMS            GMAX         NAME    NUMBER
    920      -5.9862E+04     3.4427E-01     1.3209E+01     CD       1607

 BOND    =     4391.9560  ANGLE   =      238.1848  DIHED      =     1515.6636
 VDWAALS =    10044.3744  EEL     =   -82262.9012  HBOND      =        0.0000
 1-4 VDW =      409.5191  1-4 EEL =     5801.1998  RESTRAINT  =        0.0000


   NSTEP       ENERGY          RMS            GMAX         NAME    NUMBER
    925      -5.9870E+04     3.1202E-01     9.3737E+00     HZ3      2073

 BOND    =     4396.4551  ANGLE   =      237.3469  DIHED      =     1514.6561
 VDWAALS =    10053.7776  EEL     =   -82282.4127  HBOND      =        0.0000
 1-4 VDW =      408.9736  1-4 EEL =     5801.5387  RESTRAINT  =        0.0000


   NSTEP       ENERGY          RMS            GMAX         NAME    NUMBER
    930      -5.9871E+04     2.2415E-01     7.4831E+00     OD1       965

 BOND    =     4395.2933  ANGLE   =      237.2246  DIHED      =     1514.6434
 VDWAALS =    10053.4949  EEL     =   -82282.0172  HBOND      =        0.0000
 1-4 VDW =      408.9864  1-4 EEL =     5801.5305  RESTRAINT  =        0.0000


   NSTEP       ENERGY          RMS            GMAX         NAME    NUMBER
    935      -5.9880E+04     3.6260E-01     2.0425E+01     NZ       2070

 BOND    =     4393.6773  ANGLE   =      235.3824  DIHED      =     1514.7320
 VDWAALS =    10052.2840  EEL     =   -82286.7423  HBOND      =        0.0000
 1-4 VDW =      409.2493  1-4 EEL =     5801.8793  RESTRAINT  =        0.0000


   NSTEP       ENERGY          RMS            GMAX         NAME    NUMBER
    940      -5.9886E+04     1.7760E-01     5.3435E+00     CD2       545

 BOND    =     4394.4169  ANGLE   =      233.3360  DIHED      =     1513.9863
 VDWAALS =    10053.7812  EEL     =   -82292.6703  HBOND      =        0.0000
 1-4 VDW =      409.5869  1-4 EEL =     5801.9360  RESTRAINT  =        0.0000


   NSTEP       ENERGY          RMS            GMAX         NAME    NUMBER
    945      -5.9888E+04     1.5467E-01     7.9959E+00     CD        312

 BOND    =     4393.5649  ANGLE   =      233.2562  DIHED      =     1513.9038
 VDWAALS =    10054.9684  EEL     =   -82295.0291  HBOND      =        0.0000
 1-4 VDW =      409.9650  1-4 EEL =     5801.7881  RESTRAINT  =        0.0000


   NSTEP       ENERGY          RMS            GMAX         NAME    NUMBER
    950      -5.9890E+04     1.8425E-01     9.6193E+00     CD        312

 BOND    =     4394.8032  ANGLE   =      234.6586  DIHED      =     1513.8390
 VDWAALS =    10056.0157  EEL     =   -82301.0740  HBOND      =        0.0000
 1-4 VDW =      410.3112  1-4 EEL =     5801.2751  RESTRAINT  =        0.0000


   NSTEP       ENERGY          RMS            GMAX         NAME    NUMBER
    955      -5.9891E+04     1.5257E-01     1.2574E+01     CD        312

 BOND    =     4393.7348  ANGLE   =      234.0384  DIHED      =     1513.7502
 VDWAALS =    10056.3417  EEL     =   -82300.4986  HBOND      =        0.0000
 1-4 VDW =      410.2500  1-4 EEL =     5801.4845  RESTRAINT  =        0.0000


   NSTEP       ENERGY          RMS            GMAX         NAME    NUMBER
    960      -5.9892E+04     1.8710E-01     9.9493E+00     CD        312

 BOND    =     4394.3938  ANGLE   =      232.5247  DIHED      =     1513.7262
 VDWAALS =    10057.6745  EEL     =   -82302.4920  HBOND      =        0.0000
 1-4 VDW =      409.8537  1-4 EEL =     5802.0446  RESTRAINT  =        0.0000


   NSTEP       ENERGY          RMS            GMAX         NAME    NUMBER
    965      -5.9897E+04     2.3214E-01     9.6256E+00     NZ       2070

 BOND    =     4396.1541  ANGLE   =      234.2870  DIHED      =     1513.6722
 VDWAALS =    10058.8124  EEL     =   -82310.9306  HBOND      =        0.0000
 1-4 VDW =      409.4220  1-4 EEL =     5802.0621  RESTRAINT  =        0.0000


   NSTEP       ENERGY          RMS            GMAX         NAME    NUMBER
    970      -5.9903E+04     3.8722E-01     1.7216E+01     CD       1607

 BOND    =     4397.1094  ANGLE   =      236.2604  DIHED      =     1513.3641
 VDWAALS =    10063.5646  EEL     =   -82323.5541  HBOND      =        0.0000
 1-4 VDW =      409.1005  1-4 EEL =     5801.6376  RESTRAINT  =        0.0000


   NSTEP       ENERGY          RMS            GMAX         NAME    NUMBER
    975      -5.9912E+04     2.9550E-01     1.4824E+01     NZ       2070

 BOND    =     4401.7590  ANGLE   =      236.7738  DIHED      =     1512.6956
 VDWAALS =    10071.4663  EEL     =   -82345.1448  HBOND      =        0.0000
 1-4 VDW =      408.5987  1-4 EEL =     5801.8037  RESTRAINT  =        0.0000


   NSTEP       ENERGY          RMS            GMAX         NAME    NUMBER
    980      -5.9913E+04     2.3277E-01     6.9746E+00     OD1       965

 BOND    =     4400.7870  ANGLE   =      236.2607  DIHED      =     1512.6612
 VDWAALS =    10071.3613  EEL     =   -82344.7351  HBOND      =        0.0000
 1-4 VDW =      408.6280  1-4 EEL =     5801.7785  RESTRAINT  =        0.0000


   NSTEP       ENERGY          RMS            GMAX         NAME    NUMBER
    985      -5.9922E+04     3.4675E-01     2.4793E+01     CD        312

 BOND    =     4397.1027  ANGLE   =      234.5898  DIHED      =     1512.5898
 VDWAALS =    10069.8543  EEL     =   -82346.9703  HBOND      =        0.0000
 1-4 VDW =      408.8191  1-4 EEL =     5802.0345  RESTRAINT  =        0.0000


   NSTEP       ENERGY          RMS            GMAX         NAME    NUMBER
    990      -5.9927E+04     2.5896E-01     1.9483E+01     CD        312

 BOND    =     4399.1088  ANGLE   =      232.0426  DIHED      =     1512.0800
 VDWAALS =    10072.5870  EEL     =   -82354.7469  HBOND      =        0.0000
 1-4 VDW =      409.1456  1-4 EEL =     5802.3096  RESTRAINT  =        0.0000


   NSTEP       ENERGY          RMS            GMAX         NAME    NUMBER
    995      -5.9929E+04     1.5607E-01     5.3658E+00     CD        312

 BOND    =     4397.6386  ANGLE   =      232.6219  DIHED      =     1511.9194
 VDWAALS =    10073.6467  EEL     =   -82356.7290  HBOND      =        0.0000
 1-4 VDW =      409.5013  1-4 EEL =     5802.1161  RESTRAINT  =        0.0000


   NSTEP       ENERGY          RMS            GMAX         NAME    NUMBER
   1000      -5.9932E+04     1.8844E-01     5.2308E+00     OE1       313

 BOND    =     4399.1352  ANGLE   =      234.0262  DIHED      =     1511.9149
 VDWAALS =    10074.7093  EEL     =   -82363.3543  HBOND      =        0.0000
 1-4 VDW =      409.8664  1-4 EEL =     5801.6489  RESTRAINT  =        0.0000


  Maximum number of minimization cycles reached.


                    FINAL RESULTS



   NSTEP       ENERGY          RMS            GMAX         NAME    NUMBER
   1000      -5.9932E+04     1.8844E-01     5.2308E+00     OE1       313

 BOND    =     4399.1352  ANGLE   =      234.0262  DIHED      =     1511.9149
 VDWAALS =    10074.7093  EEL     =   -82363.3543  HBOND      =        0.0000
 1-4 VDW =      409.8664  1-4 EEL =     5801.6489  RESTRAINT  =        0.0000
--------------------------------------------------------------------------------
   5.  TIMINGS
--------------------------------------------------------------------------------

|  NonSetup CPU Time in Major Routines:
|
|     Routine           Sec        %
|     ------------------------------
|     Nonbond          52.90   95.90
|     Bond              0.15    0.28
|     Angle             0.29    0.52
|     Dihedral          1.59    2.89
|     Shake             0.00    0.00
|     Other             0.23    0.41
|     ------------------------------
|     Total            55.16

|  PME Nonbond Pairlist CPU Time:
|
|     Routine              Sec        %
|     ---------------------------------
|     Set Up Cit           0.00    0.01
|     Build List           0.53    0.96
|     ---------------------------------
|     Total                0.54    0.97

|  PME Direct Force CPU Time:
|
|     Routine              Sec        %
|     ---------------------------------
|     NonBonded Calc      35.12   63.66
|     Exclude Masked       0.75    1.36
|     Other                0.26    0.47
|     ---------------------------------
|     Total               36.13   65.50

|  PME Reciprocal Force CPU Time:
|
|     Routine              Sec        %
|     ---------------------------------
|     1D bspline           0.56    1.01
|     Grid Charges         1.34    2.42
|     Scalar Sum           5.94   10.78
|     Gradient Sum         1.92    3.47
|     FFT                  6.44   11.68
|     ---------------------------------
|     Total               16.20   29.36

|  Setup CPU time:            0.06 seconds
|  NonSetup CPU time:        55.16 seconds
|  Total CPU time:           55.22 seconds     0.02 hours

|  Setup wall time:           0    seconds
|  NonSetup wall time:       55    seconds
|  Total wall time:          55    seconds     0.02 hours
