
          -------------------------------------------------------
          Amber 16 PMEMD                              2016
          -------------------------------------------------------

| PMEMD implementation of SANDER, Release 16

| Run on 07/16/2018 at 12:45:41

|   Executable path: pmemd
| Working directory: /home/german/lbp/run/2w9y/mhe/m
|          Hostname: Unknown
  [-O]verwriting output

File Assignments:
|   MDIN: min.in                                                                
|  MDOUT: min.out                                                               
| INPCRD: 2w9y.rst7                                                             
|   PARM: /home/german/lbp/top_files/2w9y.prmtop                                
| RESTRT: m2w9y.rst7                                                            
|   REFC: 2w9y.rst7                                                             
|  MDVEL: mdvel                                                                 
|   MDEN: mden                                                                  
|  MDCRD: mdcrd                                                                 
| MDINFO: mdinfo                                                                
|  MDFRC: mdfrc                                                                 


 Here is the input file:

Minimization with Cartesian restraints                                         
&cntrl                                                                         
imin=1,                                                                        
ntmin=1,                                 ! Steepest Descent, then Conjugate Gra
ncyc=200,                                ! 200 steps of Steepest Descent       
maxcyc=1000,                             ! 800 steps of Conjugate Gradient     
ntpr=5,                                                                        
ntr=1,                                   ! Use restraints                      
restraint_wt=10.0,                       ! 10 Kcal/mol                         
restraintmask=':1-138',                  ! Apply restraints on whole molecule. 
&end                                                                           


Note: ig = -1. Setting random seed to   927813 based on wallclock time in 
      microseconds.
 
 
| Conditional Compilation Defines Used:
| PUBFFT
| BINTRAJ
| EMIL

| Largest sphere to fit in unit cell has radius =    28.017

| New format PARM file being parsed.
| Version =    1.000 Date = 07/16/18 Time = 12:31:37

| Note: 1-4 EEL scale factors are being read from the topology file.

| Note: 1-4 VDW scale factors are being read from the topology file.
| Duplicated    0 dihedrals

| Duplicated    0 dihedrals

--------------------------------------------------------------------------------
   1.  RESOURCE   USE: 
--------------------------------------------------------------------------------

 getting new box info from bottom of inpcrd
 NATOM  =   21528 NTYPES =      17 NBONH =   20449 MBONA  =    1096
 NTHETH =    2490 MTHETA =    1476 NPHIH =    4927 MPHIA  =    4723
 NHPARM =       0 NPARM  =       0 NNB   =   37810 NRES   =    6595
 NBONA  =    1096 NTHETA =    1476 NPHIA =    4723 NUMBND =      64
 NUMANG =     142 NPTRA  =     185 NATYP =      34 NPHB   =       1
 IFBOX  =       2 NMXRS  =      24 IFCAP =       0 NEXTRA =       0
 NCOPY  =       0

| Coordinate Index Table dimensions:    13   13   13
| Direct force subcell size =     5.2791    5.2791    5.2791

     BOX TYPE: TRUNCATED OCTAHEDRON

--------------------------------------------------------------------------------
   2.  CONTROL  DATA  FOR  THE  RUN
--------------------------------------------------------------------------------

default_name                                                                    

General flags:
     imin    =       1, nmropt  =       0

Nature and format of input:
     ntx     =       1, irest   =       0, ntrx    =       1

Nature and format of output:
     ntxo    =       2, ntpr    =       5, ntrx    =       1, ntwr    =       1
     iwrap   =       0, ntwx    =       0, ntwv    =       0, ntwe    =       0
     ioutfm  =       1, ntwprt  =       0, idecomp =       0, rbornstat=      0

Potential function:
     ntf     =       1, ntb     =       1, igb     =       0, nsnb    =      25
     ipol    =       0, gbsa    =       0, iesp    =       0
     dielc   =   1.00000, cut     =   8.00000, intdiel =   1.00000

Frozen or restrained atoms:
     ibelly  =       0, ntr     =       1
     restraint_wt =  10.00000

Energy minimization:
     maxcyc  =    1000, ncyc    =     200, ntmin   =       1
     dx0     =   0.01000, drms    =   0.00010

| Intermolecular bonds treatment:
|     no_intermolecular_bonds =       1

| Energy averages sample interval:
|     ene_avg_sampling =       1

Ewald parameters:
     verbose =       0, ew_type =       0, nbflag  =       1, use_pme =       1
     vdwmeth =       1, eedmeth =       1, netfrc  =       0
     Box X =   68.628   Box Y =   68.628   Box Z =   68.628
     Alpha =  109.471   Beta  =  109.471   Gamma =  109.471
     NFFT1 =   72       NFFT2 =   72       NFFT3 =   72
     Cutoff=    8.000   Tol   =0.100E-04
     Ewald Coefficient =  0.34864
     Interpolation order =    4

    LOADING THE CONSTRAINED ATOMS AS GROUPS


   5.  REFERENCE ATOM COORDINATES

  default_name                                                                    
     Mask :1-138; matches  2161 atoms

--------------------------------------------------------------------------------
   3.  ATOMIC COORDINATES AND VELOCITIES
--------------------------------------------------------------------------------

default_name                                                                    
 begin time read from input coords =     0.000 ps

 
 Number of triangulated 3-point waters found:     6455

     Sum of charges from parm topology file =  -0.00000007
     Forcing neutrality...

| Dynamic Memory, Types Used:
| Reals              685041
| Integers           689466

| Nonbonded Pairs Initial Allocation:     3595714

--------------------------------------------------------------------------------
   4.  RESULTS
--------------------------------------------------------------------------------

 ---------------------------------------------------
 APPROXIMATING switch and d/dx switch using CUBIC SPLINE INTERPOLATION
 using   5000.0 points per unit in tabled values
 TESTING RELATIVE ERROR over r ranging from 0.0 to cutoff
| CHECK switch(x): max rel err =   0.2738E-14   at   2.422500
| CHECK d/dx switch(x): max rel err =   0.8332E-11   at   2.782960
 ---------------------------------------------------
|---------------------------------------------------
| APPROXIMATING direct energy using CUBIC SPLINE INTERPOLATION
|  with   50.0 points per unit in tabled values
| Relative Error Limit not exceeded for r .gt.   2.47
| APPROXIMATING direct force using CUBIC SPLINE INTERPOLATION
|  with   50.0 points per unit in tabled values
| Relative Error Limit not exceeded for r .gt.   2.89
|---------------------------------------------------


   NSTEP       ENERGY          RMS            GMAX         NAME    NUMBER
      1      -5.5365E+04     1.0159E+02     1.5866E+04     HA        737

 BOND    =      269.3808  ANGLE   =      417.1490  DIHED      =     1640.1408
 VDWAALS =     7946.2201  EEL     =   -73473.1109  HBOND      =        0.0000
 1-4 VDW =      615.2196  1-4 EEL =     7219.9868  RESTRAINT  =        0.0000


   NSTEP       ENERGY          RMS            GMAX         NAME    NUMBER
      5      -5.6495E+04     4.6519E+01     6.2423E+03     HA        737

 BOND    =      268.1106  ANGLE   =      416.3272  DIHED      =     1640.0550
 VDWAALS =     6847.7934  EEL     =   -73501.9512  HBOND      =        0.0000
 1-4 VDW =      615.2127  1-4 EEL =     7219.7896  RESTRAINT  =        0.0402
 EAMBER  =   -56494.6627


   NSTEP       ENERGY          RMS            GMAX         NAME    NUMBER
     10      -5.7677E+04     1.5645E+01     1.0726E+03     HA        737

 BOND    =      267.7189  ANGLE   =      411.5295  DIHED      =     1639.4465
 VDWAALS =     5906.5082  EEL     =   -73735.6307  HBOND      =        0.0000
 1-4 VDW =      614.8001  1-4 EEL =     7218.3979  RESTRAINT  =        0.4949
 EAMBER  =   -57677.2296


   NSTEP       ENERGY          RMS            GMAX         NAME    NUMBER
     15      -5.9059E+04     9.8000E+00     1.9578E+02     HA        737

 BOND    =      400.5261  ANGLE   =      394.1314  DIHED      =     1636.8763
 VDWAALS =     5500.0789  EEL     =   -74816.7401  HBOND      =        0.0000
 1-4 VDW =      611.8451  1-4 EEL =     7212.1397  RESTRAINT  =        1.9670
 EAMBER  =   -59061.1426


   NSTEP       ENERGY          RMS            GMAX         NAME    NUMBER
     20      -6.1192E+04     5.5115E+00     7.1527E+01     O         641

 BOND    =     1400.4455  ANGLE   =      366.9522  DIHED      =     1631.5994
 VDWAALS =     5161.7110  EEL     =   -77555.4120  HBOND      =        0.0000
 1-4 VDW =      602.0753  1-4 EEL =     7194.5181  RESTRAINT  =        6.4181
 EAMBER  =   -61198.1104


   NSTEP       ENERGY          RMS            GMAX         NAME    NUMBER
     25      -6.3794E+04     2.7824E+00     2.7137E+01     O         641

 BOND    =     3313.8239  ANGLE   =      328.6199  DIHED      =     1631.2088
 VDWAALS =     4882.8130  EEL     =   -81687.0216  HBOND      =        0.0000
 1-4 VDW =      576.5524  1-4 EEL =     7135.5123  RESTRAINT  =       24.2866
 EAMBER  =   -63818.4914


   NSTEP       ENERGY          RMS            GMAX         NAME    NUMBER
     30      -6.6449E+04     3.5957E+00     8.0803E+01     CD       1823

 BOND    =     3176.6755  ANGLE   =      304.4048  DIHED      =     1633.6690
 VDWAALS =     4888.8377  EEL     =   -84121.6829  HBOND      =        0.0000
 1-4 VDW =      545.8880  1-4 EEL =     7064.0759  RESTRAINT  =       59.6039
 EAMBER  =   -66508.1319


   NSTEP       ENERGY          RMS            GMAX         NAME    NUMBER
     35      -6.7038E+04     5.8489E+00     1.4549E+02     CD       1823

 BOND    =     3048.1041  ANGLE   =      301.2306  DIHED      =     1633.4809
 VDWAALS =     4933.1748  EEL     =   -84614.6779  HBOND      =        0.0000
 1-4 VDW =      537.4733  1-4 EEL =     7051.0583  RESTRAINT  =       72.6204
 EAMBER  =   -67110.1560


   NSTEP       ENERGY          RMS            GMAX         NAME    NUMBER
     40      -6.7981E+04     1.7976E+00     2.1614E+01     Na+      2162

 BOND    =     3830.7700  ANGLE   =      297.7640  DIHED      =     1632.3991
 VDWAALS =     4964.0926  EEL     =   -86358.5540  HBOND      =        0.0000
 1-4 VDW =      532.0809  1-4 EEL =     7035.6785  RESTRAINT  =       84.4345
 EAMBER  =   -68065.7687


   NSTEP       ENERGY          RMS            GMAX         NAME    NUMBER
     45      -6.8500E+04     1.5128E+00     2.2265E+01     Na+      2162

 BOND    =     3802.5837  ANGLE   =      295.8927  DIHED      =     1631.9481
 VDWAALS =     5008.7944  EEL     =   -86889.1197  HBOND      =        0.0000
 1-4 VDW =      527.2966  1-4 EEL =     7028.7924  RESTRAINT  =       94.2596
 EAMBER  =   -68593.8119


   NSTEP       ENERGY          RMS            GMAX         NAME    NUMBER
     50      -6.9005E+04     1.3888E+00     2.2539E+01     Na+      2162

 BOND    =     3840.9237  ANGLE   =      294.4224  DIHED      =     1631.3293
 VDWAALS =     5063.5192  EEL     =   -87484.9416  HBOND      =        0.0000
 1-4 VDW =      522.9131  1-4 EEL =     7022.4617  RESTRAINT  =      104.3665
 EAMBER  =   -69109.3722


   NSTEP       ENERGY          RMS            GMAX         NAME    NUMBER
     55      -6.9462E+04     1.3401E+00     2.1905E+01     Na+      2162

 BOND    =     3909.0961  ANGLE   =      293.3351  DIHED      =     1630.6352
 VDWAALS =     5123.8684  EEL     =   -88068.8434  HBOND      =        0.0000
 1-4 VDW =      519.2666  1-4 EEL =     7017.1910  RESTRAINT  =      113.6240
 EAMBER  =   -69575.4510


   NSTEP       ENERGY          RMS            GMAX         NAME    NUMBER
     60      -6.9809E+04     3.0288E+00     2.2565E+01     CZ       1313

 BOND    =     4406.4270  ANGLE   =      293.4482  DIHED      =     1629.7784
 VDWAALS =     5187.2964  EEL     =   -88975.4324  HBOND      =        0.0000
 1-4 VDW =      516.5001  1-4 EEL =     7011.0471  RESTRAINT  =      122.1970
 EAMBER  =   -69930.9351


   NSTEP       ENERGY          RMS            GMAX         NAME    NUMBER
     65      -7.0134E+04     3.0800E+00     2.4545E+01     CZ       1313

 BOND    =     4460.1297  ANGLE   =      292.6850  DIHED      =     1629.2321
 VDWAALS =     5247.4194  EEL     =   -89414.2461  HBOND      =        0.0000
 1-4 VDW =      514.3390  1-4 EEL =     7008.0049  RESTRAINT  =      128.6729
 EAMBER  =   -70262.4359


   NSTEP       ENERGY          RMS            GMAX         NAME    NUMBER
     70      -7.0421E+04     3.3655E+00     2.9749E+01     CZ       1313

 BOND    =     4566.8967  ANGLE   =      292.2422  DIHED      =     1628.6961
 VDWAALS =     5310.3514  EEL     =   -89871.5995  HBOND      =        0.0000
 1-4 VDW =      512.5335  1-4 EEL =     7005.2410  RESTRAINT  =      134.6058
 EAMBER  =   -70555.6386


   NSTEP       ENERGY          RMS            GMAX         NAME    NUMBER
     75      -7.0672E+04     3.2525E+00     2.7119E+01     CZ       1313

 BOND    =     4571.9991  ANGLE   =      291.5325  DIHED      =     1628.2903
 VDWAALS =     5366.3516  EEL     =   -90184.4113  HBOND      =        0.0000
 1-4 VDW =      511.1758  1-4 EEL =     7003.5601  RESTRAINT  =      139.1643
 EAMBER  =   -70811.5018


   NSTEP       ENERGY          RMS            GMAX         NAME    NUMBER
     80      -7.0919E+04     3.3124E+00     2.9438E+01     CZ       1313

 BOND    =     4618.9208  ANGLE   =      291.0217  DIHED      =     1627.8511
 VDWAALS =     5429.2787  EEL     =   -90541.2314  HBOND      =        0.0000
 1-4 VDW =      509.9116  1-4 EEL =     7001.8472  RESTRAINT  =      143.6963
 EAMBER  =   -71062.4003


   NSTEP       ENERGY          RMS            GMAX         NAME    NUMBER
     85      -7.1222E+04     1.0631E+00     1.1346E+01     Na+      2162

 BOND    =     3931.5414  ANGLE   =      289.1961  DIHED      =     1627.7579
 VDWAALS =     5488.4937  EEL     =   -90218.5540  HBOND      =        0.0000
 1-4 VDW =      508.4681  1-4 EEL =     7003.7633  RESTRAINT  =      147.0458
 EAMBER  =   -71369.3334


   NSTEP       ENERGY          RMS            GMAX         NAME    NUMBER
     90      -7.1305E+04     3.6798E+00     2.9047E+01     CZ       1313

 BOND    =     4765.0578  ANGLE   =      290.2973  DIHED      =     1627.1001
 VDWAALS =     5545.1773  EEL     =   -91190.6892  HBOND      =        0.0000
 1-4 VDW =      508.1322  1-4 EEL =     6999.1909  RESTRAINT  =      150.6368
 EAMBER  =   -71455.7335


   NSTEP       ENERGY          RMS            GMAX         NAME    NUMBER
     95      -7.1497E+04     3.8987E+00     3.4756E+01     CZ       1313

 BOND    =     4846.5349  ANGLE   =      290.1366  DIHED      =     1626.7225
 VDWAALS =     5610.1895  EEL     =   -91529.7390  HBOND      =        0.0000
 1-4 VDW =      507.3471  1-4 EEL =     6997.9523  RESTRAINT  =      153.8998
 EAMBER  =   -71650.8561


   NSTEP       ENERGY          RMS            GMAX         NAME    NUMBER
    100      -7.1811E+04     1.3528E+00     1.4495E+01     CZ       1313

 BOND    =     3921.9436  ANGLE   =      288.1795  DIHED      =     1626.7611
 VDWAALS =     5673.6199  EEL     =   -90984.9076  HBOND      =        0.0000
 1-4 VDW =      506.0720  1-4 EEL =     7001.3204  RESTRAINT  =      156.3020
 EAMBER  =   -71967.0111


   NSTEP       ENERGY          RMS            GMAX         NAME    NUMBER
    105      -7.1961E+04     8.5257E-01     8.3197E+00     H2       5586

 BOND    =     4065.7070  ANGLE   =      287.9955  DIHED      =     1626.4708
 VDWAALS =     5721.5944  EEL     =   -91326.8103  HBOND      =        0.0000
 1-4 VDW =      505.7183  1-4 EEL =     7000.0507  RESTRAINT  =      158.2811
 EAMBER  =   -72119.2735


   NSTEP       ENERGY          RMS            GMAX         NAME    NUMBER
    110      -7.2145E+04     1.5818E+00     2.1253E+01     CZ       1313

 BOND    =     3922.4065  ANGLE   =      287.8548  DIHED      =     1626.2285
 VDWAALS =     5796.0068  EEL     =   -91443.8239  HBOND      =        0.0000
 1-4 VDW =      504.9830  1-4 EEL =     7000.2857  RESTRAINT  =      160.9076
 EAMBER  =   -72306.0587


   NSTEP       ENERGY          RMS            GMAX         NAME    NUMBER
    115      -7.2301E+04     1.1399E+00     1.3568E+01     CZ       1313

 BOND    =     4018.0714  ANGLE   =      287.6345  DIHED      =     1625.9650
 VDWAALS =     5851.3611  EEL     =   -91751.1105  HBOND      =        0.0000
 1-4 VDW =      504.6641  1-4 EEL =     6999.3490  RESTRAINT  =      162.7184
 EAMBER  =   -72464.0654


   NSTEP       ENERGY          RMS            GMAX         NAME    NUMBER
    120      -7.2450E+04     1.2511E+00     1.6745E+01     CZ       1313

 BOND    =     4014.8058  ANGLE   =      287.5264  DIHED      =     1625.7478
 VDWAALS =     5912.4303  EEL     =   -91958.7269  HBOND      =        0.0000
 1-4 VDW =      504.2761  1-4 EEL =     6999.0300  RESTRAINT  =      164.4932
 EAMBER  =   -72614.9106


   NSTEP       ENERGY          RMS            GMAX         NAME    NUMBER
    125      -7.2564E+04     1.9656E+00     2.7413E+01     CZ       1313

 BOND    =     3917.9707  ANGLE   =      287.6314  DIHED      =     1625.6080
 VDWAALS =     5969.8768  EEL     =   -92034.5650  HBOND      =        0.0000
 1-4 VDW =      503.8716  1-4 EEL =     6999.3731  RESTRAINT  =      165.9750
 EAMBER  =   -72730.2334


   NSTEP       ENERGY          RMS            GMAX         NAME    NUMBER
    130      -7.2700E+04     2.0437E+00     3.2357E+01     CZ       1313

 BOND    =     3927.0524  ANGLE   =      287.6181  DIHED      =     1625.4168
 VDWAALS =     6030.2464  EEL     =   -92240.8940  HBOND      =        0.0000
 1-4 VDW =      503.5792  1-4 EEL =     6999.1046  RESTRAINT  =      167.4213
 EAMBER  =   -72867.8765


   NSTEP       ENERGY          RMS            GMAX         NAME    NUMBER
    135      -7.2827E+04     2.2312E+00     4.0121E+01     CZ       1313

 BOND    =     3922.3113  ANGLE   =      287.6927  DIHED      =     1625.2464
 VDWAALS =     6090.8092  EEL     =   -92424.0905  HBOND      =        0.0000
 1-4 VDW =      503.3093  1-4 EEL =     6998.9763  RESTRAINT  =      168.7297
 EAMBER  =   -72995.7452


   NSTEP       ENERGY          RMS            GMAX         NAME    NUMBER
    140      -7.2944E+04     2.1543E+00     3.6570E+01     CZ       1313

 BOND    =     3946.4047  ANGLE   =      287.5962  DIHED      =     1625.0904
 VDWAALS =     6143.3553  EEL     =   -92617.7100  HBOND      =        0.0000
 1-4 VDW =      503.1248  1-4 EEL =     6998.6781  RESTRAINT  =      169.7686
 EAMBER  =   -73113.4607


   NSTEP       ENERGY          RMS            GMAX         NAME    NUMBER
    145      -7.3060E+04     2.2455E+00     4.1855E+01     CZ       1313

 BOND    =     3953.3065  ANGLE   =      287.6348  DIHED      =     1624.9418
 VDWAALS =     6201.0783  EEL     =   -92799.6682  HBOND      =        0.0000
 1-4 VDW =      502.9300  1-4 EEL =     6998.5356  RESTRAINT  =      170.8095
 EAMBER  =   -73231.2412


   NSTEP       ENERGY          RMS            GMAX         NAME    NUMBER
    150      -7.3212E+04     7.0347E-01     8.1275E+00     CZ       1313

 BOND    =     4313.3351  ANGLE   =      287.1023  DIHED      =     1624.6443
 VDWAALS =     6252.8296  EEL     =   -93361.0387  HBOND      =        0.0000
 1-4 VDW =      503.0460  1-4 EEL =     6996.2750  RESTRAINT  =      171.7649
 EAMBER  =   -73383.8063


   NSTEP       ENERGY          RMS            GMAX         NAME    NUMBER
    155      -7.3270E+04     2.4731E+00     4.9945E+01     CZ       1313

 BOND    =     3958.3159  ANGLE   =      287.7692  DIHED      =     1624.6892
 VDWAALS =     6310.8242  EEL     =   -93125.2049  HBOND      =        0.0000
 1-4 VDW =      502.6024  1-4 EEL =     6998.3837  RESTRAINT  =      172.5394
 EAMBER  =   -73442.6203


   NSTEP       ENERGY          RMS            GMAX         NAME    NUMBER
    160      -7.3375E+04     2.5351E+00     5.6410E+01     CZ       1313

 BOND    =     3969.9132  ANGLE   =      287.8815  DIHED      =     1624.5681
 VDWAALS =     6366.4315  EEL     =   -93297.4453  HBOND      =        0.0000
 1-4 VDW =      502.4667  1-4 EEL =     6998.2793  RESTRAINT  =      173.3106
 EAMBER  =   -73547.9050


   NSTEP       ENERGY          RMS            GMAX         NAME    NUMBER
    165      -7.3477E+04     2.6367E+00     6.8655E+01     CZ       1313

 BOND    =     3981.4741  ANGLE   =      288.1284  DIHED      =     1624.4530
 VDWAALS =     6423.2186  EEL     =   -93468.4228  HBOND      =        0.0000
 1-4 VDW =      502.3434  1-4 EEL =     6998.2106  RESTRAINT  =      174.0363
 EAMBER  =   -73650.5947


   NSTEP       ENERGY          RMS            GMAX         NAME    NUMBER
    170      -7.3640E+04     8.0315E-01     2.4145E+01     CZ       1313

 BOND    =     4414.3674  ANGLE   =      287.0809  DIHED      =     1624.1397
 VDWAALS =     6477.2413  EEL     =   -94115.4421  HBOND      =        0.0000
 1-4 VDW =      502.5668  1-4 EEL =     6995.4623  RESTRAINT  =      174.7761
 EAMBER  =   -73814.5836


   NSTEP       ENERGY          RMS            GMAX         NAME    NUMBER
    175      -7.3725E+04     6.4122E-01     1.0125E+01     CG       1308

 BOND    =     4381.1003  ANGLE   =      286.9701  DIHED      =     1624.0729
 VDWAALS =     6522.9540  EEL     =   -94213.1710  HBOND      =        0.0000
 1-4 VDW =      502.4496  1-4 EEL =     6995.6122  RESTRAINT  =      175.2362
 EAMBER  =   -73900.0119


   NSTEP       ENERGY          RMS            GMAX         NAME    NUMBER
    180      -7.3821E+04     6.3144E-01     1.1414E+01     CG       1308

 BOND    =     4393.1896  ANGLE   =      286.9646  DIHED      =     1623.9768
 VDWAALS =     6577.3411  EEL     =   -94376.5144  HBOND      =        0.0000
 1-4 VDW =      502.3562  1-4 EEL =     6995.5221  RESTRAINT  =      175.7740
 EAMBER  =   -73997.1639


   NSTEP       ENERGY          RMS            GMAX         NAME    NUMBER
    185      -7.3917E+04     6.3404E-01     1.4684E+01     CG       1308

 BOND    =     4409.1918  ANGLE   =      286.9735  DIHED      =     1623.8834
 VDWAALS =     6632.3442  EEL     =   -94543.4133  HBOND      =        0.0000
 1-4 VDW =      502.2715  1-4 EEL =     6995.4188  RESTRAINT  =      176.2769
 EAMBER  =   -74093.3301


   NSTEP       ENERGY          RMS            GMAX         NAME    NUMBER
    190      -7.4010E+04     1.1715E+00     6.6444E+01     CG       1308

 BOND    =     4509.8965  ANGLE   =      287.6293  DIHED      =     1623.7556
 VDWAALS =     6692.9549  EEL     =   -94798.5563  HBOND      =        0.0000
 1-4 VDW =      502.2202  1-4 EEL =     6994.8724  RESTRAINT  =      176.8866
 EAMBER  =   -74187.2274


   NSTEP       ENERGY          RMS            GMAX         NAME    NUMBER
    195      -7.4099E+04     7.8874E-01     3.8797E+01     CG       1308

 BOND    =     4456.8658  ANGLE   =      287.1645  DIHED      =     1623.7046
 VDWAALS =     6741.2211  EEL     =   -94882.5160  HBOND      =        0.0000
 1-4 VDW =      502.1495  1-4 EEL =     6995.1509  RESTRAINT  =      177.1860
 EAMBER  =   -74276.2595


   NSTEP       ENERGY          RMS            GMAX         NAME    NUMBER
    200      -7.4188E+04     7.8677E-01     4.2133E+01     CG       1308

 BOND    =     4451.9977  ANGLE   =      287.1988  DIHED      =     1623.6335
 VDWAALS =     6795.4258  EEL     =   -95021.5908  HBOND      =        0.0000
 1-4 VDW =      502.0844  1-4 EEL =     6995.1872  RESTRAINT  =      177.5706
 EAMBER  =   -74366.0634


   NSTEP       ENERGY          RMS            GMAX         NAME    NUMBER
    205      -7.4233E+04     6.0220E-01     1.6837E+01     CG       1308

 BOND    =     4444.8692  ANGLE   =      286.9754  DIHED      =     1623.6044
 VDWAALS =     6821.0208  EEL     =   -95084.5225  HBOND      =        0.0000
 1-4 VDW =      502.0317  1-4 EEL =     6995.2339  RESTRAINT  =      177.7021
 EAMBER  =   -74410.7871


   NSTEP       ENERGY          RMS            GMAX         NAME    NUMBER
    210      -7.5275E+04     8.1174E+00     2.8461E+02     H1       8186

 BOND    =     6048.9061  ANGLE   =      288.8760  DIHED      =     1621.5465
 VDWAALS =     8950.5831  EEL     =   -99871.8092  HBOND      =        0.0000
 1-4 VDW =      501.9240  1-4 EEL =     6994.0551  RESTRAINT  =      191.0692
 EAMBER  =   -75465.9184


   NSTEP       ENERGY          RMS            GMAX         NAME    NUMBER
    215      -7.5934E+04     1.1486E+00     2.8887E+01     H1       8186

 BOND    =     4753.9182  ANGLE   =      287.3731  DIHED      =     1621.8529
 VDWAALS =     8619.8987  EEL     =   -98900.3672  HBOND      =        0.0000
 1-4 VDW =      500.0188  1-4 EEL =     6993.8092  RESTRAINT  =      189.1455
 EAMBER  =   -76123.4963


   NSTEP       ENERGY          RMS            GMAX         NAME    NUMBER
    220      -7.6317E+04     1.9789E+00     5.2149E+01     O        8185

 BOND    =     4878.4201  ANGLE   =      288.4138  DIHED      =     1621.6403
 VDWAALS =     9038.3144  EEL     =   -99829.8002  HBOND      =        0.0000
 1-4 VDW =      502.1491  1-4 EEL =     6994.4971  RESTRAINT  =      189.1718
 EAMBER  =   -76506.3655


   NSTEP       ENERGY          RMS            GMAX         NAME    NUMBER
    225      -7.6747E+04     1.1788E+00     3.7690E+01     O       15760

 BOND    =     5065.0847  ANGLE   =      288.5869  DIHED      =     1621.4895
 VDWAALS =     9775.6747  EEL     =  -101181.4783  HBOND      =        0.0000
 1-4 VDW =      500.7720  1-4 EEL =     6993.8289  RESTRAINT  =      189.2540
 EAMBER  =   -76936.0416


   NSTEP       ENERGY          RMS            GMAX         NAME    NUMBER
    230      -7.6749E+04     1.1529E+00     3.6763E+01     O       15760

 BOND    =     5067.6905  ANGLE   =      288.5728  DIHED      =     1621.4837
 VDWAALS =     9775.5681  EEL     =  -101186.1673  HBOND      =        0.0000
 1-4 VDW =      500.7906  1-4 EEL =     6993.8054  RESTRAINT  =      189.2488
 EAMBER  =   -76938.2563


   NSTEP       ENERGY          RMS            GMAX         NAME    NUMBER
    235      -7.6935E+04     1.0483E+00     2.7769E+01     O       15760

 BOND    =     5047.9885  ANGLE   =      287.8629  DIHED      =     1621.3155
 VDWAALS =     9754.0695  EEL     =  -101327.5711  HBOND      =        0.0000
 1-4 VDW =      499.7666  1-4 EEL =     6993.7340  RESTRAINT  =      188.2762
 EAMBER  =   -77122.8341


   NSTEP       ENERGY          RMS            GMAX         NAME    NUMBER
    240      -7.7104E+04     1.1556E+00     6.5482E+01     C        2159

 BOND    =     5096.9234  ANGLE   =      290.7136  DIHED      =     1621.3399
 VDWAALS =     9747.5174  EEL     =  -101542.3897  HBOND      =        0.0000
 1-4 VDW =      501.0418  1-4 EEL =     6994.0396  RESTRAINT  =      186.9988
 EAMBER  =   -77290.8140


   NSTEP       ENERGY          RMS            GMAX         NAME    NUMBER
    245      -7.7385E+04     2.2714E+00     9.5393E+01     H1      15734

 BOND    =     5092.7013  ANGLE   =      300.9952  DIHED      =     1624.1630
 VDWAALS =     9714.2542  EEL     =  -101798.0622  HBOND      =        0.0000
 1-4 VDW =      501.9374  1-4 EEL =     6994.6904  RESTRAINT  =      183.8353
 EAMBER  =   -77569.3207


   NSTEP       ENERGY          RMS            GMAX         NAME    NUMBER
    250      -7.7537E+04     1.4086E+00     4.0331E+01     H2      13305

 BOND    =     5187.1347  ANGLE   =      292.5788  DIHED      =     1621.9903
 VDWAALS =     9684.3918  EEL     =  -102002.1423  HBOND      =        0.0000
 1-4 VDW =      502.0274  1-4 EEL =     6994.5280  RESTRAINT  =      182.3333
 EAMBER  =   -77719.4913


   NSTEP       ENERGY          RMS            GMAX         NAME    NUMBER
    255      -7.7541E+04     1.3397E+00     3.7986E+01     H2      13305

 BOND    =     5180.9613  ANGLE   =      292.4200  DIHED      =     1621.9909
 VDWAALS =     9683.6251  EEL     =  -101998.6408  HBOND      =        0.0000
 1-4 VDW =      501.9936  1-4 EEL =     6994.5269  RESTRAINT  =      182.3269
 EAMBER  =   -77723.1231


   NSTEP       ENERGY          RMS            GMAX         NAME    NUMBER
    260      -7.7658E+04     1.1749E+00     4.6629E+01     C        2159

 BOND    =     5097.6217  ANGLE   =      289.7709  DIHED      =     1621.9251
 VDWAALS =     9643.7411  EEL     =  -101988.4996  HBOND      =        0.0000
 1-4 VDW =      500.5262  1-4 EEL =     6994.3602  RESTRAINT  =      182.4138
 EAMBER  =   -77840.5545


   NSTEP       ENERGY          RMS            GMAX         NAME    NUMBER
    265      -7.7785E+04     8.0287E-01     4.3344E+01     CD       1074

 BOND    =     5191.0877  ANGLE   =      299.0090  DIHED      =     1622.0975
 VDWAALS =     9618.5261  EEL     =  -102194.7343  HBOND      =        0.0000
 1-4 VDW =      499.6179  1-4 EEL =     6994.1273  RESTRAINT  =      184.9370
 EAMBER  =   -77970.2688


   NSTEP       ENERGY          RMS            GMAX         NAME    NUMBER
    270      -7.7910E+04     1.0036E+00     4.4631E+01     O       15760

 BOND    =     5150.6681  ANGLE   =      293.8928  DIHED      =     1621.9766
 VDWAALS =     9703.4365  EEL     =  -102363.4718  HBOND      =        0.0000
 1-4 VDW =      503.1866  1-4 EEL =     6994.7042  RESTRAINT  =      185.6491
 EAMBER  =   -78095.6070


   NSTEP       ENERGY          RMS            GMAX         NAME    NUMBER
    275      -7.7987E+04     1.2479E+00     9.5462E+01     OE2      1076

 BOND    =     5202.9418  ANGLE   =      306.3114  DIHED      =     1621.8759
 VDWAALS =     9804.5792  EEL     =  -102608.7752  HBOND      =        0.0000
 1-4 VDW =      503.0240  1-4 EEL =     6994.1971  RESTRAINT  =      188.5962
 EAMBER  =   -78175.8458


   NSTEP       ENERGY          RMS            GMAX         NAME    NUMBER
    280      -7.7990E+04     1.1753E+00     9.2783E+01     OE2      1076

 BOND    =     5201.4385  ANGLE   =      306.2163  DIHED      =     1621.8556
 VDWAALS =     9804.8512  EEL     =  -102610.1981  HBOND      =        0.0000
 1-4 VDW =      503.0348  1-4 EEL =     6994.1869  RESTRAINT  =      188.5538
 EAMBER  =   -78178.6148


   NSTEP       ENERGY          RMS            GMAX         NAME    NUMBER
    285      -7.8070E+04     8.2827E-01     3.7852E+01     OE2      1076

 BOND    =     5140.9278  ANGLE   =      289.1966  DIHED      =     1621.5611
 VDWAALS =     9839.2112  EEL     =  -102640.7689  HBOND      =        0.0000
 1-4 VDW =      499.7085  1-4 EEL =     6993.5741  RESTRAINT  =      186.6955
 EAMBER  =   -78256.5895


   NSTEP       ENERGY          RMS            GMAX         NAME    NUMBER
    290      -7.8106E+04     7.2057E-01     4.9620E+01     OE2      1076

 BOND    =     5209.5468  ANGLE   =      295.7950  DIHED      =     1621.8978
 VDWAALS =     9871.5722  EEL     =  -102785.4515  HBOND      =        0.0000
 1-4 VDW =      499.1840  1-4 EEL =     6993.4881  RESTRAINT  =      187.7661
 EAMBER  =   -78293.9676


   NSTEP       ENERGY          RMS            GMAX         NAME    NUMBER
    295      -7.8287E+04     2.1400E+00     1.4334E+02     C        2159

 BOND    =     5257.7115  ANGLE   =      322.0599  DIHED      =     1625.9660
 VDWAALS =    10300.3668  EEL     =  -103481.4529  HBOND      =        0.0000
 1-4 VDW =      501.8010  1-4 EEL =     6993.1737  RESTRAINT  =      193.4299
 EAMBER  =   -78480.3740


   NSTEP       ENERGY          RMS            GMAX         NAME    NUMBER
    300      -7.8505E+04     1.8753E+00     8.6906E+01     H2      15735

 BOND    =     5379.1198  ANGLE   =      306.5485  DIHED      =     1622.0292
 VDWAALS =    10614.9018  EEL     =  -104118.1836  HBOND      =        0.0000
 1-4 VDW =      502.7404  1-4 EEL =     6994.0861  RESTRAINT  =      193.3059
 EAMBER  =   -78698.7578


   NSTEP       ENERGY          RMS            GMAX         NAME    NUMBER
    305      -7.8510E+04     1.8093E+00     8.3849E+01     H2      15735

 BOND    =     5374.0321  ANGLE   =      306.3033  DIHED      =     1622.0198
 VDWAALS =    10614.6636  EEL     =  -104116.9897  HBOND      =        0.0000
 1-4 VDW =      502.7081  1-4 EEL =     6994.0853  RESTRAINT  =      193.2678
 EAMBER  =   -78703.1776


   NSTEP       ENERGY          RMS            GMAX         NAME    NUMBER
    310      -7.8685E+04     1.1810E+00     6.0490E+01     CD       1074

 BOND    =     5396.1057  ANGLE   =      289.8975  DIHED      =     1621.6394
 VDWAALS =    10545.5140  EEL     =  -104222.0279  HBOND      =        0.0000
 1-4 VDW =      500.1165  1-4 EEL =     6993.3748  RESTRAINT  =      190.3250
 EAMBER  =   -78875.3800


   NSTEP       ENERGY          RMS            GMAX         NAME    NUMBER
    315      -7.8775E+04     8.7876E-01     4.1732E+01     CD       1074

 BOND    =     5356.5023  ANGLE   =      296.5268  DIHED      =     1622.7521
 VDWAALS =    10497.8114  EEL     =  -104229.8841  HBOND      =        0.0000
 1-4 VDW =      498.3656  1-4 EEL =     6992.9151  RESTRAINT  =      190.2996
 EAMBER  =   -78965.0108


   NSTEP       ENERGY          RMS            GMAX         NAME    NUMBER
    320      -7.8848E+04     1.2635E+00     5.3488E+01     CB       1305

 BOND    =     5356.4867  ANGLE   =      299.7005  DIHED      =     1622.2614
 VDWAALS =    10511.8634  EEL     =  -104321.8408  HBOND      =        0.0000
 1-4 VDW =      501.4686  1-4 EEL =     6993.4352  RESTRAINT  =      189.1222
 EAMBER  =   -79036.6248


   NSTEP       ENERGY          RMS            GMAX         NAME    NUMBER
    325      -7.8894E+04     9.9472E-01     6.0323E+01     CD       1074

 BOND    =     5402.3801  ANGLE   =      299.0290  DIHED      =     1621.3388
 VDWAALS =    10538.4392  EEL     =  -104441.0760  HBOND      =        0.0000
 1-4 VDW =      502.5079  1-4 EEL =     6994.1387  RESTRAINT  =      188.9034
 EAMBER  =   -79083.2424


   NSTEP       ENERGY          RMS            GMAX         NAME    NUMBER
    330      -7.8897E+04     8.9604E-01     5.1455E+01     CD       1074

 BOND    =     5395.7771  ANGLE   =      298.5448  DIHED      =     1621.3276
 VDWAALS =    10538.7253  EEL     =  -104437.1280  HBOND      =        0.0000
 1-4 VDW =      502.4098  1-4 EEL =     6994.0946  RESTRAINT  =      188.8696
 EAMBER  =   -79086.2488


   NSTEP       ENERGY          RMS            GMAX         NAME    NUMBER
    335      -7.8939E+04     6.2058E-01     2.4535E+01     CD       1074

 BOND    =     5338.6340  ANGLE   =      290.1586  DIHED      =     1621.4810
 VDWAALS =    10557.4024  EEL     =  -104427.5485  HBOND      =        0.0000
 1-4 VDW =      499.9180  1-4 EEL =     6993.3711  RESTRAINT  =      188.0688
 EAMBER  =   -79126.5834


   NSTEP       ENERGY          RMS            GMAX         NAME    NUMBER
    340      -7.8970E+04     7.1899E-01     2.9772E+01     CD       1074

 BOND    =     5385.3911  ANGLE   =      297.3594  DIHED      =     1622.6649
 VDWAALS =    10594.7600  EEL     =  -104549.7759  HBOND      =        0.0000
 1-4 VDW =      497.9944  1-4 EEL =     6992.4001  RESTRAINT  =      189.0969
 EAMBER  =   -79159.2060


   NSTEP       ENERGY          RMS            GMAX         NAME    NUMBER
    345      -7.9233E+04     1.8890E+00     1.3668E+02     CD       1074

 BOND    =     5551.6363  ANGLE   =      325.0022  DIHED      =     1624.6606
 VDWAALS =    11108.3684  EEL     =  -105529.4126  HBOND      =        0.0000
 1-4 VDW =      504.9835  1-4 EEL =     6989.9841  RESTRAINT  =      192.0780
 EAMBER  =   -79424.7775


   NSTEP       ENERGY          RMS            GMAX         NAME    NUMBER
    350      -7.9406E+04     1.5140E+00     8.1083E+01     CD       1074

 BOND    =     5484.3555  ANGLE   =      303.2247  DIHED      =     1622.5041
 VDWAALS =    11337.0004  EEL     =  -105838.3818  HBOND      =        0.0000
 1-4 VDW =      501.0799  1-4 EEL =     6993.0195  RESTRAINT  =      191.4292
 EAMBER  =   -79597.1977


   NSTEP       ENERGY          RMS            GMAX         NAME    NUMBER
    355      -7.9409E+04     1.4687E+00     7.5437E+01     CD       1074

 BOND    =     5482.4321  ANGLE   =      302.8762  DIHED      =     1622.4728
 VDWAALS =    11336.7310  EEL     =  -105838.7873  HBOND      =        0.0000
 1-4 VDW =      501.1103  1-4 EEL =     6993.0210  RESTRAINT  =      191.3940
 EAMBER  =   -79600.1438


   NSTEP       ENERGY          RMS            GMAX         NAME    NUMBER
    360      -7.9565E+04     1.0860E+00     5.8990E+01     OE1      1075

 BOND    =     5594.2607  ANGLE   =      292.3853  DIHED      =     1621.8514
 VDWAALS =    11277.5356  EEL     =  -106032.0008  HBOND      =        0.0000
 1-4 VDW =      498.9590  1-4 EEL =     6991.9969  RESTRAINT  =      189.6328
 EAMBER  =   -79755.0119


   NSTEP       ENERGY          RMS            GMAX         NAME    NUMBER
    365      -7.9645E+04     7.6125E-01     4.0267E+01     CD       1074

 BOND    =     5500.9586  ANGLE   =      296.1221  DIHED      =     1622.2793
 VDWAALS =    11235.9784  EEL     =  -105980.7598  HBOND      =        0.0000
 1-4 VDW =      498.7089  1-4 EEL =     6992.3631  RESTRAINT  =      189.7967
 EAMBER  =   -79834.3494


   NSTEP       ENERGY          RMS            GMAX         NAME    NUMBER
    370      -7.9698E+04     6.1026E-01     2.3598E+01     CB       1305

 BOND    =     5512.4868  ANGLE   =      293.1790  DIHED      =     1621.6481
 VDWAALS =    11236.2109  EEL     =  -106042.5642  HBOND      =        0.0000
 1-4 VDW =      500.1385  1-4 EEL =     6992.1878  RESTRAINT  =      188.5411
 EAMBER  =   -79886.7131


   NSTEP       ENERGY          RMS            GMAX         NAME    NUMBER
    375      -7.9728E+04     8.3462E-01     4.7775E+01     CD       1074

 BOND    =     5525.1749  ANGLE   =      294.3791  DIHED      =     1621.6347
 VDWAALS =    11260.2825  EEL     =  -106111.9104  HBOND      =        0.0000
 1-4 VDW =      501.3058  1-4 EEL =     6992.3024  RESTRAINT  =      188.3345
 EAMBER  =   -79916.8309


   NSTEP       ENERGY          RMS            GMAX         NAME    NUMBER
    380      -7.9731E+04     7.4061E-01     4.1697E+01     CD       1074

 BOND    =     5519.9420  ANGLE   =      293.9990  DIHED      =     1621.5972
 VDWAALS =    11260.5037  EEL     =  -106109.1364  HBOND      =        0.0000
 1-4 VDW =      501.2984  1-4 EEL =     6992.3428  RESTRAINT  =      188.3017
 EAMBER  =   -79919.4532


   NSTEP       ENERGY          RMS            GMAX         NAME    NUMBER
    385      -7.9762E+04     4.4177E-01     2.2749E+01     OE1      1075

 BOND    =     5514.0787  ANGLE   =      290.0331  DIHED      =     1621.3718
 VDWAALS =    11272.4830  EEL     =  -106140.4580  HBOND      =        0.0000
 1-4 VDW =      499.7151  1-4 EEL =     6992.7875  RESTRAINT  =      187.9535
 EAMBER  =   -79949.9887


   NSTEP       ENERGY          RMS            GMAX         NAME    NUMBER
    390      -7.9793E+04     7.2526E-01     3.4168E+01     OE2      1076

 BOND    =     5540.8852  ANGLE   =      298.2537  DIHED      =     1622.3749
 VDWAALS =    11314.6877  EEL     =  -106249.5409  HBOND      =        0.0000
 1-4 VDW =      498.6792  1-4 EEL =     6992.4869  RESTRAINT  =      188.7426
 EAMBER  =   -79982.1732


   NSTEP       ENERGY          RMS            GMAX         NAME    NUMBER
    395      -7.9902E+04     1.0001E+00     4.5329E+01     CD2      1318

 BOND    =     5573.6198  ANGLE   =      295.3663  DIHED      =     1622.2902
 VDWAALS =    11519.4484  EEL     =  -106592.2970  HBOND      =        0.0000
 1-4 VDW =      500.8032  1-4 EEL =     6990.8035  RESTRAINT  =      187.8435
 EAMBER  =   -80089.9657


   NSTEP       ENERGY          RMS            GMAX         NAME    NUMBER
    400      -7.9976E+04     1.2387E+00     6.9277E+01     CG        777

 BOND    =     5609.9357  ANGLE   =      302.6669  DIHED      =     1622.6590
 VDWAALS =    11643.1281  EEL     =  -106837.2088  HBOND      =        0.0000
 1-4 VDW =      500.7799  1-4 EEL =     6993.2013  RESTRAINT  =      188.4879
 EAMBER  =   -80164.8379


   NSTEP       ENERGY          RMS            GMAX         NAME    NUMBER
    405      -7.9979E+04     1.1759E+00     6.2613E+01     CG        777

 BOND    =     5606.0820  ANGLE   =      302.2434  DIHED      =     1622.6177
 VDWAALS =    11642.9756  EEL     =  -106835.6290  HBOND      =        0.0000
 1-4 VDW =      500.8029  1-4 EEL =     6993.2235  RESTRAINT  =      188.4420
 EAMBER  =   -80167.6840


   NSTEP       ENERGY          RMS            GMAX         NAME    NUMBER
    410      -8.0074E+04     8.1374E-01     4.3347E+01     CG       1071

 BOND    =     5610.1181  ANGLE   =      293.7674  DIHED      =     1622.1058
 VDWAALS =    11614.8503  EEL     =  -106893.0000  HBOND      =        0.0000
 1-4 VDW =      499.3628  1-4 EEL =     6991.9388  RESTRAINT  =      187.0602
 EAMBER  =   -80260.8569


   NSTEP       ENERGY          RMS            GMAX         NAME    NUMBER
    415      -8.0123E+04     7.2759E-01     2.8868E+01     CZ       1313

 BOND    =     5616.3156  ANGLE   =      295.4799  DIHED      =     1622.2492
 VDWAALS =    11592.5455  EEL     =  -106928.0786  HBOND      =        0.0000
 1-4 VDW =      499.1029  1-4 EEL =     6992.4180  RESTRAINT  =      187.1418
 EAMBER  =   -80309.9676


   NSTEP       ENERGY          RMS            GMAX         NAME    NUMBER
    420      -8.0165E+04     5.0613E-01     2.5044E+01     CG        777

 BOND    =     5589.0044  ANGLE   =      291.1187  DIHED      =     1621.4726
 VDWAALS =    11598.8864  EEL     =  -106944.0097  HBOND      =        0.0000
 1-4 VDW =      499.9477  1-4 EEL =     6992.2269  RESTRAINT  =      186.1236
 EAMBER  =   -80351.3531


   NSTEP       ENERGY          RMS            GMAX         NAME    NUMBER
    425      -8.0185E+04     6.8280E-01     4.1443E+01     CD       1074

 BOND    =     5599.8745  ANGLE   =      293.2060  DIHED      =     1621.5377
 VDWAALS =    11620.7050  EEL     =  -107000.8198  HBOND      =        0.0000
 1-4 VDW =      501.5178  1-4 EEL =     6992.4425  RESTRAINT  =      186.1992
 EAMBER  =   -80371.5363


   NSTEP       ENERGY          RMS            GMAX         NAME    NUMBER
    430      -8.0188E+04     6.0009E-01     3.5328E+01     CD       1074

 BOND    =     5595.6237  ANGLE   =      292.9033  DIHED      =     1621.5016
 VDWAALS =    11620.9489  EEL     =  -106998.6833  HBOND      =        0.0000
 1-4 VDW =      501.4675  1-4 EEL =     6992.4568  RESTRAINT  =      186.1725
 EAMBER  =   -80373.7816


   NSTEP       ENERGY          RMS            GMAX         NAME    NUMBER
    435      -8.0215E+04     4.7850E-01     3.1227E+01     OE1      1075

 BOND    =     5589.4190  ANGLE   =      290.7728  DIHED      =     1621.4751
 VDWAALS =    11633.3570  EEL     =  -107028.7627  HBOND      =        0.0000
 1-4 VDW =      499.6512  1-4 EEL =     6992.9571  RESTRAINT  =      186.0976
 EAMBER  =   -80401.1304


   NSTEP       ENERGY          RMS            GMAX         NAME    NUMBER
    440      -8.0246E+04     7.2400E-01     3.2800E+01     OE2      1076

 BOND    =     5630.3807  ANGLE   =      296.1821  DIHED      =     1622.2906
 VDWAALS =    11677.4741  EEL     =  -107149.9780  HBOND      =        0.0000
 1-4 VDW =      498.9205  1-4 EEL =     6992.4770  RESTRAINT  =      186.7122
 EAMBER  =   -80432.2530


   NSTEP       ENERGY          RMS            GMAX         NAME    NUMBER
    445      -8.0314E+04     9.3467E-01     4.1585E+01     CG       1071

 BOND    =     5630.3782  ANGLE   =      293.9035  DIHED      =     1621.9566
 VDWAALS =    11813.8099  EEL     =  -107351.9158  HBOND      =        0.0000
 1-4 VDW =      500.8732  1-4 EEL =     6991.1604  RESTRAINT  =      186.2045
 EAMBER  =   -80499.8340


   NSTEP       ENERGY          RMS            GMAX         NAME    NUMBER
    450      -8.0370E+04     1.1062E+00     6.0989E+01     CG        777

 BOND    =     5673.0000  ANGLE   =      300.5842  DIHED      =     1622.7712
 VDWAALS =    11903.9366  EEL     =  -107551.5529  HBOND      =        0.0000
 1-4 VDW =      501.2394  1-4 EEL =     6993.3510  RESTRAINT  =      187.1673
 EAMBER  =   -80556.6705


   NSTEP       ENERGY          RMS            GMAX         NAME    NUMBER
    455      -8.0372E+04     1.0414E+00     5.6362E+01     HB2      1069

 BOND    =     5668.7089  ANGLE   =      300.1766  DIHED      =     1622.7193
 VDWAALS =    11903.8618  EEL     =  -107549.3588  HBOND      =        0.0000
 1-4 VDW =      501.2306  1-4 EEL =     6993.3661  RESTRAINT  =      187.1252
 EAMBER  =   -80559.2955


   NSTEP       ENERGY          RMS            GMAX         NAME    NUMBER
    460      -8.0444E+04     8.4031E-01     3.7390E+01     O       15733

 BOND    =     5674.6882  ANGLE   =      293.8020  DIHED      =     1622.1958
 VDWAALS =    11885.7801  EEL     =  -107598.4750  HBOND      =        0.0000
 1-4 VDW =      499.7020  1-4 EEL =     6992.1580  RESTRAINT  =      186.0524
 EAMBER  =   -80630.1489


   NSTEP       ENERGY          RMS            GMAX         NAME    NUMBER
    465      -8.0482E+04     6.6895E-01     2.9887E+01     O       15733

 BOND    =     5672.0718  ANGLE   =      294.6886  DIHED      =     1622.1475
 VDWAALS =    11873.5779  EEL     =  -107621.6827  HBOND      =        0.0000
 1-4 VDW =      498.9865  1-4 EEL =     6992.3767  RESTRAINT  =      186.2492
 EAMBER  =   -80667.8337


   NSTEP       ENERGY          RMS            GMAX         NAME    NUMBER
    470      -8.0519E+04     4.9837E-01     2.0933E+01     CD        792

 BOND    =     5655.2124  ANGLE   =      291.2895  DIHED      =     1621.3842
 VDWAALS =    11883.0041  EEL     =  -107647.5932  HBOND      =        0.0000
 1-4 VDW =      499.7873  1-4 EEL =     6992.3146  RESTRAINT  =      185.5242
 EAMBER  =   -80704.6011


   NSTEP       ENERGY          RMS            GMAX         NAME    NUMBER
    475      -8.0537E+04     6.5069E-01     2.4110E+01     CB       1305

 BOND    =     5661.8079  ANGLE   =      293.2386  DIHED      =     1621.5538
 VDWAALS =    11904.6510  EEL     =  -107697.9517  HBOND      =        0.0000
 1-4 VDW =      501.6502  1-4 EEL =     6992.5638  RESTRAINT  =      185.6243
 EAMBER  =   -80722.4863


   NSTEP       ENERGY          RMS            GMAX         NAME    NUMBER
    480      -8.0539E+04     5.6569E-01     2.1197E+01     CB       1305

 BOND    =     5657.8603  ANGLE   =      292.9952  DIHED      =     1621.5100
 VDWAALS =    11904.8400  EEL     =  -107695.9949  HBOND      =        0.0000
 1-4 VDW =      501.5616  1-4 EEL =     6992.5574  RESTRAINT  =      185.6002
 EAMBER  =   -80724.6704


   NSTEP       ENERGY          RMS            GMAX         NAME    NUMBER
    485      -8.0564E+04     4.6579E-01     2.7535E+01     CD        792

 BOND    =     5653.6128  ANGLE   =      291.1754  DIHED      =     1621.4795
 VDWAALS =    11916.4933  EEL     =  -107724.7175  HBOND      =        0.0000
 1-4 VDW =      499.7426  1-4 EEL =     6992.9198  RESTRAINT  =      185.5280
 EAMBER  =   -80749.2941


   NSTEP       ENERGY          RMS            GMAX         NAME    NUMBER
    490      -8.0588E+04     6.6581E-01     3.7961E+01     CD        792

 BOND    =     5683.5785  ANGLE   =      295.0244  DIHED      =     1622.0465
 VDWAALS =    11951.5341  EEL     =  -107817.3365  HBOND      =        0.0000
 1-4 VDW =      498.8044  1-4 EEL =     6992.4265  RESTRAINT  =      185.9769
 EAMBER  =   -80773.9221


   NSTEP       ENERGY          RMS            GMAX         NAME    NUMBER
    495      -8.0646E+04     8.8518E-01     4.4611E+01     CD        792

 BOND    =     5692.2636  ANGLE   =      294.0618  DIHED      =     1621.9222
 VDWAALS =    12072.2969  EEL     =  -108004.1630  HBOND      =        0.0000
 1-4 VDW =      500.6479  1-4 EEL =     6991.2861  RESTRAINT  =      185.4971
 EAMBER  =   -80831.6845


   NSTEP       ENERGY          RMS            GMAX         NAME    NUMBER
    500      -8.0693E+04     1.0023E+00     5.6356E+01     CG        777

 BOND    =     5720.8813  ANGLE   =      298.7020  DIHED      =     1622.8991
 VDWAALS =    12148.1848  EEL     =  -108164.8975  HBOND      =        0.0000
 1-4 VDW =      501.1400  1-4 EEL =     6993.5869  RESTRAINT  =      186.2322
 EAMBER  =   -80879.5034


   NSTEP       ENERGY          RMS            GMAX         NAME    NUMBER
    505      -8.0696E+04     9.4108E-01     5.2144E+01     HB2      1069

 BOND    =     5717.3811  ANGLE   =      298.3329  DIHED      =     1622.8287
 VDWAALS =    12148.1229  EEL     =  -108163.2118  HBOND      =        0.0000
 1-4 VDW =      501.1206  1-4 EEL =     6993.5754  RESTRAINT  =      186.1941
 EAMBER  =   -80881.8501


   NSTEP       ENERGY          RMS            GMAX         NAME    NUMBER
    510      -8.0756E+04     7.2348E-01     3.4759E+01     CD        792

 BOND    =     5720.9478  ANGLE   =      293.2158  DIHED      =     1622.0631
 VDWAALS =    12135.3942  EEL     =  -108204.7253  HBOND      =        0.0000
 1-4 VDW =      500.1066  1-4 EEL =     6992.1883  RESTRAINT  =      185.3033
 EAMBER  =   -80940.8096


   NSTEP       ENERGY          RMS            GMAX         NAME    NUMBER
    515      -8.0788E+04     6.2589E-01     3.9276E+01     CD        792

 BOND    =     5722.6093  ANGLE   =      294.1734  DIHED      =     1621.9733
 VDWAALS =    12126.1332  EEL     =  -108230.1806  HBOND      =        0.0000
 1-4 VDW =      499.0322  1-4 EEL =     6992.3545  RESTRAINT  =      185.5472
 EAMBER  =   -80973.9047


   NSTEP       ENERGY          RMS            GMAX         NAME    NUMBER
    520      -8.0820E+04     4.5165E-01     2.1476E+01     CD        792

 BOND    =     5709.5136  ANGLE   =      291.3769  DIHED      =     1621.3154
 VDWAALS =    12136.4577  EEL     =  -108255.8290  HBOND      =        0.0000
 1-4 VDW =      499.9403  1-4 EEL =     6992.5371  RESTRAINT  =      184.9740
 EAMBER  =   -81004.6880


   NSTEP       ENERGY          RMS            GMAX         NAME    NUMBER
    525      -8.0836E+04     6.3186E-01     2.3366E+01     HB3      1070

 BOND    =     5716.2227  ANGLE   =      293.4012  DIHED      =     1621.5278
 VDWAALS =    12158.0966  EEL     =  -108304.2266  HBOND      =        0.0000
 1-4 VDW =      501.4698  1-4 EEL =     6992.5974  RESTRAINT  =      185.0996
 EAMBER  =   -81020.9111


   NSTEP       ENERGY          RMS            GMAX         NAME    NUMBER
    530      -8.0838E+04     5.4420E-01     2.1723E+01     HB3      1070

 BOND    =     5712.9070  ANGLE   =      293.1607  DIHED      =     1621.4760
 VDWAALS =    12158.2572  EEL     =  -108302.8795  HBOND      =        0.0000
 1-4 VDW =      501.3943  1-4 EEL =     6992.5927  RESTRAINT  =      185.0754
 EAMBER  =   -81023.0917


   NSTEP       ENERGY          RMS            GMAX         NAME    NUMBER
    535      -8.0861E+04     5.2905E-01     2.7501E+01     CD        792

 BOND    =     5711.7690  ANGLE   =      291.3036  DIHED      =     1621.5021
 VDWAALS =    12169.9522  EEL     =  -108333.1955  HBOND      =        0.0000
 1-4 VDW =      499.7215  1-4 EEL =     6992.9449  RESTRAINT  =      185.0443
 EAMBER  =   -81046.0023


   NSTEP       ENERGY          RMS            GMAX         NAME    NUMBER
    540      -8.0893E+04     6.5343E-01     3.2582E+01     CD        792

 BOND    =     5719.5578  ANGLE   =      292.3408  DIHED      =     1622.0458
 VDWAALS =    12212.7948  EEL     =  -108416.3982  HBOND      =        0.0000
 1-4 VDW =      499.7700  1-4 EEL =     6991.7955  RESTRAINT  =      185.1163
 EAMBER  =   -81078.0935


   NSTEP       ENERGY          RMS            GMAX         NAME    NUMBER
    545      -8.0927E+04     6.8554E-01     3.2873E+01     CG       1071

 BOND    =     5736.5818  ANGLE   =      295.4455  DIHED      =     1621.7907
 VDWAALS =    12271.0766  EEL     =  -108530.1229  HBOND      =        0.0000
 1-4 VDW =      501.1089  1-4 EEL =     6991.5873  RESTRAINT  =      185.1442
 EAMBER  =   -81112.5321


   NSTEP       ENERGY          RMS            GMAX         NAME    NUMBER
    550      -8.1002E+04     9.2761E-01     4.9584E+01     HB3      1070

 BOND    =     5776.1250  ANGLE   =      296.6035  DIHED      =     1622.3573
 VDWAALS =    12359.8994  EEL     =  -108737.3682  HBOND      =        0.0000
 1-4 VDW =      501.0192  1-4 EEL =     6994.1557  RESTRAINT  =      185.6739
 EAMBER  =   -81187.2082


   NSTEP       ENERGY          RMS            GMAX         NAME    NUMBER
    555      -8.1003E+04     8.6905E-01     4.8170E+01     HB3      1070

 BOND    =     5772.7152  ANGLE   =      296.3432  DIHED      =     1622.3022
 VDWAALS =    12359.9277  EEL     =  -108735.5239  HBOND      =        0.0000
 1-4 VDW =      501.0104  1-4 EEL =     6994.1329  RESTRAINT  =      185.6457
 EAMBER  =   -81189.0923


   NSTEP       ENERGY          RMS            GMAX         NAME    NUMBER
    560      -8.1040E+04     5.1401E-01     2.5750E+01     CD        792

 BOND    =     5758.2998  ANGLE   =      292.1296  DIHED      =     1621.5328
 VDWAALS =    12358.7253  EEL     =  -108747.9141  HBOND      =        0.0000
 1-4 VDW =      500.2518  1-4 EEL =     6992.2734  RESTRAINT  =      184.9066
 EAMBER  =   -81224.7012


   NSTEP       ENERGY          RMS            GMAX         NAME    NUMBER
    565      -8.1060E+04     5.2116E-01     2.9495E+01     CD        792

 BOND    =     5766.5931  ANGLE   =      293.3799  DIHED      =     1621.9731
 VDWAALS =    12357.4603  EEL     =  -108775.4673  HBOND      =        0.0000
 1-4 VDW =      499.1197  1-4 EEL =     6991.9617  RESTRAINT  =      185.1960
 EAMBER  =   -81244.9796


   NSTEP       ENERGY          RMS            GMAX         NAME    NUMBER
    570      -8.1093E+04     4.4970E-01     2.0016E+01     CA       1303

 BOND    =     5761.0018  ANGLE   =      291.6627  DIHED      =     1621.4002
 VDWAALS =    12375.8637  EEL     =  -108820.3864  HBOND      =        0.0000
 1-4 VDW =      499.6453  1-4 EEL =     6992.6162  RESTRAINT  =      184.8468
 EAMBER  =   -81278.1965


   NSTEP       ENERGY          RMS            GMAX         NAME    NUMBER
    575      -8.1113E+04     5.9778E-01     2.3884E+01     CB       1305

 BOND    =     5764.6935  ANGLE   =      293.8975  DIHED      =     1621.3129
 VDWAALS =    12406.1942  EEL     =  -108878.3645  HBOND      =        0.0000
 1-4 VDW =      501.6100  1-4 EEL =     6992.7885  RESTRAINT  =      184.9453
 EAMBER  =   -81297.8679


   NSTEP       ENERGY          RMS            GMAX         NAME    NUMBER
    580      -8.1115E+04     5.2763E-01     2.0675E+01     CB       1305

 BOND    =     5763.1918  ANGLE   =      293.6560  DIHED      =     1621.2773
 VDWAALS =    12406.2738  EEL     =  -108878.5386  HBOND      =        0.0000
 1-4 VDW =      501.5313  1-4 EEL =     6992.7796  RESTRAINT  =      184.9230
 EAMBER  =   -81299.8289


   NSTEP       ENERGY          RMS            GMAX         NAME    NUMBER
    585      -8.1142E+04     4.5394E-01     2.3935E+01     CD        792

 BOND    =     5766.2077  ANGLE   =      292.0744  DIHED      =     1621.5125
 VDWAALS =    12415.8865  EEL     =  -108915.2078  HBOND      =        0.0000
 1-4 VDW =      499.5862  1-4 EEL =     6992.9193  RESTRAINT  =      184.9216
 EAMBER  =   -81327.0213


   NSTEP       ENERGY          RMS            GMAX         NAME    NUMBER
    590      -8.1163E+04     5.3176E-01     3.1914E+01     CD        792

 BOND    =     5779.9594  ANGLE   =      293.7066  DIHED      =     1621.8346
 VDWAALS =    12442.0652  EEL     =  -108976.5435  HBOND      =        0.0000
 1-4 VDW =      499.1360  1-4 EEL =     6992.0969  RESTRAINT  =      185.1279
 EAMBER  =   -81347.7449


   NSTEP       ENERGY          RMS            GMAX         NAME    NUMBER
    595      -8.1191E+04     6.4235E-01     3.8897E+01     CD        792

 BOND    =     5781.6519  ANGLE   =      292.9798  DIHED      =     1621.4212
 VDWAALS =    12498.7773  EEL     =  -109063.6957  HBOND      =        0.0000
 1-4 VDW =      500.6478  1-4 EEL =     6992.0267  RESTRAINT  =      184.9006
 EAMBER  =   -81376.1909


   NSTEP       ENERGY          RMS            GMAX         NAME    NUMBER
    600      -8.1218E+04     8.6867E-01     4.7468E+01     CG        777

 BOND    =     5803.2311  ANGLE   =      295.9807  DIHED      =     1622.4600
 VDWAALS =    12542.3497  EEL     =  -109162.3690  HBOND      =        0.0000
 1-4 VDW =      500.8491  1-4 EEL =     6993.9862  RESTRAINT  =      185.4617
 EAMBER  =   -81403.5121


   NSTEP       ENERGY          RMS            GMAX         NAME    NUMBER
    605      -8.1221E+04     7.8643E-01     4.2748E+01     HB2      1069

 BOND    =     5800.7922  ANGLE   =      295.6216  DIHED      =     1622.3675
 VDWAALS =    12542.3655  EEL     =  -109161.8701  HBOND      =        0.0000
 1-4 VDW =      500.8358  1-4 EEL =     6993.9611  RESTRAINT  =      185.4242
 EAMBER  =   -81405.9264


   NSTEP       ENERGY          RMS            GMAX         NAME    NUMBER
    610      -8.1252E+04     4.8061E-01     2.2691E+01     CD        792

 BOND    =     5794.4480  ANGLE   =      292.4476  DIHED      =     1621.5315
 VDWAALS =    12540.6845  EEL     =  -109178.8703  HBOND      =        0.0000
 1-4 VDW =      500.2891  1-4 EEL =     6992.1820  RESTRAINT  =      184.8010
 EAMBER  =   -81437.2876


   NSTEP       ENERGY          RMS            GMAX         NAME    NUMBER
    615      -8.1272E+04     5.1877E-01     3.1318E+01     CD        792

 BOND    =     5801.9938  ANGLE   =      293.5576  DIHED      =     1621.8772
 VDWAALS =    12539.5346  EEL     =  -109205.1029  HBOND      =        0.0000
 1-4 VDW =      499.2224  1-4 EEL =     6991.9046  RESTRAINT  =      185.0664
 EAMBER  =   -81457.0128


   NSTEP       ENERGY          RMS            GMAX         NAME    NUMBER
    620      -8.1300E+04     4.2456E-01     1.6657E+01     CA       1303

 BOND    =     5798.0754  ANGLE   =      291.8001  DIHED      =     1621.3695
 VDWAALS =    12555.5727  EEL     =  -109244.1068  HBOND      =        0.0000
 1-4 VDW =      499.7900  1-4 EEL =     6992.6390  RESTRAINT  =      184.7118
 EAMBER  =   -81484.8602


   NSTEP       ENERGY          RMS            GMAX         NAME    NUMBER
    625      -8.1317E+04     5.6174E-01     2.1337E+01     HB3      1070

 BOND    =     5803.5221  ANGLE   =      293.9253  DIHED      =     1621.2131
 VDWAALS =    12582.1924  EEL     =  -109297.0143  HBOND      =        0.0000
 1-4 VDW =      501.5645  1-4 EEL =     6992.8337  RESTRAINT  =      184.7989
 EAMBER  =   -81501.7632


   NSTEP       ENERGY          RMS            GMAX         NAME    NUMBER
    630      -8.1319E+04     4.8948E-01     1.9777E+01     HB3      1070

 BOND    =     5802.3416  ANGLE   =      293.6980  DIHED      =     1621.1829
 VDWAALS =    12582.2733  EEL     =  -109297.4557  HBOND      =        0.0000
 1-4 VDW =      501.4925  1-4 EEL =     6992.8273  RESTRAINT  =      184.7769
 EAMBER  =   -81503.6401


   NSTEP       ENERGY          RMS            GMAX         NAME    NUMBER
    635      -8.1343E+04     5.1017E-01     2.6769E+01     CD        792

 BOND    =     5807.7717  ANGLE   =      292.1480  DIHED      =     1621.4960
 VDWAALS =    12592.0887  EEL     =  -109333.5737  HBOND      =        0.0000
 1-4 VDW =      499.7015  1-4 EEL =     6992.8360  RESTRAINT  =      184.7917
 EAMBER  =   -81527.5317


   NSTEP       ENERGY          RMS            GMAX         NAME    NUMBER
    640      -8.1367E+04     6.7482E-01     4.1705E+01     CD        792

 BOND    =     5816.2905  ANGLE   =      292.3039  DIHED      =     1621.8830
 VDWAALS =    12624.3146  EEL     =  -109397.9025  HBOND      =        0.0000
 1-4 VDW =      500.1462  1-4 EEL =     6991.6321  RESTRAINT  =      184.6876
 EAMBER  =   -81551.3322


   NSTEP       ENERGY          RMS            GMAX         NAME    NUMBER
    645      -8.1385E+04     4.8521E-01     2.3347E+01     CB       1068

 BOND    =     5816.4032  ANGLE   =      293.8543  DIHED      =     1621.3215
 VDWAALS =    12649.7020  EEL     =  -109444.4923  HBOND      =        0.0000
 1-4 VDW =      501.0347  1-4 EEL =     6992.2119  RESTRAINT  =      184.7230
 EAMBER  =   -81569.9649


   NSTEP       ENERGY          RMS            GMAX         NAME    NUMBER
    650      -8.1431E+04     7.8046E-01     4.0007E+01     HB2      1069

 BOND    =     5839.0241  ANGLE   =      294.5929  DIHED      =     1621.8099
 VDWAALS =    12704.9451  EEL     =  -109571.4483  HBOND      =        0.0000
 1-4 VDW =      500.8957  1-4 EEL =     6994.2945  RESTRAINT  =      185.0501
 EAMBER  =   -81615.8861


   NSTEP       ENERGY          RMS            GMAX         NAME    NUMBER
    655      -8.1433E+04     7.1432E-01     3.8525E+01     HB2      1069

 BOND    =     5837.3914  ANGLE   =      294.3690  DIHED      =     1621.7651
 VDWAALS =    12704.9955  EEL     =  -109571.2290  HBOND      =        0.0000
 1-4 VDW =      500.8947  1-4 EEL =     6994.2697  RESTRAINT  =      185.0252
 EAMBER  =   -81617.5436


   NSTEP       ENERGY          RMS            GMAX         NAME    NUMBER
    660      -8.1453E+04     3.4638E-01     1.6996E+01     CA       1066

 BOND    =     5829.6921  ANGLE   =      292.1464  DIHED      =     1621.2427
 VDWAALS =    12706.9526  EEL     =  -109580.5815  HBOND      =        0.0000
 1-4 VDW =      500.5092  1-4 EEL =     6992.4587  RESTRAINT  =      184.5444
 EAMBER  =   -81637.5797


   NSTEP       ENERGY          RMS            GMAX         NAME    NUMBER
    665      -8.1466E+04     4.5092E-01     2.6564E+01     CD        792

 BOND    =     5836.6406  ANGLE   =      293.3694  DIHED      =     1621.9248
 VDWAALS =    12710.8686  EEL     =  -109604.5983  HBOND      =        0.0000
 1-4 VDW =      499.4441  1-4 EEL =     6991.6109  RESTRAINT  =      184.7629
 EAMBER  =   -81650.7399


   NSTEP       ENERGY          RMS            GMAX         NAME    NUMBER
    670      -8.1500E+04     5.1139E-01     2.1610E+01     CB       1068

 BOND    =     5842.2518  ANGLE   =      292.9322  DIHED      =     1621.5224
 VDWAALS =    12741.0480  EEL     =  -109674.1876  HBOND      =        0.0000
 1-4 VDW =      499.5394  1-4 EEL =     6992.6265  RESTRAINT  =      184.5345
 EAMBER  =   -81684.2673


   NSTEP       ENERGY          RMS            GMAX         NAME    NUMBER
    675      -8.1525E+04     5.5021E-01     1.9358E+01     HB3      1070

 BOND    =     5846.8758  ANGLE   =      294.2017  DIHED      =     1621.0829
 VDWAALS =    12786.5000  EEL     =  -109752.9545  HBOND      =        0.0000
 1-4 VDW =      501.9032  1-4 EEL =     6993.2299  RESTRAINT  =      184.4210
 EAMBER  =   -81709.1611


   NSTEP       ENERGY          RMS            GMAX         NAME    NUMBER
    680      -8.1526E+04     4.9744E-01     1.8167E+01     HB3      1070

 BOND    =     5846.1675  ANGLE   =      294.0104  DIHED      =     1621.0541
 VDWAALS =    12786.5042  EEL     =  -109753.6269  HBOND      =        0.0000
 1-4 VDW =      501.8390  1-4 EEL =     6993.2084  RESTRAINT  =      184.4038
 EAMBER  =   -81710.8432


   NSTEP       ENERGY          RMS            GMAX         NAME    NUMBER
    685      -8.1560E+04     6.0726E-01     4.1823E+01     CD        792

 BOND    =     5854.9398  ANGLE   =      293.9805  DIHED      =     1621.8896
 VDWAALS =    12795.2130  EEL     =  -109803.0825  HBOND      =        0.0000
 1-4 VDW =      499.6420  1-4 EEL =     6992.8563  RESTRAINT  =      184.5766
 EAMBER  =   -81744.5614


   NSTEP       ENERGY          RMS            GMAX         NAME    NUMBER
    690      -8.1579E+04     4.6074E-01     2.8656E+01     CD        792

 BOND    =     5860.8715  ANGLE   =      293.3460  DIHED      =     1621.6893
 VDWAALS =    12812.6525  EEL     =  -109843.6099  HBOND      =        0.0000
 1-4 VDW =      499.5951  1-4 EEL =     6991.9914  RESTRAINT  =      184.4733
 EAMBER  =   -81763.4642


   NSTEP       ENERGY          RMS            GMAX         NAME    NUMBER
    695      -8.1596E+04     4.1991E-01     2.3011E+01     CD        792

 BOND    =     5856.9016  ANGLE   =      292.3225  DIHED      =     1621.2157
 VDWAALS =    12841.1045  EEL     =  -109885.1454  HBOND      =        0.0000
 1-4 VDW =      500.8665  1-4 EEL =     6992.5564  RESTRAINT  =      184.2156
 EAMBER  =   -81780.1782


   NSTEP       ENERGY          RMS            GMAX         NAME    NUMBER
    700      -8.1611E+04     7.0360E-01     3.7892E+01     CG        777

 BOND    =     5873.6205  ANGLE   =      294.2062  DIHED      =     1621.8632
 VDWAALS =    12869.3886  EEL     =  -109949.8079  HBOND      =        0.0000
 1-4 VDW =      501.0256  1-4 EEL =     6994.1024  RESTRAINT  =      184.5006
 EAMBER  =   -81795.6014


   NSTEP       ENERGY          RMS            GMAX         NAME    NUMBER
    705      -8.1613E+04     6.0329E-01     3.3056E+01     HB2      1069

 BOND    =     5871.8152  ANGLE   =      293.8453  DIHED      =     1621.7758
 VDWAALS =    12869.4263  EEL     =  -109949.8053  HBOND      =        0.0000
 1-4 VDW =      501.0137  1-4 EEL =     6994.0709  RESTRAINT  =      184.4629
 EAMBER  =   -81797.8580


   NSTEP       ENERGY          RMS            GMAX         NAME    NUMBER
    710      -8.1631E+04     4.3248E-01     2.1447E+01     O       15733

 BOND    =     5865.6376  ANGLE   =      292.5010  DIHED      =     1621.2704
 VDWAALS =    12870.5436  EEL     =  -109957.7582  HBOND      =        0.0000
 1-4 VDW =      500.5574  1-4 EEL =     6992.4212  RESTRAINT  =      184.0686
 EAMBER  =   -81814.8272


   NSTEP       ENERGY          RMS            GMAX         NAME    NUMBER
    715      -8.1650E+04     3.7453E-01     1.7016E+01     CB       1068

 BOND    =     5871.9021  ANGLE   =      293.1379  DIHED      =     1621.6885
 VDWAALS =    12876.1417  EEL     =  -109988.8962  HBOND      =        0.0000
 1-4 VDW =      499.5653  1-4 EEL =     6992.6271  RESTRAINT  =      184.1871
 EAMBER  =   -81833.8337


   NSTEP       ENERGY          RMS            GMAX         NAME    NUMBER
    720      -8.1669E+04     5.9458E-01     3.3972E+01     CD        792

 BOND    =     5875.8958  ANGLE   =      292.8401  DIHED      =     1621.2434
 VDWAALS =    12896.4453  EEL     =  -110033.0810  HBOND      =        0.0000
 1-4 VDW =      500.5073  1-4 EEL =     6993.3088  RESTRAINT  =      183.9744
 EAMBER  =   -81852.8404


   NSTEP       ENERGY          RMS            GMAX         NAME    NUMBER
    725      -8.1702E+04     5.1730E-01     2.5011E+01     O       15733

 BOND    =     5883.6042  ANGLE   =      293.7246  DIHED      =     1620.9645
 VDWAALS =    12935.6093  EEL     =  -110115.2542  HBOND      =        0.0000
 1-4 VDW =      502.1262  1-4 EEL =     6993.6689  RESTRAINT  =      183.8966
 EAMBER  =   -81885.5564


   NSTEP       ENERGY          RMS            GMAX         NAME    NUMBER
    730      -8.1703E+04     4.4557E-01     1.9448E+01     O       15733

 BOND    =     5882.4811  ANGLE   =      293.5709  DIHED      =     1620.9425
 VDWAALS =    12935.6913  EEL     =  -110115.5656  HBOND      =        0.0000
 1-4 VDW =      502.0497  1-4 EEL =     6993.6414  RESTRAINT  =      183.8772
 EAMBER  =   -81887.1889


   NSTEP       ENERGY          RMS            GMAX         NAME    NUMBER
    735      -8.1722E+04     4.2612E-01     3.2205E+01     CD        792

 BOND    =     5884.3559  ANGLE   =      292.1166  DIHED      =     1621.3949
 VDWAALS =    12943.5437  EEL     =  -110140.5448  HBOND      =        0.0000
 1-4 VDW =      500.0433  1-4 EEL =     6992.8227  RESTRAINT  =      183.8243
 EAMBER  =   -81906.2676


   NSTEP       ENERGY          RMS            GMAX         NAME    NUMBER
    740      -8.1741E+04     3.5388E-01     1.9880E+01     CB       1068

 BOND    =     5892.0818  ANGLE   =      292.2167  DIHED      =     1621.6455
 VDWAALS =    12965.4427  EEL     =  -110188.4069  HBOND      =        0.0000
 1-4 VDW =      500.0421  1-4 EEL =     6991.7469  RESTRAINT  =      183.7652
 EAMBER  =   -81925.2312


   NSTEP       ENERGY          RMS            GMAX         NAME    NUMBER
    745      -8.1756E+04     3.8719E-01     1.7293E+01     CB       1068

 BOND    =     5894.2708  ANGLE   =      292.4004  DIHED      =     1621.2172
 VDWAALS =    12996.0329  EEL     =  -110237.6372  HBOND      =        0.0000
 1-4 VDW =      501.1417  1-4 EEL =     6992.5286  RESTRAINT  =      183.6261
 EAMBER  =   -81940.0456


   NSTEP       ENERGY          RMS            GMAX         NAME    NUMBER
    750      -8.1797E+04     8.2251E-01     6.5557E+01     CG        777

 BOND    =     5912.2427  ANGLE   =      294.9813  DIHED      =     1622.0876
 VDWAALS =    13049.8058  EEL     =  -110356.6667  HBOND      =        0.0000
 1-4 VDW =      501.2849  1-4 EEL =     6995.3094  RESTRAINT  =      183.8822
 EAMBER  =   -81980.9550


   NSTEP       ENERGY          RMS            GMAX         NAME    NUMBER
    755      -8.1799E+04     7.5463E-01     5.7284E+01     CG        777

 BOND    =     5910.9893  ANGLE   =      294.7037  DIHED      =     1622.0190
 VDWAALS =    13049.8401  EEL     =  -110356.5878  HBOND      =        0.0000
 1-4 VDW =      501.2610  1-4 EEL =     6995.2789  RESTRAINT  =      183.8602
 EAMBER  =   -81982.4958


   NSTEP       ENERGY          RMS            GMAX         NAME    NUMBER
    760      -8.1819E+04     3.4489E-01     1.6311E+01     CG       1071

 BOND    =     5908.2745  ANGLE   =      292.4416  DIHED      =     1621.3259
 VDWAALS =    13050.0415  EEL     =  -110368.2277  HBOND      =        0.0000
 1-4 VDW =      500.9676  1-4 EEL =     6992.4490  RESTRAINT  =      183.4146
 EAMBER  =   -82002.7276


   NSTEP       ENERGY          RMS            GMAX         NAME    NUMBER
    765      -8.1834E+04     4.3677E-01     2.9100E+01     CG       1071

 BOND    =     5914.1308  ANGLE   =      293.1179  DIHED      =     1621.9807
 VDWAALS =    13050.1899  EEL     =  -110387.7848  HBOND      =        0.0000
 1-4 VDW =      499.6131  1-4 EEL =     6991.1876  RESTRAINT  =      183.6063
 EAMBER  =   -82017.5648


   NSTEP       ENERGY          RMS            GMAX         NAME    NUMBER
    770      -8.1853E+04     3.7922E-01     2.6869E+01     CD        792

 BOND    =     5910.9747  ANGLE   =      291.9596  DIHED      =     1621.2497
 VDWAALS =    13062.3741  EEL     =  -110415.8427  HBOND      =        0.0000
 1-4 VDW =      500.2346  1-4 EEL =     6992.8875  RESTRAINT  =      183.3516
 EAMBER  =   -82036.1626


   NSTEP       ENERGY          RMS            GMAX         NAME    NUMBER
    775      -8.1868E+04     4.3261E-01     1.5142E+01     HB2      1069

 BOND    =     5916.5893  ANGLE   =      293.3679  DIHED      =     1620.6767
 VDWAALS =    13085.8789  EEL     =  -110464.5689  HBOND      =        0.0000
 1-4 VDW =      502.4547  1-4 EEL =     6994.5163  RESTRAINT  =      183.3946
 EAMBER  =   -82051.0850


   NSTEP       ENERGY          RMS            GMAX         NAME    NUMBER
    780      -8.1869E+04     3.7582E-01     1.3820E+01     HB2      1069

 BOND    =     5915.6459  ANGLE   =      293.1888  DIHED      =     1620.6649
 VDWAALS =    13085.9805  EEL     =  -110464.9136  HBOND      =        0.0000
 1-4 VDW =      502.3498  1-4 EEL =     6994.4407  RESTRAINT  =      183.3733
 EAMBER  =   -82052.6429


   NSTEP       ENERGY          RMS            GMAX         NAME    NUMBER
    785      -8.1889E+04     4.2482E-01     3.3721E+01     CD        792

 BOND    =     5920.2184  ANGLE   =      292.3858  DIHED      =     1621.6798
 VDWAALS =    13093.2866  EEL     =  -110492.1391  HBOND      =        0.0000
 1-4 VDW =      499.9075  1-4 EEL =     6992.2816  RESTRAINT  =      183.4160
 EAMBER  =   -82072.3794


   NSTEP       ENERGY          RMS            GMAX         NAME    NUMBER
    790      -8.1908E+04     4.0061E-01     1.4937E+01     CB       1290

 BOND    =     5924.3579  ANGLE   =      292.2969  DIHED      =     1621.6806
 VDWAALS =    13116.6330  EEL     =  -110538.5301  HBOND      =        0.0000
 1-4 VDW =      500.3291  1-4 EEL =     6991.6116  RESTRAINT  =      183.3058
 EAMBER  =   -82091.6210


   NSTEP       ENERGY          RMS            GMAX         NAME    NUMBER
    795      -8.1920E+04     3.6698E-01     1.8217E+01     CG        777

 BOND    =     5927.3083  ANGLE   =      291.9106  DIHED      =     1620.9354
 VDWAALS =    13137.6835  EEL     =  -110575.4002  HBOND      =        0.0000
 1-4 VDW =      501.3630  1-4 EEL =     6993.3238  RESTRAINT  =      183.2743
 EAMBER  =   -82102.8754


   NSTEP       ENERGY          RMS            GMAX         NAME    NUMBER
    800      -8.1955E+04     8.0259E-01     6.3698E+01     CG        777

 BOND    =     5946.8635  ANGLE   =      294.0514  DIHED      =     1621.6810
 VDWAALS =    13181.8477  EEL     =  -110679.3935  HBOND      =        0.0000
 1-4 VDW =      501.3635  1-4 EEL =     6995.2523  RESTRAINT  =      183.5772
 EAMBER  =   -82138.3341


   NSTEP       ENERGY          RMS            GMAX         NAME    NUMBER
    805      -8.1956E+04     7.2998E-01     5.5380E+01     CG        777

 BOND    =     5945.1676  ANGLE   =      293.8204  DIHED      =     1621.6335
 VDWAALS =    13181.8699  EEL     =  -110678.9035  HBOND      =        0.0000
 1-4 VDW =      501.3418  1-4 EEL =     6995.2233  RESTRAINT  =      183.5581
 EAMBER  =   -82139.8471


   NSTEP       ENERGY          RMS            GMAX         NAME    NUMBER
    810      -8.1973E+04     3.5121E-01     2.7529E+01     CG        777

 BOND    =     5938.6163  ANGLE   =      292.2144  DIHED      =     1621.1953
 VDWAALS =    13182.4861  EEL     =  -110684.1391  HBOND      =        0.0000
 1-4 VDW =      501.0028  1-4 EEL =     6992.7178  RESTRAINT  =      183.1826
 EAMBER  =   -82155.9064


   NSTEP       ENERGY          RMS            GMAX         NAME    NUMBER
    815      -8.1993E+04     5.0101E-01     1.8422E+01     CD        792

 BOND    =     5938.8133  ANGLE   =      293.9221  DIHED      =     1622.0788
 VDWAALS =    13186.2251  EEL     =  -110707.7257  HBOND      =        0.0000
 1-4 VDW =      499.3681  1-4 EEL =     6991.2826  RESTRAINT  =      183.4680
 EAMBER  =   -82176.0357


   NSTEP       ENERGY          RMS            GMAX         NAME    NUMBER
    820      -8.2006E+04     4.8209E-01     2.9320E+01     CD        792

 BOND    =     5944.0798  ANGLE   =      291.9905  DIHED      =     1621.2047
 VDWAALS =    13198.7937  EEL     =  -110738.5728  HBOND      =        0.0000
 1-4 VDW =      500.3047  1-4 EEL =     6992.9816  RESTRAINT  =      183.1711
 EAMBER  =   -82189.2178


   NSTEP       ENERGY          RMS            GMAX         NAME    NUMBER
    825      -8.2029E+04     4.2685E-01     1.5528E+01     HA       1304

 BOND    =     5950.1289  ANGLE   =      292.9455  DIHED      =     1620.6390
 VDWAALS =    13229.0150  EEL     =  -110801.6418  HBOND      =        0.0000
 1-4 VDW =      502.5302  1-4 EEL =     6994.4033  RESTRAINT  =      183.1708
 EAMBER  =   -82211.9799


   NSTEP       ENERGY          RMS            GMAX         NAME    NUMBER
    830      -8.2030E+04     3.8007E-01     1.3505E+01     HA       1067

 BOND    =     5949.3025  ANGLE   =      292.8181  DIHED      =     1620.6206
 VDWAALS =    13229.0828  EEL     =  -110801.9984  HBOND      =        0.0000
 1-4 VDW =      502.4243  1-4 EEL =     6994.3441  RESTRAINT  =      183.1561
 EAMBER  =   -82213.4061


   NSTEP       ENERGY          RMS            GMAX         NAME    NUMBER
    835      -8.2053E+04     4.6984E-01     2.7944E+01     CD        792

 BOND    =     5954.6455  ANGLE   =      292.4853  DIHED      =     1621.9808
 VDWAALS =    13235.6515  EEL     =  -110833.3682  HBOND      =        0.0000
 1-4 VDW =      499.8004  1-4 EEL =     6992.4556  RESTRAINT  =      183.3127
 EAMBER  =   -82236.3489


   NSTEP       ENERGY          RMS            GMAX         NAME    NUMBER
    840      -8.2072E+04     4.5810E-01     3.7917E+01     CG        777

 BOND    =     5953.5985  ANGLE   =      292.1078  DIHED      =     1621.4733
 VDWAALS =    13254.4883  EEL     =  -110869.3113  HBOND      =        0.0000
 1-4 VDW =      500.8621  1-4 EEL =     6991.8686  RESTRAINT  =      183.1176
 EAMBER  =   -82254.9128


   NSTEP       ENERGY          RMS            GMAX         NAME    NUMBER
    845      -8.2081E+04     3.2024E-01     1.9506E+01     CB       1068

 BOND    =     5958.5986  ANGLE   =      292.2169  DIHED      =     1620.7272
 VDWAALS =    13267.3483  EEL     =  -110898.7700  HBOND      =        0.0000
 1-4 VDW =      501.5715  1-4 EEL =     6994.0323  RESTRAINT  =      183.2059
 EAMBER  =   -82264.2751


   NSTEP       ENERGY          RMS            GMAX         NAME    NUMBER
    850      -8.2111E+04     7.0881E-01     4.2548E+01     CB       1068

 BOND    =     5987.1938  ANGLE   =      293.3668  DIHED      =     1621.2112
 VDWAALS =    13301.9580  EEL     =  -110994.6534  HBOND      =        0.0000
 1-4 VDW =      501.3298  1-4 EEL =     6995.1333  RESTRAINT  =      183.3555
 EAMBER  =   -82294.4605


   NSTEP       ENERGY          RMS            GMAX         NAME    NUMBER
    855      -8.2113E+04     6.3272E-01     3.8381E+01     CB       1068

 BOND    =     5984.1446  ANGLE   =      293.0895  DIHED      =     1621.1733
 VDWAALS =    13302.0111  EEL     =  -110992.7487  HBOND      =        0.0000
 1-4 VDW =      501.3052  1-4 EEL =     6995.0566  RESTRAINT  =      183.3402
 EAMBER  =   -82295.9685


   NSTEP       ENERGY          RMS            GMAX         NAME    NUMBER
    860      -8.2124E+04     3.0980E-01     2.1219E+01     CG       1071

 BOND    =     5967.5539  ANGLE   =      292.3244  DIHED      =     1621.0909
 VDWAALS =    13303.7931  EEL     =  -110986.0554  HBOND      =        0.0000
 1-4 VDW =      500.9911  1-4 EEL =     6992.8715  RESTRAINT  =      183.1195
 EAMBER  =   -82307.4306


   NSTEP       ENERGY          RMS            GMAX         NAME    NUMBER
    865      -8.2140E+04     3.4925E-01     1.9617E+01     CG       1071

 BOND    =     5976.6813  ANGLE   =      293.9553  DIHED      =     1621.9097
 VDWAALS =    13310.4117  EEL     =  -111017.2522  HBOND      =        0.0000
 1-4 VDW =      499.5303  1-4 EEL =     6991.4848  RESTRAINT  =      183.3640
 EAMBER  =   -82323.2792


   NSTEP       ENERGY          RMS            GMAX         NAME    NUMBER
    870      -8.2168E+04     6.8590E-01     4.0371E+01     CG        777

 BOND    =     5993.7551  ANGLE   =      293.3081  DIHED      =     1621.9367
 VDWAALS =    13342.4591  EEL     =  -111096.2549  HBOND      =        0.0000
 1-4 VDW =      499.6706  1-4 EEL =     6994.1001  RESTRAINT  =      183.2805
 EAMBER  =   -82351.0251


   NSTEP       ENERGY          RMS            GMAX         NAME    NUMBER
    875      -8.2210E+04     5.0618E-01     2.2507E+01     CB       1068

 BOND    =     5993.3356  ANGLE   =      293.8630  DIHED      =     1620.6798
 VDWAALS =    13402.1478  EEL     =  -111200.8481  HBOND      =        0.0000
 1-4 VDW =      502.9469  1-4 EEL =     6994.4401  RESTRAINT  =      183.2055
 EAMBER  =   -82393.4349


   NSTEP       ENERGY          RMS            GMAX         NAME    NUMBER
    880      -8.2212E+04     4.6059E-01     1.7916E+01     CB       1068

 BOND    =     5991.2448  ANGLE   =      293.6708  DIHED      =     1620.6488
 VDWAALS =    13402.1994  EEL     =  -111200.0372  HBOND      =        0.0000
 1-4 VDW =      502.8369  1-4 EEL =     6994.3767  RESTRAINT  =      183.1863
 EAMBER  =   -82395.0598


   NSTEP       ENERGY          RMS            GMAX         NAME    NUMBER
    885      -8.2246E+04     7.0291E-01     4.0918E+01     CB       1068

 BOND    =     5997.1652  ANGLE   =      295.2866  DIHED      =     1622.7693
 VDWAALS =    13409.5321  EEL     =  -111245.7375  HBOND      =        0.0000
 1-4 VDW =      499.1716  1-4 EEL =     6992.3506  RESTRAINT  =      183.6243
 EAMBER  =   -82429.4622


   NSTEP       ENERGY          RMS            GMAX         NAME    NUMBER
    890      -8.2264E+04     4.2869E-01     2.7181E+01     CG       1071

 BOND    =     6003.3913  ANGLE   =      293.6581  DIHED      =     1621.9983
 VDWAALS =    13421.6881  EEL     =  -111278.5401  HBOND      =        0.0000
 1-4 VDW =      499.4951  1-4 EEL =     6991.1915  RESTRAINT  =      183.3957
 EAMBER  =   -82447.1176


   NSTEP       ENERGY          RMS            GMAX         NAME    NUMBER
    895      -8.2277E+04     2.3003E-01     9.6908E+00     CD        792

 BOND    =     6001.1810  ANGLE   =      291.5403  DIHED      =     1620.9389
 VDWAALS =    13439.6881  EEL     =  -111307.3494  HBOND      =        0.0000
 1-4 VDW =      500.8824  1-4 EEL =     6993.3237  RESTRAINT  =      183.1825
 EAMBER  =   -82459.7950


   NSTEP       ENERGY          RMS            GMAX         NAME    NUMBER
    900      -8.2283E+04     4.5625E-01     2.5920E+01     CG        777

 BOND    =     6008.6498  ANGLE   =      292.4443  DIHED      =     1621.1176
 VDWAALS =    13452.5031  EEL     =  -111337.2031  HBOND      =        0.0000
 1-4 VDW =      500.9270  1-4 EEL =     6994.9897  RESTRAINT  =      183.3592
 EAMBER  =   -82466.5716


   NSTEP       ENERGY          RMS            GMAX         NAME    NUMBER
    905      -8.2285E+04     3.4192E-01     1.6551E+01     CA       1066

 BOND    =     6005.7769  ANGLE   =      292.0226  DIHED      =     1621.0332
 VDWAALS =    13452.5741  EEL     =  -111335.4949  HBOND      =        0.0000
 1-4 VDW =      500.9489  1-4 EEL =     6994.7606  RESTRAINT  =      183.3292
 EAMBER  =   -82468.3786


   NSTEP       ENERGY          RMS            GMAX         NAME    NUMBER
    910      -8.2293E+04     3.2257E-01     1.7530E+01     CG        777

 BOND    =     6006.0969  ANGLE   =      292.8329  DIHED      =     1621.3195
 VDWAALS =    13453.7792  EEL     =  -111343.6342  HBOND      =        0.0000
 1-4 VDW =      500.9039  1-4 EEL =     6992.2689  RESTRAINT  =      183.1682
 EAMBER  =   -82476.4329


   NSTEP       ENERGY          RMS            GMAX         NAME    NUMBER
    915      -8.2310E+04     4.8454E-01     3.3860E+01     CD        792

 BOND    =     6006.5400  ANGLE   =      294.2787  DIHED      =     1621.8351
 VDWAALS =    13462.5182  EEL     =  -111370.2640  HBOND      =        0.0000
 1-4 VDW =      499.5887  1-4 EEL =     6991.9415  RESTRAINT  =      183.3974
 EAMBER  =   -82493.5619


   NSTEP       ENERGY          RMS            GMAX         NAME    NUMBER
    920      -8.2324E+04     5.4834E-01     3.0974E+01     CG        777

 BOND    =     6020.9264  ANGLE   =      292.0234  DIHED      =     1621.0011
 VDWAALS =    13480.2244  EEL     =  -111415.8687  HBOND      =        0.0000
 1-4 VDW =      500.3785  1-4 EEL =     6993.6859  RESTRAINT  =      183.1679
 EAMBER  =   -82507.6290


   NSTEP       ENERGY          RMS            GMAX         NAME    NUMBER
    925      -8.2356E+04     4.6822E-01     2.7637E+01     CB       1068

 BOND    =     6024.8912  ANGLE   =      294.2556  DIHED      =     1620.5770
 VDWAALS =    13524.3341  EEL     =  -111500.9483  HBOND      =        0.0000
 1-4 VDW =      503.1729  1-4 EEL =     6994.7962  RESTRAINT  =      183.3609
 EAMBER  =   -82538.9213


   NSTEP       ENERGY          RMS            GMAX         NAME    NUMBER
    930      -8.2357E+04     4.2011E-01     2.1082E+01     CB       1068

 BOND    =     6022.6501  ANGLE   =      293.9958  DIHED      =     1620.5460
 VDWAALS =    13524.4072  EEL     =  -111499.8340  HBOND      =        0.0000
 1-4 VDW =      503.0276  1-4 EEL =     6994.7056  RESTRAINT  =      183.3328
 EAMBER  =   -82540.5018


   NSTEP       ENERGY          RMS            GMAX         NAME    NUMBER
    935      -8.2379E+04     7.2001E-01     4.5022E+01     C        1077

 BOND    =     6011.0286  ANGLE   =      295.2261  DIHED      =     1622.3455
 VDWAALS =    13532.7703  EEL     =  -111514.8975  HBOND      =        0.0000
 1-4 VDW =      499.3989  1-4 EEL =     6992.0335  RESTRAINT  =      183.5896
 EAMBER  =   -82562.0945


   NSTEP       ENERGY          RMS            GMAX         NAME    NUMBER
    940      -8.2392E+04     4.0956E-01     2.8697E+01     CD        792

 BOND    =     6035.5709  ANGLE   =      293.0195  DIHED      =     1621.7551
 VDWAALS =    13540.9723  EEL     =  -111558.2591  HBOND      =        0.0000
 1-4 VDW =      499.7137  1-4 EEL =     6991.4947  RESTRAINT  =      183.3950
 EAMBER  =   -82575.7330


   NSTEP       ENERGY          RMS            GMAX         NAME    NUMBER
    945      -8.2405E+04     2.1466E-01     8.0472E+00     CG        777

 BOND    =     6027.8465  ANGLE   =      291.5259  DIHED      =     1620.8512
 VDWAALS =    13560.8082  EEL     =  -111583.9319  HBOND      =        0.0000
 1-4 VDW =      501.0124  1-4 EEL =     6993.3288  RESTRAINT  =      183.2819
 EAMBER  =   -82588.5589


   NSTEP       ENERGY          RMS            GMAX         NAME    NUMBER
    950      -8.2411E+04     4.2653E-01     2.6604E+01     CG        777

 BOND    =     6035.3059  ANGLE   =      292.4968  DIHED      =     1621.0943
 VDWAALS =    13572.1194  EEL     =  -111611.7326  HBOND      =        0.0000
 1-4 VDW =      500.9547  1-4 EEL =     6995.0128  RESTRAINT  =      183.4767
 EAMBER  =   -82594.7488


   NSTEP       ENERGY          RMS            GMAX         NAME    NUMBER
    955      -8.2413E+04     3.2090E-01     1.3734E+01     CA       1066

 BOND    =     6032.6984  ANGLE   =      292.0759  DIHED      =     1621.0005
 VDWAALS =    13572.1568  EEL     =  -111610.0844  HBOND      =        0.0000
 1-4 VDW =      500.9801  1-4 EEL =     6994.7673  RESTRAINT  =      183.4465
 EAMBER  =   -82596.4053


   NSTEP       ENERGY          RMS            GMAX         NAME    NUMBER
    960      -8.2420E+04     3.0151E-01     1.9272E+01     CG        777

 BOND    =     6034.3167  ANGLE   =      292.7343  DIHED      =     1621.2284
 VDWAALS =    13573.5278  EEL     =  -111618.5780  HBOND      =        0.0000
 1-4 VDW =      500.9411  1-4 EEL =     6992.2909  RESTRAINT  =      183.2898
 EAMBER  =   -82603.5388


   NSTEP       ENERGY          RMS            GMAX         NAME    NUMBER
    965      -8.2435E+04     4.8763E-01     3.9671E+01     CD        792

 BOND    =     6030.7392  ANGLE   =      294.1839  DIHED      =     1621.7049
 VDWAALS =    13580.9533  EEL     =  -111637.5079  HBOND      =        0.0000
 1-4 VDW =      499.6888  1-4 EEL =     6992.1605  RESTRAINT  =      183.5286
 EAMBER  =   -82618.0774


   NSTEP       ENERGY          RMS            GMAX         NAME    NUMBER
    970      -8.2448E+04     5.3932E-01     3.3159E+01     N        1079

 BOND    =     6052.1215  ANGLE   =      291.8296  DIHED      =     1620.8779
 VDWAALS =    13596.0167  EEL     =  -111686.0485  HBOND      =        0.0000
 1-4 VDW =      500.4435  1-4 EEL =     6993.6706  RESTRAINT  =      183.3256
 EAMBER  =   -82631.0886


   NSTEP       ENERGY          RMS            GMAX         NAME    NUMBER
    975      -8.2477E+04     4.4950E-01     2.7118E+01     CB       1068

 BOND    =     6050.4845  ANGLE   =      293.7599  DIHED      =     1620.4914
 VDWAALS =    13634.7373  EEL     =  -111757.1864  HBOND      =        0.0000
 1-4 VDW =      502.9851  1-4 EEL =     6994.6133  RESTRAINT  =      183.5563
 EAMBER  =   -82660.1148


   NSTEP       ENERGY          RMS            GMAX         NAME    NUMBER
    980      -8.2478E+04     3.9396E-01     2.0119E+01     CB       1068

 BOND    =     6047.9600  ANGLE   =      293.5202  DIHED      =     1620.4654
 VDWAALS =    13634.8572  EEL     =  -111755.8439  HBOND      =        0.0000
 1-4 VDW =      502.8395  1-4 EEL =     6994.5055  RESTRAINT  =      183.5305
 EAMBER  =   -82661.6963


   NSTEP       ENERGY          RMS            GMAX         NAME    NUMBER
    985      -8.2499E+04     3.7319E-01     2.1502E+01     CG       1071

 BOND    =     6044.1077  ANGLE   =      292.5572  DIHED      =     1621.4992
 VDWAALS =    13640.6261  EEL     =  -111773.7228  HBOND      =        0.0000
 1-4 VDW =      499.9873  1-4 EEL =     6992.5512  RESTRAINT  =      183.5594
 EAMBER  =   -82682.3941


   NSTEP       ENERGY          RMS            GMAX         NAME    NUMBER
    990      -8.2513E+04     2.9664E-01     1.6573E+01     CD       1074

 BOND    =     6048.2905  ANGLE   =      291.6306  DIHED      =     1621.2864
 VDWAALS =    13653.9471  EEL     =  -111804.2646  HBOND      =        0.0000
 1-4 VDW =      500.6993  1-4 EEL =     6991.9030  RESTRAINT  =      183.4885
 EAMBER  =   -82696.5077


   NSTEP       ENERGY          RMS            GMAX         NAME    NUMBER
    995      -8.2520E+04     2.4458E-01     1.2102E+01     CB       1290

 BOND    =     6052.6837  ANGLE   =      291.6797  DIHED      =     1620.6033
 VDWAALS =    13665.8809  EEL     =  -111829.1519  HBOND      =        0.0000
 1-4 VDW =      501.3885  1-4 EEL =     6993.7166  RESTRAINT  =      183.5756
 EAMBER  =   -82703.1992


   NSTEP       ENERGY          RMS            GMAX         NAME    NUMBER
   1000      -8.2533E+04     4.3433E-01     2.8182E+01     CG        777

 BOND    =     6061.9499  ANGLE   =      292.3207  DIHED      =     1621.0277
 VDWAALS =    13682.4993  EEL     =  -111869.6711  HBOND      =        0.0000
 1-4 VDW =      500.8871  1-4 EEL =     6994.6131  RESTRAINT  =      183.7526
 EAMBER  =   -82716.3733


  Maximum number of minimization cycles reached.


                    FINAL RESULTS



   NSTEP       ENERGY          RMS            GMAX         NAME    NUMBER
   1000      -8.2533E+04     4.3433E-01     2.8182E+01     CG        777

 BOND    =     6061.9499  ANGLE   =      292.3207  DIHED      =     1621.0277
 VDWAALS =    13682.4993  EEL     =  -111869.6711  HBOND      =        0.0000
 1-4 VDW =      500.8871  1-4 EEL =     6994.6131  RESTRAINT  =      183.7526
 EAMBER  =   -82716.3733
--------------------------------------------------------------------------------
   5.  TIMINGS
--------------------------------------------------------------------------------

|  NonSetup CPU Time in Major Routines:
|
|     Routine           Sec        %
|     ------------------------------
|     Nonbond          74.51   96.77
|     Bond              0.25    0.33
|     Angle             0.25    0.33
|     Dihedral          1.57    2.04
|     Shake             0.00    0.00
|     Other             0.41    0.54
|     ------------------------------
|     Total            76.99

|  PME Nonbond Pairlist CPU Time:
|
|     Routine              Sec        %
|     ---------------------------------
|     Set Up Cit           0.00    0.00
|     Build List           0.86    1.12
|     ---------------------------------
|     Total                0.86    1.12

|  PME Direct Force CPU Time:
|
|     Routine              Sec        %
|     ---------------------------------
|     NonBonded Calc      48.78   63.36
|     Exclude Masked       1.00    1.30
|     Other                0.19    0.25
|     ---------------------------------
|     Total               49.97   64.91

|  PME Reciprocal Force CPU Time:
|
|     Routine              Sec        %
|     ---------------------------------
|     1D bspline           0.76    0.99
|     Grid Charges         1.35    1.76
|     Scalar Sum           8.53   11.08
|     Gradient Sum         2.55    3.31
|     FFT                 10.41   13.52
|     ---------------------------------
|     Total               23.61   30.66

|  Setup CPU time:            0.10 seconds
|  NonSetup CPU time:        76.99 seconds
|  Total CPU time:           77.10 seconds     0.02 hours

|  Setup wall time:           0    seconds
|  NonSetup wall time:       77    seconds
|  Total wall time:          77    seconds     0.02 hours
