
          -------------------------------------------------------
          Amber 16 PMEMD                              2016
          -------------------------------------------------------

| PMEMD implementation of SANDER, Release 16

| Run on 07/16/2018 at 12:47:09

|   Executable path: pmemd
| Working directory: /home/german/lbp/run/2w9y/mhe/m
|          Hostname: Unknown
  [-O]verwriting output

File Assignments:
|   MDIN: mmin.in                                                               
|  MDOUT: mmin.out                                                              
| INPCRD: m2w9y.rst7                                                            
|   PARM: /home/german/lbp/top_files/2w9y.prmtop                                
| RESTRT: mm2w9y.rst7                                                           
|   REFC: 2w9y.rst7                                                             
|  MDVEL: mdvel                                                                 
|   MDEN: mden                                                                  
|  MDCRD: mdcrd                                                                 
| MDINFO: mdinfo                                                                
|  MDFRC: mdfrc                                                                 


 Here is the input file:

Minimization with Cartesian restraints                                         
&cntrl                                                                         
imin=1,                                                                        
ntmin=1,                                 ! Steepest Descent, then Conjugate Gra
ncyc=200,                                ! 100 steps of Steepest Descent       
maxcyc=1000,                             ! 400 steps of Conjugate Gradient     
ntpr=5,                                                                        
&end                                                                           


Note: ig = -1. Setting random seed to   501699 based on wallclock time in 
      microseconds.
 
 
| Conditional Compilation Defines Used:
| PUBFFT
| BINTRAJ
| EMIL

| Largest sphere to fit in unit cell has radius =    28.017

| New format PARM file being parsed.
| Version =    1.000 Date = 07/16/18 Time = 12:31:37

| Note: 1-4 EEL scale factors are being read from the topology file.

| Note: 1-4 VDW scale factors are being read from the topology file.
| Duplicated    0 dihedrals

| Duplicated    0 dihedrals

--------------------------------------------------------------------------------
   1.  RESOURCE   USE: 
--------------------------------------------------------------------------------

 getting box info from netcdf restart file
 NATOM  =   21528 NTYPES =      17 NBONH =   20449 MBONA  =    1096
 NTHETH =    2490 MTHETA =    1476 NPHIH =    4927 MPHIA  =    4723
 NHPARM =       0 NPARM  =       0 NNB   =   37810 NRES   =    6595
 NBONA  =    1096 NTHETA =    1476 NPHIA =    4723 NUMBND =      64
 NUMANG =     142 NPTRA  =     185 NATYP =      34 NPHB   =       1
 IFBOX  =       2 NMXRS  =      24 IFCAP =       0 NEXTRA =       0
 NCOPY  =       0

| Coordinate Index Table dimensions:    13   13   13
| Direct force subcell size =     5.2791    5.2791    5.2791

     BOX TYPE: TRUNCATED OCTAHEDRON

--------------------------------------------------------------------------------
   2.  CONTROL  DATA  FOR  THE  RUN
--------------------------------------------------------------------------------

default_name                                                                    

General flags:
     imin    =       1, nmropt  =       0

Nature and format of input:
     ntx     =       1, irest   =       0, ntrx    =       1

Nature and format of output:
     ntxo    =       2, ntpr    =       5, ntrx    =       1, ntwr    =       1
     iwrap   =       0, ntwx    =       0, ntwv    =       0, ntwe    =       0
     ioutfm  =       1, ntwprt  =       0, idecomp =       0, rbornstat=      0

Potential function:
     ntf     =       1, ntb     =       1, igb     =       0, nsnb    =      25
     ipol    =       0, gbsa    =       0, iesp    =       0
     dielc   =   1.00000, cut     =   8.00000, intdiel =   1.00000

Frozen or restrained atoms:
     ibelly  =       0, ntr     =       0

Energy minimization:
     maxcyc  =    1000, ncyc    =     200, ntmin   =       1
     dx0     =   0.01000, drms    =   0.00010

| Intermolecular bonds treatment:
|     no_intermolecular_bonds =       1

| Energy averages sample interval:
|     ene_avg_sampling =       1

Ewald parameters:
     verbose =       0, ew_type =       0, nbflag  =       1, use_pme =       1
     vdwmeth =       1, eedmeth =       1, netfrc  =       0
     Box X =   68.628   Box Y =   68.628   Box Z =   68.628
     Alpha =  109.471   Beta  =  109.471   Gamma =  109.471
     NFFT1 =   72       NFFT2 =   72       NFFT3 =   72
     Cutoff=    8.000   Tol   =0.100E-04
     Ewald Coefficient =  0.34864
     Interpolation order =    4

--------------------------------------------------------------------------------
   3.  ATOMIC COORDINATES AND VELOCITIES
--------------------------------------------------------------------------------

default_name                                                                    
 begin time read from input coords =     0.000 ps

 
 Number of triangulated 3-point waters found:     6455

     Sum of charges from parm topology file =  -0.00000007
     Forcing neutrality...

| Dynamic Memory, Types Used:
| Reals              598929
| Integers           667938

| Nonbonded Pairs Initial Allocation:     3595714

--------------------------------------------------------------------------------
   4.  RESULTS
--------------------------------------------------------------------------------

 ---------------------------------------------------
 APPROXIMATING switch and d/dx switch using CUBIC SPLINE INTERPOLATION
 using   5000.0 points per unit in tabled values
 TESTING RELATIVE ERROR over r ranging from 0.0 to cutoff
| CHECK switch(x): max rel err =   0.2738E-14   at   2.422500
| CHECK d/dx switch(x): max rel err =   0.8332E-11   at   2.782960
 ---------------------------------------------------
|---------------------------------------------------
| APPROXIMATING direct energy using CUBIC SPLINE INTERPOLATION
|  with   50.0 points per unit in tabled values
| Relative Error Limit not exceeded for r .gt.   2.47
| APPROXIMATING direct force using CUBIC SPLINE INTERPOLATION
|  with   50.0 points per unit in tabled values
| Relative Error Limit not exceeded for r .gt.   2.89
|---------------------------------------------------


   NSTEP       ENERGY          RMS            GMAX         NAME    NUMBER
      1      -8.2716E+04     5.4550E-01     2.7972E+01     CG        777

 BOND    =     6061.9499  ANGLE   =      292.3207  DIHED      =     1621.0277
 VDWAALS =    13682.4993  EEL     =  -111869.6711  HBOND      =        0.0000
 1-4 VDW =      500.8871  1-4 EEL =     6994.6131  RESTRAINT  =        0.0000


   NSTEP       ENERGY          RMS            GMAX         NAME    NUMBER
      5      -8.2724E+04     3.8123E-01     1.4676E+01     OD1      1700

 BOND    =     6056.3914  ANGLE   =      292.7231  DIHED      =     1621.0348
 VDWAALS =    13681.2040  EEL     =  -111866.5462  HBOND      =        0.0000
 1-4 VDW =      500.0234  1-4 EEL =     6991.5848  RESTRAINT  =        0.0000


   NSTEP       ENERGY          RMS            GMAX         NAME    NUMBER
     10      -8.2740E+04     3.1787E-01     1.3927E+01     OD1      1700

 BOND    =     6056.7950  ANGLE   =      295.5942  DIHED      =     1621.6296
 VDWAALS =    13678.2283  EEL     =  -111871.2075  HBOND      =        0.0000
 1-4 VDW =      496.7785  1-4 EEL =     6982.6045  RESTRAINT  =        0.0000


   NSTEP       ENERGY          RMS            GMAX         NAME    NUMBER
     15      -8.2774E+04     2.6968E-01     1.0611E+01     OD1      1700

 BOND    =     6059.3834  ANGLE   =      300.0864  DIHED      =     1622.2711
 VDWAALS =    13676.1929  EEL     =  -111885.2940  HBOND      =        0.0000
 1-4 VDW =      488.8499  1-4 EEL =     6964.8566  RESTRAINT  =        0.0000


   NSTEP       ENERGY          RMS            GMAX         NAME    NUMBER
     20      -8.2790E+04     1.1981E+00     1.3670E+02     CG        777

 BOND    =     6067.8668  ANGLE   =      303.2835  DIHED      =     1621.9513
 VDWAALS =    13677.7883  EEL     =  -111894.9290  HBOND      =        0.0000
 1-4 VDW =      482.4191  1-4 EEL =     6951.8047  RESTRAINT  =        0.0000


   NSTEP       ENERGY          RMS            GMAX         NAME    NUMBER
     25      -8.2812E+04     2.4219E-01     9.0716E+00     CG        777

 BOND    =     6063.0048  ANGLE   =      303.0063  DIHED      =     1621.8211
 VDWAALS =    13678.9284  EEL     =  -111907.1348  HBOND      =        0.0000
 1-4 VDW =      479.9351  1-4 EEL =     6948.7273  RESTRAINT  =        0.0000


   NSTEP       ENERGY          RMS            GMAX         NAME    NUMBER
     30      -8.2824E+04     2.3166E-01     8.1636E+00     CG        777

 BOND    =     6064.0318  ANGLE   =      303.6877  DIHED      =     1621.4937
 VDWAALS =    13680.3969  EEL     =  -111914.9799  HBOND      =        0.0000
 1-4 VDW =      477.1992  1-4 EEL =     6944.1690  RESTRAINT  =        0.0000


   NSTEP       ENERGY          RMS            GMAX         NAME    NUMBER
     35      -8.2836E+04     2.2866E-01     9.0173E+00     CG        777

 BOND    =     6065.2138  ANGLE   =      304.3348  DIHED      =     1621.1306
 VDWAALS =    13681.9417  EEL     =  -111923.0745  HBOND      =        0.0000
 1-4 VDW =      474.6506  1-4 EEL =     6940.0018  RESTRAINT  =        0.0000


   NSTEP       ENERGY          RMS            GMAX         NAME    NUMBER
     40      -8.2847E+04     4.5067E-01     3.8495E+01     CG        777

 BOND    =     6070.2249  ANGLE   =      305.1461  DIHED      =     1620.7262
 VDWAALS =    13683.7112  EEL     =  -111934.5092  HBOND      =        0.0000
 1-4 VDW =      472.0558  1-4 EEL =     6936.0120  RESTRAINT  =        0.0000


   NSTEP       ENERGY          RMS            GMAX         NAME    NUMBER
     45      -8.2857E+04     2.8913E-01     1.5651E+01     CG        777

 BOND    =     6068.7089  ANGLE   =      305.4476  DIHED      =     1620.3687
 VDWAALS =    13685.0538  EEL     =  -111939.9191  HBOND      =        0.0000
 1-4 VDW =      470.2598  1-4 EEL =     6932.9480  RESTRAINT  =        0.0000


   NSTEP       ENERGY          RMS            GMAX         NAME    NUMBER
     50      -8.2867E+04     3.2007E-01     1.3824E+01     CG        777

 BOND    =     6070.4759  ANGLE   =      305.9720  DIHED      =     1619.9738
 VDWAALS =    13686.6621  EEL     =  -111948.3194  HBOND      =        0.0000
 1-4 VDW =      468.3489  1-4 EEL =     6929.8586  RESTRAINT  =        0.0000


   NSTEP       ENERGY          RMS            GMAX         NAME    NUMBER
     55      -8.2875E+04     5.0976E-01     2.3489E+01     CG        777

 BOND    =     6075.0137  ANGLE   =      306.5289  DIHED      =     1619.6010
 VDWAALS =    13688.1770  EEL     =  -111958.0002  HBOND      =        0.0000
 1-4 VDW =      466.6480  1-4 EEL =     6927.2108  RESTRAINT  =        0.0000


   NSTEP       ENERGY          RMS            GMAX         NAME    NUMBER
     60      -8.2884E+04     5.2110E-01     1.2646E+01     CG        777

 BOND    =     6076.6758  ANGLE   =      307.0281  DIHED      =     1619.2002
 VDWAALS =    13689.8411  EEL     =  -111966.3778  HBOND      =        0.0000
 1-4 VDW =      465.0740  1-4 EEL =     6924.5969  RESTRAINT  =        0.0000


   NSTEP       ENERGY          RMS            GMAX         NAME    NUMBER
     65      -8.2893E+04     5.5340E-01     1.3947E+01     C        1077

 BOND    =     6078.7632  ANGLE   =      307.5422  DIHED      =     1618.7927
 VDWAALS =    13691.5373  EEL     =  -111975.1545  HBOND      =        0.0000
 1-4 VDW =      463.5802  1-4 EEL =     6922.1353  RESTRAINT  =        0.0000


   NSTEP       ENERGY          RMS            GMAX         NAME    NUMBER
     70      -8.2901E+04     6.0669E-01     1.6540E+01     C        1077

 BOND    =     6081.2426  ANGLE   =      308.0600  DIHED      =     1618.3974
 VDWAALS =    13693.3073  EEL     =  -111984.1157  HBOND      =        0.0000
 1-4 VDW =      462.2051  1-4 EEL =     6919.9078  RESTRAINT  =        0.0000


   NSTEP       ENERGY          RMS            GMAX         NAME    NUMBER
     75      -8.2909E+04     5.7582E-01     1.5291E+01     C        1077

 BOND    =     6081.1487  ANGLE   =      308.4739  DIHED      =     1618.0598
 VDWAALS =    13694.8398  EEL     =  -111990.4834  HBOND      =        0.0000
 1-4 VDW =      461.1054  1-4 EEL =     6918.1014  RESTRAINT  =        0.0000


   NSTEP       ENERGY          RMS            GMAX         NAME    NUMBER
     80      -8.2917E+04     6.0085E-01     1.7565E+01     C        1077

 BOND    =     6083.0856  ANGLE   =      308.9765  DIHED      =     1617.6718
 VDWAALS =    13696.6481  EEL     =  -111999.3006  HBOND      =        0.0000
 1-4 VDW =      459.9074  1-4 EEL =     6916.1620  RESTRAINT  =        0.0000


   NSTEP       ENERGY          RMS            GMAX         NAME    NUMBER
     85      -8.2925E+04     6.1159E-01     1.9709E+01     C        1077

 BOND    =     6084.7412  ANGLE   =      309.4793  DIHED      =     1617.2850
 VDWAALS =    13698.5428  EEL     =  -112008.1900  HBOND      =        0.0000
 1-4 VDW =      458.7790  1-4 EEL =     6914.3380  RESTRAINT  =        0.0000


   NSTEP       ENERGY          RMS            GMAX         NAME    NUMBER
     90      -8.2936E+04     1.9376E-01     7.6117E+00     OE2       794

 BOND    =     6072.7223  ANGLE   =      309.8253  DIHED      =     1616.9474
 VDWAALS =    13700.2759  EEL     =  -112005.8522  HBOND      =        0.0000
 1-4 VDW =      457.8856  1-4 EEL =     6912.6473  RESTRAINT  =        0.0000


   NSTEP       ENERGY          RMS            GMAX         NAME    NUMBER
     95      -8.2939E+04     6.7101E-01     2.2847E+01     C        1077

 BOND    =     6088.1832  ANGLE   =      310.3695  DIHED      =     1616.5907
 VDWAALS =    13702.0509  EEL     =  -112024.4883  HBOND      =        0.0000
 1-4 VDW =      456.9063  1-4 EEL =     6911.3117  RESTRAINT  =        0.0000


   NSTEP       ENERGY          RMS            GMAX         NAME    NUMBER
    100      -8.2947E+04     6.9213E-01     2.5650E+01     C        1077

 BOND    =     6090.1290  ANGLE   =      310.8541  DIHED      =     1616.2284
 VDWAALS =    13703.9448  EEL     =  -112033.5822  HBOND      =        0.0000
 1-4 VDW =      455.9935  1-4 EEL =     6909.8469  RESTRAINT  =        0.0000


   NSTEP       ENERGY          RMS            GMAX         NAME    NUMBER
    105      -8.2954E+04     7.2441E-01     2.9367E+01     C        1077

 BOND    =     6092.4878  ANGLE   =      311.3558  DIHED      =     1615.8677
 VDWAALS =    13705.9771  EEL     =  -112043.1540  HBOND      =        0.0000
 1-4 VDW =      455.1233  1-4 EEL =     6908.4589  RESTRAINT  =        0.0000


   NSTEP       ENERGY          RMS            GMAX         NAME    NUMBER
    110      -8.2966E+04     2.2982E-01     7.7100E+00     C        1077

 BOND    =     6074.4904  ANGLE   =      311.5747  DIHED      =     1615.5291
 VDWAALS =    13707.9375  EEL     =  -112036.7084  HBOND      =        0.0000
 1-4 VDW =      454.4142  1-4 EEL =     6906.9419  RESTRAINT  =        0.0000


   NSTEP       ENERGY          RMS            GMAX         NAME    NUMBER
    115      -8.2972E+04     1.7546E-01     7.6448E+00     OE2       794

 BOND    =     6076.7487  ANGLE   =      311.9055  DIHED      =     1615.2539
 VDWAALS =    13709.5358  EEL     =  -112045.2576  HBOND      =        0.0000
 1-4 VDW =      453.7994  1-4 EEL =     6905.9869  RESTRAINT  =        0.0000


   NSTEP       ENERGY          RMS            GMAX         NAME    NUMBER
    120      -8.2979E+04     1.7354E-01     7.5903E+00     OE2       794

 BOND    =     6077.5166  ANGLE   =      312.3147  DIHED      =     1614.9218
 VDWAALS =    13711.5755  EEL     =  -112053.5389  HBOND      =        0.0000
 1-4 VDW =      453.0917  1-4 EEL =     6904.8311  RESTRAINT  =        0.0000


   NSTEP       ENERGY          RMS            GMAX         NAME    NUMBER
    125      -8.2987E+04     1.7388E-01     7.4975E+00     OE2       794

 BOND    =     6078.1663  ANGLE   =      312.7245  DIHED      =     1614.5905
 VDWAALS =    13713.6939  EEL     =  -112061.9342  HBOND      =        0.0000
 1-4 VDW =      452.4117  1-4 EEL =     6903.7160  RESTRAINT  =        0.0000


   NSTEP       ENERGY          RMS            GMAX         NAME    NUMBER
    130      -8.2994E+04     3.1922E-01     1.6074E+01     C        1077

 BOND    =     6075.4459  ANGLE   =      313.2269  DIHED      =     1614.2245
 VDWAALS =    13716.1763  EEL     =  -112067.3720  HBOND      =        0.0000
 1-4 VDW =      451.7092  1-4 EEL =     6902.4475  RESTRAINT  =        0.0000


   NSTEP       ENERGY          RMS            GMAX         NAME    NUMBER
    135      -8.3001E+04     2.2385E-01     9.2797E+00     C        1077

 BOND    =     6077.9408  ANGLE   =      313.5274  DIHED      =     1613.9502
 VDWAALS =    13718.1515  EEL     =  -112077.2346  HBOND      =        0.0000
 1-4 VDW =      451.1741  1-4 EEL =     6901.6335  RESTRAINT  =        0.0000


   NSTEP       ENERGY          RMS            GMAX         NAME    NUMBER
    140      -8.3008E+04     2.2091E-01     9.4130E+00     C        1077

 BOND    =     6078.7451  ANGLE   =      313.8983  DIHED      =     1613.6509
 VDWAALS =    13720.3771  EEL     =  -112085.7834  HBOND      =        0.0000
 1-4 VDW =      450.6184  1-4 EEL =     6900.7210  RESTRAINT  =        0.0000


   NSTEP       ENERGY          RMS            GMAX         NAME    NUMBER
    145      -8.3015E+04     2.3219E-01     1.0748E+01     C        1077

 BOND    =     6079.2749  ANGLE   =      314.2737  DIHED      =     1613.3523
 VDWAALS =    13722.7607  EEL     =  -112094.2276  HBOND      =        0.0000
 1-4 VDW =      450.0832  1-4 EEL =     6899.8285  RESTRAINT  =        0.0000


   NSTEP       ENERGY          RMS            GMAX         NAME    NUMBER
    150      -8.3021E+04     2.7204E-01     1.4259E+01     C        1077

 BOND    =     6079.2813  ANGLE   =      314.6523  DIHED      =     1613.0631
 VDWAALS =    13725.1943  EEL     =  -112101.9917  HBOND      =        0.0000
 1-4 VDW =      449.5838  1-4 EEL =     6898.9726  RESTRAINT  =        0.0000


   NSTEP       ENERGY          RMS            GMAX         NAME    NUMBER
    155      -8.3026E+04     4.1909E-01     2.5104E+01     C        1077

 BOND    =     6077.7100  ANGLE   =      315.0772  DIHED      =     1612.8055
 VDWAALS =    13727.5057  EEL     =  -112106.7916  HBOND      =        0.0000
 1-4 VDW =      449.1649  1-4 EEL =     6898.1801  RESTRAINT  =        0.0000


   NSTEP       ENERGY          RMS            GMAX         NAME    NUMBER
    160      -8.3033E+04     4.3244E-01     2.6525E+01     C        1077

 BOND    =     6078.4846  ANGLE   =      315.4440  DIHED      =     1612.5357
 VDWAALS =    13730.0254  EEL     =  -112115.3869  HBOND      =        0.0000
 1-4 VDW =      448.7190  1-4 EEL =     6897.4280  RESTRAINT  =        0.0000


   NSTEP       ENERGY          RMS            GMAX         NAME    NUMBER
    165      -8.3039E+04     4.6358E-01     2.9006E+01     C        1077

 BOND    =     6079.1857  ANGLE   =      315.8279  DIHED      =     1612.2703
 VDWAALS =    13732.6685  EEL     =  -112123.9254  HBOND      =        0.0000
 1-4 VDW =      448.2934  1-4 EEL =     6896.6960  RESTRAINT  =        0.0000


   NSTEP       ENERGY          RMS            GMAX         NAME    NUMBER
    170      -8.3045E+04     5.1140E-01     3.2485E+01     C        1077

 BOND    =     6079.7043  ANGLE   =      316.2165  DIHED      =     1612.0191
 VDWAALS =    13735.3270  EEL     =  -112131.8925  HBOND      =        0.0000
 1-4 VDW =      447.9027  1-4 EEL =     6896.0079  RESTRAINT  =        0.0000


   NSTEP       ENERGY          RMS            GMAX         NAME    NUMBER
    175      -8.3050E+04     4.8376E-01     3.0827E+01     C        1077

 BOND    =     6080.5182  ANGLE   =      316.4388  DIHED      =     1611.8096
 VDWAALS =    13737.6078  EEL     =  -112139.6354  HBOND      =        0.0000
 1-4 VDW =      447.5793  1-4 EEL =     6895.4729  RESTRAINT  =        0.0000


   NSTEP       ENERGY          RMS            GMAX         NAME    NUMBER
    180      -8.3056E+04     5.0350E-01     3.3311E+01     CD2       627

 BOND    =     6081.5934  ANGLE   =      316.7728  DIHED      =     1611.5713
 VDWAALS =    13740.3073  EEL     =  -112148.3444  HBOND      =        0.0000
 1-4 VDW =      447.2225  1-4 EEL =     6894.8552  RESTRAINT  =        0.0000


   NSTEP       ENERGY          RMS            GMAX         NAME    NUMBER
    185      -8.3062E+04     5.1175E-01     3.6055E+01     CD2       627

 BOND    =     6082.9158  ANGLE   =      317.0848  DIHED      =     1611.3381
 VDWAALS =    13743.0295  EEL     =  -112157.4131  HBOND      =        0.0000
 1-4 VDW =      446.8801  1-4 EEL =     6894.2677  RESTRAINT  =        0.0000


   NSTEP       ENERGY          RMS            GMAX         NAME    NUMBER
    190      -8.3069E+04     1.6253E-01     5.8544E+00     NE2       625

 BOND    =     6089.7992  ANGLE   =      317.0769  DIHED      =     1611.1381
 VDWAALS =    13745.5072  EEL     =  -112173.5233  HBOND      =        0.0000
 1-4 VDW =      446.5388  1-4 EEL =     6893.9878  RESTRAINT  =        0.0000


   NSTEP       ENERGY          RMS            GMAX         NAME    NUMBER
    195      -8.3072E+04     5.6181E-01     4.1396E+01     CD2       627

 BOND    =     6084.4837  ANGLE   =      317.6732  DIHED      =     1610.9262
 VDWAALS =    13748.0964  EEL     =  -112172.7968  HBOND      =        0.0000
 1-4 VDW =      446.3047  1-4 EEL =     6893.2362  RESTRAINT  =        0.0000


   NSTEP       ENERGY          RMS            GMAX         NAME    NUMBER
    200      -8.3078E+04     5.7877E-01     4.4337E+01     CD2       627

 BOND    =     6085.7480  ANGLE   =      317.9675  DIHED      =     1610.7135
 VDWAALS =    13750.7995  EEL     =  -112181.4824  HBOND      =        0.0000
 1-4 VDW =      446.0165  1-4 EEL =     6892.7231  RESTRAINT  =        0.0000


   NSTEP       ENERGY          RMS            GMAX         NAME    NUMBER
    205      -8.3145E+04     5.6918E-01     4.2717E+01     CD2       627

 BOND    =     6111.1674  ANGLE   =      321.5161  DIHED      =     1608.5582
 VDWAALS =    13792.4134  EEL     =  -112307.3382  HBOND      =        0.0000
 1-4 VDW =      442.1670  1-4 EEL =     6886.6332  RESTRAINT  =        0.0000


   NSTEP       ENERGY          RMS            GMAX         NAME    NUMBER
    210      -8.3198E+04     9.0872E-01     8.8548E+01     OD1      1678

 BOND    =     6116.7371  ANGLE   =      325.0625  DIHED      =     1607.3168
 VDWAALS =    13874.3932  EEL     =  -112437.5668  HBOND      =        0.0000
 1-4 VDW =      436.7400  1-4 EEL =     6878.8693  RESTRAINT  =        0.0000


   NSTEP       ENERGY          RMS            GMAX         NAME    NUMBER
    215      -8.3268E+04     5.8833E-01     3.7802E+01     OD1      1678

 BOND    =     6150.8005  ANGLE   =      354.9748  DIHED      =     1608.9311
 VDWAALS =    13968.4826  EEL     =  -112648.7655  HBOND      =        0.0000
 1-4 VDW =      431.0452  1-4 EEL =     6866.9067  RESTRAINT  =        0.0000


   NSTEP       ENERGY          RMS            GMAX         NAME    NUMBER
    220      -8.3307E+04     6.6225E-01     3.8217E+01     OD2      1679

 BOND    =     6148.3110  ANGLE   =      366.2961  DIHED      =     1610.2934
 VDWAALS =    14008.5930  EEL     =  -112732.0592  HBOND      =        0.0000
 1-4 VDW =      431.8405  1-4 EEL =     6859.6354  RESTRAINT  =        0.0000


   NSTEP       ENERGY          RMS            GMAX         NAME    NUMBER
    225      -8.3359E+04     6.0310E-01     4.3704E+01     OD1      1678

 BOND    =     6162.6442  ANGLE   =      359.5251  DIHED      =     1611.7646
 VDWAALS =    14053.9970  EEL     =  -112831.6976  HBOND      =        0.0000
 1-4 VDW =      432.5333  1-4 EEL =     6852.1388  RESTRAINT  =        0.0000


   NSTEP       ENERGY          RMS            GMAX         NAME    NUMBER
    230      -8.3361E+04     5.2775E-01     3.9627E+01     OD1      1678

 BOND    =     6162.6950  ANGLE   =      359.4945  DIHED      =     1611.7078
 VDWAALS =    14053.5473  EEL     =  -112833.2133  HBOND      =        0.0000
 1-4 VDW =      432.5327  1-4 EEL =     6852.1753  RESTRAINT  =        0.0000


   NSTEP       ENERGY          RMS            GMAX         NAME    NUMBER
    235      -8.3390E+04     5.8306E-01     2.9778E+01     CG       1699

 BOND    =     6160.1681  ANGLE   =      361.6905  DIHED      =     1609.3815
 VDWAALS =    14044.2629  EEL     =  -112853.2204  HBOND      =        0.0000
 1-4 VDW =      432.0417  1-4 EEL =     6855.8720  RESTRAINT  =        0.0000


   NSTEP       ENERGY          RMS            GMAX         NAME    NUMBER
    240      -8.3415E+04     5.7175E-01     2.6368E+01     CD2       627

 BOND    =     6159.8321  ANGLE   =      352.8900  DIHED      =     1607.0837
 VDWAALS =    14039.1801  EEL     =  -112868.0752  HBOND      =        0.0000
 1-4 VDW =      432.4345  1-4 EEL =     6861.5050  RESTRAINT  =        0.0000


   NSTEP       ENERGY          RMS            GMAX         NAME    NUMBER
    245      -8.3447E+04     4.9007E-01     3.7467E+01     OD2      1941

 BOND    =     6156.6164  ANGLE   =      341.1837  DIHED      =     1603.4912
 VDWAALS =    14036.1201  EEL     =  -112889.6088  HBOND      =        0.0000
 1-4 VDW =      435.1816  1-4 EEL =     6869.6687  RESTRAINT  =        0.0000


   NSTEP       ENERGY          RMS            GMAX         NAME    NUMBER
    250      -8.3463E+04     4.5845E-01     2.5068E+01     CB       1674

 BOND    =     6154.8766  ANGLE   =      341.2680  DIHED      =     1600.9435
 VDWAALS =    14030.7047  EEL     =  -112902.4843  HBOND      =        0.0000
 1-4 VDW =      437.5068  1-4 EEL =     6874.3168  RESTRAINT  =        0.0000


   NSTEP       ENERGY          RMS            GMAX         NAME    NUMBER
    255      -8.3465E+04     3.5416E-01     1.8705E+01     CB       1674

 BOND    =     6155.6507  ANGLE   =      340.7820  DIHED      =     1600.8698
 VDWAALS =    14030.7566  EEL     =  -112904.5122  HBOND      =        0.0000
 1-4 VDW =      437.4958  1-4 EEL =     6874.2975  RESTRAINT  =        0.0000


   NSTEP       ENERGY          RMS            GMAX         NAME    NUMBER
    260      -8.3475E+04     3.1110E-01     2.2805E+01     CG       1939

 BOND    =     6157.0681  ANGLE   =      334.9523  DIHED      =     1600.1830
 VDWAALS =    14032.9451  EEL     =  -112910.8524  HBOND      =        0.0000
 1-4 VDW =      436.6259  1-4 EEL =     6874.2246  RESTRAINT  =        0.0000


   NSTEP       ENERGY          RMS            GMAX         NAME    NUMBER
    265      -8.3488E+04     3.3152E-01     1.8625E+01     O       11971

 BOND    =     6162.9586  ANGLE   =      337.0131  DIHED      =     1600.0212
 VDWAALS =    14038.5524  EEL     =  -112936.8790  HBOND      =        0.0000
 1-4 VDW =      436.0396  1-4 EEL =     6874.0751  RESTRAINT  =        0.0000


   NSTEP       ENERGY          RMS            GMAX         NAME    NUMBER
    270      -8.3507E+04     4.4794E-01     2.2609E+01     OD2      1679

 BOND    =     6161.3921  ANGLE   =      338.1789  DIHED      =     1599.7445
 VDWAALS =    14054.5763  EEL     =  -112970.5030  HBOND      =        0.0000
 1-4 VDW =      435.6771  1-4 EEL =     6874.4145  RESTRAINT  =        0.0000


   NSTEP       ENERGY          RMS            GMAX         NAME    NUMBER
    275      -8.3531E+04     4.5689E-01     2.7102E+01     OD2      1679

 BOND    =     6172.0106  ANGLE   =      332.2666  DIHED      =     1597.7800
 VDWAALS =    14072.9304  EEL     =  -113019.3271  HBOND      =        0.0000
 1-4 VDW =      436.3027  1-4 EEL =     6877.1450  RESTRAINT  =        0.0000


   NSTEP       ENERGY          RMS            GMAX         NAME    NUMBER
    280      -8.3532E+04     4.0097E-01     2.2515E+01     OD2      1679

 BOND    =     6170.3872  ANGLE   =      332.0891  DIHED      =     1597.7017
 VDWAALS =    14072.7560  EEL     =  -113018.8379  HBOND      =        0.0000
 1-4 VDW =      436.2990  1-4 EEL =     6877.1798  RESTRAINT  =        0.0000


   NSTEP       ENERGY          RMS            GMAX         NAME    NUMBER
    285      -8.3547E+04     4.1255E-01     1.8460E+01     CG       1677

 BOND    =     6166.9403  ANGLE   =      335.4922  DIHED      =     1597.4464
 VDWAALS =    14071.4071  EEL     =  -113032.3280  HBOND      =        0.0000
 1-4 VDW =      436.4378  1-4 EEL =     6877.2961  RESTRAINT  =        0.0000


   NSTEP       ENERGY          RMS            GMAX         NAME    NUMBER
    290      -8.3564E+04     4.3210E-01     2.2344E+01     CG        777

 BOND    =     6164.7941  ANGLE   =      329.3172  DIHED      =     1595.8983
 VDWAALS =    14075.6799  EEL     =  -113046.0445  HBOND      =        0.0000
 1-4 VDW =      437.0994  1-4 EEL =     6878.7930  RESTRAINT  =        0.0000


   NSTEP       ENERGY          RMS            GMAX         NAME    NUMBER
    295      -8.3571E+04     3.4093E-01     1.7445E+01     NE2       625

 BOND    =     6171.1189  ANGLE   =      329.0962  DIHED      =     1595.3241
 VDWAALS =    14076.9947  EEL     =  -113059.8114  HBOND      =        0.0000
 1-4 VDW =      437.1934  1-4 EEL =     6879.1862  RESTRAINT  =        0.0000


   NSTEP       ENERGY          RMS            GMAX         NAME    NUMBER
    300      -8.3587E+04     3.9105E-01     2.1135E+01     O       11971

 BOND    =     6172.6713  ANGLE   =      334.5402  DIHED      =     1595.0371
 VDWAALS =    14084.6076  EEL     =  -113091.0795  HBOND      =        0.0000
 1-4 VDW =      437.5346  1-4 EEL =     6880.1739  RESTRAINT  =        0.0000


   NSTEP       ENERGY          RMS            GMAX         NAME    NUMBER
    305      -8.3588E+04     3.1301E-01     1.7121E+01     O       11971

 BOND    =     6171.4959  ANGLE   =      333.8387  DIHED      =     1595.0059
 VDWAALS =    14084.8640  EEL     =  -113090.8880  HBOND      =        0.0000
 1-4 VDW =      437.5091  1-4 EEL =     6880.1427  RESTRAINT  =        0.0000


   NSTEP       ENERGY          RMS            GMAX         NAME    NUMBER
    310      -8.3596E+04     2.6272E-01     1.5517E+01     CG       1677

 BOND    =     6168.8564  ANGLE   =      328.9057  DIHED      =     1595.1693
 VDWAALS =    14089.8635  EEL     =  -113096.0026  HBOND      =        0.0000
 1-4 VDW =      436.8670  1-4 EEL =     6879.9689  RESTRAINT  =        0.0000


   NSTEP       ENERGY          RMS            GMAX         NAME    NUMBER
    315      -8.3604E+04     2.5153E-01     1.4948E+01     O       11971

 BOND    =     6173.0385  ANGLE   =      330.6955  DIHED      =     1595.1572
 VDWAALS =    14095.8338  EEL     =  -113115.0509  HBOND      =        0.0000
 1-4 VDW =      436.6862  1-4 EEL =     6879.8860  RESTRAINT  =        0.0000


   NSTEP       ENERGY          RMS            GMAX         NAME    NUMBER
    320      -8.3633E+04     7.2890E-01     3.6902E+01     CG        416

 BOND    =     6184.8961  ANGLE   =      345.5057  DIHED      =     1595.4487
 VDWAALS =    14132.9179  EEL     =  -113205.7927  HBOND      =        0.0000
 1-4 VDW =      435.3508  1-4 EEL =     6878.7686  RESTRAINT  =        0.0000


   NSTEP       ENERGY          RMS            GMAX         NAME    NUMBER
    325      -8.3686E+04     7.7547E-01     4.0083E+01     CG        777

 BOND    =     6196.9158  ANGLE   =      344.4048  DIHED      =     1597.2030
 VDWAALS =    14204.4695  EEL     =  -113341.6478  HBOND      =        0.0000
 1-4 VDW =      433.7903  1-4 EEL =     6878.5507  RESTRAINT  =        0.0000


   NSTEP       ENERGY          RMS            GMAX         NAME    NUMBER
    330      -8.3689E+04     6.7547E-01     3.1359E+01     CG        777

 BOND    =     6196.4207  ANGLE   =      344.1350  DIHED      =     1597.1488
 VDWAALS =    14204.0399  EEL     =  -113342.6800  HBOND      =        0.0000
 1-4 VDW =      433.7695  1-4 EEL =     6878.5964  RESTRAINT  =        0.0000


   NSTEP       ENERGY          RMS            GMAX         NAME    NUMBER
    335      -8.3722E+04     7.0140E-01     3.3525E+01     H1      11972

 BOND    =     6188.9367  ANGLE   =      342.2176  DIHED      =     1595.0592
 VDWAALS =    14187.5209  EEL     =  -113350.1451  HBOND      =        0.0000
 1-4 VDW =      434.8624  1-4 EEL =     6879.3082  RESTRAINT  =        0.0000


   NSTEP       ENERGY          RMS            GMAX         NAME    NUMBER
    340      -8.3741E+04     4.9248E-01     3.1337E+01     O       11971

 BOND    =     6193.0712  ANGLE   =      331.8222  DIHED      =     1593.9339
 VDWAALS =    14182.6904  EEL     =  -113357.7522  HBOND      =        0.0000
 1-4 VDW =      435.2763  1-4 EEL =     6879.5333  RESTRAINT  =        0.0000


   NSTEP       ENERGY          RMS            GMAX         NAME    NUMBER
    345      -8.3755E+04     2.7625E-01     1.4598E+01     H2      11973

 BOND    =     6190.7460  ANGLE   =      329.9465  DIHED      =     1593.3633
 VDWAALS =    14186.4907  EEL     =  -113370.4296  HBOND      =        0.0000
 1-4 VDW =      435.3387  1-4 EEL =     6879.3617  RESTRAINT  =        0.0000


   NSTEP       ENERGY          RMS            GMAX         NAME    NUMBER
    350      -8.3762E+04     3.1166E-01     1.3210E+01     O       11971

 BOND    =     6196.1125  ANGLE   =      334.2275  DIHED      =     1593.1919
 VDWAALS =    14192.7590  EEL     =  -113393.9003  HBOND      =        0.0000
 1-4 VDW =      435.8677  1-4 EEL =     6880.1286  RESTRAINT  =        0.0000


   NSTEP       ENERGY          RMS            GMAX         NAME    NUMBER
    355      -8.3763E+04     2.0203E-01     6.7869E+00     OE2       113

 BOND    =     6194.3977  ANGLE   =      333.5653  DIHED      =     1593.1834
 VDWAALS =    14192.9540  EEL     =  -113393.0944  HBOND      =        0.0000
 1-4 VDW =      435.7928  1-4 EEL =     6880.1577  RESTRAINT  =        0.0000


   NSTEP       ENERGY          RMS            GMAX         NAME    NUMBER
    360      -8.3768E+04     2.2346E-01     1.3694E+01     O       11971

 BOND    =     6193.6314  ANGLE   =      328.5557  DIHED      =     1593.1342
 VDWAALS =    14195.0783  EEL     =  -113394.2554  HBOND      =        0.0000
 1-4 VDW =      435.6977  1-4 EEL =     6880.3056  RESTRAINT  =        0.0000


   NSTEP       ENERGY          RMS            GMAX         NAME    NUMBER
    365      -8.3779E+04     3.2112E-01     1.7590E+01     H2      11973

 BOND    =     6197.3745  ANGLE   =      333.4158  DIHED      =     1593.4500
 VDWAALS =    14203.1099  EEL     =  -113422.7253  HBOND      =        0.0000
 1-4 VDW =      435.8173  1-4 EEL =     6880.9585  RESTRAINT  =        0.0000


   NSTEP       ENERGY          RMS            GMAX         NAME    NUMBER
    370      -8.3797E+04     5.9131E-01     3.4709E+01     OD1      1700

 BOND    =     6201.3199  ANGLE   =      333.0476  DIHED      =     1593.6668
 VDWAALS =    14232.2257  EEL     =  -113474.1954  HBOND      =        0.0000
 1-4 VDW =      435.3593  1-4 EEL =     6881.7786  RESTRAINT  =        0.0000


   NSTEP       ENERGY          RMS            GMAX         NAME    NUMBER
    375      -8.3829E+04     4.8647E-01     2.5296E+01     Na+      2163

 BOND    =     6213.3710  ANGLE   =      332.5382  DIHED      =     1594.1032
 VDWAALS =    14279.0451  EEL     =  -113564.6699  HBOND      =        0.0000
 1-4 VDW =      434.9140  1-4 EEL =     6881.6604  RESTRAINT  =        0.0000


   NSTEP       ENERGY          RMS            GMAX         NAME    NUMBER
    380      -8.3831E+04     4.2696E-01     2.4828E+01     Na+      2163

 BOND    =     6212.5545  ANGLE   =      332.3437  DIHED      =     1594.0633
 VDWAALS =    14278.4302  EEL     =  -113564.7341  HBOND      =        0.0000
 1-4 VDW =      434.9699  1-4 EEL =     6881.6948  RESTRAINT  =        0.0000


   NSTEP       ENERGY          RMS            GMAX         NAME    NUMBER
    385      -8.3849E+04     3.8883E-01     2.9891E+01     NE2       625

 BOND    =     6207.7164  ANGLE   =      334.0720  DIHED      =     1593.6318
 VDWAALS =    14265.2545  EEL     =  -113568.5107  HBOND      =        0.0000
 1-4 VDW =      436.2209  1-4 EEL =     6882.5394  RESTRAINT  =        0.0000


   NSTEP       ENERGY          RMS            GMAX         NAME    NUMBER
    390      -8.3860E+04     4.5572E-01     4.9493E+01     CG       1677

 BOND    =     6212.9452  ANGLE   =      328.4072  DIHED      =     1593.4195
 VDWAALS =    14266.9458  EEL     =  -113580.4794  HBOND      =        0.0000
 1-4 VDW =      436.5854  1-4 EEL =     6882.2294  RESTRAINT  =        0.0000


   NSTEP       ENERGY          RMS            GMAX         NAME    NUMBER
    395      -8.3867E+04     2.7341E-01     1.3701E+01     CG       1665

 BOND    =     6208.9401  ANGLE   =      330.7879  DIHED      =     1593.3690
 VDWAALS =    14271.0948  EEL     =  -113590.0313  HBOND      =        0.0000
 1-4 VDW =      437.2593  1-4 EEL =     6882.0529  RESTRAINT  =        0.0000


   NSTEP       ENERGY          RMS            GMAX         NAME    NUMBER
    400      -8.3876E+04     2.7825E-01     1.1201E+01     CB       1662

 BOND    =     6212.3092  ANGLE   =      332.4703  DIHED      =     1593.2274
 VDWAALS =    14276.0393  EEL     =  -113610.4032  HBOND      =        0.0000
 1-4 VDW =      437.7443  1-4 EEL =     6882.9588  RESTRAINT  =        0.0000


   NSTEP       ENERGY          RMS            GMAX         NAME    NUMBER
    405      -8.3877E+04     2.0227E-01     9.0482E+00     Na+      2163

 BOND    =     6211.7427  ANGLE   =      331.8097  DIHED      =     1593.2309
 VDWAALS =    14276.3141  EEL     =  -113610.5494  HBOND      =        0.0000
 1-4 VDW =      437.6894  1-4 EEL =     6882.9219  RESTRAINT  =        0.0000


   NSTEP       ENERGY          RMS            GMAX         NAME    NUMBER
    410      -8.3881E+04     2.3447E-01     1.3588E+01     CG       1665

 BOND    =     6211.7437  ANGLE   =      328.2101  DIHED      =     1593.4628
 VDWAALS =    14279.8441  EEL     =  -113614.1312  HBOND      =        0.0000
 1-4 VDW =      436.9115  1-4 EEL =     6882.5427  RESTRAINT  =        0.0000


   NSTEP       ENERGY          RMS            GMAX         NAME    NUMBER
    415      -8.3892E+04     2.7422E-01     1.6375E+01     O       11971

 BOND    =     6216.8731  ANGLE   =      332.6338  DIHED      =     1593.7562
 VDWAALS =    14286.3108  EEL     =  -113639.3080  HBOND      =        0.0000
 1-4 VDW =      436.0114  1-4 EEL =     6882.0066  RESTRAINT  =        0.0000


   NSTEP       ENERGY          RMS            GMAX         NAME    NUMBER
    420      -8.3902E+04     3.6730E-01     1.9811E+01     H2      11973

 BOND    =     6215.6431  ANGLE   =      335.0098  DIHED      =     1594.1496
 VDWAALS =    14301.5791  EEL     =  -113664.3774  HBOND      =        0.0000
 1-4 VDW =      434.6813  1-4 EEL =     6881.0970  RESTRAINT  =        0.0000


   NSTEP       ENERGY          RMS            GMAX         NAME    NUMBER
    425      -8.3925E+04     4.6248E-01     2.4611E+01     CG       1665

 BOND    =     6231.4558  ANGLE   =      332.5939  DIHED      =     1595.0702
 VDWAALS =    14333.9063  EEL     =  -113731.2060  HBOND      =        0.0000
 1-4 VDW =      433.1085  1-4 EEL =     6879.7923  RESTRAINT  =        0.0000


   NSTEP       ENERGY          RMS            GMAX         NAME    NUMBER
    430      -8.3927E+04     3.8963E-01     1.8590E+01     Na+      2163

 BOND    =     6229.6819  ANGLE   =      332.5059  DIHED      =     1594.9855
 VDWAALS =    14333.5038  EEL     =  -113730.7433  HBOND      =        0.0000
 1-4 VDW =      433.1627  1-4 EEL =     6879.8515  RESTRAINT  =        0.0000


   NSTEP       ENERGY          RMS            GMAX         NAME    NUMBER
    435      -8.3941E+04     3.8567E-01     3.8992E+01     CG       1665

 BOND    =     6221.5956  ANGLE   =      335.6089  DIHED      =     1594.3587
 VDWAALS =    14324.4662  EEL     =  -113733.3181  HBOND      =        0.0000
 1-4 VDW =      434.7581  1-4 EEL =     6881.0971  RESTRAINT  =        0.0000


   NSTEP       ENERGY          RMS            GMAX         NAME    NUMBER
    440      -8.3953E+04     2.9532E-01     1.9187E+01     OD2      1667

 BOND    =     6224.3135  ANGLE   =      330.1374  DIHED      =     1593.9114
 VDWAALS =    14324.7787  EEL     =  -113745.0340  HBOND      =        0.0000
 1-4 VDW =      436.3933  1-4 EEL =     6882.0824  RESTRAINT  =        0.0000


   NSTEP       ENERGY          RMS            GMAX         NAME    NUMBER
    445      -8.3959E+04     2.6598E-01     1.3322E+01     CG        777

 BOND    =     6222.9120  ANGLE   =      329.2162  DIHED      =     1593.9769
 VDWAALS =    14329.8346  EEL     =  -113753.7678  HBOND      =        0.0000
 1-4 VDW =      436.8854  1-4 EEL =     6882.1833  RESTRAINT  =        0.0000


   NSTEP       ENERGY          RMS            GMAX         NAME    NUMBER
    450      -8.3965E+04     2.6834E-01     1.0343E+01     CB       1662

 BOND    =     6225.8554  ANGLE   =      333.2422  DIHED      =     1593.9446
 VDWAALS =    14335.6719  EEL     =  -113774.9497  HBOND      =        0.0000
 1-4 VDW =      437.9804  1-4 EEL =     6882.9467  RESTRAINT  =        0.0000


   NSTEP       ENERGY          RMS            GMAX         NAME    NUMBER
    455      -8.3967E+04     1.8120E-01     7.6650E+00     Na+      2163

 BOND    =     6225.6586  ANGLE   =      332.3873  DIHED      =     1593.9210
 VDWAALS =    14335.8914  EEL     =  -113775.2907  HBOND      =        0.0000
 1-4 VDW =      437.9115  1-4 EEL =     6882.9251  RESTRAINT  =        0.0000


   NSTEP       ENERGY          RMS            GMAX         NAME    NUMBER
    460      -8.3971E+04     2.6718E-01     1.4063E+01     CG       1677

 BOND    =     6225.1373  ANGLE   =      328.5634  DIHED      =     1594.0171
 VDWAALS =    14337.7355  EEL     =  -113776.5023  HBOND      =        0.0000
 1-4 VDW =      437.0968  1-4 EEL =     6882.6254  RESTRAINT  =        0.0000


   NSTEP       ENERGY          RMS            GMAX         NAME    NUMBER
    465      -8.3981E+04     3.0399E-01     1.4532E+01     CG       1665

 BOND    =     6230.7207  ANGLE   =      333.2732  DIHED      =     1594.3285
 VDWAALS =    14341.4962  EEL     =  -113798.8191  HBOND      =        0.0000
 1-4 VDW =      435.9393  1-4 EEL =     6882.3263  RESTRAINT  =        0.0000


   NSTEP       ENERGY          RMS            GMAX         NAME    NUMBER
    470      -8.3988E+04     3.3444E-01     1.9842E+01     CG       1665

 BOND    =     6227.3659  ANGLE   =      334.2612  DIHED      =     1594.5367
 VDWAALS =    14350.9435  EEL     =  -113811.3366  HBOND      =        0.0000
 1-4 VDW =      434.6142  1-4 EEL =     6881.3871  RESTRAINT  =        0.0000


   NSTEP       ENERGY          RMS            GMAX         NAME    NUMBER
    475      -8.4002E+04     4.1022E-01     1.9847E+01     CB       1662

 BOND    =     6240.3400  ANGLE   =      332.1615  DIHED      =     1595.1764
 VDWAALS =    14371.1773  EEL     =  -113854.4817  HBOND      =        0.0000
 1-4 VDW =      433.3583  1-4 EEL =     6879.8474  RESTRAINT  =        0.0000


   NSTEP       ENERGY          RMS            GMAX         NAME    NUMBER
    480      -8.4004E+04     3.3870E-01     1.6290E+01     CB       1662

 BOND    =     6238.9099  ANGLE   =      332.0260  DIHED      =     1595.0920
 VDWAALS =    14370.8377  EEL     =  -113854.1422  HBOND      =        0.0000
 1-4 VDW =      433.4166  1-4 EEL =     6879.9139  RESTRAINT  =        0.0000


   NSTEP       ENERGY          RMS            GMAX         NAME    NUMBER
    485      -8.4014E+04     3.1927E-01     2.7135E+01     CG       1665

 BOND    =     6231.9175  ANGLE   =      334.2423  DIHED      =     1594.6478
 VDWAALS =    14364.8548  EEL     =  -113855.5249  HBOND      =        0.0000
 1-4 VDW =      434.6911  1-4 EEL =     6881.1704  RESTRAINT  =        0.0000


   NSTEP       ENERGY          RMS            GMAX         NAME    NUMBER
    490      -8.4023E+04     2.8637E-01     1.7714E+01     OD2      1667

 BOND    =     6236.1952  ANGLE   =      329.0716  DIHED      =     1594.3194
 VDWAALS =    14365.7999  EEL     =  -113866.1642  HBOND      =        0.0000
 1-4 VDW =      436.0565  1-4 EEL =     6882.0781  RESTRAINT  =        0.0000


   NSTEP       ENERGY          RMS            GMAX         NAME    NUMBER
    495      -8.4028E+04     2.5683E-01     1.4827E+01     NE2       625

 BOND    =     6234.3371  ANGLE   =      328.3964  DIHED      =     1594.2986
 VDWAALS =    14371.0221  EEL     =  -113874.4398  HBOND      =        0.0000
 1-4 VDW =      436.6347  1-4 EEL =     6882.1703  RESTRAINT  =        0.0000


   NSTEP       ENERGY          RMS            GMAX         NAME    NUMBER
    500      -8.4034E+04     3.2512E-01     1.5234E+01     NE2       625

 BOND    =     6237.5725  ANGLE   =      333.0392  DIHED      =     1594.2838
 VDWAALS =    14377.2545  EEL     =  -113896.7394  HBOND      =        0.0000
 1-4 VDW =      437.5984  1-4 EEL =     6882.7472  RESTRAINT  =        0.0000


   NSTEP       ENERGY          RMS            GMAX         NAME    NUMBER
    505      -8.4036E+04     2.0556E-01     8.2022E+00     Na+      2163

 BOND    =     6236.6544  ANGLE   =      332.3181  DIHED      =     1594.2519
 VDWAALS =    14377.4189  EEL     =  -113896.5819  HBOND      =        0.0000
 1-4 VDW =      437.5681  1-4 EEL =     6882.7547  RESTRAINT  =        0.0000


   NSTEP       ENERGY          RMS            GMAX         NAME    NUMBER
    510      -8.4040E+04     2.2206E-01     1.6327E+01     CG       1677

 BOND    =     6235.0397  ANGLE   =      328.5469  DIHED      =     1594.2604
 VDWAALS =    14378.5449  EEL     =  -113895.8104  HBOND      =        0.0000
 1-4 VDW =      437.1062  1-4 EEL =     6882.5992  RESTRAINT  =        0.0000


   NSTEP       ENERGY          RMS            GMAX         NAME    NUMBER
    515      -8.4047E+04     2.5291E-01     1.1689E+01     O       11971

 BOND    =     6239.8830  ANGLE   =      331.4033  DIHED      =     1594.4813
 VDWAALS =    14380.3462  EEL     =  -113911.6945  HBOND      =        0.0000
 1-4 VDW =      436.3536  1-4 EEL =     6882.6010  RESTRAINT  =        0.0000


   NSTEP       ENERGY          RMS            GMAX         NAME    NUMBER
    520      -8.4056E+04     3.5479E-01     1.7493E+01     NZ       1730

 BOND    =     6239.3363  ANGLE   =      335.1188  DIHED      =     1594.9868
 VDWAALS =    14391.6219  EEL     =  -113932.6815  HBOND      =        0.0000
 1-4 VDW =      434.5319  1-4 EEL =     6881.4633  RESTRAINT  =        0.0000


   NSTEP       ENERGY          RMS            GMAX         NAME    NUMBER
    525      -8.4070E+04     5.3967E-01     3.3573E+01     CG        777

 BOND    =     6253.3335  ANGLE   =      332.3237  DIHED      =     1595.8577
 VDWAALS =    14417.7726  EEL     =  -113981.5460  HBOND      =        0.0000
 1-4 VDW =      432.7068  1-4 EEL =     6879.2961  RESTRAINT  =        0.0000


   NSTEP       ENERGY          RMS            GMAX         NAME    NUMBER
    530      -8.4072E+04     4.2244E-01     2.2531E+01     CB       1662

 BOND    =     6251.5497  ANGLE   =      332.1759  DIHED      =     1595.7807
 VDWAALS =    14417.3507  EEL     =  -113981.0499  HBOND      =        0.0000
 1-4 VDW =      432.7200  1-4 EEL =     6879.3377  RESTRAINT  =        0.0000


   NSTEP       ENERGY          RMS            GMAX         NAME    NUMBER
    535      -8.4085E+04     3.6179E-01     1.8717E+01     NZ       1730

 BOND    =     6245.5952  ANGLE   =      335.6604  DIHED      =     1595.2658
 VDWAALS =    14410.2638  EEL     =  -113986.9447  HBOND      =        0.0000
 1-4 VDW =      434.1829  1-4 EEL =     6880.9237  RESTRAINT  =        0.0000


   NSTEP       ENERGY          RMS            GMAX         NAME    NUMBER
    540      -8.4096E+04     3.3072E-01     2.0315E+01     CG       1665

 BOND    =     6248.4464  ANGLE   =      328.5670  DIHED      =     1594.7019
 VDWAALS =    14412.8910  EEL     =  -113998.7088  HBOND      =        0.0000
 1-4 VDW =      436.0583  1-4 EEL =     6882.1808  RESTRAINT  =        0.0000


   NSTEP       ENERGY          RMS            GMAX         NAME    NUMBER
    545      -8.4100E+04     2.1450E-01     1.1162E+01     H2      11973

 BOND    =     6246.7653  ANGLE   =      328.2119  DIHED      =     1594.6399
 VDWAALS =    14416.7086  EEL     =  -114004.4401  HBOND      =        0.0000
 1-4 VDW =      436.2186  1-4 EEL =     6882.0292  RESTRAINT  =        0.0000


   NSTEP       ENERGY          RMS            GMAX         NAME    NUMBER
    550      -8.4105E+04     2.4134E-01     1.0677E+01     O       11971

 BOND    =     6248.9389  ANGLE   =      331.9213  DIHED      =     1594.6623
 VDWAALS =    14422.5979  EEL     =  -114022.1013  HBOND      =        0.0000
 1-4 VDW =      436.8322  1-4 EEL =     6882.3049  RESTRAINT  =        0.0000


   NSTEP       ENERGY          RMS            GMAX         NAME    NUMBER
    555      -8.4106E+04     1.4933E-01     7.1207E+00     Na+      2163

 BOND    =     6247.6025  ANGLE   =      331.0461  DIHED      =     1594.6165
 VDWAALS =    14422.8051  EEL     =  -114021.2563  HBOND      =        0.0000
 1-4 VDW =      436.8192  1-4 EEL =     6882.3184  RESTRAINT  =        0.0000


   NSTEP       ENERGY          RMS            GMAX         NAME    NUMBER
    560      -8.4109E+04     1.9621E-01     1.2222E+01     CD        111

 BOND    =     6246.7131  ANGLE   =      328.3692  DIHED      =     1594.6210
 VDWAALS =    14423.8677  EEL     =  -114021.4177  HBOND      =        0.0000
 1-4 VDW =      436.5360  1-4 EEL =     6882.2705  RESTRAINT  =        0.0000


   NSTEP       ENERGY          RMS            GMAX         NAME    NUMBER
    565      -8.4115E+04     2.0893E-01     9.4680E+00     O       11971

 BOND    =     6250.2704  ANGLE   =      330.9790  DIHED      =     1594.8062
 VDWAALS =    14426.7259  EEL     =  -114036.5896  HBOND      =        0.0000
 1-4 VDW =      436.0743  1-4 EEL =     6882.3449  RESTRAINT  =        0.0000


   NSTEP       ENERGY          RMS            GMAX         NAME    NUMBER
    570      -8.4128E+04     4.2579E-01     2.0629E+01     CG       1939

 BOND    =     6253.4112  ANGLE   =      336.0085  DIHED      =     1595.5475
 VDWAALS =    14445.5944  EEL     =  -114073.6158  HBOND      =        0.0000
 1-4 VDW =      433.9212  1-4 EEL =     6880.9161  RESTRAINT  =        0.0000


   NSTEP       ENERGY          RMS            GMAX         NAME    NUMBER
    575      -8.4147E+04     4.8678E-01     2.6608E+01     CB       1662

 BOND    =     6265.2301  ANGLE   =      333.5360  DIHED      =     1596.5132
 VDWAALS =    14478.4263  EEL     =  -114131.5148  HBOND      =        0.0000
 1-4 VDW =      431.9819  1-4 EEL =     6878.7206  RESTRAINT  =        0.0000


   NSTEP       ENERGY          RMS            GMAX         NAME    NUMBER
    580      -8.4149E+04     3.9962E-01     2.2257E+01     CB       1662

 BOND    =     6264.5877  ANGLE   =      333.3470  DIHED      =     1596.4329
 VDWAALS =    14478.1140  EEL     =  -114132.0947  HBOND      =        0.0000
 1-4 VDW =      432.0248  1-4 EEL =     6878.7811  RESTRAINT  =        0.0000


   NSTEP       ENERGY          RMS            GMAX         NAME    NUMBER
    585      -8.4165E+04     4.3277E-01     2.8764E+01     NZ       1370

 BOND    =     6259.1201  ANGLE   =      336.6711  DIHED      =     1595.8570
 VDWAALS =    14470.5407  EEL     =  -114141.0843  HBOND      =        0.0000
 1-4 VDW =      433.7518  1-4 EEL =     6880.5531  RESTRAINT  =        0.0000


   NSTEP       ENERGY          RMS            GMAX         NAME    NUMBER
    590      -8.4177E+04     3.1056E-01     1.6421E+01     NZ       1370

 BOND    =     6264.1268  ANGLE   =      327.7148  DIHED      =     1595.2104
 VDWAALS =    14473.2466  EEL     =  -114154.3263  HBOND      =        0.0000
 1-4 VDW =      435.2757  1-4 EEL =     6881.4820  RESTRAINT  =        0.0000


   NSTEP       ENERGY          RMS            GMAX         NAME    NUMBER
    595      -8.4181E+04     1.9855E-01     9.0621E+00     CG       1939

 BOND    =     6259.1956  ANGLE   =      328.4852  DIHED      =     1595.0885
 VDWAALS =    14476.5630  EEL     =  -114156.5651  HBOND      =        0.0000
 1-4 VDW =      435.1954  1-4 EEL =     6881.3567  RESTRAINT  =        0.0000


   NSTEP       ENERGY          RMS            GMAX         NAME    NUMBER
    600      -8.4184E+04     2.0436E-01     1.1183E+01     O       11971

 BOND    =     6262.4930  ANGLE   =      331.0205  DIHED      =     1595.1446
 VDWAALS =    14481.4037  EEL     =  -114170.9479  HBOND      =        0.0000
 1-4 VDW =      435.3587  1-4 EEL =     6881.4229  RESTRAINT  =        0.0000


   NSTEP       ENERGY          RMS            GMAX         NAME    NUMBER
    605      -8.4185E+04     1.2268E-01     4.9512E+00     Na+      2163

 BOND    =     6262.4068  ANGLE   =      330.2741  DIHED      =     1595.1016
 VDWAALS =    14481.5748  EEL     =  -114171.3809  HBOND      =        0.0000
 1-4 VDW =      435.3954  1-4 EEL =     6881.4732  RESTRAINT  =        0.0000


   NSTEP       ENERGY          RMS            GMAX         NAME    NUMBER
    610      -8.4187E+04     1.7515E-01     1.1850E+01     CD        111

 BOND    =     6261.4532  ANGLE   =      328.7909  DIHED      =     1595.0754
 VDWAALS =    14482.3126  EEL     =  -114172.0613  HBOND      =        0.0000
 1-4 VDW =      435.5481  1-4 EEL =     6881.6194  RESTRAINT  =        0.0000


   NSTEP       ENERGY          RMS            GMAX         NAME    NUMBER
    615      -8.4192E+04     2.1791E-01     9.2328E+00     O       11971

 BOND    =     6264.6437  ANGLE   =      330.2292  DIHED      =     1595.1491
 VDWAALS =    14484.9743  EEL     =  -114185.4735  HBOND      =        0.0000
 1-4 VDW =      436.0385  1-4 EEL =     6882.1367  RESTRAINT  =        0.0000


   NSTEP       ENERGY          RMS            GMAX         NAME    NUMBER
    620      -8.4244E+04     8.1169E-01     3.9726E+01     H2       2193

 BOND    =     6290.5660  ANGLE   =      347.6970  DIHED      =     1597.6423
 VDWAALS =    14560.3134  EEL     =  -114360.7336  HBOND      =        0.0000
 1-4 VDW =      437.4039  1-4 EEL =     6883.5752  RESTRAINT  =        0.0000


   NSTEP       ENERGY          RMS            GMAX         NAME    NUMBER
    625      -8.4282E+04     4.5360E-01     2.3063E+01     NZ       1370

 BOND    =     6288.9588  ANGLE   =      327.4063  DIHED      =     1595.7330
 VDWAALS =    14597.6023  EEL     =  -114408.5984  HBOND      =        0.0000
 1-4 VDW =      435.3833  1-4 EEL =     6881.3729  RESTRAINT  =        0.0000


   NSTEP       ENERGY          RMS            GMAX         NAME    NUMBER
    630      -8.4284E+04     3.8270E-01     2.0627E+01     OD2      1701

 BOND    =     6289.0673  ANGLE   =      327.3936  DIHED      =     1595.6773
 VDWAALS =    14597.4146  EEL     =  -114410.0150  HBOND      =        0.0000
 1-4 VDW =      435.3886  1-4 EEL =     6881.4025  RESTRAINT  =        0.0000


   NSTEP       ENERGY          RMS            GMAX         NAME    NUMBER
    635      -8.4299E+04     3.7682E-01     2.8979E+01     NZ       1370

 BOND    =     6285.9036  ANGLE   =      334.1354  DIHED      =     1595.7826
 VDWAALS =    14593.3104  EEL     =  -114425.3051  HBOND      =        0.0000
 1-4 VDW =      435.2067  1-4 EEL =     6881.6084  RESTRAINT  =        0.0000


   NSTEP       ENERGY          RMS            GMAX         NAME    NUMBER
    640      -8.4311E+04     1.9010E-01     9.7961E+00     O        4228

 BOND    =     6288.1360  ANGLE   =      329.3146  DIHED      =     1595.6440
 VDWAALS =    14598.6494  EEL     =  -114438.2157  HBOND      =        0.0000
 1-4 VDW =      434.6184  1-4 EEL =     6881.0857  RESTRAINT  =        0.0000


   NSTEP       ENERGY          RMS            GMAX         NAME    NUMBER
    645      -8.4315E+04     3.0143E-01     1.6868E+01     CD        792

 BOND    =     6287.1249  ANGLE   =      327.1733  DIHED      =     1595.7983
 VDWAALS =    14599.0831  EEL     =  -114440.6900  HBOND      =        0.0000
 1-4 VDW =      434.5555  1-4 EEL =     6881.5366  RESTRAINT  =        0.0000


   NSTEP       ENERGY          RMS            GMAX         NAME    NUMBER
    650      -8.4321E+04     1.8303E-01     8.2180E+00     CB       1662

 BOND    =     6287.8002  ANGLE   =      329.6487  DIHED      =     1595.8174
 VDWAALS =    14598.2474  EEL     =  -114449.5144  HBOND      =        0.0000
 1-4 VDW =      435.0744  1-4 EEL =     6881.9621  RESTRAINT  =        0.0000


   NSTEP       ENERGY          RMS            GMAX         NAME    NUMBER
    655      -8.4322E+04     1.2899E-01     4.3512E+00     OD2      1701

 BOND    =     6289.1633  ANGLE   =      329.2038  DIHED      =     1595.7788
 VDWAALS =    14598.6197  EEL     =  -114451.5543  HBOND      =        0.0000
 1-4 VDW =      435.0482  1-4 EEL =     6881.8357  RESTRAINT  =        0.0000


   NSTEP       ENERGY          RMS            GMAX         NAME    NUMBER
    660      -8.4325E+04     1.8068E-01     8.8747E+00     CD        792

 BOND    =     6288.9218  ANGLE   =      328.4131  DIHED      =     1595.6846
 VDWAALS =    14601.7188  EEL     =  -114455.0946  HBOND      =        0.0000
 1-4 VDW =      434.6953  1-4 EEL =     6880.8530  RESTRAINT  =        0.0000


   NSTEP       ENERGY          RMS            GMAX         NAME    NUMBER
    665      -8.4329E+04     1.8601E-01     7.7645E+00     CB       1662

 BOND    =     6289.9721  ANGLE   =      331.2394  DIHED      =     1595.7553
 VDWAALS =    14602.6097  EEL     =  -114464.4045  HBOND      =        0.0000
 1-4 VDW =      434.7240  1-4 EEL =     6880.8329  RESTRAINT  =        0.0000


   NSTEP       ENERGY          RMS            GMAX         NAME    NUMBER
    670      -8.4340E+04     4.2933E-01     1.6787E+01     NZ       1370

 BOND    =     6292.5000  ANGLE   =      334.2925  DIHED      =     1595.6271
 VDWAALS =    14606.8091  EEL     =  -114485.8023  HBOND      =        0.0000
 1-4 VDW =      434.6159  1-4 EEL =     6881.4879  RESTRAINT  =        0.0000


   NSTEP       ENERGY          RMS            GMAX         NAME    NUMBER
    675      -8.4362E+04     4.8525E-01     3.0297E+01     CG       1939

 BOND    =     6301.4655  ANGLE   =      331.0515  DIHED      =     1595.1908
 VDWAALS =    14626.0507  EEL     =  -114530.8144  HBOND      =        0.0000
 1-4 VDW =      434.2901  1-4 EEL =     6881.2071  RESTRAINT  =        0.0000


   NSTEP       ENERGY          RMS            GMAX         NAME    NUMBER
    680      -8.4363E+04     3.8445E-01     1.7429E+01     CG       1939

 BOND    =     6300.4018  ANGLE   =      330.8931  DIHED      =     1595.1490
 VDWAALS =    14625.9687  EEL     =  -114531.2176  HBOND      =        0.0000
 1-4 VDW =      434.3072  1-4 EEL =     6881.2742  RESTRAINT  =        0.0000


   NSTEP       ENERGY          RMS            GMAX         NAME    NUMBER
    685      -8.4376E+04     3.7014E-01     2.1247E+01     NZ       1370

 BOND    =     6297.7925  ANGLE   =      335.3510  DIHED      =     1595.4600
 VDWAALS =    14624.2613  EEL     =  -114544.6060  HBOND      =        0.0000
 1-4 VDW =      434.4065  1-4 EEL =     6881.5384  RESTRAINT  =        0.0000


   NSTEP       ENERGY          RMS            GMAX         NAME    NUMBER
    690      -8.4388E+04     3.5067E-01     2.3009E+01     NZ       1370

 BOND    =     6300.7102  ANGLE   =      327.8069  DIHED      =     1595.2934
 VDWAALS =    14628.8329  EEL     =  -114555.2358  HBOND      =        0.0000
 1-4 VDW =      434.0974  1-4 EEL =     6880.6635  RESTRAINT  =        0.0000


   NSTEP       ENERGY          RMS            GMAX         NAME    NUMBER
    695      -8.4393E+04     2.6467E-01     1.2930E+01     CA        633

 BOND    =     6298.3647  ANGLE   =      328.5582  DIHED      =     1595.3484
 VDWAALS =    14632.1404  EEL     =  -114562.2935  HBOND      =        0.0000
 1-4 VDW =      433.8659  1-4 EEL =     6881.1800  RESTRAINT  =        0.0000


   NSTEP       ENERGY          RMS            GMAX         NAME    NUMBER
    700      -8.4398E+04     1.8873E-01     9.5954E+00     O       11971

 BOND    =     6300.9609  ANGLE   =      330.3197  DIHED      =     1595.6661
 VDWAALS =    14634.8753  EEL     =  -114575.2100  HBOND      =        0.0000
 1-4 VDW =      434.1144  1-4 EEL =     6881.6301  RESTRAINT  =        0.0000


   NSTEP       ENERGY          RMS            GMAX         NAME    NUMBER
    705      -8.4399E+04     1.1251E-01     6.8343E+00     OD2      1701

 BOND    =     6299.6400  ANGLE   =      329.8890  DIHED      =     1595.6013
 VDWAALS =    14634.7515  EEL     =  -114574.1520  HBOND      =        0.0000
 1-4 VDW =      434.0964  1-4 EEL =     6881.5524  RESTRAINT  =        0.0000


   NSTEP       ENERGY          RMS            GMAX         NAME    NUMBER
    710      -8.4401E+04     2.0150E-01     1.6476E+01     NZ       1370

 BOND    =     6299.0219  ANGLE   =      328.5153  DIHED      =     1595.3575
 VDWAALS =    14634.6908  EEL     =  -114573.3035  HBOND      =        0.0000
 1-4 VDW =      434.0967  1-4 EEL =     6881.1041  RESTRAINT  =        0.0000


   NSTEP       ENERGY          RMS            GMAX         NAME    NUMBER
    715      -8.4407E+04     2.8058E-01     1.4931E+01     CB       1662

 BOND    =     6303.6927  ANGLE   =      331.9189  DIHED      =     1595.1314
 VDWAALS =    14637.7690  EEL     =  -114590.4821  HBOND      =        0.0000
 1-4 VDW =      434.4717  1-4 EEL =     6880.6043  RESTRAINT  =        0.0000


   NSTEP       ENERGY          RMS            GMAX         NAME    NUMBER
    720      -8.4416E+04     4.2062E-01     2.0482E+01     NE2       625

 BOND    =     6302.7298  ANGLE   =      335.5031  DIHED      =     1595.3925
 VDWAALS =    14646.2097  EEL     =  -114611.7318  HBOND      =        0.0000
 1-4 VDW =      434.9918  1-4 EEL =     6880.6723  RESTRAINT  =        0.0000


   NSTEP       ENERGY          RMS            GMAX         NAME    NUMBER
    725      -8.4435E+04     3.2885E-01     1.3462E+01     HA       1695

 BOND    =     6309.6578  ANGLE   =      332.8076  DIHED      =     1595.4355
 VDWAALS =    14667.0290  EEL     =  -114655.5576  HBOND      =        0.0000
 1-4 VDW =      435.1052  1-4 EEL =     6880.4908  RESTRAINT  =        0.0000


   NSTEP       ENERGY          RMS            GMAX         NAME    NUMBER
    730      -8.4436E+04     2.7424E-01     1.3034E+01     HA       1695

 BOND    =     6309.5146  ANGLE   =      332.6883  DIHED      =     1595.4033
 VDWAALS =    14666.9810  EEL     =  -114656.5306  HBOND      =        0.0000
 1-4 VDW =      435.0489  1-4 EEL =     6880.5215  RESTRAINT  =        0.0000


   NSTEP       ENERGY          RMS            GMAX         NAME    NUMBER
    735      -8.4449E+04     3.0211E-01     1.6526E+01     OD1      1700

 BOND    =     6309.7891  ANGLE   =      335.6993  DIHED      =     1595.4546
 VDWAALS =    14668.1717  EEL     =  -114673.1051  HBOND      =        0.0000
 1-4 VDW =      434.2756  1-4 EEL =     6880.7756  RESTRAINT  =        0.0000


   NSTEP       ENERGY          RMS            GMAX         NAME    NUMBER
    740      -8.4456E+04     1.5900E-01     5.7660E+00     OD1      1666

 BOND    =     6310.4614  ANGLE   =      329.4244  DIHED      =     1595.2885
 VDWAALS =    14672.7289  EEL     =  -114678.5813  HBOND      =        0.0000
 1-4 VDW =      433.6938  1-4 EEL =     6880.5153  RESTRAINT  =        0.0000


   NSTEP       ENERGY          RMS            GMAX         NAME    NUMBER
    745      -8.4460E+04     1.8130E-01     1.2322E+01     Na+      2163

 BOND    =     6310.2732  ANGLE   =      329.4118  DIHED      =     1595.4146
 VDWAALS =    14675.9449  EEL     =  -114685.5426  HBOND      =        0.0000
 1-4 VDW =      433.6079  1-4 EEL =     6881.2361  RESTRAINT  =        0.0000


   NSTEP       ENERGY          RMS            GMAX         NAME    NUMBER
    750      -8.4466E+04     2.3388E-01     1.2213E+01     O       11971

 BOND    =     6313.3854  ANGLE   =      330.6906  DIHED      =     1595.4394
 VDWAALS =    14675.1788  EEL     =  -114695.6416  HBOND      =        0.0000
 1-4 VDW =      433.7276  1-4 EEL =     6881.6178  RESTRAINT  =        0.0000


   NSTEP       ENERGY          RMS            GMAX         NAME    NUMBER
    755      -8.4467E+04     1.3880E-01     5.7841E+00     O       11971

 BOND    =     6310.5361  ANGLE   =      330.4284  DIHED      =     1595.3850
 VDWAALS =    14675.2932  EEL     =  -114693.5636  HBOND      =        0.0000
 1-4 VDW =      433.6924  1-4 EEL =     6881.5198  RESTRAINT  =        0.0000


   NSTEP       ENERGY          RMS            GMAX         NAME    NUMBER
    760      -8.4469E+04     2.0048E-01     1.4437E+01     NZ       1370

 BOND    =     6311.0183  ANGLE   =      329.3545  DIHED      =     1595.1870
 VDWAALS =    14676.8145  EEL     =  -114695.7745  HBOND      =        0.0000
 1-4 VDW =      433.5439  1-4 EEL =     6880.9257  RESTRAINT  =        0.0000


   NSTEP       ENERGY          RMS            GMAX         NAME    NUMBER
    765      -8.4473E+04     1.7281E-01     1.1893E+01     CB       1662

 BOND    =     6311.8954  ANGLE   =      331.3876  DIHED      =     1594.8892
 VDWAALS =    14677.2922  EEL     =  -114702.2899  HBOND      =        0.0000
 1-4 VDW =      433.7112  1-4 EEL =     6880.4555  RESTRAINT  =        0.0000


   NSTEP       ENERGY          RMS            GMAX         NAME    NUMBER
    770      -8.4481E+04     3.6420E-01     1.8057E+01     CG        416

 BOND    =     6315.1825  ANGLE   =      334.9138  DIHED      =     1594.9407
 VDWAALS =    14678.0205  EEL     =  -114718.8718  HBOND      =        0.0000
 1-4 VDW =      434.4686  1-4 EEL =     6880.2854  RESTRAINT  =        0.0000


   NSTEP       ENERGY          RMS            GMAX         NAME    NUMBER
    775      -8.4496E+04     3.4109E-01     1.5608E+01     CB       1662

 BOND    =     6319.6931  ANGLE   =      334.1761  DIHED      =     1595.0636
 VDWAALS =    14683.7325  EEL     =  -114744.3812  HBOND      =        0.0000
 1-4 VDW =      435.0351  1-4 EEL =     6880.1882  RESTRAINT  =        0.0000


   NSTEP       ENERGY          RMS            GMAX         NAME    NUMBER
    780      -8.4498E+04     2.7881E-01     1.1084E+01     CB       1662

 BOND    =     6318.4144  ANGLE   =      333.9368  DIHED      =     1594.9954
 VDWAALS =    14683.8362  EEL     =  -114744.2605  HBOND      =        0.0000
 1-4 VDW =      434.9959  1-4 EEL =     6880.2038  RESTRAINT  =        0.0000


   NSTEP       ENERGY          RMS            GMAX         NAME    NUMBER
    785      -8.4509E+04     3.2690E-01     1.7956E+01     CG       1665

 BOND    =     6315.8354  ANGLE   =      334.8636  DIHED      =     1594.7087
 VDWAALS =    14687.4134  EEL     =  -114756.0841  HBOND      =        0.0000
 1-4 VDW =      434.2914  1-4 EEL =     6880.1037  RESTRAINT  =        0.0000


   NSTEP       ENERGY          RMS            GMAX         NAME    NUMBER
    790      -8.4516E+04     1.6768E-01     7.9221E+00     OD2      1667

 BOND    =     6317.4558  ANGLE   =      330.6753  DIHED      =     1594.8328
 VDWAALS =    14691.9319  EEL     =  -114764.9117  HBOND      =        0.0000
 1-4 VDW =      433.5575  1-4 EEL =     6880.0292  RESTRAINT  =        0.0000


   NSTEP       ENERGY          RMS            GMAX         NAME    NUMBER
    795      -8.4519E+04     1.9120E-01     1.2407E+01     CG       1665

 BOND    =     6317.4154  ANGLE   =      329.7257  DIHED      =     1594.9441
 VDWAALS =    14693.7707  EEL     =  -114769.0239  HBOND      =        0.0000
 1-4 VDW =      433.3157  1-4 EEL =     6880.6494  RESTRAINT  =        0.0000


   NSTEP       ENERGY          RMS            GMAX         NAME    NUMBER
    800      -8.4523E+04     1.9702E-01     1.3505E+01     CB       1662

 BOND    =     6318.2040  ANGLE   =      331.6869  DIHED      =     1594.9161
 VDWAALS =    14693.8711  EEL     =  -114775.7884  HBOND      =        0.0000
 1-4 VDW =      433.3251  1-4 EEL =     6881.0526  RESTRAINT  =        0.0000


   NSTEP       ENERGY          RMS            GMAX         NAME    NUMBER
    805      -8.4524E+04     1.1051E-01     3.0185E+00     HZ1      1731

 BOND    =     6318.7723  ANGLE   =      331.3505  DIHED      =     1594.8600
 VDWAALS =    14694.0643  EEL     =  -114777.0031  HBOND      =        0.0000
 1-4 VDW =      433.2884  1-4 EEL =     6880.9487  RESTRAINT  =        0.0000


   NSTEP       ENERGY          RMS            GMAX         NAME    NUMBER
    810      -8.4526E+04     1.7005E-01     8.1477E+00     NZ       1370

 BOND    =     6319.1887  ANGLE   =      330.2211  DIHED      =     1594.7044
 VDWAALS =    14695.6885  EEL     =  -114778.9500  HBOND      =        0.0000
 1-4 VDW =      433.2346  1-4 EEL =     6880.3959  RESTRAINT  =        0.0000


   NSTEP       ENERGY          RMS            GMAX         NAME    NUMBER
    815      -8.4530E+04     2.2051E-01     1.0541E+01     CB       1662

 BOND    =     6321.1625  ANGLE   =      333.3764  DIHED      =     1594.5001
 VDWAALS =    14697.9083  EEL     =  -114790.2614  HBOND      =        0.0000
 1-4 VDW =      433.4006  1-4 EEL =     6879.9371  RESTRAINT  =        0.0000


   NSTEP       ENERGY          RMS            GMAX         NAME    NUMBER
    820      -8.4555E+04     6.1270E-01     2.5798E+01     OE1       112

 BOND    =     6329.1693  ANGLE   =      346.2529  DIHED      =     1595.4978
 VDWAALS =    14722.2331  EEL     =  -114861.2584  HBOND      =        0.0000
 1-4 VDW =      434.3502  1-4 EEL =     6879.0607  RESTRAINT  =        0.0000


   NSTEP       ENERGY          RMS            GMAX         NAME    NUMBER
    825      -8.4577E+04     3.3235E-01     1.7628E+01     O        4897

 BOND    =     6329.3355  ANGLE   =      334.0452  DIHED      =     1593.7938
 VDWAALS =    14743.2248  EEL     =  -114889.9810  HBOND      =        0.0000
 1-4 VDW =      433.7989  1-4 EEL =     6879.0778  RESTRAINT  =        0.0000


   NSTEP       ENERGY          RMS            GMAX         NAME    NUMBER
    830      -8.4578E+04     2.5328E-01     1.6158E+01     O        4897

 BOND    =     6329.4052  ANGLE   =      333.8503  DIHED      =     1593.7714
 VDWAALS =    14742.7532  EEL     =  -114890.7280  HBOND      =        0.0000
 1-4 VDW =      433.8018  1-4 EEL =     6879.1366  RESTRAINT  =        0.0000


   NSTEP       ENERGY          RMS            GMAX         NAME    NUMBER
    835      -8.4588E+04     2.5739E-01     1.8358E+01     CG       1665

 BOND    =     6328.7931  ANGLE   =      335.5475  DIHED      =     1593.9925
 VDWAALS =    14735.1733  EEL     =  -114895.4592  HBOND      =        0.0000
 1-4 VDW =      433.7775  1-4 EEL =     6880.2740  RESTRAINT  =        0.0000


   NSTEP       ENERGY          RMS            GMAX         NAME    NUMBER
    840      -8.4594E+04     1.7265E-01     1.0154E+01     O        4897

 BOND    =     6329.3063  ANGLE   =      331.1721  DIHED      =     1594.2289
 VDWAALS =    14736.9157  EEL     =  -114899.0859  HBOND      =        0.0000
 1-4 VDW =      433.5041  1-4 EEL =     6880.2447  RESTRAINT  =        0.0000


   NSTEP       ENERGY          RMS            GMAX         NAME    NUMBER
    845      -8.4597E+04     2.2204E-01     1.1429E+01     CG       1665

 BOND    =     6329.6241  ANGLE   =      330.8328  DIHED      =     1594.2853
 VDWAALS =    14740.0944  EEL     =  -114904.9999  HBOND      =        0.0000
 1-4 VDW =      433.3238  1-4 EEL =     6879.8248  RESTRAINT  =        0.0000


   NSTEP       ENERGY          RMS            GMAX         NAME    NUMBER
    850      -8.4601E+04     1.7394E-01     1.3372E+01     CB       1662

 BOND    =     6330.1307  ANGLE   =      334.1933  DIHED      =     1594.3264
 VDWAALS =    14741.1973  EEL     =  -114913.7472  HBOND      =        0.0000
 1-4 VDW =      433.2635  1-4 EEL =     6879.4086  RESTRAINT  =        0.0000


   NSTEP       ENERGY          RMS            GMAX         NAME    NUMBER
    855      -8.4602E+04     9.9477E-02     4.5582E+00     OE1       112

 BOND    =     6330.5434  ANGLE   =      333.4675  DIHED      =     1594.2545
 VDWAALS =    14741.2461  EEL     =  -114914.3724  HBOND      =        0.0000
 1-4 VDW =      433.2270  1-4 EEL =     6879.4706  RESTRAINT  =        0.0000


   NSTEP       ENERGY          RMS            GMAX         NAME    NUMBER
    860      -8.4604E+04     1.5406E-01     8.1397E+00     CG       1665

 BOND    =     6331.7765  ANGLE   =      330.8167  DIHED      =     1594.3444
 VDWAALS =    14740.3616  EEL     =  -114914.2944  HBOND      =        0.0000
 1-4 VDW =      433.1365  1-4 EEL =     6879.9017  RESTRAINT  =        0.0000


   NSTEP       ENERGY          RMS            GMAX         NAME    NUMBER
    865      -8.4607E+04     1.8904E-01     1.4129E+01     OD1      1666

 BOND    =     6331.7479  ANGLE   =      332.9711  DIHED      =     1594.2271
 VDWAALS =    14738.7936  EEL     =  -114919.2379  HBOND      =        0.0000
 1-4 VDW =      433.4447  1-4 EEL =     6880.6667  RESTRAINT  =        0.0000


   NSTEP       ENERGY          RMS            GMAX         NAME    NUMBER
    870      -8.4613E+04     3.3422E-01     2.0589E+01     O        4897

 BOND    =     6333.8716  ANGLE   =      335.1018  DIHED      =     1593.9321
 VDWAALS =    14740.7652  EEL     =  -114931.2936  HBOND      =        0.0000
 1-4 VDW =      433.8039  1-4 EEL =     6880.6894  RESTRAINT  =        0.0000


   NSTEP       ENERGY          RMS            GMAX         NAME    NUMBER
    875      -8.4626E+04     2.7614E-01     1.0307E+01     HB2      1697

 BOND    =     6336.6870  ANGLE   =      333.9611  DIHED      =     1593.7002
 VDWAALS =    14751.9220  EEL     =  -114956.0224  HBOND      =        0.0000
 1-4 VDW =      433.9997  1-4 EEL =     6879.7375  RESTRAINT  =        0.0000


   NSTEP       ENERGY          RMS            GMAX         NAME    NUMBER
    880      -8.4627E+04     2.2157E-01     9.7561E+00     HB2      1697

 BOND    =     6336.2188  ANGLE   =      333.7807  DIHED      =     1593.6709
 VDWAALS =    14751.9014  EEL     =  -114956.5716  HBOND      =        0.0000
 1-4 VDW =      433.9763  1-4 EEL =     6879.7910  RESTRAINT  =        0.0000


   NSTEP       ENERGY          RMS            GMAX         NAME    NUMBER
    885      -8.4637E+04     2.9964E-01     1.7332E+01     CG       1677

 BOND    =     6335.3455  ANGLE   =      336.3713  DIHED      =     1594.1863
 VDWAALS =    14753.0589  EEL     =  -114969.8658  HBOND      =        0.0000
 1-4 VDW =      433.4440  1-4 EEL =     6880.4034  RESTRAINT  =        0.0000


   NSTEP       ENERGY          RMS            GMAX         NAME    NUMBER
    890      -8.4643E+04     1.7013E-01     1.0631E+01     CG       1665

 BOND    =     6336.6961  ANGLE   =      332.6974  DIHED      =     1594.2227
 VDWAALS =    14758.8720  EEL     =  -114978.3378  HBOND      =        0.0000
 1-4 VDW =      433.0768  1-4 EEL =     6880.2246  RESTRAINT  =        0.0000


   NSTEP       ENERGY          RMS            GMAX         NAME    NUMBER
    895      -8.4645E+04     1.6805E-01     8.6760E+00     CG       1665

 BOND    =     6336.5828  ANGLE   =      332.1522  DIHED      =     1594.2845
 VDWAALS =    14763.3445  EEL     =  -114983.8599  HBOND      =        0.0000
 1-4 VDW =      432.9313  1-4 EEL =     6879.9281  RESTRAINT  =        0.0000


   NSTEP       ENERGY          RMS            GMAX         NAME    NUMBER
    900      -8.4647E+04     1.7938E-01     1.2211E+01     CB       1662

 BOND    =     6337.7157  ANGLE   =      333.9577  DIHED      =     1594.4750
 VDWAALS =    14766.2525  EEL     =  -114992.4578  HBOND      =        0.0000
 1-4 VDW =      432.9620  1-4 EEL =     6879.7588  RESTRAINT  =        0.0000


   NSTEP       ENERGY          RMS            GMAX         NAME    NUMBER
    905      -8.4648E+04     1.2329E-01     6.4454E+00     CG       1665

 BOND    =     6337.3648  ANGLE   =      333.2393  DIHED      =     1594.3839
 VDWAALS =    14766.0714  EEL     =  -114992.0230  HBOND      =        0.0000
 1-4 VDW =      432.9306  1-4 EEL =     6879.7873  RESTRAINT  =        0.0000


   NSTEP       ENERGY          RMS            GMAX         NAME    NUMBER
    910      -8.4650E+04     1.8133E-01     1.3243E+01     CG       1665

 BOND    =     6337.7709  ANGLE   =      331.1056  DIHED      =     1594.3003
 VDWAALS =    14764.2693  EEL     =  -114990.5247  HBOND      =        0.0000
 1-4 VDW =      432.8730  1-4 EEL =     6879.8296  RESTRAINT  =        0.0000


   NSTEP       ENERGY          RMS            GMAX         NAME    NUMBER
    915      -8.4654E+04     2.0197E-01     1.5390E+01     OD1      1666

 BOND    =     6338.0623  ANGLE   =      333.7996  DIHED      =     1594.0567
 VDWAALS =    14761.4089  EEL     =  -114994.4705  HBOND      =        0.0000
 1-4 VDW =      433.2170  1-4 EEL =     6880.0528  RESTRAINT  =        0.0000


   NSTEP       ENERGY          RMS            GMAX         NAME    NUMBER
    920      -8.4656E+04     2.2671E-01     1.1466E+01     CG       1677

 BOND    =     6337.7299  ANGLE   =      334.0779  DIHED      =     1593.9203
 VDWAALS =    14762.8183  EEL     =  -114998.3595  HBOND      =        0.0000
 1-4 VDW =      433.4265  1-4 EEL =     6879.8934  RESTRAINT  =        0.0000


   NSTEP       ENERGY          RMS            GMAX         NAME    NUMBER
    925      -8.4663E+04     2.7497E-01     1.0656E+01     CB       1662

 BOND    =     6342.1684  ANGLE   =      332.9209  DIHED      =     1593.8234
 VDWAALS =    14770.4859  EEL     =  -115015.9829  HBOND      =        0.0000
 1-4 VDW =      433.6473  1-4 EEL =     6879.4783  RESTRAINT  =        0.0000


   NSTEP       ENERGY          RMS            GMAX         NAME    NUMBER
    930      -8.4665E+04     1.8529E-01     7.7735E+00     Na+      2163

 BOND    =     6341.2760  ANGLE   =      332.7042  DIHED      =     1593.8011
 VDWAALS =    14770.4194  EEL     =  -115016.1298  HBOND      =        0.0000
 1-4 VDW =      433.6358  1-4 EEL =     6879.5484  RESTRAINT  =        0.0000


   NSTEP       ENERGY          RMS            GMAX         NAME    NUMBER
    935      -8.4669E+04     2.0462E-01     1.1279E+01     CG       1677

 BOND    =     6339.1982  ANGLE   =      334.1275  DIHED      =     1594.0528
 VDWAALS =    14770.2236  EEL     =  -115020.5556  HBOND      =        0.0000
 1-4 VDW =      433.4487  1-4 EEL =     6880.1215  RESTRAINT  =        0.0000


   NSTEP       ENERGY          RMS            GMAX         NAME    NUMBER
    940      -8.4673E+04     1.4962E-01     7.5381E+00     OD2      1667

 BOND    =     6341.2900  ANGLE   =      332.0854  DIHED      =     1594.2091
 VDWAALS =    14773.1756  EEL     =  -115026.9580  HBOND      =        0.0000
 1-4 VDW =      433.1815  1-4 EEL =     6880.2555  RESTRAINT  =        0.0000


   NSTEP       ENERGY          RMS            GMAX         NAME    NUMBER
    945      -8.4675E+04     1.7603E-01     6.8577E+00     CG       1939

 BOND    =     6341.0806  ANGLE   =      331.5675  DIHED      =     1594.3796
 VDWAALS =    14778.5954  EEL     =  -115033.7588  HBOND      =        0.0000
 1-4 VDW =      432.9229  1-4 EEL =     6880.0046  RESTRAINT  =        0.0000


   NSTEP       ENERGY          RMS            GMAX         NAME    NUMBER
    950      -8.4678E+04     2.1330E-01     1.3238E+01     CG       1677

 BOND    =     6342.4357  ANGLE   =      334.4128  DIHED      =     1594.5704
 VDWAALS =    14782.4293  EEL     =  -115044.6058  HBOND      =        0.0000
 1-4 VDW =      432.8664  1-4 EEL =     6879.8434  RESTRAINT  =        0.0000


   NSTEP       ENERGY          RMS            GMAX         NAME    NUMBER
    955      -8.4679E+04     1.2761E-01     8.2521E+00     CG       1677

 BOND    =     6342.1408  ANGLE   =      333.6848  DIHED      =     1594.4764
 VDWAALS =    14782.2024  EEL     =  -115044.1813  HBOND      =        0.0000
 1-4 VDW =      432.8468  1-4 EEL =     6879.8230  RESTRAINT  =        0.0000


   NSTEP       ENERGY          RMS            GMAX         NAME    NUMBER
    960      -8.4681E+04     1.8587E-01     7.3801E+00     CG       1939

 BOND    =     6342.3267  ANGLE   =      331.1137  DIHED      =     1594.3718
 VDWAALS =    14780.4207  EEL     =  -115041.9271  HBOND      =        0.0000
 1-4 VDW =      432.7989  1-4 EEL =     6879.8016  RESTRAINT  =        0.0000


   NSTEP       ENERGY          RMS            GMAX         NAME    NUMBER
    965      -8.4684E+04     2.4720E-01     1.4241E+01     CG       1939

 BOND    =     6343.1211  ANGLE   =      334.1222  DIHED      =     1594.1544
 VDWAALS =    14776.8978  EEL     =  -115045.9462  HBOND      =        0.0000
 1-4 VDW =      433.1853  1-4 EEL =     6880.0991  RESTRAINT  =        0.0000


   NSTEP       ENERGY          RMS            GMAX         NAME    NUMBER
    970      -8.4687E+04     2.0741E-01     1.0629E+01     CG       1677

 BOND    =     6341.9673  ANGLE   =      333.8390  DIHED      =     1594.0307
 VDWAALS =    14778.0957  EEL     =  -115047.8384  HBOND      =        0.0000
 1-4 VDW =      433.2830  1-4 EEL =     6879.8991  RESTRAINT  =        0.0000


   NSTEP       ENERGY          RMS            GMAX         NAME    NUMBER
    975      -8.4693E+04     3.0176E-01     1.2233E+01     NE2       625

 BOND    =     6347.0910  ANGLE   =      333.1934  DIHED      =     1593.9429
 VDWAALS =    14784.9492  EEL     =  -115065.0935  HBOND      =        0.0000
 1-4 VDW =      433.5222  1-4 EEL =     6879.4479  RESTRAINT  =        0.0000


   NSTEP       ENERGY          RMS            GMAX         NAME    NUMBER
    980      -8.4694E+04     1.9699E-01     7.9171E+00     HZ3      2138

 BOND    =     6345.9949  ANGLE   =      332.8943  DIHED      =     1593.9284
 VDWAALS =    14784.8949  EEL     =  -115065.0616  HBOND      =        0.0000
 1-4 VDW =      433.5057  1-4 EEL =     6879.5239  RESTRAINT  =        0.0000


   NSTEP       ENERGY          RMS            GMAX         NAME    NUMBER
    985      -8.4699E+04     1.8833E-01     1.3125E+01     CG       1677

 BOND    =     6343.4534  ANGLE   =      333.6250  DIHED      =     1594.1542
 VDWAALS =    14784.4998  EEL     =  -115067.8347  HBOND      =        0.0000
 1-4 VDW =      433.3268  1-4 EEL =     6880.1154  RESTRAINT  =        0.0000


   NSTEP       ENERGY          RMS            GMAX         NAME    NUMBER
    990      -8.4701E+04     1.3105E-01     4.8096E+00     OD2      1667

 BOND    =     6345.4697  ANGLE   =      332.2886  DIHED      =     1594.2625
 VDWAALS =    14786.3204  EEL     =  -115073.1297  HBOND      =        0.0000
 1-4 VDW =      433.1233  1-4 EEL =     6880.2763  RESTRAINT  =        0.0000


   NSTEP       ENERGY          RMS            GMAX         NAME    NUMBER
    995      -8.4704E+04     1.8300E-01     8.2599E+00     CG       1939

 BOND    =     6345.7286  ANGLE   =      331.5266  DIHED      =     1594.4587
 VDWAALS =    14792.2986  EEL     =  -115081.0726  HBOND      =        0.0000
 1-4 VDW =      432.7740  1-4 EEL =     6880.0636  RESTRAINT  =        0.0000


   NSTEP       ENERGY          RMS            GMAX         NAME    NUMBER
   1000      -8.4707E+04     2.2116E-01     1.3821E+01     CB       1662

 BOND    =     6346.7834  ANGLE   =      334.6588  DIHED      =     1594.7067
 VDWAALS =    14796.9082  EEL     =  -115092.6433  HBOND      =        0.0000
 1-4 VDW =      432.6958  1-4 EEL =     6879.9579  RESTRAINT  =        0.0000


  Maximum number of minimization cycles reached.


                    FINAL RESULTS



   NSTEP       ENERGY          RMS            GMAX         NAME    NUMBER
   1000      -8.4707E+04     2.2116E-01     1.3821E+01     CB       1662

 BOND    =     6346.7834  ANGLE   =      334.6588  DIHED      =     1594.7067
 VDWAALS =    14796.9082  EEL     =  -115092.6433  HBOND      =        0.0000
 1-4 VDW =      432.6958  1-4 EEL =     6879.9579  RESTRAINT  =        0.0000
--------------------------------------------------------------------------------
   5.  TIMINGS
--------------------------------------------------------------------------------

|  NonSetup CPU Time in Major Routines:
|
|     Routine           Sec        %
|     ------------------------------
|     Nonbond          75.61   96.83
|     Bond              0.24    0.31
|     Angle             0.31    0.39
|     Dihedral          1.62    2.08
|     Shake             0.00    0.00
|     Other             0.30    0.38
|     ------------------------------
|     Total            78.08

|  PME Nonbond Pairlist CPU Time:
|
|     Routine              Sec        %
|     ---------------------------------
|     Set Up Cit           0.00    0.00
|     Build List           0.93    1.19
|     ---------------------------------
|     Total                0.93    1.19

|  PME Direct Force CPU Time:
|
|     Routine              Sec        %
|     ---------------------------------
|     NonBonded Calc      49.48   63.37
|     Exclude Masked       0.96    1.23
|     Other                0.26    0.33
|     ---------------------------------
|     Total               50.70   64.92

|  PME Reciprocal Force CPU Time:
|
|     Routine              Sec        %
|     ---------------------------------
|     1D bspline           0.92    1.18
|     Grid Charges         1.51    1.93
|     Scalar Sum           8.42   10.78
|     Gradient Sum         2.65    3.39
|     FFT                 10.47   13.41
|     ---------------------------------
|     Total               23.96   30.69

|  Setup CPU time:            0.07 seconds
|  NonSetup CPU time:        78.08 seconds
|  Total CPU time:           78.15 seconds     0.02 hours

|  Setup wall time:           0    seconds
|  NonSetup wall time:       78    seconds
|  Total wall time:          78    seconds     0.02 hours
