# 09/07/18 16:57:27
# -p ../../../top_files/dry_4xcp.prmtop
# Loaded topologies:
#   ../../../top_files/dry_4xcp.prmtop
trajin ffull_fit_4xcp.nc
# 09/07/18 16:57:40
# -p ../../../top_files/dry_4xcp.prmtop
# Loaded topologies:
#   ../../../top_files/dry_4xcp.prmtop
trajin bufull_fit_4xcp.nc 100000 500000
trajout ffull_fit_4xcp.nc
go
# 09/07/18 16:59:06
# -p ../../../top_files/dry_4xcp.prmtop
# Loaded topologies:
#   ../../../top_files/dry_4xcp.prmtop
trajin ffull_fit_4xcp.nc
# 09/07/18 16:59:15
# -p ../../../top_files/dry_4xcp.prmtop
# Loaded topologies:
#   ../../../top_files/dry_4xcp.prmtop
trajin ffull_fit_4xcp.nc 2 last
trajout fffull_fit_4xcp.nc
go
# 09/07/18 17:01:22
# -p ../../../top_files/dry_4xcp.prmtop
# Loaded topologies:
#   ../../../top_files/dry_4xcp.prmtop
trajin ffull_fit_4xcp.nc
