
          -------------------------------------------------------
          Amber 16 PMEMD                              2016
          -------------------------------------------------------

| PMEMD implementation of SANDER, Release 16

| Run on 04/14/2018 at 20:42:35

|   Executable path: pmemd
| Working directory: /home/german/lbp/run/4uet/mhe/m
|          Hostname: Unknown
  [-O]verwriting output

File Assignments:
|   MDIN: min.in                                                                
|  MDOUT: min.out                                                               
| INPCRD: 4uet.rst7                                                             
|   PARM: /home/german/lbp/top_files/4uet.prmtop                                
| RESTRT: m4uet.rst7                                                            
|   REFC: 4uet.rst7                                                             
|  MDVEL: mdvel                                                                 
|   MDEN: mden                                                                  
|  MDCRD: mdcrd                                                                 
| MDINFO: mdinfo                                                                
|  MDFRC: mdfrc                                                                 


 Here is the input file:

Minimization with Cartesian restraints                                         
&cntrl                                                                         
imin=1,                                                                        
ntmin=1,                                ! Steepest Descent, then Conjugate Grad
ncyc=100,                               ! 100 steps of Steepest Descent        
maxcyc=500,                             ! 400 steps of Conjugate Gradient      
ntpr=5,                                                                        
ntr=1,                                  ! Use restraints                       
restraint_wt=100.0,                     ! 100 Kcal/mol                         
restraintmask=':1-154',                 ! Apply restraints on whole molecule.  
&end                                                                           


Note: ig = -1. Setting random seed to   912760 based on wallclock time in 
      microseconds.
 
 
| Conditional Compilation Defines Used:
| PUBFFT
| BINTRAJ
| EMIL

| Largest sphere to fit in unit cell has radius =    28.703

| New format PARM file being parsed.
| Version =    1.000 Date = 04/12/18 Time = 12:40:58

| Note: 1-4 EEL scale factors are being read from the topology file.

| Note: 1-4 VDW scale factors are being read from the topology file.
| Duplicated    0 dihedrals

| Duplicated    0 dihedrals

--------------------------------------------------------------------------------
   1.  RESOURCE   USE: 
--------------------------------------------------------------------------------

 getting new box info from bottom of inpcrd
 NATOM  =   23173 NTYPES =      17 NBONH =   21971 MBONA  =    1220
 NTHETH =    2839 MTHETA =    1632 NPHIH =    5501 MPHIA  =    5045
 NHPARM =       0 NPARM  =       0 NNB   =   41143 NRES   =    7073
 NBONA  =    1220 NTHETA =    1632 NPHIA =    5045 NUMBND =      58
 NUMANG =     130 NPTRA  =     163 NATYP =      31 NPHB   =       1
 IFBOX  =       2 NMXRS  =      24 IFCAP =       0 NEXTRA =       0
 NCOPY  =       0

| Coordinate Index Table dimensions:    13   13   13
| Direct force subcell size =     5.4083    5.4083    5.4083

     BOX TYPE: TRUNCATED OCTAHEDRON

--------------------------------------------------------------------------------
   2.  CONTROL  DATA  FOR  THE  RUN
--------------------------------------------------------------------------------

default_name                                                                    

General flags:
     imin    =       1, nmropt  =       0

Nature and format of input:
     ntx     =       1, irest   =       0, ntrx    =       1

Nature and format of output:
     ntxo    =       2, ntpr    =       5, ntrx    =       1, ntwr    =       1
     iwrap   =       0, ntwx    =       0, ntwv    =       0, ntwe    =       0
     ioutfm  =       1, ntwprt  =       0, idecomp =       0, rbornstat=      0

Potential function:
     ntf     =       1, ntb     =       1, igb     =       0, nsnb    =      25
     ipol    =       0, gbsa    =       0, iesp    =       0
     dielc   =   1.00000, cut     =   8.00000, intdiel =   1.00000

Frozen or restrained atoms:
     ibelly  =       0, ntr     =       1
     restraint_wt = 100.00000

Energy minimization:
     maxcyc  =     500, ncyc    =     100, ntmin   =       1
     dx0     =   0.01000, drms    =   0.00010

| Intermolecular bonds treatment:
|     no_intermolecular_bonds =       1

| Energy averages sample interval:
|     ene_avg_sampling =       1

Ewald parameters:
     verbose =       0, ew_type =       0, nbflag  =       1, use_pme =       1
     vdwmeth =       1, eedmeth =       1, netfrc  =       0
     Box X =   70.308   Box Y =   70.308   Box Z =   70.308
     Alpha =  109.471   Beta  =  109.471   Gamma =  109.471
     NFFT1 =   72       NFFT2 =   72       NFFT3 =   72
     Cutoff=    8.000   Tol   =0.100E-04
     Ewald Coefficient =  0.34864
     Interpolation order =    4

    LOADING THE CONSTRAINED ATOMS AS GROUPS


   5.  REFERENCE ATOM COORDINATES

  default_name                                                                    
     Mask :1-154; matches  2426 atoms

--------------------------------------------------------------------------------
   3.  ATOMIC COORDINATES AND VELOCITIES
--------------------------------------------------------------------------------

default_name                                                                    
 begin time read from input coords =     0.000 ps

 
 Number of triangulated 3-point waters found:     6914

     Sum of charges from parm topology file =  -0.00000007
     Forcing neutrality...

| Dynamic Memory, Types Used:
| Reals              727599
| Integers           748891

| Nonbonded Pairs Initial Allocation:     3870470

--------------------------------------------------------------------------------
   4.  RESULTS
--------------------------------------------------------------------------------

 ---------------------------------------------------
 APPROXIMATING switch and d/dx switch using CUBIC SPLINE INTERPOLATION
 using   5000.0 points per unit in tabled values
 TESTING RELATIVE ERROR over r ranging from 0.0 to cutoff
| CHECK switch(x): max rel err =   0.2738E-14   at   2.422500
| CHECK d/dx switch(x): max rel err =   0.8332E-11   at   2.782960
 ---------------------------------------------------
|---------------------------------------------------
| APPROXIMATING direct energy using CUBIC SPLINE INTERPOLATION
|  with   50.0 points per unit in tabled values
| Relative Error Limit not exceeded for r .gt.   2.47
| APPROXIMATING direct force using CUBIC SPLINE INTERPOLATION
|  with   50.0 points per unit in tabled values
| Relative Error Limit not exceeded for r .gt.   2.89
|---------------------------------------------------


   NSTEP       ENERGY          RMS            GMAX         NAME    NUMBER
      1      -5.7719E+04     3.7502E+01     2.4899E+03     O        7085

 BOND    =       98.9348  ANGLE   =      217.5590  DIHED      =     1711.4827
 VDWAALS =     9204.8548  EEL     =   -79106.5872  HBOND      =        0.0000
 1-4 VDW =      734.8639  1-4 EEL =     9419.4876  RESTRAINT  =        0.0000


   NSTEP       ENERGY          RMS            GMAX         NAME    NUMBER
      5      -5.8295E+04     3.0622E+01     1.8983E+03     O        7085

 BOND    =       99.1758  ANGLE   =      216.1894  DIHED      =     1711.3559
 VDWAALS =     8696.5957  EEL     =   -79171.7619  HBOND      =        0.0000
 1-4 VDW =      734.6249  1-4 EEL =     9419.1724  RESTRAINT  =        0.0062
 EAMBER  =   -58294.6479


   NSTEP       ENERGY          RMS            GMAX         NAME    NUMBER
     10      -5.9480E+04     1.9525E+01     9.7980E+02     O        7085

 BOND    =      120.2234  ANGLE   =      211.0253  DIHED      =     1710.8712
 VDWAALS =     7746.9028  EEL     =   -79420.7026  HBOND      =        0.0000
 1-4 VDW =      733.6971  1-4 EEL =     9417.9493  RESTRAINT  =        0.1388
 EAMBER  =   -59480.0336


   NSTEP       ENERGY          RMS            GMAX         NAME    NUMBER
     15      -6.1215E+04     1.1161E+01     3.4019E+02     O        7085

 BOND    =      307.9882  ANGLE   =      193.3420  DIHED      =     1709.1369
 VDWAALS =     6786.7822  EEL     =   -80358.0020  HBOND      =        0.0000
 1-4 VDW =      730.1367  1-4 EEL =     9413.2465  RESTRAINT  =        1.9792
 EAMBER  =   -61217.3693


   NSTEP       ENERGY          RMS            GMAX         NAME    NUMBER
     20      -6.3686E+04     6.1772E+00     1.1448E+02     O        7085

 BOND    =     1287.6366  ANGLE   =      157.8020  DIHED      =     1705.5353
 VDWAALS =     6114.1593  EEL     =   -83086.2350  HBOND      =        0.0000
 1-4 VDW =      719.2556  1-4 EEL =     9398.1448  RESTRAINT  =       17.7368
 EAMBER  =   -63703.7015


   NSTEP       ENERGY          RMS            GMAX         NAME    NUMBER
     25      -6.6666E+04     2.9124E+00     3.6813E+01     O        7319

 BOND    =     3399.2877  ANGLE   =      142.2371  DIHED      =     1707.3968
 VDWAALS =     5620.9520  EEL     =   -87677.3185  HBOND      =        0.0000
 1-4 VDW =      697.4713  1-4 EEL =     9353.6956  RESTRAINT  =       90.2553
 EAMBER  =   -66756.2780


   NSTEP       ENERGY          RMS            GMAX         NAME    NUMBER
     30      -6.7210E+04     1.6561E+01     2.6648E+02     CD       1835

 BOND    =     9040.3558  ANGLE   =      188.8697  DIHED      =     1707.3385
 VDWAALS =     5599.9794  EEL     =   -93904.8935  HBOND      =        0.0000
 1-4 VDW =      693.0036  1-4 EEL =     9296.7240  RESTRAINT  =      168.5424
 EAMBER  =   -67378.6225


   NSTEP       ENERGY          RMS            GMAX         NAME    NUMBER
     35      -7.0488E+04     5.6592E+00     5.8651E+01     C         459

 BOND    =     3247.3361  ANGLE   =      147.8839  DIHED      =     1708.4435
 VDWAALS =     5660.8622  EEL     =   -91413.2533  HBOND      =        0.0000
 1-4 VDW =      682.5458  1-4 EEL =     9332.2523  RESTRAINT  =      145.6132
 EAMBER  =   -70633.9295


   NSTEP       ENERGY          RMS            GMAX         NAME    NUMBER
     40      -7.1503E+04     1.7331E+00     1.5928E+01     Cl-      2427

 BOND    =     3979.6854  ANGLE   =      142.1188  DIHED      =     1708.0148
 VDWAALS =     5709.8104  EEL     =   -93196.1520  HBOND      =        0.0000
 1-4 VDW =      684.4743  1-4 EEL =     9323.4722  RESTRAINT  =      145.8651
 EAMBER  =   -71648.5761


   NSTEP       ENERGY          RMS            GMAX         NAME    NUMBER
     45      -7.1774E+04     6.2292E+00     6.0281E+01     H1      11577

 BOND    =     3283.9729  ANGLE   =      144.8850  DIHED      =     1708.1601
 VDWAALS =     5783.3758  EEL     =   -92851.9371  HBOND      =        0.0000
 1-4 VDW =      682.9860  1-4 EEL =     9329.1683  RESTRAINT  =      145.7443
 EAMBER  =   -71919.3890


   NSTEP       ENERGY          RMS            GMAX         NAME    NUMBER
     50      -7.2696E+04     2.0295E+00     1.6656E+01     Cl-      2427

 BOND    =     4269.0034  ANGLE   =      142.0565  DIHED      =     1707.8403
 VDWAALS =     5835.7340  EEL     =   -94803.7812  HBOND      =        0.0000
 1-4 VDW =      684.3130  1-4 EEL =     9323.1462  RESTRAINT  =      145.8982
 EAMBER  =   -72841.6878


   NSTEP       ENERGY          RMS            GMAX         NAME    NUMBER
     55      -7.3113E+04     1.3528E+00     1.7027E+01     Cl-      2427

 BOND    =     4094.9738  ANGLE   =      142.0313  DIHED      =     1707.7783
 VDWAALS =     5890.6121  EEL     =   -95101.6074  HBOND      =        0.0000
 1-4 VDW =      684.1217  1-4 EEL =     9323.5320  RESTRAINT  =      145.8044
 EAMBER  =   -73258.5581


   NSTEP       ENERGY          RMS            GMAX         NAME    NUMBER
     60      -7.3559E+04     2.8233E+00     2.0149E+01     H1      11577

 BOND    =     4598.2193  ANGLE   =      142.0849  DIHED      =     1707.7171
 VDWAALS =     5969.0834  EEL     =   -96128.7863  HBOND      =        0.0000
 1-4 VDW =      684.2366  1-4 EEL =     9323.1586  RESTRAINT  =      145.6202
 EAMBER  =   -73704.2865


   NSTEP       ENERGY          RMS            GMAX         NAME    NUMBER
     65      -7.3966E+04     1.7303E+00     1.8031E+01     Cl-      2427

 BOND    =     4360.5355  ANGLE   =      142.0095  DIHED      =     1707.6548
 VDWAALS =     6035.4141  EEL     =   -96364.6796  HBOND      =        0.0000
 1-4 VDW =      684.1052  1-4 EEL =     9323.3995  RESTRAINT  =      145.4975
 EAMBER  =   -74111.5610


   NSTEP       ENERGY          RMS            GMAX         NAME    NUMBER
     70      -7.4247E+04     3.0696E+00     2.0479E+01     H2      11578

 BOND    =     4752.8950  ANGLE   =      142.0612  DIHED      =     1707.6027
 VDWAALS =     6105.1172  EEL     =   -97107.8820  HBOND      =        0.0000
 1-4 VDW =      684.1425  1-4 EEL =     9323.2577  RESTRAINT  =      145.4110
 EAMBER  =   -74392.8057


   NSTEP       ENERGY          RMS            GMAX         NAME    NUMBER
     75      -7.4552E+04     3.3706E+00     2.1211E+01     H2      11578

 BOND    =     4873.6738  ANGLE   =      142.0792  DIHED      =     1707.5534
 VDWAALS =     6178.7937  EEL     =   -97607.2565  HBOND      =        0.0000
 1-4 VDW =      684.1283  1-4 EEL =     9323.2868  RESTRAINT  =      145.2969
 EAMBER  =   -74697.7412


   NSTEP       ENERGY          RMS            GMAX         NAME    NUMBER
     80      -7.4821E+04     3.2572E+00     2.0344E+01     H2      11578

 BOND    =     4877.9352  ANGLE   =      142.0399  DIHED      =     1707.4999
 VDWAALS =     6243.6642  EEL     =   -97944.8611  HBOND      =        0.0000
 1-4 VDW =      684.0802  1-4 EEL =     9323.2807  RESTRAINT  =      145.2586
 EAMBER  =   -74966.3611


   NSTEP       ENERGY          RMS            GMAX         NAME    NUMBER
     85      -7.5087E+04     3.3196E+00     1.9518E+01     H2      11578

 BOND    =     4929.8580  ANGLE   =      142.0203  DIHED      =     1707.4501
 VDWAALS =     6316.3947  EEL     =   -98335.3794  HBOND      =        0.0000
 1-4 VDW =      684.0656  1-4 EEL =     9323.2808  RESTRAINT  =      145.1762
 EAMBER  =   -75232.3100


   NSTEP       ENERGY          RMS            GMAX         NAME    NUMBER
     90      -7.5417E+04     1.0656E+00     1.8756E+01     Cl-      2427

 BOND    =     4175.0806  ANGLE   =      141.8361  DIHED      =     1707.3968
 VDWAALS =     6383.8452  EEL     =   -97977.2597  HBOND      =        0.0000
 1-4 VDW =      683.9314  1-4 EEL =     9323.3402  RESTRAINT  =      145.0706
 EAMBER  =   -75561.8294


   NSTEP       ENERGY          RMS            GMAX         NAME    NUMBER
     95      -7.5510E+04     3.6819E+00     2.1337E+01     H2      11578

 BOND    =     5087.0230  ANGLE   =      142.0158  DIHED      =     1707.3620
 VDWAALS =     6450.5206  EEL     =   -99048.8239  HBOND      =        0.0000
 1-4 VDW =      684.0199  1-4 EEL =     9323.2435  RESTRAINT  =      145.1145
 EAMBER  =   -75654.6391


   NSTEP       ENERGY          RMS            GMAX         NAME    NUMBER
    100      -7.5721E+04     3.8876E+00     2.0751E+01     H2      11578

 BOND    =     5173.4374  ANGLE   =      142.0273  DIHED      =     1707.3183
 VDWAALS =     6525.3842  EEL     =   -99421.4640  HBOND      =        0.0000
 1-4 VDW =      684.0259  1-4 EEL =     9323.2339  RESTRAINT  =      145.0518
 EAMBER  =   -75866.0371


   NSTEP       ENERGY          RMS            GMAX         NAME    NUMBER
    105      -7.6087E+04     2.2354E+00     1.5090E+01     Cl-      2427

 BOND    =     4016.1406  ANGLE   =      141.7960  DIHED      =     1707.2693
 VDWAALS =     6619.9486  EEL     =   -98724.2601  HBOND      =        0.0000
 1-4 VDW =      683.8792  1-4 EEL =     9323.2650  RESTRAINT  =      144.8321
 EAMBER  =   -76231.9614


   NSTEP       ENERGY          RMS            GMAX         NAME    NUMBER
    110      -7.7917E+04     4.0611E+00     3.1386E+02     Cl-      2431

 BOND    =     5452.7342  ANGLE   =      144.4016  DIHED      =     1706.9015
 VDWAALS =     8203.4483  EEL     =  -103578.4987  HBOND      =        0.0000
 1-4 VDW =      684.2926  1-4 EEL =     9323.0967  RESTRAINT  =      147.1076
 EAMBER  =   -78063.6237


   NSTEP       ENERGY          RMS            GMAX         NAME    NUMBER
    115      -7.8492E+04     1.9180E+00     9.5374E+01     NZ        866

 BOND    =     4976.4659  ANGLE   =      157.0908  DIHED      =     1707.2433
 VDWAALS =     8553.2196  EEL     =  -104063.5408  HBOND      =        0.0000
 1-4 VDW =      685.3813  1-4 EEL =     9323.6676  RESTRAINT  =      168.4591
 EAMBER  =   -78660.4722


   NSTEP       ENERGY          RMS            GMAX         NAME    NUMBER
    120      -7.8913E+04     2.5953E+00     1.9351E+02     HZ2       868

 BOND    =     4873.4748  ANGLE   =      161.9502  DIHED      =     1707.3769
 VDWAALS =     8685.7867  EEL     =  -104531.8965  HBOND      =        0.0000
 1-4 VDW =      684.5925  1-4 EEL =     9322.1977  RESTRAINT  =      183.3413
 EAMBER  =   -79096.5178


   NSTEP       ENERGY          RMS            GMAX         NAME    NUMBER
    125      -7.9575E+04     1.8845E+00     1.4430E+02     NZ        866

 BOND    =     5165.1276  ANGLE   =      163.3426  DIHED      =     1707.1287
 VDWAALS =     9106.6320  EEL     =  -105899.5952  HBOND      =        0.0000
 1-4 VDW =      684.4997  1-4 EEL =     9324.4977  RESTRAINT  =      173.8616
 EAMBER  =   -79748.3669


   NSTEP       ENERGY          RMS            GMAX         NAME    NUMBER
    130      -7.9578E+04     1.8335E+00     1.4011E+02     NZ        866

 BOND    =     5159.9174  ANGLE   =      162.7487  DIHED      =     1707.1265
 VDWAALS =     9106.5697  EEL     =  -105897.1327  HBOND      =        0.0000
 1-4 VDW =      684.4983  1-4 EEL =     9324.4844  RESTRAINT  =      173.4171
 EAMBER  =   -79751.7876


   NSTEP       ENERGY          RMS            GMAX         NAME    NUMBER
    135      -7.9777E+04     1.1387E+00     7.8970E+01     HZ3       869

 BOND    =     4978.7376  ANGLE   =      144.5635  DIHED      =     1707.0341
 VDWAALS =     9123.5738  EEL     =  -105883.7500  HBOND      =        0.0000
 1-4 VDW =      683.7430  1-4 EEL =     9322.5625  RESTRAINT  =      146.6228
 EAMBER  =   -79923.5356


   NSTEP       ENERGY          RMS            GMAX         NAME    NUMBER
    140      -8.0024E+04     1.7065E+00     1.6260E+02     CD       1835

 BOND    =     5179.9111  ANGLE   =      157.2170  DIHED      =     1707.3746
 VDWAALS =     9245.9768  EEL     =  -106504.5071  HBOND      =        0.0000
 1-4 VDW =      683.1965  1-4 EEL =     9323.7075  RESTRAINT  =      182.9949
 EAMBER  =   -80207.1236


   NSTEP       ENERGY          RMS            GMAX         NAME    NUMBER
    145      -8.0355E+04     1.7151E+00     1.0003E+02     CE        863

 BOND    =     5100.8839  ANGLE   =      174.1524  DIHED      =     1707.4265
 VDWAALS =     9422.2476  EEL     =  -106942.6004  HBOND      =        0.0000
 1-4 VDW =      685.0395  1-4 EEL =     9323.9564  RESTRAINT  =      174.1201
 EAMBER  =   -80528.8941


   NSTEP       ENERGY          RMS            GMAX         NAME    NUMBER
    150      -8.0639E+04     2.0669E+00     1.8800E+02     CE        863

 BOND    =     5189.2779  ANGLE   =      157.7670  DIHED      =     1707.2264
 VDWAALS =     9572.0144  EEL     =  -107434.8649  HBOND      =        0.0000
 1-4 VDW =      684.8663  1-4 EEL =     9322.1064  RESTRAINT  =      162.8651
 EAMBER  =   -80801.6065


   NSTEP       ENERGY          RMS            GMAX         NAME    NUMBER
    155      -8.0644E+04     1.9883E+00     1.8116E+02     CE        863

 BOND    =     5184.2066  ANGLE   =      157.2205  DIHED      =     1707.2115
 VDWAALS =     9571.2901  EEL     =  -107433.4005  HBOND      =        0.0000
 1-4 VDW =      684.8482  1-4 EEL =     9322.1313  RESTRAINT  =      162.3670
 EAMBER  =   -80806.4924


   NSTEP       ENERGY          RMS            GMAX         NAME    NUMBER
    160      -8.0802E+04     1.1077E+00     1.0671E+02     NZ        866

 BOND    =     5135.0391  ANGLE   =      148.0971  DIHED      =     1707.0387
 VDWAALS =     9535.4093  EEL     =  -107481.7933  HBOND      =        0.0000
 1-4 VDW =      684.7516  1-4 EEL =     9323.3191  RESTRAINT  =      145.8531
 EAMBER  =   -80948.1384


   NSTEP       ENERGY          RMS            GMAX         NAME    NUMBER
    165      -8.0897E+04     1.3222E+00     9.0857E+01     CE        863

 BOND    =     5189.9654  ANGLE   =      151.8530  DIHED      =     1706.9190
 VDWAALS =     9553.3266  EEL     =  -107664.8065  HBOND      =        0.0000
 1-4 VDW =      683.4261  1-4 EEL =     9323.6892  RESTRAINT  =      158.5365
 EAMBER  =   -81055.6272


   NSTEP       ENERGY          RMS            GMAX         NAME    NUMBER
    170      -8.1141E+04     1.7892E+00     1.4287E+02     CD       1835

 BOND    =     5258.7605  ANGLE   =      154.9530  DIHED      =     1707.5491
 VDWAALS =     9784.9286  EEL     =  -108217.8615  HBOND      =        0.0000
 1-4 VDW =      683.8853  1-4 EEL =     9321.7910  RESTRAINT  =      165.2729
 EAMBER  =   -81305.9939


   NSTEP       ENERGY          RMS            GMAX         NAME    NUMBER
    175      -8.1286E+04     1.8269E+00     1.0442E+02     CD       1835

 BOND    =     5207.4732  ANGLE   =      161.4718  DIHED      =     1707.3040
 VDWAALS =     9945.8626  EEL     =  -108490.7772  HBOND      =        0.0000
 1-4 VDW =      684.1392  1-4 EEL =     9322.7803  RESTRAINT  =      176.1396
 EAMBER  =   -81461.7460


   NSTEP       ENERGY          RMS            GMAX         NAME    NUMBER
    180      -8.1290E+04     1.7568E+00     9.7784E+01     CE        863

 BOND    =     5207.1925  ANGLE   =      160.9196  DIHED      =     1707.2959
 VDWAALS =     9945.9745  EEL     =  -108493.6285  HBOND      =        0.0000
 1-4 VDW =      684.1545  1-4 EEL =     9322.7646  RESTRAINT  =      175.5434
 EAMBER  =   -81465.3269


   NSTEP       ENERGY          RMS            GMAX         NAME    NUMBER
    185      -8.1441E+04     1.0566E+00     8.4037E+01     CD       1835

 BOND    =     5260.5581  ANGLE   =      147.0405  DIHED      =     1706.8856
 VDWAALS =     9986.2641  EEL     =  -108695.7727  HBOND      =        0.0000
 1-4 VDW =      683.5493  1-4 EEL =     9323.0793  RESTRAINT  =      147.5155
 EAMBER  =   -81588.3957


   NSTEP       ENERGY          RMS            GMAX         NAME    NUMBER
    190      -8.1541E+04     1.2106E+00     6.8456E+01     HZ1      1761

 BOND    =     5252.1209  ANGLE   =      151.8551  DIHED      =     1707.2059
 VDWAALS =    10088.5887  EEL     =  -108907.9368  HBOND      =        0.0000
 1-4 VDW =      684.5001  1-4 EEL =     9323.9747  RESTRAINT  =      158.9310
 EAMBER  =   -81699.6915


   NSTEP       ENERGY          RMS            GMAX         NAME    NUMBER
    195      -8.1710E+04     1.2823E+00     5.3411E+01     CB        854

 BOND    =     5378.7915  ANGLE   =      147.3589  DIHED      =     1707.2195
 VDWAALS =    10405.2788  EEL     =  -109506.2817  HBOND      =        0.0000
 1-4 VDW =      684.8629  1-4 EEL =     9321.9921  RESTRAINT  =      151.0523
 EAMBER  =   -81860.7780


   NSTEP       ENERGY          RMS            GMAX         NAME    NUMBER
    200      -8.1879E+04     2.3969E+00     1.3907E+02     CD       1835

 BOND    =     5424.5919  ANGLE   =      160.7163  DIHED      =     1708.1733
 VDWAALS =    10691.7381  EEL     =  -110027.9970  HBOND      =        0.0000
 1-4 VDW =      684.8652  1-4 EEL =     9322.4627  RESTRAINT  =      156.2603
 EAMBER  =   -82035.4495


   NSTEP       ENERGY          RMS            GMAX         NAME    NUMBER
    205      -8.1887E+04     2.2903E+00     1.2827E+02     CD       1835

 BOND    =     5417.9742  ANGLE   =      159.7439  DIHED      =     1708.1251
 VDWAALS =    10690.7573  EEL     =  -110026.8470  HBOND      =        0.0000
 1-4 VDW =      684.8098  1-4 EEL =     9322.4765  RESTRAINT  =      155.6645
 EAMBER  =   -82042.9602


   NSTEP       ENERGY          RMS            GMAX         NAME    NUMBER
    210      -8.2062E+04     9.1743E-01     4.9002E+01     NZ        866

 BOND    =     5411.7336  ANGLE   =      147.0987  DIHED      =     1706.8948
 VDWAALS =    10630.8757  EEL     =  -110111.1530  HBOND      =        0.0000
 1-4 VDW =      685.0302  1-4 EEL =     9322.7540  RESTRAINT  =      145.2104
 EAMBER  =   -82206.7660


   NSTEP       ENERGY          RMS            GMAX         NAME    NUMBER
    215      -8.2197E+04     1.1897E+00     5.9803E+01     HZ1      1761

 BOND    =     5446.0668  ANGLE   =      147.6320  DIHED      =     1706.8757
 VDWAALS =    10578.3691  EEL     =  -110235.3047  HBOND      =        0.0000
 1-4 VDW =      683.8235  1-4 EEL =     9323.8374  RESTRAINT  =      152.1624
 EAMBER  =   -82348.7003


   NSTEP       ENERGY          RMS            GMAX         NAME    NUMBER
    220      -8.2292E+04     8.0298E-01     3.8810E+01     HZ2       868

 BOND    =     5398.4541  ANGLE   =      145.6620  DIHED      =     1707.0943
 VDWAALS =    10622.9912  EEL     =  -110318.7889  HBOND      =        0.0000
 1-4 VDW =      683.6862  1-4 EEL =     9322.4512  RESTRAINT  =      145.9555
 EAMBER  =   -82438.4498


   NSTEP       ENERGY          RMS            GMAX         NAME    NUMBER
    225      -8.2393E+04     1.3962E+00     7.5092E+01     HZ1      1761

 BOND    =     5466.8749  ANGLE   =      163.0354  DIHED      =     1707.3516
 VDWAALS =    10782.6983  EEL     =  -110696.6419  HBOND      =        0.0000
 1-4 VDW =      684.6500  1-4 EEL =     9322.3039  RESTRAINT  =      176.6798
 EAMBER  =   -82569.7277


   NSTEP       ENERGY          RMS            GMAX         NAME    NUMBER
    230      -8.2396E+04     1.3356E+00     7.4604E+01     HZ1      1761

 BOND    =     5464.2403  ANGLE   =      162.4688  DIHED      =     1707.3419
 VDWAALS =    10782.7164  EEL     =  -110696.0577  HBOND      =        0.0000
 1-4 VDW =      684.6399  1-4 EEL =     9322.2978  RESTRAINT  =      175.9415
 EAMBER  =   -82572.3526


   NSTEP       ENERGY          RMS            GMAX         NAME    NUMBER
    235      -8.2498E+04     9.9664E-01     6.9534E+01     CE        863

 BOND    =     5446.2872  ANGLE   =      146.0237  DIHED      =     1706.9656
 VDWAALS =    10811.4683  EEL     =  -110762.0130  HBOND      =        0.0000
 1-4 VDW =      683.9104  1-4 EEL =     9323.4889  RESTRAINT  =      146.0841
 EAMBER  =   -82643.8687


   NSTEP       ENERGY          RMS            GMAX         NAME    NUMBER
    240      -8.2542E+04     9.9992E-01     6.0993E+01     CE        863

 BOND    =     5487.7674  ANGLE   =      146.3410  DIHED      =     1706.9576
 VDWAALS =    10851.0767  EEL     =  -110892.5493  HBOND      =        0.0000
 1-4 VDW =      683.9283  1-4 EEL =     9323.5749  RESTRAINT  =      150.6336
 EAMBER  =   -82692.9035


   NSTEP       ENERGY          RMS            GMAX         NAME    NUMBER
    245      -8.2783E+04     1.3293E+00     5.9327E+01     CD        564

 BOND    =     5563.9309  ANGLE   =      156.0163  DIHED      =     1707.0813
 VDWAALS =    11258.0985  EEL     =  -111634.9168  HBOND      =        0.0000
 1-4 VDW =      683.8471  1-4 EEL =     9322.5848  RESTRAINT  =      160.1562
 EAMBER  =   -82943.3579


   NSTEP       ENERGY          RMS            GMAX         NAME    NUMBER
    250      -8.2937E+04     1.7454E+00     9.6266E+01     NZ        866

 BOND    =     5576.7083  ANGLE   =      160.1212  DIHED      =     1708.0007
 VDWAALS =    11583.7600  EEL     =  -112138.9610  HBOND      =        0.0000
 1-4 VDW =      684.6401  1-4 EEL =     9321.7729  RESTRAINT  =      166.4706
 EAMBER  =   -83103.9578


   NSTEP       ENERGY          RMS            GMAX         NAME    NUMBER
    255      -8.2941E+04     1.6862E+00     9.3057E+01     NZ        866

 BOND    =     5575.3306  ANGLE   =      159.5937  DIHED      =     1707.9764
 VDWAALS =    11583.2691  EEL     =  -112139.9808  HBOND      =        0.0000
 1-4 VDW =      684.6192  1-4 EEL =     9321.7640  RESTRAINT  =      165.9862
 EAMBER  =   -83107.4278


   NSTEP       ENERGY          RMS            GMAX         NAME    NUMBER
    260      -8.3128E+04     1.1239E+00     6.4206E+01     CE       1757

 BOND    =     5632.1049  ANGLE   =      149.9572  DIHED      =     1707.1002
 VDWAALS =    11505.3330  EEL     =  -112277.6420  HBOND      =        0.0000
 1-4 VDW =      685.0168  1-4 EEL =     9321.6897  RESTRAINT  =      148.5267
 EAMBER  =   -83276.4403


   NSTEP       ENERGY          RMS            GMAX         NAME    NUMBER
    265      -8.3224E+04     1.0389E+00     8.2222E+01     HZ1      1761

 BOND    =     5604.9638  ANGLE   =      150.2386  DIHED      =     1706.8525
 VDWAALS =    11464.2545  EEL     =  -112314.0262  HBOND      =        0.0000
 1-4 VDW =      683.7703  1-4 EEL =     9323.3299  RESTRAINT  =      156.6233
 EAMBER  =   -83380.6166


   NSTEP       ENERGY          RMS            GMAX         NAME    NUMBER
    270      -8.3316E+04     7.8488E-01     4.5024E+01     CD       1268

 BOND    =     5613.7695  ANGLE   =      144.6212  DIHED      =     1706.9700
 VDWAALS =    11487.3307  EEL     =  -112419.4631  HBOND      =        0.0000
 1-4 VDW =      683.9314  1-4 EEL =     9322.2219  RESTRAINT  =      144.8352
 EAMBER  =   -83460.6183


   NSTEP       ENERGY          RMS            GMAX         NAME    NUMBER
    275      -8.3359E+04     1.0384E+00     4.5649E+01     CE        863

 BOND    =     5634.9513  ANGLE   =      149.4971  DIHED      =     1707.0445
 VDWAALS =    11540.0154  EEL     =  -112548.3187  HBOND      =        0.0000
 1-4 VDW =      684.3899  1-4 EEL =     9321.7774  RESTRAINT  =      152.1406
 EAMBER  =   -83510.6431


   NSTEP       ENERGY          RMS            GMAX         NAME    NUMBER
    280      -8.3361E+04     9.6309E-01     4.3064E+01     CE        863

 BOND    =     5633.0571  ANGLE   =      149.0977  DIHED      =     1707.0267
 VDWAALS =    11540.2270  EEL     =  -112548.6060  HBOND      =        0.0000
 1-4 VDW =      684.3841  1-4 EEL =     9321.7738  RESTRAINT  =      151.7165
 EAMBER  =   -83513.0395


   NSTEP       ENERGY          RMS            GMAX         NAME    NUMBER
    285      -8.3420E+04     7.7133E-01     3.6147E+01     NZ        866

 BOND    =     5610.6229  ANGLE   =      144.7632  DIHED      =     1707.2426
 VDWAALS =    11574.3788  EEL     =  -112607.6091  HBOND      =        0.0000
 1-4 VDW =      683.6072  1-4 EEL =     9322.5871  RESTRAINT  =      144.4855
 EAMBER  =   -83564.4074


   NSTEP       ENERGY          RMS            GMAX         NAME    NUMBER
    290      -8.3487E+04     9.6872E-01     7.7077E+01     HZ1      1761

 BOND    =     5678.3311  ANGLE   =      148.3324  DIHED      =     1706.8934
 VDWAALS =    11667.6850  EEL     =  -112849.7188  HBOND      =        0.0000
 1-4 VDW =      683.9885  1-4 EEL =     9322.9008  RESTRAINT  =      154.6166
 EAMBER  =   -83641.5875


   NSTEP       ENERGY          RMS            GMAX         NAME    NUMBER
    295      -8.3615E+04     1.1368E+00     8.3529E+01     CD        564

 BOND    =     5671.3431  ANGLE   =      148.7174  DIHED      =     1706.8148
 VDWAALS =    11905.2470  EEL     =  -113200.8258  HBOND      =        0.0000
 1-4 VDW =      684.3541  1-4 EEL =     9321.5610  RESTRAINT  =      147.6145
 EAMBER  =   -83762.7883


   NSTEP       ENERGY          RMS            GMAX         NAME    NUMBER
    300      -8.3719E+04     1.5324E+00     7.5758E+01     CD        564

 BOND    =     5726.9608  ANGLE   =      159.5375  DIHED      =     1707.8425
 VDWAALS =    12113.2390  EEL     =  -113599.6026  HBOND      =        0.0000
 1-4 VDW =      684.5637  1-4 EEL =     9321.4404  RESTRAINT  =      167.1151
 EAMBER  =   -83886.0188


   NSTEP       ENERGY          RMS            GMAX         NAME    NUMBER
    305      -8.3723E+04     1.4723E+00     6.9953E+01     NZ        866

 BOND    =     5725.4312  ANGLE   =      159.0017  DIHED      =     1707.8192
 VDWAALS =    12112.7365  EEL     =  -113600.0922  HBOND      =        0.0000
 1-4 VDW =      684.5489  1-4 EEL =     9321.4286  RESTRAINT  =      166.5669
 EAMBER  =   -83889.1261


   NSTEP       ENERGY          RMS            GMAX         NAME    NUMBER
    310      -8.3860E+04     1.0268E+00     6.4667E+01     NZ        866

 BOND    =     5739.1638  ANGLE   =      149.0163  DIHED      =     1706.8593
 VDWAALS =    12055.3802  EEL     =  -113664.0715  HBOND      =        0.0000
 1-4 VDW =      684.6924  1-4 EEL =     9321.7313  RESTRAINT  =      147.6049
 EAMBER  =   -84007.2282


   NSTEP       ENERGY          RMS            GMAX         NAME    NUMBER
    315      -8.3916E+04     8.8029E-01     7.1355E+01     HZ1      1761

 BOND    =     5736.8360  ANGLE   =      148.0354  DIHED      =     1706.7916
 VDWAALS =    12031.8476  EEL     =  -113699.6957  HBOND      =        0.0000
 1-4 VDW =      683.8730  1-4 EEL =     9322.8974  RESTRAINT  =      152.9802
 EAMBER  =   -84069.4146


   NSTEP       ENERGY          RMS            GMAX         NAME    NUMBER
    320      -8.4001E+04     6.3660E-01     3.6464E+01     CD       1268

 BOND    =     5739.2165  ANGLE   =      144.0599  DIHED      =     1706.9659
 VDWAALS =    12053.9059  EEL     =  -113795.7622  HBOND      =        0.0000
 1-4 VDW =      683.9741  1-4 EEL =     9322.1615  RESTRAINT  =      144.6595
 EAMBER  =   -84145.4783


   NSTEP       ENERGY          RMS            GMAX         NAME    NUMBER
    325      -8.4042E+04     1.0592E+00     5.6121E+01     CD       1268

 BOND    =     5750.9410  ANGLE   =      151.2531  DIHED      =     1707.2025
 VDWAALS =    12106.9322  EEL     =  -113917.4004  HBOND      =        0.0000
 1-4 VDW =      684.5268  1-4 EEL =     9321.2816  RESTRAINT  =      153.0847
 EAMBER  =   -84195.2633


   NSTEP       ENERGY          RMS            GMAX         NAME    NUMBER
    330      -8.4045E+04     9.8199E-01     4.8030E+01     CD       1268

 BOND    =     5749.7713  ANGLE   =      150.7546  DIHED      =     1707.1749
 VDWAALS =    12107.1356  EEL     =  -113918.3611  HBOND      =        0.0000
 1-4 VDW =      684.5071  1-4 EEL =     9321.2954  RESTRAINT  =      152.6224
 EAMBER  =   -84197.7222


   NSTEP       ENERGY          RMS            GMAX         NAME    NUMBER
    335      -8.4098E+04     6.9295E-01     3.4419E+01     NZ        866

 BOND    =     5754.7948  ANGLE   =      144.6200  DIHED      =     1707.3636
 VDWAALS =    12134.6217  EEL     =  -113990.0604  HBOND      =        0.0000
 1-4 VDW =      683.7175  1-4 EEL =     9322.4077  RESTRAINT  =      144.3060
 EAMBER  =   -84242.5352


   NSTEP       ENERGY          RMS            GMAX         NAME    NUMBER
    340      -8.4157E+04     8.5304E-01     6.8475E+01     HZ1      1761

 BOND    =     5787.9502  ANGLE   =      147.5765  DIHED      =     1706.7818
 VDWAALS =    12217.5865  EEL     =  -114176.7598  HBOND      =        0.0000
 1-4 VDW =      684.0104  1-4 EEL =     9322.8589  RESTRAINT  =      153.0489
 EAMBER  =   -84309.9956


   NSTEP       ENERGY          RMS            GMAX         NAME    NUMBER
    345      -8.4257E+04     1.0124E+00     7.6503E+01     CD        564

 BOND    =     5805.0153  ANGLE   =      147.0029  DIHED      =     1706.7989
 VDWAALS =    12414.8236  EEL     =  -114482.4882  HBOND      =        0.0000
 1-4 VDW =      684.2763  1-4 EEL =     9321.6019  RESTRAINT  =      145.8726
 EAMBER  =   -84402.9693


   NSTEP       ENERGY          RMS            GMAX         NAME    NUMBER
    350      -8.4336E+04     1.3475E+00     7.6860E+01     NZ        866

 BOND    =     5840.9903  ANGLE   =      154.4197  DIHED      =     1707.7369
 VDWAALS =    12590.1340  EEL     =  -114793.6719  HBOND      =        0.0000
 1-4 VDW =      684.2939  1-4 EEL =     9321.2581  RESTRAINT  =      158.7942
 EAMBER  =   -84494.8392


   NSTEP       ENERGY          RMS            GMAX         NAME    NUMBER
    355      -8.4339E+04     1.2825E+00     7.0719E+01     NZ        866

 BOND    =     5839.5299  ANGLE   =      153.9209  DIHED      =     1707.7108
 VDWAALS =    12589.6273  EEL     =  -114794.0845  HBOND      =        0.0000
 1-4 VDW =      684.2864  1-4 EEL =     9321.2553  RESTRAINT  =      158.3323
 EAMBER  =   -84497.7539


   NSTEP       ENERGY          RMS            GMAX         NAME    NUMBER
    360      -8.4448E+04     8.9149E-01     5.4940E+01     CE       1757

 BOND    =     5841.9227  ANGLE   =      148.3277  DIHED      =     1706.8432
 VDWAALS =    12539.0181  EEL     =  -114837.8687  HBOND      =        0.0000
 1-4 VDW =      684.5077  1-4 EEL =     9321.8042  RESTRAINT  =      146.9559
 EAMBER  =   -84595.4450


   NSTEP       ENERGY          RMS            GMAX         NAME    NUMBER
    365      -8.4499E+04     7.9388E-01     6.4228E+01     HZ1      1761

 BOND    =     5848.1463  ANGLE   =      147.5161  DIHED      =     1706.7386
 VDWAALS =    12516.1819  EEL     =  -114876.2966  HBOND      =        0.0000
 1-4 VDW =      683.9197  1-4 EEL =     9322.9364  RESTRAINT  =      151.8026
 EAMBER  =   -84650.8575


   NSTEP       ENERGY          RMS            GMAX         NAME    NUMBER
    370      -8.4563E+04     5.3792E-01     2.2712E+01     CD       1268

 BOND    =     5844.7828  ANGLE   =      143.8189  DIHED      =     1707.0210
 VDWAALS =    12537.4145  EEL     =  -114946.7938  HBOND      =        0.0000
 1-4 VDW =      683.9533  1-4 EEL =     9322.0453  RESTRAINT  =      144.2956
 EAMBER  =   -84707.7580


   NSTEP       ENERGY          RMS            GMAX         NAME    NUMBER
    375      -8.4600E+04     9.8981E-01     5.1362E+01     CD       1268

 BOND    =     5856.8274  ANGLE   =      150.9799  DIHED      =     1707.1995
 VDWAALS =    12588.7957  EEL     =  -115062.0025  HBOND      =        0.0000
 1-4 VDW =      684.5240  1-4 EEL =     9321.1759  RESTRAINT  =      152.6094
 EAMBER  =   -84752.5000


   NSTEP       ENERGY          RMS            GMAX         NAME    NUMBER
    380      -8.4603E+04     9.1305E-01     4.5207E+01     CE        863

 BOND    =     5855.8357  ANGLE   =      150.4982  DIHED      =     1707.1716
 VDWAALS =    12589.0208  EEL     =  -115062.9667  HBOND      =        0.0000
 1-4 VDW =      684.4968  1-4 EEL =     9321.1947  RESTRAINT  =      152.1549
 EAMBER  =   -84754.7490


   NSTEP       ENERGY          RMS            GMAX         NAME    NUMBER
    385      -8.4647E+04     5.8004E-01     2.9138E+01     NZ        866

 BOND    =     5863.0717  ANGLE   =      144.1564  DIHED      =     1707.3061
 VDWAALS =    12612.2120  EEL     =  -115124.0236  HBOND      =        0.0000
 1-4 VDW =      683.8111  1-4 EEL =     9322.3133  RESTRAINT  =      143.9174
 EAMBER  =   -84791.1530


   NSTEP       ENERGY          RMS            GMAX         NAME    NUMBER
    390      -8.4693E+04     7.6024E-01     6.0386E+01     HZ1      1761

 BOND    =     5885.4987  ANGLE   =      147.0849  DIHED      =     1706.7236
 VDWAALS =    12680.6731  EEL     =  -115271.2338  HBOND      =        0.0000
 1-4 VDW =      684.0355  1-4 EEL =     9322.8417  RESTRAINT  =      151.6363
 EAMBER  =   -84844.3764


   NSTEP       ENERGY          RMS            GMAX         NAME    NUMBER
    395      -8.4777E+04     9.1913E-01     6.1735E+01     CD        564

 BOND    =     5912.2762  ANGLE   =      146.4130  DIHED      =     1706.7947
 VDWAALS =    12859.9379  EEL     =  -115553.3623  HBOND      =        0.0000
 1-4 VDW =      684.2762  1-4 EEL =     9321.6993  RESTRAINT  =      145.1530
 EAMBER  =   -84921.9650


   NSTEP       ENERGY          RMS            GMAX         NAME    NUMBER
    400      -8.4837E+04     1.1642E+00     6.9180E+01     NZ        866

 BOND    =     5933.9617  ANGLE   =      151.0190  DIHED      =     1707.5958
 VDWAALS =    13003.5705  EEL     =  -115791.6448  HBOND      =        0.0000
 1-4 VDW =      684.1749  1-4 EEL =     9321.2905  RESTRAINT  =      153.4831
 EAMBER  =   -84990.0325


   NSTEP       ENERGY          RMS            GMAX         NAME    NUMBER
    405      -8.4840E+04     1.0972E+00     6.2667E+01     NZ        866

 BOND    =     5932.6554  ANGLE   =      150.5835  DIHED      =     1707.5692
 VDWAALS =    13003.0803  EEL     =  -115791.9848  HBOND      =        0.0000
 1-4 VDW =      684.1730  1-4 EEL =     9321.2929  RESTRAINT  =      153.0985
 EAMBER  =   -84992.6304


   NSTEP       ENERGY          RMS            GMAX         NAME    NUMBER
    410      -8.4926E+04     7.8409E-01     4.8303E+01     CE       1757

 BOND    =     5935.8271  ANGLE   =      147.8433  DIHED      =     1706.8141
 VDWAALS =    12957.1793  EEL     =  -115826.7756  HBOND      =        0.0000
 1-4 VDW =      684.4380  1-4 EEL =     9321.8984  RESTRAINT  =      146.3686
 EAMBER  =   -85072.7754


   NSTEP       ENERGY          RMS            GMAX         NAME    NUMBER
    415      -8.4969E+04     7.1261E-01     5.5600E+01     HZ1      1761

 BOND    =     5941.4219  ANGLE   =      146.8015  DIHED      =     1706.6943
 VDWAALS =    12935.0862  EEL     =  -115856.1943  HBOND      =        0.0000
 1-4 VDW =      684.0152  1-4 EEL =     9322.8938  RESTRAINT  =      150.0419
 EAMBER  =   -85119.2815


   NSTEP       ENERGY          RMS            GMAX         NAME    NUMBER
    420      -8.5018E+04     4.7544E-01     2.0477E+01     CG       1686

 BOND    =     5935.9960  ANGLE   =      143.8205  DIHED      =     1707.0209
 VDWAALS =    12952.3097  EEL     =  -115907.0882  HBOND      =        0.0000
 1-4 VDW =      683.9875  1-4 EEL =     9321.9861  RESTRAINT  =      144.0129
 EAMBER  =   -85161.9675


   NSTEP       ENERGY          RMS            GMAX         NAME    NUMBER
    425      -8.5048E+04     9.0707E-01     4.7631E+01     CD       1419

 BOND    =     5951.3460  ANGLE   =      150.4153  DIHED      =     1707.1617
 VDWAALS =    12996.4850  EEL     =  -116011.4871  HBOND      =        0.0000
 1-4 VDW =      684.5185  1-4 EEL =     9321.1218  RESTRAINT  =      151.9414
 EAMBER  =   -85200.4389


   NSTEP       ENERGY          RMS            GMAX         NAME    NUMBER
    430      -8.5051E+04     8.3115E-01     4.1282E+01     CE        863

 BOND    =     5950.2672  ANGLE   =      149.9569  DIHED      =     1707.1351
 VDWAALS =    12996.7107  EEL     =  -116012.1674  HBOND      =        0.0000
 1-4 VDW =      684.4875  1-4 EEL =     9321.1451  RESTRAINT  =      151.4916
 EAMBER  =   -85202.4649


   NSTEP       ENERGY          RMS            GMAX         NAME    NUMBER
    435      -8.5088E+04     5.0704E-01     2.5586E+01     NZ        866

 BOND    =     5950.8435  ANGLE   =      143.9336  DIHED      =     1707.2339
 VDWAALS =    13015.4578  EEL     =  -116055.3762  HBOND      =        0.0000
 1-4 VDW =      683.9049  1-4 EEL =     9322.2454  RESTRAINT  =      143.5452
 EAMBER  =   -85231.7571


   NSTEP       ENERGY          RMS            GMAX         NAME    NUMBER
    440      -8.5122E+04     6.7787E-01     5.2964E+01     HZ1      1761

 BOND    =     5971.2424  ANGLE   =      146.5698  DIHED      =     1706.6812
 VDWAALS =    13066.3285  EEL     =  -116169.6716  HBOND      =        0.0000
 1-4 VDW =      684.0745  1-4 EEL =     9322.8247  RESTRAINT  =      149.9858
 EAMBER  =   -85271.9505


   NSTEP       ENERGY          RMS            GMAX         NAME    NUMBER
    445      -8.5198E+04     8.5132E-01     4.3291E+01     CD       1419

 BOND    =     5996.8849  ANGLE   =      146.1944  DIHED      =     1706.7478
 VDWAALS =    13229.0866  EEL     =  -116427.5440  HBOND      =        0.0000
 1-4 VDW =      684.3308  1-4 EEL =     9321.7380  RESTRAINT  =      144.7817
 EAMBER  =   -85342.5615


   NSTEP       ENERGY          RMS            GMAX         NAME    NUMBER
    450      -8.5248E+04     1.0376E+00     6.7067E+01     NZ        866

 BOND    =     6013.7179  ANGLE   =      149.1887  DIHED      =     1707.4625
 VDWAALS =    13354.3811  EEL     =  -116628.4946  HBOND      =        0.0000
 1-4 VDW =      684.1546  1-4 EEL =     9321.3959  RESTRAINT  =      150.2953
 EAMBER  =   -85398.1939


   NSTEP       ENERGY          RMS            GMAX         NAME    NUMBER
    455      -8.5251E+04     9.7201E-01     6.0059E+01     NZ        866

 BOND    =     6012.5975  ANGLE   =      148.8019  DIHED      =     1707.4371
 VDWAALS =    13353.8877  EEL     =  -116628.8271  HBOND      =        0.0000
 1-4 VDW =      684.1547  1-4 EEL =     9321.3986  RESTRAINT  =      149.9708
 EAMBER  =   -85400.5496


   NSTEP       ENERGY          RMS            GMAX         NAME    NUMBER
    460      -8.5327E+04     7.3211E-01     4.4501E+01     CE       1757

 BOND    =     6016.5135  ANGLE   =      147.7440  DIHED      =     1706.7580
 VDWAALS =    13309.0585  EEL     =  -116659.8196  HBOND      =        0.0000
 1-4 VDW =      684.4279  1-4 EEL =     9321.9303  RESTRAINT  =      146.0531
 EAMBER  =   -85473.3874


   NSTEP       ENERGY          RMS            GMAX         NAME    NUMBER
    465      -8.5367E+04     6.5008E-01     4.9344E+01     HZ1      1761

 BOND    =     6020.8796  ANGLE   =      146.3959  DIHED      =     1706.6378
 VDWAALS =    13286.7474  EEL     =  -116682.8492  HBOND      =        0.0000
 1-4 VDW =      684.0538  1-4 EEL =     9322.8220  RESTRAINT  =      148.7314
 EAMBER  =   -85515.3128


   NSTEP       ENERGY          RMS            GMAX         NAME    NUMBER
    470      -8.5405E+04     4.4285E-01     2.0729E+01     CD       1419

 BOND    =     6014.2955  ANGLE   =      143.9140  DIHED      =     1706.9829
 VDWAALS =    13300.5190  EEL     =  -116720.0212  HBOND      =        0.0000
 1-4 VDW =      684.0130  1-4 EEL =     9321.9452  RESTRAINT  =      143.7715
 EAMBER  =   -85548.3516


   NSTEP       ENERGY          RMS            GMAX         NAME    NUMBER
    475      -8.5431E+04     8.4836E-01     4.8850E+01     CD       1419

 BOND    =     6031.4344  ANGLE   =      149.9341  DIHED      =     1707.1028
 VDWAALS =    13338.6260  EEL     =  -116814.9628  HBOND      =        0.0000
 1-4 VDW =      684.4969  1-4 EEL =     9321.0825  RESTRAINT  =      151.2197
 EAMBER  =   -85582.2860


   NSTEP       ENERGY          RMS            GMAX         NAME    NUMBER
    480      -8.5433E+04     7.6982E-01     3.9918E+01     CD       1419

 BOND    =     6030.2782  ANGLE   =      149.4884  DIHED      =     1707.0767
 VDWAALS =    13338.8450  EEL     =  -116815.4739  HBOND      =        0.0000
 1-4 VDW =      684.4630  1-4 EEL =     9321.1110  RESTRAINT  =      150.7761
 EAMBER  =   -85584.2115


   NSTEP       ENERGY          RMS            GMAX         NAME    NUMBER
    485      -8.5466E+04     4.8799E-01     2.3796E+01     NZ        866

 BOND    =     6026.6836  ANGLE   =      143.9703  DIHED      =     1707.1806
 VDWAALS =    13354.9551  EEL     =  -116847.8940  HBOND      =        0.0000
 1-4 VDW =      683.9453  1-4 EEL =     9322.2161  RESTRAINT  =      143.3280
 EAMBER  =   -85608.9430


   NSTEP       ENERGY          RMS            GMAX         NAME    NUMBER
    490      -8.5492E+04     6.2228E-01     4.7076E+01     HZ1      1761

 BOND    =     6046.2600  ANGLE   =      146.2631  DIHED      =     1706.6290
 VDWAALS =    13393.6975  EEL     =  -116940.5853  HBOND      =        0.0000
 1-4 VDW =      684.1028  1-4 EEL =     9322.7374  RESTRAINT  =      148.6533
 EAMBER  =   -85640.8955


   NSTEP       ENERGY          RMS            GMAX         NAME    NUMBER
    495      -8.5561E+04     8.0771E-01     5.0960E+01     CG       2065

 BOND    =     6066.8939  ANGLE   =      145.9208  DIHED      =     1706.7012
 VDWAALS =    13539.5053  EEL     =  -117170.2254  HBOND      =        0.0000
 1-4 VDW =      684.3136  1-4 EEL =     9321.8054  RESTRAINT  =      144.4428
 EAMBER  =   -85705.0852


   NSTEP       ENERGY          RMS            GMAX         NAME    NUMBER
    500      -8.5603E+04     9.4553E-01     6.7249E+01     NZ        866

 BOND    =     6082.1522  ANGLE   =      148.1666  DIHED      =     1707.3331
 VDWAALS =    13646.8257  EEL     =  -117341.9289  HBOND      =        0.0000
 1-4 VDW =      684.1445  1-4 EEL =     9321.5198  RESTRAINT  =      148.4581
 EAMBER  =   -85751.7870


  Maximum number of minimization cycles reached.


                    FINAL RESULTS



   NSTEP       ENERGY          RMS            GMAX         NAME    NUMBER
    500      -8.5603E+04     9.4553E-01     6.7249E+01     NZ        866

 BOND    =     6082.1522  ANGLE   =      148.1666  DIHED      =     1707.3331
 VDWAALS =    13646.8257  EEL     =  -117341.9289  HBOND      =        0.0000
 1-4 VDW =      684.1445  1-4 EEL =     9321.5198  RESTRAINT  =      148.4581
 EAMBER  =   -85751.7870
--------------------------------------------------------------------------------
   5.  TIMINGS
--------------------------------------------------------------------------------

|  NonSetup CPU Time in Major Routines:
|
|     Routine           Sec        %
|     ------------------------------
|     Nonbond          40.40   96.75
|     Bond              0.15    0.35
|     Angle             0.11    0.27
|     Dihedral          0.96    2.30
|     Shake             0.00    0.00
|     Other             0.14    0.33
|     ------------------------------
|     Total            41.75

|  PME Nonbond Pairlist CPU Time:
|
|     Routine              Sec        %
|     ---------------------------------
|     Set Up Cit           0.02    0.04
|     Build List           1.01    2.41
|     ---------------------------------
|     Total                1.02    2.45

|  PME Direct Force CPU Time:
|
|     Routine              Sec        %
|     ---------------------------------
|     NonBonded Calc      26.55   63.58
|     Exclude Masked       0.54    1.29
|     Other                0.10    0.23
|     ---------------------------------
|     Total               27.18   65.11

|  PME Reciprocal Force CPU Time:
|
|     Routine              Sec        %
|     ---------------------------------
|     1D bspline           0.40    0.95
|     Grid Charges         0.68    1.64
|     Scalar Sum           4.32   10.34
|     Gradient Sum         1.40    3.35
|     FFT                  5.34   12.80
|     ---------------------------------
|     Total               12.14   29.08

|  Setup CPU time:            0.16 seconds
|  NonSetup CPU time:        41.75 seconds
|  Total CPU time:           41.91 seconds     0.01 hours

|  Setup wall time:           0    seconds
|  NonSetup wall time:       42    seconds
|  Total wall time:          42    seconds     0.01 hours
