
          -------------------------------------------------------
          Amber 16 PMEMD                              2016
          -------------------------------------------------------

| PMEMD implementation of SANDER, Release 16

| Run on 04/11/2018 at 22:36:10

|   Executable path: pmemd
| Working directory: /home/german/lbp/run/4uet/mhe/m
|          Hostname: Unknown
  [-O]verwriting output

File Assignments:
|   MDIN: mmin.in                                                               
|  MDOUT: mmin.out                                                              
| INPCRD: m4uet.rst7                                                            
|   PARM: /home/german/lbp/top_files/4uet.prmtop                                
| RESTRT: mm4uet.rst7                                                           
|   REFC: 4uet.rst7                                                             
|  MDVEL: mdvel                                                                 
|   MDEN: mden                                                                  
|  MDCRD: mdcrd                                                                 
| MDINFO: mdinfo                                                                
|  MDFRC: mdfrc                                                                 


 Here is the input file:

Minimization with Cartesian restraints                                         
&cntrl                                                                         
imin=1,                                                                        
ntmin=1,                                ! Steepest Descent, then Conjugate Grad
ncyc=100,                               ! 100 steps of Steepest Descent        
maxcyc=500,                             ! 400 steps of Conjugate Gradient      
ntpr=5,                                                                        
&end                                                                           


Note: ig = -1. Setting random seed to   318020 based on wallclock time in 
      microseconds.
 
 
| Conditional Compilation Defines Used:
| PUBFFT
| BINTRAJ
| EMIL

| Largest sphere to fit in unit cell has radius =    28.713

| New format PARM file being parsed.
| Version =    1.000 Date = 04/11/18 Time = 21:43:05

| Note: 1-4 EEL scale factors are being read from the topology file.

| Note: 1-4 VDW scale factors are being read from the topology file.
| Duplicated    0 dihedrals

| Duplicated    0 dihedrals

--------------------------------------------------------------------------------
   1.  RESOURCE   USE: 
--------------------------------------------------------------------------------

 getting box info from netcdf restart file
 NATOM  =   23206 NTYPES =      17 NBONH =   22004 MBONA  =    1220
 NTHETH =    2839 MTHETA =    1632 NPHIH =    5501 MPHIA  =    5045
 NHPARM =       0 NPARM  =       0 NNB   =   41187 NRES   =    7084
 NBONA  =    1220 NTHETA =    1632 NPHIA =    5045 NUMBND =      58
 NUMANG =     130 NPTRA  =     163 NATYP =      31 NPHB   =       1
 IFBOX  =       2 NMXRS  =      24 IFCAP =       0 NEXTRA =       0
 NCOPY  =       0

| Coordinate Index Table dimensions:    13   13   13
| Direct force subcell size =     5.4101    5.4101    5.4101

     BOX TYPE: TRUNCATED OCTAHEDRON

--------------------------------------------------------------------------------
   2.  CONTROL  DATA  FOR  THE  RUN
--------------------------------------------------------------------------------

default_name                                                                    

General flags:
     imin    =       1, nmropt  =       0

Nature and format of input:
     ntx     =       1, irest   =       0, ntrx    =       1

Nature and format of output:
     ntxo    =       2, ntpr    =       5, ntrx    =       1, ntwr    =       1
     iwrap   =       0, ntwx    =       0, ntwv    =       0, ntwe    =       0
     ioutfm  =       1, ntwprt  =       0, idecomp =       0, rbornstat=      0

Potential function:
     ntf     =       1, ntb     =       1, igb     =       0, nsnb    =      25
     ipol    =       0, gbsa    =       0, iesp    =       0
     dielc   =   1.00000, cut     =   8.00000, intdiel =   1.00000

Frozen or restrained atoms:
     ibelly  =       0, ntr     =       0

Energy minimization:
     maxcyc  =     500, ncyc    =     100, ntmin   =       1
     dx0     =   0.01000, drms    =   0.00010

| Intermolecular bonds treatment:
|     no_intermolecular_bonds =       1

| Energy averages sample interval:
|     ene_avg_sampling =       1

Ewald parameters:
     verbose =       0, ew_type =       0, nbflag  =       1, use_pme =       1
     vdwmeth =       1, eedmeth =       1, netfrc  =       0
     Box X =   70.331   Box Y =   70.331   Box Z =   70.331
     Alpha =  109.471   Beta  =  109.471   Gamma =  109.471
     NFFT1 =   72       NFFT2 =   72       NFFT3 =   72
     Cutoff=    8.000   Tol   =0.100E-04
     Ewald Coefficient =  0.34864
     Interpolation order =    4

--------------------------------------------------------------------------------
   3.  ATOMIC COORDINATES AND VELOCITIES
--------------------------------------------------------------------------------

default_name                                                                    
 begin time read from input coords =     0.000 ps

 
 Number of triangulated 3-point waters found:     6925

     Sum of charges from parm topology file =  -0.00000007
     Forcing neutrality...

| Dynamic Memory, Types Used:
| Reals              635633
| Integers           726422

| Nonbonded Pairs Initial Allocation:     3875982

--------------------------------------------------------------------------------
   4.  RESULTS
--------------------------------------------------------------------------------

 ---------------------------------------------------
 APPROXIMATING switch and d/dx switch using CUBIC SPLINE INTERPOLATION
 using   5000.0 points per unit in tabled values
 TESTING RELATIVE ERROR over r ranging from 0.0 to cutoff
| CHECK switch(x): max rel err =   0.2738E-14   at   2.422500
| CHECK d/dx switch(x): max rel err =   0.8332E-11   at   2.782960
 ---------------------------------------------------
|---------------------------------------------------
| APPROXIMATING direct energy using CUBIC SPLINE INTERPOLATION
|  with   50.0 points per unit in tabled values
| Relative Error Limit not exceeded for r .gt.   2.47
| APPROXIMATING direct force using CUBIC SPLINE INTERPOLATION
|  with   50.0 points per unit in tabled values
| Relative Error Limit not exceeded for r .gt.   2.89
|---------------------------------------------------


   NSTEP       ENERGY          RMS            GMAX         NAME    NUMBER
      1      -8.6156E+04     1.2000E+00     3.6513E+01     CG       2065

 BOND    =     6135.5190  ANGLE   =      155.8683  DIHED      =     1692.5438
 VDWAALS =    13841.9009  EEL     =  -117924.2323  HBOND      =        0.0000
 1-4 VDW =      686.4503  1-4 EEL =     9255.8837  RESTRAINT  =        0.0000


   NSTEP       ENERGY          RMS            GMAX         NAME    NUMBER
      5      -8.6175E+04     1.0130E+00     2.1006E+01     HB3      2401

 BOND    =     6131.4277  ANGLE   =      156.6699  DIHED      =     1692.9079
 VDWAALS =    13834.3382  EEL     =  -117926.7061  HBOND      =        0.0000
 1-4 VDW =      684.1261  1-4 EEL =     9252.5289  RESTRAINT  =        0.0000


   NSTEP       ENERGY          RMS            GMAX         NAME    NUMBER
     10      -8.6218E+04     8.1887E-01     1.5488E+01     HB3      2401

 BOND    =     6132.5203  ANGLE   =      160.9551  DIHED      =     1694.4518
 VDWAALS =    13812.8625  EEL     =  -117938.2498  HBOND      =        0.0000
 1-4 VDW =      677.1556  1-4 EEL =     9241.8442  RESTRAINT  =        0.0000


   NSTEP       ENERGY          RMS            GMAX         NAME    NUMBER
     15      -8.6306E+04     6.4211E-01     1.4530E+01     HG       1994

 BOND    =     6139.2944  ANGLE   =      174.0508  DIHED      =     1699.1587
 VDWAALS =    13773.4007  EEL     =  -117967.9934  HBOND      =        0.0000
 1-4 VDW =      660.6063  1-4 EEL =     9215.6477  RESTRAINT  =        0.0000


   NSTEP       ENERGY          RMS            GMAX         NAME    NUMBER
     20      -8.6466E+04     4.5566E-01     1.3724E+01     HG       1994

 BOND    =     6149.3955  ANGLE   =      196.7551  DIHED      =     1708.2798
 VDWAALS =    13728.3500  EEL     =  -118037.4691  HBOND      =        0.0000
 1-4 VDW =      626.1967  1-4 EEL =     9162.9476  RESTRAINT  =        0.0000


   NSTEP       ENERGY          RMS            GMAX         NAME    NUMBER
     25      -8.6537E+04     4.2372E-01     1.2719E+01     HG       1994

 BOND    =     6155.8246  ANGLE   =      204.4993  DIHED      =     1711.8217
 VDWAALS =    13718.7378  EEL     =  -118077.3679  HBOND      =        0.0000
 1-4 VDW =      610.2904  1-4 EEL =     9139.4658  RESTRAINT  =        0.0000


   NSTEP       ENERGY          RMS            GMAX         NAME    NUMBER
     30      -8.6570E+04     9.9254E-01     2.7841E+01     CD        739

 BOND    =     6169.9964  ANGLE   =      208.7259  DIHED      =     1713.6341
 VDWAALS =    13715.6155  EEL     =  -118105.0737  HBOND      =        0.0000
 1-4 VDW =      600.9680  1-4 EEL =     9125.7677  RESTRAINT  =        0.0000


   NSTEP       ENERGY          RMS            GMAX         NAME    NUMBER
     35      -8.6602E+04     1.0631E+00     2.1450E+01     H1      11136

 BOND    =     6175.3846  ANGLE   =      212.0920  DIHED      =     1715.0096
 VDWAALS =    13714.2568  EEL     =  -118127.7186  HBOND      =        0.0000
 1-4 VDW =      593.7377  1-4 EEL =     9115.1036  RESTRAINT  =        0.0000


   NSTEP       ENERGY          RMS            GMAX         NAME    NUMBER
     40      -8.6630E+04     1.0227E+00     2.0707E+01     H1      11136

 BOND    =     6177.3238  ANGLE   =      214.8082  DIHED      =     1716.0575
 VDWAALS =    13713.8511  EEL     =  -118146.9222  HBOND      =        0.0000
 1-4 VDW =      587.9598  1-4 EEL =     9106.5236  RESTRAINT  =        0.0000


   NSTEP       ENERGY          RMS            GMAX         NAME    NUMBER
     45      -8.6658E+04     1.0601E+00     2.2434E+01     C        1984

 BOND    =     6181.4718  ANGLE   =      217.6969  DIHED      =     1717.0753
 VDWAALS =    13714.1189  EEL     =  -118168.1464  HBOND      =        0.0000
 1-4 VDW =      582.1701  1-4 EEL =     9097.8565  RESTRAINT  =        0.0000


   NSTEP       ENERGY          RMS            GMAX         NAME    NUMBER
     50      -8.6692E+04     3.3423E-01     8.9421E+00     HG       1994

 BOND    =     6170.2418  ANGLE   =      219.9811  DIHED      =     1717.9068
 VDWAALS =    13715.0421  EEL     =  -118183.7580  HBOND      =        0.0000
 1-4 VDW =      577.4236  1-4 EEL =     9090.8030  RESTRAINT  =        0.0000


   NSTEP       ENERGY          RMS            GMAX         NAME    NUMBER
     55      -8.6704E+04     1.1669E+00     2.5979E+01     C        1984

 BOND    =     6189.9210  ANGLE   =      222.6423  DIHED      =     1718.6657
 VDWAALS =    13716.0139  EEL     =  -118207.1963  HBOND      =        0.0000
 1-4 VDW =      572.7559  1-4 EEL =     9083.6354  RESTRAINT  =        0.0000


   NSTEP       ENERGY          RMS            GMAX         NAME    NUMBER
     60      -8.6726E+04     1.2153E+00     2.9262E+01     C        1984

 BOND    =     6194.2973  ANGLE   =      225.0979  DIHED      =     1719.3849
 VDWAALS =    13717.6794  EEL     =  -118227.9446  HBOND      =        0.0000
 1-4 VDW =      568.3686  1-4 EEL =     9076.9457  RESTRAINT  =        0.0000


   NSTEP       ENERGY          RMS            GMAX         NAME    NUMBER
     65      -8.6762E+04     3.8371E-01     8.3669E+00     C        1984

 BOND    =     6178.4851  ANGLE   =      226.9927  DIHED      =     1720.0282
 VDWAALS =    13719.9857  EEL     =  -118243.3373  HBOND      =        0.0000
 1-4 VDW =      564.5074  1-4 EEL =     9071.1807  RESTRAINT  =        0.0000


   NSTEP       ENERGY          RMS            GMAX         NAME    NUMBER
     70      -8.6780E+04     2.8892E-01     6.3064E+00     HG       1994

 BOND    =     6180.6467  ANGLE   =      228.6676  DIHED      =     1720.4949
 VDWAALS =    13721.7982  EEL     =  -118260.0759  HBOND      =        0.0000
 1-4 VDW =      561.5354  1-4 EEL =     9066.6065  RESTRAINT  =        0.0000


   NSTEP       ENERGY          RMS            GMAX         NAME    NUMBER
     75      -8.6801E+04     2.8526E-01     5.7203E+00     HG       1994

 BOND    =     6183.2451  ANGLE   =      230.6537  DIHED      =     1721.0276
 VDWAALS =    13724.4348  EEL     =  -118280.1068  HBOND      =        0.0000
 1-4 VDW =      558.1294  1-4 EEL =     9061.3715  RESTRAINT  =        0.0000


   NSTEP       ENERGY          RMS            GMAX         NAME    NUMBER
     80      -8.6822E+04     5.2498E-01     1.5328E+01     C        1984

 BOND    =     6186.7559  ANGLE   =      232.8573  DIHED      =     1721.5812
 VDWAALS =    13727.7261  EEL     =  -118301.5802  HBOND      =        0.0000
 1-4 VDW =      554.5711  1-4 EEL =     9055.9339  RESTRAINT  =        0.0000


   NSTEP       ENERGY          RMS            GMAX         NAME    NUMBER
     85      -8.6841E+04     3.6195E-01     9.0014E+00     C        1984

 BOND    =     6188.3263  ANGLE   =      234.3565  DIHED      =     1721.9615
 VDWAALS =    13730.4040  EEL     =  -118319.9945  HBOND      =        0.0000
 1-4 VDW =      552.0073  1-4 EEL =     9051.9481  RESTRAINT  =        0.0000


   NSTEP       ENERGY          RMS            GMAX         NAME    NUMBER
     90      -8.6860E+04     3.6576E-01     9.8008E+00     C        1984

 BOND    =     6190.7928  ANGLE   =      236.0143  DIHED      =     1722.3554
 VDWAALS =    13733.7299  EEL     =  -118339.8297  HBOND      =        0.0000
 1-4 VDW =      549.3321  1-4 EEL =     9047.8126  RESTRAINT  =        0.0000


   NSTEP       ENERGY          RMS            GMAX         NAME    NUMBER
     95      -8.6878E+04     4.0911E-01     1.2443E+01     C        1984

 BOND    =     6193.3548  ANGLE   =      237.6139  DIHED      =     1722.7174
 VDWAALS =    13737.2991  EEL     =  -118359.7086  HBOND      =        0.0000
 1-4 VDW =      546.8180  1-4 EEL =     9043.9276  RESTRAINT  =        0.0000


   NSTEP       ENERGY          RMS            GMAX         NAME    NUMBER
    100      -8.6892E+04     6.6364E-01     2.3351E+01     C        1984

 BOND    =     6197.1949  ANGLE   =      239.1410  DIHED      =     1723.0281
 VDWAALS =    13740.8859  EEL     =  -118377.4551  HBOND      =        0.0000
 1-4 VDW =      544.6319  1-4 EEL =     9040.5789  RESTRAINT  =        0.0000


   NSTEP       ENERGY          RMS            GMAX         NAME    NUMBER
    105      -8.6915E+04     2.5997E-01     4.5213E+00     C        1984

 BOND    =     6198.4413  ANGLE   =      240.5504  DIHED      =     1723.3560
 VDWAALS =    13745.0561  EEL     =  -118401.6713  HBOND      =        0.0000
 1-4 VDW =      542.1857  1-4 EEL =     9036.7122  RESTRAINT  =        0.0000


   NSTEP       ENERGY          RMS            GMAX         NAME    NUMBER
    110      -8.7272E+04     1.9061E+00     1.8403E+02     OE1       755

 BOND    =     6418.2039  ANGLE   =      315.1419  DIHED      =     1751.0494
 VDWAALS =    14010.6316  EEL     =  -119156.3748  HBOND      =        0.0000
 1-4 VDW =      468.0012  1-4 EEL =     8920.9999  RESTRAINT  =        0.0000


   NSTEP       ENERGY          RMS            GMAX         NAME    NUMBER
    115      -8.7414E+04     9.1126E-01     6.8033E+01     CD        754

 BOND    =     6363.2176  ANGLE   =      374.9917  DIHED      =     1763.2874
 VDWAALS =    14073.7663  EEL     =  -119333.2013  HBOND      =        0.0000
 1-4 VDW =      456.0107  1-4 EEL =     8887.8117  RESTRAINT  =        0.0000


   NSTEP       ENERGY          RMS            GMAX         NAME    NUMBER
    120      -8.7468E+04     1.0161E+00     5.8055E+01     O       18125

 BOND    =     6378.8791  ANGLE   =      404.2397  DIHED      =     1766.9633
 VDWAALS =    14102.8697  EEL     =  -119454.0308  HBOND      =        0.0000
 1-4 VDW =      458.1802  1-4 EEL =     8874.4656  RESTRAINT  =        0.0000


   NSTEP       ENERGY          RMS            GMAX         NAME    NUMBER
    125      -8.7581E+04     1.0552E+00     9.6685E+01     CD        754

 BOND    =     6415.0185  ANGLE   =      381.9715  DIHED      =     1766.7418
 VDWAALS =    14218.4992  EEL     =  -119682.7294  HBOND      =        0.0000
 1-4 VDW =      457.1638  1-4 EEL =     8862.5565  RESTRAINT  =        0.0000


   NSTEP       ENERGY          RMS            GMAX         NAME    NUMBER
    130      -8.7583E+04     9.8728E-01     8.6733E+01     CD        754

 BOND    =     6411.6670  ANGLE   =      381.7157  DIHED      =     1766.6505
 VDWAALS =    14218.5429  EEL     =  -119681.7119  HBOND      =        0.0000
 1-4 VDW =      457.1526  1-4 EEL =     8862.6460  RESTRAINT  =        0.0000


   NSTEP       ENERGY          RMS            GMAX         NAME    NUMBER
    135      -8.7629E+04     9.2594E-01     8.0273E+01     CD        754

 BOND    =     6386.1772  ANGLE   =      379.7801  DIHED      =     1758.6347
 VDWAALS =    14214.3544  EEL     =  -119703.7839  HBOND      =        0.0000
 1-4 VDW =      459.7120  1-4 EEL =     8875.7450  RESTRAINT  =        0.0000


   NSTEP       ENERGY          RMS            GMAX         NAME    NUMBER
    140      -8.7677E+04     7.5696E-01     5.9961E+01     CD        754

 BOND    =     6395.2801  ANGLE   =      366.1808  DIHED      =     1749.4911
 VDWAALS =    14238.6324  EEL     =  -119790.8854  HBOND      =        0.0000
 1-4 VDW =      466.1516  1-4 EEL =     8898.0178  RESTRAINT  =        0.0000


   NSTEP       ENERGY          RMS            GMAX         NAME    NUMBER
    145      -8.7760E+04     6.5150E-01     2.9434E+01     OE1       755

 BOND    =     6383.4910  ANGLE   =      319.4254  DIHED      =     1732.2574
 VDWAALS =    14279.4841  EEL     =  -119891.3951  HBOND      =        0.0000
 1-4 VDW =      481.6759  1-4 EEL =     8935.5386  RESTRAINT  =        0.0000


   NSTEP       ENERGY          RMS            GMAX         NAME    NUMBER
    150      -8.7829E+04     7.3846E-01     4.2143E+01     CD        564

 BOND    =     6384.7364  ANGLE   =      291.3564  DIHED      =     1715.9293
 VDWAALS =    14315.4233  EEL     =  -120020.0766  HBOND      =        0.0000
 1-4 VDW =      508.8465  1-4 EEL =     8974.7587  RESTRAINT  =        0.0000


   NSTEP       ENERGY          RMS            GMAX         NAME    NUMBER
    155      -8.7831E+04     6.7446E-01     3.3030E+01     CD        564

 BOND    =     6381.6433  ANGLE   =      291.0068  DIHED      =     1715.8945
 VDWAALS =    14315.3420  EEL     =  -120018.4242  HBOND      =        0.0000
 1-4 VDW =      508.8394  1-4 EEL =     8974.6963  RESTRAINT  =        0.0000


   NSTEP       ENERGY          RMS            GMAX         NAME    NUMBER
    160      -8.7863E+04     4.3508E-01     2.6280E+01     O       18125

 BOND    =     6367.3553  ANGLE   =      285.8327  DIHED      =     1714.4755
 VDWAALS =    14312.0603  EEL     =  -120024.1316  HBOND      =        0.0000
 1-4 VDW =      507.9048  1-4 EEL =     8973.8753  RESTRAINT  =        0.0000


   NSTEP       ENERGY          RMS            GMAX         NAME    NUMBER
    165      -8.7880E+04     5.3160E-01     2.6427E+01     CD        564

 BOND    =     6383.8582  ANGLE   =      288.0151  DIHED      =     1714.6543
 VDWAALS =    14313.8992  EEL     =  -120055.9650  HBOND      =        0.0000
 1-4 VDW =      505.6255  1-4 EEL =     8969.8620  RESTRAINT  =        0.0000


   NSTEP       ENERGY          RMS            GMAX         NAME    NUMBER
    170      -8.7925E+04     7.7085E-01     6.9404E+01     CD        754

 BOND    =     6393.3743  ANGLE   =      297.1676  DIHED      =     1717.9441
 VDWAALS =    14348.7234  EEL     =  -120132.4154  HBOND      =        0.0000
 1-4 VDW =      497.1886  1-4 EEL =     8953.2734  RESTRAINT  =        0.0000


   NSTEP       ENERGY          RMS            GMAX         NAME    NUMBER
    175      -8.7957E+04     6.9094E-01     3.9357E+01     CD        754

 BOND    =     6392.9595  ANGLE   =      305.3794  DIHED      =     1721.4907
 VDWAALS =    14377.8189  EEL     =  -120196.9416  HBOND      =        0.0000
 1-4 VDW =      495.0519  1-4 EEL =     8947.1639  RESTRAINT  =        0.0000


   NSTEP       ENERGY          RMS            GMAX         NAME    NUMBER
    180      -8.7959E+04     6.1045E-01     3.1375E+01     CD        754

 BOND    =     6390.8181  ANGLE   =      305.0975  DIHED      =     1721.4011
 VDWAALS =    14377.8736  EEL     =  -120196.8296  HBOND      =        0.0000
 1-4 VDW =      495.0020  1-4 EEL =     8947.2338  RESTRAINT  =        0.0000


   NSTEP       ENERGY          RMS            GMAX         NAME    NUMBER
    185      -8.7988E+04     6.1150E-01     3.4339E+01     CD        564

 BOND    =     6395.9114  ANGLE   =      293.8030  DIHED      =     1718.8855
 VDWAALS =    14382.9720  EEL     =  -120224.8741  HBOND      =        0.0000
 1-4 VDW =      493.8272  1-4 EEL =     8951.7203  RESTRAINT  =        0.0000


   NSTEP       ENERGY          RMS            GMAX         NAME    NUMBER
    190      -8.8013E+04     4.7340E-01     2.6518E+01     O       18125

 BOND    =     6400.0186  ANGLE   =      287.5731  DIHED      =     1716.5248
 VDWAALS =    14400.3221  EEL     =  -120268.6047  HBOND      =        0.0000
 1-4 VDW =      494.6919  1-4 EEL =     8956.5717  RESTRAINT  =        0.0000


   NSTEP       ENERGY          RMS            GMAX         NAME    NUMBER
    195      -8.8036E+04     4.6069E-01     2.9492E+01     CD        564

 BOND    =     6395.3991  ANGLE   =      290.6098  DIHED      =     1715.7574
 VDWAALS =    14426.5463  EEL     =  -120321.2623  HBOND      =        0.0000
 1-4 VDW =      498.7297  1-4 EEL =     8957.9294  RESTRAINT  =        0.0000


   NSTEP       ENERGY          RMS            GMAX         NAME    NUMBER
    200      -8.8061E+04     6.5648E-01     3.1745E+01     OE1       565

 BOND    =     6409.3211  ANGLE   =      297.0776  DIHED      =     1714.9033
 VDWAALS =    14458.7465  EEL     =  -120401.6183  HBOND      =        0.0000
 1-4 VDW =      502.5184  1-4 EEL =     8958.5047  RESTRAINT  =        0.0000


   NSTEP       ENERGY          RMS            GMAX         NAME    NUMBER
    205      -8.8063E+04     5.7996E-01     2.6506E+01     OE1       565

 BOND    =     6406.7336  ANGLE   =      296.4465  DIHED      =     1714.8734
 VDWAALS =    14458.8175  EEL     =  -120400.3518  HBOND      =        0.0000
 1-4 VDW =      502.4818  1-4 EEL =     8958.4801  RESTRAINT  =        0.0000


   NSTEP       ENERGY          RMS            GMAX         NAME    NUMBER
    210      -8.8086E+04     4.7431E-01     3.3364E+01     CD        564

 BOND    =     6404.7012  ANGLE   =      281.9165  DIHED      =     1713.9317
 VDWAALS =    14461.6394  EEL     =  -120408.5683  HBOND      =        0.0000
 1-4 VDW =      500.1917  1-4 EEL =     8959.7992  RESTRAINT  =        0.0000


   NSTEP       ENERGY          RMS            GMAX         NAME    NUMBER
    215      -8.8099E+04     4.6906E-01     2.8086E+01     O       18125

 BOND    =     6411.8502  ANGLE   =      284.0912  DIHED      =     1713.6612
 VDWAALS =    14461.6072  EEL     =  -120430.1274  HBOND      =        0.0000
 1-4 VDW =      499.4031  1-4 EEL =     8960.0589  RESTRAINT  =        0.0000


   NSTEP       ENERGY          RMS            GMAX         NAME    NUMBER
    220      -8.8134E+04     6.3169E-01     5.1337E+01     CD        754

 BOND    =     6412.4701  ANGLE   =      296.6545  DIHED      =     1714.6130
 VDWAALS =    14490.3934  EEL     =  -120503.9657  HBOND      =        0.0000
 1-4 VDW =      498.8704  1-4 EEL =     8957.3064  RESTRAINT  =        0.0000


   NSTEP       ENERGY          RMS            GMAX         NAME    NUMBER
    225      -8.8152E+04     6.0577E-01     3.2446E+01     CD        754

 BOND    =     6420.5658  ANGLE   =      293.4774  DIHED      =     1715.8482
 VDWAALS =    14516.0908  EEL     =  -120551.4520  HBOND      =        0.0000
 1-4 VDW =      497.7179  1-4 EEL =     8955.7664  RESTRAINT  =        0.0000


   NSTEP       ENERGY          RMS            GMAX         NAME    NUMBER
    230      -8.8154E+04     5.2233E-01     2.4269E+01     CD        754

 BOND    =     6418.7527  ANGLE   =      293.2674  DIHED      =     1715.7669
 VDWAALS =    14516.0161  EEL     =  -120551.2939  HBOND      =        0.0000
 1-4 VDW =      497.6854  1-4 EEL =     8955.8321  RESTRAINT  =        0.0000


   NSTEP       ENERGY          RMS            GMAX         NAME    NUMBER
    235      -8.8178E+04     5.2044E-01     1.9025E+01     CD        564

 BOND    =     6419.5300  ANGLE   =      290.4805  DIHED      =     1714.3195
 VDWAALS =    14516.1566  EEL     =  -120574.8352  HBOND      =        0.0000
 1-4 VDW =      497.7027  1-4 EEL =     8958.6527  RESTRAINT  =        0.0000


   NSTEP       ENERGY          RMS            GMAX         NAME    NUMBER
    240      -8.8204E+04     5.1839E-01     3.6813E+01     CD        564

 BOND    =     6418.7333  ANGLE   =      282.8281  DIHED      =     1713.4068
 VDWAALS =    14540.2066  EEL     =  -120617.9629  HBOND      =        0.0000
 1-4 VDW =      498.7527  1-4 EEL =     8959.7173  RESTRAINT  =        0.0000


   NSTEP       ENERGY          RMS            GMAX         NAME    NUMBER
    245      -8.8218E+04     4.9547E-01     3.1941E+01     CD        564

 BOND    =     6425.2292  ANGLE   =      284.8114  DIHED      =     1713.7455
 VDWAALS =    14557.6769  EEL     =  -120656.5498  HBOND      =        0.0000
 1-4 VDW =      499.2400  1-4 EEL =     8957.8005  RESTRAINT  =        0.0000


   NSTEP       ENERGY          RMS            GMAX         NAME    NUMBER
    250      -8.8255E+04     5.7042E-01     2.9176E+01     O       18125

 BOND    =     6437.4854  ANGLE   =      293.2897  DIHED      =     1714.2984
 VDWAALS =    14591.6067  EEL     =  -120747.6507  HBOND      =        0.0000
 1-4 VDW =      500.9606  1-4 EEL =     8955.3727  RESTRAINT  =        0.0000


   NSTEP       ENERGY          RMS            GMAX         NAME    NUMBER
    255      -8.8256E+04     5.0508E-01     2.5947E+01     O       18125

 BOND    =     6435.4128  ANGLE   =      292.7265  DIHED      =     1714.2647
 VDWAALS =    14591.6685  EEL     =  -120746.6866  HBOND      =        0.0000
 1-4 VDW =      500.9417  1-4 EEL =     8955.3877  RESTRAINT  =        0.0000


   NSTEP       ENERGY          RMS            GMAX         NAME    NUMBER
    260      -8.8274E+04     3.6722E-01     2.1672E+01     OG       1783

 BOND    =     6432.3449  ANGLE   =      283.2387  DIHED      =     1713.2400
 VDWAALS =    14594.3431  EEL     =  -120754.9153  HBOND      =        0.0000
 1-4 VDW =      499.8454  1-4 EEL =     8957.9795  RESTRAINT  =        0.0000


   NSTEP       ENERGY          RMS            GMAX         NAME    NUMBER
    265      -8.8287E+04     3.2799E-01     1.9775E+01     O       18125

 BOND    =     6435.5007  ANGLE   =      285.2053  DIHED      =     1713.0218
 VDWAALS =    14598.0276  EEL     =  -120776.6008  HBOND      =        0.0000
 1-4 VDW =      499.3220  1-4 EEL =     8958.4492  RESTRAINT  =        0.0000


   NSTEP       ENERGY          RMS            GMAX         NAME    NUMBER
    270      -8.8321E+04     6.8682E-01     3.9214E+01     CB       1780

 BOND    =     6449.1214  ANGLE   =      295.5245  DIHED      =     1713.2134
 VDWAALS =    14637.0579  EEL     =  -120870.4123  HBOND      =        0.0000
 1-4 VDW =      497.8608  1-4 EEL =     8956.2998  RESTRAINT  =        0.0000


   NSTEP       ENERGY          RMS            GMAX         NAME    NUMBER
    275      -8.8378E+04     6.4380E-01     3.6471E+01     CD        754

 BOND    =     6468.8786  ANGLE   =      294.2243  DIHED      =     1714.6650
 VDWAALS =    14701.5346  EEL     =  -121009.6314  HBOND      =        0.0000
 1-4 VDW =      496.2722  1-4 EEL =     8956.2122  RESTRAINT  =        0.0000


   NSTEP       ENERGY          RMS            GMAX         NAME    NUMBER
    280      -8.8380E+04     5.7687E-01     2.9749E+01     CD        754

 BOND    =     6466.4549  ANGLE   =      294.1234  DIHED      =     1714.6229
 VDWAALS =    14701.4282  EEL     =  -121008.6340  HBOND      =        0.0000
 1-4 VDW =      496.2643  1-4 EEL =     8956.2295  RESTRAINT  =        0.0000


   NSTEP       ENERGY          RMS            GMAX         NAME    NUMBER
    285      -8.8406E+04     5.5620E-01     3.9729E+01     CD        754

 BOND    =     6457.8201  ANGLE   =      291.9739  DIHED      =     1713.6736
 VDWAALS =    14698.9263  EEL     =  -121023.0581  HBOND      =        0.0000
 1-4 VDW =      497.1062  1-4 EEL =     8957.4417  RESTRAINT  =        0.0000


   NSTEP       ENERGY          RMS            GMAX         NAME    NUMBER
    290      -8.8429E+04     4.4757E-01     2.8986E+01     CD        754

 BOND    =     6469.3149  ANGLE   =      287.8241  DIHED      =     1713.1704
 VDWAALS =    14711.2955  EEL     =  -121066.0877  HBOND      =        0.0000
 1-4 VDW =      498.4649  1-4 EEL =     8957.3951  RESTRAINT  =        0.0000


   NSTEP       ENERGY          RMS            GMAX         NAME    NUMBER
    295      -8.8445E+04     3.0387E-01     2.0279E+01     O       18125

 BOND    =     6461.8146  ANGLE   =      284.4069  DIHED      =     1713.6887
 VDWAALS =    14732.0838  EEL     =  -121092.4948  HBOND      =        0.0000
 1-4 VDW =      499.5909  1-4 EEL =     8955.9935  RESTRAINT  =        0.0000


   NSTEP       ENERGY          RMS            GMAX         NAME    NUMBER
    300      -8.8460E+04     5.4423E-01     4.7571E+01     CD        564

 BOND    =     6473.5918  ANGLE   =      292.1714  DIHED      =     1714.5890
 VDWAALS =    14755.0199  EEL     =  -121151.1018  HBOND      =        0.0000
 1-4 VDW =      500.9904  1-4 EEL =     8954.4585  RESTRAINT  =        0.0000


   NSTEP       ENERGY          RMS            GMAX         NAME    NUMBER
    305      -8.8462E+04     4.5365E-01     3.0563E+01     CD        564

 BOND    =     6471.3687  ANGLE   =      291.6073  DIHED      =     1714.5316
 VDWAALS =    14754.9530  EEL     =  -121149.9064  HBOND      =        0.0000
 1-4 VDW =      500.9576  1-4 EEL =     8954.4767  RESTRAINT  =        0.0000


   NSTEP       ENERGY          RMS            GMAX         NAME    NUMBER
    310      -8.8479E+04     3.4710E-01     2.0319E+01     O       18125

 BOND    =     6472.2444  ANGLE   =      284.0953  DIHED      =     1713.1725
 VDWAALS =    14755.6693  EEL     =  -121160.9826  HBOND      =        0.0000
 1-4 VDW =      499.7193  1-4 EEL =     8956.6982  RESTRAINT  =        0.0000


   NSTEP       ENERGY          RMS            GMAX         NAME    NUMBER
    315      -8.8496E+04     3.4283E-01     1.5275E+01     O       18125

 BOND    =     6473.3477  ANGLE   =      287.1315  DIHED      =     1713.3613
 VDWAALS =    14759.1178  EEL     =  -121184.2076  HBOND      =        0.0000
 1-4 VDW =      498.9599  1-4 EEL =     8956.6300  RESTRAINT  =        0.0000


   NSTEP       ENERGY          RMS            GMAX         NAME    NUMBER
    320      -8.8520E+04     5.4720E-01     3.4875E+01     CD        754

 BOND    =     6481.1325  ANGLE   =      292.0334  DIHED      =     1713.8556
 VDWAALS =    14787.0596  EEL     =  -121246.4354  HBOND      =        0.0000
 1-4 VDW =      497.6134  1-4 EEL =     8954.2781  RESTRAINT  =        0.0000


   NSTEP       ENERGY          RMS            GMAX         NAME    NUMBER
    325      -8.8557E+04     5.3853E-01     2.6165E+01     O       18125

 BOND    =     6494.2937  ANGLE   =      291.6133  DIHED      =     1714.6675
 VDWAALS =    14826.8932  EEL     =  -121334.3857  HBOND      =        0.0000
 1-4 VDW =      496.4650  1-4 EEL =     8953.7851  RESTRAINT  =        0.0000


   NSTEP       ENERGY          RMS            GMAX         NAME    NUMBER
    330      -8.8558E+04     4.7264E-01     2.3101E+01     O       18125

 BOND    =     6492.3085  ANGLE   =      291.5791  DIHED      =     1714.6253
 VDWAALS =    14826.7755  EEL     =  -121333.8430  HBOND      =        0.0000
 1-4 VDW =      496.4663  1-4 EEL =     8953.8183  RESTRAINT  =        0.0000


   NSTEP       ENERGY          RMS            GMAX         NAME    NUMBER
    335      -8.8578E+04     5.2702E-01     2.9130E+01     CD       1018

 BOND    =     6485.4664  ANGLE   =      290.5707  DIHED      =     1714.2050
 VDWAALS =    14826.1997  EEL     =  -121347.3192  HBOND      =        0.0000
 1-4 VDW =      497.3198  1-4 EEL =     8955.2400  RESTRAINT  =        0.0000


   NSTEP       ENERGY          RMS            GMAX         NAME    NUMBER
    340      -8.8604E+04     3.3033E-01     1.5231E+01     H2      18082

 BOND    =     6485.9298  ANGLE   =      284.9121  DIHED      =     1713.9789
 VDWAALS =    14847.0546  EEL     =  -121390.6040  HBOND      =        0.0000
 1-4 VDW =      499.0616  1-4 EEL =     8955.5684  RESTRAINT  =        0.0000


   NSTEP       ENERGY          RMS            GMAX         NAME    NUMBER
    345      -8.8613E+04     4.5759E-01     2.3827E+01     O       18125

 BOND    =     6492.8993  ANGLE   =      285.0012  DIHED      =     1714.3341
 VDWAALS =    14859.9314  EEL     =  -121418.5253  HBOND      =        0.0000
 1-4 VDW =      499.4523  1-4 EEL =     8954.3957  RESTRAINT  =        0.0000


   NSTEP       ENERGY          RMS            GMAX         NAME    NUMBER
    350      -8.8651E+04     5.2999E-01     2.3680E+01     HE1      1074

 BOND    =     6512.1018  ANGLE   =      297.5333  DIHED      =     1715.9869
 VDWAALS =    14905.6180  EEL     =  -121534.7185  HBOND      =        0.0000
 1-4 VDW =      500.9272  1-4 EEL =     8951.7609  RESTRAINT  =        0.0000


   NSTEP       ENERGY          RMS            GMAX         NAME    NUMBER
    355      -8.8652E+04     4.8216E-01     2.2953E+01     HE1      1074

 BOND    =     6510.1138  ANGLE   =      296.7815  DIHED      =     1715.9080
 VDWAALS =    14905.6018  EEL     =  -121533.4826  HBOND      =        0.0000
 1-4 VDW =      500.9009  1-4 EEL =     8951.8054  RESTRAINT  =        0.0000


   NSTEP       ENERGY          RMS            GMAX         NAME    NUMBER
    360      -8.8675E+04     3.8480E-01     2.4629E+01     CD        564

 BOND    =     6505.1235  ANGLE   =      285.3002  DIHED      =     1714.2815
 VDWAALS =    14906.2254  EEL     =  -121540.2017  HBOND      =        0.0000
 1-4 VDW =      499.8939  1-4 EEL =     8954.7334  RESTRAINT  =        0.0000


   NSTEP       ENERGY          RMS            GMAX         NAME    NUMBER
    365      -8.8682E+04     3.6953E-01     2.6729E+01     H2      18127

 BOND    =     6512.3362  ANGLE   =      286.6290  DIHED      =     1714.2737
 VDWAALS =    14905.5231  EEL     =  -121554.6874  HBOND      =        0.0000
 1-4 VDW =      499.4276  1-4 EEL =     8954.9696  RESTRAINT  =        0.0000


   NSTEP       ENERGY          RMS            GMAX         NAME    NUMBER
    370      -8.8713E+04     6.3964E-01     5.0916E+01     CD        564

 BOND    =     6520.6256  ANGLE   =      293.7471  DIHED      =     1715.1696
 VDWAALS =    14939.2602  EEL     =  -121630.7527  HBOND      =        0.0000
 1-4 VDW =      496.2374  1-4 EEL =     8952.9509  RESTRAINT  =        0.0000


   NSTEP       ENERGY          RMS            GMAX         NAME    NUMBER
    375      -8.8729E+04     4.5402E-01     2.0347E+01     O       18125

 BOND    =     6523.2323  ANGLE   =      294.9244  DIHED      =     1715.7570
 VDWAALS =    14961.8914  EEL     =  -121671.9092  HBOND      =        0.0000
 1-4 VDW =      495.5442  1-4 EEL =     8951.7968  RESTRAINT  =        0.0000


   NSTEP       ENERGY          RMS            GMAX         NAME    NUMBER
    380      -8.8730E+04     3.9185E-01     1.7329E+01     O       18125

 BOND    =     6521.4794  ANGLE   =      294.7759  DIHED      =     1715.6963
 VDWAALS =    14961.7843  EEL     =  -121671.5374  HBOND      =        0.0000
 1-4 VDW =      495.5580  1-4 EEL =     8951.8413  RESTRAINT  =        0.0000


   NSTEP       ENERGY          RMS            GMAX         NAME    NUMBER
    385      -8.8754E+04     5.7621E-01     3.9966E+01     CD        564

 BOND    =     6520.3777  ANGLE   =      292.5714  DIHED      =     1715.3484
 VDWAALS =    14961.4402  EEL     =  -121694.0365  HBOND      =        0.0000
 1-4 VDW =      496.7923  1-4 EEL =     8953.3819  RESTRAINT  =        0.0000


   NSTEP       ENERGY          RMS            GMAX         NAME    NUMBER
    390      -8.8778E+04     3.3888E-01     1.9037E+01     CD        564

 BOND    =     6517.6706  ANGLE   =      285.8669  DIHED      =     1714.7422
 VDWAALS =    14980.3646  EEL     =  -121729.1970  HBOND      =        0.0000
 1-4 VDW =      498.8424  1-4 EEL =     8953.5173  RESTRAINT  =        0.0000


   NSTEP       ENERGY          RMS            GMAX         NAME    NUMBER
    395      -8.8786E+04     4.4669E-01     2.5636E+01     O       18125

 BOND    =     6522.8346  ANGLE   =      286.5243  DIHED      =     1714.9333
 VDWAALS =    14991.6198  EEL     =  -121753.7723  HBOND      =        0.0000
 1-4 VDW =      499.0824  1-4 EEL =     8952.5222  RESTRAINT  =        0.0000


   NSTEP       ENERGY          RMS            GMAX         NAME    NUMBER
    400      -8.8820E+04     5.0022E-01     2.4089E+01     CD        754

 BOND    =     6538.1239  ANGLE   =      296.9421  DIHED      =     1716.0400
 VDWAALS =    15028.9486  EEL     =  -121850.7380  HBOND      =        0.0000
 1-4 VDW =      500.2667  1-4 EEL =     8950.5948  RESTRAINT  =        0.0000


   NSTEP       ENERGY          RMS            GMAX         NAME    NUMBER
    405      -8.8821E+04     4.4868E-01     1.9352E+01     CD        754

 BOND    =     6536.6147  ANGLE   =      296.2128  DIHED      =     1715.9727
 VDWAALS =    15028.9311  EEL     =  -121850.0426  HBOND      =        0.0000
 1-4 VDW =      500.2428  1-4 EEL =     8950.6184  RESTRAINT  =        0.0000


   NSTEP       ENERGY          RMS            GMAX         NAME    NUMBER
    410      -8.8840E+04     4.8005E-01     3.5025E+01     CD        564

 BOND    =     6531.3136  ANGLE   =      287.3560  DIHED      =     1714.7987
 VDWAALS =    15030.9290  EEL     =  -121856.2544  HBOND      =        0.0000
 1-4 VDW =      499.2467  1-4 EEL =     8952.4291  RESTRAINT  =        0.0000


   NSTEP       ENERGY          RMS            GMAX         NAME    NUMBER
    415      -8.8848E+04     3.7162E-01     2.3997E+01     H2      18127

 BOND    =     6541.2544  ANGLE   =      287.9584  DIHED      =     1714.9620
 VDWAALS =    15031.9589  EEL     =  -121874.7855  HBOND      =        0.0000
 1-4 VDW =      498.7231  1-4 EEL =     8952.3125  RESTRAINT  =        0.0000


   NSTEP       ENERGY          RMS            GMAX         NAME    NUMBER
    420      -8.8874E+04     5.3278E-01     3.8385E+01     CD        564

 BOND    =     6543.7892  ANGLE   =      294.3015  DIHED      =     1715.6334
 VDWAALS =    15062.1269  EEL     =  -121935.7896  HBOND      =        0.0000
 1-4 VDW =      495.5178  1-4 EEL =     8950.2593  RESTRAINT  =        0.0000


   NSTEP       ENERGY          RMS            GMAX         NAME    NUMBER
    425      -8.8891E+04     5.1606E-01     2.5083E+01     H1      18126

 BOND    =     6556.9730  ANGLE   =      296.6825  DIHED      =     1716.0913
 VDWAALS =    15083.7486  EEL     =  -121988.0273  HBOND      =        0.0000
 1-4 VDW =      494.6295  1-4 EEL =     8949.0091  RESTRAINT  =        0.0000


   NSTEP       ENERGY          RMS            GMAX         NAME    NUMBER
    430      -8.8893E+04     4.4488E-01     1.8801E+01     H1      18126

 BOND    =     6554.2279  ANGLE   =      296.3764  DIHED      =     1716.0297
 VDWAALS =    15083.5817  EEL     =  -121986.6034  HBOND      =        0.0000
 1-4 VDW =      494.6397  1-4 EEL =     8949.0753  RESTRAINT  =        0.0000


   NSTEP       ENERGY          RMS            GMAX         NAME    NUMBER
    435      -8.8911E+04     3.7155E-01     1.9967E+01     CD        564

 BOND    =     6550.7863  ANGLE   =      293.3734  DIHED      =     1715.8251
 VDWAALS =    15080.1752  EEL     =  -121997.0795  HBOND      =        0.0000
 1-4 VDW =      495.4142  1-4 EEL =     8950.5790  RESTRAINT  =        0.0000


   NSTEP       ENERGY          RMS            GMAX         NAME    NUMBER
    440      -8.8928E+04     4.0438E-01     2.9485E+01     H2      18127

 BOND    =     6555.9656  ANGLE   =      290.3745  DIHED      =     1715.1346
 VDWAALS =    15087.5760  EEL     =  -122026.2092  HBOND      =        0.0000
 1-4 VDW =      497.3370  1-4 EEL =     8951.4587  RESTRAINT  =        0.0000


   NSTEP       ENERGY          RMS            GMAX         NAME    NUMBER
    445      -8.8943E+04     3.8574E-01     2.5601E+01     O       18125

 BOND    =     6553.2730  ANGLE   =      288.1303  DIHED      =     1715.0995
 VDWAALS =    15109.0910  EEL     =  -122058.5341  HBOND      =        0.0000
 1-4 VDW =      498.7250  1-4 EEL =     8950.7354  RESTRAINT  =        0.0000


   NSTEP       ENERGY          RMS            GMAX         NAME    NUMBER
    450      -8.8954E+04     3.6719E-01     1.3430E+01     H2      18127

 BOND    =     6559.3831  ANGLE   =      291.7292  DIHED      =     1715.9397
 VDWAALS =    15127.0556  EEL     =  -122097.7742  HBOND      =        0.0000
 1-4 VDW =      499.5913  1-4 EEL =     8950.0279  RESTRAINT  =        0.0000


   NSTEP       ENERGY          RMS            GMAX         NAME    NUMBER
    455      -8.8955E+04     2.9925E-01     1.1501E+01     H2      18127

 BOND    =     6557.5675  ANGLE   =      291.2531  DIHED      =     1715.8815
 VDWAALS =    15126.9211  EEL     =  -122096.6710  HBOND      =        0.0000
 1-4 VDW =      499.5572  1-4 EEL =     8950.0056  RESTRAINT  =        0.0000


   NSTEP       ENERGY          RMS            GMAX         NAME    NUMBER
    460      -8.8968E+04     3.5492E-01     2.0855E+01     CD        564

 BOND    =     6554.9304  ANGLE   =      288.6676  DIHED      =     1715.2453
 VDWAALS =    15124.6755  EEL     =  -122100.7425  HBOND      =        0.0000
 1-4 VDW =      498.5088  1-4 EEL =     8950.4557  RESTRAINT  =        0.0000


   NSTEP       ENERGY          RMS            GMAX         NAME    NUMBER
    465      -8.8986E+04     3.3519E-01     1.4867E+01     O       18125

 BOND    =     6559.6079  ANGLE   =      291.6629  DIHED      =     1715.2826
 VDWAALS =    15128.5355  EEL     =  -122127.4115  HBOND      =        0.0000
 1-4 VDW =      496.6722  1-4 EEL =     8950.1389  RESTRAINT  =        0.0000


   NSTEP       ENERGY          RMS            GMAX         NAME    NUMBER
    470      -8.9001E+04     3.9591E-01     2.9039E+01     CD        564

 BOND    =     6564.4087  ANGLE   =      294.0179  DIHED      =     1715.5171
 VDWAALS =    15148.6362  EEL     =  -122166.8166  HBOND      =        0.0000
 1-4 VDW =      494.8895  1-4 EEL =     8948.4788  RESTRAINT  =        0.0000


   NSTEP       ENERGY          RMS            GMAX         NAME    NUMBER
    475      -8.9026E+04     5.0001E-01     1.6317E+01     O       18125

 BOND    =     6577.8895  ANGLE   =      297.3475  DIHED      =     1716.4856
 VDWAALS =    15179.8304  EEL     =  -122238.3811  HBOND      =        0.0000
 1-4 VDW =      493.8953  1-4 EEL =     8946.6147  RESTRAINT  =        0.0000


   NSTEP       ENERGY          RMS            GMAX         NAME    NUMBER
    480      -8.9028E+04     4.4212E-01     1.4552E+01     O       18125

 BOND    =     6576.1528  ANGLE   =      297.0844  DIHED      =     1716.4159
 VDWAALS =    15179.7082  EEL     =  -122237.8256  HBOND      =        0.0000
 1-4 VDW =      493.9020  1-4 EEL =     8946.6855  RESTRAINT  =        0.0000


   NSTEP       ENERGY          RMS            GMAX         NAME    NUMBER
    485      -8.9046E+04     4.5875E-01     2.4001E+01     CD        564

 BOND    =     6573.7440  ANGLE   =      293.9741  DIHED      =     1715.9598
 VDWAALS =    15177.5999  EEL     =  -122251.0085  HBOND      =        0.0000
 1-4 VDW =      494.6640  1-4 EEL =     8948.6099  RESTRAINT  =        0.0000


   NSTEP       ENERGY          RMS            GMAX         NAME    NUMBER
    490      -8.9069E+04     5.0529E-01     2.1167E+01     H2      18082

 BOND    =     6567.8826  ANGLE   =      289.3597  DIHED      =     1715.3108
 VDWAALS =    15191.8411  EEL     =  -122278.9849  HBOND      =        0.0000
 1-4 VDW =      496.8842  1-4 EEL =     8949.0903  RESTRAINT  =        0.0000


   NSTEP       ENERGY          RMS            GMAX         NAME    NUMBER
    495      -8.9080E+04     3.4820E-01     2.3181E+01     O       18125

 BOND    =     6579.1731  ANGLE   =      288.9241  DIHED      =     1715.3673
 VDWAALS =    15203.0959  EEL     =  -122312.0942  HBOND      =        0.0000
 1-4 VDW =      497.4774  1-4 EEL =     8948.5439  RESTRAINT  =        0.0000


   NSTEP       ENERGY          RMS            GMAX         NAME    NUMBER
    500      -8.9093E+04     3.3066E-01     1.6200E+01     H1      18126

 BOND    =     6583.4841  ANGLE   =      290.6611  DIHED      =     1715.5661
 VDWAALS =    15215.4170  EEL     =  -122343.7301  HBOND      =        0.0000
 1-4 VDW =      497.8480  1-4 EEL =     8948.1382  RESTRAINT  =        0.0000


  Maximum number of minimization cycles reached.


                    FINAL RESULTS



   NSTEP       ENERGY          RMS            GMAX         NAME    NUMBER
    500      -8.9093E+04     3.3066E-01     1.6200E+01     H1      18126

 BOND    =     6583.4841  ANGLE   =      290.6611  DIHED      =     1715.5661
 VDWAALS =    15215.4170  EEL     =  -122343.7301  HBOND      =        0.0000
 1-4 VDW =      497.8480  1-4 EEL =     8948.1382  RESTRAINT  =        0.0000
--------------------------------------------------------------------------------
   5.  TIMINGS
--------------------------------------------------------------------------------

|  NonSetup CPU Time in Major Routines:
|
|     Routine           Sec        %
|     ------------------------------
|     Nonbond          39.99   96.78
|     Bond              0.12    0.29
|     Angle             0.14    0.33
|     Dihedral          0.92    2.22
|     Shake             0.00    0.00
|     Other             0.16    0.39
|     ------------------------------
|     Total            41.32

|  PME Nonbond Pairlist CPU Time:
|
|     Routine              Sec        %
|     ---------------------------------
|     Set Up Cit           0.00    0.00
|     Build List           0.50    1.22
|     ---------------------------------
|     Total                0.50    1.22

|  PME Direct Force CPU Time:
|
|     Routine              Sec        %
|     ---------------------------------
|     NonBonded Calc      26.58   64.33
|     Exclude Masked       0.53    1.28
|     Other                0.14    0.35
|     ---------------------------------
|     Total               27.26   65.96

|  PME Reciprocal Force CPU Time:
|
|     Routine              Sec        %
|     ---------------------------------
|     1D bspline           0.41    1.00
|     Grid Charges         0.86    2.08
|     Scalar Sum           4.20   10.17
|     Gradient Sum         1.40    3.40
|     FFT                  5.33   12.90
|     ---------------------------------
|     Total               12.21   29.55

|  Setup CPU time:            0.15 seconds
|  NonSetup CPU time:        41.32 seconds
|  Total CPU time:           41.47 seconds     0.01 hours

|  Setup wall time:           0    seconds
|  NonSetup wall time:       42    seconds
|  Total wall time:          42    seconds     0.01 hours
