
          -------------------------------------------------------
          Amber 16 PMEMD                              2016
          -------------------------------------------------------

| PMEMD implementation of SANDER, Release 16

| Run on 04/14/2018 at 21:08:16

|   Executable path: pmemd.cuda
| Working directory: /home/german/lbp/run/4uet/mhe/e
|          Hostname: Unknown
  [-O]verwriting output

File Assignments:
|   MDIN: 13equ.in                                                              
|  MDOUT: 13equ.out                                                             
| INPCRD: 12e4uet.rst7                                                          
|   PARM: /home/german/lbp/top_files/4uet.prmtop                                
| RESTRT: 13e4uet.rst7                                                          
|   REFC: 12e4uet.rst7                                                          
|  MDVEL: mdvel                                                                 
|   MDEN: mden                                                                  
|  MDCRD: 13e4uet.nc                                                            
| MDINFO: mdinfo                                                                
|  MDFRC: mdfrc                                                                 


 Here is the input file:

Equilibration with solute restrictions                                         
&cntrl                                                                         
imin = 0,                           ! No Minimization                          
nmropt = 0,                         ! No NMR restraints read                   
                                                                               
! Nature and format of the input                                               
ntx = 5,                            ! Coordinates but no velocities will be rea
irest = 1,                          ! Do not run a new simulation              
                                                                               
! Nature and format of the output                                              
ntxo = 1,                           ! rstrt file in ASCII format               
ntpr = 500,                         ! inf in output every ntpr steps           
ntwr = 500,                         ! rstrt file every ntwr steps              
ntwx = 500,                         ! mdcrd file every ntwx steps              
ntwv = 0,                           ! mdvel without velocities                 
ntwe = 0,                           ! Energies and temperatures not written in 
idecomp = 0,                        ! No energy decomposition                  
iwrap = 1,                          ! Coordinates of the restart and mdcrd file
                                                                               
! Frozen or restrained atoms                                                   
ibelly = 0,                         ! No frozen atoms                          
ntr=1,                              ! Harmonic potential restraints            
restraint_wt = 4.0,                ! The weight for the positional restraints  
restraintmask = ':1-154@N,CA,C,O',  ! restrained residues                      
                                                                               
! Molecular dynamics                                                           
nstlim = 50000,                     ! Number of MD-steps                       
dt = 0.002,                         ! Time step                                
                                                                               
! Temperature regulation                                                       
ntt = 3,                            ! Langevin thermostat                      
gamma_ln = 5,                       ! Gamma constant for Langevin              
temp0 = 300.0,                      ! Reference T at which the system is to be 
tempi = 300.0,                      ! Initial T                                
ig = -1,                            ! Seed for the RNG                         
                                                                               
! P and V regulation                                                           
ntp = 0,                            ! No pressure control                      
ntb = 1,                            ! Periodic box for constant V              
                                                                               
! SHAKE variables                                                              
ntc = 2,                            ! Bonds involving H are constrained        
ntf = 2,                            ! Bond interaction involving H are ommited.
                                                                               
cut = 10.0,                         ! Nonbonded cutoff                         
/                                                                              
&end                                                                           


Note: ig = -1. Setting random seed to   769483 based on wallclock time in 
      microseconds.
 
|--------------------- INFORMATION ----------------------
| GPU (CUDA) Version of PMEMD in use: NVIDIA GPU IN USE.
|                    Version 16.0.0
| 
|                      02/25/2016
| 
| Implementation by:
|                    Ross C. Walker     (SDSC)
|                    Scott Le Grand     (nVIDIA)
| 
| Precision model in use:
|      [SPFP] - Single Precision Forces, 64-bit Fixed Point
|               Accumulation. (Default)
| 
|--------------------------------------------------------
 
|----------------- CITATION INFORMATION -----------------
|
|    When publishing work that utilized the CUDA version
|    of AMBER, please cite the following in addition to
|    the regular AMBER citations:
|
|  - Romelia Salomon-Ferrer; Andreas W. Goetz; Duncan
|    Poole; Scott Le Grand; Ross C. Walker "Routine
|    microsecond molecular dynamics simulations with
|    AMBER - Part II: Particle Mesh Ewald", J. Chem.
|    Theory Comput., 2013, 9 (9), pp3878-3888,
|    DOI: 10.1021/ct400314y.
|
|  - Andreas W. Goetz; Mark J. Williamson; Dong Xu;
|    Duncan Poole; Scott Le Grand; Ross C. Walker
|    "Routine microsecond molecular dynamics simulations
|    with AMBER - Part I: Generalized Born", J. Chem.
|    Theory Comput., 2012, 8 (5), pp1542-1555.
|
|  - Scott Le Grand; Andreas W. Goetz; Ross C. Walker
|    "SPFP: Speed without compromise - a mixed precision
|    model for GPU accelerated molecular dynamics
|    simulations.", Comp. Phys. Comm., 2013, 184
|    pp374-380, DOI: 10.1016/j.cpc.2012.09.022
|
|--------------------------------------------------------
 
|------------------- GPU DEVICE INFO --------------------
|
|            CUDA_VISIBLE_DEVICES: not set
|   CUDA Capable Devices Detected:      2
|           CUDA Device ID in use:      0
|                CUDA Device Name: GeForce GTX 1060 6GB
|     CUDA Device Global Mem Size:   6072 MB
| CUDA Device Num Multiprocessors:     10
|           CUDA Device Core Freq:   1.76 GHz
|
|--------------------------------------------------------
 
 
| Conditional Compilation Defines Used:
| PUBFFT
| BINTRAJ
| CUDA
| EMIL

| Largest sphere to fit in unit cell has radius =    28.703

| New format PARM file being parsed.
| Version =    1.000 Date = 04/12/18 Time = 12:40:58

| Note: 1-4 EEL scale factors are being read from the topology file.

| Note: 1-4 VDW scale factors are being read from the topology file.
| Duplicated    0 dihedrals

| Duplicated    0 dihedrals

--------------------------------------------------------------------------------
   1.  RESOURCE   USE: 
--------------------------------------------------------------------------------

 getting new box info from bottom of inpcrd
 NATOM  =   23173 NTYPES =      17 NBONH =   21971 MBONA  =    1220
 NTHETH =    2839 MTHETA =    1632 NPHIH =    5501 MPHIA  =    5045
 NHPARM =       0 NPARM  =       0 NNB   =   41143 NRES   =    7073
 NBONA  =    1220 NTHETA =    1632 NPHIA =    5045 NUMBND =      58
 NUMANG =     130 NPTRA  =     163 NATYP =      31 NPHB   =       1
 IFBOX  =       2 NMXRS  =      24 IFCAP =       0 NEXTRA =       0
 NCOPY  =       0

| Coordinate Index Table dimensions:    11   11   11
| Direct force subcell size =     6.3916    6.3916    6.3916

     BOX TYPE: TRUNCATED OCTAHEDRON

--------------------------------------------------------------------------------
   2.  CONTROL  DATA  FOR  THE  RUN
--------------------------------------------------------------------------------

default_name                                                                    

General flags:
     imin    =       0, nmropt  =       0

Nature and format of input:
     ntx     =       5, irest   =       1, ntrx    =       1

Nature and format of output:
     ntxo    =       1, ntpr    =     500, ntrx    =       1, ntwr    =     500
     iwrap   =       1, ntwx    =     500, ntwv    =       0, ntwe    =       0
     ioutfm  =       1, ntwprt  =       0, idecomp =       0, rbornstat=      0

Potential function:
     ntf     =       2, ntb     =       1, igb     =       0, nsnb    =      25
     ipol    =       0, gbsa    =       0, iesp    =       0
     dielc   =   1.00000, cut     =  10.00000, intdiel =   1.00000

Frozen or restrained atoms:
     ibelly  =       0, ntr     =       1
     restraint_wt =   4.00000

Molecular dynamics:
     nstlim  =     50000, nscm    =         0, nrespa  =         1
     t       =   0.00000, dt      =   0.00200, vlimit  =  -1.00000

Langevin dynamics temperature regulation:
     ig      =  769483
     temp0   = 300.00000, tempi   = 300.00000, gamma_ln=   5.00000

SHAKE:
     ntc     =       2, jfastw  =       0
     tol     =   0.00001

| Intermolecular bonds treatment:
|     no_intermolecular_bonds =       1

| Energy averages sample interval:
|     ene_avg_sampling =     500

Ewald parameters:
     verbose =       0, ew_type =       0, nbflag  =       1, use_pme =       1
     vdwmeth =       1, eedmeth =       1, netfrc  =       1
     Box X =   70.308   Box Y =   70.308   Box Z =   70.308
     Alpha =  109.471   Beta  =  109.471   Gamma =  109.471
     NFFT1 =   72       NFFT2 =   72       NFFT3 =   72
     Cutoff=   10.000   Tol   =0.100E-04
     Ewald Coefficient =  0.27511
     Interpolation order =    4

    LOADING THE CONSTRAINED ATOMS AS GROUPS


   5.  REFERENCE ATOM COORDINATES

  default_name                                                                    
     Mask :1-154@N,CA,C,O; matches   616 atoms

--------------------------------------------------------------------------------
   3.  ATOMIC COORDINATES AND VELOCITIES
--------------------------------------------------------------------------------

default_name                                                                    
 begin time read from input coords =  1340.000 ps

 
 Number of triangulated 3-point waters found:     6914

     Sum of charges from parm topology file =  -0.00000007
     Forcing neutrality...

| Dynamic Memory, Types Used:
| Reals              818803
| Integers           809122

| Nonbonded Pairs Initial Allocation:     7009253

| GPU memory information (estimate):
| KB of GPU memory in use:    190911
| KB of CPU memory in use:     37311

--------------------------------------------------------------------------------
   4.  RESULTS
--------------------------------------------------------------------------------

 ---------------------------------------------------
 APPROXIMATING switch and d/dx switch using CUBIC SPLINE INTERPOLATION
 using   5000.0 points per unit in tabled values
 TESTING RELATIVE ERROR over r ranging from 0.0 to cutoff
| CHECK switch(x): max rel err =   0.2738E-14   at   2.422500
| CHECK d/dx switch(x): max rel err =   0.8314E-11   at   2.736960
 ---------------------------------------------------
|---------------------------------------------------
| APPROXIMATING direct energy using CUBIC SPLINE INTERPOLATION
|  with   50.0 points per unit in tabled values
| Relative Error Limit not exceeded for r .gt.   2.33
| APPROXIMATING direct force using CUBIC SPLINE INTERPOLATION
|  with   50.0 points per unit in tabled values
| Relative Error Limit not exceeded for r .gt.   2.80
|---------------------------------------------------
wrapping first mol.:       23.43602       33.14354       57.40630
wrapping first mol.:       23.43602       33.14354       57.40630

 NSTEP =      500   TIME(PS) =    1341.000  TEMP(K) =   298.05  PRESS =     0.0
 Etot   =    -57580.8881  EKtot   =     14080.9258  EPtot      =    -71661.8139
 BOND   =       470.9806  ANGLE   =      1230.0847  DIHED      =      1900.7069
 1-4 NB =       576.9110  1-4 EEL =      8881.3924  VDWAALS    =     13427.2115
 EELEC  =    -98246.0076  EHBOND  =         0.0000  RESTRAINT  =        96.9066
 EAMBER (non-restraint)  =    -71758.7204
 ------------------------------------------------------------------------------

wrapping first mol.:       23.43602       33.14354       57.40630
wrapping first mol.:       23.43602       33.14354       57.40630

 NSTEP =     1000   TIME(PS) =    1342.000  TEMP(K) =   302.29  PRESS =     0.0
 Etot   =    -57469.6362  EKtot   =     14281.2959  EPtot      =    -71750.9321
 BOND   =       453.4358  ANGLE   =      1267.3343  DIHED      =      1874.2822
 1-4 NB =       584.4078  1-4 EEL =      8944.8092  VDWAALS    =     13482.9579
 EELEC  =    -98444.6417  EHBOND  =         0.0000  RESTRAINT  =        86.4825
 EAMBER (non-restraint)  =    -71837.4146
 ------------------------------------------------------------------------------

wrapping first mol.:       23.43602       33.14354       57.40630
wrapping first mol.:       23.43602       33.14354       57.40630

 NSTEP =     1500   TIME(PS) =    1343.000  TEMP(K) =   299.04  PRESS =     0.0
 Etot   =    -57531.1703  EKtot   =     14127.6064  EPtot      =    -71658.7768
 BOND   =       450.5782  ANGLE   =      1271.8382  DIHED      =      1884.7659
 1-4 NB =       589.5919  1-4 EEL =      8905.4278  VDWAALS    =     13504.8637
 EELEC  =    -98358.4601  EHBOND  =         0.0000  RESTRAINT  =        92.6177
 EAMBER (non-restraint)  =    -71751.3944
 ------------------------------------------------------------------------------

wrapping first mol.:       23.43602       33.14354       57.40630
wrapping first mol.:       23.43602       33.14354       57.40630

 NSTEP =     2000   TIME(PS) =    1344.000  TEMP(K) =   301.77  PRESS =     0.0
 Etot   =    -57359.4673  EKtot   =     14256.7432  EPtot      =    -71616.2105
 BOND   =       442.5565  ANGLE   =      1320.4669  DIHED      =      1905.7438
 1-4 NB =       573.4392  1-4 EEL =      8920.3916  VDWAALS    =     13636.8569
 EELEC  =    -98504.4919  EHBOND  =         0.0000  RESTRAINT  =        88.8265
 EAMBER (non-restraint)  =    -71705.0370
 ------------------------------------------------------------------------------

wrapping first mol.:       23.43602       33.14354       57.40630
wrapping first mol.:       23.43602       33.14354       57.40630

 NSTEP =     2500   TIME(PS) =    1345.000  TEMP(K) =   300.20  PRESS =     0.0
 Etot   =    -57522.7591  EKtot   =     14182.4014  EPtot      =    -71705.1604
 BOND   =       456.2079  ANGLE   =      1237.2628  DIHED      =      1895.8667
 1-4 NB =       595.9381  1-4 EEL =      8932.4969  VDWAALS    =     13474.2506
 EELEC  =    -98387.2844  EHBOND  =         0.0000  RESTRAINT  =        90.1010
 EAMBER (non-restraint)  =    -71795.2615
 ------------------------------------------------------------------------------

wrapping first mol.:       23.43602       33.14354       57.40630
wrapping first mol.:       23.43602       33.14354       57.40630

 NSTEP =     3000   TIME(PS) =    1346.000  TEMP(K) =   301.29  PRESS =     0.0
 Etot   =    -57329.6113  EKtot   =     14234.0039  EPtot      =    -71563.6152
 BOND   =       445.7575  ANGLE   =      1279.1002  DIHED      =      1898.8295
 1-4 NB =       552.1955  1-4 EEL =      8932.8846  VDWAALS    =     13468.3457
 EELEC  =    -98232.3850  EHBOND  =         0.0000  RESTRAINT  =        91.6569
 EAMBER (non-restraint)  =    -71655.2721
 ------------------------------------------------------------------------------

wrapping first mol.:       23.43602       33.14354       57.40630
wrapping first mol.:       23.43602       33.14354       57.40630

 NSTEP =     3500   TIME(PS) =    1347.000  TEMP(K) =   297.95  PRESS =     0.0
 Etot   =    -57658.8146  EKtot   =     14076.4287  EPtot      =    -71735.2433
 BOND   =       423.5158  ANGLE   =      1177.2799  DIHED      =      1886.9342
 1-4 NB =       587.9822  1-4 EEL =      8939.9232  VDWAALS    =     13516.5764
 EELEC  =    -98367.5289  EHBOND  =         0.0000  RESTRAINT  =       100.0738
 EAMBER (non-restraint)  =    -71835.3172
 ------------------------------------------------------------------------------

wrapping first mol.:       23.43602       33.14354       57.40630
wrapping first mol.:       23.43602       33.14354       57.40630

 NSTEP =     4000   TIME(PS) =    1348.000  TEMP(K) =   299.68  PRESS =     0.0
 Etot   =    -57588.8729  EKtot   =     14157.7324  EPtot      =    -71746.6053
 BOND   =       453.0500  ANGLE   =      1212.2751  DIHED      =      1901.4975
 1-4 NB =       573.2585  1-4 EEL =      8899.4303  VDWAALS    =     13469.9483
 EELEC  =    -98350.3995  EHBOND  =         0.0000  RESTRAINT  =        94.3344
 EAMBER (non-restraint)  =    -71840.9397
 ------------------------------------------------------------------------------

wrapping first mol.:       23.43602       33.14354       57.40630
wrapping first mol.:       23.43602       33.14354       57.40630

 NSTEP =     4500   TIME(PS) =    1349.000  TEMP(K) =   297.38  PRESS =     0.0
 Etot   =    -57550.3583  EKtot   =     14049.2441  EPtot      =    -71599.6025
 BOND   =       448.2695  ANGLE   =      1253.3322  DIHED      =      1910.3165
 1-4 NB =       553.7723  1-4 EEL =      8903.3026  VDWAALS    =     13298.9777
 EELEC  =    -98053.3955  EHBOND  =         0.0000  RESTRAINT  =        85.8223
 EAMBER (non-restraint)  =    -71685.4247
 ------------------------------------------------------------------------------

wrapping first mol.:       23.43602       33.14354       57.40630
wrapping first mol.:       23.43602       33.14354       57.40630

 NSTEP =     5000   TIME(PS) =    1350.000  TEMP(K) =   304.33  PRESS =     0.0
 Etot   =    -57477.5648  EKtot   =     14377.4219  EPtot      =    -71854.9867
 BOND   =       438.6753  ANGLE   =      1194.2329  DIHED      =      1881.8514
 1-4 NB =       569.8158  1-4 EEL =      8896.7609  VDWAALS    =     13205.4835
 EELEC  =    -98126.4340  EHBOND  =         0.0000  RESTRAINT  =        84.6275
 EAMBER (non-restraint)  =    -71939.6142
 ------------------------------------------------------------------------------

wrapping first mol.:       23.43602       33.14354       57.40630
wrapping first mol.:       23.43602       33.14354       57.40630

 NSTEP =     5500   TIME(PS) =    1351.000  TEMP(K) =   303.06  PRESS =     0.0
 Etot   =    -57245.3771  EKtot   =     14317.6807  EPtot      =    -71563.0577
 BOND   =       447.8227  ANGLE   =      1208.7414  DIHED      =      1903.6262
 1-4 NB =       589.0813  1-4 EEL =      8945.0016  VDWAALS    =     13738.2928
 EELEC  =    -98491.2120  EHBOND  =         0.0000  RESTRAINT  =        95.5883
 EAMBER (non-restraint)  =    -71658.6460
 ------------------------------------------------------------------------------

wrapping first mol.:       23.43602       33.14354       57.40630
wrapping first mol.:       23.43602       33.14354       57.40630

 NSTEP =     6000   TIME(PS) =    1352.000  TEMP(K) =   300.87  PRESS =     0.0
 Etot   =    -57451.1667  EKtot   =     14214.3379  EPtot      =    -71665.5046
 BOND   =       441.1719  ANGLE   =      1248.5336  DIHED      =      1904.1321
 1-4 NB =       567.9494  1-4 EEL =      8942.1160  VDWAALS    =     13469.5072
 EELEC  =    -98347.4751  EHBOND  =         0.0000  RESTRAINT  =       108.5605
 EAMBER (non-restraint)  =    -71774.0650
 ------------------------------------------------------------------------------

wrapping first mol.:       23.43602       33.14354       57.40630
wrapping first mol.:       23.43602       33.14354       57.40630

 NSTEP =     6500   TIME(PS) =    1353.000  TEMP(K) =   303.73  PRESS =     0.0
 Etot   =    -57269.1487  EKtot   =     14349.3838  EPtot      =    -71618.5325
 BOND   =       453.3652  ANGLE   =      1237.8450  DIHED      =      1871.8711
 1-4 NB =       565.6369  1-4 EEL =      8912.8538  VDWAALS    =     13523.0641
 EELEC  =    -98273.4668  EHBOND  =         0.0000  RESTRAINT  =        90.2981
 EAMBER (non-restraint)  =    -71708.8306
 ------------------------------------------------------------------------------

wrapping first mol.:       23.43602       33.14354       57.40630
wrapping first mol.:       23.43602       33.14354       57.40630

 NSTEP =     7000   TIME(PS) =    1354.000  TEMP(K) =   300.66  PRESS =     0.0
 Etot   =    -57516.3708  EKtot   =     14204.1787  EPtot      =    -71720.5495
 BOND   =       460.9798  ANGLE   =      1253.6864  DIHED      =      1877.3422
 1-4 NB =       571.6587  1-4 EEL =      8880.4007  VDWAALS    =     13537.1816
 EELEC  =    -98397.0478  EHBOND  =         0.0000  RESTRAINT  =        95.2488
 EAMBER (non-restraint)  =    -71815.7983
 ------------------------------------------------------------------------------

wrapping first mol.:       23.43602       33.14354       57.40630
wrapping first mol.:       23.43602       33.14354       57.40630

 NSTEP =     7500   TIME(PS) =    1355.000  TEMP(K) =   298.46  PRESS =     0.0
 Etot   =    -57489.8385  EKtot   =     14100.1035  EPtot      =    -71589.9421
 BOND   =       464.4675  ANGLE   =      1222.9703  DIHED      =      1915.3225
 1-4 NB =       594.3650  1-4 EEL =      8890.3315  VDWAALS    =     13402.5200
 EELEC  =    -98180.9685  EHBOND  =         0.0000  RESTRAINT  =       101.0497
 EAMBER (non-restraint)  =    -71690.9917
 ------------------------------------------------------------------------------

wrapping first mol.:       23.43602       33.14354       57.40630
wrapping first mol.:       23.43602       33.14354       57.40630

 NSTEP =     8000   TIME(PS) =    1356.000  TEMP(K) =   301.78  PRESS =     0.0
 Etot   =    -57422.2174  EKtot   =     14257.0566  EPtot      =    -71679.2741
 BOND   =       443.9842  ANGLE   =      1254.0451  DIHED      =      1914.5551
 1-4 NB =       581.4588  1-4 EEL =      8869.7121  VDWAALS    =     13431.4760
 EELEC  =    -98265.1991  EHBOND  =         0.0000  RESTRAINT  =        90.6937
 EAMBER (non-restraint)  =    -71769.9678
 ------------------------------------------------------------------------------

wrapping first mol.:       23.43602       33.14354       57.40630
wrapping first mol.:       23.43602       33.14354       57.40630

 NSTEP =     8500   TIME(PS) =    1357.000  TEMP(K) =   299.22  PRESS =     0.0
 Etot   =    -57606.1703  EKtot   =     14136.1006  EPtot      =    -71742.2709
 BOND   =       457.7481  ANGLE   =      1243.3477  DIHED      =      1901.6606
 1-4 NB =       570.6196  1-4 EEL =      8912.1178  VDWAALS    =     13685.5201
 EELEC  =    -98620.5935  EHBOND  =         0.0000  RESTRAINT  =       107.3086
 EAMBER (non-restraint)  =    -71849.5795
 ------------------------------------------------------------------------------

wrapping first mol.:       23.43602       33.14354       57.40630
wrapping first mol.:       23.43602       33.14354       57.40630

 NSTEP =     9000   TIME(PS) =    1358.000  TEMP(K) =   297.18  PRESS =     0.0
 Etot   =    -57571.6675  EKtot   =     14039.9307  EPtot      =    -71611.5982
 BOND   =       448.5483  ANGLE   =      1274.4778  DIHED      =      1890.8482
 1-4 NB =       566.9958  1-4 EEL =      8931.3735  VDWAALS    =     13510.9878
 EELEC  =    -98329.4865  EHBOND  =         0.0000  RESTRAINT  =        94.6570
 EAMBER (non-restraint)  =    -71706.2552
 ------------------------------------------------------------------------------

wrapping first mol.:       23.43602       33.14354       57.40630
wrapping first mol.:       23.43602       33.14354       57.40630

 NSTEP =     9500   TIME(PS) =    1359.000  TEMP(K) =   298.25  PRESS =     0.0
 Etot   =    -57618.7525  EKtot   =     14090.3672  EPtot      =    -71709.1196
 BOND   =       466.7198  ANGLE   =      1234.2751  DIHED      =      1910.1400
 1-4 NB =       575.6941  1-4 EEL =      8892.1407  VDWAALS    =     13448.0046
 EELEC  =    -98329.9797  EHBOND  =         0.0000  RESTRAINT  =        93.8856
 EAMBER (non-restraint)  =    -71803.0053
 ------------------------------------------------------------------------------

wrapping first mol.:       23.43602       33.14354       57.40630
wrapping first mol.:       23.43602       33.14354       57.40630

 NSTEP =    10000   TIME(PS) =    1360.000  TEMP(K) =   302.67  PRESS =     0.0
 Etot   =    -57331.3673  EKtot   =     14299.1484  EPtot      =    -71630.5157
 BOND   =       423.4962  ANGLE   =      1229.6760  DIHED      =      1921.0351
 1-4 NB =       572.6786  1-4 EEL =      8928.7617  VDWAALS    =     13640.3592
 EELEC  =    -98449.7847  EHBOND  =         0.0000  RESTRAINT  =       103.2621
 EAMBER (non-restraint)  =    -71733.7779
 ------------------------------------------------------------------------------

wrapping first mol.:       23.43602       33.14354       57.40630
wrapping first mol.:       23.43602       33.14354       57.40630

 NSTEP =    10500   TIME(PS) =    1361.000  TEMP(K) =   296.13  PRESS =     0.0
 Etot   =    -57663.9052  EKtot   =     13990.1221  EPtot      =    -71654.0273
 BOND   =       448.2121  ANGLE   =      1213.5752  DIHED      =      1883.5639
 1-4 NB =       585.7991  1-4 EEL =      8955.5454  VDWAALS    =     13471.7556
 EELEC  =    -98304.8242  EHBOND  =         0.0000  RESTRAINT  =        92.3455
 EAMBER (non-restraint)  =    -71746.3728
 ------------------------------------------------------------------------------

wrapping first mol.:       23.43602       33.14354       57.40630
wrapping first mol.:       23.43602       33.14354       57.40630

 NSTEP =    11000   TIME(PS) =    1362.000  TEMP(K) =   300.52  PRESS =     0.0
 Etot   =    -57642.0847  EKtot   =     14197.4717  EPtot      =    -71839.5564
 BOND   =       462.8561  ANGLE   =      1244.7490  DIHED      =      1893.0029
 1-4 NB =       594.0777  1-4 EEL =      8901.7932  VDWAALS    =     13622.6013
 EELEC  =    -98659.4877  EHBOND  =         0.0000  RESTRAINT  =       100.8511
 EAMBER (non-restraint)  =    -71940.4075
 ------------------------------------------------------------------------------

wrapping first mol.:       23.43602       33.14354       57.40630
wrapping first mol.:       23.43602       33.14354       57.40630

 NSTEP =    11500   TIME(PS) =    1363.000  TEMP(K) =   301.97  PRESS =     0.0
 Etot   =    -57493.8018  EKtot   =     14265.9766  EPtot      =    -71759.7783
 BOND   =       451.9658  ANGLE   =      1214.5171  DIHED      =      1892.1709
 1-4 NB =       591.6905  1-4 EEL =      8914.0361  VDWAALS    =     13530.8347
 EELEC  =    -98458.3912  EHBOND  =         0.0000  RESTRAINT  =       103.3979
 EAMBER (non-restraint)  =    -71863.1762
 ------------------------------------------------------------------------------

wrapping first mol.:       23.43602       33.14354       57.40630
wrapping first mol.:       23.43602       33.14354       57.40630

 NSTEP =    12000   TIME(PS) =    1364.000  TEMP(K) =   296.20  PRESS =     0.0
 Etot   =    -57668.0190  EKtot   =     13993.6504  EPtot      =    -71661.6694
 BOND   =       457.9326  ANGLE   =      1248.5927  DIHED      =      1866.0591
 1-4 NB =       586.6678  1-4 EEL =      8902.4063  VDWAALS    =     13363.1985
 EELEC  =    -98188.3149  EHBOND  =         0.0000  RESTRAINT  =       101.7885
 EAMBER (non-restraint)  =    -71763.4579
 ------------------------------------------------------------------------------

wrapping first mol.:       23.43602       33.14354       57.40630
wrapping first mol.:       23.43602       33.14354       57.40630

 NSTEP =    12500   TIME(PS) =    1365.000  TEMP(K) =   301.10  PRESS =     0.0
 Etot   =    -57565.6973  EKtot   =     14224.9590  EPtot      =    -71790.6563
 BOND   =       453.7411  ANGLE   =      1190.8777  DIHED      =      1902.8768
 1-4 NB =       571.2149  1-4 EEL =      8895.0774  VDWAALS    =     13198.4018
 EELEC  =    -98114.4041  EHBOND  =         0.0000  RESTRAINT  =       111.5582
 EAMBER (non-restraint)  =    -71902.2145
 ------------------------------------------------------------------------------

wrapping first mol.:       23.43602       33.14354       57.40630
wrapping first mol.:       23.43602       33.14354       57.40630

 NSTEP =    13000   TIME(PS) =    1366.000  TEMP(K) =   299.34  PRESS =     0.0
 Etot   =    -57605.3267  EKtot   =     14141.6768  EPtot      =    -71747.0034
 BOND   =       472.3069  ANGLE   =      1192.7035  DIHED      =      1884.2543
 1-4 NB =       580.6465  1-4 EEL =      8906.1150  VDWAALS    =     13438.1270
 EELEC  =    -98325.3336  EHBOND  =         0.0000  RESTRAINT  =       104.1769
 EAMBER (non-restraint)  =    -71851.1804
 ------------------------------------------------------------------------------

wrapping first mol.:       23.43602       33.14354       57.40630
wrapping first mol.:       23.43602       33.14354       57.40630

 NSTEP =    13500   TIME(PS) =    1367.000  TEMP(K) =   300.12  PRESS =     0.0
 Etot   =    -57470.2568  EKtot   =     14178.9521  EPtot      =    -71649.2089
 BOND   =       469.8538  ANGLE   =      1222.4151  DIHED      =      1912.6222
 1-4 NB =       569.7228  1-4 EEL =      8925.1450  VDWAALS    =     13491.7566
 EELEC  =    -98349.1865  EHBOND  =         0.0000  RESTRAINT  =       108.4620
 EAMBER (non-restraint)  =    -71757.6710
 ------------------------------------------------------------------------------

wrapping first mol.:       23.43602       33.14354       57.40630
wrapping first mol.:       23.43602       33.14354       57.40630

 NSTEP =    14000   TIME(PS) =    1368.000  TEMP(K) =   302.29  PRESS =     0.0
 Etot   =    -57284.0115  EKtot   =     14281.3613  EPtot      =    -71565.3728
 BOND   =       480.5778  ANGLE   =      1213.1103  DIHED      =      1914.3059
 1-4 NB =       574.7137  1-4 EEL =      8879.6269  VDWAALS    =     13388.0126
 EELEC  =    -98113.3760  EHBOND  =         0.0000  RESTRAINT  =        97.6561
 EAMBER (non-restraint)  =    -71663.0288
 ------------------------------------------------------------------------------

wrapping first mol.:       23.43602       33.14354       57.40630
wrapping first mol.:       23.43602       33.14354       57.40630

 NSTEP =    14500   TIME(PS) =    1369.000  TEMP(K) =   299.38  PRESS =     0.0
 Etot   =    -57599.9683  EKtot   =     14143.8047  EPtot      =    -71743.7730
 BOND   =       460.3077  ANGLE   =      1190.4119  DIHED      =      1884.5890
 1-4 NB =       571.1823  1-4 EEL =      8928.0292  VDWAALS    =     13422.4692
 EELEC  =    -98299.6916  EHBOND  =         0.0000  RESTRAINT  =        98.9293
 EAMBER (non-restraint)  =    -71842.7022
 ------------------------------------------------------------------------------

wrapping first mol.:       23.43602       33.14354       57.40630
wrapping first mol.:       23.43602       33.14354       57.40630

 NSTEP =    15000   TIME(PS) =    1370.000  TEMP(K) =   296.70  PRESS =     0.0
 Etot   =    -57607.6044  EKtot   =     14017.2139  EPtot      =    -71624.8183
 BOND   =       454.5192  ANGLE   =      1189.1763  DIHED      =      1896.6304
 1-4 NB =       600.8671  1-4 EEL =      8926.7294  VDWAALS    =     13310.2809
 EELEC  =    -98101.4771  EHBOND  =         0.0000  RESTRAINT  =        98.4554
 EAMBER (non-restraint)  =    -71723.2737
 ------------------------------------------------------------------------------

wrapping first mol.:       23.43602       33.14354       57.40630
wrapping first mol.:       23.43602       33.14354       57.40630

 NSTEP =    15500   TIME(PS) =    1371.000  TEMP(K) =   298.78  PRESS =     0.0
 Etot   =    -57573.8060  EKtot   =     14115.5332  EPtot      =    -71689.3392
 BOND   =       493.6503  ANGLE   =      1224.7906  DIHED      =      1914.5429
 1-4 NB =       555.7407  1-4 EEL =      8878.3014  VDWAALS    =     13495.0226
 EELEC  =    -98359.8110  EHBOND  =         0.0000  RESTRAINT  =       108.4232
 EAMBER (non-restraint)  =    -71797.7625
 ------------------------------------------------------------------------------

wrapping first mol.:       23.43602       33.14354       57.40630
wrapping first mol.:       23.43602       33.14354       57.40630

 NSTEP =    16000   TIME(PS) =    1372.000  TEMP(K) =   298.36  PRESS =     0.0
 Etot   =    -57722.7028  EKtot   =     14095.4922  EPtot      =    -71818.1950
 BOND   =       454.2168  ANGLE   =      1198.4592  DIHED      =      1880.6258
 1-4 NB =       572.4444  1-4 EEL =      8903.8289  VDWAALS    =     13466.0390
 EELEC  =    -98383.3601  EHBOND  =         0.0000  RESTRAINT  =        89.5510
 EAMBER (non-restraint)  =    -71907.7460
 ------------------------------------------------------------------------------

wrapping first mol.:       23.43602       33.14354       57.40630
wrapping first mol.:       23.43602       33.14354       57.40630

 NSTEP =    16500   TIME(PS) =    1373.000  TEMP(K) =   299.63  PRESS =     0.0
 Etot   =    -57505.3113  EKtot   =     14155.4453  EPtot      =    -71660.7566
 BOND   =       437.7334  ANGLE   =      1231.5184  DIHED      =      1928.0767
 1-4 NB =       568.4270  1-4 EEL =      8898.6981  VDWAALS    =     13742.3829
 EELEC  =    -98560.1231  EHBOND  =         0.0000  RESTRAINT  =        92.5300
 EAMBER (non-restraint)  =    -71753.2866
 ------------------------------------------------------------------------------

wrapping first mol.:       23.43602       33.14354       57.40630
wrapping first mol.:       23.43602       33.14354       57.40630

 NSTEP =    17000   TIME(PS) =    1374.000  TEMP(K) =   299.07  PRESS =     0.0
 Etot   =    -57481.7030  EKtot   =     14129.1094  EPtot      =    -71610.8124
 BOND   =       459.2942  ANGLE   =      1286.0096  DIHED      =      1894.7158
 1-4 NB =       568.0242  1-4 EEL =      8877.6052  VDWAALS    =     13637.6859
 EELEC  =    -98433.7294  EHBOND  =         0.0000  RESTRAINT  =        99.5821
 EAMBER (non-restraint)  =    -71710.3945
 ------------------------------------------------------------------------------

wrapping first mol.:       23.43602       33.14354       57.40630
wrapping first mol.:       23.43602       33.14354       57.40630

 NSTEP =    17500   TIME(PS) =    1375.000  TEMP(K) =   299.28  PRESS =     0.0
 Etot   =    -57416.2887  EKtot   =     14139.2334  EPtot      =    -71555.5221
 BOND   =       431.0685  ANGLE   =      1247.1870  DIHED      =      1938.4346
 1-4 NB =       587.2589  1-4 EEL =      8913.8068  VDWAALS    =     13487.0032
 EELEC  =    -98255.8163  EHBOND  =         0.0000  RESTRAINT  =        95.5353
 EAMBER (non-restraint)  =    -71651.0574
 ------------------------------------------------------------------------------

wrapping first mol.:       23.43602       33.14354       57.40630
wrapping first mol.:       23.43602       33.14354       57.40630

 NSTEP =    18000   TIME(PS) =    1376.000  TEMP(K) =   299.46  PRESS =     0.0
 Etot   =    -57647.9672  EKtot   =     14147.3213  EPtot      =    -71795.2885
 BOND   =       467.4849  ANGLE   =      1269.6369  DIHED      =      1895.6154
 1-4 NB =       563.4282  1-4 EEL =      8895.5383  VDWAALS    =     13490.9366
 EELEC  =    -98474.8752  EHBOND  =         0.0000  RESTRAINT  =        96.9464
 EAMBER (non-restraint)  =    -71892.2348
 ------------------------------------------------------------------------------

wrapping first mol.:       23.43602       33.14354       57.40630
wrapping first mol.:       23.43602       33.14354       57.40630

 NSTEP =    18500   TIME(PS) =    1377.000  TEMP(K) =   301.50  PRESS =     0.0
 Etot   =    -57516.0589  EKtot   =     14243.9961  EPtot      =    -71760.0550
 BOND   =       436.1945  ANGLE   =      1183.7369  DIHED      =      1893.4810
 1-4 NB =       570.4335  1-4 EEL =      8916.8748  VDWAALS    =     13530.8569
 EELEC  =    -98389.3181  EHBOND  =         0.0000  RESTRAINT  =        97.6856
 EAMBER (non-restraint)  =    -71857.7406
 ------------------------------------------------------------------------------

wrapping first mol.:       23.43602       33.14354       57.40630
wrapping first mol.:       23.43602       33.14354       57.40630

 NSTEP =    19000   TIME(PS) =    1378.000  TEMP(K) =   301.21  PRESS =     0.0
 Etot   =    -57332.2912  EKtot   =     14230.4492  EPtot      =    -71562.7404
 BOND   =       435.3076  ANGLE   =      1295.2702  DIHED      =      1889.9328
 1-4 NB =       583.4648  1-4 EEL =      8913.0615  VDWAALS    =     13361.9226
 EELEC  =    -98151.7812  EHBOND  =         0.0000  RESTRAINT  =       110.0812
 EAMBER (non-restraint)  =    -71672.8216
 ------------------------------------------------------------------------------

wrapping first mol.:       23.43602       33.14354       57.40630
wrapping first mol.:       23.43602       33.14354       57.40630

 NSTEP =    19500   TIME(PS) =    1379.000  TEMP(K) =   300.91  PRESS =     0.0
 Etot   =    -57526.3356  EKtot   =     14216.2070  EPtot      =    -71742.5426
 BOND   =       482.8745  ANGLE   =      1204.9791  DIHED      =      1897.0428
 1-4 NB =       570.0334  1-4 EEL =      8890.1388  VDWAALS    =     13712.6516
 EELEC  =    -98594.4926  EHBOND  =         0.0000  RESTRAINT  =        94.2298
 EAMBER (non-restraint)  =    -71836.7725
 ------------------------------------------------------------------------------

wrapping first mol.:       23.43602       33.14354       57.40630
wrapping first mol.:       23.43602       33.14354       57.40630

 NSTEP =    20000   TIME(PS) =    1380.000  TEMP(K) =   301.38  PRESS =     0.0
 Etot   =    -57495.8394  EKtot   =     14238.1426  EPtot      =    -71733.9820
 BOND   =       443.1202  ANGLE   =      1229.3334  DIHED      =      1896.8494
 1-4 NB =       586.8685  1-4 EEL =      8891.6767  VDWAALS    =     13689.0922
 EELEC  =    -98559.8403  EHBOND  =         0.0000  RESTRAINT  =        88.9179
 EAMBER (non-restraint)  =    -71822.8998
 ------------------------------------------------------------------------------

wrapping first mol.:       23.43602       33.14354       57.40630
wrapping first mol.:       23.43602       33.14354       57.40630

 NSTEP =    20500   TIME(PS) =    1381.000  TEMP(K) =   297.84  PRESS =     0.0
 Etot   =    -57699.7635  EKtot   =     14070.9883  EPtot      =    -71770.7518
 BOND   =       426.7225  ANGLE   =      1267.4353  DIHED      =      1909.4515
 1-4 NB =       592.6275  1-4 EEL =      8908.5336  VDWAALS    =     13393.6930
 EELEC  =    -98362.3351  EHBOND  =         0.0000  RESTRAINT  =        93.1197
 EAMBER (non-restraint)  =    -71863.8715
 ------------------------------------------------------------------------------

wrapping first mol.:       23.43602       33.14354       57.40630
wrapping first mol.:       23.43602       33.14354       57.40630

 NSTEP =    21000   TIME(PS) =    1382.000  TEMP(K) =   297.87  PRESS =     0.0
 Etot   =    -57778.4387  EKtot   =     14072.6006  EPtot      =    -71851.0393
 BOND   =       450.0003  ANGLE   =      1206.7259  DIHED      =      1883.6583
 1-4 NB =       584.2172  1-4 EEL =      8925.2053  VDWAALS    =     13609.7111
 EELEC  =    -98609.6856  EHBOND  =         0.0000  RESTRAINT  =        99.1283
 EAMBER (non-restraint)  =    -71950.1676
 ------------------------------------------------------------------------------

wrapping first mol.:       23.43602       33.14354       57.40630
wrapping first mol.:       23.43602       33.14354       57.40630

 NSTEP =    21500   TIME(PS) =    1383.000  TEMP(K) =   300.76  PRESS =     0.0
 Etot   =    -57398.9160  EKtot   =     14208.9443  EPtot      =    -71607.8603
 BOND   =       469.4716  ANGLE   =      1207.3528  DIHED      =      1908.5783
 1-4 NB =       578.7297  1-4 EEL =      8909.2428  VDWAALS    =     13627.1109
 EELEC  =    -98401.0436  EHBOND  =         0.0000  RESTRAINT  =        92.6971
 EAMBER (non-restraint)  =    -71700.5574
 ------------------------------------------------------------------------------

wrapping first mol.:       23.43602       33.14354       57.40630
wrapping first mol.:       23.43602       33.14354       57.40630

 NSTEP =    22000   TIME(PS) =    1384.000  TEMP(K) =   301.20  PRESS =     0.0
 Etot   =    -57494.8518  EKtot   =     14229.5283  EPtot      =    -71724.3801
 BOND   =       443.4314  ANGLE   =      1242.9500  DIHED      =      1917.6452
 1-4 NB =       566.9494  1-4 EEL =      8894.6635  VDWAALS    =     13439.8065
 EELEC  =    -98330.4680  EHBOND  =         0.0000  RESTRAINT  =       100.6421
 EAMBER (non-restraint)  =    -71825.0222
 ------------------------------------------------------------------------------

wrapping first mol.:       23.43602       33.14354       57.40630
wrapping first mol.:       23.43602       33.14354       57.40630

 NSTEP =    22500   TIME(PS) =    1385.000  TEMP(K) =   297.63  PRESS =     0.0
 Etot   =    -57627.3027  EKtot   =     14061.0566  EPtot      =    -71688.3594
 BOND   =       431.1923  ANGLE   =      1226.0720  DIHED      =      1887.5201
 1-4 NB =       585.0020  1-4 EEL =      8906.9580  VDWAALS    =     13580.2823
 EELEC  =    -98401.5496  EHBOND  =         0.0000  RESTRAINT  =        96.1634
 EAMBER (non-restraint)  =    -71784.5228
 ------------------------------------------------------------------------------

wrapping first mol.:       23.43602       33.14354       57.40630
wrapping first mol.:       23.43602       33.14354       57.40630

 NSTEP =    23000   TIME(PS) =    1386.000  TEMP(K) =   303.59  PRESS =     0.0
 Etot   =    -57452.6474  EKtot   =     14342.5596  EPtot      =    -71795.2070
 BOND   =       476.9985  ANGLE   =      1232.2051  DIHED      =      1921.4408
 1-4 NB =       573.5275  1-4 EEL =      8883.9006  VDWAALS    =     13441.8907
 EELEC  =    -98428.1942  EHBOND  =         0.0000  RESTRAINT  =       103.0241
 EAMBER (non-restraint)  =    -71898.2311
 ------------------------------------------------------------------------------

wrapping first mol.:       23.43602       33.14354       57.40630
wrapping first mol.:       23.43602       33.14354       57.40630

 NSTEP =    23500   TIME(PS) =    1387.000  TEMP(K) =   297.80  PRESS =     0.0
 Etot   =    -57570.6991  EKtot   =     14068.9336  EPtot      =    -71639.6327
 BOND   =       460.6475  ANGLE   =      1217.3311  DIHED      =      1903.4699
 1-4 NB =       578.8860  1-4 EEL =      8904.6652  VDWAALS    =     13411.7548
 EELEC  =    -98215.5078  EHBOND  =         0.0000  RESTRAINT  =        99.1207
 EAMBER (non-restraint)  =    -71738.7534
 ------------------------------------------------------------------------------

wrapping first mol.:       23.43602       33.14354       57.40630
wrapping first mol.:       23.43602       33.14354       57.40630

 NSTEP =    24000   TIME(PS) =    1388.000  TEMP(K) =   300.75  PRESS =     0.0
 Etot   =    -57568.6118  EKtot   =     14208.3223  EPtot      =    -71776.9340
 BOND   =       459.3766  ANGLE   =      1180.6346  DIHED      =      1906.1084
 1-4 NB =       584.7840  1-4 EEL =      8928.2672  VDWAALS    =     13345.5817
 EELEC  =    -98273.6892  EHBOND  =         0.0000  RESTRAINT  =        92.0027
 EAMBER (non-restraint)  =    -71868.9368
 ------------------------------------------------------------------------------

wrapping first mol.:       23.43602       33.14354       57.40630
wrapping first mol.:       23.43602       33.14354       57.40630

 NSTEP =    24500   TIME(PS) =    1389.000  TEMP(K) =   297.91  PRESS =     0.0
 Etot   =    -57684.6683  EKtot   =     14074.4316  EPtot      =    -71759.1000
 BOND   =       454.2251  ANGLE   =      1208.2828  DIHED      =      1882.0998
 1-4 NB =       587.8071  1-4 EEL =      8887.6823  VDWAALS    =     13567.4626
 EELEC  =    -98437.0444  EHBOND  =         0.0000  RESTRAINT  =        90.3847
 EAMBER (non-restraint)  =    -71849.4847
 ------------------------------------------------------------------------------

wrapping first mol.:       23.43602       33.14354       57.40630
wrapping first mol.:       23.43602       33.14354       57.40630

 NSTEP =    25000   TIME(PS) =    1390.000  TEMP(K) =   301.04  PRESS =     0.0
 Etot   =    -57467.5580  EKtot   =     14222.3262  EPtot      =    -71689.8842
 BOND   =       476.6265  ANGLE   =      1260.7479  DIHED      =      1894.7834
 1-4 NB =       576.6340  1-4 EEL =      8898.2617  VDWAALS    =     13425.7803
 EELEC  =    -98318.9403  EHBOND  =         0.0000  RESTRAINT  =        96.2223
 EAMBER (non-restraint)  =    -71786.1065
 ------------------------------------------------------------------------------

wrapping first mol.:       23.43602       33.14354       57.40630
wrapping first mol.:       23.43602       33.14354       57.40630

 NSTEP =    25500   TIME(PS) =    1391.000  TEMP(K) =   299.80  PRESS =     0.0
 Etot   =    -57556.4409  EKtot   =     14163.4736  EPtot      =    -71719.9145
 BOND   =       468.4700  ANGLE   =      1248.9740  DIHED      =      1906.4573
 1-4 NB =       575.7977  1-4 EEL =      8935.7866  VDWAALS    =     13553.2604
 EELEC  =    -98507.0757  EHBOND  =         0.0000  RESTRAINT  =        98.4152
 EAMBER (non-restraint)  =    -71818.3297
 ------------------------------------------------------------------------------

wrapping first mol.:       23.43602       33.14354       57.40630
wrapping first mol.:       23.43602       33.14354       57.40630

 NSTEP =    26000   TIME(PS) =    1392.000  TEMP(K) =   298.67  PRESS =     0.0
 Etot   =    -57671.0542  EKtot   =     14110.0117  EPtot      =    -71781.0660
 BOND   =       446.4186  ANGLE   =      1250.8210  DIHED      =      1897.0170
 1-4 NB =       583.6218  1-4 EEL =      8932.9254  VDWAALS    =     13451.8926
 EELEC  =    -98442.7357  EHBOND  =         0.0000  RESTRAINT  =        98.9733
 EAMBER (non-restraint)  =    -71880.0392
 ------------------------------------------------------------------------------

wrapping first mol.:       23.43602       33.14354       57.40630
wrapping first mol.:       23.43602       33.14354       57.40630

 NSTEP =    26500   TIME(PS) =    1393.000  TEMP(K) =   297.06  PRESS =     0.0
 Etot   =    -57788.9347  EKtot   =     14033.9297  EPtot      =    -71822.8644
 BOND   =       444.2845  ANGLE   =      1227.5703  DIHED      =      1904.9833
 1-4 NB =       598.5303  1-4 EEL =      8918.4481  VDWAALS    =     13674.7743
 EELEC  =    -98681.1471  EHBOND  =         0.0000  RESTRAINT  =        89.6920
 EAMBER (non-restraint)  =    -71912.5564
 ------------------------------------------------------------------------------

wrapping first mol.:       23.43602       33.14354       57.40630
wrapping first mol.:       23.43602       33.14354       57.40630

 NSTEP =    27000   TIME(PS) =    1394.000  TEMP(K) =   302.44  PRESS =     0.0
 Etot   =    -57419.0286  EKtot   =     14288.5439  EPtot      =    -71707.5726
 BOND   =       463.8072  ANGLE   =      1202.2944  DIHED      =      1888.2960
 1-4 NB =       579.0281  1-4 EEL =      8940.8338  VDWAALS    =     13510.6388
 EELEC  =    -98394.8969  EHBOND  =         0.0000  RESTRAINT  =       102.4260
 EAMBER (non-restraint)  =    -71809.9986
 ------------------------------------------------------------------------------

wrapping first mol.:       23.43602       33.14354       57.40630
wrapping first mol.:       23.43602       33.14354       57.40630

 NSTEP =    27500   TIME(PS) =    1395.000  TEMP(K) =   299.20  PRESS =     0.0
 Etot   =    -57660.4255  EKtot   =     14135.2812  EPtot      =    -71795.7067
 BOND   =       474.2099  ANGLE   =      1245.9295  DIHED      =      1910.4584
 1-4 NB =       575.9481  1-4 EEL =      8908.3110  VDWAALS    =     13351.9743
 EELEC  =    -98344.4082  EHBOND  =         0.0000  RESTRAINT  =        81.8702
 EAMBER (non-restraint)  =    -71877.5769
 ------------------------------------------------------------------------------

wrapping first mol.:       23.43602       33.14354       57.40630
wrapping first mol.:       23.43602       33.14354       57.40630

 NSTEP =    28000   TIME(PS) =    1396.000  TEMP(K) =   298.47  PRESS =     0.0
 Etot   =    -57724.2993  EKtot   =     14100.7393  EPtot      =    -71825.0385
 BOND   =       467.2182  ANGLE   =      1246.6497  DIHED      =      1912.8757
 1-4 NB =       573.8189  1-4 EEL =      8903.5293  VDWAALS    =     13473.1906
 EELEC  =    -98497.1761  EHBOND  =         0.0000  RESTRAINT  =        94.8552
 EAMBER (non-restraint)  =    -71919.8937
 ------------------------------------------------------------------------------

wrapping first mol.:       23.43602       33.14354       57.40630
wrapping first mol.:       23.43602       33.14354       57.40630

 NSTEP =    28500   TIME(PS) =    1397.000  TEMP(K) =   302.59  PRESS =     0.0
 Etot   =    -57626.7762  EKtot   =     14295.4512  EPtot      =    -71922.2274
 BOND   =       492.8675  ANGLE   =      1182.6593  DIHED      =      1907.1355
 1-4 NB =       575.2906  1-4 EEL =      8952.9236  VDWAALS    =     13536.4523
 EELEC  =    -98675.1342  EHBOND  =         0.0000  RESTRAINT  =       105.5780
 EAMBER (non-restraint)  =    -72027.8053
 ------------------------------------------------------------------------------

wrapping first mol.:       23.43602       33.14354       57.40630
wrapping first mol.:       23.43602       33.14354       57.40630

 NSTEP =    29000   TIME(PS) =    1398.000  TEMP(K) =   300.92  PRESS =     0.0
 Etot   =    -57668.6547  EKtot   =     14216.4922  EPtot      =    -71885.1469
 BOND   =       437.8899  ANGLE   =      1205.7390  DIHED      =      1884.5966
 1-4 NB =       576.9648  1-4 EEL =      8911.4954  VDWAALS    =     13345.8837
 EELEC  =    -98333.6387  EHBOND  =         0.0000  RESTRAINT  =        85.9225
 EAMBER (non-restraint)  =    -71971.0694
 ------------------------------------------------------------------------------

wrapping first mol.:       23.43602       33.14354       57.40630
wrapping first mol.:       23.43602       33.14354       57.40630

 NSTEP =    29500   TIME(PS) =    1399.000  TEMP(K) =   299.60  PRESS =     0.0
 Etot   =    -57603.6197  EKtot   =     14154.2773  EPtot      =    -71757.8971
 BOND   =       436.5183  ANGLE   =      1211.4101  DIHED      =      1899.0791
 1-4 NB =       559.0932  1-4 EEL =      8900.6679  VDWAALS    =     13429.8642
 EELEC  =    -98289.2030  EHBOND  =         0.0000  RESTRAINT  =        94.6733
 EAMBER (non-restraint)  =    -71852.5703
 ------------------------------------------------------------------------------

wrapping first mol.:       23.43602       33.14354       57.40630
wrapping first mol.:       23.43602       33.14354       57.40630

 NSTEP =    30000   TIME(PS) =    1400.000  TEMP(K) =   300.24  PRESS =     0.0
 Etot   =    -57648.6373  EKtot   =     14184.5449  EPtot      =    -71833.1822
 BOND   =       465.8027  ANGLE   =      1266.3077  DIHED      =      1889.6519
 1-4 NB =       574.8103  1-4 EEL =      8891.7474  VDWAALS    =     13361.9111
 EELEC  =    -98374.5885  EHBOND  =         0.0000  RESTRAINT  =        91.1751
 EAMBER (non-restraint)  =    -71924.3573
 ------------------------------------------------------------------------------

wrapping first mol.:       23.43602       33.14354       57.40630
wrapping first mol.:       23.43602       33.14354       57.40630

 NSTEP =    30500   TIME(PS) =    1401.000  TEMP(K) =   299.19  PRESS =     0.0
 Etot   =    -57453.6870  EKtot   =     14135.0137  EPtot      =    -71588.7007
 BOND   =       469.7066  ANGLE   =      1253.6345  DIHED      =      1894.7468
 1-4 NB =       576.8464  1-4 EEL =      8935.0409  VDWAALS    =     13387.2722
 EELEC  =    -98208.7279  EHBOND  =         0.0000  RESTRAINT  =       102.7797
 EAMBER (non-restraint)  =    -71691.4804
 ------------------------------------------------------------------------------

wrapping first mol.:       23.43602       33.14354       57.40630
wrapping first mol.:       23.43602       33.14354       57.40630

 NSTEP =    31000   TIME(PS) =    1402.000  TEMP(K) =   297.50  PRESS =     0.0
 Etot   =    -57799.3930  EKtot   =     14054.9961  EPtot      =    -71854.3891
 BOND   =       438.2472  ANGLE   =      1234.1162  DIHED      =      1900.8642
 1-4 NB =       596.2628  1-4 EEL =      8926.0893  VDWAALS    =     13435.1077
 EELEC  =    -98480.0420  EHBOND  =         0.0000  RESTRAINT  =        94.9654
 EAMBER (non-restraint)  =    -71949.3545
 ------------------------------------------------------------------------------

wrapping first mol.:       23.43602       33.14354       57.40630
wrapping first mol.:       23.43602       33.14354       57.40630

 NSTEP =    31500   TIME(PS) =    1403.000  TEMP(K) =   300.11  PRESS =     0.0
 Etot   =    -57545.1621  EKtot   =     14178.1533  EPtot      =    -71723.3154
 BOND   =       450.1440  ANGLE   =      1241.2531  DIHED      =      1920.3846
 1-4 NB =       575.8451  1-4 EEL =      8896.1416  VDWAALS    =     13297.6913
 EELEC  =    -98208.7404  EHBOND  =         0.0000  RESTRAINT  =       103.9651
 EAMBER (non-restraint)  =    -71827.2805
 ------------------------------------------------------------------------------

wrapping first mol.:       23.43602       33.14354       57.40630
wrapping first mol.:       23.43602       33.14354       57.40630

 NSTEP =    32000   TIME(PS) =    1404.000  TEMP(K) =   296.19  PRESS =     0.0
 Etot   =    -57790.1875  EKtot   =     13992.9043  EPtot      =    -71783.0918
 BOND   =       428.4837  ANGLE   =      1185.7343  DIHED      =      1905.5843
 1-4 NB =       572.8676  1-4 EEL =      8923.7644  VDWAALS    =     13390.5624
 EELEC  =    -98288.7728  EHBOND  =         0.0000  RESTRAINT  =        98.6843
 EAMBER (non-restraint)  =    -71881.7761
 ------------------------------------------------------------------------------

wrapping first mol.:       23.43602       33.14354       57.40630
wrapping first mol.:       23.43602       33.14354       57.40630

 NSTEP =    32500   TIME(PS) =    1405.000  TEMP(K) =   298.22  PRESS =     0.0
 Etot   =    -57627.9147  EKtot   =     14089.0176  EPtot      =    -71716.9323
 BOND   =       453.3179  ANGLE   =      1221.6536  DIHED      =      1895.1419
 1-4 NB =       577.0229  1-4 EEL =      8931.4164  VDWAALS    =     13496.7215
 EELEC  =    -98391.2210  EHBOND  =         0.0000  RESTRAINT  =        99.0145
 EAMBER (non-restraint)  =    -71815.9468
 ------------------------------------------------------------------------------

wrapping first mol.:       23.43602       33.14354       57.40630
wrapping first mol.:       23.43602       33.14354       57.40630

 NSTEP =    33000   TIME(PS) =    1406.000  TEMP(K) =   302.55  PRESS =     0.0
 Etot   =    -57464.6400  EKtot   =     14293.3662  EPtot      =    -71758.0062
 BOND   =       453.2690  ANGLE   =      1230.7578  DIHED      =      1912.5628
 1-4 NB =       563.2824  1-4 EEL =      8910.7222  VDWAALS    =     13514.2872
 EELEC  =    -98430.8518  EHBOND  =         0.0000  RESTRAINT  =        87.9644
 EAMBER (non-restraint)  =    -71845.9706
 ------------------------------------------------------------------------------

wrapping first mol.:       23.43602       33.14354       57.40630
wrapping first mol.:       23.43602       33.14354       57.40630

 NSTEP =    33500   TIME(PS) =    1407.000  TEMP(K) =   301.82  PRESS =     0.0
 Etot   =    -57478.4975  EKtot   =     14258.8564  EPtot      =    -71737.3539
 BOND   =       468.1103  ANGLE   =      1246.6775  DIHED      =      1916.4896
 1-4 NB =       564.1805  1-4 EEL =      8898.3670  VDWAALS    =     13542.4751
 EELEC  =    -98469.8831  EHBOND  =         0.0000  RESTRAINT  =        96.2292
 EAMBER (non-restraint)  =    -71833.5831
 ------------------------------------------------------------------------------

wrapping first mol.:       23.43602       33.14354       57.40630
wrapping first mol.:       23.43602       33.14354       57.40630

 NSTEP =    34000   TIME(PS) =    1408.000  TEMP(K) =   301.29  PRESS =     0.0
 Etot   =    -57591.5121  EKtot   =     14234.1934  EPtot      =    -71825.7055
 BOND   =       447.4129  ANGLE   =      1243.5771  DIHED      =      1891.7046
 1-4 NB =       586.5812  1-4 EEL =      8930.9729  VDWAALS    =     13466.1518
 EELEC  =    -98489.6316  EHBOND  =         0.0000  RESTRAINT  =        97.5257
 EAMBER (non-restraint)  =    -71923.2311
 ------------------------------------------------------------------------------

wrapping first mol.:       23.43602       33.14354       57.40630
wrapping first mol.:       23.43602       33.14354       57.40630

 NSTEP =    34500   TIME(PS) =    1409.000  TEMP(K) =   301.85  PRESS =     0.0
 Etot   =    -57521.7368  EKtot   =     14260.6562  EPtot      =    -71782.3930
 BOND   =       481.9954  ANGLE   =      1277.6860  DIHED      =      1891.9435
 1-4 NB =       569.8622  1-4 EEL =      8922.5243  VDWAALS    =     13371.4811
 EELEC  =    -98401.0256  EHBOND  =         0.0000  RESTRAINT  =       103.1400
 EAMBER (non-restraint)  =    -71885.5330
 ------------------------------------------------------------------------------

wrapping first mol.:       23.43602       33.14354       57.40630
wrapping first mol.:       23.43602       33.14354       57.40630

 NSTEP =    35000   TIME(PS) =    1410.000  TEMP(K) =   296.00  PRESS =     0.0
 Etot   =    -57746.0376  EKtot   =     13984.2305  EPtot      =    -71730.2680
 BOND   =       482.2475  ANGLE   =      1257.5173  DIHED      =      1903.9371
 1-4 NB =       560.4650  1-4 EEL =      8890.3439  VDWAALS    =     13202.6488
 EELEC  =    -98119.8942  EHBOND  =         0.0000  RESTRAINT  =        92.4665
 EAMBER (non-restraint)  =    -71822.7345
 ------------------------------------------------------------------------------

wrapping first mol.:       23.43602       33.14354       57.40630
wrapping first mol.:       23.43602       33.14354       57.40630

 NSTEP =    35500   TIME(PS) =    1411.000  TEMP(K) =   300.53  PRESS =     0.0
 Etot   =    -57546.8703  EKtot   =     14197.9229  EPtot      =    -71744.7932
 BOND   =       468.3420  ANGLE   =      1199.4217  DIHED      =      1916.3650
 1-4 NB =       587.1980  1-4 EEL =      8895.4577  VDWAALS    =     13527.8426
 EELEC  =    -98435.9484  EHBOND  =         0.0000  RESTRAINT  =        96.5282
 EAMBER (non-restraint)  =    -71841.3214
 ------------------------------------------------------------------------------

wrapping first mol.:       23.43602       33.14354       57.40630
wrapping first mol.:       23.43602       33.14354       57.40630

 NSTEP =    36000   TIME(PS) =    1412.000  TEMP(K) =   299.93  PRESS =     0.0
 Etot   =    -57740.1710  EKtot   =     14169.7998  EPtot      =    -71909.9708
 BOND   =       454.7475  ANGLE   =      1168.8033  DIHED      =      1909.8950
 1-4 NB =       590.9410  1-4 EEL =      8926.7797  VDWAALS    =     13238.1231
 EELEC  =    -98301.2112  EHBOND  =         0.0000  RESTRAINT  =       101.9507
 EAMBER (non-restraint)  =    -72011.9215
 ------------------------------------------------------------------------------

wrapping first mol.:       23.43602       33.14354       57.40630
wrapping first mol.:       23.43602       33.14354       57.40630

 NSTEP =    36500   TIME(PS) =    1413.000  TEMP(K) =   301.22  PRESS =     0.0
 Etot   =    -57527.1072  EKtot   =     14230.7979  EPtot      =    -71757.9051
 BOND   =       406.8845  ANGLE   =      1244.6335  DIHED      =      1897.2916
 1-4 NB =       599.3830  1-4 EEL =      8933.2770  VDWAALS    =     13549.9140
 EELEC  =    -98488.7388  EHBOND  =         0.0000  RESTRAINT  =        99.4502
 EAMBER (non-restraint)  =    -71857.3553
 ------------------------------------------------------------------------------

wrapping first mol.:       23.43602       33.14354       57.40630
wrapping first mol.:       23.43602       33.14354       57.40630

 NSTEP =    37000   TIME(PS) =    1414.000  TEMP(K) =   298.94  PRESS =     0.0
 Etot   =    -57670.6831  EKtot   =     14123.0371  EPtot      =    -71793.7202
 BOND   =       460.7281  ANGLE   =      1258.0791  DIHED      =      1894.0178
 1-4 NB =       565.6062  1-4 EEL =      8873.9391  VDWAALS    =     13219.8712
 EELEC  =    -98165.3995  EHBOND  =         0.0000  RESTRAINT  =        99.4378
 EAMBER (non-restraint)  =    -71893.1580
 ------------------------------------------------------------------------------

wrapping first mol.:       23.43602       33.14354       57.40630
wrapping first mol.:       23.43602       33.14354       57.40630

 NSTEP =    37500   TIME(PS) =    1415.000  TEMP(K) =   298.36  PRESS =     0.0
 Etot   =    -57710.9545  EKtot   =     14095.4062  EPtot      =    -71806.3608
 BOND   =       469.7888  ANGLE   =      1207.1668  DIHED      =      1899.2977
 1-4 NB =       586.9107  1-4 EEL =      8917.8454  VDWAALS    =     13483.8655
 EELEC  =    -98473.5661  EHBOND  =         0.0000  RESTRAINT  =       102.3303
 EAMBER (non-restraint)  =    -71908.6911
 ------------------------------------------------------------------------------

wrapping first mol.:       23.43602       33.14354       57.40630
wrapping first mol.:       23.43602       33.14354       57.40630

 NSTEP =    38000   TIME(PS) =    1416.000  TEMP(K) =   297.52  PRESS =     0.0
 Etot   =    -57728.1909  EKtot   =     14055.9629  EPtot      =    -71784.1538
 BOND   =       449.4740  ANGLE   =      1225.8672  DIHED      =      1877.5853
 1-4 NB =       566.7781  1-4 EEL =      8890.8340  VDWAALS    =     13586.5594
 EELEC  =    -98477.8868  EHBOND  =         0.0000  RESTRAINT  =        96.6350
 EAMBER (non-restraint)  =    -71880.7888
 ------------------------------------------------------------------------------

wrapping first mol.:       23.43602       33.14354       57.40630
wrapping first mol.:       23.43602       33.14354       57.40630

 NSTEP =    38500   TIME(PS) =    1417.000  TEMP(K) =   301.38  PRESS =     0.0
 Etot   =    -57491.7320  EKtot   =     14238.1621  EPtot      =    -71729.8941
 BOND   =       481.6802  ANGLE   =      1226.0036  DIHED      =      1913.7383
 1-4 NB =       582.8070  1-4 EEL =      8918.6596  VDWAALS    =     13638.8493
 EELEC  =    -98594.2932  EHBOND  =         0.0000  RESTRAINT  =       102.6611
 EAMBER (non-restraint)  =    -71832.5552
 ------------------------------------------------------------------------------

wrapping first mol.:       23.43602       33.14354       57.40630
wrapping first mol.:       23.43602       33.14354       57.40630

 NSTEP =    39000   TIME(PS) =    1418.000  TEMP(K) =   297.68  PRESS =     0.0
 Etot   =    -57753.7991  EKtot   =     14063.5615  EPtot      =    -71817.3606
 BOND   =       415.9030  ANGLE   =      1223.9070  DIHED      =      1915.5044
 1-4 NB =       589.0515  1-4 EEL =      8947.9333  VDWAALS    =     13527.1029
 EELEC  =    -98533.5738  EHBOND  =         0.0000  RESTRAINT  =        96.8112
 EAMBER (non-restraint)  =    -71914.1718
 ------------------------------------------------------------------------------

wrapping first mol.:       23.43602       33.14354       57.40630
wrapping first mol.:       23.43602       33.14354       57.40630

 NSTEP =    39500   TIME(PS) =    1419.000  TEMP(K) =   296.15  PRESS =     0.0
 Etot   =    -57818.8148  EKtot   =     13991.3682  EPtot      =    -71810.1830
 BOND   =       454.4473  ANGLE   =      1227.3563  DIHED      =      1913.8736
 1-4 NB =       573.8441  1-4 EEL =      8889.0721  VDWAALS    =     13421.8758
 EELEC  =    -98383.3180  EHBOND  =         0.0000  RESTRAINT  =        92.6658
 EAMBER (non-restraint)  =    -71902.8487
 ------------------------------------------------------------------------------

wrapping first mol.:       23.43602       33.14354       57.40630
wrapping first mol.:       23.43602       33.14354       57.40630

 NSTEP =    40000   TIME(PS) =    1420.000  TEMP(K) =   300.70  PRESS =     0.0
 Etot   =    -57446.4891  EKtot   =     14206.2617  EPtot      =    -71652.7508
 BOND   =       439.3646  ANGLE   =      1271.3155  DIHED      =      1909.3339
 1-4 NB =       591.0384  1-4 EEL =      8922.1526  VDWAALS    =     13628.3881
 EELEC  =    -98516.4165  EHBOND  =         0.0000  RESTRAINT  =       102.0726
 EAMBER (non-restraint)  =    -71754.8234
 ------------------------------------------------------------------------------

wrapping first mol.:       23.43602       33.14354       57.40630
wrapping first mol.:       23.43602       33.14354       57.40630

 NSTEP =    40500   TIME(PS) =    1421.000  TEMP(K) =   301.56  PRESS =     0.0
 Etot   =    -57494.2610  EKtot   =     14246.7148  EPtot      =    -71740.9758
 BOND   =       453.5566  ANGLE   =      1214.3446  DIHED      =      1888.8769
 1-4 NB =       580.3294  1-4 EEL =      8932.5232  VDWAALS    =     13373.5358
 EELEC  =    -98277.2566  EHBOND  =         0.0000  RESTRAINT  =        93.1142
 EAMBER (non-restraint)  =    -71834.0900
 ------------------------------------------------------------------------------

wrapping first mol.:       23.43602       33.14354       57.40630
wrapping first mol.:       23.43602       33.14354       57.40630

 NSTEP =    41000   TIME(PS) =    1422.000  TEMP(K) =   300.79  PRESS =     0.0
 Etot   =    -57664.6883  EKtot   =     14210.5137  EPtot      =    -71875.2020
 BOND   =       463.7752  ANGLE   =      1194.1523  DIHED      =      1891.6081
 1-4 NB =       580.1610  1-4 EEL =      8891.1247  VDWAALS    =     13395.3456
 EELEC  =    -98400.6333  EHBOND  =         0.0000  RESTRAINT  =       109.2644
 EAMBER (non-restraint)  =    -71984.4664
 ------------------------------------------------------------------------------

wrapping first mol.:       23.43602       33.14354       57.40630
wrapping first mol.:       23.43602       33.14354       57.40630

 NSTEP =    41500   TIME(PS) =    1423.000  TEMP(K) =   299.12  PRESS =     0.0
 Etot   =    -57709.8095  EKtot   =     14131.6191  EPtot      =    -71841.4286
 BOND   =       437.5085  ANGLE   =      1262.6174  DIHED      =      1888.8707
 1-4 NB =       578.9454  1-4 EEL =      8939.9928  VDWAALS    =     13500.7259
 EELEC  =    -98553.4668  EHBOND  =         0.0000  RESTRAINT  =       103.3775
 EAMBER (non-restraint)  =    -71944.8062
 ------------------------------------------------------------------------------

wrapping first mol.:       23.43602       33.14354       57.40630
wrapping first mol.:       23.43602       33.14354       57.40630

 NSTEP =    42000   TIME(PS) =    1424.000  TEMP(K) =   299.76  PRESS =     0.0
 Etot   =    -57743.7327  EKtot   =     14161.6592  EPtot      =    -71905.3919
 BOND   =       455.5991  ANGLE   =      1198.7956  DIHED      =      1902.0665
 1-4 NB =       578.5388  1-4 EEL =      8902.8094  VDWAALS    =     13388.2972
 EELEC  =    -98425.7794  EHBOND  =         0.0000  RESTRAINT  =        94.2810
 EAMBER (non-restraint)  =    -71999.6728
 ------------------------------------------------------------------------------

wrapping first mol.:       23.43602       33.14354       57.40630
wrapping first mol.:       23.43602       33.14354       57.40630

 NSTEP =    42500   TIME(PS) =    1425.000  TEMP(K) =   301.94  PRESS =     0.0
 Etot   =    -57535.0601  EKtot   =     14264.6650  EPtot      =    -71799.7251
 BOND   =       433.5854  ANGLE   =      1262.0316  DIHED      =      1879.1617
 1-4 NB =       593.9115  1-4 EEL =      8911.9696  VDWAALS    =     13475.2099
 EELEC  =    -98461.0552  EHBOND  =         0.0000  RESTRAINT  =       105.4603
 EAMBER (non-restraint)  =    -71905.1854
 ------------------------------------------------------------------------------

wrapping first mol.:       23.43602       33.14354       57.40630
wrapping first mol.:       23.43602       33.14354       57.40630

 NSTEP =    43000   TIME(PS) =    1426.000  TEMP(K) =   293.50  PRESS =     0.0
 Etot   =    -57854.6514  EKtot   =     13865.9658  EPtot      =    -71720.6172
 BOND   =       431.2701  ANGLE   =      1208.9362  DIHED      =      1914.7399
 1-4 NB =       585.5180  1-4 EEL =      8908.3964  VDWAALS    =     13574.6127
 EELEC  =    -98461.5865  EHBOND  =         0.0000  RESTRAINT  =       117.4959
 EAMBER (non-restraint)  =    -71838.1131
 ------------------------------------------------------------------------------

wrapping first mol.:       23.43602       33.14354       57.40630
wrapping first mol.:       23.43602       33.14354       57.40630

 NSTEP =    43500   TIME(PS) =    1427.000  TEMP(K) =   301.16  PRESS =     0.0
 Etot   =    -57715.5292  EKtot   =     14227.8428  EPtot      =    -71943.3720
 BOND   =       457.7161  ANGLE   =      1173.6120  DIHED      =      1907.7026
 1-4 NB =       586.9776  1-4 EEL =      8948.1807  VDWAALS    =     13554.2007
 EELEC  =    -98664.5949  EHBOND  =         0.0000  RESTRAINT  =        92.8333
 EAMBER (non-restraint)  =    -72036.2053
 ------------------------------------------------------------------------------

wrapping first mol.:       23.43602       33.14354       57.40630
wrapping first mol.:       23.43602       33.14354       57.40630

 NSTEP =    44000   TIME(PS) =    1428.000  TEMP(K) =   301.64  PRESS =     0.0
 Etot   =    -57451.5727  EKtot   =     14250.4658  EPtot      =    -71702.0385
 BOND   =       453.1403  ANGLE   =      1189.4018  DIHED      =      1909.4530
 1-4 NB =       568.0882  1-4 EEL =      8902.7872  VDWAALS    =     13481.9130
 EELEC  =    -98311.4421  EHBOND  =         0.0000  RESTRAINT  =       104.6201
 EAMBER (non-restraint)  =    -71806.6586
 ------------------------------------------------------------------------------

wrapping first mol.:       23.43602       33.14354       57.40630
wrapping first mol.:       23.43602       33.14354       57.40630

 NSTEP =    44500   TIME(PS) =    1429.000  TEMP(K) =   298.84  PRESS =     0.0
 Etot   =    -57749.7327  EKtot   =     14118.3730  EPtot      =    -71868.1058
 BOND   =       440.8981  ANGLE   =      1274.2840  DIHED      =      1908.6382
 1-4 NB =       556.1219  1-4 EEL =      8900.5580  VDWAALS    =     13315.2310
 EELEC  =    -98372.2424  EHBOND  =         0.0000  RESTRAINT  =       108.4054
 EAMBER (non-restraint)  =    -71976.5112
 ------------------------------------------------------------------------------

wrapping first mol.:       23.43602       33.14354       57.40630
wrapping first mol.:       23.43602       33.14354       57.40630

 NSTEP =    45000   TIME(PS) =    1430.000  TEMP(K) =   301.19  PRESS =     0.0
 Etot   =    -57529.6916  EKtot   =     14229.3613  EPtot      =    -71759.0530
 BOND   =       468.1413  ANGLE   =      1229.7377  DIHED      =      1903.5133
 1-4 NB =       580.0154  1-4 EEL =      8905.8353  VDWAALS    =     13590.7805
 EELEC  =    -98540.0812  EHBOND  =         0.0000  RESTRAINT  =       103.0048
 EAMBER (non-restraint)  =    -71862.0578
 ------------------------------------------------------------------------------

wrapping first mol.:       23.43602       33.14354       57.40630
wrapping first mol.:       23.43602       33.14354       57.40630

 NSTEP =    45500   TIME(PS) =    1431.000  TEMP(K) =   301.77  PRESS =     0.0
 Etot   =    -57591.2341  EKtot   =     14256.6357  EPtot      =    -71847.8698
 BOND   =       492.7003  ANGLE   =      1214.4982  DIHED      =      1906.6940
 1-4 NB =       566.7437  1-4 EEL =      8887.6048  VDWAALS    =     13304.0532
 EELEC  =    -98317.7782  EHBOND  =         0.0000  RESTRAINT  =        97.6141
 EAMBER (non-restraint)  =    -71945.4840
 ------------------------------------------------------------------------------

wrapping first mol.:       23.43602       33.14354       57.40630
wrapping first mol.:       23.43602       33.14354       57.40630

 NSTEP =    46000   TIME(PS) =    1432.000  TEMP(K) =   300.05  PRESS =     0.0
 Etot   =    -57665.9555  EKtot   =     14175.6367  EPtot      =    -71841.5922
 BOND   =       474.4039  ANGLE   =      1229.6001  DIHED      =      1888.3790
 1-4 NB =       562.0963  1-4 EEL =      8886.6393  VDWAALS    =     13461.5099
 EELEC  =    -98453.1388  EHBOND  =         0.0000  RESTRAINT  =       108.9180
 EAMBER (non-restraint)  =    -71950.5103
 ------------------------------------------------------------------------------

wrapping first mol.:       23.43602       33.14354       57.40630
wrapping first mol.:       23.43602       33.14354       57.40630

 NSTEP =    46500   TIME(PS) =    1433.000  TEMP(K) =   299.45  PRESS =     0.0
 Etot   =    -57775.1205  EKtot   =     14146.9297  EPtot      =    -71922.0502
 BOND   =       487.8213  ANGLE   =      1191.5370  DIHED      =      1901.4839
 1-4 NB =       564.9129  1-4 EEL =      8897.4866  VDWAALS    =     13729.5656
 EELEC  =    -98797.7569  EHBOND  =         0.0000  RESTRAINT  =       102.8995
 EAMBER (non-restraint)  =    -72024.9497
 ------------------------------------------------------------------------------

wrapping first mol.:       23.43602       33.14354       57.40630
wrapping first mol.:       23.43602       33.14354       57.40630

 NSTEP =    47000   TIME(PS) =    1434.000  TEMP(K) =   304.11  PRESS =     0.0
 Etot   =    -57545.0044  EKtot   =     14366.9873  EPtot      =    -71911.9917
 BOND   =       480.7267  ANGLE   =      1226.7861  DIHED      =      1915.7200
 1-4 NB =       572.4867  1-4 EEL =      8886.6231  VDWAALS    =     13351.9475
 EELEC  =    -98451.7996  EHBOND  =         0.0000  RESTRAINT  =       105.5177
 EAMBER (non-restraint)  =    -72017.5094
 ------------------------------------------------------------------------------

wrapping first mol.:       23.43602       33.14354       57.40630
wrapping first mol.:       23.43602       33.14354       57.40630

 NSTEP =    47500   TIME(PS) =    1435.000  TEMP(K) =   304.40  PRESS =     0.0
 Etot   =    -57439.9304  EKtot   =     14380.9756  EPtot      =    -71820.9060
 BOND   =       448.7692  ANGLE   =      1227.4485  DIHED      =      1906.6758
 1-4 NB =       590.1969  1-4 EEL =      8927.6090  VDWAALS    =     13561.6365
 EELEC  =    -98583.3624  EHBOND  =         0.0000  RESTRAINT  =       100.1204
 EAMBER (non-restraint)  =    -71921.0264
 ------------------------------------------------------------------------------

wrapping first mol.:       23.43602       33.14354       57.40630
wrapping first mol.:       23.43602       33.14354       57.40630

 NSTEP =    48000   TIME(PS) =    1436.000  TEMP(K) =   303.03  PRESS =     0.0
 Etot   =    -57423.0581  EKtot   =     14316.3135  EPtot      =    -71739.3716
 BOND   =       487.6129  ANGLE   =      1243.4109  DIHED      =      1911.5588
 1-4 NB =       575.8707  1-4 EEL =      8903.6996  VDWAALS    =     13557.1234
 EELEC  =    -98524.1560  EHBOND  =         0.0000  RESTRAINT  =       105.5081
 EAMBER (non-restraint)  =    -71844.8797
 ------------------------------------------------------------------------------

wrapping first mol.:       23.43602       33.14354       57.40630
wrapping first mol.:       23.43602       33.14354       57.40630

 NSTEP =    48500   TIME(PS) =    1437.000  TEMP(K) =   299.93  PRESS =     0.0
 Etot   =    -57540.4499  EKtot   =     14169.5156  EPtot      =    -71709.9655
 BOND   =       448.8489  ANGLE   =      1279.9921  DIHED      =      1886.9643
 1-4 NB =       596.5116  1-4 EEL =      8944.4513  VDWAALS    =     13609.2667
 EELEC  =    -98576.9387  EHBOND  =         0.0000  RESTRAINT  =       100.9382
 EAMBER (non-restraint)  =    -71810.9038
 ------------------------------------------------------------------------------

wrapping first mol.:       23.43602       33.14354       57.40630
wrapping first mol.:       23.43602       33.14354       57.40630

 NSTEP =    49000   TIME(PS) =    1438.000  TEMP(K) =   297.50  PRESS =     0.0
 Etot   =    -57853.5856  EKtot   =     14054.7529  EPtot      =    -71908.3386
 BOND   =       452.9037  ANGLE   =      1218.4642  DIHED      =      1874.2182
 1-4 NB =       573.2286  1-4 EEL =      8911.0767  VDWAALS    =     13589.1317
 EELEC  =    -98629.5537  EHBOND  =         0.0000  RESTRAINT  =       102.1921
 EAMBER (non-restraint)  =    -72010.5307
 ------------------------------------------------------------------------------

wrapping first mol.:       23.43602       33.14354       57.40630
wrapping first mol.:       23.43602       33.14354       57.40630

 NSTEP =    49500   TIME(PS) =    1439.000  TEMP(K) =   302.80  PRESS =     0.0
 Etot   =    -57522.7836  EKtot   =     14305.4619  EPtot      =    -71828.2455
 BOND   =       443.2487  ANGLE   =      1241.2714  DIHED      =      1908.6018
 1-4 NB =       580.0663  1-4 EEL =      8910.9742  VDWAALS    =     13333.4934
 EELEC  =    -98349.6852  EHBOND  =         0.0000  RESTRAINT  =       103.7840
 EAMBER (non-restraint)  =    -71932.0295
 ------------------------------------------------------------------------------

wrapping first mol.:       23.43602       33.14354       57.40630
wrapping first mol.:       23.43602       33.14354       57.40630

 NSTEP =    50000   TIME(PS) =    1440.000  TEMP(K) =   295.04  PRESS =     0.0
 Etot   =    -57985.3035  EKtot   =     13938.8750  EPtot      =    -71924.1785
 BOND   =       428.8406  ANGLE   =      1243.5352  DIHED      =      1882.0291
 1-4 NB =       576.8100  1-4 EEL =      8894.3516  VDWAALS    =     13437.1303
 EELEC  =    -98490.5177  EHBOND  =         0.0000  RESTRAINT  =       103.6426
 EAMBER (non-restraint)  =    -72027.8210
 ------------------------------------------------------------------------------


      A V E R A G E S   O V E R     100 S T E P S


 NSTEP =    50000   TIME(PS) =    1440.000  TEMP(K) =   299.91  PRESS =     0.0
 Etot   =    -57577.6626  EKtot   =     14168.9358  EPtot      =    -71746.5984
 BOND   =       455.0609  ANGLE   =      1230.4957  DIHED      =      1899.8324
 1-4 NB =       577.7253  1-4 EEL =      8910.9574  VDWAALS    =     13477.6784
 EELEC  =    -98396.5431  EHBOND  =         0.0000  RESTRAINT  =        98.1946
 EAMBER (non-restraint)  =    -71844.7930
 ------------------------------------------------------------------------------


      R M S  F L U C T U A T I O N S


 NSTEP =    50000   TIME(PS) =    1440.000  TEMP(K) =     2.14  PRESS =     0.0
 Etot   =       137.5852  EKtot   =       101.1822  EPtot      =        94.7300
 BOND   =        17.4352  ANGLE   =        29.6108  DIHED      =        13.3462
 1-4 NB =        10.7445  1-4 EEL =        19.8515  VDWAALS    =       120.2253
 EELEC  =       144.8921  EHBOND  =         0.0000  RESTRAINT  =         6.5520
 EAMBER (non-restraint)  =        88.1780
 ------------------------------------------------------------------------------

--------------------------------------------------------------------------------
   5.  TIMINGS
--------------------------------------------------------------------------------

|  NonSetup CPU Time in Major Routines:
|
|     Routine           Sec        %
|     ------------------------------
|     Nonbond           2.08    2.22
|     Bond              0.00    0.00
|     Angle             0.00    0.00
|     Dihedral          0.00    0.00
|     Shake             0.32    0.34
|     RunMD            91.00   97.39
|     Other             0.04    0.04
|     ------------------------------
|     Total            93.44

|  PME Nonbond Pairlist CPU Time:
|
|     Routine              Sec        %
|     ---------------------------------
|     Set Up Cit           0.00    0.00
|     Build List           0.00    0.00
|     ---------------------------------
|     Total                0.00    0.00

|  PME Direct Force CPU Time:
|
|     Routine              Sec        %
|     ---------------------------------
|     NonBonded Calc       0.00    0.00
|     Exclude Masked       0.00    0.00
|     Other                0.03    0.03
|     ---------------------------------
|     Total                0.03    0.03

|  PME Reciprocal Force CPU Time:
|
|     Routine              Sec        %
|     ---------------------------------
|     1D bspline           0.00    0.00
|     Grid Charges         0.00    0.00
|     Scalar Sum           0.00    0.00
|     Gradient Sum         0.00    0.00
|     FFT                  0.00    0.00
|     ---------------------------------
|     Total                0.00    0.00

|  Final Performance Info:
|     -----------------------------------------------------
|     Average timings for last   17500 steps:
|     Elapsed(s) =      32.72 Per Step(ms) =       1.87
|         ns/day =      92.42   seconds/ns =     934.82
|
|     Average timings for all steps:
|     Elapsed(s) =      93.43 Per Step(ms) =       1.87
|         ns/day =      92.47   seconds/ns =     934.32
|     -----------------------------------------------------

|  Setup CPU time:            0.55 seconds
|  NonSetup CPU time:        93.44 seconds
|  Total CPU time:           93.99 seconds     0.03 hours

|  Setup wall time:           0    seconds
|  NonSetup wall time:       94    seconds
|  Total wall time:          94    seconds     0.03 hours
