
          -------------------------------------------------------
          Amber 16 PMEMD                              2016
          -------------------------------------------------------

| PMEMD implementation of SANDER, Release 16

| Run on 04/14/2018 at 21:09:50

|   Executable path: pmemd.cuda
| Working directory: /home/german/lbp/run/4uet/mhe/e
|          Hostname: Unknown
  [-O]verwriting output

File Assignments:
|   MDIN: 14equ.in                                                              
|  MDOUT: 14equ.out                                                             
| INPCRD: 13e4uet.rst7                                                          
|   PARM: /home/german/lbp/top_files/4uet.prmtop                                
| RESTRT: 14e4uet.rst7                                                          
|   REFC: 13e4uet.rst7                                                          
|  MDVEL: mdvel                                                                 
|   MDEN: mden                                                                  
|  MDCRD: 14e4uet.nc                                                            
| MDINFO: mdinfo                                                                
|  MDFRC: mdfrc                                                                 


 Here is the input file:

Equilibration with solute restrictions                                         
&cntrl                                                                         
imin = 0,                           ! No Minimization                          
nmropt = 0,                         ! No NMR restraints read                   
                                                                               
! Nature and format of the input                                               
ntx = 5,                            ! Coordinates but no velocities will be rea
irest = 1,                          ! Do not run a new simulation              
                                                                               
! Nature and format of the output                                              
ntxo = 1,                           ! rstrt file in ASCII format               
ntpr = 500,                         ! inf in output every ntpr steps           
ntwr = 500,                         ! rstrt file every ntwr steps              
ntwx = 500,                         ! mdcrd file every ntwx steps              
ntwv = 0,                           ! mdvel without velocities                 
ntwe = 0,                           ! Energies and temperatures not written in 
idecomp = 0,                        ! No energy decomposition                  
iwrap = 1,                          ! Coordinates of the restart and mdcrd file
                                                                               
! Frozen or restrained atoms                                                   
ibelly = 0,                         ! No frozen atoms                          
ntr=1,                              ! Harmonic potential restraints            
restraint_wt = 3.0,                ! The weight for the positional restraints  
restraintmask = ':1-154@N,CA,C,O',  ! restrained residues                      
                                                                               
! Molecular dynamics                                                           
nstlim = 50000,                     ! Number of MD-steps                       
dt = 0.002,                         ! Time step                                
                                                                               
! Temperature regulation                                                       
ntt = 3,                            ! Langevin thermostat                      
gamma_ln = 5,                       ! Gamma constant for Langevin              
temp0 = 300.0,                      ! Reference T at which the system is to be 
tempi = 300.0,                      ! Initial T                                
ig = -1,                            ! Seed for the RNG                         
                                                                               
! P and V regulation                                                           
ntp = 0,                            ! No pressure control                      
ntb = 1,                            ! Periodic box for constant V              
                                                                               
! SHAKE variables                                                              
ntc = 2,                            ! Bonds involving H are constrained        
ntf = 2,                            ! Bond interaction involving H are ommited.
                                                                               
cut = 10.0,                         ! Nonbonded cutoff                         
/                                                                              
&end                                                                           


Note: ig = -1. Setting random seed to   870640 based on wallclock time in 
      microseconds.
 
|--------------------- INFORMATION ----------------------
| GPU (CUDA) Version of PMEMD in use: NVIDIA GPU IN USE.
|                    Version 16.0.0
| 
|                      02/25/2016
| 
| Implementation by:
|                    Ross C. Walker     (SDSC)
|                    Scott Le Grand     (nVIDIA)
| 
| Precision model in use:
|      [SPFP] - Single Precision Forces, 64-bit Fixed Point
|               Accumulation. (Default)
| 
|--------------------------------------------------------
 
|----------------- CITATION INFORMATION -----------------
|
|    When publishing work that utilized the CUDA version
|    of AMBER, please cite the following in addition to
|    the regular AMBER citations:
|
|  - Romelia Salomon-Ferrer; Andreas W. Goetz; Duncan
|    Poole; Scott Le Grand; Ross C. Walker "Routine
|    microsecond molecular dynamics simulations with
|    AMBER - Part II: Particle Mesh Ewald", J. Chem.
|    Theory Comput., 2013, 9 (9), pp3878-3888,
|    DOI: 10.1021/ct400314y.
|
|  - Andreas W. Goetz; Mark J. Williamson; Dong Xu;
|    Duncan Poole; Scott Le Grand; Ross C. Walker
|    "Routine microsecond molecular dynamics simulations
|    with AMBER - Part I: Generalized Born", J. Chem.
|    Theory Comput., 2012, 8 (5), pp1542-1555.
|
|  - Scott Le Grand; Andreas W. Goetz; Ross C. Walker
|    "SPFP: Speed without compromise - a mixed precision
|    model for GPU accelerated molecular dynamics
|    simulations.", Comp. Phys. Comm., 2013, 184
|    pp374-380, DOI: 10.1016/j.cpc.2012.09.022
|
|--------------------------------------------------------
 
|------------------- GPU DEVICE INFO --------------------
|
|            CUDA_VISIBLE_DEVICES: not set
|   CUDA Capable Devices Detected:      2
|           CUDA Device ID in use:      0
|                CUDA Device Name: GeForce GTX 1060 6GB
|     CUDA Device Global Mem Size:   6072 MB
| CUDA Device Num Multiprocessors:     10
|           CUDA Device Core Freq:   1.76 GHz
|
|--------------------------------------------------------
 
 
| Conditional Compilation Defines Used:
| PUBFFT
| BINTRAJ
| CUDA
| EMIL

| Largest sphere to fit in unit cell has radius =    28.703

| New format PARM file being parsed.
| Version =    1.000 Date = 04/12/18 Time = 12:40:58

| Note: 1-4 EEL scale factors are being read from the topology file.

| Note: 1-4 VDW scale factors are being read from the topology file.
| Duplicated    0 dihedrals

| Duplicated    0 dihedrals

--------------------------------------------------------------------------------
   1.  RESOURCE   USE: 
--------------------------------------------------------------------------------

 getting new box info from bottom of inpcrd
 NATOM  =   23173 NTYPES =      17 NBONH =   21971 MBONA  =    1220
 NTHETH =    2839 MTHETA =    1632 NPHIH =    5501 MPHIA  =    5045
 NHPARM =       0 NPARM  =       0 NNB   =   41143 NRES   =    7073
 NBONA  =    1220 NTHETA =    1632 NPHIA =    5045 NUMBND =      58
 NUMANG =     130 NPTRA  =     163 NATYP =      31 NPHB   =       1
 IFBOX  =       2 NMXRS  =      24 IFCAP =       0 NEXTRA =       0
 NCOPY  =       0

| Coordinate Index Table dimensions:    11   11   11
| Direct force subcell size =     6.3916    6.3916    6.3916

     BOX TYPE: TRUNCATED OCTAHEDRON

--------------------------------------------------------------------------------
   2.  CONTROL  DATA  FOR  THE  RUN
--------------------------------------------------------------------------------

default_name                                                                    

General flags:
     imin    =       0, nmropt  =       0

Nature and format of input:
     ntx     =       5, irest   =       1, ntrx    =       1

Nature and format of output:
     ntxo    =       1, ntpr    =     500, ntrx    =       1, ntwr    =     500
     iwrap   =       1, ntwx    =     500, ntwv    =       0, ntwe    =       0
     ioutfm  =       1, ntwprt  =       0, idecomp =       0, rbornstat=      0

Potential function:
     ntf     =       2, ntb     =       1, igb     =       0, nsnb    =      25
     ipol    =       0, gbsa    =       0, iesp    =       0
     dielc   =   1.00000, cut     =  10.00000, intdiel =   1.00000

Frozen or restrained atoms:
     ibelly  =       0, ntr     =       1
     restraint_wt =   3.00000

Molecular dynamics:
     nstlim  =     50000, nscm    =         0, nrespa  =         1
     t       =   0.00000, dt      =   0.00200, vlimit  =  -1.00000

Langevin dynamics temperature regulation:
     ig      =  870640
     temp0   = 300.00000, tempi   = 300.00000, gamma_ln=   5.00000

SHAKE:
     ntc     =       2, jfastw  =       0
     tol     =   0.00001

| Intermolecular bonds treatment:
|     no_intermolecular_bonds =       1

| Energy averages sample interval:
|     ene_avg_sampling =     500

Ewald parameters:
     verbose =       0, ew_type =       0, nbflag  =       1, use_pme =       1
     vdwmeth =       1, eedmeth =       1, netfrc  =       1
     Box X =   70.308   Box Y =   70.308   Box Z =   70.308
     Alpha =  109.471   Beta  =  109.471   Gamma =  109.471
     NFFT1 =   72       NFFT2 =   72       NFFT3 =   72
     Cutoff=   10.000   Tol   =0.100E-04
     Ewald Coefficient =  0.27511
     Interpolation order =    4

    LOADING THE CONSTRAINED ATOMS AS GROUPS


   5.  REFERENCE ATOM COORDINATES

  default_name                                                                    
     Mask :1-154@N,CA,C,O; matches   616 atoms

--------------------------------------------------------------------------------
   3.  ATOMIC COORDINATES AND VELOCITIES
--------------------------------------------------------------------------------

default_name                                                                    
 begin time read from input coords =  1440.000 ps

 
 Number of triangulated 3-point waters found:     6914

     Sum of charges from parm topology file =  -0.00000007
     Forcing neutrality...

| Dynamic Memory, Types Used:
| Reals              818803
| Integers           809122

| Nonbonded Pairs Initial Allocation:     7009253

| GPU memory information (estimate):
| KB of GPU memory in use:    190911
| KB of CPU memory in use:     37311

--------------------------------------------------------------------------------
   4.  RESULTS
--------------------------------------------------------------------------------

 ---------------------------------------------------
 APPROXIMATING switch and d/dx switch using CUBIC SPLINE INTERPOLATION
 using   5000.0 points per unit in tabled values
 TESTING RELATIVE ERROR over r ranging from 0.0 to cutoff
| CHECK switch(x): max rel err =   0.2738E-14   at   2.422500
| CHECK d/dx switch(x): max rel err =   0.8314E-11   at   2.736960
 ---------------------------------------------------
|---------------------------------------------------
| APPROXIMATING direct energy using CUBIC SPLINE INTERPOLATION
|  with   50.0 points per unit in tabled values
| Relative Error Limit not exceeded for r .gt.   2.33
| APPROXIMATING direct force using CUBIC SPLINE INTERPOLATION
|  with   50.0 points per unit in tabled values
| Relative Error Limit not exceeded for r .gt.   2.80
|---------------------------------------------------
wrapping first mol.:       23.43602       33.14354       57.40630
wrapping first mol.:       23.43602       33.14354       57.40630

 NSTEP =      500   TIME(PS) =    1441.000  TEMP(K) =   297.31  PRESS =     0.0
 Etot   =    -57632.5543  EKtot   =     14046.1777  EPtot      =    -71678.7321
 BOND   =       480.4290  ANGLE   =      1223.9546  DIHED      =      1894.1651
 1-4 NB =       579.1421  1-4 EEL =      8915.8512  VDWAALS    =     13602.0136
 EELEC  =    -98455.5987  EHBOND  =         0.0000  RESTRAINT  =        81.3109
 EAMBER (non-restraint)  =    -71760.0429
 ------------------------------------------------------------------------------

wrapping first mol.:       23.43602       33.14354       57.40630
wrapping first mol.:       23.43602       33.14354       57.40630

 NSTEP =     1000   TIME(PS) =    1442.000  TEMP(K) =   298.34  PRESS =     0.0
 Etot   =    -57637.4227  EKtot   =     14094.8086  EPtot      =    -71732.2312
 BOND   =       454.7373  ANGLE   =      1225.6726  DIHED      =      1870.0043
 1-4 NB =       580.6566  1-4 EEL =      8977.1271  VDWAALS    =     13712.3679
 EELEC  =    -98633.3799  EHBOND  =         0.0000  RESTRAINT  =        80.5829
 EAMBER (non-restraint)  =    -71812.8141
 ------------------------------------------------------------------------------

wrapping first mol.:       23.43602       33.14354       57.40630
wrapping first mol.:       23.43602       33.14354       57.40630

 NSTEP =     1500   TIME(PS) =    1443.000  TEMP(K) =   300.44  PRESS =     0.0
 Etot   =    -57535.2158  EKtot   =     14193.6113  EPtot      =    -71728.8272
 BOND   =       454.0025  ANGLE   =      1226.4812  DIHED      =      1907.7829
 1-4 NB =       582.0369  1-4 EEL =      8931.8153  VDWAALS    =     13610.5183
 EELEC  =    -98527.7432  EHBOND  =         0.0000  RESTRAINT  =        86.2790
 EAMBER (non-restraint)  =    -71815.1062
 ------------------------------------------------------------------------------

wrapping first mol.:       23.43602       33.14354       57.40630
wrapping first mol.:       23.43602       33.14354       57.40630

 NSTEP =     2000   TIME(PS) =    1444.000  TEMP(K) =   297.03  PRESS =     0.0
 Etot   =    -57771.4078  EKtot   =     14032.9453  EPtot      =    -71804.3531
 BOND   =       435.6746  ANGLE   =      1220.8689  DIHED      =      1896.8828
 1-4 NB =       594.4339  1-4 EEL =      8969.7199  VDWAALS    =     13612.0643
 EELEC  =    -98623.1710  EHBOND  =         0.0000  RESTRAINT  =        89.1735
 EAMBER (non-restraint)  =    -71893.5266
 ------------------------------------------------------------------------------

wrapping first mol.:       23.43602       33.14354       57.40630
wrapping first mol.:       23.43602       33.14354       57.40630

 NSTEP =     2500   TIME(PS) =    1445.000  TEMP(K) =   298.92  PRESS =     0.0
 Etot   =    -57585.3032  EKtot   =     14122.1406  EPtot      =    -71707.4438
 BOND   =       454.6176  ANGLE   =      1259.6205  DIHED      =      1878.7512
 1-4 NB =       588.0619  1-4 EEL =      8923.3888  VDWAALS    =     13717.0662
 EELEC  =    -98619.8519  EHBOND  =         0.0000  RESTRAINT  =        90.9018
 EAMBER (non-restraint)  =    -71798.3456
 ------------------------------------------------------------------------------

wrapping first mol.:       23.43602       33.14354       57.40630
wrapping first mol.:       23.43602       33.14354       57.40630

 NSTEP =     3000   TIME(PS) =    1446.000  TEMP(K) =   300.50  PRESS =     0.0
 Etot   =    -57622.0884  EKtot   =     14196.5654  EPtot      =    -71818.6539
 BOND   =       466.9999  ANGLE   =      1274.3247  DIHED      =      1901.5546
 1-4 NB =       591.5679  1-4 EEL =      8883.2989  VDWAALS    =     13841.9275
 EELEC  =    -98867.8843  EHBOND  =         0.0000  RESTRAINT  =        89.5570
 EAMBER (non-restraint)  =    -71908.2109
 ------------------------------------------------------------------------------

wrapping first mol.:       23.43602       33.14354       57.40630
wrapping first mol.:       23.43602       33.14354       57.40630

 NSTEP =     3500   TIME(PS) =    1447.000  TEMP(K) =   299.76  PRESS =     0.0
 Etot   =    -57494.1658  EKtot   =     14161.5684  EPtot      =    -71655.7342
 BOND   =       462.2016  ANGLE   =      1247.8532  DIHED      =      1875.3092
 1-4 NB =       574.2812  1-4 EEL =      8904.1025  VDWAALS    =     13654.1007
 EELEC  =    -98449.3034  EHBOND  =         0.0000  RESTRAINT  =        75.7208
 EAMBER (non-restraint)  =    -71731.4550
 ------------------------------------------------------------------------------

wrapping first mol.:       23.43602       33.14354       57.40630
wrapping first mol.:       23.43602       33.14354       57.40630

 NSTEP =     4000   TIME(PS) =    1448.000  TEMP(K) =   302.44  PRESS =     0.0
 Etot   =    -57596.7770  EKtot   =     14288.4990  EPtot      =    -71885.2760
 BOND   =       457.3075  ANGLE   =      1240.9120  DIHED      =      1893.3865
 1-4 NB =       582.0447  1-4 EEL =      8918.9334  VDWAALS    =     13613.4338
 EELEC  =    -98675.8790  EHBOND  =         0.0000  RESTRAINT  =        84.5851
 EAMBER (non-restraint)  =    -71969.8611
 ------------------------------------------------------------------------------

wrapping first mol.:       23.43602       33.14354       57.40630
wrapping first mol.:       23.43602       33.14354       57.40630

 NSTEP =     4500   TIME(PS) =    1449.000  TEMP(K) =   302.32  PRESS =     0.0
 Etot   =    -57595.1504  EKtot   =     14282.8545  EPtot      =    -71878.0049
 BOND   =       452.9448  ANGLE   =      1202.7093  DIHED      =      1881.6205
 1-4 NB =       579.3089  1-4 EEL =      8924.8244  VDWAALS    =     13680.3918
 EELEC  =    -98686.6511  EHBOND  =         0.0000  RESTRAINT  =        86.8464
 EAMBER (non-restraint)  =    -71964.8513
 ------------------------------------------------------------------------------

wrapping first mol.:       23.43602       33.14354       57.40630
wrapping first mol.:       23.43602       33.14354       57.40630

 NSTEP =     5000   TIME(PS) =    1450.000  TEMP(K) =   298.22  PRESS =     0.0
 Etot   =    -57752.0735  EKtot   =     14088.9072  EPtot      =    -71840.9808
 BOND   =       458.0359  ANGLE   =      1231.2299  DIHED      =      1887.3263
 1-4 NB =       571.0932  1-4 EEL =      8868.2276  VDWAALS    =     13558.8125
 EELEC  =    -98508.2713  EHBOND  =         0.0000  RESTRAINT  =        92.5652
 EAMBER (non-restraint)  =    -71933.5459
 ------------------------------------------------------------------------------

wrapping first mol.:       23.43602       33.14354       57.40630
wrapping first mol.:       23.43602       33.14354       57.40630

 NSTEP =     5500   TIME(PS) =    1451.000  TEMP(K) =   300.34  PRESS =     0.0
 Etot   =    -57571.8422  EKtot   =     14189.2012  EPtot      =    -71761.0433
 BOND   =       449.7967  ANGLE   =      1207.3126  DIHED      =      1913.4055
 1-4 NB =       561.0116  1-4 EEL =      8906.9745  VDWAALS    =     13483.6070
 EELEC  =    -98369.5414  EHBOND  =         0.0000  RESTRAINT  =        86.3902
 EAMBER (non-restraint)  =    -71847.4336
 ------------------------------------------------------------------------------

wrapping first mol.:       23.43602       33.14354       57.40630
wrapping first mol.:       23.43602       33.14354       57.40630

 NSTEP =     6000   TIME(PS) =    1452.000  TEMP(K) =   302.28  PRESS =     0.0
 Etot   =    -57569.1098  EKtot   =     14280.5996  EPtot      =    -71849.7094
 BOND   =       458.9579  ANGLE   =      1245.5089  DIHED      =      1885.8646
 1-4 NB =       586.3486  1-4 EEL =      8928.1594  VDWAALS    =     13393.1520
 EELEC  =    -98430.5581  EHBOND  =         0.0000  RESTRAINT  =        82.8572
 EAMBER (non-restraint)  =    -71932.5666
 ------------------------------------------------------------------------------

wrapping first mol.:       23.43602       33.14354       57.40630
wrapping first mol.:       23.43602       33.14354       57.40630

 NSTEP =     6500   TIME(PS) =    1453.000  TEMP(K) =   297.99  PRESS =     0.0
 Etot   =    -57831.0739  EKtot   =     14078.2773  EPtot      =    -71909.3512
 BOND   =       457.0817  ANGLE   =      1210.4577  DIHED      =      1923.5194
 1-4 NB =       573.9249  1-4 EEL =      8901.8931  VDWAALS    =     13074.3710
 EELEC  =    -98136.4250  EHBOND  =         0.0000  RESTRAINT  =        85.8261
 EAMBER (non-restraint)  =    -71995.1773
 ------------------------------------------------------------------------------

wrapping first mol.:       23.43602       33.14354       57.40630
wrapping first mol.:       23.43602       33.14354       57.40630

 NSTEP =     7000   TIME(PS) =    1454.000  TEMP(K) =   300.18  PRESS =     0.0
 Etot   =    -57513.1024  EKtot   =     14181.7627  EPtot      =    -71694.8651
 BOND   =       487.5248  ANGLE   =      1247.8128  DIHED      =      1900.1634
 1-4 NB =       574.7906  1-4 EEL =      8901.0806  VDWAALS    =     13415.4537
 EELEC  =    -98306.5105  EHBOND  =         0.0000  RESTRAINT  =        84.8194
 EAMBER (non-restraint)  =    -71779.6845
 ------------------------------------------------------------------------------

wrapping first mol.:       23.43602       33.14354       57.40630
wrapping first mol.:       23.43602       33.14354       57.40630

 NSTEP =     7500   TIME(PS) =    1455.000  TEMP(K) =   299.00  PRESS =     0.0
 Etot   =    -57814.9535  EKtot   =     14126.0029  EPtot      =    -71940.9564
 BOND   =       448.9787  ANGLE   =      1168.6285  DIHED      =      1900.7777
 1-4 NB =       589.6697  1-4 EEL =      8946.1004  VDWAALS    =     13587.3423
 EELEC  =    -98668.9739  EHBOND  =         0.0000  RESTRAINT  =        86.5201
 EAMBER (non-restraint)  =    -72027.4765
 ------------------------------------------------------------------------------

wrapping first mol.:       23.43602       33.14354       57.40630
wrapping first mol.:       23.43602       33.14354       57.40630

 NSTEP =     8000   TIME(PS) =    1456.000  TEMP(K) =   297.35  PRESS =     0.0
 Etot   =    -57850.0444  EKtot   =     14048.0254  EPtot      =    -71898.0698
 BOND   =       449.7997  ANGLE   =      1222.5594  DIHED      =      1875.1855
 1-4 NB =       560.1632  1-4 EEL =      8909.2184  VDWAALS    =     13541.2685
 EELEC  =    -98542.6324  EHBOND  =         0.0000  RESTRAINT  =        86.3679
 EAMBER (non-restraint)  =    -71984.4377
 ------------------------------------------------------------------------------

wrapping first mol.:       23.43602       33.14354       57.40630
wrapping first mol.:       23.43602       33.14354       57.40630

 NSTEP =     8500   TIME(PS) =    1457.000  TEMP(K) =   298.53  PRESS =     0.0
 Etot   =    -57746.1202  EKtot   =     14103.6016  EPtot      =    -71849.7218
 BOND   =       475.0275  ANGLE   =      1222.2545  DIHED      =      1891.9452
 1-4 NB =       562.3639  1-4 EEL =      8903.0864  VDWAALS    =     13583.2859
 EELEC  =    -98575.0534  EHBOND  =         0.0000  RESTRAINT  =        87.3681
 EAMBER (non-restraint)  =    -71937.0899
 ------------------------------------------------------------------------------

wrapping first mol.:       23.43602       33.14354       57.40630
wrapping first mol.:       23.43602       33.14354       57.40630

 NSTEP =     9000   TIME(PS) =    1458.000  TEMP(K) =   300.08  PRESS =     0.0
 Etot   =    -57549.1070  EKtot   =     14176.8340  EPtot      =    -71725.9410
 BOND   =       479.6160  ANGLE   =      1194.8357  DIHED      =      1887.0251
 1-4 NB =       589.1211  1-4 EEL =      8945.9833  VDWAALS    =     13599.8920
 EELEC  =    -98504.6055  EHBOND  =         0.0000  RESTRAINT  =        82.1913
 EAMBER (non-restraint)  =    -71808.1323
 ------------------------------------------------------------------------------

wrapping first mol.:       23.43602       33.14354       57.40630
wrapping first mol.:       23.43602       33.14354       57.40630

 NSTEP =     9500   TIME(PS) =    1459.000  TEMP(K) =   297.04  PRESS =     0.0
 Etot   =    -57660.6200  EKtot   =     14032.9756  EPtot      =    -71693.5955
 BOND   =       462.3132  ANGLE   =      1245.7842  DIHED      =      1912.3922
 1-4 NB =       589.8166  1-4 EEL =      8919.2715  VDWAALS    =     13398.3284
 EELEC  =    -98317.2911  EHBOND  =         0.0000  RESTRAINT  =        95.7894
 EAMBER (non-restraint)  =    -71789.3850
 ------------------------------------------------------------------------------

wrapping first mol.:       23.43602       33.14354       57.40630
wrapping first mol.:       23.43602       33.14354       57.40630

 NSTEP =    10000   TIME(PS) =    1460.000  TEMP(K) =   299.05  PRESS =     0.0
 Etot   =    -57659.4415  EKtot   =     14128.1074  EPtot      =    -71787.5490
 BOND   =       436.3528  ANGLE   =      1284.8426  DIHED      =      1898.2999
 1-4 NB =       568.4977  1-4 EEL =      8895.3641  VDWAALS    =     13490.1790
 EELEC  =    -98444.9320  EHBOND  =         0.0000  RESTRAINT  =        83.8469
 EAMBER (non-restraint)  =    -71871.3959
 ------------------------------------------------------------------------------

wrapping first mol.:       23.43602       33.14354       57.40630
wrapping first mol.:       23.43602       33.14354       57.40630

 NSTEP =    10500   TIME(PS) =    1461.000  TEMP(K) =   300.42  PRESS =     0.0
 Etot   =    -57681.1986  EKtot   =     14192.8496  EPtot      =    -71874.0482
 BOND   =       451.9746  ANGLE   =      1212.5927  DIHED      =      1916.5510
 1-4 NB =       576.1883  1-4 EEL =      8898.1194  VDWAALS    =     13699.1415
 EELEC  =    -98709.8334  EHBOND  =         0.0000  RESTRAINT  =        81.2177
 EAMBER (non-restraint)  =    -71955.2659
 ------------------------------------------------------------------------------

wrapping first mol.:       23.43602       33.14354       57.40630
wrapping first mol.:       23.43602       33.14354       57.40630

 NSTEP =    11000   TIME(PS) =    1462.000  TEMP(K) =   298.62  PRESS =     0.0
 Etot   =    -57958.8008  EKtot   =     14107.6270  EPtot      =    -72066.4277
 BOND   =       438.0003  ANGLE   =      1223.1736  DIHED      =      1907.1653
 1-4 NB =       564.5039  1-4 EEL =      8864.2346  VDWAALS    =     13363.1805
 EELEC  =    -98516.4451  EHBOND  =         0.0000  RESTRAINT  =        89.7592
 EAMBER (non-restraint)  =    -72156.1870
 ------------------------------------------------------------------------------

wrapping first mol.:       23.43602       33.14354       57.40630
wrapping first mol.:       23.43602       33.14354       57.40630

 NSTEP =    11500   TIME(PS) =    1463.000  TEMP(K) =   301.78  PRESS =     0.0
 Etot   =    -57707.3325  EKtot   =     14257.0889  EPtot      =    -71964.4214
 BOND   =       421.1955  ANGLE   =      1245.4256  DIHED      =      1921.2131
 1-4 NB =       576.6905  1-4 EEL =      8920.7345  VDWAALS    =     13463.0800
 EELEC  =    -98591.4479  EHBOND  =         0.0000  RESTRAINT  =        78.6873
 EAMBER (non-restraint)  =    -72043.1086
 ------------------------------------------------------------------------------

wrapping first mol.:       23.43602       33.14354       57.40630
wrapping first mol.:       23.43602       33.14354       57.40630

 NSTEP =    12000   TIME(PS) =    1464.000  TEMP(K) =   302.07  PRESS =     0.0
 Etot   =    -57668.5605  EKtot   =     14270.9551  EPtot      =    -71939.5156
 BOND   =       404.3175  ANGLE   =      1238.7476  DIHED      =      1908.2963
 1-4 NB =       586.1872  1-4 EEL =      8940.5164  VDWAALS    =     13712.0115
 EELEC  =    -98813.7440  EHBOND  =         0.0000  RESTRAINT  =        84.1520
 EAMBER (non-restraint)  =    -72023.6676
 ------------------------------------------------------------------------------

wrapping first mol.:       23.43602       33.14354       57.40630
wrapping first mol.:       23.43602       33.14354       57.40630

 NSTEP =    12500   TIME(PS) =    1465.000  TEMP(K) =   303.46  PRESS =     0.0
 Etot   =    -57486.8027  EKtot   =     14336.7451  EPtot      =    -71823.5478
 BOND   =       472.9850  ANGLE   =      1217.6645  DIHED      =      1906.9774
 1-4 NB =       578.8296  1-4 EEL =      8891.7403  VDWAALS    =     13692.0985
 EELEC  =    -98671.6728  EHBOND  =         0.0000  RESTRAINT  =        87.8297
 EAMBER (non-restraint)  =    -71911.3775
 ------------------------------------------------------------------------------

wrapping first mol.:       23.43602       33.14354       57.40630
wrapping first mol.:       23.43602       33.14354       57.40630

 NSTEP =    13000   TIME(PS) =    1466.000  TEMP(K) =   296.91  PRESS =     0.0
 Etot   =    -57754.7632  EKtot   =     14026.9482  EPtot      =    -71781.7114
 BOND   =       448.5350  ANGLE   =      1283.0806  DIHED      =      1874.9829
 1-4 NB =       589.7019  1-4 EEL =      8935.7779  VDWAALS    =     13536.3302
 EELEC  =    -98530.3264  EHBOND  =         0.0000  RESTRAINT  =        80.2066
 EAMBER (non-restraint)  =    -71861.9180
 ------------------------------------------------------------------------------

wrapping first mol.:       23.43602       33.14354       57.40630
wrapping first mol.:       23.43602       33.14354       57.40630

 NSTEP =    13500   TIME(PS) =    1467.000  TEMP(K) =   297.51  PRESS =     0.0
 Etot   =    -57701.7081  EKtot   =     14055.6270  EPtot      =    -71757.3351
 BOND   =       442.5920  ANGLE   =      1279.7076  DIHED      =      1895.5281
 1-4 NB =       563.2146  1-4 EEL =      8884.0817  VDWAALS    =     13579.8097
 EELEC  =    -98489.7886  EHBOND  =         0.0000  RESTRAINT  =        87.5199
 EAMBER (non-restraint)  =    -71844.8550
 ------------------------------------------------------------------------------

wrapping first mol.:       23.43602       33.14354       57.40630
wrapping first mol.:       23.43602       33.14354       57.40630

 NSTEP =    14000   TIME(PS) =    1468.000  TEMP(K) =   302.58  PRESS =     0.0
 Etot   =    -57464.8248  EKtot   =     14294.7734  EPtot      =    -71759.5983
 BOND   =       461.2159  ANGLE   =      1255.5171  DIHED      =      1890.0489
 1-4 NB =       585.0840  1-4 EEL =      8907.6452  VDWAALS    =     13627.5511
 EELEC  =    -98571.2510  EHBOND  =         0.0000  RESTRAINT  =        84.5906
 EAMBER (non-restraint)  =    -71844.1888
 ------------------------------------------------------------------------------

wrapping first mol.:       23.43602       33.14354       57.40630
wrapping first mol.:       23.43602       33.14354       57.40630

 NSTEP =    14500   TIME(PS) =    1469.000  TEMP(K) =   297.38  PRESS =     0.0
 Etot   =    -57708.6452  EKtot   =     14049.3164  EPtot      =    -71757.9616
 BOND   =       465.2708  ANGLE   =      1213.7368  DIHED      =      1914.4453
 1-4 NB =       575.4608  1-4 EEL =      8898.8401  VDWAALS    =     13497.4658
 EELEC  =    -98406.2424  EHBOND  =         0.0000  RESTRAINT  =        83.0611
 EAMBER (non-restraint)  =    -71841.0227
 ------------------------------------------------------------------------------

wrapping first mol.:       23.43602       33.14354       57.40630
wrapping first mol.:       23.43602       33.14354       57.40630

 NSTEP =    15000   TIME(PS) =    1470.000  TEMP(K) =   300.60  PRESS =     0.0
 Etot   =    -57412.2824  EKtot   =     14201.1914  EPtot      =    -71613.4738
 BOND   =       468.0979  ANGLE   =      1227.0615  DIHED      =      1897.8525
 1-4 NB =       581.3703  1-4 EEL =      8890.0899  VDWAALS    =     13720.0915
 EELEC  =    -98478.4303  EHBOND  =         0.0000  RESTRAINT  =        80.3929
 EAMBER (non-restraint)  =    -71693.8666
 ------------------------------------------------------------------------------

wrapping first mol.:       23.43602       33.14354       57.40630
wrapping first mol.:       23.43602       33.14354       57.40630

 NSTEP =    15500   TIME(PS) =    1471.000  TEMP(K) =   300.63  PRESS =     0.0
 Etot   =    -57578.2284  EKtot   =     14203.0449  EPtot      =    -71781.2733
 BOND   =       465.1073  ANGLE   =      1229.6226  DIHED      =      1914.9838
 1-4 NB =       552.5464  1-4 EEL =      8903.6436  VDWAALS    =     13551.9795
 EELEC  =    -98482.1004  EHBOND  =         0.0000  RESTRAINT  =        82.9438
 EAMBER (non-restraint)  =    -71864.2171
 ------------------------------------------------------------------------------

wrapping first mol.:       23.43602       33.14354       57.40630
wrapping first mol.:       23.43602       33.14354       57.40630

 NSTEP =    16000   TIME(PS) =    1472.000  TEMP(K) =   301.41  PRESS =     0.0
 Etot   =    -57539.4362  EKtot   =     14239.7666  EPtot      =    -71779.2028
 BOND   =       458.3755  ANGLE   =      1201.1872  DIHED      =      1900.6774
 1-4 NB =       564.2062  1-4 EEL =      8873.1274  VDWAALS    =     13552.5314
 EELEC  =    -98422.4151  EHBOND  =         0.0000  RESTRAINT  =        93.1073
 EAMBER (non-restraint)  =    -71872.3101
 ------------------------------------------------------------------------------

wrapping first mol.:       23.43602       33.14354       57.40630
wrapping first mol.:       23.43602       33.14354       57.40630

 NSTEP =    16500   TIME(PS) =    1473.000  TEMP(K) =   299.43  PRESS =     0.0
 Etot   =    -57678.6003  EKtot   =     14146.2285  EPtot      =    -71824.8288
 BOND   =       467.5367  ANGLE   =      1236.4801  DIHED      =      1902.3056
 1-4 NB =       557.8928  1-4 EEL =      8914.6164  VDWAALS    =     13344.7082
 EELEC  =    -98330.7344  EHBOND  =         0.0000  RESTRAINT  =        82.3657
 EAMBER (non-restraint)  =    -71907.1946
 ------------------------------------------------------------------------------

wrapping first mol.:       23.43602       33.14354       57.40630
wrapping first mol.:       23.43602       33.14354       57.40630

 NSTEP =    17000   TIME(PS) =    1474.000  TEMP(K) =   300.12  PRESS =     0.0
 Etot   =    -57521.1693  EKtot   =     14178.8203  EPtot      =    -71699.9896
 BOND   =       484.0565  ANGLE   =      1210.0289  DIHED      =      1880.7820
 1-4 NB =       581.5284  1-4 EEL =      8890.9839  VDWAALS    =     13665.9021
 EELEC  =    -98495.6229  EHBOND  =         0.0000  RESTRAINT  =        82.3515
 EAMBER (non-restraint)  =    -71782.3411
 ------------------------------------------------------------------------------

wrapping first mol.:       23.43602       33.14354       57.40630
wrapping first mol.:       23.43602       33.14354       57.40630

 NSTEP =    17500   TIME(PS) =    1475.000  TEMP(K) =   300.76  PRESS =     0.0
 Etot   =    -57547.6396  EKtot   =     14209.0859  EPtot      =    -71756.7255
 BOND   =       463.0302  ANGLE   =      1263.8422  DIHED      =      1894.4656
 1-4 NB =       572.2566  1-4 EEL =      8882.6455  VDWAALS    =     13422.1410
 EELEC  =    -98342.9836  EHBOND  =         0.0000  RESTRAINT  =        87.8771
 EAMBER (non-restraint)  =    -71844.6026
 ------------------------------------------------------------------------------

wrapping first mol.:       23.43602       33.14354       57.40630
wrapping first mol.:       23.43602       33.14354       57.40630

 NSTEP =    18000   TIME(PS) =    1476.000  TEMP(K) =   299.57  PRESS =     0.0
 Etot   =    -57655.6254  EKtot   =     14152.9365  EPtot      =    -71808.5619
 BOND   =       459.1203  ANGLE   =      1241.5370  DIHED      =      1925.7432
 1-4 NB =       576.8876  1-4 EEL =      8936.0806  VDWAALS    =     13545.0056
 EELEC  =    -98589.5641  EHBOND  =         0.0000  RESTRAINT  =        96.6279
 EAMBER (non-restraint)  =    -71905.1898
 ------------------------------------------------------------------------------

wrapping first mol.:       23.43602       33.14354       57.40630
wrapping first mol.:       23.43602       33.14354       57.40630

 NSTEP =    18500   TIME(PS) =    1477.000  TEMP(K) =   302.74  PRESS =     0.0
 Etot   =    -57574.2221  EKtot   =     14302.7012  EPtot      =    -71876.9233
 BOND   =       450.7003  ANGLE   =      1213.0011  DIHED      =      1920.6641
 1-4 NB =       591.8916  1-4 EEL =      8918.9077  VDWAALS    =     13462.7335
 EELEC  =    -98528.0114  EHBOND  =         0.0000  RESTRAINT  =        93.1897
 EAMBER (non-restraint)  =    -71970.1130
 ------------------------------------------------------------------------------

wrapping first mol.:       23.43602       33.14354       57.40630
wrapping first mol.:       23.43602       33.14354       57.40630

 NSTEP =    19000   TIME(PS) =    1478.000  TEMP(K) =   298.84  PRESS =     0.0
 Etot   =    -57703.3707  EKtot   =     14118.1934  EPtot      =    -71821.5641
 BOND   =       488.3352  ANGLE   =      1264.1657  DIHED      =      1879.8638
 1-4 NB =       556.2392  1-4 EEL =      8897.8495  VDWAALS    =     13234.6503
 EELEC  =    -98227.2476  EHBOND  =         0.0000  RESTRAINT  =        84.5798
 EAMBER (non-restraint)  =    -71906.1438
 ------------------------------------------------------------------------------

wrapping first mol.:       23.43602       33.14354       57.40630
wrapping first mol.:       23.43602       33.14354       57.40630

 NSTEP =    19500   TIME(PS) =    1479.000  TEMP(K) =   295.85  PRESS =     0.0
 Etot   =    -57752.8210  EKtot   =     13977.1084  EPtot      =    -71729.9294
 BOND   =       453.0556  ANGLE   =      1261.7376  DIHED      =      1921.3364
 1-4 NB =       575.7507  1-4 EEL =      8917.3458  VDWAALS    =     13572.7036
 EELEC  =    -98528.7183  EHBOND  =         0.0000  RESTRAINT  =        96.8592
 EAMBER (non-restraint)  =    -71826.7886
 ------------------------------------------------------------------------------

wrapping first mol.:       23.43602       33.14354       57.40630
wrapping first mol.:       23.43602       33.14354       57.40630

 NSTEP =    20000   TIME(PS) =    1480.000  TEMP(K) =   301.71  PRESS =     0.0
 Etot   =    -57481.8568  EKtot   =     14253.7109  EPtot      =    -71735.5677
 BOND   =       463.1775  ANGLE   =      1246.4699  DIHED      =      1907.5496
 1-4 NB =       578.1789  1-4 EEL =      8904.3945  VDWAALS    =     13473.2829
 EELEC  =    -98398.4664  EHBOND  =         0.0000  RESTRAINT  =        89.8454
 EAMBER (non-restraint)  =    -71825.4131
 ------------------------------------------------------------------------------

wrapping first mol.:       23.43602       33.14354       57.40630
wrapping first mol.:       23.43602       33.14354       57.40630

 NSTEP =    20500   TIME(PS) =    1481.000  TEMP(K) =   302.92  PRESS =     0.0
 Etot   =    -57611.8863  EKtot   =     14311.0850  EPtot      =    -71922.9712
 BOND   =       470.0727  ANGLE   =      1220.6286  DIHED      =      1884.0150
 1-4 NB =       560.8114  1-4 EEL =      8879.9948  VDWAALS    =     13551.0317
 EELEC  =    -98575.5358  EHBOND  =         0.0000  RESTRAINT  =        86.0102
 EAMBER (non-restraint)  =    -72008.9815
 ------------------------------------------------------------------------------

wrapping first mol.:       23.43602       33.14354       57.40630
wrapping first mol.:       23.43602       33.14354       57.40630

 NSTEP =    21000   TIME(PS) =    1482.000  TEMP(K) =   302.32  PRESS =     0.0
 Etot   =    -57475.5277  EKtot   =     14282.5312  EPtot      =    -71758.0589
 BOND   =       452.5945  ANGLE   =      1266.3176  DIHED      =      1878.7522
 1-4 NB =       581.9171  1-4 EEL =      8902.8381  VDWAALS    =     13568.4526
 EELEC  =    -98498.6322  EHBOND  =         0.0000  RESTRAINT  =        89.7012
 EAMBER (non-restraint)  =    -71847.7601
 ------------------------------------------------------------------------------

wrapping first mol.:       23.43602       33.14354       57.40630
wrapping first mol.:       23.43602       33.14354       57.40630

 NSTEP =    21500   TIME(PS) =    1483.000  TEMP(K) =   304.22  PRESS =     0.0
 Etot   =    -57517.7965  EKtot   =     14372.6016  EPtot      =    -71890.3980
 BOND   =       458.1402  ANGLE   =      1241.5400  DIHED      =      1926.5699
 1-4 NB =       569.6891  1-4 EEL =      8887.9324  VDWAALS    =     13389.1302
 EELEC  =    -98454.3512  EHBOND  =         0.0000  RESTRAINT  =        90.9513
 EAMBER (non-restraint)  =    -71981.3493
 ------------------------------------------------------------------------------

wrapping first mol.:       23.43602       33.14354       57.40630
wrapping first mol.:       23.43602       33.14354       57.40630

 NSTEP =    22000   TIME(PS) =    1484.000  TEMP(K) =   300.44  PRESS =     0.0
 Etot   =    -57642.8510  EKtot   =     14194.0049  EPtot      =    -71836.8559
 BOND   =       435.7843  ANGLE   =      1254.8513  DIHED      =      1892.9214
 1-4 NB =       575.1396  1-4 EEL =      8902.0278  VDWAALS    =     13320.2919
 EELEC  =    -98310.0608  EHBOND  =         0.0000  RESTRAINT  =        92.1886
 EAMBER (non-restraint)  =    -71929.0445
 ------------------------------------------------------------------------------

wrapping first mol.:       23.43602       33.14354       57.40630
wrapping first mol.:       23.43602       33.14354       57.40630

 NSTEP =    22500   TIME(PS) =    1485.000  TEMP(K) =   301.48  PRESS =     0.0
 Etot   =    -57523.8458  EKtot   =     14242.9238  EPtot      =    -71766.7696
 BOND   =       460.2614  ANGLE   =      1263.3021  DIHED      =      1885.4135
 1-4 NB =       580.7800  1-4 EEL =      8924.0126  VDWAALS    =     13624.5190
 EELEC  =    -98588.9047  EHBOND  =         0.0000  RESTRAINT  =        83.8465
 EAMBER (non-restraint)  =    -71850.6161
 ------------------------------------------------------------------------------

wrapping first mol.:       23.43602       33.14354       57.40630
wrapping first mol.:       23.43602       33.14354       57.40630

 NSTEP =    23000   TIME(PS) =    1486.000  TEMP(K) =   302.63  PRESS =     0.0
 Etot   =    -57463.5419  EKtot   =     14297.4697  EPtot      =    -71761.0116
 BOND   =       457.0206  ANGLE   =      1259.6350  DIHED      =      1900.6762
 1-4 NB =       584.5800  1-4 EEL =      8899.9789  VDWAALS    =     13642.1713
 EELEC  =    -98590.7771  EHBOND  =         0.0000  RESTRAINT  =        85.7036
 EAMBER (non-restraint)  =    -71846.7152
 ------------------------------------------------------------------------------

wrapping first mol.:       23.43602       33.14354       57.40630
wrapping first mol.:       23.43602       33.14354       57.40630

 NSTEP =    23500   TIME(PS) =    1487.000  TEMP(K) =   298.75  PRESS =     0.0
 Etot   =    -57715.1881  EKtot   =     14113.7627  EPtot      =    -71828.9508
 BOND   =       438.0944  ANGLE   =      1231.9700  DIHED      =      1886.2109
 1-4 NB =       593.4512  1-4 EEL =      8930.0697  VDWAALS    =     13587.0704
 EELEC  =    -98581.2924  EHBOND  =         0.0000  RESTRAINT  =        85.4749
 EAMBER (non-restraint)  =    -71914.4257
 ------------------------------------------------------------------------------

wrapping first mol.:       23.43602       33.14354       57.40630
wrapping first mol.:       23.43602       33.14354       57.40630

 NSTEP =    24000   TIME(PS) =    1488.000  TEMP(K) =   300.57  PRESS =     0.0
 Etot   =    -57589.5032  EKtot   =     14199.9697  EPtot      =    -71789.4730
 BOND   =       448.5895  ANGLE   =      1229.9235  DIHED      =      1889.6489
 1-4 NB =       572.1375  1-4 EEL =      8906.1862  VDWAALS    =     13518.4290
 EELEC  =    -98450.9917  EHBOND  =         0.0000  RESTRAINT  =        96.6041
 EAMBER (non-restraint)  =    -71886.0770
 ------------------------------------------------------------------------------

wrapping first mol.:       23.43602       33.14354       57.40630
wrapping first mol.:       23.43602       33.14354       57.40630

 NSTEP =    24500   TIME(PS) =    1489.000  TEMP(K) =   301.57  PRESS =     0.0
 Etot   =    -57478.8288  EKtot   =     14247.1885  EPtot      =    -71726.0172
 BOND   =       453.7798  ANGLE   =      1258.1162  DIHED      =      1886.8818
 1-4 NB =       581.5622  1-4 EEL =      8922.1446  VDWAALS    =     13471.8268
 EELEC  =    -98394.2695  EHBOND  =         0.0000  RESTRAINT  =        93.9407
 EAMBER (non-restraint)  =    -71819.9580
 ------------------------------------------------------------------------------

wrapping first mol.:       23.43602       33.14354       57.40630
wrapping first mol.:       23.43602       33.14354       57.40630

 NSTEP =    25000   TIME(PS) =    1490.000  TEMP(K) =   301.94  PRESS =     0.0
 Etot   =    -57443.8709  EKtot   =     14264.5566  EPtot      =    -71708.4276
 BOND   =       480.3782  ANGLE   =      1225.9656  DIHED      =      1898.6548
 1-4 NB =       588.9689  1-4 EEL =      8919.7303  VDWAALS    =     13541.0439
 EELEC  =    -98447.4845  EHBOND  =         0.0000  RESTRAINT  =        84.3152
 EAMBER (non-restraint)  =    -71792.7427
 ------------------------------------------------------------------------------

wrapping first mol.:       23.43602       33.14354       57.40630
wrapping first mol.:       23.43602       33.14354       57.40630

 NSTEP =    25500   TIME(PS) =    1491.000  TEMP(K) =   301.48  PRESS =     0.0
 Etot   =    -57636.3157  EKtot   =     14243.1641  EPtot      =    -71879.4798
 BOND   =       459.7110  ANGLE   =      1160.5823  DIHED      =      1881.0398
 1-4 NB =       586.0666  1-4 EEL =      8941.4640  VDWAALS    =     13516.9392
 EELEC  =    -98511.7743  EHBOND  =         0.0000  RESTRAINT  =        86.4915
 EAMBER (non-restraint)  =    -71965.9713
 ------------------------------------------------------------------------------

wrapping first mol.:       23.43602       33.14354       57.40630
wrapping first mol.:       23.43602       33.14354       57.40630

 NSTEP =    26000   TIME(PS) =    1492.000  TEMP(K) =   301.62  PRESS =     0.0
 Etot   =    -57532.2541  EKtot   =     14249.7432  EPtot      =    -71781.9973
 BOND   =       450.9621  ANGLE   =      1223.5454  DIHED      =      1903.7912
 1-4 NB =       574.5648  1-4 EEL =      8935.1535  VDWAALS    =     13509.1446
 EELEC  =    -98459.6310  EHBOND  =         0.0000  RESTRAINT  =        80.4720
 EAMBER (non-restraint)  =    -71862.4692
 ------------------------------------------------------------------------------

wrapping first mol.:       23.43602       33.14354       57.40630
wrapping first mol.:       23.43602       33.14354       57.40630

 NSTEP =    26500   TIME(PS) =    1493.000  TEMP(K) =   296.86  PRESS =     0.0
 Etot   =    -57858.8745  EKtot   =     14024.5283  EPtot      =    -71883.4028
 BOND   =       443.5713  ANGLE   =      1236.7028  DIHED      =      1878.0234
 1-4 NB =       570.5287  1-4 EEL =      8903.0315  VDWAALS    =     13582.2066
 EELEC  =    -98582.2813  EHBOND  =         0.0000  RESTRAINT  =        84.8142
 EAMBER (non-restraint)  =    -71968.2170
 ------------------------------------------------------------------------------

wrapping first mol.:       23.43602       33.14354       57.40630
wrapping first mol.:       23.43602       33.14354       57.40630

 NSTEP =    27000   TIME(PS) =    1494.000  TEMP(K) =   298.09  PRESS =     0.0
 Etot   =    -57755.4075  EKtot   =     14082.6143  EPtot      =    -71838.0218
 BOND   =       448.9855  ANGLE   =      1262.9840  DIHED      =      1883.5910
 1-4 NB =       583.5003  1-4 EEL =      8885.1959  VDWAALS    =     13502.7210
 EELEC  =    -98488.7349  EHBOND  =         0.0000  RESTRAINT  =        83.7353
 EAMBER (non-restraint)  =    -71921.7570
 ------------------------------------------------------------------------------

wrapping first mol.:       23.43602       33.14354       57.40630
wrapping first mol.:       23.43602       33.14354       57.40630

 NSTEP =    27500   TIME(PS) =    1495.000  TEMP(K) =   296.40  PRESS =     0.0
 Etot   =    -57839.3101  EKtot   =     14002.9326  EPtot      =    -71842.2427
 BOND   =       454.5823  ANGLE   =      1209.1011  DIHED      =      1901.1892
 1-4 NB =       560.7170  1-4 EEL =      8912.9923  VDWAALS    =     13319.1954
 EELEC  =    -98281.5599  EHBOND  =         0.0000  RESTRAINT  =        81.5399
 EAMBER (non-restraint)  =    -71923.7826
 ------------------------------------------------------------------------------

wrapping first mol.:       23.43602       33.14354       57.40630
wrapping first mol.:       23.43602       33.14354       57.40630

 NSTEP =    28000   TIME(PS) =    1496.000  TEMP(K) =   302.30  PRESS =     0.0
 Etot   =    -57477.0482  EKtot   =     14281.6855  EPtot      =    -71758.7338
 BOND   =       447.0573  ANGLE   =      1263.3867  DIHED      =      1883.4621
 1-4 NB =       562.0617  1-4 EEL =      8872.6126  VDWAALS    =     13333.7050
 EELEC  =    -98210.9918  EHBOND  =         0.0000  RESTRAINT  =        89.9727
 EAMBER (non-restraint)  =    -71848.7065
 ------------------------------------------------------------------------------

wrapping first mol.:       23.43602       33.14354       57.40630
wrapping first mol.:       23.43602       33.14354       57.40630

 NSTEP =    28500   TIME(PS) =    1497.000  TEMP(K) =   298.58  PRESS =     0.0
 Etot   =    -57676.1837  EKtot   =     14105.9404  EPtot      =    -71782.1241
 BOND   =       453.0811  ANGLE   =      1250.8437  DIHED      =      1888.6465
 1-4 NB =       591.2180  1-4 EEL =      8922.1637  VDWAALS    =     13382.4627
 EELEC  =    -98355.3275  EHBOND  =         0.0000  RESTRAINT  =        84.7876
 EAMBER (non-restraint)  =    -71866.9117
 ------------------------------------------------------------------------------

wrapping first mol.:       23.43602       33.14354       57.40630
wrapping first mol.:       23.43602       33.14354       57.40630

 NSTEP =    29000   TIME(PS) =    1498.000  TEMP(K) =   299.56  PRESS =     0.0
 Etot   =    -57667.4003  EKtot   =     14152.0732  EPtot      =    -71819.4735
 BOND   =       491.9635  ANGLE   =      1225.9366  DIHED      =      1887.6400
 1-4 NB =       583.1243  1-4 EEL =      8885.1824  VDWAALS    =     13334.7760
 EELEC  =    -98311.8833  EHBOND  =         0.0000  RESTRAINT  =        83.7869
 EAMBER (non-restraint)  =    -71903.2604
 ------------------------------------------------------------------------------

wrapping first mol.:       23.43602       33.14354       57.40630
wrapping first mol.:       23.43602       33.14354       57.40630

 NSTEP =    29500   TIME(PS) =    1499.000  TEMP(K) =   299.77  PRESS =     0.0
 Etot   =    -57818.6503  EKtot   =     14162.0020  EPtot      =    -71980.6522
 BOND   =       459.9068  ANGLE   =      1159.0702  DIHED      =      1903.1599
 1-4 NB =       553.2779  1-4 EEL =      8871.1751  VDWAALS    =     13604.9564
 EELEC  =    -98626.7371  EHBOND  =         0.0000  RESTRAINT  =        94.5387
 EAMBER (non-restraint)  =    -72075.1909
 ------------------------------------------------------------------------------

wrapping first mol.:       23.43602       33.14354       57.40630
wrapping first mol.:       23.43602       33.14354       57.40630

 NSTEP =    30000   TIME(PS) =    1500.000  TEMP(K) =   301.44  PRESS =     0.0
 Etot   =    -57597.0617  EKtot   =     14241.1318  EPtot      =    -71838.1936
 BOND   =       444.6063  ANGLE   =      1219.7445  DIHED      =      1892.5854
 1-4 NB =       594.3888  1-4 EEL =      8928.0736  VDWAALS    =     13696.1483
 EELEC  =    -98709.6987  EHBOND  =         0.0000  RESTRAINT  =        95.9583
 EAMBER (non-restraint)  =    -71934.1519
 ------------------------------------------------------------------------------

wrapping first mol.:       23.43602       33.14354       57.40630
wrapping first mol.:       23.43602       33.14354       57.40630

 NSTEP =    30500   TIME(PS) =    1501.000  TEMP(K) =   300.44  PRESS =     0.0
 Etot   =    -57542.9903  EKtot   =     14193.7207  EPtot      =    -71736.7110
 BOND   =       440.9689  ANGLE   =      1185.4004  DIHED      =      1894.6809
 1-4 NB =       590.1202  1-4 EEL =      8911.9056  VDWAALS    =     13753.3450
 EELEC  =    -98598.6982  EHBOND  =         0.0000  RESTRAINT  =        85.5661
 EAMBER (non-restraint)  =    -71822.2771
 ------------------------------------------------------------------------------

wrapping first mol.:       23.43602       33.14354       57.40630
wrapping first mol.:       23.43602       33.14354       57.40630

 NSTEP =    31000   TIME(PS) =    1502.000  TEMP(K) =   301.67  PRESS =     0.0
 Etot   =    -57696.4268  EKtot   =     14251.7471  EPtot      =    -71948.1739
 BOND   =       475.9525  ANGLE   =      1188.2038  DIHED      =      1919.2666
 1-4 NB =       567.5543  1-4 EEL =      8920.7077  VDWAALS    =     13726.6114
 EELEC  =    -98832.7219  EHBOND  =         0.0000  RESTRAINT  =        86.2517
 EAMBER (non-restraint)  =    -72034.4256
 ------------------------------------------------------------------------------

wrapping first mol.:       23.43602       33.14354       57.40630
wrapping first mol.:       23.43602       33.14354       57.40630

 NSTEP =    31500   TIME(PS) =    1503.000  TEMP(K) =   303.61  PRESS =     0.0
 Etot   =    -57409.3689  EKtot   =     14343.6387  EPtot      =    -71753.0076
 BOND   =       432.3141  ANGLE   =      1224.7051  DIHED      =      1896.4118
 1-4 NB =       589.0416  1-4 EEL =      8896.1764  VDWAALS    =     13535.7362
 EELEC  =    -98417.3084  EHBOND  =         0.0000  RESTRAINT  =        89.9156
 EAMBER (non-restraint)  =    -71842.9232
 ------------------------------------------------------------------------------

wrapping first mol.:       23.43602       33.14354       57.40630
wrapping first mol.:       23.43602       33.14354       57.40630

 NSTEP =    32000   TIME(PS) =    1504.000  TEMP(K) =   303.94  PRESS =     0.0
 Etot   =    -57534.5212  EKtot   =     14358.9795  EPtot      =    -71893.5007
 BOND   =       493.1431  ANGLE   =      1235.8696  DIHED      =      1878.9867
 1-4 NB =       570.0824  1-4 EEL =      8898.8967  VDWAALS    =     13580.9955
 EELEC  =    -98637.4449  EHBOND  =         0.0000  RESTRAINT  =        85.9701
 EAMBER (non-restraint)  =    -71979.4708
 ------------------------------------------------------------------------------

wrapping first mol.:       23.43602       33.14354       57.40630
wrapping first mol.:       23.43602       33.14354       57.40630

 NSTEP =    32500   TIME(PS) =    1505.000  TEMP(K) =   297.86  PRESS =     0.0
 Etot   =    -57687.4625  EKtot   =     14071.7617  EPtot      =    -71759.2242
 BOND   =       470.9534  ANGLE   =      1228.3453  DIHED      =      1878.6611
 1-4 NB =       574.0809  1-4 EEL =      8915.0226  VDWAALS    =     13638.0403
 EELEC  =    -98549.0494  EHBOND  =         0.0000  RESTRAINT  =        84.7216
 EAMBER (non-restraint)  =    -71843.9458
 ------------------------------------------------------------------------------

wrapping first mol.:       23.43602       33.14354       57.40630
wrapping first mol.:       23.43602       33.14354       57.40630

 NSTEP =    33000   TIME(PS) =    1506.000  TEMP(K) =   297.03  PRESS =     0.0
 Etot   =    -57756.1449  EKtot   =     14032.5088  EPtot      =    -71788.6537
 BOND   =       489.2145  ANGLE   =      1269.4616  DIHED      =      1906.4560
 1-4 NB =       581.6197  1-4 EEL =      8915.5162  VDWAALS    =     13540.6752
 EELEC  =    -98575.7639  EHBOND  =         0.0000  RESTRAINT  =        84.1670
 EAMBER (non-restraint)  =    -71872.8207
 ------------------------------------------------------------------------------

wrapping first mol.:       23.43602       33.14354       57.40630
wrapping first mol.:       23.43602       33.14354       57.40630

 NSTEP =    33500   TIME(PS) =    1507.000  TEMP(K) =   299.80  PRESS =     0.0
 Etot   =    -57798.9100  EKtot   =     14163.8262  EPtot      =    -71962.7362
 BOND   =       487.4004  ANGLE   =      1199.1786  DIHED      =      1876.1085
 1-4 NB =       570.4788  1-4 EEL =      8896.6642  VDWAALS    =     13653.4654
 EELEC  =    -98736.6203  EHBOND  =         0.0000  RESTRAINT  =        90.5881
 EAMBER (non-restraint)  =    -72053.3243
 ------------------------------------------------------------------------------

wrapping first mol.:       23.43602       33.14354       57.40630
wrapping first mol.:       23.43602       33.14354       57.40630

 NSTEP =    34000   TIME(PS) =    1508.000  TEMP(K) =   302.35  PRESS =     0.0
 Etot   =    -57625.8190  EKtot   =     14284.1895  EPtot      =    -71910.0084
 BOND   =       426.5538  ANGLE   =      1198.1424  DIHED      =      1869.9209
 1-4 NB =       595.6812  1-4 EEL =      8922.5173  VDWAALS    =     13671.9268
 EELEC  =    -98679.7766  EHBOND  =         0.0000  RESTRAINT  =        85.0257
 EAMBER (non-restraint)  =    -71995.0342
 ------------------------------------------------------------------------------

wrapping first mol.:       23.43602       33.14354       57.40630
wrapping first mol.:       23.43602       33.14354       57.40630

 NSTEP =    34500   TIME(PS) =    1509.000  TEMP(K) =   300.87  PRESS =     0.0
 Etot   =    -57627.6278  EKtot   =     14214.0869  EPtot      =    -71841.7148
 BOND   =       448.6962  ANGLE   =      1218.0366  DIHED      =      1888.6701
 1-4 NB =       577.9695  1-4 EEL =      8844.2027  VDWAALS    =     13614.2117
 EELEC  =    -98524.4940  EHBOND  =         0.0000  RESTRAINT  =        90.9924
 EAMBER (non-restraint)  =    -71932.7072
 ------------------------------------------------------------------------------

wrapping first mol.:       23.43602       33.14354       57.40630
wrapping first mol.:       23.43602       33.14354       57.40630

 NSTEP =    35000   TIME(PS) =    1510.000  TEMP(K) =   298.11  PRESS =     0.0
 Etot   =    -57862.3691  EKtot   =     14083.7188  EPtot      =    -71946.0878
 BOND   =       439.7036  ANGLE   =      1252.5143  DIHED      =      1879.0744
 1-4 NB =       582.4775  1-4 EEL =      8903.5559  VDWAALS    =     13304.6073
 EELEC  =    -98398.2102  EHBOND  =         0.0000  RESTRAINT  =        90.1894
 EAMBER (non-restraint)  =    -72036.2772
 ------------------------------------------------------------------------------

wrapping first mol.:       23.43602       33.14354       57.40630
wrapping first mol.:       23.43602       33.14354       57.40630

 NSTEP =    35500   TIME(PS) =    1511.000  TEMP(K) =   304.14  PRESS =     0.0
 Etot   =    -57480.9294  EKtot   =     14368.7910  EPtot      =    -71849.7204
 BOND   =       455.3592  ANGLE   =      1222.6345  DIHED      =      1892.5397
 1-4 NB =       590.7356  1-4 EEL =      8894.3873  VDWAALS    =     13690.8680
 EELEC  =    -98690.0700  EHBOND  =         0.0000  RESTRAINT  =        93.8254
 EAMBER (non-restraint)  =    -71943.5458
 ------------------------------------------------------------------------------

wrapping first mol.:       23.43602       33.14354       57.40630
wrapping first mol.:       23.43602       33.14354       57.40630

 NSTEP =    36000   TIME(PS) =    1512.000  TEMP(K) =   303.11  PRESS =     0.0
 Etot   =    -57701.2685  EKtot   =     14320.0781  EPtot      =    -72021.3466
 BOND   =       454.9148  ANGLE   =      1197.3512  DIHED      =      1881.5314
 1-4 NB =       575.1072  1-4 EEL =      8856.2355  VDWAALS    =     13551.9163
 EELEC  =    -98618.8352  EHBOND  =         0.0000  RESTRAINT  =        80.4321
 EAMBER (non-restraint)  =    -72101.7787
 ------------------------------------------------------------------------------

wrapping first mol.:       23.43602       33.14354       57.40630
wrapping first mol.:       23.43602       33.14354       57.40630

 NSTEP =    36500   TIME(PS) =    1513.000  TEMP(K) =   300.23  PRESS =     0.0
 Etot   =    -57641.1354  EKtot   =     14184.0664  EPtot      =    -71825.2018
 BOND   =       464.8646  ANGLE   =      1236.4591  DIHED      =      1896.6967
 1-4 NB =       588.1406  1-4 EEL =      8883.9538  VDWAALS    =     13491.6266
 EELEC  =    -98474.9415  EHBOND  =         0.0000  RESTRAINT  =        87.9982
 EAMBER (non-restraint)  =    -71913.2000
 ------------------------------------------------------------------------------

wrapping first mol.:       23.43602       33.14354       57.40630
wrapping first mol.:       23.43602       33.14354       57.40630

 NSTEP =    37000   TIME(PS) =    1514.000  TEMP(K) =   300.58  PRESS =     0.0
 Etot   =    -57674.7458  EKtot   =     14200.3223  EPtot      =    -71875.0681
 BOND   =       446.2956  ANGLE   =      1207.5486  DIHED      =      1878.9326
 1-4 NB =       587.7430  1-4 EEL =      8945.7025  VDWAALS    =     13443.9488
 EELEC  =    -98485.3933  EHBOND  =         0.0000  RESTRAINT  =       100.1543
 EAMBER (non-restraint)  =    -71975.2223
 ------------------------------------------------------------------------------

wrapping first mol.:       23.43602       33.14354       57.40630
wrapping first mol.:       23.43602       33.14354       57.40630

 NSTEP =    37500   TIME(PS) =    1515.000  TEMP(K) =   298.00  PRESS =     0.0
 Etot   =    -57849.3113  EKtot   =     14078.4531  EPtot      =    -71927.7644
 BOND   =       457.5128  ANGLE   =      1187.9123  DIHED      =      1891.2512
 1-4 NB =       581.9728  1-4 EEL =      8909.9948  VDWAALS    =     13525.1137
 EELEC  =    -98572.3022  EHBOND  =         0.0000  RESTRAINT  =        90.7803
 EAMBER (non-restraint)  =    -72018.5447
 ------------------------------------------------------------------------------

wrapping first mol.:       23.43602       33.14354       57.40630
wrapping first mol.:       23.43602       33.14354       57.40630

 NSTEP =    38000   TIME(PS) =    1516.000  TEMP(K) =   298.43  PRESS =     0.0
 Etot   =    -57665.0899  EKtot   =     14098.7285  EPtot      =    -71763.8184
 BOND   =       466.3743  ANGLE   =      1256.3124  DIHED      =      1877.0141
 1-4 NB =       592.5215  1-4 EEL =      8901.4373  VDWAALS    =     13425.2192
 EELEC  =    -98375.7855  EHBOND  =         0.0000  RESTRAINT  =        93.0883
 EAMBER (non-restraint)  =    -71856.9067
 ------------------------------------------------------------------------------

wrapping first mol.:       23.43602       33.14354       57.40630
wrapping first mol.:       23.43602       33.14354       57.40630

 NSTEP =    38500   TIME(PS) =    1517.000  TEMP(K) =   299.04  PRESS =     0.0
 Etot   =    -57798.6586  EKtot   =     14127.6309  EPtot      =    -71926.2894
 BOND   =       437.1249  ANGLE   =      1241.3183  DIHED      =      1872.1695
 1-4 NB =       576.3692  1-4 EEL =      8910.3448  VDWAALS    =     13568.9867
 EELEC  =    -98621.4217  EHBOND  =         0.0000  RESTRAINT  =        88.8188
 EAMBER (non-restraint)  =    -72015.1083
 ------------------------------------------------------------------------------

wrapping first mol.:       23.43602       33.14354       57.40630
wrapping first mol.:       23.43602       33.14354       57.40630

 NSTEP =    39000   TIME(PS) =    1518.000  TEMP(K) =   298.14  PRESS =     0.0
 Etot   =    -57780.3915  EKtot   =     14084.9551  EPtot      =    -71865.3465
 BOND   =       455.1845  ANGLE   =      1214.2056  DIHED      =      1858.9086
 1-4 NB =       581.8266  1-4 EEL =      8917.6876  VDWAALS    =     13570.9629
 EELEC  =    -98553.6699  EHBOND  =         0.0000  RESTRAINT  =        89.5476
 EAMBER (non-restraint)  =    -71954.8941
 ------------------------------------------------------------------------------

wrapping first mol.:       23.43602       33.14354       57.40630
wrapping first mol.:       23.43602       33.14354       57.40630

 NSTEP =    39500   TIME(PS) =    1519.000  TEMP(K) =   300.13  PRESS =     0.0
 Etot   =    -57650.6326  EKtot   =     14178.9756  EPtot      =    -71829.6082
 BOND   =       470.1624  ANGLE   =      1211.7043  DIHED      =      1884.4261
 1-4 NB =       582.3781  1-4 EEL =      8904.1944  VDWAALS    =     13551.4489
 EELEC  =    -98522.3184  EHBOND  =         0.0000  RESTRAINT  =        88.3960
 EAMBER (non-restraint)  =    -71918.0042
 ------------------------------------------------------------------------------

wrapping first mol.:       23.43602       33.14354       57.40630
wrapping first mol.:       23.43602       33.14354       57.40630

 NSTEP =    40000   TIME(PS) =    1520.000  TEMP(K) =   302.01  PRESS =     0.0
 Etot   =    -57601.2596  EKtot   =     14268.2041  EPtot      =    -71869.4637
 BOND   =       464.8145  ANGLE   =      1220.4368  DIHED      =      1869.6928
 1-4 NB =       594.5769  1-4 EEL =      8953.8292  VDWAALS    =     13476.2049
 EELEC  =    -98535.7401  EHBOND  =         0.0000  RESTRAINT  =        86.7212
 EAMBER (non-restraint)  =    -71956.1849
 ------------------------------------------------------------------------------

wrapping first mol.:       23.43602       33.14354       57.40630
wrapping first mol.:       23.43602       33.14354       57.40630

 NSTEP =    40500   TIME(PS) =    1521.000  TEMP(K) =   300.02  PRESS =     0.0
 Etot   =    -57602.5852  EKtot   =     14173.7920  EPtot      =    -71776.3772
 BOND   =       451.7896  ANGLE   =      1299.8369  DIHED      =      1907.5301
 1-4 NB =       566.6968  1-4 EEL =      8870.2998  VDWAALS    =     13629.1515
 EELEC  =    -98597.9103  EHBOND  =         0.0000  RESTRAINT  =        96.2285
 EAMBER (non-restraint)  =    -71872.6056
 ------------------------------------------------------------------------------

wrapping first mol.:       23.43602       33.14354       57.40630
wrapping first mol.:       23.43602       33.14354       57.40630

 NSTEP =    41000   TIME(PS) =    1522.000  TEMP(K) =   300.19  PRESS =     0.0
 Etot   =    -57619.9785  EKtot   =     14182.2568  EPtot      =    -71802.2354
 BOND   =       451.6163  ANGLE   =      1214.2652  DIHED      =      1892.8699
 1-4 NB =       586.6717  1-4 EEL =      8928.9677  VDWAALS    =     13673.6055
 EELEC  =    -98637.2432  EHBOND  =         0.0000  RESTRAINT  =        87.0114
 EAMBER (non-restraint)  =    -71889.2468
 ------------------------------------------------------------------------------

wrapping first mol.:       23.43602       33.14354       57.40630
wrapping first mol.:       23.43602       33.14354       57.40630

 NSTEP =    41500   TIME(PS) =    1523.000  TEMP(K) =   299.56  PRESS =     0.0
 Etot   =    -57634.0248  EKtot   =     14152.3887  EPtot      =    -71786.4134
 BOND   =       454.6941  ANGLE   =      1231.1723  DIHED      =      1909.9793
 1-4 NB =       586.4914  1-4 EEL =      8907.5955  VDWAALS    =     13879.8297
 EELEC  =    -98840.9048  EHBOND  =         0.0000  RESTRAINT  =        84.7291
 EAMBER (non-restraint)  =    -71871.1425
 ------------------------------------------------------------------------------

wrapping first mol.:       23.43602       33.14354       57.40630
wrapping first mol.:       23.43602       33.14354       57.40630

 NSTEP =    42000   TIME(PS) =    1524.000  TEMP(K) =   298.25  PRESS =     0.0
 Etot   =    -57770.8043  EKtot   =     14090.3135  EPtot      =    -71861.1178
 BOND   =       479.7911  ANGLE   =      1205.0048  DIHED      =      1880.8904
 1-4 NB =       565.7863  1-4 EEL =      8912.0731  VDWAALS    =     13615.9065
 EELEC  =    -98615.9628  EHBOND  =         0.0000  RESTRAINT  =        95.3928
 EAMBER (non-restraint)  =    -71956.5106
 ------------------------------------------------------------------------------

wrapping first mol.:       23.43602       33.14354       57.40630
wrapping first mol.:       23.43602       33.14354       57.40630

 NSTEP =    42500   TIME(PS) =    1525.000  TEMP(K) =   301.90  PRESS =     0.0
 Etot   =    -57603.3631  EKtot   =     14262.8320  EPtot      =    -71866.1952
 BOND   =       434.7840  ANGLE   =      1240.1151  DIHED      =      1882.3426
 1-4 NB =       583.4907  1-4 EEL =      8942.7887  VDWAALS    =     13279.0440
 EELEC  =    -98323.9646  EHBOND  =         0.0000  RESTRAINT  =        95.2043
 EAMBER (non-restraint)  =    -71961.3994
 ------------------------------------------------------------------------------

wrapping first mol.:       23.43602       33.14354       57.40630
wrapping first mol.:       23.43602       33.14354       57.40630

 NSTEP =    43000   TIME(PS) =    1526.000  TEMP(K) =   300.07  PRESS =     0.0
 Etot   =    -57600.2415  EKtot   =     14176.3281  EPtot      =    -71776.5696
 BOND   =       445.6437  ANGLE   =      1249.0336  DIHED      =      1863.7038
 1-4 NB =       577.2215  1-4 EEL =      8917.1161  VDWAALS    =     13751.9394
 EELEC  =    -98678.5212  EHBOND  =         0.0000  RESTRAINT  =        97.2935
 EAMBER (non-restraint)  =    -71873.8631
 ------------------------------------------------------------------------------

wrapping first mol.:       23.43602       33.14354       57.40630
wrapping first mol.:       23.43602       33.14354       57.40630

 NSTEP =    43500   TIME(PS) =    1527.000  TEMP(K) =   299.45  PRESS =     0.0
 Etot   =    -57744.8119  EKtot   =     14147.1680  EPtot      =    -71891.9799
 BOND   =       474.0942  ANGLE   =      1227.1570  DIHED      =      1870.9394
 1-4 NB =       558.8090  1-4 EEL =      8923.3218  VDWAALS    =     13486.5595
 EELEC  =    -98521.0404  EHBOND  =         0.0000  RESTRAINT  =        88.1796
 EAMBER (non-restraint)  =    -71980.1595
 ------------------------------------------------------------------------------

wrapping first mol.:       23.43602       33.14354       57.40630
wrapping first mol.:       23.43602       33.14354       57.40630

 NSTEP =    44000   TIME(PS) =    1528.000  TEMP(K) =   298.41  PRESS =     0.0
 Etot   =    -57796.2729  EKtot   =     14097.8184  EPtot      =    -71894.0912
 BOND   =       449.2593  ANGLE   =      1284.7600  DIHED      =      1891.7309
 1-4 NB =       564.9950  1-4 EEL =      8873.7811  VDWAALS    =     13374.4184
 EELEC  =    -98422.6554  EHBOND  =         0.0000  RESTRAINT  =        89.6195
 EAMBER (non-restraint)  =    -71983.7107
 ------------------------------------------------------------------------------

wrapping first mol.:       23.43602       33.14354       57.40630
wrapping first mol.:       23.43602       33.14354       57.40630

 NSTEP =    44500   TIME(PS) =    1529.000  TEMP(K) =   299.13  PRESS =     0.0
 Etot   =    -57698.8889  EKtot   =     14131.8037  EPtot      =    -71830.6927
 BOND   =       449.0242  ANGLE   =      1261.4019  DIHED      =      1891.5125
 1-4 NB =       588.4942  1-4 EEL =      8925.9282  VDWAALS    =     13280.2391
 EELEC  =    -98331.5854  EHBOND  =         0.0000  RESTRAINT  =       104.2927
 EAMBER (non-restraint)  =    -71934.9854
 ------------------------------------------------------------------------------

wrapping first mol.:       23.43602       33.14354       57.40630
wrapping first mol.:       23.43602       33.14354       57.40630

 NSTEP =    45000   TIME(PS) =    1530.000  TEMP(K) =   301.42  PRESS =     0.0
 Etot   =    -57544.2066  EKtot   =     14240.0820  EPtot      =    -71784.2887
 BOND   =       473.8620  ANGLE   =      1255.5074  DIHED      =      1905.2510
 1-4 NB =       577.0171  1-4 EEL =      8926.3701  VDWAALS    =     13526.9046
 EELEC  =    -98541.1470  EHBOND  =         0.0000  RESTRAINT  =        91.9461
 EAMBER (non-restraint)  =    -71876.2348
 ------------------------------------------------------------------------------

wrapping first mol.:       23.43602       33.14354       57.40630
wrapping first mol.:       23.43602       33.14354       57.40630

 NSTEP =    45500   TIME(PS) =    1531.000  TEMP(K) =   299.92  PRESS =     0.0
 Etot   =    -57665.3195  EKtot   =     14169.3125  EPtot      =    -71834.6320
 BOND   =       464.6039  ANGLE   =      1225.2039  DIHED      =      1884.8748
 1-4 NB =       581.4644  1-4 EEL =      8921.0670  VDWAALS    =     13513.2598
 EELEC  =    -98514.1891  EHBOND  =         0.0000  RESTRAINT  =        89.0833
 EAMBER (non-restraint)  =    -71923.7153
 ------------------------------------------------------------------------------

wrapping first mol.:       23.43602       33.14354       57.40630
wrapping first mol.:       23.43602       33.14354       57.40630

 NSTEP =    46000   TIME(PS) =    1532.000  TEMP(K) =   303.26  PRESS =     0.0
 Etot   =    -57596.6995  EKtot   =     14327.2812  EPtot      =    -71923.9807
 BOND   =       485.1322  ANGLE   =      1293.7538  DIHED      =      1884.9571
 1-4 NB =       580.8382  1-4 EEL =      8920.7562  VDWAALS    =     13411.1881
 EELEC  =    -98579.9240  EHBOND  =         0.0000  RESTRAINT  =        79.3177
 EAMBER (non-restraint)  =    -72003.2984
 ------------------------------------------------------------------------------

wrapping first mol.:       23.43602       33.14354       57.40630
wrapping first mol.:       23.43602       33.14354       57.40630

 NSTEP =    46500   TIME(PS) =    1533.000  TEMP(K) =   302.05  PRESS =     0.0
 Etot   =    -57518.9751  EKtot   =     14269.8486  EPtot      =    -71788.8238
 BOND   =       473.3096  ANGLE   =      1271.4045  DIHED      =      1875.0697
 1-4 NB =       585.0203  1-4 EEL =      8903.5404  VDWAALS    =     13360.0354
 EELEC  =    -98352.3913  EHBOND  =         0.0000  RESTRAINT  =        95.1876
 EAMBER (non-restraint)  =    -71884.0114
 ------------------------------------------------------------------------------

wrapping first mol.:       23.43602       33.14354       57.40630
wrapping first mol.:       23.43602       33.14354       57.40630

 NSTEP =    47000   TIME(PS) =    1534.000  TEMP(K) =   301.06  PRESS =     0.0
 Etot   =    -57601.5201  EKtot   =     14223.3311  EPtot      =    -71824.8511
 BOND   =       452.1655  ANGLE   =      1254.9849  DIHED      =      1908.3938
 1-4 NB =       576.3632  1-4 EEL =      8883.3938  VDWAALS    =     13321.9891
 EELEC  =    -98319.8763  EHBOND  =         0.0000  RESTRAINT  =        97.7350
 EAMBER (non-restraint)  =    -71922.5861
 ------------------------------------------------------------------------------

wrapping first mol.:       23.43602       33.14354       57.40630
wrapping first mol.:       23.43602       33.14354       57.40630

 NSTEP =    47500   TIME(PS) =    1535.000  TEMP(K) =   299.52  PRESS =     0.0
 Etot   =    -57812.2403  EKtot   =     14150.5625  EPtot      =    -71962.8028
 BOND   =       423.0767  ANGLE   =      1193.5390  DIHED      =      1890.2903
 1-4 NB =       599.3130  1-4 EEL =      8951.2411  VDWAALS    =     13686.0820
 EELEC  =    -98793.9081  EHBOND  =         0.0000  RESTRAINT  =        87.5631
 EAMBER (non-restraint)  =    -72050.3659
 ------------------------------------------------------------------------------

wrapping first mol.:       23.43602       33.14354       57.40630
wrapping first mol.:       23.43602       33.14354       57.40630

 NSTEP =    48000   TIME(PS) =    1536.000  TEMP(K) =   300.45  PRESS =     0.0
 Etot   =    -57627.7288  EKtot   =     14194.5371  EPtot      =    -71822.2659
 BOND   =       476.9842  ANGLE   =      1290.1415  DIHED      =      1898.6051
 1-4 NB =       577.2129  1-4 EEL =      8898.9719  VDWAALS    =     13616.8380
 EELEC  =    -98677.8945  EHBOND  =         0.0000  RESTRAINT  =        96.8751
 EAMBER (non-restraint)  =    -71919.1410
 ------------------------------------------------------------------------------

wrapping first mol.:       23.43602       33.14354       57.40630
wrapping first mol.:       23.43602       33.14354       57.40630

 NSTEP =    48500   TIME(PS) =    1537.000  TEMP(K) =   301.46  PRESS =     0.0
 Etot   =    -57648.0140  EKtot   =     14241.8281  EPtot      =    -71889.8421
 BOND   =       445.2500  ANGLE   =      1241.9915  DIHED      =      1872.2339
 1-4 NB =       596.8939  1-4 EEL =      8936.5880  VDWAALS    =     13467.4896
 EELEC  =    -98545.7212  EHBOND  =         0.0000  RESTRAINT  =        95.4322
 EAMBER (non-restraint)  =    -71985.2743
 ------------------------------------------------------------------------------

wrapping first mol.:       23.43602       33.14354       57.40630
wrapping first mol.:       23.43602       33.14354       57.40630

 NSTEP =    49000   TIME(PS) =    1538.000  TEMP(K) =   301.70  PRESS =     0.0
 Etot   =    -57799.7046  EKtot   =     14253.1797  EPtot      =    -72052.8843
 BOND   =       442.1182  ANGLE   =      1197.3784  DIHED      =      1854.6512
 1-4 NB =       576.8970  1-4 EEL =      8907.3499  VDWAALS    =     13461.7216
 EELEC  =    -98570.1638  EHBOND  =         0.0000  RESTRAINT  =        77.1631
 EAMBER (non-restraint)  =    -72130.0474
 ------------------------------------------------------------------------------

wrapping first mol.:       23.43602       33.14354       57.40630
wrapping first mol.:       23.43602       33.14354       57.40630

 NSTEP =    49500   TIME(PS) =    1539.000  TEMP(K) =   300.76  PRESS =     0.0
 Etot   =    -57689.2690  EKtot   =     14208.9258  EPtot      =    -71898.1948
 BOND   =       437.8791  ANGLE   =      1192.2887  DIHED      =      1900.5689
 1-4 NB =       580.5536  1-4 EEL =      8915.1730  VDWAALS    =     13291.7140
 EELEC  =    -98303.9457  EHBOND  =         0.0000  RESTRAINT  =        87.5737
 EAMBER (non-restraint)  =    -71985.7684
 ------------------------------------------------------------------------------

wrapping first mol.:       23.43602       33.14354       57.40630
wrapping first mol.:       23.43602       33.14354       57.40630

 NSTEP =    50000   TIME(PS) =    1540.000  TEMP(K) =   302.28  PRESS =     0.0
 Etot   =    -57642.8303  EKtot   =     14280.9570  EPtot      =    -71923.7874
 BOND   =       472.6095  ANGLE   =      1238.6810  DIHED      =      1909.7107
 1-4 NB =       572.7921  1-4 EEL =      8908.4653  VDWAALS    =     13507.1645
 EELEC  =    -98630.1130  EHBOND  =         0.0000  RESTRAINT  =        96.9026
 EAMBER (non-restraint)  =    -72020.6900
 ------------------------------------------------------------------------------


      A V E R A G E S   O V E R     100 S T E P S


 NSTEP =    50000   TIME(PS) =    1540.000  TEMP(K) =   300.23  PRESS =     0.0
 Etot   =    -57644.8935  EKtot   =     14183.8302  EPtot      =    -71828.7237
 BOND   =       457.3342  ANGLE   =      1232.9591  DIHED      =      1892.5717
 1-4 NB =       578.4493  1-4 EEL =      8909.5548  VDWAALS    =     13533.3319
 EELEC  =    -98520.9985  EHBOND  =         0.0000  RESTRAINT  =        88.0738
 EAMBER (non-restraint)  =    -71916.7975
 ------------------------------------------------------------------------------


      R M S  F L U C T U A T I O N S


 NSTEP =    50000   TIME(PS) =    1540.000  TEMP(K) =     1.92  PRESS =     0.0
 Etot   =       114.6887  EKtot   =        90.8201  EPtot      =        85.0449
 BOND   =        16.3235  ANGLE   =        28.5264  DIHED      =        15.2535
 1-4 NB =        10.5568  1-4 EEL =        23.1778  VDWAALS    =       137.8735
 EELEC  =       141.6392  EHBOND  =         0.0000  RESTRAINT  =         5.4649
 EAMBER (non-restraint)  =        79.5800
 ------------------------------------------------------------------------------

--------------------------------------------------------------------------------
   5.  TIMINGS
--------------------------------------------------------------------------------

|  NonSetup CPU Time in Major Routines:
|
|     Routine           Sec        %
|     ------------------------------
|     Nonbond           1.90    2.03
|     Bond              0.00    0.00
|     Angle             0.00    0.00
|     Dihedral          0.00    0.00
|     Shake             0.30    0.32
|     RunMD            91.42   97.61
|     Other             0.03    0.03
|     ------------------------------
|     Total            93.66

|  PME Nonbond Pairlist CPU Time:
|
|     Routine              Sec        %
|     ---------------------------------
|     Set Up Cit           0.00    0.00
|     Build List           0.00    0.00
|     ---------------------------------
|     Total                0.00    0.00

|  PME Direct Force CPU Time:
|
|     Routine              Sec        %
|     ---------------------------------
|     NonBonded Calc       0.00    0.00
|     Exclude Masked       0.00    0.00
|     Other                0.02    0.02
|     ---------------------------------
|     Total                0.02    0.02

|  PME Reciprocal Force CPU Time:
|
|     Routine              Sec        %
|     ---------------------------------
|     1D bspline           0.00    0.00
|     Grid Charges         0.00    0.00
|     Scalar Sum           0.00    0.00
|     Gradient Sum         0.00    0.00
|     FFT                  0.00    0.00
|     ---------------------------------
|     Total                0.00    0.00

|  Final Performance Info:
|     -----------------------------------------------------
|     Average timings for last   17500 steps:
|     Elapsed(s) =      32.82 Per Step(ms) =       1.88
|         ns/day =      92.13   seconds/ns =     937.77
|
|     Average timings for all steps:
|     Elapsed(s) =      93.67 Per Step(ms) =       1.87
|         ns/day =      92.23   seconds/ns =     936.75
|     -----------------------------------------------------

|  Setup CPU time:            0.56 seconds
|  NonSetup CPU time:        93.66 seconds
|  Total CPU time:           94.22 seconds     0.03 hours

|  Setup wall time:           0    seconds
|  NonSetup wall time:       94    seconds
|  Total wall time:          94    seconds     0.03 hours
