
          -------------------------------------------------------
          Amber 16 PMEMD                              2016
          -------------------------------------------------------

| PMEMD implementation of SANDER, Release 16

| Run on 04/12/2018 at 09:20:32

|   Executable path: pmemd.cuda
| Working directory: /home/german/lbp/run/4uet/mhe/e
|          Hostname: Unknown
  [-O]verwriting output

File Assignments:
|   MDIN: 3equ.in                                                               
|  MDOUT: 3equ.out                                                              
| INPCRD: 2e4uet.rst7                                                           
|   PARM: /home/german/lbp/top_files/4uet.prmtop                                
| RESTRT: 3e4uet.rst7                                                           
|   REFC: 2e4uet.rst7                                                           
|  MDVEL: mdvel                                                                 
|   MDEN: mden                                                                  
|  MDCRD: 3e4uet.nc                                                             
| MDINFO: mdinfo                                                                
|  MDFRC: mdfrc                                                                 


 Here is the input file:

Equilibration with solute restrictions                                         
&cntrl                                                                         
imin = 0,                           ! No Minimization                          
nmropt = 0,                         ! No NMR restraints read                   
                                                                               
! Nature and format of the input                                               
ntx = 5,                            ! Coordinates but no velocities will be rea
irest = 1,                          ! Do not run a new simulation              
                                                                               
! Nature and format of the output                                              
ntxo = 1,                           ! rstrt file in ASCII format               
ntpr = 500,                         ! inf in output every ntpr steps           
ntwr = 500,                         ! rstrt file every ntwr steps              
ntwx = 500,                         ! mdcrd file every ntwx steps              
ntwv = 0,                           ! mdvel without velocities                 
ntwe = 0,                           ! Energies and temperatures not written in 
idecomp = 0,                        ! No energy decomposition                  
iwrap = 1,                          ! Coordinates of the restart and mdcrd file
                                                                               
! Frozen or restrained atoms                                                   
ibelly = 0,                         ! No frozen atoms                          
ntr=1,                              ! Harmonic potential restraints            
restraint_wt = 30.0,                ! The weight for the positional restraints 
restraintmask = ':1-154@N,CA,C,O',  ! restrained residues                      
                                                                               
! Molecular dynamics                                                           
nstlim = 50000,                     ! Number of MD-steps                       
dt = 0.002,                         ! Time step                                
                                                                               
! Temperature regulation                                                       
ntt = 3,                            ! Langevin thermostat                      
gamma_ln = 5,                       ! Gamma constant for Langevin              
temp0 = 300.0,                      ! Reference T at which the system is to be 
tempi = 300.0,                      ! Initial T                                
ig = -1,                            ! Seed for the RNG                         
                                                                               
! P and V regulation                                                           
ntp = 0,                            ! No pressure control                      
ntb = 1,                            ! Periodic box for constant V              
                                                                               
! SHAKE variables                                                              
ntc = 2,                            ! Bonds involving H are constrained        
ntf = 2,                            ! Bond interaction involving H are ommited.
                                                                               
cut = 10.0,                         ! Nonbonded cutoff                         
/                                                                              
&end                                                                           


Note: ig = -1. Setting random seed to   167413 based on wallclock time in 
      microseconds.
 
|--------------------- INFORMATION ----------------------
| GPU (CUDA) Version of PMEMD in use: NVIDIA GPU IN USE.
|                    Version 16.0.0
| 
|                      02/25/2016
| 
| Implementation by:
|                    Ross C. Walker     (SDSC)
|                    Scott Le Grand     (nVIDIA)
| 
| Precision model in use:
|      [SPFP] - Single Precision Forces, 64-bit Fixed Point
|               Accumulation. (Default)
| 
|--------------------------------------------------------
 
|----------------- CITATION INFORMATION -----------------
|
|    When publishing work that utilized the CUDA version
|    of AMBER, please cite the following in addition to
|    the regular AMBER citations:
|
|  - Romelia Salomon-Ferrer; Andreas W. Goetz; Duncan
|    Poole; Scott Le Grand; Ross C. Walker "Routine
|    microsecond molecular dynamics simulations with
|    AMBER - Part II: Particle Mesh Ewald", J. Chem.
|    Theory Comput., 2013, 9 (9), pp3878-3888,
|    DOI: 10.1021/ct400314y.
|
|  - Andreas W. Goetz; Mark J. Williamson; Dong Xu;
|    Duncan Poole; Scott Le Grand; Ross C. Walker
|    "Routine microsecond molecular dynamics simulations
|    with AMBER - Part I: Generalized Born", J. Chem.
|    Theory Comput., 2012, 8 (5), pp1542-1555.
|
|  - Scott Le Grand; Andreas W. Goetz; Ross C. Walker
|    "SPFP: Speed without compromise - a mixed precision
|    model for GPU accelerated molecular dynamics
|    simulations.", Comp. Phys. Comm., 2013, 184
|    pp374-380, DOI: 10.1016/j.cpc.2012.09.022
|
|--------------------------------------------------------
 
|------------------- GPU DEVICE INFO --------------------
|
|            CUDA_VISIBLE_DEVICES: not set
|   CUDA Capable Devices Detected:      2
|           CUDA Device ID in use:      0
|                CUDA Device Name: GeForce GTX 1060 6GB
|     CUDA Device Global Mem Size:   6072 MB
| CUDA Device Num Multiprocessors:     10
|           CUDA Device Core Freq:   1.76 GHz
|
|--------------------------------------------------------
 
 
| Conditional Compilation Defines Used:
| PUBFFT
| BINTRAJ
| CUDA
| EMIL

| Largest sphere to fit in unit cell has radius =    28.713

| New format PARM file being parsed.
| Version =    1.000 Date = 04/11/18 Time = 21:43:05

| Note: 1-4 EEL scale factors are being read from the topology file.

| Note: 1-4 VDW scale factors are being read from the topology file.
| Duplicated    0 dihedrals

| Duplicated    0 dihedrals

--------------------------------------------------------------------------------
   1.  RESOURCE   USE: 
--------------------------------------------------------------------------------

 getting new box info from bottom of inpcrd
 NATOM  =   23206 NTYPES =      17 NBONH =   22004 MBONA  =    1220
 NTHETH =    2839 MTHETA =    1632 NPHIH =    5501 MPHIA  =    5045
 NHPARM =       0 NPARM  =       0 NNB   =   41187 NRES   =    7084
 NBONA  =    1220 NTHETA =    1632 NPHIA =    5045 NUMBND =      58
 NUMANG =     130 NPTRA  =     163 NATYP =      31 NPHB   =       1
 IFBOX  =       2 NMXRS  =      24 IFCAP =       0 NEXTRA =       0
 NCOPY  =       0

| Coordinate Index Table dimensions:    11   11   11
| Direct force subcell size =     6.3938    6.3938    6.3938

     BOX TYPE: TRUNCATED OCTAHEDRON

--------------------------------------------------------------------------------
   2.  CONTROL  DATA  FOR  THE  RUN
--------------------------------------------------------------------------------

default_name                                                                    

General flags:
     imin    =       0, nmropt  =       0

Nature and format of input:
     ntx     =       5, irest   =       1, ntrx    =       1

Nature and format of output:
     ntxo    =       1, ntpr    =     500, ntrx    =       1, ntwr    =     500
     iwrap   =       1, ntwx    =     500, ntwv    =       0, ntwe    =       0
     ioutfm  =       1, ntwprt  =       0, idecomp =       0, rbornstat=      0

Potential function:
     ntf     =       2, ntb     =       1, igb     =       0, nsnb    =      25
     ipol    =       0, gbsa    =       0, iesp    =       0
     dielc   =   1.00000, cut     =  10.00000, intdiel =   1.00000

Frozen or restrained atoms:
     ibelly  =       0, ntr     =       1
     restraint_wt =  30.00000

Molecular dynamics:
     nstlim  =     50000, nscm    =         0, nrespa  =         1
     t       =   0.00000, dt      =   0.00200, vlimit  =  -1.00000

Langevin dynamics temperature regulation:
     ig      =  167413
     temp0   = 300.00000, tempi   = 300.00000, gamma_ln=   5.00000

SHAKE:
     ntc     =       2, jfastw  =       0
     tol     =   0.00001

| Intermolecular bonds treatment:
|     no_intermolecular_bonds =       1

| Energy averages sample interval:
|     ene_avg_sampling =     500

Ewald parameters:
     verbose =       0, ew_type =       0, nbflag  =       1, use_pme =       1
     vdwmeth =       1, eedmeth =       1, netfrc  =       1
     Box X =   70.331   Box Y =   70.331   Box Z =   70.331
     Alpha =  109.471   Beta  =  109.471   Gamma =  109.471
     NFFT1 =   72       NFFT2 =   72       NFFT3 =   72
     Cutoff=   10.000   Tol   =0.100E-04
     Ewald Coefficient =  0.27511
     Interpolation order =    4

    LOADING THE CONSTRAINED ATOMS AS GROUPS


   5.  REFERENCE ATOM COORDINATES

  default_name                                                                    
     Mask :1-154@N,CA,C,O; matches   616 atoms

--------------------------------------------------------------------------------
   3.  ATOMIC COORDINATES AND VELOCITIES
--------------------------------------------------------------------------------

default_name                                                                    
 begin time read from input coords =   340.000 ps

 
 Number of triangulated 3-point waters found:     6925

     Sum of charges from parm topology file =  -0.00000007
     Forcing neutrality...

| Dynamic Memory, Types Used:
| Reals              819760
| Integers           809947

| Nonbonded Pairs Initial Allocation:     7019234

| GPU memory information (estimate):
| KB of GPU memory in use:    191012
| KB of CPU memory in use:     37316

--------------------------------------------------------------------------------
   4.  RESULTS
--------------------------------------------------------------------------------

 ---------------------------------------------------
 APPROXIMATING switch and d/dx switch using CUBIC SPLINE INTERPOLATION
 using   5000.0 points per unit in tabled values
 TESTING RELATIVE ERROR over r ranging from 0.0 to cutoff
| CHECK switch(x): max rel err =   0.2738E-14   at   2.422500
| CHECK d/dx switch(x): max rel err =   0.8314E-11   at   2.736960
 ---------------------------------------------------
|---------------------------------------------------
| APPROXIMATING direct energy using CUBIC SPLINE INTERPOLATION
|  with   50.0 points per unit in tabled values
| Relative Error Limit not exceeded for r .gt.   2.33
| APPROXIMATING direct force using CUBIC SPLINE INTERPOLATION
|  with   50.0 points per unit in tabled values
| Relative Error Limit not exceeded for r .gt.   2.80
|---------------------------------------------------
wrapping first mol.:       23.44381       33.15456       57.42537
wrapping first mol.:       23.44381       33.15456       57.42537

 NSTEP =      500   TIME(PS) =     341.000  TEMP(K) =   298.76  PRESS =     0.0
 Etot   =    -54328.9537  EKtot   =     14133.9258  EPtot      =    -68462.8795
 BOND   =       443.9868  ANGLE   =      1158.5665  DIHED      =      1864.1023
 1-4 NB =       573.3681  1-4 EEL =      8922.2719  VDWAALS    =      8230.8865
 EELEC  =    -89852.2951  EHBOND  =         0.0000  RESTRAINT  =       196.2334
 EAMBER (non-restraint)  =    -68659.1129
 ------------------------------------------------------------------------------

wrapping first mol.:       23.44381       33.15456       57.42537
wrapping first mol.:       23.44381       33.15456       57.42537

 NSTEP =     1000   TIME(PS) =     342.000  TEMP(K) =   298.92  PRESS =     0.0
 Etot   =    -54267.0714  EKtot   =     14141.7441  EPtot      =    -68408.8155
 BOND   =       451.7176  ANGLE   =      1177.0403  DIHED      =      1885.2463
 1-4 NB =       554.2641  1-4 EEL =      8902.6681  VDWAALS    =      8086.2726
 EELEC  =    -89674.6236  EHBOND  =         0.0000  RESTRAINT  =       208.5990
 EAMBER (non-restraint)  =    -68617.4146
 ------------------------------------------------------------------------------

wrapping first mol.:       23.44381       33.15456       57.42537
wrapping first mol.:       23.44381       33.15456       57.42537

 NSTEP =     1500   TIME(PS) =     343.000  TEMP(K) =   299.44  PRESS =     0.0
 Etot   =    -54608.1714  EKtot   =     14166.0918  EPtot      =    -68774.2632
 BOND   =       459.2766  ANGLE   =      1170.5427  DIHED      =      1873.9850
 1-4 NB =       578.2670  1-4 EEL =      8948.3689  VDWAALS    =      8232.3435
 EELEC  =    -90240.4434  EHBOND  =         0.0000  RESTRAINT  =       203.3966
 EAMBER (non-restraint)  =    -68977.6598
 ------------------------------------------------------------------------------

wrapping first mol.:       23.44381       33.15456       57.42537
wrapping first mol.:       23.44381       33.15456       57.42537

 NSTEP =     2000   TIME(PS) =     344.000  TEMP(K) =   300.44  PRESS =     0.0
 Etot   =    -54391.0605  EKtot   =     14213.3467  EPtot      =    -68604.4072
 BOND   =       430.5509  ANGLE   =      1164.0089  DIHED      =      1853.6099
 1-4 NB =       562.5610  1-4 EEL =      8935.2959  VDWAALS    =      8266.7265
 EELEC  =    -90008.9249  EHBOND  =         0.0000  RESTRAINT  =       191.7647
 EAMBER (non-restraint)  =    -68796.1718
 ------------------------------------------------------------------------------

wrapping first mol.:       23.44381       33.15456       57.42537
wrapping first mol.:       23.44381       33.15456       57.42537

 NSTEP =     2500   TIME(PS) =     345.000  TEMP(K) =   299.22  PRESS =     0.0
 Etot   =    -54433.6090  EKtot   =     14155.6270  EPtot      =    -68589.2359
 BOND   =       449.6746  ANGLE   =      1150.9643  DIHED      =      1862.5082
 1-4 NB =       559.4187  1-4 EEL =      8926.1711  VDWAALS    =      8106.1905
 EELEC  =    -89846.2675  EHBOND  =         0.0000  RESTRAINT  =       202.1042
 EAMBER (non-restraint)  =    -68791.3401
 ------------------------------------------------------------------------------

wrapping first mol.:       23.44381       33.15456       57.42537
wrapping first mol.:       23.44381       33.15456       57.42537

 NSTEP =     3000   TIME(PS) =     346.000  TEMP(K) =   300.10  PRESS =     0.0
 Etot   =    -54292.9369  EKtot   =     14197.5420  EPtot      =    -68490.4789
 BOND   =       446.3724  ANGLE   =      1172.3476  DIHED      =      1874.3522
 1-4 NB =       549.9094  1-4 EEL =      8917.0167  VDWAALS    =      7790.5632
 EELEC  =    -89451.8026  EHBOND  =         0.0000  RESTRAINT  =       210.7622
 EAMBER (non-restraint)  =    -68701.2411
 ------------------------------------------------------------------------------

wrapping first mol.:       23.44381       33.15456       57.42537
wrapping first mol.:       23.44381       33.15456       57.42537

 NSTEP =     3500   TIME(PS) =     347.000  TEMP(K) =   303.01  PRESS =     0.0
 Etot   =    -54148.2399  EKtot   =     14335.0488  EPtot      =    -68483.2887
 BOND   =       445.6639  ANGLE   =      1181.3652  DIHED      =      1893.7880
 1-4 NB =       555.8400  1-4 EEL =      8926.4508  VDWAALS    =      8191.4938
 EELEC  =    -89889.6644  EHBOND  =         0.0000  RESTRAINT  =       211.7739
 EAMBER (non-restraint)  =    -68695.0626
 ------------------------------------------------------------------------------

wrapping first mol.:       23.44381       33.15456       57.42537
wrapping first mol.:       23.44381       33.15456       57.42537

 NSTEP =     4000   TIME(PS) =     348.000  TEMP(K) =   298.97  PRESS =     0.0
 Etot   =    -54276.8867  EKtot   =     14143.8652  EPtot      =    -68420.7520
 BOND   =       444.7031  ANGLE   =      1221.3895  DIHED      =      1872.8065
 1-4 NB =       558.1197  1-4 EEL =      8912.4192  VDWAALS    =      8079.4551
 EELEC  =    -89717.5166  EHBOND  =         0.0000  RESTRAINT  =       207.8715
 EAMBER (non-restraint)  =    -68628.6234
 ------------------------------------------------------------------------------

wrapping first mol.:       23.44381       33.15456       57.42537
wrapping first mol.:       23.44381       33.15456       57.42537

 NSTEP =     4500   TIME(PS) =     349.000  TEMP(K) =   302.16  PRESS =     0.0
 Etot   =    -54258.5335  EKtot   =     14294.9688  EPtot      =    -68553.5022
 BOND   =       449.1578  ANGLE   =      1186.4237  DIHED      =      1874.3571
 1-4 NB =       567.4760  1-4 EEL =      8900.3617  VDWAALS    =      8116.9620
 EELEC  =    -89844.2921  EHBOND  =         0.0000  RESTRAINT  =       196.0516
 EAMBER (non-restraint)  =    -68749.5538
 ------------------------------------------------------------------------------

wrapping first mol.:       23.44381       33.15456       57.42537
wrapping first mol.:       23.44381       33.15456       57.42537

 NSTEP =     5000   TIME(PS) =     350.000  TEMP(K) =   302.01  PRESS =     0.0
 Etot   =    -54427.7368  EKtot   =     14287.6885  EPtot      =    -68715.4252
 BOND   =       456.8170  ANGLE   =      1199.9230  DIHED      =      1871.4825
 1-4 NB =       557.1248  1-4 EEL =      8917.4083  VDWAALS    =      8288.0373
 EELEC  =    -90214.4595  EHBOND  =         0.0000  RESTRAINT  =       208.2414
 EAMBER (non-restraint)  =    -68923.6667
 ------------------------------------------------------------------------------

wrapping first mol.:       23.44381       33.15456       57.42537
wrapping first mol.:       23.44381       33.15456       57.42537

 NSTEP =     5500   TIME(PS) =     351.000  TEMP(K) =   303.06  PRESS =     0.0
 Etot   =    -54176.6021  EKtot   =     14337.6465  EPtot      =    -68514.2485
 BOND   =       423.9208  ANGLE   =      1171.8522  DIHED      =      1888.5368
 1-4 NB =       566.6636  1-4 EEL =      8881.4561  VDWAALS    =      8184.9584
 EELEC  =    -89837.6251  EHBOND  =         0.0000  RESTRAINT  =       205.9886
 EAMBER (non-restraint)  =    -68720.2371
 ------------------------------------------------------------------------------

wrapping first mol.:       23.44381       33.15456       57.42537
wrapping first mol.:       23.44381       33.15456       57.42537

 NSTEP =     6000   TIME(PS) =     352.000  TEMP(K) =   302.58  PRESS =     0.0
 Etot   =    -54051.5241  EKtot   =     14314.8496  EPtot      =    -68366.3737
 BOND   =       428.7589  ANGLE   =      1206.0635  DIHED      =      1884.0957
 1-4 NB =       567.2571  1-4 EEL =      8966.4732  VDWAALS    =      8065.8626
 EELEC  =    -89692.9354  EHBOND  =         0.0000  RESTRAINT  =       208.0508
 EAMBER (non-restraint)  =    -68574.4245
 ------------------------------------------------------------------------------

wrapping first mol.:       23.44381       33.15456       57.42537
wrapping first mol.:       23.44381       33.15456       57.42537

 NSTEP =     6500   TIME(PS) =     353.000  TEMP(K) =   299.48  PRESS =     0.0
 Etot   =    -54572.7803  EKtot   =     14168.3525  EPtot      =    -68741.1328
 BOND   =       453.6388  ANGLE   =      1187.4732  DIHED      =      1874.4009
 1-4 NB =       567.5439  1-4 EEL =      8933.9070  VDWAALS    =      8258.2206
 EELEC  =    -90223.6671  EHBOND  =         0.0000  RESTRAINT  =       207.3499
 EAMBER (non-restraint)  =    -68948.4827
 ------------------------------------------------------------------------------

wrapping first mol.:       23.44381       33.15456       57.42537
wrapping first mol.:       23.44381       33.15456       57.42537

 NSTEP =     7000   TIME(PS) =     354.000  TEMP(K) =   299.74  PRESS =     0.0
 Etot   =    -54404.9852  EKtot   =     14180.3691  EPtot      =    -68585.3543
 BOND   =       438.3194  ANGLE   =      1214.5688  DIHED      =      1901.1500
 1-4 NB =       544.5030  1-4 EEL =      8908.7061  VDWAALS    =      8256.2021
 EELEC  =    -90061.6117  EHBOND  =         0.0000  RESTRAINT  =       212.8079
 EAMBER (non-restraint)  =    -68798.1623
 ------------------------------------------------------------------------------

wrapping first mol.:       23.44381       33.15456       57.42537
wrapping first mol.:       23.44381       33.15456       57.42537

 NSTEP =     7500   TIME(PS) =     355.000  TEMP(K) =   300.69  PRESS =     0.0
 Etot   =    -54632.3964  EKtot   =     14225.3984  EPtot      =    -68857.7948
 BOND   =       407.7056  ANGLE   =      1173.6671  DIHED      =      1888.7889
 1-4 NB =       558.3438  1-4 EEL =      8937.8041  VDWAALS    =      8256.4519
 EELEC  =    -90285.7585  EHBOND  =         0.0000  RESTRAINT  =       205.2025
 EAMBER (non-restraint)  =    -69062.9972
 ------------------------------------------------------------------------------

wrapping first mol.:       23.44381       33.15456       57.42537
wrapping first mol.:       23.44381       33.15456       57.42537

 NSTEP =     8000   TIME(PS) =     356.000  TEMP(K) =   299.81  PRESS =     0.0
 Etot   =    -54410.3824  EKtot   =     14183.9492  EPtot      =    -68594.3316
 BOND   =       441.5663  ANGLE   =      1169.1634  DIHED      =      1877.6472
 1-4 NB =       559.6304  1-4 EEL =      8911.5221  VDWAALS    =      8154.7360
 EELEC  =    -89920.7079  EHBOND  =         0.0000  RESTRAINT  =       212.1110
 EAMBER (non-restraint)  =    -68806.4425
 ------------------------------------------------------------------------------

wrapping first mol.:       23.44381       33.15456       57.42537
wrapping first mol.:       23.44381       33.15456       57.42537

 NSTEP =     8500   TIME(PS) =     357.000  TEMP(K) =   298.61  PRESS =     0.0
 Etot   =    -54401.5440  EKtot   =     14127.0703  EPtot      =    -68528.6143
 BOND   =       448.7775  ANGLE   =      1186.7279  DIHED      =      1870.1469
 1-4 NB =       556.0010  1-4 EEL =      8950.3677  VDWAALS    =      8181.5924
 EELEC  =    -89931.6057  EHBOND  =         0.0000  RESTRAINT  =       209.3780
 EAMBER (non-restraint)  =    -68737.9922
 ------------------------------------------------------------------------------

wrapping first mol.:       23.44381       33.15456       57.42537
wrapping first mol.:       23.44381       33.15456       57.42537

 NSTEP =     9000   TIME(PS) =     358.000  TEMP(K) =   300.73  PRESS =     0.0
 Etot   =    -54401.3007  EKtot   =     14227.2139  EPtot      =    -68628.5146
 BOND   =       446.8649  ANGLE   =      1201.5396  DIHED      =      1874.4513
 1-4 NB =       568.6784  1-4 EEL =      8920.6223  VDWAALS    =      8289.6463
 EELEC  =    -90133.9830  EHBOND  =         0.0000  RESTRAINT  =       203.6655
 EAMBER (non-restraint)  =    -68832.1801
 ------------------------------------------------------------------------------

wrapping first mol.:       23.44381       33.15456       57.42537
wrapping first mol.:       23.44381       33.15456       57.42537

 NSTEP =     9500   TIME(PS) =     359.000  TEMP(K) =   303.16  PRESS =     0.0
 Etot   =    -54382.4298  EKtot   =     14342.2656  EPtot      =    -68724.6954
 BOND   =       421.9539  ANGLE   =      1182.0313  DIHED      =      1879.2257
 1-4 NB =       571.2342  1-4 EEL =      8936.8915  VDWAALS    =      8419.3756
 EELEC  =    -90335.2086  EHBOND  =         0.0000  RESTRAINT  =       199.8010
 EAMBER (non-restraint)  =    -68924.4964
 ------------------------------------------------------------------------------

wrapping first mol.:       23.44381       33.15456       57.42537
wrapping first mol.:       23.44381       33.15456       57.42537

 NSTEP =    10000   TIME(PS) =     360.000  TEMP(K) =   302.21  PRESS =     0.0
 Etot   =    -54360.1254  EKtot   =     14297.2217  EPtot      =    -68657.3471
 BOND   =       457.0230  ANGLE   =      1230.0921  DIHED      =      1883.4725
 1-4 NB =       566.4822  1-4 EEL =      8912.3563  VDWAALS    =      8132.4521
 EELEC  =    -90051.2539  EHBOND  =         0.0000  RESTRAINT  =       212.0287
 EAMBER (non-restraint)  =    -68869.3757
 ------------------------------------------------------------------------------

wrapping first mol.:       23.44381       33.15456       57.42537
wrapping first mol.:       23.44381       33.15456       57.42537

 NSTEP =    10500   TIME(PS) =     361.000  TEMP(K) =   300.65  PRESS =     0.0
 Etot   =    -54492.3407  EKtot   =     14223.5234  EPtot      =    -68715.8641
 BOND   =       428.2948  ANGLE   =      1169.1488  DIHED      =      1871.5666
 1-4 NB =       568.4312  1-4 EEL =      8898.6576  VDWAALS    =      8401.7181
 EELEC  =    -90267.2296  EHBOND  =         0.0000  RESTRAINT  =       213.5484
 EAMBER (non-restraint)  =    -68929.4125
 ------------------------------------------------------------------------------

wrapping first mol.:       23.44381       33.15456       57.42537
wrapping first mol.:       23.44381       33.15456       57.42537

 NSTEP =    11000   TIME(PS) =     362.000  TEMP(K) =   301.08  PRESS =     0.0
 Etot   =    -54317.1996  EKtot   =     14243.5791  EPtot      =    -68560.7787
 BOND   =       424.5298  ANGLE   =      1181.9400  DIHED      =      1884.8749
 1-4 NB =       553.6686  1-4 EEL =      8925.1242  VDWAALS    =      8053.6590
 EELEC  =    -89792.2758  EHBOND  =         0.0000  RESTRAINT  =       207.7004
 EAMBER (non-restraint)  =    -68768.4791
 ------------------------------------------------------------------------------

wrapping first mol.:       23.44381       33.15456       57.42537
wrapping first mol.:       23.44381       33.15456       57.42537

 NSTEP =    11500   TIME(PS) =     363.000  TEMP(K) =   298.89  PRESS =     0.0
 Etot   =    -54555.5174  EKtot   =     14140.2227  EPtot      =    -68695.7400
 BOND   =       447.6003  ANGLE   =      1198.0074  DIHED      =      1891.9665
 1-4 NB =       556.4531  1-4 EEL =      8889.6467  VDWAALS    =      8297.8509
 EELEC  =    -90181.8547  EHBOND  =         0.0000  RESTRAINT  =       204.5897
 EAMBER (non-restraint)  =    -68900.3298
 ------------------------------------------------------------------------------

wrapping first mol.:       23.44381       33.15456       57.42537
wrapping first mol.:       23.44381       33.15456       57.42537

 NSTEP =    12000   TIME(PS) =     364.000  TEMP(K) =   298.89  PRESS =     0.0
 Etot   =    -54343.2122  EKtot   =     14140.3398  EPtot      =    -68483.5520
 BOND   =       416.6629  ANGLE   =      1208.3765  DIHED      =      1892.6858
 1-4 NB =       560.4576  1-4 EEL =      8936.1472  VDWAALS    =      8032.4823
 EELEC  =    -89747.0826  EHBOND  =         0.0000  RESTRAINT  =       216.7183
 EAMBER (non-restraint)  =    -68700.2703
 ------------------------------------------------------------------------------

wrapping first mol.:       23.44381       33.15456       57.42537
wrapping first mol.:       23.44381       33.15456       57.42537

 NSTEP =    12500   TIME(PS) =     365.000  TEMP(K) =   297.54  PRESS =     0.0
 Etot   =    -54558.4219  EKtot   =     14076.4180  EPtot      =    -68634.8399
 BOND   =       447.4867  ANGLE   =      1226.0311  DIHED      =      1851.0379
 1-4 NB =       556.6805  1-4 EEL =      8926.5893  VDWAALS    =      8132.1951
 EELEC  =    -89980.0640  EHBOND  =         0.0000  RESTRAINT  =       205.2037
 EAMBER (non-restraint)  =    -68840.0435
 ------------------------------------------------------------------------------

wrapping first mol.:       23.44381       33.15456       57.42537
wrapping first mol.:       23.44381       33.15456       57.42537

 NSTEP =    13000   TIME(PS) =     366.000  TEMP(K) =   302.14  PRESS =     0.0
 Etot   =    -54316.6506  EKtot   =     14293.7852  EPtot      =    -68610.4358
 BOND   =       457.1637  ANGLE   =      1170.9365  DIHED      =      1885.1035
 1-4 NB =       557.1050  1-4 EEL =      8875.0691  VDWAALS    =      8179.5618
 EELEC  =    -89939.0298  EHBOND  =         0.0000  RESTRAINT  =       203.6544
 EAMBER (non-restraint)  =    -68814.0902
 ------------------------------------------------------------------------------

wrapping first mol.:       23.44381       33.15456       57.42537
wrapping first mol.:       23.44381       33.15456       57.42537

 NSTEP =    13500   TIME(PS) =     367.000  TEMP(K) =   303.51  PRESS =     0.0
 Etot   =    -54473.9991  EKtot   =     14358.7363  EPtot      =    -68832.7354
 BOND   =       424.7426  ANGLE   =      1167.0591  DIHED      =      1886.2889
 1-4 NB =       554.4132  1-4 EEL =      8921.2722  VDWAALS    =      7988.5428
 EELEC  =    -89979.2660  EHBOND  =         0.0000  RESTRAINT  =       204.2118
 EAMBER (non-restraint)  =    -69036.9472
 ------------------------------------------------------------------------------

wrapping first mol.:       23.44381       33.15456       57.42537
wrapping first mol.:       23.44381       33.15456       57.42537

 NSTEP =    14000   TIME(PS) =     368.000  TEMP(K) =   297.86  PRESS =     0.0
 Etot   =    -54472.0477  EKtot   =     14091.4551  EPtot      =    -68563.5028
 BOND   =       460.8627  ANGLE   =      1149.4437  DIHED      =      1859.9906
 1-4 NB =       563.7764  1-4 EEL =      8900.8226  VDWAALS    =      8268.3444
 EELEC  =    -89969.1802  EHBOND  =         0.0000  RESTRAINT  =       202.4371
 EAMBER (non-restraint)  =    -68765.9399
 ------------------------------------------------------------------------------

wrapping first mol.:       23.44381       33.15456       57.42537
wrapping first mol.:       23.44381       33.15456       57.42537

 NSTEP =    14500   TIME(PS) =     369.000  TEMP(K) =   301.69  PRESS =     0.0
 Etot   =    -54168.4968  EKtot   =     14272.7441  EPtot      =    -68441.2409
 BOND   =       433.4013  ANGLE   =      1202.0687  DIHED      =      1896.4579
 1-4 NB =       540.0073  1-4 EEL =      8927.2198  VDWAALS    =      8189.7879
 EELEC  =    -89837.8701  EHBOND  =         0.0000  RESTRAINT  =       207.6863
 EAMBER (non-restraint)  =    -68648.9272
 ------------------------------------------------------------------------------

wrapping first mol.:       23.44381       33.15456       57.42537
wrapping first mol.:       23.44381       33.15456       57.42537

 NSTEP =    15000   TIME(PS) =     370.000  TEMP(K) =   298.22  PRESS =     0.0
 Etot   =    -54529.3501  EKtot   =     14108.4531  EPtot      =    -68637.8032
 BOND   =       430.2236  ANGLE   =      1195.4230  DIHED      =      1868.6532
 1-4 NB =       561.6377  1-4 EEL =      8951.9502  VDWAALS    =      8150.9906
 EELEC  =    -89991.2312  EHBOND  =         0.0000  RESTRAINT  =       194.5497
 EAMBER (non-restraint)  =    -68832.3529
 ------------------------------------------------------------------------------

wrapping first mol.:       23.44381       33.15456       57.42537
wrapping first mol.:       23.44381       33.15456       57.42537

 NSTEP =    15500   TIME(PS) =     371.000  TEMP(K) =   300.93  PRESS =     0.0
 Etot   =    -54190.0681  EKtot   =     14236.7109  EPtot      =    -68426.7790
 BOND   =       455.4894  ANGLE   =      1182.8083  DIHED      =      1856.3143
 1-4 NB =       557.9525  1-4 EEL =      8941.1012  VDWAALS    =      8264.3182
 EELEC  =    -89883.7367  EHBOND  =         0.0000  RESTRAINT  =       198.9738
 EAMBER (non-restraint)  =    -68625.7528
 ------------------------------------------------------------------------------

wrapping first mol.:       23.44381       33.15456       57.42537
wrapping first mol.:       23.44381       33.15456       57.42537

 NSTEP =    16000   TIME(PS) =     372.000  TEMP(K) =   297.69  PRESS =     0.0
 Etot   =    -54369.9914  EKtot   =     14083.2695  EPtot      =    -68453.2609
 BOND   =       485.0098  ANGLE   =      1071.0575  DIHED      =      1901.9576
 1-4 NB =       565.3254  1-4 EEL =      8935.1579  VDWAALS    =      8299.3177
 EELEC  =    -89927.4886  EHBOND  =         0.0000  RESTRAINT  =       216.4018
 EAMBER (non-restraint)  =    -68669.6627
 ------------------------------------------------------------------------------

wrapping first mol.:       23.44381       33.15456       57.42537
wrapping first mol.:       23.44381       33.15456       57.42537

 NSTEP =    16500   TIME(PS) =     373.000  TEMP(K) =   296.35  PRESS =     0.0
 Etot   =    -54220.7257  EKtot   =     14020.0527  EPtot      =    -68240.7785
 BOND   =       434.3806  ANGLE   =      1216.9672  DIHED      =      1875.5540
 1-4 NB =       568.4513  1-4 EEL =      8889.1766  VDWAALS    =      8200.3874
 EELEC  =    -89639.2023  EHBOND  =         0.0000  RESTRAINT  =       213.5068
 EAMBER (non-restraint)  =    -68454.2853
 ------------------------------------------------------------------------------

wrapping first mol.:       23.44381       33.15456       57.42537
wrapping first mol.:       23.44381       33.15456       57.42537

 NSTEP =    17000   TIME(PS) =     374.000  TEMP(K) =   298.79  PRESS =     0.0
 Etot   =    -54330.8914  EKtot   =     14135.3154  EPtot      =    -68466.2069
 BOND   =       442.5245  ANGLE   =      1205.2385  DIHED      =      1861.2092
 1-4 NB =       560.8302  1-4 EEL =      8895.4819  VDWAALS    =      8164.3827
 EELEC  =    -89792.0447  EHBOND  =         0.0000  RESTRAINT  =       196.1709
 EAMBER (non-restraint)  =    -68662.3777
 ------------------------------------------------------------------------------

wrapping first mol.:       23.44381       33.15456       57.42537
wrapping first mol.:       23.44381       33.15456       57.42537

 NSTEP =    17500   TIME(PS) =     375.000  TEMP(K) =   299.69  PRESS =     0.0
 Etot   =    -54386.7370  EKtot   =     14178.0352  EPtot      =    -68564.7721
 BOND   =       413.8004  ANGLE   =      1148.6956  DIHED      =      1888.6157
 1-4 NB =       562.3452  1-4 EEL =      8920.4467  VDWAALS    =      8223.5409
 EELEC  =    -89920.5198  EHBOND  =         0.0000  RESTRAINT  =       198.3033
 EAMBER (non-restraint)  =    -68763.0754
 ------------------------------------------------------------------------------

wrapping first mol.:       23.44381       33.15456       57.42537
wrapping first mol.:       23.44381       33.15456       57.42537

 NSTEP =    18000   TIME(PS) =     376.000  TEMP(K) =   296.37  PRESS =     0.0
 Etot   =    -54443.5811  EKtot   =     14020.9834  EPtot      =    -68464.5645
 BOND   =       432.2141  ANGLE   =      1198.3313  DIHED      =      1864.3029
 1-4 NB =       574.3135  1-4 EEL =      8894.1357  VDWAALS    =      8227.5319
 EELEC  =    -89871.1628  EHBOND  =         0.0000  RESTRAINT  =       215.7690
 EAMBER (non-restraint)  =    -68680.3335
 ------------------------------------------------------------------------------

wrapping first mol.:       23.44381       33.15456       57.42537
wrapping first mol.:       23.44381       33.15456       57.42537

 NSTEP =    18500   TIME(PS) =     377.000  TEMP(K) =   297.76  PRESS =     0.0
 Etot   =    -54462.0223  EKtot   =     14086.7334  EPtot      =    -68548.7557
 BOND   =       429.2210  ANGLE   =      1210.7582  DIHED      =      1875.1674
 1-4 NB =       546.7568  1-4 EEL =      8925.9461  VDWAALS    =      7983.1500
 EELEC  =    -89735.5783  EHBOND  =         0.0000  RESTRAINT  =       215.8231
 EAMBER (non-restraint)  =    -68764.5788
 ------------------------------------------------------------------------------

wrapping first mol.:       23.44381       33.15456       57.42537
wrapping first mol.:       23.44381       33.15456       57.42537

 NSTEP =    19000   TIME(PS) =     378.000  TEMP(K) =   300.48  PRESS =     0.0
 Etot   =    -54436.3940  EKtot   =     14215.4863  EPtot      =    -68651.8804
 BOND   =       466.5055  ANGLE   =      1190.0827  DIHED      =      1889.6498
 1-4 NB =       547.9630  1-4 EEL =      8892.9886  VDWAALS    =      8055.5463
 EELEC  =    -89884.6388  EHBOND  =         0.0000  RESTRAINT  =       190.0225
 EAMBER (non-restraint)  =    -68841.9029
 ------------------------------------------------------------------------------

wrapping first mol.:       23.44381       33.15456       57.42537
wrapping first mol.:       23.44381       33.15456       57.42537

 NSTEP =    19500   TIME(PS) =     379.000  TEMP(K) =   303.74  PRESS =     0.0
 Etot   =    -54267.1003  EKtot   =     14369.7070  EPtot      =    -68636.8074
 BOND   =       443.7998  ANGLE   =      1231.2349  DIHED      =      1881.5971
 1-4 NB =       554.5596  1-4 EEL =      8942.4695  VDWAALS    =      8149.1344
 EELEC  =    -90045.7708  EHBOND  =         0.0000  RESTRAINT  =       206.1680
 EAMBER (non-restraint)  =    -68842.9754
 ------------------------------------------------------------------------------

wrapping first mol.:       23.44381       33.15456       57.42537
wrapping first mol.:       23.44381       33.15456       57.42537

 NSTEP =    20000   TIME(PS) =     380.000  TEMP(K) =   302.93  PRESS =     0.0
 Etot   =    -54307.5282  EKtot   =     14331.3906  EPtot      =    -68638.9188
 BOND   =       455.8869  ANGLE   =      1166.8453  DIHED      =      1872.7896
 1-4 NB =       557.7584  1-4 EEL =      8902.2553  VDWAALS    =      8262.9901
 EELEC  =    -90069.5704  EHBOND  =         0.0000  RESTRAINT  =       212.1259
 EAMBER (non-restraint)  =    -68851.0448
 ------------------------------------------------------------------------------

wrapping first mol.:       23.44381       33.15456       57.42537
wrapping first mol.:       23.44381       33.15456       57.42537

 NSTEP =    20500   TIME(PS) =     381.000  TEMP(K) =   300.77  PRESS =     0.0
 Etot   =    -54340.9371  EKtot   =     14229.2480  EPtot      =    -68570.1851
 BOND   =       435.7262  ANGLE   =      1214.7224  DIHED      =      1879.4702
 1-4 NB =       554.2417  1-4 EEL =      8872.1372  VDWAALS    =      8123.7326
 EELEC  =    -89836.7122  EHBOND  =         0.0000  RESTRAINT  =       186.4967
 EAMBER (non-restraint)  =    -68756.6819
 ------------------------------------------------------------------------------

wrapping first mol.:       23.44381       33.15456       57.42537
wrapping first mol.:       23.44381       33.15456       57.42537

 NSTEP =    21000   TIME(PS) =     382.000  TEMP(K) =   297.78  PRESS =     0.0
 Etot   =    -54389.8925  EKtot   =     14087.8135  EPtot      =    -68477.7060
 BOND   =       455.4717  ANGLE   =      1224.9693  DIHED      =      1846.8248
 1-4 NB =       559.3422  1-4 EEL =      8914.5458  VDWAALS    =      8181.7294
 EELEC  =    -89869.5950  EHBOND  =         0.0000  RESTRAINT  =       209.0056
 EAMBER (non-restraint)  =    -68686.7117
 ------------------------------------------------------------------------------

wrapping first mol.:       23.44381       33.15456       57.42537
wrapping first mol.:       23.44381       33.15456       57.42537

 NSTEP =    21500   TIME(PS) =     383.000  TEMP(K) =   301.13  PRESS =     0.0
 Etot   =    -54113.0474  EKtot   =     14246.0000  EPtot      =    -68359.0474
 BOND   =       434.0365  ANGLE   =      1229.2772  DIHED      =      1895.5991
 1-4 NB =       570.7494  1-4 EEL =      8900.2710  VDWAALS    =      8307.3740
 EELEC  =    -89909.0715  EHBOND  =         0.0000  RESTRAINT  =       212.7168
 EAMBER (non-restraint)  =    -68571.7642
 ------------------------------------------------------------------------------

wrapping first mol.:       23.44381       33.15456       57.42537
wrapping first mol.:       23.44381       33.15456       57.42537

 NSTEP =    22000   TIME(PS) =     384.000  TEMP(K) =   298.52  PRESS =     0.0
 Etot   =    -54417.6860  EKtot   =     14122.6631  EPtot      =    -68540.3491
 BOND   =       417.3792  ANGLE   =      1173.6111  DIHED      =      1854.1997
 1-4 NB =       562.2713  1-4 EEL =      8908.6652  VDWAALS    =      8191.8846
 EELEC  =    -89855.3925  EHBOND  =         0.0000  RESTRAINT  =       207.0323
 EAMBER (non-restraint)  =    -68747.3814
 ------------------------------------------------------------------------------

wrapping first mol.:       23.44381       33.15456       57.42537
wrapping first mol.:       23.44381       33.15456       57.42537

 NSTEP =    22500   TIME(PS) =     385.000  TEMP(K) =   301.14  PRESS =     0.0
 Etot   =    -54383.1240  EKtot   =     14246.6123  EPtot      =    -68629.7363
 BOND   =       450.1323  ANGLE   =      1175.9917  DIHED      =      1847.8148
 1-4 NB =       563.7593  1-4 EEL =      8911.6416  VDWAALS    =      8114.1113
 EELEC  =    -89900.6732  EHBOND  =         0.0000  RESTRAINT  =       207.4858
 EAMBER (non-restraint)  =    -68837.2221
 ------------------------------------------------------------------------------

wrapping first mol.:       23.44381       33.15456       57.42537
wrapping first mol.:       23.44381       33.15456       57.42537

 NSTEP =    23000   TIME(PS) =     386.000  TEMP(K) =   300.42  PRESS =     0.0
 Etot   =    -54440.9526  EKtot   =     14212.8145  EPtot      =    -68653.7670
 BOND   =       422.7269  ANGLE   =      1179.1209  DIHED      =      1854.6433
 1-4 NB =       568.3968  1-4 EEL =      8910.8619  VDWAALS    =      8150.6929
 EELEC  =    -89940.8218  EHBOND  =         0.0000  RESTRAINT  =       200.6121
 EAMBER (non-restraint)  =    -68854.3791
 ------------------------------------------------------------------------------

wrapping first mol.:       23.44381       33.15456       57.42537
wrapping first mol.:       23.44381       33.15456       57.42537

 NSTEP =    23500   TIME(PS) =     387.000  TEMP(K) =   297.18  PRESS =     0.0
 Etot   =    -54721.8245  EKtot   =     14059.4775  EPtot      =    -68781.3021
 BOND   =       415.1010  ANGLE   =      1197.8403  DIHED      =      1845.8174
 1-4 NB =       565.2639  1-4 EEL =      8931.1674  VDWAALS    =      8060.3752
 EELEC  =    -89998.7767  EHBOND  =         0.0000  RESTRAINT  =       201.9095
 EAMBER (non-restraint)  =    -68983.2115
 ------------------------------------------------------------------------------

wrapping first mol.:       23.44381       33.15456       57.42537
wrapping first mol.:       23.44381       33.15456       57.42537

 NSTEP =    24000   TIME(PS) =     388.000  TEMP(K) =   300.27  PRESS =     0.0
 Etot   =    -54227.4915  EKtot   =     14205.3174  EPtot      =    -68432.8089
 BOND   =       446.4184  ANGLE   =      1183.0443  DIHED      =      1852.7189
 1-4 NB =       559.0276  1-4 EEL =      8932.7496  VDWAALS    =      8016.9400
 EELEC  =    -89623.5619  EHBOND  =         0.0000  RESTRAINT  =       199.8541
 EAMBER (non-restraint)  =    -68632.6630
 ------------------------------------------------------------------------------

wrapping first mol.:       23.44381       33.15456       57.42537
wrapping first mol.:       23.44381       33.15456       57.42537

 NSTEP =    24500   TIME(PS) =     389.000  TEMP(K) =   300.74  PRESS =     0.0
 Etot   =    -54465.0434  EKtot   =     14227.5439  EPtot      =    -68692.5873
 BOND   =       452.0337  ANGLE   =      1184.1635  DIHED      =      1889.3293
 1-4 NB =       569.2851  1-4 EEL =      8909.8636  VDWAALS    =      8242.1749
 EELEC  =    -90145.7735  EHBOND  =         0.0000  RESTRAINT  =       206.3362
 EAMBER (non-restraint)  =    -68898.9235
 ------------------------------------------------------------------------------

wrapping first mol.:       23.44381       33.15456       57.42537
wrapping first mol.:       23.44381       33.15456       57.42537

 NSTEP =    25000   TIME(PS) =     390.000  TEMP(K) =   299.62  PRESS =     0.0
 Etot   =    -54403.4587  EKtot   =     14174.5723  EPtot      =    -68578.0310
 BOND   =       451.1805  ANGLE   =      1155.9563  DIHED      =      1868.0420
 1-4 NB =       546.6478  1-4 EEL =      8908.9787  VDWAALS    =      8087.9517
 EELEC  =    -89789.8566  EHBOND  =         0.0000  RESTRAINT  =       193.0685
 EAMBER (non-restraint)  =    -68771.0995
 ------------------------------------------------------------------------------

wrapping first mol.:       23.44381       33.15456       57.42537
wrapping first mol.:       23.44381       33.15456       57.42537

 NSTEP =    25500   TIME(PS) =     391.000  TEMP(K) =   299.24  PRESS =     0.0
 Etot   =    -54485.8303  EKtot   =     14156.7129  EPtot      =    -68642.5432
 BOND   =       446.2901  ANGLE   =      1200.8837  DIHED      =      1869.1149
 1-4 NB =       564.9882  1-4 EEL =      8929.1085  VDWAALS    =      8171.6658
 EELEC  =    -90050.5608  EHBOND  =         0.0000  RESTRAINT  =       225.9665
 EAMBER (non-restraint)  =    -68868.5097
 ------------------------------------------------------------------------------

wrapping first mol.:       23.44381       33.15456       57.42537
wrapping first mol.:       23.44381       33.15456       57.42537

 NSTEP =    26000   TIME(PS) =     392.000  TEMP(K) =   304.25  PRESS =     0.0
 Etot   =    -53921.7439  EKtot   =     14393.9092  EPtot      =    -68315.6530
 BOND   =       470.8826  ANGLE   =      1258.9653  DIHED      =      1878.9146
 1-4 NB =       573.5234  1-4 EEL =      8885.5278  VDWAALS    =      8302.5856
 EELEC  =    -89906.6694  EHBOND  =         0.0000  RESTRAINT  =       220.6170
 EAMBER (non-restraint)  =    -68536.2700
 ------------------------------------------------------------------------------

wrapping first mol.:       23.44381       33.15456       57.42537
wrapping first mol.:       23.44381       33.15456       57.42537

 NSTEP =    26500   TIME(PS) =     393.000  TEMP(K) =   301.58  PRESS =     0.0
 Etot   =    -54409.0238  EKtot   =     14267.3682  EPtot      =    -68676.3920
 BOND   =       420.9814  ANGLE   =      1208.9534  DIHED      =      1872.2342
 1-4 NB =       563.6786  1-4 EEL =      8955.6524  VDWAALS    =      8099.9335
 EELEC  =    -90010.9291  EHBOND  =         0.0000  RESTRAINT  =       213.1037
 EAMBER (non-restraint)  =    -68889.4957
 ------------------------------------------------------------------------------

wrapping first mol.:       23.44381       33.15456       57.42537
wrapping first mol.:       23.44381       33.15456       57.42537

 NSTEP =    27000   TIME(PS) =     394.000  TEMP(K) =   299.41  PRESS =     0.0
 Etot   =    -54344.1315  EKtot   =     14164.8936  EPtot      =    -68509.0251
 BOND   =       501.2751  ANGLE   =      1182.6020  DIHED      =      1872.8206
 1-4 NB =       562.3440  1-4 EEL =      8883.3571  VDWAALS    =      8132.7366
 EELEC  =    -89842.3300  EHBOND  =         0.0000  RESTRAINT  =       198.1695
 EAMBER (non-restraint)  =    -68707.1945
 ------------------------------------------------------------------------------

wrapping first mol.:       23.44381       33.15456       57.42537
wrapping first mol.:       23.44381       33.15456       57.42537

 NSTEP =    27500   TIME(PS) =     395.000  TEMP(K) =   300.30  PRESS =     0.0
 Etot   =    -54493.8117  EKtot   =     14206.9844  EPtot      =    -68700.7961
 BOND   =       439.4053  ANGLE   =      1144.5456  DIHED      =      1864.9337
 1-4 NB =       564.0886  1-4 EEL =      8929.1802  VDWAALS    =      8271.9401
 EELEC  =    -90109.9372  EHBOND  =         0.0000  RESTRAINT  =       195.0475
 EAMBER (non-restraint)  =    -68895.8436
 ------------------------------------------------------------------------------

wrapping first mol.:       23.44381       33.15456       57.42537
wrapping first mol.:       23.44381       33.15456       57.42537

 NSTEP =    28000   TIME(PS) =     396.000  TEMP(K) =   300.15  PRESS =     0.0
 Etot   =    -54457.9146  EKtot   =     14199.6152  EPtot      =    -68657.5299
 BOND   =       431.8695  ANGLE   =      1161.4005  DIHED      =      1881.1330
 1-4 NB =       575.8663  1-4 EEL =      8914.4351  VDWAALS    =      8309.3759
 EELEC  =    -90133.8623  EHBOND  =         0.0000  RESTRAINT  =       202.2521
 EAMBER (non-restraint)  =    -68859.7820
 ------------------------------------------------------------------------------

wrapping first mol.:       23.44381       33.15456       57.42537
wrapping first mol.:       23.44381       33.15456       57.42537

 NSTEP =    28500   TIME(PS) =     397.000  TEMP(K) =   298.04  PRESS =     0.0
 Etot   =    -54479.9877  EKtot   =     14099.8701  EPtot      =    -68579.8578
 BOND   =       417.0449  ANGLE   =      1169.9679  DIHED      =      1857.3977
 1-4 NB =       555.2584  1-4 EEL =      8947.0471  VDWAALS    =      8214.7680
 EELEC  =    -89941.1778  EHBOND  =         0.0000  RESTRAINT  =       199.8359
 EAMBER (non-restraint)  =    -68779.6938
 ------------------------------------------------------------------------------

wrapping first mol.:       23.44381       33.15456       57.42537
wrapping first mol.:       23.44381       33.15456       57.42537

 NSTEP =    29000   TIME(PS) =     398.000  TEMP(K) =   300.34  PRESS =     0.0
 Etot   =    -54546.1970  EKtot   =     14208.7100  EPtot      =    -68754.9070
 BOND   =       425.0558  ANGLE   =      1179.8215  DIHED      =      1865.6060
 1-4 NB =       569.2030  1-4 EEL =      8922.9158  VDWAALS    =      8130.6293
 EELEC  =    -90057.8483  EHBOND  =         0.0000  RESTRAINT  =       209.7100
 EAMBER (non-restraint)  =    -68964.6170
 ------------------------------------------------------------------------------

wrapping first mol.:       23.44381       33.15456       57.42537
wrapping first mol.:       23.44381       33.15456       57.42537

 NSTEP =    29500   TIME(PS) =     399.000  TEMP(K) =   294.57  PRESS =     0.0
 Etot   =    -54724.0503  EKtot   =     13935.8789  EPtot      =    -68659.9292
 BOND   =       452.0048  ANGLE   =      1213.9005  DIHED      =      1878.8895
 1-4 NB =       557.4559  1-4 EEL =      8934.5000  VDWAALS    =      8191.0290
 EELEC  =    -90095.4351  EHBOND  =         0.0000  RESTRAINT  =       207.7263
 EAMBER (non-restraint)  =    -68867.6555
 ------------------------------------------------------------------------------

wrapping first mol.:       23.44381       33.15456       57.42537
wrapping first mol.:       23.44381       33.15456       57.42537

 NSTEP =    30000   TIME(PS) =     400.000  TEMP(K) =   300.02  PRESS =     0.0
 Etot   =    -54475.8722  EKtot   =     14193.9004  EPtot      =    -68669.7726
 BOND   =       443.6681  ANGLE   =      1160.5063  DIHED      =      1875.2437
 1-4 NB =       559.8130  1-4 EEL =      8935.6504  VDWAALS    =      8258.9885
 EELEC  =    -90100.9278  EHBOND  =         0.0000  RESTRAINT  =       197.2851
 EAMBER (non-restraint)  =    -68867.0577
 ------------------------------------------------------------------------------

wrapping first mol.:       23.44381       33.15456       57.42537
wrapping first mol.:       23.44381       33.15456       57.42537

 NSTEP =    30500   TIME(PS) =     401.000  TEMP(K) =   300.30  PRESS =     0.0
 Etot   =    -54375.0465  EKtot   =     14206.8682  EPtot      =    -68581.9147
 BOND   =       424.6791  ANGLE   =      1184.6557  DIHED      =      1892.3560
 1-4 NB =       556.0073  1-4 EEL =      8878.5166  VDWAALS    =      8182.8026
 EELEC  =    -89891.5033  EHBOND  =         0.0000  RESTRAINT  =       190.5713
 EAMBER (non-restraint)  =    -68772.4859
 ------------------------------------------------------------------------------

wrapping first mol.:       23.44381       33.15456       57.42537
wrapping first mol.:       23.44381       33.15456       57.42537

 NSTEP =    31000   TIME(PS) =     402.000  TEMP(K) =   301.67  PRESS =     0.0
 Etot   =    -54405.9841  EKtot   =     14271.7852  EPtot      =    -68677.7692
 BOND   =       446.2496  ANGLE   =      1207.6213  DIHED      =      1892.5127
 1-4 NB =       554.1023  1-4 EEL =      8894.6622  VDWAALS    =      8267.7138
 EELEC  =    -90150.9666  EHBOND  =         0.0000  RESTRAINT  =       210.3354
 EAMBER (non-restraint)  =    -68888.1046
 ------------------------------------------------------------------------------

wrapping first mol.:       23.44381       33.15456       57.42537
wrapping first mol.:       23.44381       33.15456       57.42537

 NSTEP =    31500   TIME(PS) =     403.000  TEMP(K) =   301.37  PRESS =     0.0
 Etot   =    -54387.7454  EKtot   =     14257.6533  EPtot      =    -68645.3987
 BOND   =       417.7688  ANGLE   =      1204.9837  DIHED      =      1882.9667
 1-4 NB =       550.7896  1-4 EEL =      8919.6291  VDWAALS    =      8064.6095
 EELEC  =    -89898.4507  EHBOND  =         0.0000  RESTRAINT  =       212.3046
 EAMBER (non-restraint)  =    -68857.7033
 ------------------------------------------------------------------------------

wrapping first mol.:       23.44381       33.15456       57.42537
wrapping first mol.:       23.44381       33.15456       57.42537

 NSTEP =    32000   TIME(PS) =     404.000  TEMP(K) =   300.23  PRESS =     0.0
 Etot   =    -54499.4964  EKtot   =     14203.5938  EPtot      =    -68703.0902
 BOND   =       393.7178  ANGLE   =      1207.5208  DIHED      =      1879.8959
 1-4 NB =       566.0203  1-4 EEL =      8945.7715  VDWAALS    =      8147.2251
 EELEC  =    -90057.9429  EHBOND  =         0.0000  RESTRAINT  =       214.7014
 EAMBER (non-restraint)  =    -68917.7916
 ------------------------------------------------------------------------------

wrapping first mol.:       23.44381       33.15456       57.42537
wrapping first mol.:       23.44381       33.15456       57.42537

 NSTEP =    32500   TIME(PS) =     405.000  TEMP(K) =   302.08  PRESS =     0.0
 Etot   =    -54352.9141  EKtot   =     14291.3389  EPtot      =    -68644.2530
 BOND   =       443.2223  ANGLE   =      1146.4509  DIHED      =      1862.0119
 1-4 NB =       560.7819  1-4 EEL =      8919.1891  VDWAALS    =      8279.8890
 EELEC  =    -90044.7075  EHBOND  =         0.0000  RESTRAINT  =       188.9094
 EAMBER (non-restraint)  =    -68833.1624
 ------------------------------------------------------------------------------

wrapping first mol.:       23.44381       33.15456       57.42537
wrapping first mol.:       23.44381       33.15456       57.42537

 NSTEP =    33000   TIME(PS) =     406.000  TEMP(K) =   299.31  PRESS =     0.0
 Etot   =    -54369.7036  EKtot   =     14160.1953  EPtot      =    -68529.8989
 BOND   =       469.9640  ANGLE   =      1190.8266  DIHED      =      1858.8226
 1-4 NB =       564.7207  1-4 EEL =      8917.7425  VDWAALS    =      8112.9860
 EELEC  =    -89855.1624  EHBOND  =         0.0000  RESTRAINT  =       210.2011
 EAMBER (non-restraint)  =    -68740.1001
 ------------------------------------------------------------------------------

wrapping first mol.:       23.44381       33.15456       57.42537
wrapping first mol.:       23.44381       33.15456       57.42537

 NSTEP =    33500   TIME(PS) =     407.000  TEMP(K) =   303.51  PRESS =     0.0
 Etot   =    -54178.2420  EKtot   =     14358.6494  EPtot      =    -68536.8914
 BOND   =       454.3625  ANGLE   =      1172.9172  DIHED      =      1889.9680
 1-4 NB =       567.1990  1-4 EEL =      8916.3977  VDWAALS    =      8274.4223
 EELEC  =    -90006.3663  EHBOND  =         0.0000  RESTRAINT  =       194.2082
 EAMBER (non-restraint)  =    -68731.0995
 ------------------------------------------------------------------------------

wrapping first mol.:       23.44381       33.15456       57.42537
wrapping first mol.:       23.44381       33.15456       57.42537

 NSTEP =    34000   TIME(PS) =     408.000  TEMP(K) =   296.26  PRESS =     0.0
 Etot   =    -54577.9163  EKtot   =     14015.7178  EPtot      =    -68593.6340
 BOND   =       430.2107  ANGLE   =      1225.2954  DIHED      =      1853.5543
 1-4 NB =       549.3734  1-4 EEL =      8919.4817  VDWAALS    =      7951.8708
 EELEC  =    -89731.1388  EHBOND  =         0.0000  RESTRAINT  =       207.7185
 EAMBER (non-restraint)  =    -68801.3525
 ------------------------------------------------------------------------------

wrapping first mol.:       23.44381       33.15456       57.42537
wrapping first mol.:       23.44381       33.15456       57.42537

 NSTEP =    34500   TIME(PS) =     409.000  TEMP(K) =   302.85  PRESS =     0.0
 Etot   =    -54094.0931  EKtot   =     14327.6895  EPtot      =    -68421.7826
 BOND   =       441.1435  ANGLE   =      1200.5201  DIHED      =      1870.9514
 1-4 NB =       561.4931  1-4 EEL =      8909.1505  VDWAALS    =      8025.6497
 EELEC  =    -89640.2073  EHBOND  =         0.0000  RESTRAINT  =       209.5165
 EAMBER (non-restraint)  =    -68631.2990
 ------------------------------------------------------------------------------

wrapping first mol.:       23.44381       33.15456       57.42537
wrapping first mol.:       23.44381       33.15456       57.42537

 NSTEP =    35000   TIME(PS) =     410.000  TEMP(K) =   297.71  PRESS =     0.0
 Etot   =    -54420.4408  EKtot   =     14084.4238  EPtot      =    -68504.8646
 BOND   =       421.7406  ANGLE   =      1235.3536  DIHED      =      1867.4766
 1-4 NB =       567.3730  1-4 EEL =      8910.7201  VDWAALS    =      8077.3709
 EELEC  =    -89786.9488  EHBOND  =         0.0000  RESTRAINT  =       202.0495
 EAMBER (non-restraint)  =    -68706.9140
 ------------------------------------------------------------------------------

wrapping first mol.:       23.44381       33.15456       57.42537
wrapping first mol.:       23.44381       33.15456       57.42537

 NSTEP =    35500   TIME(PS) =     411.000  TEMP(K) =   298.17  PRESS =     0.0
 Etot   =    -54495.1899  EKtot   =     14106.2441  EPtot      =    -68601.4340
 BOND   =       411.4357  ANGLE   =      1170.7684  DIHED      =      1866.7521
 1-4 NB =       539.2181  1-4 EEL =      8888.0326  VDWAALS    =      8263.6082
 EELEC  =    -89937.2024  EHBOND  =         0.0000  RESTRAINT  =       195.9533
 EAMBER (non-restraint)  =    -68797.3874
 ------------------------------------------------------------------------------

wrapping first mol.:       23.44381       33.15456       57.42537
wrapping first mol.:       23.44381       33.15456       57.42537

 NSTEP =    36000   TIME(PS) =     412.000  TEMP(K) =   300.21  PRESS =     0.0
 Etot   =    -54472.6146  EKtot   =     14202.7754  EPtot      =    -68675.3900
 BOND   =       442.6256  ANGLE   =      1207.8773  DIHED      =      1872.4546
 1-4 NB =       563.3864  1-4 EEL =      8906.5607  VDWAALS    =      8253.1572
 EELEC  =    -90126.6899  EHBOND  =         0.0000  RESTRAINT  =       205.2380
 EAMBER (non-restraint)  =    -68880.6280
 ------------------------------------------------------------------------------

wrapping first mol.:       23.44381       33.15456       57.42537
wrapping first mol.:       23.44381       33.15456       57.42537

 NSTEP =    36500   TIME(PS) =     413.000  TEMP(K) =   299.42  PRESS =     0.0
 Etot   =    -54446.8042  EKtot   =     14165.2373  EPtot      =    -68612.0415
 BOND   =       473.9392  ANGLE   =      1174.9163  DIHED      =      1872.8448
 1-4 NB =       577.7257  1-4 EEL =      8901.9207  VDWAALS    =      8340.7067
 EELEC  =    -90163.6694  EHBOND  =         0.0000  RESTRAINT  =       209.5745
 EAMBER (non-restraint)  =    -68821.6161
 ------------------------------------------------------------------------------

wrapping first mol.:       23.44381       33.15456       57.42537
wrapping first mol.:       23.44381       33.15456       57.42537

 NSTEP =    37000   TIME(PS) =     414.000  TEMP(K) =   299.51  PRESS =     0.0
 Etot   =    -54399.9361  EKtot   =     14169.5361  EPtot      =    -68569.4723
 BOND   =       411.7085  ANGLE   =      1211.1913  DIHED      =      1872.7177
 1-4 NB =       555.2002  1-4 EEL =      8901.3513  VDWAALS    =      8204.9956
 EELEC  =    -89922.8800  EHBOND  =         0.0000  RESTRAINT  =       196.2430
 EAMBER (non-restraint)  =    -68765.7153
 ------------------------------------------------------------------------------

wrapping first mol.:       23.44381       33.15456       57.42537
wrapping first mol.:       23.44381       33.15456       57.42537

 NSTEP =    37500   TIME(PS) =     415.000  TEMP(K) =   298.02  PRESS =     0.0
 Etot   =    -54469.9029  EKtot   =     14098.8975  EPtot      =    -68568.8004
 BOND   =       456.6349  ANGLE   =      1179.3401  DIHED      =      1873.4702
 1-4 NB =       566.6312  1-4 EEL =      8904.2339  VDWAALS    =      8097.4614
 EELEC  =    -89867.9876  EHBOND  =         0.0000  RESTRAINT  =       221.4155
 EAMBER (non-restraint)  =    -68790.2159
 ------------------------------------------------------------------------------

wrapping first mol.:       23.44381       33.15456       57.42537
wrapping first mol.:       23.44381       33.15456       57.42537

 NSTEP =    38000   TIME(PS) =     416.000  TEMP(K) =   298.35  PRESS =     0.0
 Etot   =    -54606.2254  EKtot   =     14114.7783  EPtot      =    -68721.0038
 BOND   =       437.5210  ANGLE   =      1199.9834  DIHED      =      1879.8629
 1-4 NB =       547.4514  1-4 EEL =      8909.3287  VDWAALS    =      8418.3924
 EELEC  =    -90313.9272  EHBOND  =         0.0000  RESTRAINT  =       200.3837
 EAMBER (non-restraint)  =    -68921.3874
 ------------------------------------------------------------------------------

wrapping first mol.:       23.44381       33.15456       57.42537
wrapping first mol.:       23.44381       33.15456       57.42537

 NSTEP =    38500   TIME(PS) =     417.000  TEMP(K) =   300.75  PRESS =     0.0
 Etot   =    -54415.2052  EKtot   =     14227.9785  EPtot      =    -68643.1838
 BOND   =       418.2508  ANGLE   =      1196.7702  DIHED      =      1854.0424
 1-4 NB =       553.1287  1-4 EEL =      8912.3732  VDWAALS    =      8270.7187
 EELEC  =    -90050.7332  EHBOND  =         0.0000  RESTRAINT  =       202.2655
 EAMBER (non-restraint)  =    -68845.4492
 ------------------------------------------------------------------------------

wrapping first mol.:       23.44381       33.15456       57.42537
wrapping first mol.:       23.44381       33.15456       57.42537

 NSTEP =    39000   TIME(PS) =     418.000  TEMP(K) =   299.25  PRESS =     0.0
 Etot   =    -54450.1369  EKtot   =     14157.0449  EPtot      =    -68607.1819
 BOND   =       453.7717  ANGLE   =      1195.4237  DIHED      =      1879.7926
 1-4 NB =       562.4073  1-4 EEL =      8900.9558  VDWAALS    =      8195.5863
 EELEC  =    -89998.6153  EHBOND  =         0.0000  RESTRAINT  =       203.4960
 EAMBER (non-restraint)  =    -68810.6779
 ------------------------------------------------------------------------------

wrapping first mol.:       23.44381       33.15456       57.42537
wrapping first mol.:       23.44381       33.15456       57.42537

 NSTEP =    39500   TIME(PS) =     419.000  TEMP(K) =   300.34  PRESS =     0.0
 Etot   =    -54353.0152  EKtot   =     14208.9287  EPtot      =    -68561.9439
 BOND   =       423.6605  ANGLE   =      1201.6243  DIHED      =      1851.8042
 1-4 NB =       560.2546  1-4 EEL =      8922.9947  VDWAALS    =      8321.7780
 EELEC  =    -90048.8298  EHBOND  =         0.0000  RESTRAINT  =       204.7697
 EAMBER (non-restraint)  =    -68766.7136
 ------------------------------------------------------------------------------

wrapping first mol.:       23.44381       33.15456       57.42537
wrapping first mol.:       23.44381       33.15456       57.42537

 NSTEP =    40000   TIME(PS) =     420.000  TEMP(K) =   298.44  PRESS =     0.0
 Etot   =    -54523.1093  EKtot   =     14118.7969  EPtot      =    -68641.9062
 BOND   =       431.5220  ANGLE   =      1224.3967  DIHED      =      1848.4916
 1-4 NB =       566.3315  1-4 EEL =      8886.9222  VDWAALS    =      7964.7846
 EELEC  =    -89773.5544  EHBOND  =         0.0000  RESTRAINT  =       209.1996
 EAMBER (non-restraint)  =    -68851.1058
 ------------------------------------------------------------------------------

wrapping first mol.:       23.44381       33.15456       57.42537
wrapping first mol.:       23.44381       33.15456       57.42537

 NSTEP =    40500   TIME(PS) =     421.000  TEMP(K) =   297.41  PRESS =     0.0
 Etot   =    -54404.8512  EKtot   =     14070.4043  EPtot      =    -68475.2555
 BOND   =       444.9816  ANGLE   =      1187.3234  DIHED      =      1849.5108
 1-4 NB =       566.7900  1-4 EEL =      8932.2375  VDWAALS    =      8112.8063
 EELEC  =    -89771.0113  EHBOND  =         0.0000  RESTRAINT  =       202.1063
 EAMBER (non-restraint)  =    -68677.3617
 ------------------------------------------------------------------------------

wrapping first mol.:       23.44381       33.15456       57.42537
wrapping first mol.:       23.44381       33.15456       57.42537

 NSTEP =    41000   TIME(PS) =     422.000  TEMP(K) =   296.70  PRESS =     0.0
 Etot   =    -54294.5210  EKtot   =     14036.4814  EPtot      =    -68331.0024
 BOND   =       472.8097  ANGLE   =      1149.1681  DIHED      =      1859.6391
 1-4 NB =       559.2515  1-4 EEL =      8915.8475  VDWAALS    =      8188.9581
 EELEC  =    -89708.3628  EHBOND  =         0.0000  RESTRAINT  =       231.6864
 EAMBER (non-restraint)  =    -68562.6889
 ------------------------------------------------------------------------------

wrapping first mol.:       23.44381       33.15456       57.42537
wrapping first mol.:       23.44381       33.15456       57.42537

 NSTEP =    41500   TIME(PS) =     423.000  TEMP(K) =   297.42  PRESS =     0.0
 Etot   =    -54409.3114  EKtot   =     14070.5322  EPtot      =    -68479.8436
 BOND   =       418.3016  ANGLE   =      1210.7135  DIHED      =      1873.7509
 1-4 NB =       565.4161  1-4 EEL =      8930.0741  VDWAALS    =      8020.6515
 EELEC  =    -89726.5039  EHBOND  =         0.0000  RESTRAINT  =       227.7526
 EAMBER (non-restraint)  =    -68707.5962
 ------------------------------------------------------------------------------

wrapping first mol.:       23.44381       33.15456       57.42537
wrapping first mol.:       23.44381       33.15456       57.42537

 NSTEP =    42000   TIME(PS) =     424.000  TEMP(K) =   297.58  PRESS =     0.0
 Etot   =    -54588.6791  EKtot   =     14078.0234  EPtot      =    -68666.7026
 BOND   =       418.7991  ANGLE   =      1197.6927  DIHED      =      1877.5405
 1-4 NB =       553.3943  1-4 EEL =      8878.5291  VDWAALS    =      8129.8810
 EELEC  =    -89922.7031  EHBOND  =         0.0000  RESTRAINT  =       200.1639
 EAMBER (non-restraint)  =    -68866.8665
 ------------------------------------------------------------------------------

wrapping first mol.:       23.44381       33.15456       57.42537
wrapping first mol.:       23.44381       33.15456       57.42537

 NSTEP =    42500   TIME(PS) =     425.000  TEMP(K) =   298.94  PRESS =     0.0
 Etot   =    -54566.1803  EKtot   =     14142.7305  EPtot      =    -68708.9108
 BOND   =       437.0747  ANGLE   =      1209.5275  DIHED      =      1874.9391
 1-4 NB =       560.0515  1-4 EEL =      8918.0591  VDWAALS    =      8305.1288
 EELEC  =    -90232.5242  EHBOND  =         0.0000  RESTRAINT  =       218.8327
 EAMBER (non-restraint)  =    -68927.7435
 ------------------------------------------------------------------------------

wrapping first mol.:       23.44381       33.15456       57.42537
wrapping first mol.:       23.44381       33.15456       57.42537

 NSTEP =    43000   TIME(PS) =     426.000  TEMP(K) =   300.81  PRESS =     0.0
 Etot   =    -54473.3350  EKtot   =     14231.0869  EPtot      =    -68704.4219
 BOND   =       472.9077  ANGLE   =      1164.5810  DIHED      =      1859.6901
 1-4 NB =       560.8047  1-4 EEL =      8896.6571  VDWAALS    =      8138.0021
 EELEC  =    -89994.6680  EHBOND  =         0.0000  RESTRAINT  =       197.6034
 EAMBER (non-restraint)  =    -68902.0254
 ------------------------------------------------------------------------------

wrapping first mol.:       23.44381       33.15456       57.42537
wrapping first mol.:       23.44381       33.15456       57.42537

 NSTEP =    43500   TIME(PS) =     427.000  TEMP(K) =   298.72  PRESS =     0.0
 Etot   =    -54476.0287  EKtot   =     14132.2832  EPtot      =    -68608.3119
 BOND   =       413.0824  ANGLE   =      1174.8497  DIHED      =      1868.3762
 1-4 NB =       564.5003  1-4 EEL =      8940.2998  VDWAALS    =      8133.8068
 EELEC  =    -89902.2527  EHBOND  =         0.0000  RESTRAINT  =       199.0256
 EAMBER (non-restraint)  =    -68807.3375
 ------------------------------------------------------------------------------

wrapping first mol.:       23.44381       33.15456       57.42537
wrapping first mol.:       23.44381       33.15456       57.42537

 NSTEP =    44000   TIME(PS) =     428.000  TEMP(K) =   297.70  PRESS =     0.0
 Etot   =    -54533.0492  EKtot   =     14083.9229  EPtot      =    -68616.9721
 BOND   =       459.9370  ANGLE   =      1200.8847  DIHED      =      1844.4097
 1-4 NB =       561.2383  1-4 EEL =      8893.8674  VDWAALS    =      8161.6232
 EELEC  =    -89963.5883  EHBOND  =         0.0000  RESTRAINT  =       224.6558
 EAMBER (non-restraint)  =    -68841.6279
 ------------------------------------------------------------------------------

wrapping first mol.:       23.44381       33.15456       57.42537
wrapping first mol.:       23.44381       33.15456       57.42537

 NSTEP =    44500   TIME(PS) =     429.000  TEMP(K) =   298.18  PRESS =     0.0
 Etot   =    -54550.7611  EKtot   =     14106.5107  EPtot      =    -68657.2718
 BOND   =       390.6706  ANGLE   =      1222.6668  DIHED      =      1863.4103
 1-4 NB =       554.7876  1-4 EEL =      8942.1928  VDWAALS    =      8235.0977
 EELEC  =    -90072.0499  EHBOND  =         0.0000  RESTRAINT  =       205.9523
 EAMBER (non-restraint)  =    -68863.2241
 ------------------------------------------------------------------------------

wrapping first mol.:       23.44381       33.15456       57.42537
wrapping first mol.:       23.44381       33.15456       57.42537

 NSTEP =    45000   TIME(PS) =     430.000  TEMP(K) =   300.21  PRESS =     0.0
 Etot   =    -54521.7465  EKtot   =     14202.6621  EPtot      =    -68724.4086
 BOND   =       423.1915  ANGLE   =      1182.3718  DIHED      =      1889.0978
 1-4 NB =       550.5762  1-4 EEL =      8872.5245  VDWAALS    =      8077.1459
 EELEC  =    -89919.4646  EHBOND  =         0.0000  RESTRAINT  =       200.1484
 EAMBER (non-restraint)  =    -68924.5570
 ------------------------------------------------------------------------------

wrapping first mol.:       23.44381       33.15456       57.42537
wrapping first mol.:       23.44381       33.15456       57.42537

 NSTEP =    45500   TIME(PS) =     431.000  TEMP(K) =   301.51  PRESS =     0.0
 Etot   =    -54396.0615  EKtot   =     14263.9756  EPtot      =    -68660.0371
 BOND   =       447.2296  ANGLE   =      1180.2180  DIHED      =      1873.3289
 1-4 NB =       555.9811  1-4 EEL =      8934.5105  VDWAALS    =      8318.1921
 EELEC  =    -90174.7655  EHBOND  =         0.0000  RESTRAINT  =       205.2682
 EAMBER (non-restraint)  =    -68865.3053
 ------------------------------------------------------------------------------

wrapping first mol.:       23.44381       33.15456       57.42537
wrapping first mol.:       23.44381       33.15456       57.42537

 NSTEP =    46000   TIME(PS) =     432.000  TEMP(K) =   297.64  PRESS =     0.0
 Etot   =    -54538.2254  EKtot   =     14081.0127  EPtot      =    -68619.2381
 BOND   =       413.6930  ANGLE   =      1204.8472  DIHED      =      1861.8796
 1-4 NB =       563.0109  1-4 EEL =      8905.5732  VDWAALS    =      8393.3228
 EELEC  =    -90153.2249  EHBOND  =         0.0000  RESTRAINT  =       191.6601
 EAMBER (non-restraint)  =    -68810.8983
 ------------------------------------------------------------------------------

wrapping first mol.:       23.44381       33.15456       57.42537
wrapping first mol.:       23.44381       33.15456       57.42537

 NSTEP =    46500   TIME(PS) =     433.000  TEMP(K) =   297.30  PRESS =     0.0
 Etot   =    -54630.6309  EKtot   =     14065.1914  EPtot      =    -68695.8223
 BOND   =       444.3516  ANGLE   =      1179.3373  DIHED      =      1876.3472
 1-4 NB =       556.1831  1-4 EEL =      8916.7824  VDWAALS    =      8153.1639
 EELEC  =    -90050.0614  EHBOND  =         0.0000  RESTRAINT  =       228.0736
 EAMBER (non-restraint)  =    -68923.8959
 ------------------------------------------------------------------------------

wrapping first mol.:       23.44381       33.15456       57.42537
wrapping first mol.:       23.44381       33.15456       57.42537

 NSTEP =    47000   TIME(PS) =     434.000  TEMP(K) =   298.08  PRESS =     0.0
 Etot   =    -54501.4910  EKtot   =     14101.7227  EPtot      =    -68603.2137
 BOND   =       428.1594  ANGLE   =      1251.6959  DIHED      =      1888.9160
 1-4 NB =       567.9241  1-4 EEL =      8905.1344  VDWAALS    =      8438.1155
 EELEC  =    -90298.5525  EHBOND  =         0.0000  RESTRAINT  =       215.3934
 EAMBER (non-restraint)  =    -68818.6071
 ------------------------------------------------------------------------------

wrapping first mol.:       23.44381       33.15456       57.42537
wrapping first mol.:       23.44381       33.15456       57.42537

 NSTEP =    47500   TIME(PS) =     435.000  TEMP(K) =   298.09  PRESS =     0.0
 Etot   =    -54564.7594  EKtot   =     14102.5918  EPtot      =    -68667.3512
 BOND   =       454.7241  ANGLE   =      1205.8835  DIHED      =      1860.4911
 1-4 NB =       543.2155  1-4 EEL =      8927.2754  VDWAALS    =      8224.3278
 EELEC  =    -90080.5530  EHBOND  =         0.0000  RESTRAINT  =       197.2844
 EAMBER (non-restraint)  =    -68864.6355
 ------------------------------------------------------------------------------

wrapping first mol.:       23.44381       33.15456       57.42537
wrapping first mol.:       23.44381       33.15456       57.42537

 NSTEP =    48000   TIME(PS) =     436.000  TEMP(K) =   298.59  PRESS =     0.0
 Etot   =    -54132.6934  EKtot   =     14125.8945  EPtot      =    -68258.5879
 BOND   =       451.3344  ANGLE   =      1202.6806  DIHED      =      1851.3050
 1-4 NB =       552.6964  1-4 EEL =      8894.3624  VDWAALS    =      7907.8339
 EELEC  =    -89333.5315  EHBOND  =         0.0000  RESTRAINT  =       214.7309
 EAMBER (non-restraint)  =    -68473.3188
 ------------------------------------------------------------------------------

wrapping first mol.:       23.44381       33.15456       57.42537
wrapping first mol.:       23.44381       33.15456       57.42537

 NSTEP =    48500   TIME(PS) =     437.000  TEMP(K) =   297.01  PRESS =     0.0
 Etot   =    -54513.8840  EKtot   =     14051.1338  EPtot      =    -68565.0178
 BOND   =       445.2009  ANGLE   =      1199.0023  DIHED      =      1877.9537
 1-4 NB =       559.3440  1-4 EEL =      8921.9029  VDWAALS    =      7929.9775
 EELEC  =    -89714.1814  EHBOND  =         0.0000  RESTRAINT  =       215.7824
 EAMBER (non-restraint)  =    -68780.8001
 ------------------------------------------------------------------------------

wrapping first mol.:       23.44381       33.15456       57.42537
wrapping first mol.:       23.44381       33.15456       57.42537

 NSTEP =    49000   TIME(PS) =     438.000  TEMP(K) =   298.63  PRESS =     0.0
 Etot   =    -54394.8183  EKtot   =     14128.0918  EPtot      =    -68522.9101
 BOND   =       436.7125  ANGLE   =      1204.6640  DIHED      =      1852.5670
 1-4 NB =       562.8216  1-4 EEL =      8915.3241  VDWAALS    =      8309.6598
 EELEC  =    -90011.2826  EHBOND  =         0.0000  RESTRAINT  =       206.6234
 EAMBER (non-restraint)  =    -68729.5335
 ------------------------------------------------------------------------------

wrapping first mol.:       23.44381       33.15456       57.42537
wrapping first mol.:       23.44381       33.15456       57.42537

 NSTEP =    49500   TIME(PS) =     439.000  TEMP(K) =   299.68  PRESS =     0.0
 Etot   =    -54402.6280  EKtot   =     14177.5107  EPtot      =    -68580.1388
 BOND   =       435.5169  ANGLE   =      1188.8904  DIHED      =      1882.7345
 1-4 NB =       559.3893  1-4 EEL =      8915.4626  VDWAALS    =      8201.7193
 EELEC  =    -89986.5338  EHBOND  =         0.0000  RESTRAINT  =       222.6821
 EAMBER (non-restraint)  =    -68802.8209
 ------------------------------------------------------------------------------

wrapping first mol.:       23.44381       33.15456       57.42537
wrapping first mol.:       23.44381       33.15456       57.42537

 NSTEP =    50000   TIME(PS) =     440.000  TEMP(K) =   298.89  PRESS =     0.0
 Etot   =    -54359.7688  EKtot   =     14139.9844  EPtot      =    -68499.7532
 BOND   =       436.4215  ANGLE   =      1188.8852  DIHED      =      1869.9078
 1-4 NB =       576.5597  1-4 EEL =      8940.8430  VDWAALS    =      8113.6112
 EELEC  =    -89825.3991  EHBOND  =         0.0000  RESTRAINT  =       199.4177
 EAMBER (non-restraint)  =    -68699.1708
 ------------------------------------------------------------------------------


      A V E R A G E S   O V E R     100 S T E P S


 NSTEP =    50000   TIME(PS) =     440.000  TEMP(K) =   299.71  PRESS =     0.0
 Etot   =    -54406.5871  EKtot   =     14178.8091  EPtot      =    -68585.3963
 BOND   =       439.5416  ANGLE   =      1190.4077  DIHED      =      1872.3323
 1-4 NB =       560.6031  1-4 EEL =      8915.6185  VDWAALS    =      8178.8323
 EELEC  =    -89948.9805  EHBOND  =         0.0000  RESTRAINT  =       206.2488
 EAMBER (non-restraint)  =    -68791.6450
 ------------------------------------------------------------------------------


      R M S  F L U C T U A T I O N S


 NSTEP =    50000   TIME(PS) =     440.000  TEMP(K) =     1.91  PRESS =     0.0
 Etot   =       138.8276  EKtot   =        90.3268  EPtot      =       116.2546
 BOND   =        18.6509  ANGLE   =        26.0504  DIHED      =        13.6912
 1-4 NB =         7.8938  1-4 EEL =        19.7900  VDWAALS    =       116.1269
 EELEC  =       181.4706  EHBOND  =         0.0000  RESTRAINT  =         8.9963
 EAMBER (non-restraint)  =       107.2583
 ------------------------------------------------------------------------------

--------------------------------------------------------------------------------
   5.  TIMINGS
--------------------------------------------------------------------------------

|  NonSetup CPU Time in Major Routines:
|
|     Routine           Sec        %
|     ------------------------------
|     Nonbond           3.34    3.25
|     Bond              0.00    0.00
|     Angle             0.00    0.00
|     Dihedral          0.00    0.00
|     Shake             0.23    0.22
|     RunMD            99.08   96.46
|     Other             0.07    0.07
|     ------------------------------
|     Total           102.71

|  PME Nonbond Pairlist CPU Time:
|
|     Routine              Sec        %
|     ---------------------------------
|     Set Up Cit           0.00    0.00
|     Build List           0.00    0.00
|     ---------------------------------
|     Total                0.00    0.00

|  PME Direct Force CPU Time:
|
|     Routine              Sec        %
|     ---------------------------------
|     NonBonded Calc       0.00    0.00
|     Exclude Masked       0.00    0.00
|     Other                0.04    0.04
|     ---------------------------------
|     Total                0.04    0.04

|  PME Reciprocal Force CPU Time:
|
|     Routine              Sec        %
|     ---------------------------------
|     1D bspline           0.00    0.00
|     Grid Charges         0.00    0.00
|     Scalar Sum           0.00    0.00
|     Gradient Sum         0.00    0.00
|     FFT                  0.00    0.00
|     ---------------------------------
|     Total                0.00    0.00

|  Final Performance Info:
|     -----------------------------------------------------
|     Average timings for last   20500 steps:
|     Elapsed(s) =      42.14 Per Step(ms) =       2.06
|         ns/day =      84.06   seconds/ns =    1027.88
|
|     Average timings for all steps:
|     Elapsed(s) =     102.74 Per Step(ms) =       2.05
|         ns/day =      84.10   seconds/ns =    1027.38
|     -----------------------------------------------------

|  Setup CPU time:            0.49 seconds
|  NonSetup CPU time:       102.71 seconds
|  Total CPU time:          103.20 seconds     0.03 hours

|  Setup wall time:           1    seconds
|  NonSetup wall time:      102    seconds
|  Total wall time:         103    seconds     0.03 hours
