
          -------------------------------------------------------
          Amber 16 PMEMD                              2016
          -------------------------------------------------------

| PMEMD implementation of SANDER, Release 16

| Run on 05/03/2018 at 21:25:05

|   Executable path: pmemd
| Working directory: /home/german/lbp/run/1ael/mhe/m
|          Hostname: Unknown
  [-O]verwriting output

File Assignments:
|   MDIN: mmin.in                                                               
|  MDOUT: mmin.out                                                              
| INPCRD: m1ael.rst7                                                            
|   PARM: /home/german/lbp/top_files/1ael.prmtop                                
| RESTRT: mm1ael.rst7                                                           
|   REFC: 1ael.rst7                                                             
|  MDVEL: mdvel                                                                 
|   MDEN: mden                                                                  
|  MDCRD: mdcrd                                                                 
| MDINFO: mdinfo                                                                
|  MDFRC: mdfrc                                                                 


 Here is the input file:

Minimization with Cartesian restraints                                         
&cntrl                                                                         
imin=1,                                                                        
ntmin=1,                                ! Steepest Descent, then Conjugate Grad
ncyc=100,                               ! 100 steps of Steepest Descent        
maxcyc=500,                             ! 400 steps of Conjugate Gradient      
ntpr=5,                                                                        
&end                                                                           


Note: ig = -1. Setting random seed to    91734 based on wallclock time in 
      microseconds.
 
 
| Conditional Compilation Defines Used:
| PUBFFT
| BINTRAJ
| EMIL

| Largest sphere to fit in unit cell has radius =    25.380

| New format PARM file being parsed.
| Version =    1.000 Date = 05/03/18 Time = 17:00:29

| Note: 1-4 EEL scale factors are being read from the topology file.

| Note: 1-4 VDW scale factors are being read from the topology file.
| Duplicated    0 dihedrals

| Duplicated    0 dihedrals

--------------------------------------------------------------------------------
   1.  RESOURCE   USE: 
--------------------------------------------------------------------------------

 getting box info from netcdf restart file
 NATOM  =   15874 NTYPES =      16 NBONH =   14817 MBONA  =    1073
 NTHETH =    2406 MTHETA =    1438 NPHIH =    4850 MPHIA  =    4505
 NHPARM =       0 NPARM  =       0 NNB   =   29979 NRES   =    4718
 NBONA  =    1073 NTHETA =    1438 NPHIA =    4505 NUMBND =      63
 NUMANG =     141 NPTRA  =     178 NATYP =      33 NPHB   =       1
 IFBOX  =       2 NMXRS  =      24 IFCAP =       0 NEXTRA =       0
 NCOPY  =       0

| Coordinate Index Table dimensions:    12   12   12
| Direct force subcell size =     5.1808    5.1808    5.1808

     BOX TYPE: TRUNCATED OCTAHEDRON

--------------------------------------------------------------------------------
   2.  CONTROL  DATA  FOR  THE  RUN
--------------------------------------------------------------------------------

default_name                                                                    

General flags:
     imin    =       1, nmropt  =       0

Nature and format of input:
     ntx     =       1, irest   =       0, ntrx    =       1

Nature and format of output:
     ntxo    =       2, ntpr    =       5, ntrx    =       1, ntwr    =       1
     iwrap   =       0, ntwx    =       0, ntwv    =       0, ntwe    =       0
     ioutfm  =       1, ntwprt  =       0, idecomp =       0, rbornstat=      0

Potential function:
     ntf     =       1, ntb     =       1, igb     =       0, nsnb    =      25
     ipol    =       0, gbsa    =       0, iesp    =       0
     dielc   =   1.00000, cut     =   8.00000, intdiel =   1.00000

Frozen or restrained atoms:
     ibelly  =       0, ntr     =       0

Energy minimization:
     maxcyc  =     500, ncyc    =     100, ntmin   =       1
     dx0     =   0.01000, drms    =   0.00010

| Intermolecular bonds treatment:
|     no_intermolecular_bonds =       1

| Energy averages sample interval:
|     ene_avg_sampling =       1

Ewald parameters:
     verbose =       0, ew_type =       0, nbflag  =       1, use_pme =       1
     vdwmeth =       1, eedmeth =       1, netfrc  =       0
     Box X =   62.169   Box Y =   62.169   Box Z =   62.169
     Alpha =  109.471   Beta  =  109.471   Gamma =  109.471
     NFFT1 =   64       NFFT2 =   64       NFFT3 =   64
     Cutoff=    8.000   Tol   =0.100E-04
     Ewald Coefficient =  0.34864
     Interpolation order =    4

--------------------------------------------------------------------------------
   3.  ATOMIC COORDINATES AND VELOCITIES
--------------------------------------------------------------------------------

default_name                                                                    
 begin time read from input coords =     0.000 ps

 
 Number of triangulated 3-point waters found:     4587

     Sum of charges from parm topology file =  -0.00000004
     Forcing neutrality...

| Dynamic Memory, Types Used:
| Reals              474398
| Integers           540773

| Nonbonded Pairs Initial Allocation:     2651354

--------------------------------------------------------------------------------
   4.  RESULTS
--------------------------------------------------------------------------------

 ---------------------------------------------------
 APPROXIMATING switch and d/dx switch using CUBIC SPLINE INTERPOLATION
 using   5000.0 points per unit in tabled values
 TESTING RELATIVE ERROR over r ranging from 0.0 to cutoff
| CHECK switch(x): max rel err =   0.2738E-14   at   2.422500
| CHECK d/dx switch(x): max rel err =   0.8332E-11   at   2.782960
 ---------------------------------------------------
|---------------------------------------------------
| APPROXIMATING direct energy using CUBIC SPLINE INTERPOLATION
|  with   50.0 points per unit in tabled values
| Relative Error Limit not exceeded for r .gt.   2.47
| APPROXIMATING direct force using CUBIC SPLINE INTERPOLATION
|  with   50.0 points per unit in tabled values
| Relative Error Limit not exceeded for r .gt.   2.89
|---------------------------------------------------


   NSTEP       ENERGY          RMS            GMAX         NAME    NUMBER
      1      -5.6070E+04     1.1288E+00     4.5012E+01     C        2111

 BOND    =     4051.4429  ANGLE   =      424.0856  DIHED      =     1790.7152
 VDWAALS =     9058.5475  EEL     =   -78012.9039  HBOND      =        0.0000
 1-4 VDW =      654.8894  1-4 EEL =     5963.2181  RESTRAINT  =        0.0000


   NSTEP       ENERGY          RMS            GMAX         NAME    NUMBER
      5      -5.6084E+04     8.8376E-01     1.8288E+01     C        2111

 BOND    =     4047.0415  ANGLE   =      423.9188  DIHED      =     1791.4152
 VDWAALS =     9052.1740  EEL     =   -78013.7712  HBOND      =        0.0000
 1-4 VDW =      653.8572  1-4 EEL =     5961.5785  RESTRAINT  =        0.0000


   NSTEP       ENERGY          RMS            GMAX         NAME    NUMBER
     10      -5.6116E+04     7.6447E-01     1.1399E+01     HG1        63

 BOND    =     4046.1644  ANGLE   =      425.1125  DIHED      =     1793.5967
 VDWAALS =     9034.2162  EEL     =   -78022.2935  HBOND      =        0.0000
 1-4 VDW =      650.4091  1-4 EEL =     5956.5102  RESTRAINT  =        0.0000


   NSTEP       ENERGY          RMS            GMAX         NAME    NUMBER
     15      -5.6188E+04     6.7724E-01     1.0290E+01     H        1569

 BOND    =     4047.8671  ANGLE   =      429.1105  DIHED      =     1797.3496
 VDWAALS =     8997.6664  EEL     =   -78046.9269  HBOND      =        0.0000
 1-4 VDW =      641.5375  1-4 EEL =     5945.3237  RESTRAINT  =        0.0000


   NSTEP       ENERGY          RMS            GMAX         NAME    NUMBER
     20      -5.6342E+04     6.3552E-01     1.3930E+01     CD       1710

 BOND    =     4051.4809  ANGLE   =      431.8838  DIHED      =     1801.1724
 VDWAALS =     8937.3987  EEL     =   -78108.6376  HBOND      =        0.0000
 1-4 VDW =      620.2291  1-4 EEL =     5924.3101  RESTRAINT  =        0.0000


   NSTEP       ENERGY          RMS            GMAX         NAME    NUMBER
     25      -5.6415E+04     8.3863E-01     2.4849E+01     C        2111

 BOND    =     4057.8778  ANGLE   =      430.5451  DIHED      =     1801.8678
 VDWAALS =     8914.9850  EEL     =   -78145.8775  HBOND      =        0.0000
 1-4 VDW =      609.6958  1-4 EEL =     5915.8545  RESTRAINT  =        0.0000


   NSTEP       ENERGY          RMS            GMAX         NAME    NUMBER
     30      -5.6464E+04     7.7231E-01     1.6421E+01     CD       1710

 BOND    =     4058.5839  ANGLE   =      429.3425  DIHED      =     1802.0473
 VDWAALS =     8902.4814  EEL     =   -78169.7101  HBOND      =        0.0000
 1-4 VDW =      603.0960  1-4 EEL =     5910.3371  RESTRAINT  =        0.0000


   NSTEP       ENERGY          RMS            GMAX         NAME    NUMBER
     35      -5.6511E+04     8.0800E-01     1.3729E+01     CG       1759

 BOND    =     4060.7423  ANGLE   =      428.0927  DIHED      =     1802.0970
 VDWAALS =     8891.2150  EEL     =   -78194.7216  HBOND      =        0.0000
 1-4 VDW =      596.7029  1-4 EEL =     5905.0630  RESTRAINT  =        0.0000


   NSTEP       ENERGY          RMS            GMAX         NAME    NUMBER
     40      -5.6548E+04     1.2716E+00     2.4028E+01     CG       1759

 BOND    =     4070.3744  ANGLE   =      426.8227  DIHED      =     1802.0083
 VDWAALS =     8881.7512  EEL     =   -78220.2170  HBOND      =        0.0000
 1-4 VDW =      590.8963  1-4 EEL =     5900.4386  RESTRAINT  =        0.0000


   NSTEP       ENERGY          RMS            GMAX         NAME    NUMBER
     45      -5.6590E+04     1.2944E+00     2.7094E+01     CG       1759

 BOND    =     4072.4360  ANGLE   =      425.6251  DIHED      =     1801.8865
 VDWAALS =     8873.4001  EEL     =   -78244.9682  HBOND      =        0.0000
 1-4 VDW =      585.3454  1-4 EEL =     5895.8027  RESTRAINT  =        0.0000


   NSTEP       ENERGY          RMS            GMAX         NAME    NUMBER
     50      -5.6631E+04     1.3825E+00     3.2801E+01     CG       1759

 BOND    =     4076.0818  ANGLE   =      424.4323  DIHED      =     1801.6889
 VDWAALS =     8865.9990  EEL     =   -78270.4113  HBOND      =        0.0000
 1-4 VDW =      580.0423  1-4 EEL =     5891.4022  RESTRAINT  =        0.0000


   NSTEP       ENERGY          RMS            GMAX         NAME    NUMBER
     55      -5.6667E+04     1.5315E+00     3.9534E+01     CG       1759

 BOND    =     4081.2219  ANGLE   =      423.3478  DIHED      =     1801.4468
 VDWAALS =     8859.7932  EEL     =   -78295.2002  HBOND      =        0.0000
 1-4 VDW =      575.2034  1-4 EEL =     5887.3338  RESTRAINT  =        0.0000


   NSTEP       ENERGY          RMS            GMAX         NAME    NUMBER
     60      -5.6701E+04     1.4469E+00     3.5596E+01     CG       1759

 BOND    =     4080.6718  ANGLE   =      422.3669  DIHED      =     1801.2319
 VDWAALS =     8855.2875  EEL     =   -78315.4074  HBOND      =        0.0000
 1-4 VDW =      571.3255  1-4 EEL =     5883.8637  RESTRAINT  =        0.0000


   NSTEP       ENERGY          RMS            GMAX         NAME    NUMBER
     65      -5.6736E+04     1.4822E+00     4.0146E+01     CG       1759

 BOND    =     4083.2703  ANGLE   =      421.3100  DIHED      =     1800.9414
 VDWAALS =     8850.6252  EEL     =   -78339.6330  HBOND      =        0.0000
 1-4 VDW =      567.0085  1-4 EEL =     5880.0940  RESTRAINT  =        0.0000


   NSTEP       ENERGY          RMS            GMAX         NAME    NUMBER
     70      -5.6782E+04     4.6184E-01     8.3358E+00     OE2       841

 BOND    =     4066.5887  ANGLE   =      420.8469  DIHED      =     1800.7851
 VDWAALS =     8847.0462  EEL     =   -78356.6480  HBOND      =        0.0000
 1-4 VDW =      563.2672  1-4 EEL =     5875.8869  RESTRAINT  =        0.0000


   NSTEP       ENERGY          RMS            GMAX         NAME    NUMBER
     75      -5.6797E+04     1.6183E+00     4.7308E+01     CG       1759

 BOND    =     4089.8159  ANGLE   =      419.4888  DIHED      =     1800.3423
 VDWAALS =     8843.6865  EEL     =   -78383.7131  HBOND      =        0.0000
 1-4 VDW =      559.6850  1-4 EEL =     5873.4843  RESTRAINT  =        0.0000


   NSTEP       ENERGY          RMS            GMAX         NAME    NUMBER
     80      -5.6828E+04     1.6778E+00     5.4215E+01     CG       1759

 BOND    =     4093.0144  ANGLE   =      418.6596  DIHED      =     1799.9969
 VDWAALS =     8840.7801  EEL     =   -78406.7663  HBOND      =        0.0000
 1-4 VDW =      556.1079  1-4 EEL =     5870.2299  RESTRAINT  =        0.0000


   NSTEP       ENERGY          RMS            GMAX         NAME    NUMBER
     85      -5.6877E+04     5.0524E-01     1.4173E+01     CG        931

 BOND    =     4071.4427  ANGLE   =      418.1918  DIHED      =     1799.8084
 VDWAALS =     8838.3341  EEL     =   -78423.2005  HBOND      =        0.0000
 1-4 VDW =      552.6938  1-4 EEL =     5865.8112  RESTRAINT  =        0.0000


   NSTEP       ENERGY          RMS            GMAX         NAME    NUMBER
     90      -5.6903E+04     4.1227E-01     8.3093E+00     OE1       840

 BOND    =     4072.8129  ANGLE   =      417.2449  DIHED      =     1799.4891
 VDWAALS =     8836.5932  EEL     =   -78442.0671  HBOND      =        0.0000
 1-4 VDW =      550.0388  1-4 EEL =     5863.3532  RESTRAINT  =        0.0000


   NSTEP       ENERGY          RMS            GMAX         NAME    NUMBER
     95      -5.6931E+04     4.0450E-01     8.2702E+00     OE1       840

 BOND    =     4074.4294  ANGLE   =      416.4107  DIHED      =     1799.1186
 VDWAALS =     8834.8167  EEL     =   -78463.5786  HBOND      =        0.0000
 1-4 VDW =      547.0223  1-4 EEL =     5860.3729  RESTRAINT  =        0.0000


   NSTEP       ENERGY          RMS            GMAX         NAME    NUMBER
    100      -5.6960E+04     4.0469E-01     8.2001E+00     OE1       840

 BOND    =     4076.0498  ANGLE   =      415.6210  DIHED      =     1798.7294
 VDWAALS =     8833.3243  EEL     =   -78485.2732  HBOND      =        0.0000
 1-4 VDW =      544.0885  1-4 EEL =     5857.4161  RESTRAINT  =        0.0000


   NSTEP       ENERGY          RMS            GMAX         NAME    NUMBER
    105      -5.7023E+04     4.6598E-01     1.9337E+01     CG        931

 BOND    =     4080.1806  ANGLE   =      414.2274  DIHED      =     1797.8972
 VDWAALS =     8830.9091  EEL     =   -78534.3271  HBOND      =        0.0000
 1-4 VDW =      537.7119  1-4 EEL =     5850.8442  RESTRAINT  =        0.0000


   NSTEP       ENERGY          RMS            GMAX         NAME    NUMBER
    110      -5.7519E+04     2.0679E+00     1.5786E+02     CD        839

 BOND    =     4208.6033  ANGLE   =      448.7318  DIHED      =     1806.1564
 VDWAALS =     8928.2955  EEL     =   -79131.8170  HBOND      =        0.0000
 1-4 VDW =      461.4960  1-4 EEL =     5759.5752  RESTRAINT  =        0.0000


   NSTEP       ENERGY          RMS            GMAX         NAME    NUMBER
    115      -5.7713E+04     1.4061E+00     1.1269E+02     CD        839

 BOND    =     4234.2524  ANGLE   =      535.7551  DIHED      =     1824.7286
 VDWAALS =     8995.1903  EEL     =   -79432.7026  HBOND      =        0.0000
 1-4 VDW =      435.8206  1-4 EEL =     5693.6938  RESTRAINT  =        0.0000


   NSTEP       ENERGY          RMS            GMAX         NAME    NUMBER
    120      -5.7795E+04     1.3535E+00     1.1261E+02     CD        839

 BOND    =     4234.4278  ANGLE   =      550.7231  DIHED      =     1830.2036
 VDWAALS =     9035.5441  EEL     =   -79548.6624  HBOND      =        0.0000
 1-4 VDW =      428.2134  1-4 EEL =     5674.1530  RESTRAINT  =        0.0000


   NSTEP       ENERGY          RMS            GMAX         NAME    NUMBER
    125      -5.7939E+04     1.2660E+00     6.2310E+01     CD        839

 BOND    =     4274.7620  ANGLE   =      540.6352  DIHED      =     1818.9777
 VDWAALS =     9109.6064  EEL     =   -79770.6159  HBOND      =        0.0000
 1-4 VDW =      421.2973  1-4 EEL =     5666.2774  RESTRAINT  =        0.0000


   NSTEP       ENERGY          RMS            GMAX         NAME    NUMBER
    130      -5.7942E+04     1.1677E+00     5.3377E+01     CD        839

 BOND    =     4272.2201  ANGLE   =      539.8855  DIHED      =     1818.8256
 VDWAALS =     9109.4908  EEL     =   -79770.4315  HBOND      =        0.0000
 1-4 VDW =      421.2833  1-4 EEL =     5666.3631  RESTRAINT  =        0.0000


   NSTEP       ENERGY          RMS            GMAX         NAME    NUMBER
    135      -5.8011E+04     9.4992E-01     5.4356E+01     CD        839

 BOND    =     4253.2776  ANGLE   =      524.9378  DIHED      =     1807.9220
 VDWAALS =     9101.9848  EEL     =   -79796.6867  HBOND      =        0.0000
 1-4 VDW =      423.7328  1-4 EEL =     5674.2548  RESTRAINT  =        0.0000


   NSTEP       ENERGY          RMS            GMAX         NAME    NUMBER
    140      -5.8059E+04     9.8106E-01     3.9163E+01     CG        836

 BOND    =     4251.3136  ANGLE   =      504.3273  DIHED      =     1794.5073
 VDWAALS =     9107.0385  EEL     =   -79830.4533  HBOND      =        0.0000
 1-4 VDW =      427.7658  1-4 EEL =     5686.2666  RESTRAINT  =        0.0000


   NSTEP       ENERGY          RMS            GMAX         NAME    NUMBER
    145      -5.8157E+04     1.3880E+00     5.6831E+01     OG        862

 BOND    =     4255.4283  ANGLE   =      444.5962  DIHED      =     1767.3009
 VDWAALS =     9137.6280  EEL     =   -79919.1770  HBOND      =        0.0000
 1-4 VDW =      441.1995  1-4 EEL =     5715.6254  RESTRAINT  =        0.0000


   NSTEP       ENERGY          RMS            GMAX         NAME    NUMBER
    150      -5.8238E+04     1.2233E+00     7.4057E+01     OE2       841

 BOND    =     4237.2762  ANGLE   =      426.3863  DIHED      =     1757.0316
 VDWAALS =     9138.8542  EEL     =   -79983.1733  HBOND      =        0.0000
 1-4 VDW =      455.4731  1-4 EEL =     5729.8417  RESTRAINT  =        0.0000


   NSTEP       ENERGY          RMS            GMAX         NAME    NUMBER
    155      -5.8241E+04     1.1199E+00     6.7848E+01     OE2       841

 BOND    =     4234.3327  ANGLE   =      425.9790  DIHED      =     1756.9834
 VDWAALS =     9138.6409  EEL     =   -79982.2803  HBOND      =        0.0000
 1-4 VDW =      455.4300  1-4 EEL =     5729.8186  RESTRAINT  =        0.0000


   NSTEP       ENERGY          RMS            GMAX         NAME    NUMBER
    160      -5.8283E+04     6.9069E-01     3.5645E+01     OE2       841

 BOND    =     4220.9232  ANGLE   =      415.5745  DIHED      =     1754.6738
 VDWAALS =     9127.5176  EEL     =   -79982.5619  HBOND      =        0.0000
 1-4 VDW =      452.3933  1-4 EEL =     5728.6193  RESTRAINT  =        0.0000


   NSTEP       ENERGY          RMS            GMAX         NAME    NUMBER
    165      -5.8303E+04     6.1217E-01     2.3573E+01     OE1       840

 BOND    =     4221.0787  ANGLE   =      414.5346  DIHED      =     1753.4024
 VDWAALS =     9125.3649  EEL     =   -79995.9604  HBOND      =        0.0000
 1-4 VDW =      450.7276  1-4 EEL =     5727.9045  RESTRAINT  =        0.0000


   NSTEP       ENERGY          RMS            GMAX         NAME    NUMBER
    170      -5.8355E+04     7.1560E-01     2.2916E+01     CD        839

 BOND    =     4226.6861  ANGLE   =      419.7074  DIHED      =     1749.8151
 VDWAALS =     9136.8384  EEL     =   -80057.9753  HBOND      =        0.0000
 1-4 VDW =      446.3900  1-4 EEL =     5723.0466  RESTRAINT  =        0.0000


   NSTEP       ENERGY          RMS            GMAX         NAME    NUMBER
    175      -5.8389E+04     8.9741E-01     3.8377E+01     CG        135

 BOND    =     4235.3047  ANGLE   =      424.3868  DIHED      =     1748.7444
 VDWAALS =     9155.4174  EEL     =   -80118.7936  HBOND      =        0.0000
 1-4 VDW =      445.4167  1-4 EEL =     5720.4415  RESTRAINT  =        0.0000


   NSTEP       ENERGY          RMS            GMAX         NAME    NUMBER
    180      -5.8391E+04     8.0813E-01     3.0157E+01     CG        135

 BOND    =     4233.6049  ANGLE   =      423.8783  DIHED      =     1748.6859
 VDWAALS =     9155.3040  EEL     =   -80118.5204  HBOND      =        0.0000
 1-4 VDW =      445.3898  1-4 EEL =     5720.4597  RESTRAINT  =        0.0000


   NSTEP       ENERGY          RMS            GMAX         NAME    NUMBER
    185      -5.8427E+04     6.6269E-01     2.2330E+01     OG        862

 BOND    =     4231.5563  ANGLE   =      411.8182  DIHED      =     1745.2430
 VDWAALS =     9151.9212  EEL     =   -80133.5363  HBOND      =        0.0000
 1-4 VDW =      445.5125  1-4 EEL =     5720.9317  RESTRAINT  =        0.0000


   NSTEP       ENERGY          RMS            GMAX         NAME    NUMBER
    190      -5.8452E+04     6.2879E-01     2.6689E+01     HG        863

 BOND    =     4235.0978  ANGLE   =      403.6158  DIHED      =     1741.8636
 VDWAALS =     9159.9245  EEL     =   -80161.6106  HBOND      =        0.0000
 1-4 VDW =      446.1760  1-4 EEL =     5722.8169  RESTRAINT  =        0.0000


   NSTEP       ENERGY          RMS            GMAX         NAME    NUMBER
    195      -5.8487E+04     6.4577E-01     2.8329E+01     OG        862

 BOND    =     4233.9954  ANGLE   =      394.6507  DIHED      =     1740.1034
 VDWAALS =     9185.3719  EEL     =   -80217.3627  HBOND      =        0.0000
 1-4 VDW =      448.8320  1-4 EEL =     5726.9863  RESTRAINT  =        0.0000


   NSTEP       ENERGY          RMS            GMAX         NAME    NUMBER
    200      -5.8511E+04     8.9934E-01     6.2138E+01     OE2       841

 BOND    =     4244.0423  ANGLE   =      397.1354  DIHED      =     1738.9581
 VDWAALS =     9207.0204  EEL     =   -80279.2732  HBOND      =        0.0000
 1-4 VDW =      451.3017  1-4 EEL =     5729.7767  RESTRAINT  =        0.0000


   NSTEP       ENERGY          RMS            GMAX         NAME    NUMBER
    205      -5.8513E+04     7.8752E-01     5.3320E+01     OE2       841

 BOND    =     4241.6122  ANGLE   =      396.7271  DIHED      =     1738.9065
 VDWAALS =     9206.7689  EEL     =   -80278.4087  HBOND      =        0.0000
 1-4 VDW =      451.2781  1-4 EEL =     5729.7260  RESTRAINT  =        0.0000


   NSTEP       ENERGY          RMS            GMAX         NAME    NUMBER
    210      -5.8543E+04     5.8249E-01     3.0017E+01     OE2       841

 BOND    =     4236.5381  ANGLE   =      392.6013  DIHED      =     1736.2713
 VDWAALS =     9197.1898  EEL     =   -80282.1237  HBOND      =        0.0000
 1-4 VDW =      449.5205  1-4 EEL =     5727.1411  RESTRAINT  =        0.0000


   NSTEP       ENERGY          RMS            GMAX         NAME    NUMBER
    215      -5.8562E+04     5.9780E-01     2.5113E+01     HG        863

 BOND    =     4240.2177  ANGLE   =      392.8268  DIHED      =     1734.7799
 VDWAALS =     9197.6275  EEL     =   -80301.6339  HBOND      =        0.0000
 1-4 VDW =      448.1674  1-4 EEL =     5726.4000  RESTRAINT  =        0.0000


   NSTEP       ENERGY          RMS            GMAX         NAME    NUMBER
    220      -5.8597E+04     6.5505E-01     2.6663E+01     CB        859

 BOND    =     4240.6309  ANGLE   =      400.7339  DIHED      =     1733.3829
 VDWAALS =     9213.6638  EEL     =   -80355.3486  HBOND      =        0.0000
 1-4 VDW =      446.7261  1-4 EEL =     5723.0480  RESTRAINT  =        0.0000


   NSTEP       ENERGY          RMS            GMAX         NAME    NUMBER
    225      -5.8622E+04     8.9822E-01     3.5612E+01     CG       1549

 BOND    =     4254.6541  ANGLE   =      407.0899  DIHED      =     1731.5268
 VDWAALS =     9234.0405  EEL     =   -80417.2190  HBOND      =        0.0000
 1-4 VDW =      446.3684  1-4 EEL =     5721.6788  RESTRAINT  =        0.0000


   NSTEP       ENERGY          RMS            GMAX         NAME    NUMBER
    230      -5.8624E+04     8.0025E-01     2.7031E+01     CG       1549

 BOND    =     4252.6336  ANGLE   =      406.5667  DIHED      =     1731.4896
 VDWAALS =     9233.9093  EEL     =   -80416.6524  HBOND      =        0.0000
 1-4 VDW =      446.3424  1-4 EEL =     5721.7254  RESTRAINT  =        0.0000


   NSTEP       ENERGY          RMS            GMAX         NAME    NUMBER
    235      -5.8655E+04     6.9422E-01     3.1036E+01     OG        862

 BOND    =     4251.6770  ANGLE   =      393.6710  DIHED      =     1729.3545
 VDWAALS =     9232.6017  EEL     =   -80430.6590  HBOND      =        0.0000
 1-4 VDW =      445.8835  1-4 EEL =     5722.9646  RESTRAINT  =        0.0000


   NSTEP       ENERGY          RMS            GMAX         NAME    NUMBER
    240      -5.8672E+04     6.0027E-01     2.7365E+01     HG        863

 BOND    =     4251.4102  ANGLE   =      389.6182  DIHED      =     1727.7646
 VDWAALS =     9238.9191  EEL     =   -80449.4476  HBOND      =        0.0000
 1-4 VDW =      445.9232  1-4 EEL =     5723.7652  RESTRAINT  =        0.0000


   NSTEP       ENERGY          RMS            GMAX         NAME    NUMBER
    245      -5.8706E+04     6.9268E-01     4.6015E+01     CG       1549

 BOND    =     4254.8563  ANGLE   =      383.9922  DIHED      =     1728.3019
 VDWAALS =     9265.2631  EEL     =   -80510.4805  HBOND      =        0.0000
 1-4 VDW =      447.7023  1-4 EEL =     5724.6903  RESTRAINT  =        0.0000


   NSTEP       ENERGY          RMS            GMAX         NAME    NUMBER
    250      -5.8724E+04     7.2165E-01     2.8530E+01     OE2       841

 BOND    =     4259.9122  ANGLE   =      387.0510  DIHED      =     1728.6969
 VDWAALS =     9284.1732  EEL     =   -80557.6854  HBOND      =        0.0000
 1-4 VDW =      448.5411  1-4 EEL =     5725.1865  RESTRAINT  =        0.0000


   NSTEP       ENERGY          RMS            GMAX         NAME    NUMBER
    255      -5.8726E+04     6.2883E-01     2.5472E+01     OE2       841

 BOND    =     4258.1219  ANGLE   =      386.5568  DIHED      =     1728.6207
 VDWAALS =     9283.9748  EEL     =   -80557.0175  HBOND      =        0.0000
 1-4 VDW =      448.5172  1-4 EEL =     5725.1153  RESTRAINT  =        0.0000


   NSTEP       ENERGY          RMS            GMAX         NAME    NUMBER
    260      -5.8751E+04     6.2778E-01     2.8086E+01     OG        862

 BOND    =     4257.4352  ANGLE   =      384.4669  DIHED      =     1725.2931
 VDWAALS =     9277.4957  EEL     =   -80565.3644  HBOND      =        0.0000
 1-4 VDW =      446.9312  1-4 EEL =     5722.4698  RESTRAINT  =        0.0000


   NSTEP       ENERGY          RMS            GMAX         NAME    NUMBER
    265      -5.8777E+04     6.5824E-01     2.5705E+01     OG        862

 BOND    =     4254.8221  ANGLE   =      384.8548  DIHED      =     1723.9666
 VDWAALS =     9282.1965  EEL     =   -80589.9852  HBOND      =        0.0000
 1-4 VDW =      445.4195  1-4 EEL =     5721.9628  RESTRAINT  =        0.0000


   NSTEP       ENERGY          RMS            GMAX         NAME    NUMBER
    270      -5.8794E+04     6.4743E-01     2.5592E+01     CG       1549

 BOND    =     4261.9826  ANGLE   =      387.3681  DIHED      =     1723.2308
 VDWAALS =     9291.9962  EEL     =   -80624.3634  HBOND      =        0.0000
 1-4 VDW =      445.1676  1-4 EEL =     5720.2907  RESTRAINT  =        0.0000


   NSTEP       ENERGY          RMS            GMAX         NAME    NUMBER
    275      -5.8833E+04     7.7265E-01     3.0413E+01     HG        863

 BOND    =     4275.1848  ANGLE   =      388.0266  DIHED      =     1720.8319
 VDWAALS =     9316.1683  EEL     =   -80698.4934  HBOND      =        0.0000
 1-4 VDW =      444.8328  1-4 EEL =     5720.1816  RESTRAINT  =        0.0000


   NSTEP       ENERGY          RMS            GMAX         NAME    NUMBER
    280      -5.8835E+04     6.9179E-01     2.6393E+01     HG        863

 BOND    =     4272.9254  ANGLE   =      387.7432  DIHED      =     1720.8173
 VDWAALS =     9316.0832  EEL     =   -80697.4487  HBOND      =        0.0000
 1-4 VDW =      444.8041  1-4 EEL =     5720.1795  RESTRAINT  =        0.0000


   NSTEP       ENERGY          RMS            GMAX         NAME    NUMBER
    285      -5.8854E+04     4.8087E-01     2.7301E+01     OG        862

 BOND    =     4267.8301  ANGLE   =      380.4900  DIHED      =     1720.0405
 VDWAALS =     9315.6987  EEL     =   -80701.6059  HBOND      =        0.0000
 1-4 VDW =      444.4188  1-4 EEL =     5719.3748  RESTRAINT  =        0.0000


   NSTEP       ENERGY          RMS            GMAX         NAME    NUMBER
    290      -5.8868E+04     4.0307E-01     1.6559E+01     CA        831

 BOND    =     4267.5793  ANGLE   =      378.8888  DIHED      =     1719.4858
 VDWAALS =     9321.8593  EEL     =   -80718.7164  HBOND      =        0.0000
 1-4 VDW =      444.3717  1-4 EEL =     5718.6462  RESTRAINT  =        0.0000


   NSTEP       ENERGY          RMS            GMAX         NAME    NUMBER
    295      -5.8909E+04     9.9693E-01     6.1145E+01     CB        859

 BOND    =     4282.9290  ANGLE   =      380.3479  DIHED      =     1721.4704
 VDWAALS =     9355.3003  EEL     =   -80809.2180  HBOND      =        0.0000
 1-4 VDW =      444.9793  1-4 EEL =     5715.0851  RESTRAINT  =        0.0000


   NSTEP       ENERGY          RMS            GMAX         NAME    NUMBER
    300      -5.8980E+04     8.2439E-01     2.8302E+01     OE2       841

 BOND    =     4294.2105  ANGLE   =      381.6989  DIHED      =     1721.9156
 VDWAALS =     9411.3388  EEL     =   -80946.4967  HBOND      =        0.0000
 1-4 VDW =      445.1145  1-4 EEL =     5712.3996  RESTRAINT  =        0.0000


   NSTEP       ENERGY          RMS            GMAX         NAME    NUMBER
    305      -5.8982E+04     7.5420E-01     2.7176E+01     OE2       841

 BOND    =     4292.6616  ANGLE   =      381.2461  DIHED      =     1721.8176
 VDWAALS =     9411.2359  EEL     =   -80946.0457  HBOND      =        0.0000
 1-4 VDW =      445.0881  1-4 EEL =     5712.3504  RESTRAINT  =        0.0000


   NSTEP       ENERGY          RMS            GMAX         NAME    NUMBER
    310      -5.9011E+04     7.1262E-01     4.4826E+01     CG       1549

 BOND    =     4288.0756  ANGLE   =      376.4014  DIHED      =     1716.5015
 VDWAALS =     9405.4816  EEL     =   -80952.6513  HBOND      =        0.0000
 1-4 VDW =      443.6073  1-4 EEL =     5711.2584  RESTRAINT  =        0.0000


   NSTEP       ENERGY          RMS            GMAX         NAME    NUMBER
    315      -5.9030E+04     5.7281E-01     1.8776E+01     NH2      1521

 BOND    =     4290.5565  ANGLE   =      373.6052  DIHED      =     1713.2077
 VDWAALS =     9405.7644  EEL     =   -80967.8919  HBOND      =        0.0000
 1-4 VDW =      442.4597  1-4 EEL =     5712.3752  RESTRAINT  =        0.0000


   NSTEP       ENERGY          RMS            GMAX         NAME    NUMBER
    320      -5.9053E+04     5.1267E-01     2.6536E+01     CG       1549

 BOND    =     4289.1873  ANGLE   =      375.0968  DIHED      =     1711.9276
 VDWAALS =     9414.4673  EEL     =   -80997.6276  HBOND      =        0.0000
 1-4 VDW =      441.3348  1-4 EEL =     5712.9389  RESTRAINT  =        0.0000


   NSTEP       ENERGY          RMS            GMAX         NAME    NUMBER
    325      -5.9062E+04     4.9506E-01     1.7843E+01     CG       1549

 BOND    =     4292.9927  ANGLE   =      377.7944  DIHED      =     1711.7082
 VDWAALS =     9421.0607  EEL     =   -81019.2850  HBOND      =        0.0000
 1-4 VDW =      441.2965  1-4 EEL =     5712.1444  RESTRAINT  =        0.0000


   NSTEP       ENERGY          RMS            GMAX         NAME    NUMBER
    330      -5.9064E+04     3.9891E-01     1.2216E+01     CG        836

 BOND    =     4291.4247  ANGLE   =      377.5305  DIHED      =     1711.6799
 VDWAALS =     9421.0310  EEL     =   -81018.8484  HBOND      =        0.0000
 1-4 VDW =      441.2702  1-4 EEL =     5712.1059  RESTRAINT  =        0.0000


   NSTEP       ENERGY          RMS            GMAX         NAME    NUMBER
    335      -5.9078E+04     4.9281E-01     1.7007E+01     OG        862

 BOND    =     4294.2838  ANGLE   =      372.8082  DIHED      =     1711.3490
 VDWAALS =     9422.7356  EEL     =   -81030.7510  HBOND      =        0.0000
 1-4 VDW =      441.0669  1-4 EEL =     5710.6042  RESTRAINT  =        0.0000


   NSTEP       ENERGY          RMS            GMAX         NAME    NUMBER
    340      -5.9100E+04     5.0012E-01     2.1667E+01     CA        831

 BOND    =     4294.0162  ANGLE   =      371.1185  DIHED      =     1712.1721
 VDWAALS =     9436.0251  EEL     =   -81062.4862  HBOND      =        0.0000
 1-4 VDW =      441.1971  1-4 EEL =     5707.8683  RESTRAINT  =        0.0000


   NSTEP       ENERGY          RMS            GMAX         NAME    NUMBER
    345      -5.9120E+04     6.5670E-01     2.8103E+01     CD       1607

 BOND    =     4301.4227  ANGLE   =      370.4391  DIHED      =     1714.3342
 VDWAALS =     9456.4958  EEL     =   -81109.6033  HBOND      =        0.0000
 1-4 VDW =      441.6641  1-4 EEL =     5705.3632  RESTRAINT  =        0.0000


   NSTEP       ENERGY          RMS            GMAX         NAME    NUMBER
    350      -5.9161E+04     7.9131E-01     2.8201E+01     OE2       841

 BOND    =     4314.8625  ANGLE   =      374.6966  DIHED      =     1713.4114
 VDWAALS =     9488.6797  EEL     =   -81197.9862  HBOND      =        0.0000
 1-4 VDW =      441.4409  1-4 EEL =     5703.9912  RESTRAINT  =        0.0000


   NSTEP       ENERGY          RMS            GMAX         NAME    NUMBER
    355      -5.9163E+04     7.1710E-01     2.6866E+01     OE2       841

 BOND    =     4313.3588  ANGLE   =      374.2750  DIHED      =     1713.3429
 VDWAALS =     9488.5650  EEL     =   -81197.4775  HBOND      =        0.0000
 1-4 VDW =      441.4157  1-4 EEL =     5703.9559  RESTRAINT  =        0.0000


   NSTEP       ENERGY          RMS            GMAX         NAME    NUMBER
    360      -5.9186E+04     5.8343E-01     2.6559E+01     CD       1607

 BOND    =     4309.1677  ANGLE   =      369.5962  DIHED      =     1709.5622
 VDWAALS =     9484.3017  EEL     =   -81202.7604  HBOND      =        0.0000
 1-4 VDW =      440.2010  1-4 EEL =     5703.5668  RESTRAINT  =        0.0000


   NSTEP       ENERGY          RMS            GMAX         NAME    NUMBER
    365      -5.9202E+04     5.2878E-01     1.6705E+01     HG        863

 BOND    =     4312.2953  ANGLE   =      367.9784  DIHED      =     1706.6859
 VDWAALS =     9485.1114  EEL     =   -81217.9017  HBOND      =        0.0000
 1-4 VDW =      439.2483  1-4 EEL =     5704.6910  RESTRAINT  =        0.0000


   NSTEP       ENERGY          RMS            GMAX         NAME    NUMBER
    370      -5.9222E+04     4.8314E-01     2.2221E+01     CD       1710

 BOND    =     4311.1551  ANGLE   =      371.1121  DIHED      =     1705.5911
 VDWAALS =     9494.3959  EEL     =   -81247.5886  HBOND      =        0.0000
 1-4 VDW =      438.5004  1-4 EEL =     5705.0320  RESTRAINT  =        0.0000


   NSTEP       ENERGY          RMS            GMAX         NAME    NUMBER
    375      -5.9231E+04     4.5586E-01     1.3833E+01     CG        836

 BOND    =     4314.7988  ANGLE   =      373.9361  DIHED      =     1705.5588
 VDWAALS =     9502.8111  EEL     =   -81271.1029  HBOND      =        0.0000
 1-4 VDW =      438.4012  1-4 EEL =     5704.4005  RESTRAINT  =        0.0000


   NSTEP       ENERGY          RMS            GMAX         NAME    NUMBER
    380      -5.9233E+04     3.7220E-01     1.1503E+01     CG        836

 BOND    =     4313.3380  ANGLE   =      373.6139  DIHED      =     1705.5131
 VDWAALS =     9502.8160  EEL     =   -81270.6529  HBOND      =        0.0000
 1-4 VDW =      438.3686  1-4 EEL =     5704.3664  RESTRAINT  =        0.0000


   NSTEP       ENERGY          RMS            GMAX         NAME    NUMBER
    385      -5.9247E+04     4.7546E-01     1.6762E+01     OG        862

 BOND    =     4316.5917  ANGLE   =      368.1850  DIHED      =     1704.8242
 VDWAALS =     9505.0585  EEL     =   -81282.5293  HBOND      =        0.0000
 1-4 VDW =      438.0764  1-4 EEL =     5703.1518  RESTRAINT  =        0.0000


   NSTEP       ENERGY          RMS            GMAX         NAME    NUMBER
    390      -5.9266E+04     4.5102E-01     2.0261E+01     CA        831

 BOND    =     4315.6550  ANGLE   =      366.9557  DIHED      =     1705.4335
 VDWAALS =     9517.2426  EEL     =   -81311.0471  HBOND      =        0.0000
 1-4 VDW =      438.2906  1-4 EEL =     5701.1851  RESTRAINT  =        0.0000


   NSTEP       ENERGY          RMS            GMAX         NAME    NUMBER
    395      -5.9282E+04     5.7499E-01     2.8845E+01     CD       1710

 BOND    =     4322.3379  ANGLE   =      366.1667  DIHED      =     1707.3602
 VDWAALS =     9534.8864  EEL     =   -81351.2995  HBOND      =        0.0000
 1-4 VDW =      438.7470  1-4 EEL =     5699.4766  RESTRAINT  =        0.0000


   NSTEP       ENERGY          RMS            GMAX         NAME    NUMBER
    400      -5.9316E+04     7.6688E-01     3.0683E+01     CD       1710

 BOND    =     4335.5203  ANGLE   =      368.8172  DIHED      =     1706.5991
 VDWAALS =     9563.3286  EEL     =   -81428.2826  HBOND      =        0.0000
 1-4 VDW =      438.4839  1-4 EEL =     5699.0895  RESTRAINT  =        0.0000


   NSTEP       ENERGY          RMS            GMAX         NAME    NUMBER
    405      -5.9318E+04     6.8776E-01     2.4450E+01     OE2       841

 BOND    =     4333.8916  ANGLE   =      368.4593  DIHED      =     1706.5330
 VDWAALS =     9563.2134  EEL     =   -81427.6164  HBOND      =        0.0000
 1-4 VDW =      438.4629  1-4 EEL =     5699.0373  RESTRAINT  =        0.0000


   NSTEP       ENERGY          RMS            GMAX         NAME    NUMBER
    410      -5.9337E+04     5.0631E-01     1.7149E+01     OG        862

 BOND    =     4329.7419  ANGLE   =      365.4666  DIHED      =     1703.6388
 VDWAALS =     9559.3366  EEL     =   -81431.4313  HBOND      =        0.0000
 1-4 VDW =      437.7245  1-4 EEL =     5698.2486  RESTRAINT  =        0.0000


   NSTEP       ENERGY          RMS            GMAX         NAME    NUMBER
    415      -5.9356E+04     4.7196E-01     1.4810E+01     HG2       837

 BOND    =     4328.8970  ANGLE   =      364.6060  DIHED      =     1701.1913
 VDWAALS =     9561.3046  EEL     =   -81447.6828  HBOND      =        0.0000
 1-4 VDW =      436.6434  1-4 EEL =     5699.1897  RESTRAINT  =        0.0000


   NSTEP       ENERGY          RMS            GMAX         NAME    NUMBER
    420      -5.9368E+04     5.0977E-01     1.7802E+01     CD       1710

 BOND    =     4333.7931  ANGLE   =      365.7015  DIHED      =     1700.4886
 VDWAALS =     9567.9645  EEL     =   -81471.1231  HBOND      =        0.0000
 1-4 VDW =      436.4137  1-4 EEL =     5699.0117  RESTRAINT  =        0.0000


   NSTEP       ENERGY          RMS            GMAX         NAME    NUMBER
    425      -5.9384E+04     4.4011E-01     1.3987E+01     N         829

 BOND    =     4336.1232  ANGLE   =      368.1042  DIHED      =     1700.0905
 VDWAALS =     9578.6241  EEL     =   -81501.8135  HBOND      =        0.0000
 1-4 VDW =      436.1815  1-4 EEL =     5698.5154  RESTRAINT  =        0.0000


   NSTEP       ENERGY          RMS            GMAX         NAME    NUMBER
    430      -5.9386E+04     3.5012E-01     1.1201E+01     CG        836

 BOND    =     4334.3271  ANGLE   =      367.7987  DIHED      =     1700.0423
 VDWAALS =     9578.6399  EEL     =   -81501.0179  HBOND      =        0.0000
 1-4 VDW =      436.1440  1-4 EEL =     5698.4933  RESTRAINT  =        0.0000


   NSTEP       ENERGY          RMS            GMAX         NAME    NUMBER
    435      -5.9396E+04     4.0144E-01     2.0697E+01     CD       1607

 BOND    =     4334.5379  ANGLE   =      364.5947  DIHED      =     1699.2410
 VDWAALS =     9580.7762  EEL     =   -81508.8916  HBOND      =        0.0000
 1-4 VDW =      435.9067  1-4 EEL =     5697.7732  RESTRAINT  =        0.0000


   NSTEP       ENERGY          RMS            GMAX         NAME    NUMBER
    440      -5.9410E+04     4.2140E-01     1.7352E+01     CA        831

 BOND    =     4338.1909  ANGLE   =      363.9002  DIHED      =     1699.2063
 VDWAALS =     9589.4358  EEL     =   -81533.5059  HBOND      =        0.0000
 1-4 VDW =      435.9274  1-4 EEL =     5696.7074  RESTRAINT  =        0.0000


   NSTEP       ENERGY          RMS            GMAX         NAME    NUMBER
    445      -5.9442E+04     6.0153E-01     2.1849E+01     CD       1710

 BOND    =     4346.6931  ANGLE   =      366.4133  DIHED      =     1703.4741
 VDWAALS =     9628.7721  EEL     =   -81617.2174  HBOND      =        0.0000
 1-4 VDW =      436.7048  1-4 EEL =     5692.7021  RESTRAINT  =        0.0000


   NSTEP       ENERGY          RMS            GMAX         NAME    NUMBER
    450      -5.9488E+04     7.9579E-01     4.1745E+01     CD       1710

 BOND    =     4359.4206  ANGLE   =      370.0535  DIHED      =     1702.0095
 VDWAALS =     9672.5793  EEL     =   -81720.0275  HBOND      =        0.0000
 1-4 VDW =      436.0704  1-4 EEL =     5691.4870  RESTRAINT  =        0.0000


   NSTEP       ENERGY          RMS            GMAX         NAME    NUMBER
    455      -5.9490E+04     7.2915E-01     3.3387E+01     CD       1710

 BOND    =     4358.8049  ANGLE   =      369.6470  DIHED      =     1701.8984
 VDWAALS =     9672.3658  EEL     =   -81720.2847  HBOND      =        0.0000
 1-4 VDW =      436.0486  1-4 EEL =     5691.4547  RESTRAINT  =        0.0000


   NSTEP       ENERGY          RMS            GMAX         NAME    NUMBER
    460      -5.9518E+04     4.8806E-01     1.8129E+01     N         829

 BOND    =     4354.6809  ANGLE   =      364.7456  DIHED      =     1698.0830
 VDWAALS =     9664.7294  EEL     =   -81726.1886  HBOND      =        0.0000
 1-4 VDW =      435.0926  1-4 EEL =     5691.2514  RESTRAINT  =        0.0000


   NSTEP       ENERGY          RMS            GMAX         NAME    NUMBER
    465      -5.9540E+04     4.6689E-01     2.4397E+01     N         829

 BOND    =     4355.9906  ANGLE   =      362.0652  DIHED      =     1693.6453
 VDWAALS =     9662.1720  EEL     =   -81740.8167  HBOND      =        0.0000
 1-4 VDW =      433.8645  1-4 EEL =     5692.9223  RESTRAINT  =        0.0000


   NSTEP       ENERGY          RMS            GMAX         NAME    NUMBER
    470      -5.9552E+04     3.7610E-01     1.9690E+01     CD       1607

 BOND    =     4355.9655  ANGLE   =      363.3510  DIHED      =     1692.7552
 VDWAALS =     9667.1415  EEL     =   -81758.2227  HBOND      =        0.0000
 1-4 VDW =      433.6145  1-4 EEL =     5693.5106  RESTRAINT  =        0.0000


   NSTEP       ENERGY          RMS            GMAX         NAME    NUMBER
    475      -5.9558E+04     3.6959E-01     1.3795E+01     CG        836

 BOND    =     4357.6759  ANGLE   =      365.2180  DIHED      =     1692.7749
 VDWAALS =     9673.3201  EEL     =   -81774.0973  HBOND      =        0.0000
 1-4 VDW =      433.5204  1-4 EEL =     5693.3303  RESTRAINT  =        0.0000


   NSTEP       ENERGY          RMS            GMAX         NAME    NUMBER
    480      -5.9560E+04     2.8222E-01     9.5725E+00     CG        836

 BOND    =     4357.5590  ANGLE   =      364.8378  DIHED      =     1692.7375
 VDWAALS =     9673.3300  EEL     =   -81774.8848  HBOND      =        0.0000
 1-4 VDW =      433.4881  1-4 EEL =     5693.3113  RESTRAINT  =        0.0000


   NSTEP       ENERGY          RMS            GMAX         NAME    NUMBER
    485      -5.9568E+04     3.8694E-01     1.9431E+01     CD       1607

 BOND    =     4359.5127  ANGLE   =      361.3613  DIHED      =     1692.3732
 VDWAALS =     9675.6082  EEL     =   -81782.8944  HBOND      =        0.0000
 1-4 VDW =      433.2897  1-4 EEL =     5692.6609  RESTRAINT  =        0.0000


   NSTEP       ENERGY          RMS            GMAX         NAME    NUMBER
    490      -5.9581E+04     3.8511E-01     1.9545E+01     CA        831

 BOND    =     4361.9860  ANGLE   =      361.4193  DIHED      =     1692.7458
 VDWAALS =     9684.2128  EEL     =   -81806.1127  HBOND      =        0.0000
 1-4 VDW =      433.3445  1-4 EEL =     5691.3684  RESTRAINT  =        0.0000


   NSTEP       ENERGY          RMS            GMAX         NAME    NUMBER
    495      -5.9605E+04     5.5885E-01     2.2444E+01     CD       1710

 BOND    =     4371.4054  ANGLE   =      363.9086  DIHED      =     1695.7607
 VDWAALS =     9715.4165  EEL     =   -81873.3426  HBOND      =        0.0000
 1-4 VDW =      433.9273  1-4 EEL =     5687.8918  RESTRAINT  =        0.0000


   NSTEP       ENERGY          RMS            GMAX         NAME    NUMBER
    500      -5.9642E+04     7.3003E-01     3.5709E+01     CD       1710

 BOND    =     4380.8658  ANGLE   =      366.6029  DIHED      =     1695.7716
 VDWAALS =     9754.2006  EEL     =   -81960.7448  HBOND      =        0.0000
 1-4 VDW =      433.3287  1-4 EEL =     5687.4851  RESTRAINT  =        0.0000


  Maximum number of minimization cycles reached.


                    FINAL RESULTS



   NSTEP       ENERGY          RMS            GMAX         NAME    NUMBER
    500      -5.9642E+04     7.3003E-01     3.5709E+01     CD       1710

 BOND    =     4380.8658  ANGLE   =      366.6029  DIHED      =     1695.7716
 VDWAALS =     9754.2006  EEL     =   -81960.7448  HBOND      =        0.0000
 1-4 VDW =      433.3287  1-4 EEL =     5687.4851  RESTRAINT  =        0.0000
--------------------------------------------------------------------------------
   5.  TIMINGS
--------------------------------------------------------------------------------

|  NonSetup CPU Time in Major Routines:
|
|     Routine           Sec        %
|     ------------------------------
|     Nonbond          27.29   95.53
|     Bond              0.10    0.35
|     Angle             0.18    0.62
|     Dihedral          0.84    2.95
|     Shake             0.00    0.00
|     Other             0.16    0.55
|     ------------------------------
|     Total            28.57

|  PME Nonbond Pairlist CPU Time:
|
|     Routine              Sec        %
|     ---------------------------------
|     Set Up Cit           0.00    0.00
|     Build List           0.52    1.83
|     ---------------------------------
|     Total                0.52    1.83

|  PME Direct Force CPU Time:
|
|     Routine              Sec        %
|     ---------------------------------
|     NonBonded Calc      18.08   63.30
|     Exclude Masked       0.38    1.32
|     Other                0.09    0.32
|     ---------------------------------
|     Total               18.55   64.94

|  PME Reciprocal Force CPU Time:
|
|     Routine              Sec        %
|     ---------------------------------
|     1D bspline           0.26    0.90
|     Grid Charges         0.63    2.20
|     Scalar Sum           3.05   10.67
|     Gradient Sum         0.99    3.47
|     FFT                  3.28   11.48
|     ---------------------------------
|     Total                8.20   28.72

|  Setup CPU time:            0.06 seconds
|  NonSetup CPU time:        28.57 seconds
|  Total CPU time:           28.62 seconds     0.01 hours

|  Setup wall time:           0    seconds
|  NonSetup wall time:       29    seconds
|  Total wall time:          29    seconds     0.01 hours
