
          -------------------------------------------------------
          Amber 16 PMEMD                              2016
          -------------------------------------------------------

| PMEMD implementation of SANDER, Release 16

| Run on 07/17/2018 at 11:38:42

|   Executable path: pmemd.cuda
| Working directory: /home/german/lbp/run/4uet/data
|          Hostname: Unknown
  [-O]verwriting output

File Assignments:
|   MDIN: pdt.in                                                                
|  MDOUT: 34pdt.out                                                             
| INPCRD: 33p4uet.rst7                                                          
|   PARM: /home/german/lbp/top_files/4uet.prmtop                                
| RESTRT: 34p4uet.rst7                                                          
|   REFC: refc                                                                  
|  MDVEL: mdvel                                                                 
|   MDEN: mden                                                                  
|  MDCRD: 34p4uet.nc                                                            
| MDINFO: mdinfo                                                                
|  MDFRC: mdfrc                                                                 


 Here is the input file:

Production run                                                                 
&cntrl                                                                         
imin = 0,                           ! No Minimization                          
nmropt = 0,                         ! No NMR restraints read                   
                                                                               
! Nature and format of the input                                               
ntx = 5,                            ! Coordinates and velocities will be read  
irest = 1,                          ! Do not run a new simulation              
                                                                               
! Nature and format of the output                                              
ntxo = 1,                           ! rstrt file in ASCII format               
ntpr = 50000,                       ! inf in output every ntpr steps           
ntwr = 50000,                       ! rstrt file every ntwr steps              
ntwx = 5000,                        ! mdcrd file every ntwx steps              
ntwv = 0,                           ! mdvel without velocities                 
ntwe = 0,                           ! Energies and temperatures not written in 
idecomp = 0,                        ! No energy decomposition                  
iwrap = 1,                          ! Coordinates of the restart and mdcrd file
                                                                               
! Frozen or restrained atoms                                                   
ibelly = 0,                         ! No frozen atoms                          
ntr=0,                              ! Harmonic potential restraints            
                                                                               
! Molecular dynamics                                                           
nstlim = 1400000,                   ! Number of MD-steps                       
dt = 0.002,                         ! Time step                                
                                                                               
! Temperature regulation                                                       
ntt = 3,                            ! Langevin thermostat                      
gamma_ln = 2,                       ! Gamma constant for Langevin              
temp0 = 300.0,                      ! Reference T at which the system is to be 
tempi = 300.0,                      ! Initial T                                
ig = -1,                            ! Seed for the RNG                         
                                                                               
! P and V regulation                                                           
!barostat = 1,                       ! Berendsen barostat                      
!taup = 1,                           ! Pressure relaxation time                
ntp = 0,                            ! constant P                               
ntb = 1,                            ! Periodic box for constant V              
                                                                               
! SHAKE variables                                                              
ntc = 2,                            ! Bonds involving H are constrained        
ntf = 2,                            ! Bond interaction involving H are ommited.
                                                                               
cut = 9.0,                          ! Nonbonded cutoff                         
/                                                                              
&end                                                                           


Note: ig = -1. Setting random seed to   418150 based on wallclock time in 
      microseconds.
 
|--------------------- INFORMATION ----------------------
| GPU (CUDA) Version of PMEMD in use: NVIDIA GPU IN USE.
|                    Version 16.0.0
| 
|                      02/25/2016
| 
| Implementation by:
|                    Ross C. Walker     (SDSC)
|                    Scott Le Grand     (nVIDIA)
| 
| Precision model in use:
|      [SPFP] - Single Precision Forces, 64-bit Fixed Point
|               Accumulation. (Default)
| 
|--------------------------------------------------------
 
|----------------- CITATION INFORMATION -----------------
|
|    When publishing work that utilized the CUDA version
|    of AMBER, please cite the following in addition to
|    the regular AMBER citations:
|
|  - Romelia Salomon-Ferrer; Andreas W. Goetz; Duncan
|    Poole; Scott Le Grand; Ross C. Walker "Routine
|    microsecond molecular dynamics simulations with
|    AMBER - Part II: Particle Mesh Ewald", J. Chem.
|    Theory Comput., 2013, 9 (9), pp3878-3888,
|    DOI: 10.1021/ct400314y.
|
|  - Andreas W. Goetz; Mark J. Williamson; Dong Xu;
|    Duncan Poole; Scott Le Grand; Ross C. Walker
|    "Routine microsecond molecular dynamics simulations
|    with AMBER - Part I: Generalized Born", J. Chem.
|    Theory Comput., 2012, 8 (5), pp1542-1555.
|
|  - Scott Le Grand; Andreas W. Goetz; Ross C. Walker
|    "SPFP: Speed without compromise - a mixed precision
|    model for GPU accelerated molecular dynamics
|    simulations.", Comp. Phys. Comm., 2013, 184
|    pp374-380, DOI: 10.1016/j.cpc.2012.09.022
|
|--------------------------------------------------------
 
|------------------- GPU DEVICE INFO --------------------
|
|            CUDA_VISIBLE_DEVICES: 0
|   CUDA Capable Devices Detected:      1
|           CUDA Device ID in use:      0
|                CUDA Device Name: GeForce GTX 1060 6GB
|     CUDA Device Global Mem Size:   6072 MB
| CUDA Device Num Multiprocessors:     10
|           CUDA Device Core Freq:   1.76 GHz
|
|--------------------------------------------------------
 
 
| Conditional Compilation Defines Used:
| PUBFFT
| BINTRAJ
| CUDA
| EMIL

| Largest sphere to fit in unit cell has radius =    27.295

| New format PARM file being parsed.
| Version =    1.000 Date = 04/12/18 Time = 12:40:58

| Note: 1-4 EEL scale factors are being read from the topology file.

| Note: 1-4 VDW scale factors are being read from the topology file.
| Duplicated    0 dihedrals

| Duplicated    0 dihedrals

--------------------------------------------------------------------------------
   1.  RESOURCE   USE: 
--------------------------------------------------------------------------------

 getting new box info from bottom of inpcrd
 NATOM  =   23173 NTYPES =      17 NBONH =   21971 MBONA  =    1220
 NTHETH =    2839 MTHETA =    1632 NPHIH =    5501 MPHIA  =    5045
 NHPARM =       0 NPARM  =       0 NNB   =   41143 NRES   =    7073
 NBONA  =    1220 NTHETA =    1632 NPHIA =    5045 NUMBND =      58
 NUMANG =     130 NPTRA  =     163 NATYP =      31 NPHB   =       1
 IFBOX  =       2 NMXRS  =      24 IFCAP =       0 NEXTRA =       0
 NCOPY  =       0

| Coordinate Index Table dimensions:    11   11   11
| Direct force subcell size =     6.0781    6.0781    6.0781

     BOX TYPE: TRUNCATED OCTAHEDRON

--------------------------------------------------------------------------------
   2.  CONTROL  DATA  FOR  THE  RUN
--------------------------------------------------------------------------------

default_name                                                                    

General flags:
     imin    =       0, nmropt  =       0

Nature and format of input:
     ntx     =       5, irest   =       1, ntrx    =       1

Nature and format of output:
     ntxo    =       1, ntpr    =   50000, ntrx    =       1, ntwr    =   50000
     iwrap   =       1, ntwx    =    5000, ntwv    =       0, ntwe    =       0
     ioutfm  =       1, ntwprt  =       0, idecomp =       0, rbornstat=      0

Potential function:
     ntf     =       2, ntb     =       1, igb     =       0, nsnb    =      25
     ipol    =       0, gbsa    =       0, iesp    =       0
     dielc   =   1.00000, cut     =   9.00000, intdiel =   1.00000

Frozen or restrained atoms:
     ibelly  =       0, ntr     =       0

Molecular dynamics:
     nstlim  =   1400000, nscm    =      1000, nrespa  =         1
     t       =   0.00000, dt      =   0.00200, vlimit  =  -1.00000

Langevin dynamics temperature regulation:
     ig      =  418150
     temp0   = 300.00000, tempi   = 300.00000, gamma_ln=   2.00000

SHAKE:
     ntc     =       2, jfastw  =       0
     tol     =   0.00001

| Intermolecular bonds treatment:
|     no_intermolecular_bonds =       1

| Energy averages sample interval:
|     ene_avg_sampling =   50000

Ewald parameters:
     verbose =       0, ew_type =       0, nbflag  =       1, use_pme =       1
     vdwmeth =       1, eedmeth =       1, netfrc  =       1
     Box X =   66.859   Box Y =   66.859   Box Z =   66.859
     Alpha =  109.471   Beta  =  109.471   Gamma =  109.471
     NFFT1 =   64       NFFT2 =   64       NFFT3 =   64
     Cutoff=    9.000   Tol   =0.100E-04
     Ewald Coefficient =  0.30768
     Interpolation order =    4

--------------------------------------------------------------------------------
   3.  ATOMIC COORDINATES AND VELOCITIES
--------------------------------------------------------------------------------

default_name                                                                    
 begin time read from input coords =********** ps

 
 Number of triangulated 3-point waters found:     6914

     Sum of charges from parm topology file =  -0.00000007
     Forcing neutrality...

| Dynamic Memory, Types Used:
| Reals              715223
| Integers           785949

| Nonbonded Pairs Initial Allocation:     5283444

| GPU memory information (estimate):
| KB of GPU memory in use:    166119
| KB of CPU memory in use:     32206

--------------------------------------------------------------------------------
   4.  RESULTS
--------------------------------------------------------------------------------

 ---------------------------------------------------
 APPROXIMATING switch and d/dx switch using CUBIC SPLINE INTERPOLATION
 using   5000.0 points per unit in tabled values
 TESTING RELATIVE ERROR over r ranging from 0.0 to cutoff
| CHECK switch(x): max rel err =   0.2738E-14   at   2.422500
| CHECK d/dx switch(x): max rel err =   0.8314E-11   at   2.736960
 ---------------------------------------------------
|---------------------------------------------------
| APPROXIMATING direct energy using CUBIC SPLINE INTERPOLATION
|  with   50.0 points per unit in tabled values
| Relative Error Limit not exceeded for r .gt.   2.39
| APPROXIMATING direct force using CUBIC SPLINE INTERPOLATION
|  with   50.0 points per unit in tabled values
| Relative Error Limit not exceeded for r .gt.   2.84
|---------------------------------------------------
wrapping first mol.:       22.28622       31.51748       54.58986
wrapping first mol.:       22.28622       31.51748       54.58986
wrapping first mol.:       22.28622       31.51748       54.58986
wrapping first mol.:       22.28622       31.51748       54.58986
wrapping first mol.:       22.28622       31.51748       54.58986
wrapping first mol.:       22.28622       31.51748       54.58986
wrapping first mol.:       22.28622       31.51748       54.58986
wrapping first mol.:       22.28622       31.51748       54.58986
wrapping first mol.:       22.28622       31.51748       54.58986
wrapping first mol.:       22.28622       31.51748       54.58986
wrapping first mol.:       22.28622       31.51748       54.58986

 NSTEP =    50000   TIME(PS) = 4000100.000  TEMP(K) =   298.57  PRESS =     0.0
 Etot   =    -56019.4992  EKtot   =     14105.5137  EPtot      =    -70125.0129
 BOND   =       464.0979  ANGLE   =      1217.4274  DIHED      =      1823.5224
 1-4 NB =       574.2560  1-4 EEL =      8875.5799  VDWAALS    =      8484.9063
 EELEC  =    -91564.8029  EHBOND  =         0.0000  RESTRAINT  =         0.0000
 ------------------------------------------------------------------------------

wrapping first mol.:       22.28622       31.51748       54.58986
wrapping first mol.:       22.28622       31.51748       54.58986
wrapping first mol.:       22.28622       31.51748       54.58986
wrapping first mol.:       22.28622       31.51748       54.58986
wrapping first mol.:       22.28622       31.51748       54.58986
wrapping first mol.:       22.28622       31.51748       54.58986
wrapping first mol.:       22.28622       31.51748       54.58986
wrapping first mol.:       22.28622       31.51748       54.58986
wrapping first mol.:       22.28622       31.51748       54.58986
wrapping first mol.:       22.28622       31.51748       54.58986
wrapping first mol.:       22.28622       31.51748       54.58986

 NSTEP =   100000   TIME(PS) = 4000200.000  TEMP(K) =   299.48  PRESS =     0.0
 Etot   =    -55771.6582  EKtot   =     14148.3311  EPtot      =    -69919.9893
 BOND   =       442.9393  ANGLE   =      1143.5139  DIHED      =      1819.2329
 1-4 NB =       569.1500  1-4 EEL =      8918.0066  VDWAALS    =      8384.0037
 EELEC  =    -91196.8356  EHBOND  =         0.0000  RESTRAINT  =         0.0000
 ------------------------------------------------------------------------------

wrapping first mol.:       22.28622       31.51748       54.58986
wrapping first mol.:       22.28622       31.51748       54.58986
wrapping first mol.:       22.28622       31.51748       54.58986
wrapping first mol.:       22.28622       31.51748       54.58986
wrapping first mol.:       22.28622       31.51748       54.58986
wrapping first mol.:       22.28622       31.51748       54.58986
wrapping first mol.:       22.28622       31.51748       54.58986
wrapping first mol.:       22.28622       31.51748       54.58986
wrapping first mol.:       22.28622       31.51748       54.58986
wrapping first mol.:       22.28622       31.51748       54.58986
wrapping first mol.:       22.28622       31.51748       54.58986

 NSTEP =   150000   TIME(PS) = 4000300.000  TEMP(K) =   300.20  PRESS =     0.0
 Etot   =    -55959.0385  EKtot   =     14182.5332  EPtot      =    -70141.5717
 BOND   =       430.1938  ANGLE   =      1215.7492  DIHED      =      1837.6708
 1-4 NB =       574.2307  1-4 EEL =      8927.2839  VDWAALS    =      8456.9186
 EELEC  =    -91583.6187  EHBOND  =         0.0000  RESTRAINT  =         0.0000
 ------------------------------------------------------------------------------

wrapping first mol.:       22.28622       31.51748       54.58986
wrapping first mol.:       22.28622       31.51748       54.58986
wrapping first mol.:       22.28622       31.51748       54.58986
wrapping first mol.:       22.28622       31.51748       54.58986
wrapping first mol.:       22.28622       31.51748       54.58986
wrapping first mol.:       22.28622       31.51748       54.58986
wrapping first mol.:       22.28622       31.51748       54.58986
wrapping first mol.:       22.28622       31.51748       54.58986
wrapping first mol.:       22.28622       31.51748       54.58986
wrapping first mol.:       22.28622       31.51748       54.58986
wrapping first mol.:       22.28622       31.51748       54.58986

 NSTEP =   200000   TIME(PS) = 4000400.000  TEMP(K) =   300.60  PRESS =     0.0
 Etot   =    -55941.0798  EKtot   =     14201.4277  EPtot      =    -70142.5076
 BOND   =       470.6679  ANGLE   =      1188.9167  DIHED      =      1823.8276
 1-4 NB =       578.9827  1-4 EEL =      8923.2571  VDWAALS    =      8514.2042
 EELEC  =    -91642.3637  EHBOND  =         0.0000  RESTRAINT  =         0.0000
 ------------------------------------------------------------------------------

wrapping first mol.:       22.28622       31.51748       54.58986
wrapping first mol.:       22.28622       31.51748       54.58986
wrapping first mol.:       22.28622       31.51748       54.58986
wrapping first mol.:       22.28622       31.51748       54.58986
wrapping first mol.:       22.28622       31.51748       54.58986
wrapping first mol.:       22.28622       31.51748       54.58986
wrapping first mol.:       22.28622       31.51748       54.58986
wrapping first mol.:       22.28622       31.51748       54.58986
wrapping first mol.:       22.28622       31.51748       54.58986
wrapping first mol.:       22.28622       31.51748       54.58986
wrapping first mol.:       22.28622       31.51748       54.58986

 NSTEP =   250000   TIME(PS) = 4000500.000  TEMP(K) =   298.76  PRESS =     0.0
 Etot   =    -56015.4624  EKtot   =     14114.5107  EPtot      =    -70129.9731
 BOND   =       477.7117  ANGLE   =      1212.4740  DIHED      =      1847.3107
 1-4 NB =       563.1147  1-4 EEL =      8900.4641  VDWAALS    =      8653.6699
 EELEC  =    -91784.7183  EHBOND  =         0.0000  RESTRAINT  =         0.0000
 ------------------------------------------------------------------------------

wrapping first mol.:       22.28622       31.51748       54.58986
wrapping first mol.:       22.28622       31.51748       54.58986
wrapping first mol.:       22.28622       31.51748       54.58986
wrapping first mol.:       22.28622       31.51748       54.58986
wrapping first mol.:       22.28622       31.51748       54.58986
wrapping first mol.:       22.28622       31.51748       54.58986
wrapping first mol.:       22.28622       31.51748       54.58986
wrapping first mol.:       22.28622       31.51748       54.58986
wrapping first mol.:       22.28622       31.51748       54.58986
wrapping first mol.:       22.28622       31.51748       54.58986
wrapping first mol.:       22.28622       31.51748       54.58986

 NSTEP =   300000   TIME(PS) = 4000600.000  TEMP(K) =   298.28  PRESS =     0.0
 Etot   =    -56098.4261  EKtot   =     14091.6299  EPtot      =    -70190.0560
 BOND   =       439.4919  ANGLE   =      1214.5937  DIHED      =      1847.0621
 1-4 NB =       577.5293  1-4 EEL =      8938.2868  VDWAALS    =      8719.1283
 EELEC  =    -91926.1482  EHBOND  =         0.0000  RESTRAINT  =         0.0000
 ------------------------------------------------------------------------------

wrapping first mol.:       22.28622       31.51748       54.58986
wrapping first mol.:       22.28622       31.51748       54.58986
wrapping first mol.:       22.28622       31.51748       54.58986
wrapping first mol.:       22.28622       31.51748       54.58986
wrapping first mol.:       22.28622       31.51748       54.58986
wrapping first mol.:       22.28622       31.51748       54.58986
wrapping first mol.:       22.28622       31.51748       54.58986
wrapping first mol.:       22.28622       31.51748       54.58986
wrapping first mol.:       22.28622       31.51748       54.58986
wrapping first mol.:       22.28622       31.51748       54.58986
wrapping first mol.:       22.28622       31.51748       54.58986

 NSTEP =   350000   TIME(PS) = 4000700.000  TEMP(K) =   300.70  PRESS =     0.0
 Etot   =    -55755.5974  EKtot   =     14206.0752  EPtot      =    -69961.6726
 BOND   =       451.9990  ANGLE   =      1221.7392  DIHED      =      1865.3654
 1-4 NB =       578.9478  1-4 EEL =      8945.2722  VDWAALS    =      8268.2724
 EELEC  =    -91293.2686  EHBOND  =         0.0000  RESTRAINT  =         0.0000
 ------------------------------------------------------------------------------

wrapping first mol.:       22.28622       31.51748       54.58986
wrapping first mol.:       22.28622       31.51748       54.58986
wrapping first mol.:       22.28622       31.51748       54.58986
wrapping first mol.:       22.28622       31.51748       54.58986
wrapping first mol.:       22.28622       31.51748       54.58986
wrapping first mol.:       22.28622       31.51748       54.58986
wrapping first mol.:       22.28622       31.51748       54.58986
wrapping first mol.:       22.28622       31.51748       54.58986
wrapping first mol.:       22.28622       31.51748       54.58986
wrapping first mol.:       22.28622       31.51748       54.58986
wrapping first mol.:       22.28622       31.51748       54.58986

 NSTEP =   400000   TIME(PS) = 4000800.000  TEMP(K) =   298.40  PRESS =     0.0
 Etot   =    -55939.2497  EKtot   =     14097.2646  EPtot      =    -70036.5144
 BOND   =       457.9572  ANGLE   =      1150.3317  DIHED      =      1876.9541
 1-4 NB =       577.8371  1-4 EEL =      8943.2441  VDWAALS    =      8426.2182
 EELEC  =    -91469.0569  EHBOND  =         0.0000  RESTRAINT  =         0.0000
 ------------------------------------------------------------------------------

wrapping first mol.:       22.28622       31.51748       54.58986
wrapping first mol.:       22.28622       31.51748       54.58986
wrapping first mol.:       22.28622       31.51748       54.58986
wrapping first mol.:       22.28622       31.51748       54.58986
wrapping first mol.:       22.28622       31.51748       54.58986
wrapping first mol.:       22.28622       31.51748       54.58986
wrapping first mol.:       22.28622       31.51748       54.58986
wrapping first mol.:       22.28622       31.51748       54.58986
wrapping first mol.:       22.28622       31.51748       54.58986
wrapping first mol.:       22.28622       31.51748       54.58986
wrapping first mol.:       22.28622       31.51748       54.58986

 NSTEP =   450000   TIME(PS) = 4000900.000  TEMP(K) =   299.45  PRESS =     0.0
 Etot   =    -56045.3523  EKtot   =     14147.1904  EPtot      =    -70192.5428
 BOND   =       487.9102  ANGLE   =      1241.0300  DIHED      =      1862.8886
 1-4 NB =       563.6551  1-4 EEL =      8873.2015  VDWAALS    =      8426.4106
 EELEC  =    -91647.6388  EHBOND  =         0.0000  RESTRAINT  =         0.0000
 ------------------------------------------------------------------------------

wrapping first mol.:       22.28622       31.51748       54.58986
wrapping first mol.:       22.28622       31.51748       54.58986
wrapping first mol.:       22.28622       31.51748       54.58986
wrapping first mol.:       22.28622       31.51748       54.58986
wrapping first mol.:       22.28622       31.51748       54.58986
wrapping first mol.:       22.28622       31.51748       54.58986
wrapping first mol.:       22.28622       31.51748       54.58986
wrapping first mol.:       22.28622       31.51748       54.58986
wrapping first mol.:       22.28622       31.51748       54.58986
wrapping first mol.:       22.28622       31.51748       54.58986
wrapping first mol.:       22.28622       31.51748       54.58986

 NSTEP =   500000   TIME(PS) = 4001000.000  TEMP(K) =   300.20  PRESS =     0.0
 Etot   =    -55899.0799  EKtot   =     14182.5430  EPtot      =    -70081.6229
 BOND   =       443.1894  ANGLE   =      1187.4486  DIHED      =      1830.8597
 1-4 NB =       572.1037  1-4 EEL =      8954.4635  VDWAALS    =      8606.1546
 EELEC  =    -91675.8424  EHBOND  =         0.0000  RESTRAINT  =         0.0000
 ------------------------------------------------------------------------------

wrapping first mol.:       22.28622       31.51748       54.58986
wrapping first mol.:       22.28622       31.51748       54.58986
wrapping first mol.:       22.28622       31.51748       54.58986
wrapping first mol.:       22.28622       31.51748       54.58986
wrapping first mol.:       22.28622       31.51748       54.58986
wrapping first mol.:       22.28622       31.51748       54.58986
wrapping first mol.:       22.28622       31.51748       54.58986
wrapping first mol.:       22.28622       31.51748       54.58986
wrapping first mol.:       22.28622       31.51748       54.58986
wrapping first mol.:       22.28622       31.51748       54.58986
wrapping first mol.:       22.28622       31.51748       54.58986

 NSTEP =   550000   TIME(PS) = 4001100.000  TEMP(K) =   297.02  PRESS =     0.0
 Etot   =    -56004.9730  EKtot   =     14032.4990  EPtot      =    -70037.4720
 BOND   =       449.1618  ANGLE   =      1109.2573  DIHED      =      1857.1543
 1-4 NB =       574.6894  1-4 EEL =      8961.1469  VDWAALS    =      8506.3103
 EELEC  =    -91495.1922  EHBOND  =         0.0000  RESTRAINT  =         0.0000
 ------------------------------------------------------------------------------

wrapping first mol.:       22.28622       31.51748       54.58986
wrapping first mol.:       22.28622       31.51748       54.58986
wrapping first mol.:       22.28622       31.51748       54.58986
wrapping first mol.:       22.28622       31.51748       54.58986
wrapping first mol.:       22.28622       31.51748       54.58986
wrapping first mol.:       22.28622       31.51748       54.58986
wrapping first mol.:       22.28622       31.51748       54.58986
wrapping first mol.:       22.28622       31.51748       54.58986
wrapping first mol.:       22.28622       31.51748       54.58986
wrapping first mol.:       22.28622       31.51748       54.58986
wrapping first mol.:       22.28622       31.51748       54.58986

 NSTEP =   600000   TIME(PS) = 4001200.000  TEMP(K) =   295.31  PRESS =     0.0
 Etot   =    -56327.0937  EKtot   =     13951.4053  EPtot      =    -70278.4990
 BOND   =       444.6659  ANGLE   =      1139.7213  DIHED      =      1844.0075
 1-4 NB =       569.5994  1-4 EEL =      8920.3697  VDWAALS    =      8442.6126
 EELEC  =    -91639.4754  EHBOND  =         0.0000  RESTRAINT  =         0.0000
 ------------------------------------------------------------------------------

wrapping first mol.:       22.28622       31.51748       54.58986
wrapping first mol.:       22.28622       31.51748       54.58986
wrapping first mol.:       22.28622       31.51748       54.58986
wrapping first mol.:       22.28622       31.51748       54.58986
wrapping first mol.:       22.28622       31.51748       54.58986
wrapping first mol.:       22.28622       31.51748       54.58986
wrapping first mol.:       22.28622       31.51748       54.58986
wrapping first mol.:       22.28622       31.51748       54.58986
wrapping first mol.:       22.28622       31.51748       54.58986
wrapping first mol.:       22.28622       31.51748       54.58986
wrapping first mol.:       22.28622       31.51748       54.58986

 NSTEP =   650000   TIME(PS) = 4001300.000  TEMP(K) =   297.05  PRESS =     0.0
 Etot   =    -56032.3986  EKtot   =     14033.5322  EPtot      =    -70065.9308
 BOND   =       490.6772  ANGLE   =      1225.6003  DIHED      =      1849.3501
 1-4 NB =       573.8516  1-4 EEL =      8922.8998  VDWAALS    =      8734.5157
 EELEC  =    -91862.8254  EHBOND  =         0.0000  RESTRAINT  =         0.0000
 ------------------------------------------------------------------------------

wrapping first mol.:       22.28622       31.51748       54.58986
wrapping first mol.:       22.28622       31.51748       54.58986
wrapping first mol.:       22.28622       31.51748       54.58986
wrapping first mol.:       22.28622       31.51748       54.58986
wrapping first mol.:       22.28622       31.51748       54.58986
wrapping first mol.:       22.28622       31.51748       54.58986
wrapping first mol.:       22.28622       31.51748       54.58986
wrapping first mol.:       22.28622       31.51748       54.58986
wrapping first mol.:       22.28622       31.51748       54.58986
wrapping first mol.:       22.28622       31.51748       54.58986
wrapping first mol.:       22.28622       31.51748       54.58986

 NSTEP =   700000   TIME(PS) = 4001400.000  TEMP(K) =   302.23  PRESS =     0.0
 Etot   =    -55946.0462  EKtot   =     14278.1816  EPtot      =    -70224.2278
 BOND   =       439.4673  ANGLE   =      1153.9360  DIHED      =      1843.3828
 1-4 NB =       583.4019  1-4 EEL =      8970.0430  VDWAALS    =      8517.9213
 EELEC  =    -91732.3801  EHBOND  =         0.0000  RESTRAINT  =         0.0000
 ------------------------------------------------------------------------------

wrapping first mol.:       22.28622       31.51748       54.58986
wrapping first mol.:       22.28622       31.51748       54.58986
wrapping first mol.:       22.28622       31.51748       54.58986
wrapping first mol.:       22.28622       31.51748       54.58986
wrapping first mol.:       22.28622       31.51748       54.58986
wrapping first mol.:       22.28622       31.51748       54.58986
wrapping first mol.:       22.28622       31.51748       54.58986
wrapping first mol.:       22.28622       31.51748       54.58986
wrapping first mol.:       22.28622       31.51748       54.58986
wrapping first mol.:       22.28622       31.51748       54.58986
wrapping first mol.:       22.28622       31.51748       54.58986

 NSTEP =   750000   TIME(PS) = 4001500.000  TEMP(K) =   297.11  PRESS =     0.0
 Etot   =    -55925.5672  EKtot   =     14036.6895  EPtot      =    -69962.2566
 BOND   =       465.2356  ANGLE   =      1172.6618  DIHED      =      1882.1421
 1-4 NB =       586.3301  1-4 EEL =      8947.1085  VDWAALS    =      8272.8291
 EELEC  =    -91288.5638  EHBOND  =         0.0000  RESTRAINT  =         0.0000
 ------------------------------------------------------------------------------

wrapping first mol.:       22.28622       31.51748       54.58986
wrapping first mol.:       22.28622       31.51748       54.58986
wrapping first mol.:       22.28622       31.51748       54.58986
wrapping first mol.:       22.28622       31.51748       54.58986
wrapping first mol.:       22.28622       31.51748       54.58986
wrapping first mol.:       22.28622       31.51748       54.58986
wrapping first mol.:       22.28622       31.51748       54.58986
wrapping first mol.:       22.28622       31.51748       54.58986
wrapping first mol.:       22.28622       31.51748       54.58986
wrapping first mol.:       22.28622       31.51748       54.58986
wrapping first mol.:       22.28622       31.51748       54.58986

 NSTEP =   800000   TIME(PS) = 4001600.000  TEMP(K) =   299.29  PRESS =     0.0
 Etot   =    -55869.1901  EKtot   =     14139.7246  EPtot      =    -70008.9147
 BOND   =       427.4037  ANGLE   =      1213.5304  DIHED      =      1855.2526
 1-4 NB =       579.7057  1-4 EEL =      8960.3055  VDWAALS    =      8539.8306
 EELEC  =    -91584.9431  EHBOND  =         0.0000  RESTRAINT  =         0.0000
 ------------------------------------------------------------------------------

wrapping first mol.:       22.28622       31.51748       54.58986
wrapping first mol.:       22.28622       31.51748       54.58986
wrapping first mol.:       22.28622       31.51748       54.58986
wrapping first mol.:       22.28622       31.51748       54.58986
wrapping first mol.:       22.28622       31.51748       54.58986
wrapping first mol.:       22.28622       31.51748       54.58986
wrapping first mol.:       22.28622       31.51748       54.58986
wrapping first mol.:       22.28622       31.51748       54.58986
wrapping first mol.:       22.28622       31.51748       54.58986
wrapping first mol.:       22.28622       31.51748       54.58986
wrapping first mol.:       22.28622       31.51748       54.58986

 NSTEP =   850000   TIME(PS) = 4001700.000  TEMP(K) =   298.97  PRESS =     0.0
 Etot   =    -55831.7902  EKtot   =     14124.4277  EPtot      =    -69956.2180
 BOND   =       436.5596  ANGLE   =      1224.7090  DIHED      =      1882.0004
 1-4 NB =       559.1674  1-4 EEL =      8932.6383  VDWAALS    =      8320.1616
 EELEC  =    -91311.4543  EHBOND  =         0.0000  RESTRAINT  =         0.0000
 ------------------------------------------------------------------------------

wrapping first mol.:       22.28622       31.51748       54.58986
wrapping first mol.:       22.28622       31.51748       54.58986
wrapping first mol.:       22.28622       31.51748       54.58986
wrapping first mol.:       22.28622       31.51748       54.58986
wrapping first mol.:       22.28622       31.51748       54.58986
wrapping first mol.:       22.28622       31.51748       54.58986
wrapping first mol.:       22.28622       31.51748       54.58986
wrapping first mol.:       22.28622       31.51748       54.58986
wrapping first mol.:       22.28622       31.51748       54.58986
wrapping first mol.:       22.28622       31.51748       54.58986
wrapping first mol.:       22.28622       31.51748       54.58986

 NSTEP =   900000   TIME(PS) = 4001800.000  TEMP(K) =   300.11  PRESS =     0.0
 Etot   =    -55697.0234  EKtot   =     14178.2773  EPtot      =    -69875.3007
 BOND   =       455.7213  ANGLE   =      1233.8842  DIHED      =      1860.9901
 1-4 NB =       580.4197  1-4 EEL =      8982.5565  VDWAALS    =      8684.8249
 EELEC  =    -91673.6974  EHBOND  =         0.0000  RESTRAINT  =         0.0000
 ------------------------------------------------------------------------------

wrapping first mol.:       22.28622       31.51748       54.58986
wrapping first mol.:       22.28622       31.51748       54.58986
wrapping first mol.:       22.28622       31.51748       54.58986
wrapping first mol.:       22.28622       31.51748       54.58986
wrapping first mol.:       22.28622       31.51748       54.58986
wrapping first mol.:       22.28622       31.51748       54.58986
wrapping first mol.:       22.28622       31.51748       54.58986
wrapping first mol.:       22.28622       31.51748       54.58986
wrapping first mol.:       22.28622       31.51748       54.58986
wrapping first mol.:       22.28622       31.51748       54.58986
wrapping first mol.:       22.28622       31.51748       54.58986

 NSTEP =   950000   TIME(PS) = 4001900.000  TEMP(K) =   300.51  PRESS =     0.0
 Etot   =    -55800.5259  EKtot   =     14197.3320  EPtot      =    -69997.8580
 BOND   =       451.8126  ANGLE   =      1188.7257  DIHED      =      1862.6714
 1-4 NB =       570.5967  1-4 EEL =      8968.6787  VDWAALS    =      8553.7198
 EELEC  =    -91594.0628  EHBOND  =         0.0000  RESTRAINT  =         0.0000
 ------------------------------------------------------------------------------

wrapping first mol.:       22.28622       31.51748       54.58986
wrapping first mol.:       22.28622       31.51748       54.58986
wrapping first mol.:       22.28622       31.51748       54.58986
wrapping first mol.:       22.28622       31.51748       54.58986
wrapping first mol.:       22.28622       31.51748       54.58986
wrapping first mol.:       22.28622       31.51748       54.58986
wrapping first mol.:       22.28622       31.51748       54.58986
wrapping first mol.:       22.28622       31.51748       54.58986
wrapping first mol.:       22.28622       31.51748       54.58986
wrapping first mol.:       22.28622       31.51748       54.58986
wrapping first mol.:       22.28622       31.51748       54.58986

 NSTEP =  1000000   TIME(PS) = 4002000.000  TEMP(K) =   303.52  PRESS =     0.0
 Etot   =    -55970.7944  EKtot   =     14339.4189  EPtot      =    -70310.2134
 BOND   =       428.1339  ANGLE   =      1161.7835  DIHED      =      1858.8237
 1-4 NB =       578.4947  1-4 EEL =      9014.9398  VDWAALS    =      8579.9839
 EELEC  =    -91932.3729  EHBOND  =         0.0000  RESTRAINT  =         0.0000
 ------------------------------------------------------------------------------

wrapping first mol.:       22.28622       31.51748       54.58986
wrapping first mol.:       22.28622       31.51748       54.58986
wrapping first mol.:       22.28622       31.51748       54.58986
wrapping first mol.:       22.28622       31.51748       54.58986
wrapping first mol.:       22.28622       31.51748       54.58986
wrapping first mol.:       22.28622       31.51748       54.58986
wrapping first mol.:       22.28622       31.51748       54.58986
wrapping first mol.:       22.28622       31.51748       54.58986
wrapping first mol.:       22.28622       31.51748       54.58986
wrapping first mol.:       22.28622       31.51748       54.58986
wrapping first mol.:       22.28622       31.51748       54.58986

 NSTEP =  1050000   TIME(PS) = 4002100.000  TEMP(K) =   303.68  PRESS =     0.0
 Etot   =    -55799.6518  EKtot   =     14346.7324  EPtot      =    -70146.3842
 BOND   =       428.5515  ANGLE   =      1149.6914  DIHED      =      1854.7207
 1-4 NB =       584.9494  1-4 EEL =      8965.6007  VDWAALS    =      8491.3760
 EELEC  =    -91621.2739  EHBOND  =         0.0000  RESTRAINT  =         0.0000
 ------------------------------------------------------------------------------

wrapping first mol.:       22.28622       31.51748       54.58986
wrapping first mol.:       22.28622       31.51748       54.58986
wrapping first mol.:       22.28622       31.51748       54.58986
wrapping first mol.:       22.28622       31.51748       54.58986
wrapping first mol.:       22.28622       31.51748       54.58986
wrapping first mol.:       22.28622       31.51748       54.58986
wrapping first mol.:       22.28622       31.51748       54.58986
wrapping first mol.:       22.28622       31.51748       54.58986
wrapping first mol.:       22.28622       31.51748       54.58986
wrapping first mol.:       22.28622       31.51748       54.58986
wrapping first mol.:       22.28622       31.51748       54.58986

 NSTEP =  1100000   TIME(PS) = 4002200.000  TEMP(K) =   302.02  PRESS =     0.0
 Etot   =    -55824.4511  EKtot   =     14268.4443  EPtot      =    -70092.8955
 BOND   =       442.6309  ANGLE   =      1207.0432  DIHED      =      1847.1485
 1-4 NB =       565.1619  1-4 EEL =      8906.3679  VDWAALS    =      8346.5584
 EELEC  =    -91407.8062  EHBOND  =         0.0000  RESTRAINT  =         0.0000
 ------------------------------------------------------------------------------

wrapping first mol.:       22.28622       31.51748       54.58986
wrapping first mol.:       22.28622       31.51748       54.58986
wrapping first mol.:       22.28622       31.51748       54.58986
wrapping first mol.:       22.28622       31.51748       54.58986
wrapping first mol.:       22.28622       31.51748       54.58986
wrapping first mol.:       22.28622       31.51748       54.58986
wrapping first mol.:       22.28622       31.51748       54.58986
wrapping first mol.:       22.28622       31.51748       54.58986
wrapping first mol.:       22.28622       31.51748       54.58986
wrapping first mol.:       22.28622       31.51748       54.58986
wrapping first mol.:       22.28622       31.51748       54.58986

 NSTEP =  1150000   TIME(PS) = 4002300.000  TEMP(K) =   299.27  PRESS =     0.0
 Etot   =    -55938.0879  EKtot   =     14138.4121  EPtot      =    -70076.5000
 BOND   =       427.3288  ANGLE   =      1207.3518  DIHED      =      1847.7181
 1-4 NB =       576.8776  1-4 EEL =      8943.3463  VDWAALS    =      8330.9322
 EELEC  =    -91410.0549  EHBOND  =         0.0000  RESTRAINT  =         0.0000
 ------------------------------------------------------------------------------

wrapping first mol.:       22.28622       31.51748       54.58986
wrapping first mol.:       22.28622       31.51748       54.58986
wrapping first mol.:       22.28622       31.51748       54.58986
wrapping first mol.:       22.28622       31.51748       54.58986
wrapping first mol.:       22.28622       31.51748       54.58986
wrapping first mol.:       22.28622       31.51748       54.58986
wrapping first mol.:       22.28622       31.51748       54.58986
wrapping first mol.:       22.28622       31.51748       54.58986
wrapping first mol.:       22.28622       31.51748       54.58986
wrapping first mol.:       22.28622       31.51748       54.58986
wrapping first mol.:       22.28622       31.51748       54.58986

 NSTEP =  1200000   TIME(PS) = 4002400.000  TEMP(K) =   299.85  PRESS =     0.0
 Etot   =    -55886.9103  EKtot   =     14166.1914  EPtot      =    -70053.1018
 BOND   =       449.5267  ANGLE   =      1159.5115  DIHED      =      1839.2169
 1-4 NB =       554.2156  1-4 EEL =      8948.5624  VDWAALS    =      8445.8721
 EELEC  =    -91450.0069  EHBOND  =         0.0000  RESTRAINT  =         0.0000
 ------------------------------------------------------------------------------

wrapping first mol.:       22.28622       31.51748       54.58986
wrapping first mol.:       22.28622       31.51748       54.58986
wrapping first mol.:       22.28622       31.51748       54.58986
wrapping first mol.:       22.28622       31.51748       54.58986
wrapping first mol.:       22.28622       31.51748       54.58986
wrapping first mol.:       22.28622       31.51748       54.58986
wrapping first mol.:       22.28622       31.51748       54.58986
wrapping first mol.:       22.28622       31.51748       54.58986
wrapping first mol.:       22.28622       31.51748       54.58986
wrapping first mol.:       22.28622       31.51748       54.58986
wrapping first mol.:       22.28622       31.51748       54.58986

 NSTEP =  1250000   TIME(PS) = 4002500.000  TEMP(K) =   301.87  PRESS =     0.0
 Etot   =    -55919.2465  EKtot   =     14261.5557  EPtot      =    -70180.8021
 BOND   =       457.6581  ANGLE   =      1162.4298  DIHED      =      1851.5671
 1-4 NB =       561.7862  1-4 EEL =      8901.8191  VDWAALS    =      8330.3144
 EELEC  =    -91446.3769  EHBOND  =         0.0000  RESTRAINT  =         0.0000
 ------------------------------------------------------------------------------

wrapping first mol.:       22.28622       31.51748       54.58986
wrapping first mol.:       22.28622       31.51748       54.58986
wrapping first mol.:       22.28622       31.51748       54.58986
wrapping first mol.:       22.28622       31.51748       54.58986
wrapping first mol.:       22.28622       31.51748       54.58986
wrapping first mol.:       22.28622       31.51748       54.58986
wrapping first mol.:       22.28622       31.51748       54.58986
wrapping first mol.:       22.28622       31.51748       54.58986
wrapping first mol.:       22.28622       31.51748       54.58986
wrapping first mol.:       22.28622       31.51748       54.58986
wrapping first mol.:       22.28622       31.51748       54.58986

 NSTEP =  1300000   TIME(PS) = 4002600.000  TEMP(K) =   296.34  PRESS =     0.0
 Etot   =    -56259.9283  EKtot   =     13999.9072  EPtot      =    -70259.8355
 BOND   =       438.6575  ANGLE   =      1150.4548  DIHED      =      1858.1493
 1-4 NB =       562.9918  1-4 EEL =      8861.8127  VDWAALS    =      8603.7451
 EELEC  =    -91735.6467  EHBOND  =         0.0000  RESTRAINT  =         0.0000
 ------------------------------------------------------------------------------

wrapping first mol.:       22.28622       31.51748       54.58986
wrapping first mol.:       22.28622       31.51748       54.58986
wrapping first mol.:       22.28622       31.51748       54.58986
wrapping first mol.:       22.28622       31.51748       54.58986
wrapping first mol.:       22.28622       31.51748       54.58986
wrapping first mol.:       22.28622       31.51748       54.58986
wrapping first mol.:       22.28622       31.51748       54.58986
wrapping first mol.:       22.28622       31.51748       54.58986
wrapping first mol.:       22.28622       31.51748       54.58986
wrapping first mol.:       22.28622       31.51748       54.58986
wrapping first mol.:       22.28622       31.51748       54.58986

 NSTEP =  1350000   TIME(PS) = 4002700.000  TEMP(K) =   298.40  PRESS =     0.0
 Etot   =    -55756.0513  EKtot   =     14097.5947  EPtot      =    -69853.6460
 BOND   =       433.7442  ANGLE   =      1183.8748  DIHED      =      1830.9220
 1-4 NB =       574.2339  1-4 EEL =      8915.5511  VDWAALS    =      8399.5608
 EELEC  =    -91191.5329  EHBOND  =         0.0000  RESTRAINT  =         0.0000
 ------------------------------------------------------------------------------

wrapping first mol.:       22.28622       31.51748       54.58986
wrapping first mol.:       22.28622       31.51748       54.58986
wrapping first mol.:       22.28622       31.51748       54.58986
wrapping first mol.:       22.28622       31.51748       54.58986
wrapping first mol.:       22.28622       31.51748       54.58986
wrapping first mol.:       22.28622       31.51748       54.58986
wrapping first mol.:       22.28622       31.51748       54.58986
wrapping first mol.:       22.28622       31.51748       54.58986
wrapping first mol.:       22.28622       31.51748       54.58986
wrapping first mol.:       22.28622       31.51748       54.58986
wrapping first mol.:       22.28622       31.51748       54.58986

 NSTEP =  1400000   TIME(PS) = 4002800.000  TEMP(K) =   299.81  PRESS =     0.0
 Etot   =    -56158.0643  EKtot   =     14163.9199  EPtot      =    -70321.9842
 BOND   =       418.0184  ANGLE   =      1153.3090  DIHED      =      1857.9854
 1-4 NB =       561.0204  1-4 EEL =      8931.8472  VDWAALS    =      8574.3833
 EELEC  =    -91818.5479  EHBOND  =         0.0000  RESTRAINT  =         0.0000
 ------------------------------------------------------------------------------


      A V E R A G E S   O V E R      28 S T E P S


 NSTEP =  1400000   TIME(PS) = 4002800.000  TEMP(K) =   299.54  PRESS =     0.0
 Etot   =    -55942.5799  EKtot   =     14151.1166  EPtot      =    -70093.6966
 BOND   =       448.2540  ANGLE   =      1185.3822  DIHED      =      1850.6392
 1-4 NB =       572.4036  1-4 EEL =      8934.0948  VDWAALS    =      8486.2621
 EELEC  =    -91570.7324  EHBOND  =         0.0000  RESTRAINT  =         0.0000
 ------------------------------------------------------------------------------


      R M S  F L U C T U A T I O N S


 NSTEP =  1400000   TIME(PS) = 4002800.000  TEMP(K) =     1.98  PRESS =     0.0
 Etot   =       145.3397  EKtot   =        93.3715  EPtot      =       123.7718
 BOND   =        18.0743  ANGLE   =        34.0867  DIHED      =        16.0445
 1-4 NB =         8.1947  1-4 EEL =        33.4211  VDWAALS    =       127.5950
 EELEC  =       202.6381  EHBOND  =         0.0000  RESTRAINT  =         0.0000
 ------------------------------------------------------------------------------

--------------------------------------------------------------------------------
   5.  TIMINGS
--------------------------------------------------------------------------------

|  NonSetup CPU Time in Major Routines:
|
|     Routine           Sec        %
|     ------------------------------
|     Nonbond         135.91    5.69
|     Bond              0.00    0.00
|     Angle             0.00    0.00
|     Dihedral          0.00    0.00
|     Shake             7.69    0.32
|     RunMD          2242.61   93.94
|     Other             1.09    0.05
|     ------------------------------
|     Total          2387.30

|  PME Nonbond Pairlist CPU Time:
|
|     Routine              Sec        %
|     ---------------------------------
|     Set Up Cit           0.00    0.00
|     Build List           0.00    0.00
|     ---------------------------------
|     Total                0.00    0.00

|  PME Direct Force CPU Time:
|
|     Routine              Sec        %
|     ---------------------------------
|     NonBonded Calc       0.00    0.00
|     Exclude Masked       0.00    0.00
|     Other                0.56    0.02
|     ---------------------------------
|     Total                0.56    0.02

|  PME Reciprocal Force CPU Time:
|
|     Routine              Sec        %
|     ---------------------------------
|     1D bspline           0.00    0.00
|     Grid Charges         0.00    0.00
|     Scalar Sum           0.00    0.00
|     Gradient Sum         0.00    0.00
|     FFT                  0.00    0.00
|     ---------------------------------
|     Total                0.00    0.00

|  Final Performance Info:
|     -----------------------------------------------------
|     Average timings for last       0 steps:
|     Elapsed(s) =       0.00 Per Step(ms) =   Infinity
|         ns/day =       0.00   seconds/ns =   Infinity
|
|     Average timings for all steps:
|     Elapsed(s) =    2387.03 Per Step(ms) =       1.71
|         ns/day =     101.35   seconds/ns =     852.51
|     -----------------------------------------------------

|  Setup CPU time:            0.50 seconds
|  NonSetup CPU time:      2387.30 seconds
|  Total CPU time:         2387.80 seconds     0.66 hours

|  Setup wall time:           1    seconds
|  NonSetup wall time:     2387    seconds
|  Total wall time:        2388    seconds     0.66 hours
