
          -------------------------------------------------------
          Amber 16 PMEMD                              2016
          -------------------------------------------------------

| PMEMD implementation of SANDER, Release 16

| Run on 05/03/2018 at 15:08:47

|   Executable path: pmemd.cuda
| Working directory: /home/german/lbp/run/4uet/data
|          Hostname: Unknown
  [-O]verwriting output

File Assignments:
|   MDIN: pdt.in                                                                
|  MDOUT: 4pdt.out                                                              
| INPCRD: 3p4uet.rst7                                                           
|   PARM: /home/german/lbp/top_files/4uet.prmtop                                
| RESTRT: 4p4uet.rst7                                                           
|   REFC: refc                                                                  
|  MDVEL: mdvel                                                                 
|   MDEN: mden                                                                  
|  MDCRD: 4p4uet.nc                                                             
| MDINFO: mdinfo                                                                
|  MDFRC: mdfrc                                                                 


 Here is the input file:

Production run                                                                 
&cntrl                                                                         
imin = 0,                           ! No Minimization                          
nmropt = 0,                         ! No NMR restraints read                   
                                                                               
! Nature and format of the input                                               
ntx = 5,                            ! Coordinates and velocities will be read  
irest = 1,                          ! Do not run a new simulation              
                                                                               
! Nature and format of the output                                              
ntxo = 1,                           ! rstrt file in ASCII format               
ntpr = 50000,                       ! inf in output every ntpr steps           
ntwr = 50000,                       ! rstrt file every ntwr steps              
ntwx = 5000,                        ! mdcrd file every ntwx steps              
ntwv = 0,                           ! mdvel without velocities                 
ntwe = 0,                           ! Energies and temperatures not written in 
idecomp = 0,                        ! No energy decomposition                  
iwrap = 1,                          ! Coordinates of the restart and mdcrd file
                                                                               
! Frozen or restrained atoms                                                   
ibelly = 0,                         ! No frozen atoms                          
ntr=0,                              ! Harmonic potential restraints            
                                                                               
! Molecular dynamics                                                           
nstlim = 3630000,                   ! Number of MD-steps                       
dt = 0.002,                         ! Time step                                
                                                                               
! Temperature regulation                                                       
ntt = 3,                            ! Langevin thermostat                      
gamma_ln = 2,                       ! Gamma constant for Langevin              
temp0 = 300.0,                      ! Reference T at which the system is to be 
tempi = 300.0,                      ! Initial T                                
ig = -1,                            ! Seed for the RNG                         
                                                                               
! P and V regulation                                                           
!barostat = 1,                       ! Berendsen barostat                      
!taup = 1,                           ! Pressure relaxation time                
ntp = 0,                            ! constant P                               
ntb = 1,                            ! Periodic box for constant V              
                                                                               
! SHAKE variables                                                              
ntc = 2,                            ! Bonds involving H are constrained        
ntf = 2,                            ! Bond interaction involving H are ommited.
                                                                               
cut = 9.0,                          ! Nonbonded cutoff                         
/                                                                              
&end                                                                           


Note: ig = -1. Setting random seed to   588396 based on wallclock time in 
      microseconds.
 
|--------------------- INFORMATION ----------------------
| GPU (CUDA) Version of PMEMD in use: NVIDIA GPU IN USE.
|                    Version 16.0.0
| 
|                      02/25/2016
| 
| Implementation by:
|                    Ross C. Walker     (SDSC)
|                    Scott Le Grand     (nVIDIA)
| 
| Precision model in use:
|      [SPFP] - Single Precision Forces, 64-bit Fixed Point
|               Accumulation. (Default)
| 
|--------------------------------------------------------
 
|----------------- CITATION INFORMATION -----------------
|
|    When publishing work that utilized the CUDA version
|    of AMBER, please cite the following in addition to
|    the regular AMBER citations:
|
|  - Romelia Salomon-Ferrer; Andreas W. Goetz; Duncan
|    Poole; Scott Le Grand; Ross C. Walker "Routine
|    microsecond molecular dynamics simulations with
|    AMBER - Part II: Particle Mesh Ewald", J. Chem.
|    Theory Comput., 2013, 9 (9), pp3878-3888,
|    DOI: 10.1021/ct400314y.
|
|  - Andreas W. Goetz; Mark J. Williamson; Dong Xu;
|    Duncan Poole; Scott Le Grand; Ross C. Walker
|    "Routine microsecond molecular dynamics simulations
|    with AMBER - Part I: Generalized Born", J. Chem.
|    Theory Comput., 2012, 8 (5), pp1542-1555.
|
|  - Scott Le Grand; Andreas W. Goetz; Ross C. Walker
|    "SPFP: Speed without compromise - a mixed precision
|    model for GPU accelerated molecular dynamics
|    simulations.", Comp. Phys. Comm., 2013, 184
|    pp374-380, DOI: 10.1016/j.cpc.2012.09.022
|
|--------------------------------------------------------
 
|------------------- GPU DEVICE INFO --------------------
|
|            CUDA_VISIBLE_DEVICES: 0
|   CUDA Capable Devices Detected:      1
|           CUDA Device ID in use:      0
|                CUDA Device Name: GeForce GTX 1060 6GB
|     CUDA Device Global Mem Size:   6072 MB
| CUDA Device Num Multiprocessors:     10
|           CUDA Device Core Freq:   1.76 GHz
|
|--------------------------------------------------------
 
 
| Conditional Compilation Defines Used:
| PUBFFT
| BINTRAJ
| CUDA
| EMIL

| Largest sphere to fit in unit cell has radius =    27.295

| New format PARM file being parsed.
| Version =    1.000 Date = 04/12/18 Time = 12:40:58

| Note: 1-4 EEL scale factors are being read from the topology file.

| Note: 1-4 VDW scale factors are being read from the topology file.
| Duplicated    0 dihedrals

| Duplicated    0 dihedrals

--------------------------------------------------------------------------------
   1.  RESOURCE   USE: 
--------------------------------------------------------------------------------

 getting new box info from bottom of inpcrd
 NATOM  =   23173 NTYPES =      17 NBONH =   21971 MBONA  =    1220
 NTHETH =    2839 MTHETA =    1632 NPHIH =    5501 MPHIA  =    5045
 NHPARM =       0 NPARM  =       0 NNB   =   41143 NRES   =    7073
 NBONA  =    1220 NTHETA =    1632 NPHIA =    5045 NUMBND =      58
 NUMANG =     130 NPTRA  =     163 NATYP =      31 NPHB   =       1
 IFBOX  =       2 NMXRS  =      24 IFCAP =       0 NEXTRA =       0
 NCOPY  =       0

| Coordinate Index Table dimensions:    11   11   11
| Direct force subcell size =     6.0781    6.0781    6.0781

     BOX TYPE: TRUNCATED OCTAHEDRON

--------------------------------------------------------------------------------
   2.  CONTROL  DATA  FOR  THE  RUN
--------------------------------------------------------------------------------

default_name                                                                    

General flags:
     imin    =       0, nmropt  =       0

Nature and format of input:
     ntx     =       5, irest   =       1, ntrx    =       1

Nature and format of output:
     ntxo    =       1, ntpr    =   50000, ntrx    =       1, ntwr    =   50000
     iwrap   =       1, ntwx    =    5000, ntwv    =       0, ntwe    =       0
     ioutfm  =       1, ntwprt  =       0, idecomp =       0, rbornstat=      0

Potential function:
     ntf     =       2, ntb     =       1, igb     =       0, nsnb    =      25
     ipol    =       0, gbsa    =       0, iesp    =       0
     dielc   =   1.00000, cut     =   9.00000, intdiel =   1.00000

Frozen or restrained atoms:
     ibelly  =       0, ntr     =       0

Molecular dynamics:
     nstlim  =   3630000, nscm    =      1000, nrespa  =         1
     t       =   0.00000, dt      =   0.00200, vlimit  =  -1.00000

Langevin dynamics temperature regulation:
     ig      =  588396
     temp0   = 300.00000, tempi   = 300.00000, gamma_ln=   2.00000

SHAKE:
     ntc     =       2, jfastw  =       0
     tol     =   0.00001

| Intermolecular bonds treatment:
|     no_intermolecular_bonds =       1

| Energy averages sample interval:
|     ene_avg_sampling =   50000

Ewald parameters:
     verbose =       0, ew_type =       0, nbflag  =       1, use_pme =       1
     vdwmeth =       1, eedmeth =       1, netfrc  =       1
     Box X =   66.859   Box Y =   66.859   Box Z =   66.859
     Alpha =  109.471   Beta  =  109.471   Gamma =  109.471
     NFFT1 =   64       NFFT2 =   64       NFFT3 =   64
     Cutoff=    9.000   Tol   =0.100E-04
     Ewald Coefficient =  0.30768
     Interpolation order =    4

--------------------------------------------------------------------------------
   3.  ATOMIC COORDINATES AND VELOCITIES
--------------------------------------------------------------------------------

default_name                                                                    
 begin time read from input coords =********** ps

 
 Number of triangulated 3-point waters found:     6914

     Sum of charges from parm topology file =  -0.00000007
     Forcing neutrality...

| Dynamic Memory, Types Used:
| Reals              715223
| Integers           785949

| Nonbonded Pairs Initial Allocation:     5283444

| GPU memory information (estimate):
| KB of GPU memory in use:    166119
| KB of CPU memory in use:     32206

--------------------------------------------------------------------------------
   4.  RESULTS
--------------------------------------------------------------------------------

 ---------------------------------------------------
 APPROXIMATING switch and d/dx switch using CUBIC SPLINE INTERPOLATION
 using   5000.0 points per unit in tabled values
 TESTING RELATIVE ERROR over r ranging from 0.0 to cutoff
| CHECK switch(x): max rel err =   0.2738E-14   at   2.422500
| CHECK d/dx switch(x): max rel err =   0.8314E-11   at   2.736960
 ---------------------------------------------------
|---------------------------------------------------
| APPROXIMATING direct energy using CUBIC SPLINE INTERPOLATION
|  with   50.0 points per unit in tabled values
| Relative Error Limit not exceeded for r .gt.   2.39
| APPROXIMATING direct force using CUBIC SPLINE INTERPOLATION
|  with   50.0 points per unit in tabled values
| Relative Error Limit not exceeded for r .gt.   2.84
|---------------------------------------------------
wrapping first mol.:       66.85865        0.00000        0.00000
wrapping first mol.:       66.85865        0.00000        0.00000
wrapping first mol.:       66.85865        0.00000        0.00000
wrapping first mol.:       66.85865        0.00000        0.00000
wrapping first mol.:       66.85865        0.00000        0.00000
wrapping first mol.:       66.85865        0.00000        0.00000
wrapping first mol.:       66.85865        0.00000        0.00000
wrapping first mol.:       66.85865        0.00000        0.00000
wrapping first mol.:       66.85865        0.00000        0.00000
wrapping first mol.:       66.85865        0.00000        0.00000
wrapping first mol.:       66.85865        0.00000        0.00000

 NSTEP =    50000   TIME(PS) = 1000100.000  TEMP(K) =   300.58  PRESS =     0.0
 Etot   =    -56031.6938  EKtot   =     14200.4951  EPtot      =    -70232.1889
 BOND   =       486.4775  ANGLE   =      1194.5378  DIHED      =      1840.3175
 1-4 NB =       550.1828  1-4 EEL =      8916.9881  VDWAALS    =      8381.6785
 EELEC  =    -91602.3712  EHBOND  =         0.0000  RESTRAINT  =         0.0000
 ------------------------------------------------------------------------------

wrapping first mol.:       66.85865        0.00000        0.00000
wrapping first mol.:       66.85865        0.00000        0.00000
wrapping first mol.:       66.85865        0.00000        0.00000
wrapping first mol.:       66.85865        0.00000        0.00000
wrapping first mol.:       66.85865        0.00000        0.00000
wrapping first mol.:       66.85865        0.00000        0.00000
wrapping first mol.:       66.85865        0.00000        0.00000
wrapping first mol.:       66.85865        0.00000        0.00000
wrapping first mol.:       66.85865        0.00000        0.00000
wrapping first mol.:       66.85865        0.00000        0.00000
wrapping first mol.:       66.85865        0.00000        0.00000

 NSTEP =   100000   TIME(PS) = 1000200.000  TEMP(K) =   299.98  PRESS =     0.0
 Etot   =    -55866.1235  EKtot   =     14172.3398  EPtot      =    -70038.4633
 BOND   =       447.5737  ANGLE   =      1176.7078  DIHED      =      1859.6362
 1-4 NB =       555.8104  1-4 EEL =      8926.9055  VDWAALS    =      8301.9687
 EELEC  =    -91307.0655  EHBOND  =         0.0000  RESTRAINT  =         0.0000
 ------------------------------------------------------------------------------

wrapping first mol.:       66.85865        0.00000        0.00000
wrapping first mol.:       66.85865        0.00000        0.00000
wrapping first mol.:       66.85865        0.00000        0.00000
wrapping first mol.:       66.85865        0.00000        0.00000
wrapping first mol.:       66.85865        0.00000        0.00000
wrapping first mol.:       66.85865        0.00000        0.00000
wrapping first mol.:       66.85865        0.00000        0.00000
wrapping first mol.:       66.85865        0.00000        0.00000
wrapping first mol.:       66.85865        0.00000        0.00000
wrapping first mol.:       66.85865        0.00000        0.00000
wrapping first mol.:       66.85865        0.00000        0.00000

 NSTEP =   150000   TIME(PS) = 1000300.000  TEMP(K) =   296.24  PRESS =     0.0
 Etot   =    -55932.1630  EKtot   =     13995.3457  EPtot      =    -69927.5087
 BOND   =       448.2798  ANGLE   =      1205.9973  DIHED      =      1843.5780
 1-4 NB =       571.0018  1-4 EEL =      8903.4879  VDWAALS    =      8295.3287
 EELEC  =    -91195.1823  EHBOND  =         0.0000  RESTRAINT  =         0.0000
 ------------------------------------------------------------------------------

wrapping first mol.:       66.85865        0.00000        0.00000
wrapping first mol.:       66.85865        0.00000        0.00000
wrapping first mol.:       66.85865        0.00000        0.00000
wrapping first mol.:       66.85865        0.00000        0.00000
wrapping first mol.:       66.85865        0.00000        0.00000
wrapping first mol.:       66.85865        0.00000        0.00000
wrapping first mol.:       66.85865        0.00000        0.00000
wrapping first mol.:       66.85865        0.00000        0.00000
wrapping first mol.:       66.85865        0.00000        0.00000
wrapping first mol.:       66.85865        0.00000        0.00000
wrapping first mol.:       66.85865        0.00000        0.00000

 NSTEP =   200000   TIME(PS) = 1000400.000  TEMP(K) =   296.50  PRESS =     0.0
 Etot   =    -56017.6873  EKtot   =     14007.4980  EPtot      =    -70025.1854
 BOND   =       429.5437  ANGLE   =      1196.5570  DIHED      =      1860.5421
 1-4 NB =       573.3048  1-4 EEL =      8917.3463  VDWAALS    =      8333.3106
 EELEC  =    -91335.7900  EHBOND  =         0.0000  RESTRAINT  =         0.0000
 ------------------------------------------------------------------------------

wrapping first mol.:       66.85865        0.00000        0.00000
wrapping first mol.:       66.85865        0.00000        0.00000
wrapping first mol.:       66.85865        0.00000        0.00000
wrapping first mol.:       66.85865        0.00000        0.00000
wrapping first mol.:       66.85865        0.00000        0.00000
wrapping first mol.:       66.85865        0.00000        0.00000
wrapping first mol.:       66.85865        0.00000        0.00000
wrapping first mol.:       66.85865        0.00000        0.00000
wrapping first mol.:       66.85865        0.00000        0.00000
wrapping first mol.:       66.85865        0.00000        0.00000
wrapping first mol.:       66.85865        0.00000        0.00000

 NSTEP =   250000   TIME(PS) = 1000500.000  TEMP(K) =   300.12  PRESS =     0.0
 Etot   =    -56051.0513  EKtot   =     14178.7305  EPtot      =    -70229.7817
 BOND   =       458.5171  ANGLE   =      1159.4945  DIHED      =      1828.7716
 1-4 NB =       561.9991  1-4 EEL =      8917.4647  VDWAALS    =      8457.8063
 EELEC  =    -91613.8350  EHBOND  =         0.0000  RESTRAINT  =         0.0000
 ------------------------------------------------------------------------------

wrapping first mol.:       66.85865        0.00000        0.00000
wrapping first mol.:       66.85865        0.00000        0.00000
wrapping first mol.:       66.85865        0.00000        0.00000
wrapping first mol.:       66.85865        0.00000        0.00000
wrapping first mol.:       66.85865        0.00000        0.00000
wrapping first mol.:       66.85865        0.00000        0.00000
wrapping first mol.:       66.85865        0.00000        0.00000
wrapping first mol.:       66.85865        0.00000        0.00000
wrapping first mol.:       66.85865        0.00000        0.00000
wrapping first mol.:       66.85865        0.00000        0.00000
wrapping first mol.:       66.85865        0.00000        0.00000

 NSTEP =   300000   TIME(PS) = 1000600.000  TEMP(K) =   301.00  PRESS =     0.0
 Etot   =    -55980.7289  EKtot   =     14220.4287  EPtot      =    -70201.1576
 BOND   =       432.7753  ANGLE   =      1197.8040  DIHED      =      1828.4730
 1-4 NB =       558.4107  1-4 EEL =      8922.0648  VDWAALS    =      8323.4269
 EELEC  =    -91464.1123  EHBOND  =         0.0000  RESTRAINT  =         0.0000
 ------------------------------------------------------------------------------

wrapping first mol.:       66.85865        0.00000        0.00000
wrapping first mol.:       66.85865        0.00000        0.00000
wrapping first mol.:       66.85865        0.00000        0.00000
wrapping first mol.:       66.85865        0.00000        0.00000
wrapping first mol.:       66.85865        0.00000        0.00000
wrapping first mol.:       66.85865        0.00000        0.00000
wrapping first mol.:       66.85865        0.00000        0.00000
wrapping first mol.:       66.85865        0.00000        0.00000
wrapping first mol.:       66.85865        0.00000        0.00000
wrapping first mol.:       66.85865        0.00000        0.00000
wrapping first mol.:       66.85865        0.00000        0.00000

 NSTEP =   350000   TIME(PS) = 1000700.000  TEMP(K) =   299.89  PRESS =     0.0
 Etot   =    -55764.1110  EKtot   =     14167.8496  EPtot      =    -69931.9606
 BOND   =       455.8951  ANGLE   =      1179.1599  DIHED      =      1824.5037
 1-4 NB =       573.6315  1-4 EEL =      8937.0739  VDWAALS    =      8648.6801
 EELEC  =    -91550.9047  EHBOND  =         0.0000  RESTRAINT  =         0.0000
 ------------------------------------------------------------------------------

wrapping first mol.:       66.85865        0.00000        0.00000
wrapping first mol.:       66.85865        0.00000        0.00000
wrapping first mol.:       66.85865        0.00000        0.00000
wrapping first mol.:       66.85865        0.00000        0.00000
wrapping first mol.:       66.85865        0.00000        0.00000
wrapping first mol.:       66.85865        0.00000        0.00000
wrapping first mol.:       66.85865        0.00000        0.00000
wrapping first mol.:       66.85865        0.00000        0.00000
wrapping first mol.:       66.85865        0.00000        0.00000
wrapping first mol.:       66.85865        0.00000        0.00000
wrapping first mol.:       66.85865        0.00000        0.00000

 NSTEP =   400000   TIME(PS) = 1000800.000  TEMP(K) =   297.57  PRESS =     0.0
 Etot   =    -55933.1131  EKtot   =     14058.4424  EPtot      =    -69991.5555
 BOND   =       450.3345  ANGLE   =      1196.5952  DIHED      =      1842.6692
 1-4 NB =       568.4831  1-4 EEL =      8925.7321  VDWAALS    =      8579.6492
 EELEC  =    -91555.0188  EHBOND  =         0.0000  RESTRAINT  =         0.0000
 ------------------------------------------------------------------------------

wrapping first mol.:       66.85865        0.00000        0.00000
wrapping first mol.:       66.85865        0.00000        0.00000
wrapping first mol.:       66.85865        0.00000        0.00000
wrapping first mol.:       66.85865        0.00000        0.00000
wrapping first mol.:       66.85865        0.00000        0.00000
wrapping first mol.:       66.85865        0.00000        0.00000
wrapping first mol.:       66.85865        0.00000        0.00000
wrapping first mol.:       66.85865        0.00000        0.00000
wrapping first mol.:       66.85865        0.00000        0.00000
wrapping first mol.:       66.85865        0.00000        0.00000
wrapping first mol.:       66.85865        0.00000        0.00000

 NSTEP =   450000   TIME(PS) = 1000900.000  TEMP(K) =   297.02  PRESS =     0.0
 Etot   =    -56100.5961  EKtot   =     14032.3252  EPtot      =    -70132.9213
 BOND   =       450.3129  ANGLE   =      1186.5809  DIHED      =      1796.0379
 1-4 NB =       553.1121  1-4 EEL =      8899.4007  VDWAALS    =      8235.8348
 EELEC  =    -91254.2005  EHBOND  =         0.0000  RESTRAINT  =         0.0000
 ------------------------------------------------------------------------------

wrapping first mol.:       66.85865        0.00000        0.00000
wrapping first mol.:       66.85865        0.00000        0.00000
wrapping first mol.:       66.85865        0.00000        0.00000
wrapping first mol.:       66.85865        0.00000        0.00000
wrapping first mol.:       66.85865        0.00000        0.00000
wrapping first mol.:       66.85865        0.00000        0.00000
wrapping first mol.:       66.85865        0.00000        0.00000
wrapping first mol.:       66.85865        0.00000        0.00000
wrapping first mol.:       66.85865        0.00000        0.00000
wrapping first mol.:       66.85865        0.00000        0.00000
wrapping first mol.:       66.85865        0.00000        0.00000

 NSTEP =   500000   TIME(PS) = 1001000.000  TEMP(K) =   298.36  PRESS =     0.0
 Etot   =    -55786.4200  EKtot   =     14095.7617  EPtot      =    -69882.1817
 BOND   =       442.9847  ANGLE   =      1201.5121  DIHED      =      1838.9048
 1-4 NB =       568.3169  1-4 EEL =      8862.9705  VDWAALS    =      8493.3514
 EELEC  =    -91290.2221  EHBOND  =         0.0000  RESTRAINT  =         0.0000
 ------------------------------------------------------------------------------

wrapping first mol.:       66.85865        0.00000        0.00000
wrapping first mol.:       66.85865        0.00000        0.00000
wrapping first mol.:       66.85865        0.00000        0.00000
wrapping first mol.:       66.85865        0.00000        0.00000
wrapping first mol.:       66.85865        0.00000        0.00000
wrapping first mol.:       66.85865        0.00000        0.00000
wrapping first mol.:       66.85865        0.00000        0.00000
wrapping first mol.:       66.85865        0.00000        0.00000
wrapping first mol.:       66.85865        0.00000        0.00000
wrapping first mol.:       66.85865        0.00000        0.00000
wrapping first mol.:       66.85865        0.00000        0.00000

 NSTEP =   550000   TIME(PS) = 1001100.000  TEMP(K) =   302.36  PRESS =     0.0
 Etot   =    -55796.2285  EKtot   =     14284.5547  EPtot      =    -70080.7832
 BOND   =       459.8479  ANGLE   =      1221.6699  DIHED      =      1811.1274
 1-4 NB =       574.5840  1-4 EEL =      8898.4221  VDWAALS    =      8509.5727
 EELEC  =    -91556.0072  EHBOND  =         0.0000  RESTRAINT  =         0.0000
 ------------------------------------------------------------------------------

wrapping first mol.:       66.85865        0.00000        0.00000
wrapping first mol.:       66.85865        0.00000        0.00000
wrapping first mol.:       66.85865        0.00000        0.00000
wrapping first mol.:       66.85865        0.00000        0.00000
wrapping first mol.:       66.85865        0.00000        0.00000
wrapping first mol.:       66.85865        0.00000        0.00000
wrapping first mol.:       66.85865        0.00000        0.00000
wrapping first mol.:       66.85865        0.00000        0.00000
wrapping first mol.:       66.85865        0.00000        0.00000
wrapping first mol.:       66.85865        0.00000        0.00000
wrapping first mol.:       66.85865        0.00000        0.00000

 NSTEP =   600000   TIME(PS) = 1001200.000  TEMP(K) =   300.36  PRESS =     0.0
 Etot   =    -55819.4229  EKtot   =     14190.1152  EPtot      =    -70009.5381
 BOND   =       471.1964  ANGLE   =      1164.5275  DIHED      =      1814.1380
 1-4 NB =       565.1674  1-4 EEL =      8902.2592  VDWAALS    =      8443.8152
 EELEC  =    -91370.6417  EHBOND  =         0.0000  RESTRAINT  =         0.0000
 ------------------------------------------------------------------------------

wrapping first mol.:       66.85865        0.00000        0.00000
wrapping first mol.:       66.85865        0.00000        0.00000
wrapping first mol.:       66.85865        0.00000        0.00000
wrapping first mol.:       66.85865        0.00000        0.00000
wrapping first mol.:       66.85865        0.00000        0.00000
wrapping first mol.:       66.85865        0.00000        0.00000
wrapping first mol.:       66.85865        0.00000        0.00000
wrapping first mol.:       66.85865        0.00000        0.00000
wrapping first mol.:       66.85865        0.00000        0.00000
wrapping first mol.:       66.85865        0.00000        0.00000
wrapping first mol.:       66.85865        0.00000        0.00000

 NSTEP =   650000   TIME(PS) = 1001300.000  TEMP(K) =   298.64  PRESS =     0.0
 Etot   =    -55694.0121  EKtot   =     14108.9463  EPtot      =    -69802.9583
 BOND   =       469.6871  ANGLE   =      1216.8214  DIHED      =      1854.5360
 1-4 NB =       574.7594  1-4 EEL =      8865.2102  VDWAALS    =      8338.2426
 EELEC  =    -91122.2150  EHBOND  =         0.0000  RESTRAINT  =         0.0000
 ------------------------------------------------------------------------------

wrapping first mol.:       66.85865        0.00000        0.00000
wrapping first mol.:       66.85865        0.00000        0.00000
wrapping first mol.:       66.85865        0.00000        0.00000
wrapping first mol.:       66.85865        0.00000        0.00000
wrapping first mol.:       66.85865        0.00000        0.00000
wrapping first mol.:       66.85865        0.00000        0.00000
wrapping first mol.:       66.85865        0.00000        0.00000
wrapping first mol.:       66.85865        0.00000        0.00000
wrapping first mol.:       66.85865        0.00000        0.00000

 NSTEP =   700000   TIME(PS) = 1001400.000  TEMP(K) =   300.49  PRESS =     0.0
 Etot   =    -55734.6963  EKtot   =     14196.2559  EPtot      =    -69930.9522
 BOND   =       414.4384  ANGLE   =      1145.5798  DIHED      =      1850.5364
 1-4 NB =       591.0569  1-4 EEL =      8875.8972  VDWAALS    =      8590.3569
 EELEC  =    -91398.8178  EHBOND  =         0.0000  RESTRAINT  =         0.0000
 ------------------------------------------------------------------------------

wrapping first mol.:       66.85865        0.00000        0.00000
wrapping first mol.:       66.85865        0.00000        0.00000
wrapping first mol.:       66.85865        0.00000        0.00000
wrapping first mol.:       66.85865        0.00000        0.00000
wrapping first mol.:       66.85865        0.00000        0.00000
wrapping first mol.:       66.85865        0.00000        0.00000
wrapping first mol.:       66.85865        0.00000        0.00000
wrapping first mol.:       66.85865        0.00000        0.00000
wrapping first mol.:       66.85865        0.00000        0.00000
wrapping first mol.:       66.85865        0.00000        0.00000
wrapping first mol.:       66.85865        0.00000        0.00000

 NSTEP =   750000   TIME(PS) = 1001500.000  TEMP(K) =   299.45  PRESS =     0.0
 Etot   =    -55877.0993  EKtot   =     14146.8975  EPtot      =    -70023.9968
 BOND   =       438.9728  ANGLE   =      1172.5396  DIHED      =      1830.0666
 1-4 NB =       575.9796  1-4 EEL =      8845.8810  VDWAALS    =      8633.8922
 EELEC  =    -91521.3285  EHBOND  =         0.0000  RESTRAINT  =         0.0000
 ------------------------------------------------------------------------------

wrapping first mol.:       66.85865        0.00000        0.00000
wrapping first mol.:       66.85865        0.00000        0.00000
wrapping first mol.:       66.85865        0.00000        0.00000
wrapping first mol.:       66.85865        0.00000        0.00000

 NSTEP =   800000   TIME(PS) = 1001600.000  TEMP(K) =   298.97  PRESS =     0.0
 Etot   =    -56078.8019  EKtot   =     14124.2305  EPtot      =    -70203.0324
 BOND   =       470.0148  ANGLE   =      1178.8267  DIHED      =      1851.2101
 1-4 NB =       577.1164  1-4 EEL =      8868.8065  VDWAALS    =      8529.9481
 EELEC  =    -91678.9549  EHBOND  =         0.0000  RESTRAINT  =         0.0000
 ------------------------------------------------------------------------------

wrapping first mol.:       66.85865        0.00000        0.00000
wrapping first mol.:       66.85865        0.00000        0.00000
wrapping first mol.:       66.85865        0.00000        0.00000
wrapping first mol.:       66.85865        0.00000        0.00000
wrapping first mol.:       66.85865        0.00000        0.00000
wrapping first mol.:       66.85865        0.00000        0.00000
wrapping first mol.:       66.85865        0.00000        0.00000
wrapping first mol.:       66.85865        0.00000        0.00000
wrapping first mol.:       66.85865        0.00000        0.00000
wrapping first mol.:       66.85865        0.00000        0.00000
wrapping first mol.:       66.85865        0.00000        0.00000

 NSTEP =   850000   TIME(PS) = 1001700.000  TEMP(K) =   299.18  PRESS =     0.0
 Etot   =    -56037.7866  EKtot   =     14134.2598  EPtot      =    -70172.0463
 BOND   =       448.5708  ANGLE   =      1234.0060  DIHED      =      1836.3167
 1-4 NB =       544.5902  1-4 EEL =      8846.5401  VDWAALS    =      8479.3634
 EELEC  =    -91561.4336  EHBOND  =         0.0000  RESTRAINT  =         0.0000
 ------------------------------------------------------------------------------

wrapping first mol.:       66.85865        0.00000        0.00000
wrapping first mol.:       66.85865        0.00000        0.00000
wrapping first mol.:       66.85865        0.00000        0.00000
wrapping first mol.:       66.85865        0.00000        0.00000
wrapping first mol.:       66.85865        0.00000        0.00000
wrapping first mol.:       66.85865        0.00000        0.00000
wrapping first mol.:       66.85865        0.00000        0.00000
wrapping first mol.:       66.85865        0.00000        0.00000
wrapping first mol.:       66.85865        0.00000        0.00000
wrapping first mol.:       66.85865        0.00000        0.00000
wrapping first mol.:       66.85865        0.00000        0.00000

 NSTEP =   900000   TIME(PS) = 1001800.000  TEMP(K) =   301.69  PRESS =     0.0
 Etot   =    -55698.6860  EKtot   =     14252.8516  EPtot      =    -69951.5376
 BOND   =       460.4069  ANGLE   =      1249.4287  DIHED      =      1833.9728
 1-4 NB =       575.8721  1-4 EEL =      8872.0205  VDWAALS    =      8381.8421
 EELEC  =    -91325.0807  EHBOND  =         0.0000  RESTRAINT  =         0.0000
 ------------------------------------------------------------------------------

wrapping first mol.:       66.85865        0.00000        0.00000
wrapping first mol.:       66.85865        0.00000        0.00000
wrapping first mol.:       66.85865        0.00000        0.00000
wrapping first mol.:       66.85865        0.00000        0.00000
wrapping first mol.:       66.85865        0.00000        0.00000

 NSTEP =   950000   TIME(PS) = 1001900.000  TEMP(K) =   302.22  PRESS =     0.0
 Etot   =    -55853.4128  EKtot   =     14277.6982  EPtot      =    -70131.1111
 BOND   =       478.4096  ANGLE   =      1219.2997  DIHED      =      1866.6127
 1-4 NB =       574.0081  1-4 EEL =      8858.3675  VDWAALS    =      8446.3976
 EELEC  =    -91574.2063  EHBOND  =         0.0000  RESTRAINT  =         0.0000
 ------------------------------------------------------------------------------

wrapping first mol.:       66.85865        0.00000        0.00000
wrapping first mol.:       66.85865        0.00000        0.00000
wrapping first mol.:       66.85865        0.00000        0.00000

 NSTEP =  1000000   TIME(PS) = 1002000.000  TEMP(K) =   299.95  PRESS =     0.0
 Etot   =    -56056.2609  EKtot   =     14170.5537  EPtot      =    -70226.8146
 BOND   =       434.6088  ANGLE   =      1214.8087  DIHED      =      1863.5365
 1-4 NB =       576.8485  1-4 EEL =      8890.0401  VDWAALS    =      8535.8579
 EELEC  =    -91742.5152  EHBOND  =         0.0000  RESTRAINT  =         0.0000
 ------------------------------------------------------------------------------

wrapping first mol.:       66.85865        0.00000        0.00000
wrapping first mol.:       66.85865        0.00000        0.00000
wrapping first mol.:       66.85865        0.00000        0.00000
wrapping first mol.:       66.85865        0.00000        0.00000
wrapping first mol.:       66.85865        0.00000        0.00000
wrapping first mol.:       66.85865        0.00000        0.00000

 NSTEP =  1050000   TIME(PS) = 1002100.000  TEMP(K) =   301.30  PRESS =     0.0
 Etot   =    -55736.1670  EKtot   =     14234.6973  EPtot      =    -69970.8643
 BOND   =       440.6317  ANGLE   =      1170.0297  DIHED      =      1819.8435
 1-4 NB =       566.3658  1-4 EEL =      8870.9135  VDWAALS    =      8305.7160
 EELEC  =    -91144.3644  EHBOND  =         0.0000  RESTRAINT  =         0.0000
 ------------------------------------------------------------------------------

wrapping first mol.:       66.85865        0.00000        0.00000
wrapping first mol.:       66.85865        0.00000        0.00000
wrapping first mol.:       66.85865        0.00000        0.00000
wrapping first mol.:       66.85865        0.00000        0.00000
wrapping first mol.:       66.85865        0.00000        0.00000
wrapping first mol.:       66.85865        0.00000        0.00000
wrapping first mol.:       66.85865        0.00000        0.00000
wrapping first mol.:       66.85865        0.00000        0.00000

 NSTEP =  1100000   TIME(PS) = 1002200.000  TEMP(K) =   299.53  PRESS =     0.0
 Etot   =    -55949.3976  EKtot   =     14150.9941  EPtot      =    -70100.3917
 BOND   =       427.7604  ANGLE   =      1167.4027  DIHED      =      1865.5669
 1-4 NB =       580.7838  1-4 EEL =      8958.8951  VDWAALS    =      8661.5329
 EELEC  =    -91762.3335  EHBOND  =         0.0000  RESTRAINT  =         0.0000
 ------------------------------------------------------------------------------

wrapping first mol.:       66.85865        0.00000        0.00000
wrapping first mol.:       66.85865        0.00000        0.00000
wrapping first mol.:       66.85865        0.00000        0.00000
wrapping first mol.:       66.85865        0.00000        0.00000
wrapping first mol.:       66.85865        0.00000        0.00000
wrapping first mol.:       66.85865        0.00000        0.00000
wrapping first mol.:       66.85865        0.00000        0.00000
wrapping first mol.:       66.85865        0.00000        0.00000
wrapping first mol.:       66.85865        0.00000        0.00000
wrapping first mol.:       66.85865        0.00000        0.00000
wrapping first mol.:       66.85865        0.00000        0.00000

 NSTEP =  1150000   TIME(PS) = 1002300.000  TEMP(K) =   300.30  PRESS =     0.0
 Etot   =    -55883.0602  EKtot   =     14187.3604  EPtot      =    -70070.4206
 BOND   =       425.5070  ANGLE   =      1194.8718  DIHED      =      1866.6034
 1-4 NB =       547.9415  1-4 EEL =      8893.4086  VDWAALS    =      8443.0053
 EELEC  =    -91441.7583  EHBOND  =         0.0000  RESTRAINT  =         0.0000
 ------------------------------------------------------------------------------

wrapping first mol.:       66.85865        0.00000        0.00000
wrapping first mol.:       66.85865        0.00000        0.00000
wrapping first mol.:       66.85865        0.00000        0.00000
wrapping first mol.:       66.85865        0.00000        0.00000
wrapping first mol.:       66.85865        0.00000        0.00000
wrapping first mol.:       66.85865        0.00000        0.00000

 NSTEP =  1200000   TIME(PS) = 1002400.000  TEMP(K) =   301.00  PRESS =     0.0
 Etot   =    -55913.0469  EKtot   =     14220.1973  EPtot      =    -70133.2442
 BOND   =       453.1852  ANGLE   =      1181.8173  DIHED      =      1822.6711
 1-4 NB =       558.0708  1-4 EEL =      8965.3156  VDWAALS    =      8484.5684
 EELEC  =    -91598.8725  EHBOND  =         0.0000  RESTRAINT  =         0.0000
 ------------------------------------------------------------------------------


 NSTEP =  1250000   TIME(PS) = 1002500.000  TEMP(K) =   299.24  PRESS =     0.0
 Etot   =    -55985.5000  EKtot   =     14137.1152  EPtot      =    -70122.6152
 BOND   =       461.3559  ANGLE   =      1152.4053  DIHED      =      1829.7970
 1-4 NB =       567.8033  1-4 EEL =      8950.5538  VDWAALS    =      8409.2116
 EELEC  =    -91493.7422  EHBOND  =         0.0000  RESTRAINT  =         0.0000
 ------------------------------------------------------------------------------


 NSTEP =  1300000   TIME(PS) = 1002600.000  TEMP(K) =   300.10  PRESS =     0.0
 Etot   =    -55853.5574  EKtot   =     14177.6865  EPtot      =    -70031.2439
 BOND   =       475.6311  ANGLE   =      1219.5355  DIHED      =      1839.3626
 1-4 NB =       558.7129  1-4 EEL =      8889.3295  VDWAALS    =      8481.3135
 EELEC  =    -91495.1289  EHBOND  =         0.0000  RESTRAINT  =         0.0000
 ------------------------------------------------------------------------------


 NSTEP =  1350000   TIME(PS) = 1002700.000  TEMP(K) =   298.64  PRESS =     0.0
 Etot   =    -56133.4542  EKtot   =     14108.5693  EPtot      =    -70242.0235
 BOND   =       460.1287  ANGLE   =      1209.9031  DIHED      =      1865.2509
 1-4 NB =       563.6034  1-4 EEL =      8883.5667  VDWAALS    =      8524.0439
 EELEC  =    -91748.5203  EHBOND  =         0.0000  RESTRAINT  =         0.0000
 ------------------------------------------------------------------------------


 NSTEP =  1400000   TIME(PS) = 1002800.000  TEMP(K) =   300.61  PRESS =     0.0
 Etot   =    -55938.6118  EKtot   =     14201.7432  EPtot      =    -70140.3550
 BOND   =       421.6865  ANGLE   =      1200.6562  DIHED      =      1852.9208
 1-4 NB =       578.3330  1-4 EEL =      8912.4609  VDWAALS    =      8408.2911
 EELEC  =    -91514.7036  EHBOND  =         0.0000  RESTRAINT  =         0.0000
 ------------------------------------------------------------------------------


 NSTEP =  1450000   TIME(PS) = 1002900.000  TEMP(K) =   300.15  PRESS =     0.0
 Etot   =    -55943.9929  EKtot   =     14179.9453  EPtot      =    -70123.9382
 BOND   =       448.5910  ANGLE   =      1135.3430  DIHED      =      1872.3060
 1-4 NB =       570.0507  1-4 EEL =      8887.3814  VDWAALS    =      8578.2018
 EELEC  =    -91615.8121  EHBOND  =         0.0000  RESTRAINT  =         0.0000
 ------------------------------------------------------------------------------


 NSTEP =  1500000   TIME(PS) = 1003000.000  TEMP(K) =   300.39  PRESS =     0.0
 Etot   =    -55841.1683  EKtot   =     14191.3604  EPtot      =    -70032.5287
 BOND   =       492.9957  ANGLE   =      1223.9188  DIHED      =      1864.2913
 1-4 NB =       549.0262  1-4 EEL =      8887.0948  VDWAALS    =      8553.1855
 EELEC  =    -91603.0410  EHBOND  =         0.0000  RESTRAINT  =         0.0000
 ------------------------------------------------------------------------------


 NSTEP =  1550000   TIME(PS) = 1003100.000  TEMP(K) =   298.79  PRESS =     0.0
 Etot   =    -55947.0998  EKtot   =     14115.9795  EPtot      =    -70063.0793
 BOND   =       439.3555  ANGLE   =      1178.6847  DIHED      =      1833.5230
 1-4 NB =       548.2068  1-4 EEL =      8854.1219  VDWAALS    =      8610.6720
 EELEC  =    -91527.6431  EHBOND  =         0.0000  RESTRAINT  =         0.0000
 ------------------------------------------------------------------------------


 NSTEP =  1600000   TIME(PS) = 1003200.000  TEMP(K) =   299.31  PRESS =     0.0
 Etot   =    -55791.1560  EKtot   =     14140.4512  EPtot      =    -69931.6071
 BOND   =       444.8502  ANGLE   =      1201.4145  DIHED      =      1841.1046
 1-4 NB =       575.9674  1-4 EEL =      8887.5129  VDWAALS    =      8329.7266
 EELEC  =    -91212.1833  EHBOND  =         0.0000  RESTRAINT  =         0.0000
 ------------------------------------------------------------------------------


 NSTEP =  1650000   TIME(PS) = 1003300.000  TEMP(K) =   300.81  PRESS =     0.0
 Etot   =    -55675.2764  EKtot   =     14211.4648  EPtot      =    -69886.7413
 BOND   =       450.6756  ANGLE   =      1184.9302  DIHED      =      1846.2586
 1-4 NB =       562.5227  1-4 EEL =      8857.1479  VDWAALS    =      8195.3484
 EELEC  =    -90983.6248  EHBOND  =         0.0000  RESTRAINT  =         0.0000
 ------------------------------------------------------------------------------


 NSTEP =  1700000   TIME(PS) = 1003400.000  TEMP(K) =   304.35  PRESS =     0.0
 Etot   =    -55692.8866  EKtot   =     14378.3682  EPtot      =    -70071.2548
 BOND   =       457.9360  ANGLE   =      1214.3052  DIHED      =      1841.6433
 1-4 NB =       576.2170  1-4 EEL =      8860.1962  VDWAALS    =      8709.9955
 EELEC  =    -91731.5480  EHBOND  =         0.0000  RESTRAINT  =         0.0000
 ------------------------------------------------------------------------------


 NSTEP =  1750000   TIME(PS) = 1003500.000  TEMP(K) =   295.90  PRESS =     0.0
 Etot   =    -55952.6874  EKtot   =     13979.5801  EPtot      =    -69932.2675
 BOND   =       479.4548  ANGLE   =      1150.9482  DIHED      =      1804.5091
 1-4 NB =       574.1012  1-4 EEL =      8869.8066  VDWAALS    =      8176.6229
 EELEC  =    -90987.7104  EHBOND  =         0.0000  RESTRAINT  =         0.0000
 ------------------------------------------------------------------------------


 NSTEP =  1800000   TIME(PS) = 1003600.000  TEMP(K) =   301.29  PRESS =     0.0
 Etot   =    -55678.1950  EKtot   =     14234.0703  EPtot      =    -69912.2653
 BOND   =       455.1604  ANGLE   =      1225.3827  DIHED      =      1835.0639
 1-4 NB =       555.4528  1-4 EEL =      8856.5982  VDWAALS    =      8295.1383
 EELEC  =    -91135.0616  EHBOND  =         0.0000  RESTRAINT  =         0.0000
 ------------------------------------------------------------------------------


 NSTEP =  1850000   TIME(PS) = 1003700.000  TEMP(K) =   301.21  PRESS =     0.0
 Etot   =    -56008.7631  EKtot   =     14230.1133  EPtot      =    -70238.8764
 BOND   =       422.6007  ANGLE   =      1234.3113  DIHED      =      1840.0593
 1-4 NB =       559.4418  1-4 EEL =      8861.2385  VDWAALS    =      8498.7101
 EELEC  =    -91655.2383  EHBOND  =         0.0000  RESTRAINT  =         0.0000
 ------------------------------------------------------------------------------


 NSTEP =  1900000   TIME(PS) = 1003800.000  TEMP(K) =   299.28  PRESS =     0.0
 Etot   =    -55932.9292  EKtot   =     14138.9453  EPtot      =    -70071.8745
 BOND   =       472.6712  ANGLE   =      1188.9927  DIHED      =      1862.4887
 1-4 NB =       574.5560  1-4 EEL =      8898.4907  VDWAALS    =      8308.3647
 EELEC  =    -91377.4385  EHBOND  =         0.0000  RESTRAINT  =         0.0000
 ------------------------------------------------------------------------------


 NSTEP =  1950000   TIME(PS) = 1003900.000  TEMP(K) =   299.81  PRESS =     0.0
 Etot   =    -55901.8781  EKtot   =     14164.1631  EPtot      =    -70066.0412
 BOND   =       436.4716  ANGLE   =      1168.2010  DIHED      =      1850.2135
 1-4 NB =       575.2607  1-4 EEL =      8911.0445  VDWAALS    =      8545.2222
 EELEC  =    -91552.4547  EHBOND  =         0.0000  RESTRAINT  =         0.0000
 ------------------------------------------------------------------------------


 NSTEP =  2000000   TIME(PS) = 1004000.000  TEMP(K) =   302.45  PRESS =     0.0
 Etot   =    -55858.3238  EKtot   =     14288.8555  EPtot      =    -70147.1793
 BOND   =       450.2700  ANGLE   =      1157.4477  DIHED      =      1846.6611
 1-4 NB =       580.4246  1-4 EEL =      8919.2944  VDWAALS    =      8441.0991
 EELEC  =    -91542.3763  EHBOND  =         0.0000  RESTRAINT  =         0.0000
 ------------------------------------------------------------------------------


 NSTEP =  2050000   TIME(PS) = 1004100.000  TEMP(K) =   297.49  PRESS =     0.0
 Etot   =    -55991.1334  EKtot   =     14054.7002  EPtot      =    -70045.8336
 BOND   =       438.3616  ANGLE   =      1168.0974  DIHED      =      1882.5156
 1-4 NB =       561.4360  1-4 EEL =      8872.0569  VDWAALS    =      8384.7879
 EELEC  =    -91353.0891  EHBOND  =         0.0000  RESTRAINT  =         0.0000
 ------------------------------------------------------------------------------


 NSTEP =  2100000   TIME(PS) = 1004200.000  TEMP(K) =   301.46  PRESS =     0.0
 Etot   =    -55836.2808  EKtot   =     14242.1055  EPtot      =    -70078.3863
 BOND   =       439.9377  ANGLE   =      1200.3784  DIHED      =      1853.0328
 1-4 NB =       568.9795  1-4 EEL =      8910.4787  VDWAALS    =      8342.9852
 EELEC  =    -91394.1786  EHBOND  =         0.0000  RESTRAINT  =         0.0000
 ------------------------------------------------------------------------------


 NSTEP =  2150000   TIME(PS) = 1004300.000  TEMP(K) =   299.16  PRESS =     0.0
 Etot   =    -55866.9803  EKtot   =     14133.5342  EPtot      =    -70000.5145
 BOND   =       423.3236  ANGLE   =      1175.5301  DIHED      =      1831.8443
 1-4 NB =       577.9080  1-4 EEL =      8945.5780  VDWAALS    =      8552.7846
 EELEC  =    -91507.4830  EHBOND  =         0.0000  RESTRAINT  =         0.0000
 ------------------------------------------------------------------------------


 NSTEP =  2200000   TIME(PS) = 1004400.000  TEMP(K) =   297.66  PRESS =     0.0
 Etot   =    -55955.0514  EKtot   =     14062.4463  EPtot      =    -70017.4977
 BOND   =       414.3569  ANGLE   =      1212.2560  DIHED      =      1827.0041
 1-4 NB =       588.9026  1-4 EEL =      8879.3275  VDWAALS    =      8580.1890
 EELEC  =    -91519.5339  EHBOND  =         0.0000  RESTRAINT  =         0.0000
 ------------------------------------------------------------------------------


 NSTEP =  2250000   TIME(PS) = 1004500.000  TEMP(K) =   299.54  PRESS =     0.0
 Etot   =    -55916.7499  EKtot   =     14151.3613  EPtot      =    -70068.1112
 BOND   =       428.2047  ANGLE   =      1187.5711  DIHED      =      1834.5358
 1-4 NB =       557.4242  1-4 EEL =      8961.4023  VDWAALS    =      8337.9758
 EELEC  =    -91375.2252  EHBOND  =         0.0000  RESTRAINT  =         0.0000
 ------------------------------------------------------------------------------


 NSTEP =  2300000   TIME(PS) = 1004600.000  TEMP(K) =   299.47  PRESS =     0.0
 Etot   =    -55976.8584  EKtot   =     14148.0850  EPtot      =    -70124.9433
 BOND   =       482.7317  ANGLE   =      1127.2294  DIHED      =      1869.0837
 1-4 NB =       561.0248  1-4 EEL =      8943.4441  VDWAALS    =      8271.5489
 EELEC  =    -91380.0058  EHBOND  =         0.0000  RESTRAINT  =         0.0000
 ------------------------------------------------------------------------------


 NSTEP =  2350000   TIME(PS) = 1004700.000  TEMP(K) =   301.46  PRESS =     0.0
 Etot   =    -55843.6195  EKtot   =     14242.2510  EPtot      =    -70085.8704
 BOND   =       464.0361  ANGLE   =      1187.7059  DIHED      =      1848.8700
 1-4 NB =       567.8304  1-4 EEL =      8885.8857  VDWAALS    =      8454.0879
 EELEC  =    -91494.2865  EHBOND  =         0.0000  RESTRAINT  =         0.0000
 ------------------------------------------------------------------------------


 NSTEP =  2400000   TIME(PS) = 1004800.000  TEMP(K) =   300.07  PRESS =     0.0
 Etot   =    -56099.8101  EKtot   =     14176.5156  EPtot      =    -70276.3257
 BOND   =       417.4391  ANGLE   =      1217.8567  DIHED      =      1827.8494
 1-4 NB =       559.9097  1-4 EEL =      8903.3313  VDWAALS    =      8280.4302
 EELEC  =    -91483.1421  EHBOND  =         0.0000  RESTRAINT  =         0.0000
 ------------------------------------------------------------------------------


 NSTEP =  2450000   TIME(PS) = 1004900.000  TEMP(K) =   301.28  PRESS =     0.0
 Etot   =    -55858.3977  EKtot   =     14233.7119  EPtot      =    -70092.1097
 BOND   =       450.2827  ANGLE   =      1178.1373  DIHED      =      1814.4197
 1-4 NB =       578.9087  1-4 EEL =      8883.4723  VDWAALS    =      8290.0443
 EELEC  =    -91287.3746  EHBOND  =         0.0000  RESTRAINT  =         0.0000
 ------------------------------------------------------------------------------


 NSTEP =  2500000   TIME(PS) = 1005000.000  TEMP(K) =   300.52  PRESS =     0.0
 Etot   =    -55911.2544  EKtot   =     14197.4854  EPtot      =    -70108.7397
 BOND   =       469.3684  ANGLE   =      1225.2116  DIHED      =      1842.8679
 1-4 NB =       575.5077  1-4 EEL =      8821.9118  VDWAALS    =      8494.5361
 EELEC  =    -91538.1432  EHBOND  =         0.0000  RESTRAINT  =         0.0000
 ------------------------------------------------------------------------------


 NSTEP =  2550000   TIME(PS) = 1005100.000  TEMP(K) =   299.77  PRESS =     0.0
 Etot   =    -55991.9818  EKtot   =     14162.3887  EPtot      =    -70154.3705
 BOND   =       465.6683  ANGLE   =      1203.7221  DIHED      =      1851.0106
 1-4 NB =       560.2460  1-4 EEL =      8871.7861  VDWAALS    =      8528.5914
 EELEC  =    -91635.3951  EHBOND  =         0.0000  RESTRAINT  =         0.0000
 ------------------------------------------------------------------------------


 NSTEP =  2600000   TIME(PS) = 1005200.000  TEMP(K) =   302.29  PRESS =     0.0
 Etot   =    -55632.8801  EKtot   =     14281.4590  EPtot      =    -69914.3390
 BOND   =       467.9672  ANGLE   =      1205.4703  DIHED      =      1820.6869
 1-4 NB =       579.9169  1-4 EEL =      8912.9100  VDWAALS    =      8370.7063
 EELEC  =    -91271.9966  EHBOND  =         0.0000  RESTRAINT  =         0.0000
 ------------------------------------------------------------------------------


 NSTEP =  2650000   TIME(PS) = 1005300.000  TEMP(K) =   301.38  PRESS =     0.0
 Etot   =    -55868.5836  EKtot   =     14238.1982  EPtot      =    -70106.7818
 BOND   =       413.5472  ANGLE   =      1208.9098  DIHED      =      1824.5953
 1-4 NB =       571.2070  1-4 EEL =      8896.2582  VDWAALS    =      8094.7695
 EELEC  =    -91116.0688  EHBOND  =         0.0000  RESTRAINT  =         0.0000
 ------------------------------------------------------------------------------


 NSTEP =  2700000   TIME(PS) = 1005400.000  TEMP(K) =   299.69  PRESS =     0.0
 Etot   =    -55955.2679  EKtot   =     14158.2627  EPtot      =    -70113.5306
 BOND   =       449.3571  ANGLE   =      1201.5868  DIHED      =      1838.2676
 1-4 NB =       572.5456  1-4 EEL =      8883.9916  VDWAALS    =      8279.1939
 EELEC  =    -91338.4732  EHBOND  =         0.0000  RESTRAINT  =         0.0000
 ------------------------------------------------------------------------------


 NSTEP =  2750000   TIME(PS) = 1005500.000  TEMP(K) =   297.63  PRESS =     0.0
 Etot   =    -56035.2294  EKtot   =     14061.1562  EPtot      =    -70096.3857
 BOND   =       476.8824  ANGLE   =      1160.3433  DIHED      =      1851.7975
 1-4 NB =       552.9714  1-4 EEL =      8878.9947  VDWAALS    =      8633.1659
 EELEC  =    -91650.5409  EHBOND  =         0.0000  RESTRAINT  =         0.0000
 ------------------------------------------------------------------------------


 NSTEP =  2800000   TIME(PS) = 1005600.000  TEMP(K) =   298.96  PRESS =     0.0
 Etot   =    -55962.3434  EKtot   =     14123.9639  EPtot      =    -70086.3073
 BOND   =       448.9816  ANGLE   =      1217.0245  DIHED      =      1863.4798
 1-4 NB =       571.3129  1-4 EEL =      8913.8402  VDWAALS    =      8444.8027
 EELEC  =    -91545.7490  EHBOND  =         0.0000  RESTRAINT  =         0.0000
 ------------------------------------------------------------------------------


 NSTEP =  2850000   TIME(PS) = 1005700.000  TEMP(K) =   297.18  PRESS =     0.0
 Etot   =    -56014.7765  EKtot   =     14039.6816  EPtot      =    -70054.4581
 BOND   =       461.4198  ANGLE   =      1188.4275  DIHED      =      1870.6703
 1-4 NB =       571.7263  1-4 EEL =      8866.3348  VDWAALS    =      8477.6295
 EELEC  =    -91490.6663  EHBOND  =         0.0000  RESTRAINT  =         0.0000
 ------------------------------------------------------------------------------


 NSTEP =  2900000   TIME(PS) = 1005800.000  TEMP(K) =   300.93  PRESS =     0.0
 Etot   =    -56032.8061  EKtot   =     14217.2090  EPtot      =    -70250.0150
 BOND   =       446.9273  ANGLE   =      1159.4287  DIHED      =      1823.3843
 1-4 NB =       567.0113  1-4 EEL =      8911.9718  VDWAALS    =      8434.7737
 EELEC  =    -91593.5122  EHBOND  =         0.0000  RESTRAINT  =         0.0000
 ------------------------------------------------------------------------------


 NSTEP =  2950000   TIME(PS) = 1005900.000  TEMP(K) =   299.08  PRESS =     0.0
 Etot   =    -55884.7547  EKtot   =     14129.6777  EPtot      =    -70014.4325
 BOND   =       447.7105  ANGLE   =      1196.1365  DIHED      =      1841.5126
 1-4 NB =       569.6100  1-4 EEL =      8923.9496  VDWAALS    =      8259.0512
 EELEC  =    -91252.4029  EHBOND  =         0.0000  RESTRAINT  =         0.0000
 ------------------------------------------------------------------------------


 NSTEP =  3000000   TIME(PS) = 1006000.000  TEMP(K) =   297.87  PRESS =     0.0
 Etot   =    -55871.4918  EKtot   =     14072.5244  EPtot      =    -69944.0162
 BOND   =       470.2372  ANGLE   =      1170.0199  DIHED      =      1846.1856
 1-4 NB =       562.7376  1-4 EEL =      8937.7718  VDWAALS    =      8321.2647
 EELEC  =    -91252.2331  EHBOND  =         0.0000  RESTRAINT  =         0.0000
 ------------------------------------------------------------------------------


 NSTEP =  3050000   TIME(PS) = 1006100.000  TEMP(K) =   299.87  PRESS =     0.0
 Etot   =    -56076.5605  EKtot   =     14166.8369  EPtot      =    -70243.3975
 BOND   =       423.4012  ANGLE   =      1209.7201  DIHED      =      1829.2353
 1-4 NB =       560.3882  1-4 EEL =      8942.2707  VDWAALS    =      8526.9630
 EELEC  =    -91735.3761  EHBOND  =         0.0000  RESTRAINT  =         0.0000
 ------------------------------------------------------------------------------


 NSTEP =  3100000   TIME(PS) = 1006200.000  TEMP(K) =   299.40  PRESS =     0.0
 Etot   =    -56080.5434  EKtot   =     14144.8486  EPtot      =    -70225.3920
 BOND   =       462.0812  ANGLE   =      1192.1008  DIHED      =      1848.1166
 1-4 NB =       579.6759  1-4 EEL =      8935.0790  VDWAALS    =      8401.9708
 EELEC  =    -91644.4162  EHBOND  =         0.0000  RESTRAINT  =         0.0000
 ------------------------------------------------------------------------------


 NSTEP =  3150000   TIME(PS) = 1006300.000  TEMP(K) =   297.56  PRESS =     0.0
 Etot   =    -56018.7728  EKtot   =     14057.6182  EPtot      =    -70076.3910
 BOND   =       463.0914  ANGLE   =      1185.8651  DIHED      =      1843.2631
 1-4 NB =       570.8710  1-4 EEL =      8940.0741  VDWAALS    =      8321.8740
 EELEC  =    -91401.4297  EHBOND  =         0.0000  RESTRAINT  =         0.0000
 ------------------------------------------------------------------------------


 NSTEP =  3200000   TIME(PS) = 1006400.000  TEMP(K) =   299.28  PRESS =     0.0
 Etot   =    -56099.9558  EKtot   =     14138.8281  EPtot      =    -70238.7840
 BOND   =       423.4159  ANGLE   =      1187.6703  DIHED      =      1856.9409
 1-4 NB =       570.1500  1-4 EEL =      8848.9121  VDWAALS    =      8458.1884
 EELEC  =    -91584.0616  EHBOND  =         0.0000  RESTRAINT  =         0.0000
 ------------------------------------------------------------------------------


 NSTEP =  3250000   TIME(PS) = 1006500.000  TEMP(K) =   300.60  PRESS =     0.0
 Etot   =    -55857.2753  EKtot   =     14201.6016  EPtot      =    -70058.8769
 BOND   =       443.7420  ANGLE   =      1212.0173  DIHED      =      1849.3676
 1-4 NB =       579.8389  1-4 EEL =      8892.0940  VDWAALS    =      8626.8334
 EELEC  =    -91662.7701  EHBOND  =         0.0000  RESTRAINT  =         0.0000
 ------------------------------------------------------------------------------


 NSTEP =  3300000   TIME(PS) = 1006600.000  TEMP(K) =   299.65  PRESS =     0.0
 Etot   =    -56037.0922  EKtot   =     14156.3203  EPtot      =    -70193.4125
 BOND   =       456.7965  ANGLE   =      1229.3176  DIHED      =      1852.4938
 1-4 NB =       568.2989  1-4 EEL =      8922.8027  VDWAALS    =      8412.5991
 EELEC  =    -91635.7212  EHBOND  =         0.0000  RESTRAINT  =         0.0000
 ------------------------------------------------------------------------------


 NSTEP =  3350000   TIME(PS) = 1006700.000  TEMP(K) =   297.15  PRESS =     0.0
 Etot   =    -55895.9265  EKtot   =     14038.1855  EPtot      =    -69934.1120
 BOND   =       442.9827  ANGLE   =      1192.3204  DIHED      =      1868.6612
 1-4 NB =       574.3231  1-4 EEL =      8931.0951  VDWAALS    =      8460.3862
 EELEC  =    -91403.8806  EHBOND  =         0.0000  RESTRAINT  =         0.0000
 ------------------------------------------------------------------------------


 NSTEP =  3400000   TIME(PS) = 1006800.000  TEMP(K) =   299.08  PRESS =     0.0
 Etot   =    -56103.1793  EKtot   =     14129.3691  EPtot      =    -70232.5484
 BOND   =       482.9309  ANGLE   =      1173.9624  DIHED      =      1840.1906
 1-4 NB =       564.9924  1-4 EEL =      8904.4903  VDWAALS    =      8330.9550
 EELEC  =    -91530.0700  EHBOND  =         0.0000  RESTRAINT  =         0.0000
 ------------------------------------------------------------------------------


 NSTEP =  3450000   TIME(PS) = 1006900.000  TEMP(K) =   298.72  PRESS =     0.0
 Etot   =    -55978.0611  EKtot   =     14112.3457  EPtot      =    -70090.4068
 BOND   =       440.1252  ANGLE   =      1190.6170  DIHED      =      1844.9301
 1-4 NB =       558.2731  1-4 EEL =      8935.2533  VDWAALS    =      8334.3026
 EELEC  =    -91393.9080  EHBOND  =         0.0000  RESTRAINT  =         0.0000
 ------------------------------------------------------------------------------


 NSTEP =  3500000   TIME(PS) = 1007000.000  TEMP(K) =   302.42  PRESS =     0.0
 Etot   =    -55825.6516  EKtot   =     14287.6045  EPtot      =    -70113.2561
 BOND   =       445.1890  ANGLE   =      1156.2403  DIHED      =      1835.4541
 1-4 NB =       564.9046  1-4 EEL =      8940.1239  VDWAALS    =      8266.4676
 EELEC  =    -91321.6355  EHBOND  =         0.0000  RESTRAINT  =         0.0000
 ------------------------------------------------------------------------------


 NSTEP =  3550000   TIME(PS) = 1007100.000  TEMP(K) =   297.16  PRESS =     0.0
 Etot   =    -56135.3984  EKtot   =     14038.6553  EPtot      =    -70174.0537
 BOND   =       443.5071  ANGLE   =      1203.8590  DIHED      =      1811.9222
 1-4 NB =       589.3381  1-4 EEL =      8898.5183  VDWAALS    =      8383.4267
 EELEC  =    -91504.6250  EHBOND  =         0.0000  RESTRAINT  =         0.0000
 ------------------------------------------------------------------------------


 NSTEP =  3600000   TIME(PS) = 1007200.000  TEMP(K) =   299.13  PRESS =     0.0
 Etot   =    -55709.9900  EKtot   =     14132.1660  EPtot      =    -69842.1560
 BOND   =       448.1249  ANGLE   =      1186.2875  DIHED      =      1843.9833
 1-4 NB =       557.7992  1-4 EEL =      8888.1154  VDWAALS    =      8200.7364
 EELEC  =    -90967.2028  EHBOND  =         0.0000  RESTRAINT  =         0.0000
 ------------------------------------------------------------------------------


      A V E R A G E S   O V E R      72 S T E P S


 NSTEP =  3630000   TIME(PS) = 1007260.000  TEMP(K) =   299.69  PRESS =     0.0
 Etot   =    -55917.3876  EKtot   =     14158.5880  EPtot      =    -70075.9756
 BOND   =       450.2486  ANGLE   =      1191.4441  DIHED      =      1842.5528
 1-4 NB =       568.0979  1-4 EEL =      8898.7608  VDWAALS    =      8423.0322
 EELEC  =    -91450.1119  EHBOND  =         0.0000  RESTRAINT  =         0.0000
 ------------------------------------------------------------------------------


      R M S  F L U C T U A T I O N S


 NSTEP =  3630000   TIME(PS) = 1007260.000  TEMP(K) =     1.63  PRESS =     0.0
 Etot   =       122.6090  EKtot   =        76.7716  EPtot      =       109.3846
 BOND   =        18.6528  ANGLE   =        24.6649  DIHED      =        17.4167
 1-4 NB =        10.0374  1-4 EEL =        31.5536  VDWAALS    =       129.7545
 EELEC  =       187.8120  EHBOND  =         0.0000  RESTRAINT  =         0.0000
 ------------------------------------------------------------------------------

--------------------------------------------------------------------------------
   5.  TIMINGS
--------------------------------------------------------------------------------

|  NonSetup CPU Time in Major Routines:
|
|     Routine           Sec        %
|     ------------------------------
|     Nonbond         346.37    5.60
|     Bond              0.00    0.00
|     Angle             0.00    0.00
|     Dihedral          0.00    0.00
|     Shake            20.52    0.33
|     RunMD          5812.50   94.02
|     Other             3.11    0.05
|     ------------------------------
|     Total          6182.50

|  PME Nonbond Pairlist CPU Time:
|
|     Routine              Sec        %
|     ---------------------------------
|     Set Up Cit           0.00    0.00
|     Build List           0.00    0.00
|     ---------------------------------
|     Total                0.00    0.00

|  PME Direct Force CPU Time:
|
|     Routine              Sec        %
|     ---------------------------------
|     NonBonded Calc       0.00    0.00
|     Exclude Masked       0.00    0.00
|     Other                1.36    0.02
|     ---------------------------------
|     Total                1.36    0.02

|  PME Reciprocal Force CPU Time:
|
|     Routine              Sec        %
|     ---------------------------------
|     1D bspline           0.00    0.00
|     Grid Charges         0.00    0.00
|     Scalar Sum           0.00    0.00
|     Gradient Sum         0.00    0.00
|     FFT                  0.00    0.00
|     ---------------------------------
|     Total                0.00    0.00

|  Final Performance Info:
|     -----------------------------------------------------
|     Average timings for last   30000 steps:
|     Elapsed(s) =      51.11 Per Step(ms) =       1.70
|         ns/day =     101.42   seconds/ns =     851.89
|
|     Average timings for all steps:
|     Elapsed(s) =    6181.53 Per Step(ms) =       1.70
|         ns/day =     101.47   seconds/ns =     851.45
|     -----------------------------------------------------

|  Setup CPU time:            0.59 seconds
|  NonSetup CPU time:      6182.50 seconds
|  Total CPU time:         6183.10 seconds     1.72 hours

|  Setup wall time:           0    seconds
|  NonSetup wall time:     6182    seconds
|  Total wall time:        6182    seconds     1.72 hours
