Step: 1
Note: The following floating-point exceptions are signalling: IEEE_DIVIDE_BY_ZERO IEEE_UNDERFLOW_FLAG IEEE_DENORMAL
Done step: 1
Step: 2
Se cortó la luz y justo cuando escribía el rst7. Tengo q rehacer el paso 2
Step: 2
de vuelta, luz, me cago en todo
Step: 2
de vuelta, luz, me cago en todo
Step: 2
de vuelta, luz, me cago en todo
cp bu_2p4uet.rst7 2p4uet.rst7 
Step: 3
Note: The following floating-point exceptions are signalling: IEEE_DIVIDE_BY_ZERO IEEE_UNDERFLOW_FLAG IEEE_DENORMAL
Done step: 3
Step: 4
./pdt.sh: line 4:  7854 Terminated              pmemd.cuda -O -i $mdin -o $mdout -p $prmtop -c $inpcrd -r $restrt -x $mdcrd
Done step: 4
el paso 4 estaba de más, lo cancelo
Step: 4
Note: The following floating-point exceptions are signalling: IEEE_UNDERFLOW_FLAG IEEE_DENORMAL
Done step: 4
