
          -------------------------------------------------------
          Amber 16 PMEMD                              2016
          -------------------------------------------------------

| PMEMD implementation of SANDER, Release 16

| Run on 12/21/2018 at 17:18:31

|   Executable path: pmemd
| Working directory: /home/german/lbp/run/wat1ifb/mhe/m
|          Hostname: Unknown
  [-O]verwriting output

File Assignments:
|   MDIN: min.in                                                                
|  MDOUT: min.out                                                               
| INPCRD: wat1ifb.rst7                                                          
|   PARM: /home/german/lbp/top_files/wat1ifb.prmtop                             
| RESTRT: mwat1ifb.rst7                                                         
|   REFC: wat1ifb.rst7                                                          
|  MDVEL: mdvel                                                                 
|   MDEN: mden                                                                  
|  MDCRD: mdcrd                                                                 
| MDINFO: mdinfo                                                                
|  MDFRC: mdfrc                                                                 


 Here is the input file:

Minimization with Cartesian restraints                                         
&cntrl                                                                         
imin=1,                                                                        
ntmin=1,                                 ! Steepest Descent, then Conjugate Gra
ncyc=200,                                ! 200 steps of Steepest Descent       
maxcyc=1000,                             ! 800 steps of Conjugate Gradient     
ntpr=5,                                                                        
ntr=1,                                   ! Use restraints                      
restraint_wt=10.0,                       ! 10 Kcal/mol                         
restraintmask=':1-131',                  ! Apply restraints on whole molecule. 
&end                                                                           


Note: ig = -1. Setting random seed to   715294 based on wallclock time in 
      microseconds.
 
 
| Conditional Compilation Defines Used:
| PUBFFT
| BINTRAJ
| EMIL

| Largest sphere to fit in unit cell has radius =    25.334

| New format PARM file being parsed.
| Version =    1.000 Date = 12/21/18 Time = 16:56:56

| Note: 1-4 EEL scale factors are being read from the topology file.

| Note: 1-4 VDW scale factors are being read from the topology file.
| Duplicated    0 dihedrals

| Duplicated    0 dihedrals

--------------------------------------------------------------------------------
   1.  RESOURCE   USE: 
--------------------------------------------------------------------------------

 getting new box info from bottom of inpcrd
 NATOM  =   15721 NTYPES =      16 NBONH =   14664 MBONA  =    1073
 NTHETH =    2406 MTHETA =    1438 NPHIH =    4850 MPHIA  =    4508
 NHPARM =       0 NPARM  =       0 NNB   =   29775 NRES   =    4667
 NBONA  =    1073 NTHETA =    1438 NPHIA =    4508 NUMBND =      65
 NUMANG =     143 NPTRA  =     183 NATYP =      34 NPHB   =       1
 IFBOX  =       2 NMXRS  =      24 IFCAP =       0 NEXTRA =       0
 NCOPY  =       0

| Coordinate Index Table dimensions:    12   12   12
| Direct force subcell size =     5.1713    5.1713    5.1713

     BOX TYPE: TRUNCATED OCTAHEDRON

--------------------------------------------------------------------------------
   2.  CONTROL  DATA  FOR  THE  RUN
--------------------------------------------------------------------------------

default_name                                                                    

General flags:
     imin    =       1, nmropt  =       0

Nature and format of input:
     ntx     =       1, irest   =       0, ntrx    =       1

Nature and format of output:
     ntxo    =       2, ntpr    =       5, ntrx    =       1, ntwr    =       1
     iwrap   =       0, ntwx    =       0, ntwv    =       0, ntwe    =       0
     ioutfm  =       1, ntwprt  =       0, idecomp =       0, rbornstat=      0

Potential function:
     ntf     =       1, ntb     =       1, igb     =       0, nsnb    =      25
     ipol    =       0, gbsa    =       0, iesp    =       0
     dielc   =   1.00000, cut     =   8.00000, intdiel =   1.00000

Frozen or restrained atoms:
     ibelly  =       0, ntr     =       1
     restraint_wt =  10.00000

Energy minimization:
     maxcyc  =    1000, ncyc    =     200, ntmin   =       1
     dx0     =   0.01000, drms    =   0.00010

| Intermolecular bonds treatment:
|     no_intermolecular_bonds =       1

| Energy averages sample interval:
|     ene_avg_sampling =       1

Ewald parameters:
     verbose =       0, ew_type =       0, nbflag  =       1, use_pme =       1
     vdwmeth =       1, eedmeth =       1, netfrc  =       0
     Box X =   62.055   Box Y =   62.055   Box Z =   62.055
     Alpha =  109.471   Beta  =  109.471   Gamma =  109.471
     NFFT1 =   64       NFFT2 =   64       NFFT3 =   64
     Cutoff=    8.000   Tol   =0.100E-04
     Ewald Coefficient =  0.34864
     Interpolation order =    4

    LOADING THE CONSTRAINED ATOMS AS GROUPS


   5.  REFERENCE ATOM COORDINATES

  default_name                                                                    
     Mask :1-131; matches  2113 atoms

--------------------------------------------------------------------------------
   3.  ATOMIC COORDINATES AND VELOCITIES
--------------------------------------------------------------------------------

default_name                                                                    
 begin time read from input coords =     0.000 ps

 
 Number of triangulated 3-point waters found:     4536

     Sum of charges from parm topology file =  -0.00000004
     Forcing neutrality...

| Dynamic Memory, Types Used:
| Reals              533964
| Integers           553268

| Nonbonded Pairs Initial Allocation:     2625800

--------------------------------------------------------------------------------
   4.  RESULTS
--------------------------------------------------------------------------------

 ---------------------------------------------------
 APPROXIMATING switch and d/dx switch using CUBIC SPLINE INTERPOLATION
 using   5000.0 points per unit in tabled values
 TESTING RELATIVE ERROR over r ranging from 0.0 to cutoff
| CHECK switch(x): max rel err =   0.2738E-14   at   2.422500
| CHECK d/dx switch(x): max rel err =   0.8332E-11   at   2.782960
 ---------------------------------------------------
|---------------------------------------------------
| APPROXIMATING direct energy using CUBIC SPLINE INTERPOLATION
|  with   50.0 points per unit in tabled values
| Relative Error Limit not exceeded for r .gt.   2.47
| APPROXIMATING direct force using CUBIC SPLINE INTERPOLATION
|  with   50.0 points per unit in tabled values
| Relative Error Limit not exceeded for r .gt.   2.89
|---------------------------------------------------


   NSTEP       ENERGY          RMS            GMAX         NAME    NUMBER
      1      -2.9497E+04     2.1215E+02     1.7005E+04     O        7763

 BOND    =      217.5797  ANGLE   =      580.8174  DIHED      =     1670.9126
 VDWAALS =    13310.5329  EEL     =   -52203.0765  HBOND      =        0.0000
 1-4 VDW =      719.5499  1-4 EEL =     6206.9957  RESTRAINT  =        0.0000


   NSTEP       ENERGY          RMS            GMAX         NAME    NUMBER
      5      -3.1942E+04     1.4277E+02     1.1221E+04     O        7763

 BOND    =      217.9848  ANGLE   =      580.2557  DIHED      =     1670.8426
 VDWAALS =    10882.5145  EEL     =   -52219.4380  HBOND      =        0.0000
 1-4 VDW =      719.4364  1-4 EEL =     6206.8852  RESTRAINT  =        0.0011
 EAMBER  =   -31941.5189


   NSTEP       ENERGY          RMS            GMAX         NAME    NUMBER
     10      -3.5538E+04     5.4084E+01     3.8002E+03     O        7763

 BOND    =      233.0281  ANGLE   =      577.1451  DIHED      =     1670.4544
 VDWAALS =     7343.9506  EEL     =   -52288.0823  HBOND      =        0.0000
 1-4 VDW =      718.7921  1-4 EEL =     6206.2905  RESTRAINT  =        0.0302
 EAMBER  =   -35538.4216


   NSTEP       ENERGY          RMS            GMAX         NAME    NUMBER
     15      -3.8204E+04     1.4702E+01     5.4252E+02     O        9068

 BOND    =      318.5076  ANGLE   =      553.8135  DIHED      =     1667.3360
 VDWAALS =     5078.1920  EEL     =   -52737.1855  HBOND      =        0.0000
 1-4 VDW =      713.5417  1-4 EEL =     6201.7756  RESTRAINT  =        0.4845
 EAMBER  =   -38204.0191


   NSTEP       ENERGY          RMS            GMAX         NAME    NUMBER
     20      -4.0593E+04     6.7866E+00     1.1244E+02     O        6566

 BOND    =      923.6383  ANGLE   =      479.9291  DIHED      =     1654.0511
 VDWAALS =     4157.8128  EEL     =   -54683.5762  HBOND      =        0.0000
 1-4 VDW =      690.7680  1-4 EEL =     6179.6193  RESTRAINT  =        4.8800
 EAMBER  =   -40597.7576


   NSTEP       ENERGY          RMS            GMAX         NAME    NUMBER
     25      -4.3292E+04     3.2294E+00     5.5413E+01     O       13793

 BOND    =     2240.8905  ANGLE   =      397.9890  DIHED      =     1644.1897
 VDWAALS =     3541.9904  EEL     =   -57901.3620  HBOND      =        0.0000
 1-4 VDW =      643.0219  1-4 EEL =     6108.4703  RESTRAINT  =       32.5441
 EAMBER  =   -43324.8100


   NSTEP       ENERGY          RMS            GMAX         NAME    NUMBER
     30      -4.5449E+04     5.7884E+00     1.2506E+02     H1      13692

 BOND    =     2099.8322  ANGLE   =      349.5559  DIHED      =     1645.5658
 VDWAALS =     3392.7754  EEL     =   -59665.0169  HBOND      =        0.0000
 1-4 VDW =      597.1649  1-4 EEL =     6043.4629  RESTRAINT  =       87.3073
 EAMBER  =   -45536.6598


   NSTEP       ENERGY          RMS            GMAX         NAME    NUMBER
     35      -4.6291E+04     2.0731E+00     2.0127E+01     H1       2151

 BOND    =     2511.4883  ANGLE   =      336.2939  DIHED      =     1643.9249
 VDWAALS =     3386.6474  EEL     =   -60893.8909  HBOND      =        0.0000
 1-4 VDW =      586.6165  1-4 EEL =     6031.5099  RESTRAINT  =      106.5935
 EAMBER  =   -46397.4100


   NSTEP       ENERGY          RMS            GMAX         NAME    NUMBER
     40      -4.6564E+04     7.3401E+00     1.6623E+02     H1      13692

 BOND    =     2128.9711  ANGLE   =      328.0083  DIHED      =     1642.2233
 VDWAALS =     3416.8390  EEL     =   -60805.7120  HBOND      =        0.0000
 1-4 VDW =      575.4240  1-4 EEL =     6023.3078  RESTRAINT  =      127.3350
 EAMBER  =   -46690.9385


   NSTEP       ENERGY          RMS            GMAX         NAME    NUMBER
     45      -4.7413E+04     2.4316E+00     4.1449E+01     H1      13692

 BOND    =     2743.0093  ANGLE   =      319.4426  DIHED      =     1640.1527
 VDWAALS =     3424.1837  EEL     =   -62268.9446  HBOND      =        0.0000
 1-4 VDW =      567.8575  1-4 EEL =     6015.2014  RESTRAINT  =      146.0848
 EAMBER  =   -47559.0975


   NSTEP       ENERGY          RMS            GMAX         NAME    NUMBER
     50      -4.7786E+04     1.5446E+00     1.8191E+01     H2       2152

 BOND    =     2604.1748  ANGLE   =      314.4093  DIHED      =     1638.8335
 VDWAALS =     3448.6264  EEL     =   -62525.4616  HBOND      =        0.0000
 1-4 VDW =      562.5189  1-4 EEL =     6011.3284  RESTRAINT  =      159.3263
 EAMBER  =   -47945.5702


   NSTEP       ENERGY          RMS            GMAX         NAME    NUMBER
     55      -4.8165E+04     3.4101E+00     6.5384E+01     H1      13692

 BOND    =     2999.3263  ANGLE   =      309.8002  DIHED      =     1636.9707
 VDWAALS =     3482.8322  EEL     =   -63333.5514  HBOND      =        0.0000
 1-4 VDW =      556.3338  1-4 EEL =     6006.0038  RESTRAINT  =      177.0322
 EAMBER  =   -48342.2845


   NSTEP       ENERGY          RMS            GMAX         NAME    NUMBER
     60      -4.8488E+04     3.3822E+00     6.3084E+01     H1      13692

 BOND    =     3033.0730  ANGLE   =      306.0940  DIHED      =     1635.6323
 VDWAALS =     3518.3487  EEL     =   -63725.7408  HBOND      =        0.0000
 1-4 VDW =      552.1015  1-4 EEL =     6002.8025  RESTRAINT  =      189.8514
 EAMBER  =   -48677.6886


   NSTEP       ENERGY          RMS            GMAX         NAME    NUMBER
     65      -4.8778E+04     3.6039E+00     6.4465E+01     H1      13692

 BOND    =     3107.7237  ANGLE   =      302.9969  DIHED      =     1634.3486
 VDWAALS =     3558.4568  EEL     =   -64132.0346  HBOND      =        0.0000
 1-4 VDW =      548.4231  1-4 EEL =     5999.9607  RESTRAINT  =      201.8757
 EAMBER  =   -48980.1248


   NSTEP       ENERGY          RMS            GMAX         NAME    NUMBER
     70      -4.9016E+04     4.1412E+00     7.2175E+01     H1      13692

 BOND    =     3233.3239  ANGLE   =      300.6814  DIHED      =     1633.1952
 VDWAALS =     3599.9547  EEL     =   -64538.2607  HBOND      =        0.0000
 1-4 VDW =      545.4195  1-4 EEL =     5997.5560  RESTRAINT  =      212.3559
 EAMBER  =   -49228.1300


   NSTEP       ENERGY          RMS            GMAX         NAME    NUMBER
     75      -4.9228E+04     3.9103E+00     6.8972E+01     H1      13692

 BOND    =     3216.0772  ANGLE   =      298.6605  DIHED      =     1632.3511
 VDWAALS =     3635.8603  EEL     =   -64770.0540  HBOND      =        0.0000
 1-4 VDW =      543.3376  1-4 EEL =     5996.0446  RESTRAINT  =      219.8976
 EAMBER  =   -49447.7227


   NSTEP       ENERGY          RMS            GMAX         NAME    NUMBER
     80      -4.9534E+04     1.1373E+00     1.1238E+01     O        2156

 BOND    =     2665.6207  ANGLE   =      295.5403  DIHED      =     1631.5721
 VDWAALS =     3680.9642  EEL     =   -64571.0333  HBOND      =        0.0000
 1-4 VDW =      541.1138  1-4 EEL =     5995.3085  RESTRAINT  =      227.3704
 EAMBER  =   -49760.9136


   NSTEP       ENERGY          RMS            GMAX         NAME    NUMBER
     85      -4.9613E+04     4.1800E+00     6.9773E+01     H1      13692

 BOND    =     3315.2735  ANGLE   =      295.4812  DIHED      =     1630.6527
 VDWAALS =     3720.2163  EEL     =   -65342.2268  HBOND      =        0.0000
 1-4 VDW =      539.5798  1-4 EEL =     5993.0751  RESTRAINT  =      234.4867
 EAMBER  =   -49847.9483


   NSTEP       ENERGY          RMS            GMAX         NAME    NUMBER
     90      -4.9911E+04     1.2746E+00     1.2528E+01     H1      13692

 BOND    =     2666.2129  ANGLE   =      292.6247  DIHED      =     1630.0078
 VDWAALS =     3768.9562  EEL     =   -65040.1167  HBOND      =        0.0000
 1-4 VDW =      537.8075  1-4 EEL =     5992.8384  RESTRAINT  =      240.6079
 EAMBER  =   -50151.6692


   NSTEP       ENERGY          RMS            GMAX         NAME    NUMBER
     95      -5.0057E+04     9.8593E-01     1.1537E+01     O        2156

 BOND    =     2737.5174  ANGLE   =      291.7086  DIHED      =     1629.4336
 VDWAALS =     3805.5469  EEL     =   -65295.5029  HBOND      =        0.0000
 1-4 VDW =      536.7432  1-4 EEL =     5991.8713  RESTRAINT  =      245.2264
 EAMBER  =   -50302.6819


   NSTEP       ENERGY          RMS            GMAX         NAME    NUMBER
    100      -5.0219E+04     9.7597E-01     9.8507E+00     O        2156

 BOND    =     2749.6783  ANGLE   =      290.6884  DIHED      =     1628.8151
 VDWAALS =     3850.9544  EEL     =   -65516.4021  HBOND      =        0.0000
 1-4 VDW =      535.5870  1-4 EEL =     5990.9645  RESTRAINT  =      250.2665
 EAMBER  =   -50469.7144


   NSTEP       ENERGY          RMS            GMAX         NAME    NUMBER
    105      -5.0365E+04     1.9739E+00     2.4780E+01     H1      13692

 BOND    =     2628.3871  ANGLE   =      289.7503  DIHED      =     1628.2413
 VDWAALS =     3902.0950  EEL     =   -65593.0395  HBOND      =        0.0000
 1-4 VDW =      534.4406  1-4 EEL =     5990.3941  RESTRAINT  =      255.1422
 EAMBER  =   -50619.7310


   NSTEP       ENERGY          RMS            GMAX         NAME    NUMBER
    110      -5.0511E+04     1.1949E+00     1.1088E+01     H1      13692

 BOND    =     2733.4137  ANGLE   =      289.0165  DIHED      =     1627.7761
 VDWAALS =     3942.5726  EEL     =   -65885.4944  HBOND      =        0.0000
 1-4 VDW =      533.7092  1-4 EEL =     5989.5671  RESTRAINT  =      258.7202
 EAMBER  =   -50769.4391


   NSTEP       ENERGY          RMS            GMAX         NAME    NUMBER
    115      -5.0647E+04     1.3536E+00     1.3611E+01     H1      13692

 BOND    =     2726.5452  ANGLE   =      288.3300  DIHED      =     1627.3252
 VDWAALS =     3989.7313  EEL     =   -66063.2960  HBOND      =        0.0000
 1-4 VDW =      532.9279  1-4 EEL =     5988.9882  RESTRAINT  =      262.3784
 EAMBER  =   -50909.4481


   NSTEP       ENERGY          RMS            GMAX         NAME    NUMBER
    120      -5.0747E+04     2.2085E+00     2.6375E+01     H1      13692

 BOND    =     2649.1122  ANGLE   =      287.8621  DIHED      =     1626.9707
 VDWAALS =     4033.2943  EEL     =   -66130.2167  HBOND      =        0.0000
 1-4 VDW =      532.2712  1-4 EEL =     5988.6965  RESTRAINT  =      265.3676
 EAMBER  =   -51012.0098


   NSTEP       ENERGY          RMS            GMAX         NAME    NUMBER
    125      -5.0866E+04     2.3507E+00     2.6763E+01     H1      13692

 BOND    =     2651.1916  ANGLE   =      287.4012  DIHED      =     1626.6110
 VDWAALS =     4079.1212  EEL     =   -66298.7200  HBOND      =        0.0000
 1-4 VDW =      531.6861  1-4 EEL =     5988.2738  RESTRAINT  =      268.2533
 EAMBER  =   -51134.4352


   NSTEP       ENERGY          RMS            GMAX         NAME    NUMBER
    130      -5.0974E+04     2.6122E+00     2.8879E+01     H1      13692

 BOND    =     2643.0275  ANGLE   =      287.0414  DIHED      =     1626.2935
 VDWAALS =     4124.1362  EEL     =   -66444.1185  HBOND      =        0.0000
 1-4 VDW =      531.1783  1-4 EEL =     5987.9444  RESTRAINT  =      270.7967
 EAMBER  =   -51244.4971


   NSTEP       ENERGY          RMS            GMAX         NAME    NUMBER
    135      -5.1074E+04     2.4772E+00     2.7515E+01     H1      13692

 BOND    =     2665.3433  ANGLE   =      286.6051  DIHED      =     1626.0354
 VDWAALS =     4161.9462  EEL     =   -66605.0048  HBOND      =        0.0000
 1-4 VDW =      530.8079  1-4 EEL =     5987.6029  RESTRAINT  =      272.7437
 EAMBER  =   -51346.6640


   NSTEP       ENERGY          RMS            GMAX         NAME    NUMBER
    140      -5.1179E+04     2.5469E+00     2.9206E+01     CG        931

 BOND    =     2673.7681  ANGLE   =      286.2720  DIHED      =     1625.7660
 VDWAALS =     4206.3265  EEL     =   -66764.0667  HBOND      =        0.0000
 1-4 VDW =      530.4194  1-4 EEL =     5987.3200  RESTRAINT  =      274.8203
 EAMBER  =   -51454.1947


   NSTEP       ENERGY          RMS            GMAX         NAME    NUMBER
    145      -5.1315E+04     7.9252E-01     6.5916E+00     H2       2251

 BOND    =     2964.8435  ANGLE   =      285.7931  DIHED      =     1625.4758
 VDWAALS =     4244.6638  EEL     =   -67229.0374  HBOND      =        0.0000
 1-4 VDW =      530.1949  1-4 EEL =     5986.4163  RESTRAINT  =      276.5489
 EAMBER  =   -51591.6500


   NSTEP       ENERGY          RMS            GMAX         NAME    NUMBER
    150      -5.1360E+04     2.7839E+00     3.3470E+01     CG        931

 BOND    =     2678.6971  ANGLE   =      285.7297  DIHED      =     1625.3272
 VDWAALS =     4288.0351  EEL     =   -67032.7282  HBOND      =        0.0000
 1-4 VDW =      529.8131  1-4 EEL =     5986.9196  RESTRAINT  =      278.1204
 EAMBER  =   -51638.2062


   NSTEP       ENERGY          RMS            GMAX         NAME    NUMBER
    155      -5.1451E+04     2.8879E+00     3.6422E+01     CG        931

 BOND    =     2684.1191  ANGLE   =      285.5489  DIHED      =     1625.1255
 VDWAALS =     4330.7941  EEL     =   -67172.7542  HBOND      =        0.0000
 1-4 VDW =      529.5480  1-4 EEL =     5986.7681  RESTRAINT  =      279.6153
 EAMBER  =   -51730.8504


   NSTEP       ENERGY          RMS            GMAX         NAME    NUMBER
    160      -5.1596E+04     8.6663E-01     7.5846E+00     CG        931

 BOND    =     3028.2264  ANGLE   =      284.9683  DIHED      =     1624.8574
 VDWAALS =     4370.7760  EEL     =   -67701.0785  HBOND      =        0.0000
 1-4 VDW =      529.4145  1-4 EEL =     5985.7659  RESTRAINT  =      280.9807
 EAMBER  =   -51877.0699


   NSTEP       ENERGY          RMS            GMAX         NAME    NUMBER
    165      -5.1672E+04     7.1108E-01     5.9470E+00     H1       2181

 BOND    =     3002.0710  ANGLE   =      284.6963  DIHED      =     1624.7213
 VDWAALS =     4405.6913  EEL     =   -67786.0559  HBOND      =        0.0000
 1-4 VDW =      529.2313  1-4 EEL =     5985.7265  RESTRAINT  =      281.9741
 EAMBER  =   -51953.9183


   NSTEP       ENERGY          RMS            GMAX         NAME    NUMBER
    170      -5.1757E+04     6.9779E-01     6.0150E+00     H1       2181

 BOND    =     3012.8710  ANGLE   =      284.4709  DIHED      =     1624.5615
 VDWAALS =     4446.4873  EEL     =   -67923.2642  HBOND      =        0.0000
 1-4 VDW =      529.0473  1-4 EEL =     5985.6040  RESTRAINT  =      283.0541
 EAMBER  =   -52040.2222


   NSTEP       ENERGY          RMS            GMAX         NAME    NUMBER
    175      -5.1841E+04     6.9913E-01     6.0878E+00     O        2246

 BOND    =     3028.7647  ANGLE   =      284.2687  DIHED      =     1624.4091
 VDWAALS =     4487.7697  EEL     =   -68065.1112  HBOND      =        0.0000
 1-4 VDW =      528.8819  1-4 EEL =     5985.4858  RESTRAINT  =      284.0467
 EAMBER  =   -52125.5312


   NSTEP       ENERGY          RMS            GMAX         NAME    NUMBER
    180      -5.1922E+04     1.3566E+00     1.9069E+01     CZ3        83

 BOND    =     3155.2574  ANGLE   =      284.4668  DIHED      =     1624.2267
 VDWAALS =     4532.6234  EEL     =   -68317.5200  HBOND      =        0.0000
 1-4 VDW =      528.7424  1-4 EEL =     5985.1294  RESTRAINT  =      285.0701
 EAMBER  =   -52207.0739


   NSTEP       ENERGY          RMS            GMAX         NAME    NUMBER
    185      -5.2000E+04     8.7092E-01     1.0492E+01     CZ3        83

 BOND    =     3091.5564  ANGLE   =      284.0039  DIHED      =     1624.1295
 VDWAALS =     4568.6178  EEL     =   -68367.8521  HBOND      =        0.0000
 1-4 VDW =      528.6167  1-4 EEL =     5985.2202  RESTRAINT  =      285.7360
 EAMBER  =   -52285.7075


   NSTEP       ENERGY          RMS            GMAX         NAME    NUMBER
    190      -5.2077E+04     8.9551E-01     1.2824E+01     CZ3        83

 BOND    =     3105.6902  ANGLE   =      283.8661  DIHED      =     1624.0056
 VDWAALS =     4608.8418  EEL     =   -68499.7825  HBOND      =        0.0000
 1-4 VDW =      528.5030  1-4 EEL =     5985.1381  RESTRAINT  =      286.4554
 EAMBER  =   -52363.7377


   NSTEP       ENERGY          RMS            GMAX         NAME    NUMBER
    195      -5.2151E+04     1.0252E+00     1.7701E+01     CZ3        83

 BOND    =     3134.8285  ANGLE   =      283.8206  DIHED      =     1623.8857
 VDWAALS =     4648.8723  EEL     =   -68643.3748  HBOND      =        0.0000
 1-4 VDW =      528.4055  1-4 EEL =     5985.0272  RESTRAINT  =      287.1106
 EAMBER  =   -52438.5351


   NSTEP       ENERGY          RMS            GMAX         NAME    NUMBER
    200      -5.2208E+04     1.6222E+00     3.1395E+01     CZ3        83

 BOND    =     3227.8707  ANGLE   =      284.2378  DIHED      =     1623.7667
 VDWAALS =     4685.4274  EEL     =   -68830.6049  HBOND      =        0.0000
 1-4 VDW =      528.3367  1-4 EEL =     5984.7784  RESTRAINT  =      287.6926
 EAMBER  =   -52496.1871


   NSTEP       ENERGY          RMS            GMAX         NAME    NUMBER
    205      -5.2250E+04     6.3668E-01     6.1010E+00     H1       2181

 BOND    =     3083.7537  ANGLE   =      283.3695  DIHED      =     1623.7772
 VDWAALS =     4699.2386  EEL     =   -68740.9361  HBOND      =        0.0000
 1-4 VDW =      528.2701  1-4 EEL =     5985.1394  RESTRAINT  =      287.7878
 EAMBER  =   -52537.3877


   NSTEP       ENERGY          RMS            GMAX         NAME    NUMBER
    210      -5.3350E+04     2.3418E+00     1.4831E+02     O        2246

 BOND    =     3474.3351  ANGLE   =      281.0954  DIHED      =     1622.2345
 VDWAALS =     5629.5911  EEL     =   -71169.4073  HBOND      =        0.0000
 1-4 VDW =      526.5658  1-4 EEL =     5984.2782  RESTRAINT  =      301.0573
 EAMBER  =   -53651.3071


   NSTEP       ENERGY          RMS            GMAX         NAME    NUMBER
    215      -5.3545E+04     1.5138E+00     6.6717E+01     H2       2248

 BOND    =     3458.5938  ANGLE   =      281.5599  DIHED      =     1622.0629
 VDWAALS =     5808.9045  EEL     =   -71529.6017  HBOND      =        0.0000
 1-4 VDW =      526.4968  1-4 EEL =     5983.9773  RESTRAINT  =      302.9353
 EAMBER  =   -53848.0065


   NSTEP       ENERGY          RMS            GMAX         NAME    NUMBER
    220      -5.3894E+04     2.8984E+00     2.4502E+02     H2       2248

 BOND    =     3594.2970  ANGLE   =      283.3170  DIHED      =     1621.9832
 VDWAALS =     6533.5301  EEL     =   -72744.2599  HBOND      =        0.0000
 1-4 VDW =      526.8917  1-4 EEL =     5982.7668  RESTRAINT  =      307.0595
 EAMBER  =   -54201.4739


   NSTEP       ENERGY          RMS            GMAX         NAME    NUMBER
    225      -5.4111E+04     1.2128E+00     6.3505E+01     O        9941

 BOND    =     3621.9864  ANGLE   =      279.5247  DIHED      =     1621.9298
 VDWAALS =     6921.3427  EEL     =   -73373.5487  HBOND      =        0.0000
 1-4 VDW =      526.8214  1-4 EEL =     5982.7714  RESTRAINT  =      308.4252
 EAMBER  =   -54419.1722


   NSTEP       ENERGY          RMS            GMAX         NAME    NUMBER
    230      -5.4113E+04     1.1653E+00     5.9855E+01     O        9941

 BOND    =     3616.7925  ANGLE   =      279.5325  DIHED      =     1621.9281
 VDWAALS =     6920.6961  EEL     =   -73370.1581  HBOND      =        0.0000
 1-4 VDW =      526.8242  1-4 EEL =     5982.7688  RESTRAINT  =      308.4054
 EAMBER  =   -54421.6158


   NSTEP       ENERGY          RMS            GMAX         NAME    NUMBER
    235      -5.4258E+04     1.3816E+00     8.4682E+01     O        2246

 BOND    =     3560.1252  ANGLE   =      280.0757  DIHED      =     1621.8319
 VDWAALS =     6822.2385  EEL     =   -73356.6241  HBOND      =        0.0000
 1-4 VDW =      527.2128  1-4 EEL =     5982.6543  RESTRAINT  =      304.9261
 EAMBER  =   -54562.4858


   NSTEP       ENERGY          RMS            GMAX         NAME    NUMBER
    240      -5.4518E+04     1.3077E+00     9.6727E+01     H2       9943

 BOND    =     3570.6417  ANGLE   =      279.5222  DIHED      =     1621.8733
 VDWAALS =     6661.1078  EEL     =   -73458.8459  HBOND      =        0.0000
 1-4 VDW =      527.9399  1-4 EEL =     5982.5576  RESTRAINT  =      297.0990
 EAMBER  =   -54815.2033


   NSTEP       ENERGY          RMS            GMAX         NAME    NUMBER
    245      -5.4662E+04     1.4532E+00     9.2343E+01     H1       2247

 BOND    =     3502.6582  ANGLE   =      279.5319  DIHED      =     1622.3981
 VDWAALS =     6591.3272  EEL     =   -73459.5201  HBOND      =        0.0000
 1-4 VDW =      528.2380  1-4 EEL =     5982.8106  RESTRAINT  =      290.4221
 EAMBER  =   -54952.5560


   NSTEP       ENERGY          RMS            GMAX         NAME    NUMBER
    250      -5.4755E+04     1.8108E+00     1.0507E+02     O        2246

 BOND    =     3554.4634  ANGLE   =      283.0488  DIHED      =     1622.6905
 VDWAALS =     6588.8199  EEL     =   -73602.1025  HBOND      =        0.0000
 1-4 VDW =      528.3204  1-4 EEL =     5982.3257  RESTRAINT  =      287.8934
 EAMBER  =   -55042.4337


   NSTEP       ENERGY          RMS            GMAX         NAME    NUMBER
    255      -5.4759E+04     1.6949E+00     9.8183E+01     O        2246

 BOND    =     3549.1533  ANGLE   =      282.9526  DIHED      =     1622.6915
 VDWAALS =     6588.7723  EEL     =   -73601.2215  HBOND      =        0.0000
 1-4 VDW =      528.3170  1-4 EEL =     5982.3305  RESTRAINT  =      287.8920
 EAMBER  =   -55047.0044


   NSTEP       ENERGY          RMS            GMAX         NAME    NUMBER
    260      -5.4832E+04     1.0206E+00     4.7125E+01     O        2246

 BOND    =     3561.2614  ANGLE   =      279.7273  DIHED      =     1622.8168
 VDWAALS =     6606.6336  EEL     =   -73701.0877  HBOND      =        0.0000
 1-4 VDW =      527.9075  1-4 EEL =     5982.4370  RESTRAINT  =      287.8731
 EAMBER  =   -55120.3041


   NSTEP       ENERGY          RMS            GMAX         NAME    NUMBER
    265      -5.5011E+04     1.4658E+00     1.0734E+02     O        9941

 BOND    =     3651.6327  ANGLE   =      281.7475  DIHED      =     1623.7707
 VDWAALS =     6732.4664  EEL     =   -74100.3110  HBOND      =        0.0000
 1-4 VDW =      526.6273  1-4 EEL =     5981.9402  RESTRAINT  =      291.3860
 EAMBER  =   -55302.1262


   NSTEP       ENERGY          RMS            GMAX         NAME    NUMBER
    270      -5.5089E+04     7.0471E-01     2.8283E+01     H2       9943

 BOND    =     3585.8762  ANGLE   =      283.9271  DIHED      =     1622.9405
 VDWAALS =     6818.4888  EEL     =   -74202.0254  HBOND      =        0.0000
 1-4 VDW =      526.7046  1-4 EEL =     5981.8166  RESTRAINT  =      293.4195
 EAMBER  =   -55382.2716


   NSTEP       ENERGY          RMS            GMAX         NAME    NUMBER
    275      -5.5220E+04     1.7761E+00     7.5907E+01     H2       9943

 BOND    =     3717.6224  ANGLE   =      293.6901  DIHED      =     1623.6624
 VDWAALS =     7081.5126  EEL     =   -74744.8274  HBOND      =        0.0000
 1-4 VDW =      527.1544  1-4 EEL =     5981.2100  RESTRAINT  =      299.9065
 EAMBER  =   -55519.9755


   NSTEP       ENERGY          RMS            GMAX         NAME    NUMBER
    280      -5.5225E+04     1.6598E+00     6.9054E+01     H2       9943

 BOND    =     3709.6577  ANGLE   =      293.3999  DIHED      =     1623.6310
 VDWAALS =     7081.4007  EEL     =   -74740.9056  HBOND      =        0.0000
 1-4 VDW =      527.1370  1-4 EEL =     5981.1966  RESTRAINT  =      299.8681
 EAMBER  =   -55524.4827


   NSTEP       ENERGY          RMS            GMAX         NAME    NUMBER
    285      -5.5326E+04     8.7428E-01     2.9524E+01     O       13736

 BOND    =     3653.7765  ANGLE   =      280.2056  DIHED      =     1622.5853
 VDWAALS =     7060.4049  EEL     =   -74747.8825  HBOND      =        0.0000
 1-4 VDW =      526.0627  1-4 EEL =     5982.3027  RESTRAINT  =      297.0357
 EAMBER  =   -55622.5450


   NSTEP       ENERGY          RMS            GMAX         NAME    NUMBER
    290      -5.5405E+04     1.0459E+00     4.3236E+01     CG       1549

 BOND    =     3680.1918  ANGLE   =      291.9883  DIHED      =     1623.7325
 VDWAALS =     7025.6297  EEL     =   -74832.6200  HBOND      =        0.0000
 1-4 VDW =      527.1702  1-4 EEL =     5983.2317  RESTRAINT  =      295.6389
 EAMBER  =   -55700.6758


   NSTEP       ENERGY          RMS            GMAX         NAME    NUMBER
    295      -5.5497E+04     1.2211E+00     5.8191E+01     H1       9942

 BOND    =     3638.1733  ANGLE   =      287.8805  DIHED      =     1623.0860
 VDWAALS =     7043.5293  EEL     =   -74892.2346  HBOND      =        0.0000
 1-4 VDW =      528.7185  1-4 EEL =     5981.0540  RESTRAINT  =      293.1722
 EAMBER  =   -55789.7929


   NSTEP       ENERGY          RMS            GMAX         NAME    NUMBER
    300      -5.5541E+04     1.0890E+00     4.9229E+01     CG       1549

 BOND    =     3666.9360  ANGLE   =      283.8280  DIHED      =     1623.0683
 VDWAALS =     7077.5470  EEL     =   -74994.4878  HBOND      =        0.0000
 1-4 VDW =      527.9445  1-4 EEL =     5981.5169  RESTRAINT  =      292.8929
 EAMBER  =   -55833.6470


   NSTEP       ENERGY          RMS            GMAX         NAME    NUMBER
    305      -5.5544E+04     9.7069E-01     3.8811E+01     CG       1549

 BOND    =     3666.1412  ANGLE   =      283.6732  DIHED      =     1623.0399
 VDWAALS =     7077.7934  EEL     =   -74996.7252  HBOND      =        0.0000
 1-4 VDW =      527.9547  1-4 EEL =     5981.5216  RESTRAINT  =      292.8674
 EAMBER  =   -55836.6012


   NSTEP       ENERGY          RMS            GMAX         NAME    NUMBER
    310      -5.5584E+04     8.0051E-01     3.0427E+01     O       13736

 BOND    =     3652.0491  ANGLE   =      281.7271  DIHED      =     1622.3235
 VDWAALS =     7095.5396  EEL     =   -75037.6242  HBOND      =        0.0000
 1-4 VDW =      527.6506  1-4 EEL =     5982.1263  RESTRAINT  =      292.1272
 EAMBER  =   -55876.2080


   NSTEP       ENERGY          RMS            GMAX         NAME    NUMBER
    315      -5.5628E+04     8.8885E-01     2.6714E+01     OE1      1955

 BOND    =     3676.7829  ANGLE   =      293.9587  DIHED      =     1623.4480
 VDWAALS =     7139.8383  EEL     =   -75165.6714  HBOND      =        0.0000
 1-4 VDW =      527.7388  1-4 EEL =     5982.6969  RESTRAINT  =      293.5884
 EAMBER  =   -55921.2078


   NSTEP       ENERGY          RMS            GMAX         NAME    NUMBER
    320      -5.5758E+04     2.2662E+00     8.0416E+01     CG         40

 BOND    =     3774.8347  ANGLE   =      294.5172  DIHED      =     1625.8208
 VDWAALS =     7501.6447  EEL     =   -75760.3985  HBOND      =        0.0000
 1-4 VDW =      526.1336  1-4 EEL =     5979.8817  RESTRAINT  =      299.0749
 EAMBER  =   -56057.5660


   NSTEP       ENERGY          RMS            GMAX         NAME    NUMBER
    325      -5.5866E+04     1.6654E+00     8.6091E+01     CG         40

 BOND    =     3764.5950  ANGLE   =      294.4979  DIHED      =     1623.9607
 VDWAALS =     7553.2039  EEL     =   -75906.2190  HBOND      =        0.0000
 1-4 VDW =      526.3571  1-4 EEL =     5979.6198  RESTRAINT  =      298.3832
 EAMBER  =   -56163.9846


   NSTEP       ENERGY          RMS            GMAX         NAME    NUMBER
    330      -5.5869E+04     1.5702E+00     7.7272E+01     CG         40

 BOND    =     3762.5170  ANGLE   =      294.0169  DIHED      =     1623.9493
 VDWAALS =     7553.0637  EEL     =   -75907.0552  HBOND      =        0.0000
 1-4 VDW =      526.3393  1-4 EEL =     5979.6510  RESTRAINT  =      298.3522
 EAMBER  =   -56167.5180


   NSTEP       ENERGY          RMS            GMAX         NAME    NUMBER
    335      -5.5962E+04     1.0258E+00     3.4185E+01     O        2246

 BOND    =     3764.9760  ANGLE   =      281.9827  DIHED      =     1623.6465
 VDWAALS =     7531.2754  EEL     =   -75967.4110  HBOND      =        0.0000
 1-4 VDW =      526.2606  1-4 EEL =     5980.9066  RESTRAINT  =      296.6149
 EAMBER  =   -56258.3633


   NSTEP       ENERGY          RMS            GMAX         NAME    NUMBER
    340      -5.6063E+04     9.3737E-01     2.9635E+01     CG         40

 BOND    =     3780.0595  ANGLE   =      282.7426  DIHED      =     1623.8573
 VDWAALS =     7491.4323  EEL     =   -76044.9766  HBOND      =        0.0000
 1-4 VDW =      527.3173  1-4 EEL =     5982.0567  RESTRAINT  =      294.8170
 EAMBER  =   -56357.5109


   NSTEP       ENERGY          RMS            GMAX         NAME    NUMBER
    345      -5.6104E+04     5.6055E-01     2.0878E+01     CG2      1877

 BOND    =     3744.9326  ANGLE   =      283.9829  DIHED      =     1622.6501
 VDWAALS =     7500.4222  EEL     =   -76059.0006  HBOND      =        0.0000
 1-4 VDW =      527.7648  1-4 EEL =     5981.4577  RESTRAINT  =      294.1299
 EAMBER  =   -56397.7903


   NSTEP       ENERGY          RMS            GMAX         NAME    NUMBER
    350      -5.6149E+04     1.0568E+00     3.1984E+01     O       14888

 BOND    =     3795.9525  ANGLE   =      289.9779  DIHED      =     1623.5851
 VDWAALS =     7554.0590  EEL     =   -76217.5411  HBOND      =        0.0000
 1-4 VDW =      527.9086  1-4 EEL =     5981.9747  RESTRAINT  =      294.9979
 EAMBER  =   -56444.0832


   NSTEP       ENERGY          RMS            GMAX         NAME    NUMBER
    355      -5.6152E+04     9.6743E-01     2.8120E+01     O       14888

 BOND    =     3793.5635  ANGLE   =      289.5645  DIHED      =     1623.5484
 VDWAALS =     7554.1125  EEL     =   -76217.4322  HBOND      =        0.0000
 1-4 VDW =      527.8921  1-4 EEL =     5981.9645  RESTRAINT  =      294.9557
 EAMBER  =   -56446.7868


   NSTEP       ENERGY          RMS            GMAX         NAME    NUMBER
    360      -5.6193E+04     9.1948E-01     4.1748E+01     CG       1188

 BOND    =     3765.1342  ANGLE   =      282.4882  DIHED      =     1622.7542
 VDWAALS =     7567.4250  EEL     =   -76234.4740  HBOND      =        0.0000
 1-4 VDW =      527.9246  1-4 EEL =     5981.7636  RESTRAINT  =      293.9589
 EAMBER  =   -56486.9841


   NSTEP       ENERGY          RMS            GMAX         NAME    NUMBER
    365      -5.6218E+04     7.8073E-01     2.6899E+01     CG       1188

 BOND    =     3797.1465  ANGLE   =      286.3255  DIHED      =     1623.0441
 VDWAALS =     7585.2722  EEL     =   -76313.4281  HBOND      =        0.0000
 1-4 VDW =      527.8212  1-4 EEL =     5981.1362  RESTRAINT  =      294.5198
 EAMBER  =   -56512.6824


   NSTEP       ENERGY          RMS            GMAX         NAME    NUMBER
    370      -5.6329E+04     1.6612E+00     8.5364E+01     CG2      1877

 BOND    =     3846.8503  ANGLE   =      293.2645  DIHED      =     1625.2923
 VDWAALS =     7825.4546  EEL     =   -76722.5976  HBOND      =        0.0000
 1-4 VDW =      525.7850  1-4 EEL =     5978.7138  RESTRAINT  =      298.2981
 EAMBER  =   -56627.2372


   NSTEP       ENERGY          RMS            GMAX         NAME    NUMBER
    375      -5.6394E+04     1.3275E+00     5.1818E+01     CD       1348

 BOND    =     3845.5996  ANGLE   =      288.2281  DIHED      =     1623.9814
 VDWAALS =     7876.9590  EEL     =   -76832.8247  HBOND      =        0.0000
 1-4 VDW =      526.0359  1-4 EEL =     5979.9086  RESTRAINT  =      298.3019
 EAMBER  =   -56692.1122


   NSTEP       ENERGY          RMS            GMAX         NAME    NUMBER
    380      -5.6397E+04     1.2394E+00     4.6534E+01     O       14888

 BOND    =     3843.2792  ANGLE   =      287.9902  DIHED      =     1623.9698
 VDWAALS =     7876.8616  EEL     =   -76832.8635  HBOND      =        0.0000
 1-4 VDW =      526.0326  1-4 EEL =     5979.9236  RESTRAINT  =      298.2740
 EAMBER  =   -56694.8065


   NSTEP       ENERGY          RMS            GMAX         NAME    NUMBER
    385      -5.6468E+04     9.7915E-01     3.4353E+01     H1      14889

 BOND    =     3857.8338  ANGLE   =      283.2265  DIHED      =     1623.2199
 VDWAALS =     7861.3988  EEL     =   -76897.1890  HBOND      =        0.0000
 1-4 VDW =      526.5231  1-4 EEL =     5980.4764  RESTRAINT  =      296.4596
 EAMBER  =   -56764.5105


   NSTEP       ENERGY          RMS            GMAX         NAME    NUMBER
    390      -5.6523E+04     7.9104E-01     2.4474E+01     O       14888

 BOND    =     3856.8198  ANGLE   =      289.6315  DIHED      =     1623.1217
 VDWAALS =     7848.8883  EEL     =   -76945.9984  HBOND      =        0.0000
 1-4 VDW =      527.5346  1-4 EEL =     5981.2314  RESTRAINT  =      295.7002
 EAMBER  =   -56818.7710


   NSTEP       ENERGY          RMS            GMAX         NAME    NUMBER
    395      -5.6571E+04     6.5757E-01     3.8489E+01     CG       1188

 BOND    =     3840.4321  ANGLE   =      281.9270  DIHED      =     1622.6807
 VDWAALS =     7869.6771  EEL     =   -76988.8694  HBOND      =        0.0000
 1-4 VDW =      527.3420  1-4 EEL =     5981.4441  RESTRAINT  =      294.6202
 EAMBER  =   -56865.3665


   NSTEP       ENERGY          RMS            GMAX         NAME    NUMBER
    400      -5.6596E+04     9.6592E-01     3.8334E+01     CG2      1877

 BOND    =     3883.9924  ANGLE   =      284.5207  DIHED      =     1623.2067
 VDWAALS =     7895.4327  EEL     =   -77086.8770  HBOND      =        0.0000
 1-4 VDW =      527.5755  1-4 EEL =     5981.6721  RESTRAINT  =      294.7664
 EAMBER  =   -56890.4768


   NSTEP       ENERGY          RMS            GMAX         NAME    NUMBER
    405      -5.6599E+04     8.6396E-01     3.3099E+01     CG2      1877

 BOND    =     3880.3130  ANGLE   =      284.1896  DIHED      =     1623.1685
 VDWAALS =     7895.4909  EEL     =   -77085.6628  HBOND      =        0.0000
 1-4 VDW =      527.5668  1-4 EEL =     5981.6457  RESTRAINT  =      294.7381
 EAMBER  =   -56893.2882


   NSTEP       ENERGY          RMS            GMAX         NAME    NUMBER
    410      -5.6628E+04     5.7770E-01     2.7121E+01     CG       1188

 BOND    =     3837.2480  ANGLE   =      281.2963  DIHED      =     1622.6409
 VDWAALS =     7903.5088  EEL     =   -77075.7756  HBOND      =        0.0000
 1-4 VDW =      527.4905  1-4 EEL =     5981.3530  RESTRAINT  =      294.2766
 EAMBER  =   -56922.2380


   NSTEP       ENERGY          RMS            GMAX         NAME    NUMBER
    415      -5.6654E+04     7.3565E-01     2.4803E+01     CG       1188

 BOND    =     3877.5106  ANGLE   =      288.0274  DIHED      =     1623.0019
 VDWAALS =     7930.0653  EEL     =   -77176.5178  HBOND      =        0.0000
 1-4 VDW =      527.5786  1-4 EEL =     5980.9365  RESTRAINT  =      295.0893
 EAMBER  =   -56949.3975


   NSTEP       ENERGY          RMS            GMAX         NAME    NUMBER
    420      -5.6749E+04     1.2300E+00     4.9299E+01     CG2      1877

 BOND    =     3909.0107  ANGLE   =      286.4735  DIHED      =     1624.8876
 VDWAALS =     8103.2375  EEL     =   -77475.7625  HBOND      =        0.0000
 1-4 VDW =      526.2258  1-4 EEL =     5979.5105  RESTRAINT  =      297.1178
 EAMBER  =   -57046.4168


   NSTEP       ENERGY          RMS            GMAX         NAME    NUMBER
    425      -5.6799E+04     1.2132E+00     5.3330E+01     CD       1348

 BOND    =     3917.0804  ANGLE   =      288.5448  DIHED      =     1623.9816
 VDWAALS =     8177.9231  EEL     =   -77610.7767  HBOND      =        0.0000
 1-4 VDW =      526.1694  1-4 EEL =     5979.8249  RESTRAINT  =      298.0583
 EAMBER  =   -57097.2525


   NSTEP       ENERGY          RMS            GMAX         NAME    NUMBER
    430      -5.6802E+04     1.1262E+00     4.6575E+01     CD       1348

 BOND    =     3914.9090  ANGLE   =      288.2672  DIHED      =     1623.9688
 VDWAALS =     8177.7696  EEL     =   -77610.6251  HBOND      =        0.0000
 1-4 VDW =      526.1647  1-4 EEL =     5979.8427  RESTRAINT  =      298.0284
 EAMBER  =   -57099.7030


   NSTEP       ENERGY          RMS            GMAX         NAME    NUMBER
    435      -5.6873E+04     9.8828E-01     3.6363E+01     H1      14889

 BOND    =     3924.7155  ANGLE   =      283.9609  DIHED      =     1623.1940
 VDWAALS =     8159.9065  EEL     =   -77668.4167  HBOND      =        0.0000
 1-4 VDW =      526.5749  1-4 EEL =     5980.9208  RESTRAINT  =      296.1204
 EAMBER  =   -57169.1442


   NSTEP       ENERGY          RMS            GMAX         NAME    NUMBER
    440      -5.6915E+04     7.2536E-01     2.2818E+01     O       14888

 BOND    =     3923.0754  ANGLE   =      288.0856  DIHED      =     1623.0145
 VDWAALS =     8151.6479  EEL     =   -77705.1593  HBOND      =        0.0000
 1-4 VDW =      527.2477  1-4 EEL =     5981.3111  RESTRAINT  =      295.4960
 EAMBER  =   -57210.7772


   NSTEP       ENERGY          RMS            GMAX         NAME    NUMBER
    445      -5.6955E+04     4.2131E-01     1.4709E+01     CG2      1877

 BOND    =     3909.3743  ANGLE   =      281.8397  DIHED      =     1622.5759
 VDWAALS =     8167.2826  EEL     =   -77738.8739  HBOND      =        0.0000
 1-4 VDW =      527.2247  1-4 EEL =     5981.0780  RESTRAINT  =      294.6226
 EAMBER  =   -57249.4987


   NSTEP       ENERGY          RMS            GMAX         NAME    NUMBER
    450      -5.6986E+04     1.1577E+00     5.9056E+01     CG2      1877

 BOND    =     3958.0935  ANGLE   =      283.8048  DIHED      =     1623.4736
 VDWAALS =     8208.2654  EEL     =   -77863.9193  HBOND      =        0.0000
 1-4 VDW =      527.4498  1-4 EEL =     5982.3788  RESTRAINT  =      294.7490
 EAMBER  =   -57280.4534


   NSTEP       ENERGY          RMS            GMAX         NAME    NUMBER
    455      -5.6990E+04     1.0304E+00     5.1846E+01     CG2      1877

 BOND    =     3953.8994  ANGLE   =      283.2675  DIHED      =     1623.3972
 VDWAALS =     8208.1512  EEL     =   -77863.0533  HBOND      =        0.0000
 1-4 VDW =      527.4130  1-4 EEL =     5982.3146  RESTRAINT  =      294.7040
 EAMBER  =   -57284.6105


   NSTEP       ENERGY          RMS            GMAX         NAME    NUMBER
    460      -5.7019E+04     3.8938E-01     1.3286E+01     CG       1188

 BOND    =     3913.8377  ANGLE   =      281.3296  DIHED      =     1622.5586
 VDWAALS =     8211.4344  EEL     =   -77850.9615  HBOND      =        0.0000
 1-4 VDW =      527.3356  1-4 EEL =     5981.1257  RESTRAINT  =      294.2764
 EAMBER  =   -57313.3399


   NSTEP       ENERGY          RMS            GMAX         NAME    NUMBER
    465      -5.7043E+04     6.9174E-01     2.4952E+01     CG       1188

 BOND    =     3944.2502  ANGLE   =      288.7283  DIHED      =     1622.8308
 VDWAALS =     8239.4403  EEL     =   -77940.7770  HBOND      =        0.0000
 1-4 VDW =      527.4920  1-4 EEL =     5980.3649  RESTRAINT  =      295.0087
 EAMBER  =   -57337.6706


   NSTEP       ENERGY          RMS            GMAX         NAME    NUMBER
    470      -5.7124E+04     1.0771E+00     2.7556E+01     OD2      1551

 BOND    =     3962.3990  ANGLE   =      284.8386  DIHED      =     1625.4886
 VDWAALS =     8386.9185  EEL     =   -78186.0510  HBOND      =        0.0000
 1-4 VDW =      525.9406  1-4 EEL =     5980.3838  RESTRAINT  =      296.4063
 EAMBER  =   -57420.0820


   NSTEP       ENERGY          RMS            GMAX         NAME    NUMBER
    475      -5.7178E+04     1.0003E+00     4.0658E+01     CD       1348

 BOND    =     3981.7177  ANGLE   =      284.8570  DIHED      =     1624.3349
 VDWAALS =     8504.9185  EEL     =   -78377.5438  HBOND      =        0.0000
 1-4 VDW =      525.8601  1-4 EEL =     5980.0319  RESTRAINT  =      297.4898
 EAMBER  =   -57475.8237


   NSTEP       ENERGY          RMS            GMAX         NAME    NUMBER
    480      -5.7180E+04     9.2241E-01     3.4522E+01     CD       1348

 BOND    =     3980.6623  ANGLE   =      284.7045  DIHED      =     1624.3106
 VDWAALS =     8504.6506  EEL     =   -78378.0291  HBOND      =        0.0000
 1-4 VDW =      525.8539  1-4 EEL =     5980.0468  RESTRAINT  =      297.4646
 EAMBER  =   -57477.8003


   NSTEP       ENERGY          RMS            GMAX         NAME    NUMBER
    485      -5.7256E+04     9.6295E-01     3.4574E+01     O       14900

 BOND    =     3983.6540  ANGLE   =      286.8190  DIHED      =     1622.6447
 VDWAALS =     8474.1904  EEL     =   -78427.2412  HBOND      =        0.0000
 1-4 VDW =      527.0566  1-4 EEL =     5981.0335  RESTRAINT  =      295.5303
 EAMBER  =   -57551.8431


   NSTEP       ENERGY          RMS            GMAX         NAME    NUMBER
    490      -5.7293E+04     6.0832E-01     2.2326E+01     CG       1188

 BOND    =     3986.2967  ANGLE   =      286.5312  DIHED      =     1622.4130
 VDWAALS =     8465.7670  EEL     =   -78458.0357  HBOND      =        0.0000
 1-4 VDW =      527.4401  1-4 EEL =     5981.4757  RESTRAINT  =      294.7677
 EAMBER  =   -57588.1119


   NSTEP       ENERGY          RMS            GMAX         NAME    NUMBER
    495      -5.7318E+04     3.4604E-01     1.0614E+01     NE2      1831

 BOND    =     3977.0344  ANGLE   =      280.2144  DIHED      =     1622.7923
 VDWAALS =     8477.5113  EEL     =   -78477.7471  HBOND      =        0.0000
 1-4 VDW =      527.1049  1-4 EEL =     5981.1580  RESTRAINT  =      294.1629
 EAMBER  =   -57611.9318


   NSTEP       ENERGY          RMS            GMAX         NAME    NUMBER
    500      -5.7350E+04     1.1622E+00     6.6480E+01     CG2      1877

 BOND    =     4017.1820  ANGLE   =      292.0475  DIHED      =     1622.6125
 VDWAALS =     8524.8340  EEL     =   -78609.1561  HBOND      =        0.0000
 1-4 VDW =      527.5310  1-4 EEL =     5980.5649  RESTRAINT  =      294.2116
 EAMBER  =   -57644.3843


   NSTEP       ENERGY          RMS            GMAX         NAME    NUMBER
    505      -5.7355E+04     9.9825E-01     5.6025E+01     CG2      1877

 BOND    =     4012.7072  ANGLE   =      290.6486  DIHED      =     1622.5252
 VDWAALS =     8524.7159  EEL     =   -78608.0821  HBOND      =        0.0000
 1-4 VDW =      527.5468  1-4 EEL =     5980.5891  RESTRAINT  =      294.1599
 EAMBER  =   -57649.3492


   NSTEP       ENERGY          RMS            GMAX         NAME    NUMBER
    510      -5.7383E+04     4.4173E-01     1.3554E+01     OD2      1551

 BOND    =     3984.5945  ANGLE   =      280.5289  DIHED      =     1623.0141
 VDWAALS =     8530.0067  EEL     =   -78602.3516  HBOND      =        0.0000
 1-4 VDW =      526.9357  1-4 EEL =     5980.5691  RESTRAINT  =      293.9078
 EAMBER  =   -57676.7025


   NSTEP       ENERGY          RMS            GMAX         NAME    NUMBER
    515      -5.7400E+04     6.2106E-01     1.9338E+01     CG       1951

 BOND    =     4011.4853  ANGLE   =      283.2168  DIHED      =     1623.2723
 VDWAALS =     8545.6951  EEL     =   -78666.1987  HBOND      =        0.0000
 1-4 VDW =      527.2390  1-4 EEL =     5980.9828  RESTRAINT  =      294.4328
 EAMBER  =   -57694.3075


   NSTEP       ENERGY          RMS            GMAX         NAME    NUMBER
    520      -5.7444E+04     6.8042E-01     2.0332E+01     O       12950

 BOND    =     4008.3698  ANGLE   =      287.1531  DIHED      =     1622.6677
 VDWAALS =     8612.8001  EEL     =   -78778.5813  HBOND      =        0.0000
 1-4 VDW =      527.3549  1-4 EEL =     5980.8468  RESTRAINT  =      295.3923
 EAMBER  =   -57739.3890


   NSTEP       ENERGY          RMS            GMAX         NAME    NUMBER
    525      -5.7482E+04     8.8794E-01     5.5679E+01     CG       1188

 BOND    =     4028.2179  ANGLE   =      284.3342  DIHED      =     1623.7715
 VDWAALS =     8700.6793  EEL     =   -78922.5370  HBOND      =        0.0000
 1-4 VDW =      526.2346  1-4 EEL =     5980.9621  RESTRAINT  =      296.5773
 EAMBER  =   -57778.3375


   NSTEP       ENERGY          RMS            GMAX         NAME    NUMBER
    530      -5.7484E+04     7.8105E-01     4.3479E+01     CG       1188

 BOND    =     4026.5920  ANGLE   =      284.1226  DIHED      =     1623.7376
 VDWAALS =     8700.4843  EEL     =   -78922.5954  HBOND      =        0.0000
 1-4 VDW =      526.2374  1-4 EEL =     5980.9848  RESTRAINT  =      296.5505
 EAMBER  =   -57780.4367


   NSTEP       ENERGY          RMS            GMAX         NAME    NUMBER
    535      -5.7527E+04     7.6885E-01     2.3068E+01     O       14900

 BOND    =     4039.2078  ANGLE   =      286.2303  DIHED      =     1622.7531
 VDWAALS =     8688.4698  EEL     =   -78966.5709  HBOND      =        0.0000
 1-4 VDW =      526.9162  1-4 EEL =     5981.0711  RESTRAINT  =      295.3606
 EAMBER  =   -57821.9226


   NSTEP       ENERGY          RMS            GMAX         NAME    NUMBER
    540      -5.7552E+04     6.1625E-01     1.7981E+01     CG       1188

 BOND    =     4035.9579  ANGLE   =      285.5227  DIHED      =     1622.6486
 VDWAALS =     8686.6493  EEL     =   -78985.2229  HBOND      =        0.0000
 1-4 VDW =      527.2637  1-4 EEL =     5980.3945  RESTRAINT  =      294.6744
 EAMBER  =   -57846.7862


   NSTEP       ENERGY          RMS            GMAX         NAME    NUMBER
    545      -5.7576E+04     4.5124E-01     1.4455E+01     CD       1348

 BOND    =     4032.3429  ANGLE   =      281.2788  DIHED      =     1622.4844
 VDWAALS =     8698.9656  EEL     =   -79012.3711  HBOND      =        0.0000
 1-4 VDW =      527.0857  1-4 EEL =     5980.2910  RESTRAINT  =      293.9622
 EAMBER  =   -57869.9227


   NSTEP       ENERGY          RMS            GMAX         NAME    NUMBER
    550      -5.7592E+04     6.9767E-01     1.8675E+01     CG2      1877

 BOND    =     4042.5479  ANGLE   =      285.3694  DIHED      =     1622.3922
 VDWAALS =     8716.2863  EEL     =   -79060.3891  HBOND      =        0.0000
 1-4 VDW =      527.4827  1-4 EEL =     5980.6468  RESTRAINT  =      294.1405
 EAMBER  =   -57885.6638


   NSTEP       ENERGY          RMS            GMAX         NAME    NUMBER
    555      -5.7594E+04     5.9098E-01     1.5480E+01     OE1      1955

 BOND    =     4040.6097  ANGLE   =      284.8700  DIHED      =     1622.3505
 VDWAALS =     8716.2917  EEL     =   -79060.0032  HBOND      =        0.0000
 1-4 VDW =      527.4736  1-4 EEL =     5980.6384  RESTRAINT  =      294.1113
 EAMBER  =   -57887.7693


   NSTEP       ENERGY          RMS            GMAX         NAME    NUMBER
    560      -5.7611E+04     5.0491E-01     1.9065E+01     CD        839

 BOND    =     4030.7719  ANGLE   =      280.9526  DIHED      =     1622.7794
 VDWAALS =     8723.7971  EEL     =   -79070.4726  HBOND      =        0.0000
 1-4 VDW =      527.1343  1-4 EEL =     5980.4446  RESTRAINT  =      293.9182
 EAMBER  =   -57904.5927


   NSTEP       ENERGY          RMS            GMAX         NAME    NUMBER
    565      -5.7628E+04     6.0978E-01     1.8598E+01     OE1      1955

 BOND    =     4052.1464  ANGLE   =      285.6614  DIHED      =     1622.6403
 VDWAALS =     8743.4737  EEL     =   -79134.6514  HBOND      =        0.0000
 1-4 VDW =      527.2069  1-4 EEL =     5980.7499  RESTRAINT  =      294.4628
 EAMBER  =   -57922.7729


   NSTEP       ENERGY          RMS            GMAX         NAME    NUMBER
    570      -5.7666E+04     7.1121E-01     2.2629E+01     CG       1188

 BOND    =     4051.8946  ANGLE   =      285.0021  DIHED      =     1623.1283
 VDWAALS =     8811.6706  EEL     =   -79239.6851  HBOND      =        0.0000
 1-4 VDW =      526.4585  1-4 EEL =     5980.6887  RESTRAINT  =      295.2924
 EAMBER  =   -57960.8423


   NSTEP       ENERGY          RMS            GMAX         NAME    NUMBER
    575      -5.7689E+04     8.6697E-01     6.4681E+01     CG       1188

 BOND    =     4068.1506  ANGLE   =      283.8604  DIHED      =     1623.8909
 VDWAALS =     8860.0812  EEL     =   -79327.8051  HBOND      =        0.0000
 1-4 VDW =      526.1904  1-4 EEL =     5980.6430  RESTRAINT  =      295.9352
 EAMBER  =   -57984.9886


   NSTEP       ENERGY          RMS            GMAX         NAME    NUMBER
    580      -5.7691E+04     7.4460E-01     4.9032E+01     CG       1188

 BOND    =     4066.1277  ANGLE   =      283.6926  DIHED      =     1623.8331
 VDWAALS =     8859.8803  EEL     =   -79327.5618  HBOND      =        0.0000
 1-4 VDW =      526.1801  1-4 EEL =     5980.6830  RESTRAINT  =      295.9062
 EAMBER  =   -57987.1651


   NSTEP       ENERGY          RMS            GMAX         NAME    NUMBER
    585      -5.7723E+04     7.4471E-01     2.8438E+01     NE2      1831

 BOND    =     4070.3187  ANGLE   =      286.5557  DIHED      =     1622.4852
 VDWAALS =     8848.7111  EEL     =   -79354.6289  HBOND      =        0.0000
 1-4 VDW =      527.0288  1-4 EEL =     5981.0796  RESTRAINT  =      295.0149
 EAMBER  =   -58018.4498


   NSTEP       ENERGY          RMS            GMAX         NAME    NUMBER
    590      -5.7754E+04     5.6865E-01     1.6361E+01     NE2      1831

 BOND    =     4064.8131  ANGLE   =      282.0926  DIHED      =     1622.9721
 VDWAALS =     8851.9456  EEL     =   -79377.7708  HBOND      =        0.0000
 1-4 VDW =      526.8755  1-4 EEL =     5980.7866  RESTRAINT  =      294.1303
 EAMBER  =   -58048.2854


   NSTEP       ENERGY          RMS            GMAX         NAME    NUMBER
    595      -5.7766E+04     4.4703E-01     1.3775E+01     CG       1188

 BOND    =     4068.6157  ANGLE   =      281.1678  DIHED      =     1622.4526
 VDWAALS =     8860.2564  EEL     =   -79400.2499  HBOND      =        0.0000
 1-4 VDW =      527.0402  1-4 EEL =     5980.5063  RESTRAINT  =      293.9449
 EAMBER  =   -58060.2109


   NSTEP       ENERGY          RMS            GMAX         NAME    NUMBER
    600      -5.7789E+04     5.8398E-01     1.4723E+01     OE1      1955

 BOND    =     4076.6654  ANGLE   =      285.8695  DIHED      =     1622.2680
 VDWAALS =     8881.7524  EEL     =   -79457.2569  HBOND      =        0.0000
 1-4 VDW =      527.2623  1-4 EEL =     5980.6844  RESTRAINT  =      293.9990
 EAMBER  =   -58082.7549


   NSTEP       ENERGY          RMS            GMAX         NAME    NUMBER
    605      -5.7790E+04     4.9985E-01     1.3432E+01     OE1      1955

 BOND    =     4074.9061  ANGLE   =      285.4921  DIHED      =     1622.2310
 VDWAALS =     8881.7996  EEL     =   -79456.6027  HBOND      =        0.0000
 1-4 VDW =      527.2503  1-4 EEL =     5980.6773  RESTRAINT  =      293.9802
 EAMBER  =   -58084.2464


   NSTEP       ENERGY          RMS            GMAX         NAME    NUMBER
    610      -5.7802E+04     4.2254E-01     1.1725E+01     CG       1188

 BOND    =     4072.5450  ANGLE   =      280.9062  DIHED      =     1622.5590
 VDWAALS =     8888.0898  EEL     =   -79467.3244  HBOND      =        0.0000
 1-4 VDW =      526.9270  1-4 EEL =     5980.7099  RESTRAINT  =      293.8156
 EAMBER  =   -58095.5874


   NSTEP       ENERGY          RMS            GMAX         NAME    NUMBER
    615      -5.7822E+04     4.9106E-01     1.7205E+01     HG3      1953

 BOND    =     4081.0311  ANGLE   =      286.7565  DIHED      =     1622.2105
 VDWAALS =     8908.8951  EEL     =   -79523.2840  HBOND      =        0.0000
 1-4 VDW =      527.3325  1-4 EEL =     5980.4690  RESTRAINT  =      294.2148
 EAMBER  =   -58116.5893


   NSTEP       ENERGY          RMS            GMAX         NAME    NUMBER
    620      -5.7867E+04     1.0488E+00     4.0811E+01     CG2      1877

 BOND    =     4112.6036  ANGLE   =      287.6355  DIHED      =     1623.0045
 VDWAALS =     8990.7302  EEL     =   -79683.2809  HBOND      =        0.0000
 1-4 VDW =      526.7614  1-4 EEL =     5981.0016  RESTRAINT  =      294.8904
 EAMBER  =   -58161.5441


   NSTEP       ENERGY          RMS            GMAX         NAME    NUMBER
    625      -5.7920E+04     6.5675E-01     1.5427E+01     HG3      1953

 BOND    =     4115.9203  ANGLE   =      284.3897  DIHED      =     1623.5976
 VDWAALS =     9078.6300  EEL     =   -79824.9991  HBOND      =        0.0000
 1-4 VDW =      526.1724  1-4 EEL =     5980.9975  RESTRAINT  =      295.5424
 EAMBER  =   -58215.2916


   NSTEP       ENERGY          RMS            GMAX         NAME    NUMBER
    630      -5.7921E+04     6.0074E-01     1.5139E+01     HG3      1953

 BOND    =     4114.2543  ANGLE   =      284.2825  DIHED      =     1623.5415
 VDWAALS =     9078.3348  EEL     =   -79824.3952  HBOND      =        0.0000
 1-4 VDW =      526.1706  1-4 EEL =     5981.0040  RESTRAINT  =      295.5037
 EAMBER  =   -58216.8074


   NSTEP       ENERGY          RMS            GMAX         NAME    NUMBER
    635      -5.7960E+04     7.2498E-01     2.5663E+01     CD        839

 BOND    =     4115.5015  ANGLE   =      287.8269  DIHED      =     1622.2734
 VDWAALS =     9060.9206  EEL     =   -79849.1498  HBOND      =        0.0000
 1-4 VDW =      527.1814  1-4 EEL =     5981.0696  RESTRAINT  =      294.1461
 EAMBER  =   -58254.3764


   NSTEP       ENERGY          RMS            GMAX         NAME    NUMBER
    640      -5.7978E+04     5.7569E-01     1.7792E+01     CD       1954

 BOND    =     4120.3903  ANGLE   =      285.8260  DIHED      =     1622.2410
 VDWAALS =     9059.1793  EEL     =   -79867.4101  HBOND      =        0.0000
 1-4 VDW =      527.2818  1-4 EEL =     5980.9001  RESTRAINT  =      293.4239
 EAMBER  =   -58271.5916


   NSTEP       ENERGY          RMS            GMAX         NAME    NUMBER
    645      -5.7996E+04     2.7573E-01     6.0141E+00     CG       1188

 BOND    =     4112.6061  ANGLE   =      280.8990  DIHED      =     1622.0726
 VDWAALS =     9066.6733  EEL     =   -79878.6419  HBOND      =        0.0000
 1-4 VDW =      527.2538  1-4 EEL =     5980.6592  RESTRAINT  =      292.5978
 EAMBER  =   -58288.4780


   NSTEP       ENERGY          RMS            GMAX         NAME    NUMBER
    650      -5.8007E+04     6.8356E-01     4.4326E+01     CG       1188

 BOND    =     4123.0413  ANGLE   =      287.3721  DIHED      =     1622.1985
 VDWAALS =     9079.9219  EEL     =   -79920.5633  HBOND      =        0.0000
 1-4 VDW =      527.7508  1-4 EEL =     5980.4923  RESTRAINT  =      292.4516
 EAMBER  =   -58299.7863


   NSTEP       ENERGY          RMS            GMAX         NAME    NUMBER
    655      -5.8009E+04     5.5867E-01     2.9102E+01     CG       1188

 BOND    =     4120.6604  ANGLE   =      286.7770  DIHED      =     1622.1180
 VDWAALS =     9080.0580  EEL     =   -79919.5805  HBOND      =        0.0000
 1-4 VDW =      527.7336  1-4 EEL =     5980.5167  RESTRAINT  =      292.4339
 EAMBER  =   -58301.7167


   NSTEP       ENERGY          RMS            GMAX         NAME    NUMBER
    660      -5.8021E+04     3.2914E-01     8.9015E+00     NE2      1831

 BOND    =     4118.2343  ANGLE   =      280.5305  DIHED      =     1622.4259
 VDWAALS =     9086.4603  EEL     =   -79929.3057  HBOND      =        0.0000
 1-4 VDW =      527.1146  1-4 EEL =     5980.8161  RESTRAINT  =      292.2963
 EAMBER  =   -58313.7239


   NSTEP       ENERGY          RMS            GMAX         NAME    NUMBER
    665      -5.8039E+04     5.7632E-01     2.0306E+01     CD       1348

 BOND    =     4138.4330  ANGLE   =      284.4719  DIHED      =     1622.2873
 VDWAALS =     9107.0824  EEL     =   -79991.7144  HBOND      =        0.0000
 1-4 VDW =      527.2858  1-4 EEL =     5980.8563  RESTRAINT  =      292.7800
 EAMBER  =   -58331.2976


   NSTEP       ENERGY          RMS            GMAX         NAME    NUMBER
    670      -5.8062E+04     5.4604E-01     1.8382E+01     CD       1348

 BOND    =     4134.6950  ANGLE   =      284.5921  DIHED      =     1622.4846
 VDWAALS =     9147.0265  EEL     =   -80051.7573  HBOND      =        0.0000
 1-4 VDW =      526.8580  1-4 EEL =     5981.1022  RESTRAINT  =      292.9528
 EAMBER  =   -58354.9989


   NSTEP       ENERGY          RMS            GMAX         NAME    NUMBER
    675      -5.8082E+04     6.2686E-01     1.6685E+01     HG3      1953

 BOND    =     4145.9945  ANGLE   =      284.6622  DIHED      =     1623.4401
 VDWAALS =     9193.1883  EEL     =   -80130.6796  HBOND      =        0.0000
 1-4 VDW =      526.3054  1-4 EEL =     5981.2389  RESTRAINT  =      293.4758
 EAMBER  =   -58375.8502


   NSTEP       ENERGY          RMS            GMAX         NAME    NUMBER
    680      -5.8084E+04     5.5925E-01     1.6342E+01     HG3      1953

 BOND    =     4143.5532  ANGLE   =      284.4963  DIHED      =     1623.3701
 VDWAALS =     9192.8744  EEL     =   -80129.3821  HBOND      =        0.0000
 1-4 VDW =      526.3156  1-4 EEL =     5981.2434  RESTRAINT  =      293.4358
 EAMBER  =   -58377.5291


   NSTEP       ENERGY          RMS            GMAX         NAME    NUMBER
    685      -5.8111E+04     6.5596E-01     2.6665E+01     CD       1348

 BOND    =     4142.3803  ANGLE   =      286.4867  DIHED      =     1621.9957
 VDWAALS =     9181.2812  EEL     =   -80144.0729  HBOND      =        0.0000
 1-4 VDW =      527.0048  1-4 EEL =     5981.0134  RESTRAINT  =      292.6394
 EAMBER  =   -58403.9107


   NSTEP       ENERGY          RMS            GMAX         NAME    NUMBER
    690      -5.8125E+04     5.6137E-01     1.7229E+01     CD       1348

 BOND    =     4151.0747  ANGLE   =      284.8826  DIHED      =     1622.2458
 VDWAALS =     9180.5660  EEL     =   -80164.3596  HBOND      =        0.0000
 1-4 VDW =      527.3775  1-4 EEL =     5980.8834  RESTRAINT  =      292.2068
 EAMBER  =   -58417.3295


   NSTEP       ENERGY          RMS            GMAX         NAME    NUMBER
    695      -5.8144E+04     3.2124E-01     9.8716E+00     CG       1188

 BOND    =     4143.6613  ANGLE   =      281.2021  DIHED      =     1621.9814
 VDWAALS =     9189.4510  EEL     =   -80179.5510  HBOND      =        0.0000
 1-4 VDW =      527.4047  1-4 EEL =     5980.7190  RESTRAINT  =      291.4408
 EAMBER  =   -58435.1315


   NSTEP       ENERGY          RMS            GMAX         NAME    NUMBER
    700      -5.8153E+04     6.2103E-01     3.5984E+01     CG       1188

 BOND    =     4150.6178  ANGLE   =      285.8127  DIHED      =     1621.5844
 VDWAALS =     9200.2525  EEL     =   -80210.7574  HBOND      =        0.0000
 1-4 VDW =      527.6061  1-4 EEL =     5980.5972  RESTRAINT  =      291.4132
 EAMBER  =   -58444.2866


   NSTEP       ENERGY          RMS            GMAX         NAME    NUMBER
    705      -5.8155E+04     4.9174E-01     2.1797E+01     CG       1188

 BOND    =     4147.8489  ANGLE   =      285.2741  DIHED      =     1621.5649
 VDWAALS =     9200.3400  EEL     =   -80209.3475  HBOND      =        0.0000
 1-4 VDW =      527.6023  1-4 EEL =     5980.6194  RESTRAINT  =      291.3981
 EAMBER  =   -58446.0979


   NSTEP       ENERGY          RMS            GMAX         NAME    NUMBER
    710      -5.8165E+04     4.0585E-01     1.3535E+01     CG       1188

 BOND    =     4150.2273  ANGLE   =      280.8786  DIHED      =     1622.4853
 VDWAALS =     9206.4243  EEL     =   -80224.7431  HBOND      =        0.0000
 1-4 VDW =      527.1927  1-4 EEL =     5980.9631  RESTRAINT  =      291.3298
 EAMBER  =   -58456.5719


   NSTEP       ENERGY          RMS            GMAX         NAME    NUMBER
    715      -5.8183E+04     9.2598E-01     3.2300E+01     CE2        78

 BOND    =     4150.0031  ANGLE   =      287.7491  DIHED      =     1622.0691
 VDWAALS =     9238.3631  EEL     =   -80280.9271  HBOND      =        0.0000
 1-4 VDW =      527.3192  1-4 EEL =     5980.4236  RESTRAINT  =      292.1951
 EAMBER  =   -58474.9998


   NSTEP       ENERGY          RMS            GMAX         NAME    NUMBER
    720      -5.8201E+04     5.9069E-01     2.9679E+01     CD       1348

 BOND    =     4166.3337  ANGLE   =      284.4640  DIHED      =     1622.3027
 VDWAALS =     9259.6401  EEL     =   -80333.6704  HBOND      =        0.0000
 1-4 VDW =      526.8513  1-4 EEL =     5981.0046  RESTRAINT  =      292.0524
 EAMBER  =   -58493.0741


   NSTEP       ENERGY          RMS            GMAX         NAME    NUMBER
    725      -5.8232E+04     5.7456E-01     1.5127E+01     HZ2      1498

 BOND    =     4178.1421  ANGLE   =      284.5296  DIHED      =     1623.0977
 VDWAALS =     9307.3606  EEL     =   -80424.8753  HBOND      =        0.0000
 1-4 VDW =      526.3536  1-4 EEL =     5981.3797  RESTRAINT  =      292.4681
 EAMBER  =   -58524.0119


   NSTEP       ENERGY          RMS            GMAX         NAME    NUMBER
    730      -5.8233E+04     5.0407E-01     1.4417E+01     HG3      1953

 BOND    =     4174.6607  ANGLE   =      284.3545  DIHED      =     1623.0320
 VDWAALS =     9307.0539  EEL     =   -80422.4949  HBOND      =        0.0000
 1-4 VDW =      526.3817  1-4 EEL =     5981.3716  RESTRAINT  =      292.4285
 EAMBER  =   -58525.6406


   NSTEP       ENERGY          RMS            GMAX         NAME    NUMBER
    735      -5.8255E+04     5.0763E-01     1.8631E+01     CD       1348

 BOND    =     4167.3212  ANGLE   =      285.3125  DIHED      =     1622.0880
 VDWAALS =     9298.2501  EEL     =   -80427.2632  HBOND      =        0.0000
 1-4 VDW =      526.9899  1-4 EEL =     5980.8883  RESTRAINT  =      291.8452
 EAMBER  =   -58546.4133


   NSTEP       ENERGY          RMS            GMAX         NAME    NUMBER
    740      -5.8271E+04     3.6636E-01     1.2125E+01     CB       1875

 BOND    =     4172.1700  ANGLE   =      281.3024  DIHED      =     1622.4063
 VDWAALS =     9301.1400  EEL     =   -80447.9253  HBOND      =        0.0000
 1-4 VDW =      527.0366  1-4 EEL =     5981.1470  RESTRAINT  =      291.2939
 EAMBER  =   -58562.7230


   NSTEP       ENERGY          RMS            GMAX         NAME    NUMBER
    745      -5.8281E+04     3.5500E-01     1.2992E+01     CG2      1877

 BOND    =     4172.8159  ANGLE   =      281.9312  DIHED      =     1621.9695
 VDWAALS =     9306.9051  EEL     =   -80463.3591  HBOND      =        0.0000
 1-4 VDW =      527.2662  1-4 EEL =     5980.7093  RESTRAINT  =      291.0809
 EAMBER  =   -58571.7620


   NSTEP       ENERGY          RMS            GMAX         NAME    NUMBER
    750      -5.8297E+04     5.4427E-01     2.2356E+01     CG       1188

 BOND    =     4184.2653  ANGLE   =      285.4583  DIHED      =     1621.7879
 VDWAALS =     9320.9447  EEL     =   -80508.7962  HBOND      =        0.0000
 1-4 VDW =      527.5605  1-4 EEL =     5980.5500  RESTRAINT  =      291.0159
 EAMBER  =   -58588.2293


   NSTEP       ENERGY          RMS            GMAX         NAME    NUMBER
    755      -5.8299E+04     4.3849E-01     1.3868E+01     CG       1188

 BOND    =     4179.9972  ANGLE   =      285.0454  DIHED      =     1621.7568
 VDWAALS =     9321.0201  EEL     =   -80505.5093  HBOND      =        0.0000
 1-4 VDW =      527.5585  1-4 EEL =     5980.5739  RESTRAINT  =      291.0070
 EAMBER  =   -58589.5574


   NSTEP       ENERGY          RMS            GMAX         NAME    NUMBER
    760      -5.8306E+04     3.3193E-01     1.8784E+01     CG       1188

 BOND    =     4178.7151  ANGLE   =      280.8450  DIHED      =     1622.1862
 VDWAALS =     9326.6517  EEL     =   -80513.1946  HBOND      =        0.0000
 1-4 VDW =      527.0907  1-4 EEL =     5980.9103  RESTRAINT  =      291.0101
 EAMBER  =   -58596.7955


   NSTEP       ENERGY          RMS            GMAX         NAME    NUMBER
    765      -5.8327E+04     4.5777E-01     1.2730E+01     CE2        78

 BOND    =     4183.7822  ANGLE   =      284.3364  DIHED      =     1622.5196
 VDWAALS =     9357.7310  EEL     =   -80574.4308  HBOND      =        0.0000
 1-4 VDW =      527.0872  1-4 EEL =     5980.2604  RESTRAINT  =      291.8678
 EAMBER  =   -58618.7140


   NSTEP       ENERGY          RMS            GMAX         NAME    NUMBER
    770      -5.8341E+04     6.2965E-01     2.5431E+01     CD       2108

 BOND    =     4199.4951  ANGLE   =      285.7496  DIHED      =     1622.3635
 VDWAALS =     9387.0177  EEL     =   -80635.6819  HBOND      =        0.0000
 1-4 VDW =      526.9382  1-4 EEL =     5980.9652  RESTRAINT  =      292.1283
 EAMBER  =   -58633.1524


   NSTEP       ENERGY          RMS            GMAX         NAME    NUMBER
    775      -5.8379E+04     5.8426E-01     1.4128E+01     HG3      1953

 BOND    =     4207.8671  ANGLE   =      287.5596  DIHED      =     1623.5708
 VDWAALS =     9453.1365  EEL     =   -80752.4658  HBOND      =        0.0000
 1-4 VDW =      526.3111  1-4 EEL =     5981.9779  RESTRAINT  =      293.0983
 EAMBER  =   -58672.0427


   NSTEP       ENERGY          RMS            GMAX         NAME    NUMBER
    780      -5.8381E+04     5.4314E-01     1.3746E+01     HG3      1953

 BOND    =     4205.2314  ANGLE   =      287.2421  DIHED      =     1623.4933
 VDWAALS =     9452.8154  EEL     =   -80750.6372  HBOND      =        0.0000
 1-4 VDW =      526.3203  1-4 EEL =     5981.9427  RESTRAINT  =      293.0458
 EAMBER  =   -58673.5920


   NSTEP       ENERGY          RMS            GMAX         NAME    NUMBER
    785      -5.8413E+04     4.9036E-01     1.5783E+01     CE2        78

 BOND    =     4200.5385  ANGLE   =      286.5953  DIHED      =     1622.3671
 VDWAALS =     9439.2729  EEL     =   -80761.2487  HBOND      =        0.0000
 1-4 VDW =      526.9008  1-4 EEL =     5980.4295  RESTRAINT  =      292.2137
 EAMBER  =   -58705.1446


   NSTEP       ENERGY          RMS            GMAX         NAME    NUMBER
    790      -5.8427E+04     5.3333E-01     1.9358E+01     CD       2108

 BOND    =     4212.2359  ANGLE   =      282.8654  DIHED      =     1622.6697
 VDWAALS =     9437.8243  EEL     =   -80782.2752  HBOND      =        0.0000
 1-4 VDW =      527.1788  1-4 EEL =     5980.8190  RESTRAINT  =      291.5610
 EAMBER  =   -58718.6822


   NSTEP       ENERGY          RMS            GMAX         NAME    NUMBER
    795      -5.8439E+04     2.4207E-01     5.5396E+00     CD       1348

 BOND    =     4203.8157  ANGLE   =      282.0389  DIHED      =     1621.8589
 VDWAALS =     9440.4169  EEL     =   -80786.3038  HBOND      =        0.0000
 1-4 VDW =      527.3187  1-4 EEL =     5980.6012  RESTRAINT  =      291.0398
 EAMBER  =   -58730.2534


   NSTEP       ENERGY          RMS            GMAX         NAME    NUMBER
    800      -5.8445E+04     5.0628E-01     1.5736E+01     CG       1188

 BOND    =     4211.1413  ANGLE   =      284.4429  DIHED      =     1621.7309
 VDWAALS =     9447.1393  EEL     =   -80808.2309  HBOND      =        0.0000
 1-4 VDW =      527.3023  1-4 EEL =     5980.4211  RESTRAINT  =      291.0326
 EAMBER  =   -58736.0531


   NSTEP       ENERGY          RMS            GMAX         NAME    NUMBER
    805      -5.8447E+04     3.5699E-01     9.5372E+00     O       14900

 BOND    =     4205.4201  ANGLE   =      283.9376  DIHED      =     1621.7060
 VDWAALS =     9447.2056  EEL     =   -80803.8667  HBOND      =        0.0000
 1-4 VDW =      527.3165  1-4 EEL =     5980.4554  RESTRAINT  =      291.0210
 EAMBER  =   -58737.8256


   NSTEP       ENERGY          RMS            GMAX         NAME    NUMBER
    810      -5.8453E+04     3.4131E-01     1.8414E+01     CG       1188

 BOND    =     4206.5531  ANGLE   =      281.1784  DIHED      =     1622.2150
 VDWAALS =     9451.5931  EEL     =   -80813.6728  HBOND      =        0.0000
 1-4 VDW =      527.1069  1-4 EEL =     5980.8745  RESTRAINT  =      291.0250
 EAMBER  =   -58744.1518


   NSTEP       ENERGY          RMS            GMAX         NAME    NUMBER
    815      -5.8471E+04     4.4260E-01     1.3792E+01     CE2        78

 BOND    =     4206.4479  ANGLE   =      284.5643  DIHED      =     1622.4730
 VDWAALS =     9475.3251  EEL     =   -80858.3343  HBOND      =        0.0000
 1-4 VDW =      527.1338  1-4 EEL =     5980.1998  RESTRAINT  =      291.6529
 EAMBER  =   -58762.1904


   NSTEP       ENERGY          RMS            GMAX         NAME    NUMBER
    820      -5.8481E+04     5.2507E-01     1.8116E+01     CG2      1877

 BOND    =     4221.8455  ANGLE   =      284.6329  DIHED      =     1622.3406
 VDWAALS =     9496.3829  EEL     =   -80905.6204  HBOND      =        0.0000
 1-4 VDW =      526.7062  1-4 EEL =     5980.8445  RESTRAINT  =      291.7786
 EAMBER  =   -58772.8678


   NSTEP       ENERGY          RMS            GMAX         NAME    NUMBER
    825      -5.8514E+04     5.8610E-01     1.4118E+01     CG2      1877

 BOND    =     4232.9630  ANGLE   =      285.7314  DIHED      =     1623.4636
 VDWAALS =     9548.7884  EEL     =   -81005.7257  HBOND      =        0.0000
 1-4 VDW =      526.2828  1-4 EEL =     5981.8207  RESTRAINT  =      292.3466
 EAMBER  =   -58806.6757


   NSTEP       ENERGY          RMS            GMAX         NAME    NUMBER
    830      -5.8516E+04     5.3072E-01     1.1866E+01     HZ2      1498

 BOND    =     4229.8583  ANGLE   =      285.4662  DIHED      =     1623.3557
 VDWAALS =     9548.4253  EEL     =   -81003.4477  HBOND      =        0.0000
 1-4 VDW =      526.2985  1-4 EEL =     5981.7801  RESTRAINT  =      292.2953
 EAMBER  =   -58808.2635


   NSTEP       ENERGY          RMS            GMAX         NAME    NUMBER
    835      -5.8539E+04     4.0250E-01     1.1037E+01     CE2        78

 BOND    =     4222.3417  ANGLE   =      285.9159  DIHED      =     1622.4045
 VDWAALS =     9537.2555  EEL     =   -81006.2218  HBOND      =        0.0000
 1-4 VDW =      526.9699  1-4 EEL =     5980.5619  RESTRAINT  =      291.5312
 EAMBER  =   -58830.7724


   NSTEP       ENERGY          RMS            GMAX         NAME    NUMBER
    840      -5.8550E+04     4.1989E-01     1.3345E+01     CD       1348

 BOND    =     4233.6799  ANGLE   =      283.2724  DIHED      =     1622.6240
 VDWAALS =     9536.7021  EEL     =   -81025.4808  HBOND      =        0.0000
 1-4 VDW =      527.0640  1-4 EEL =     5980.6245  RESTRAINT  =      291.0960
 EAMBER  =   -58841.5139


   NSTEP       ENERGY          RMS            GMAX         NAME    NUMBER
    845      -5.8562E+04     3.0914E-01     1.6951E+01     CD       1348

 BOND    =     4225.9645  ANGLE   =      282.3501  DIHED      =     1621.7887
 VDWAALS =     9539.6525  EEL     =   -81030.0698  HBOND      =        0.0000
 1-4 VDW =      527.2988  1-4 EEL =     5980.4100  RESTRAINT  =      290.5048
 EAMBER  =   -58852.6051


   NSTEP       ENERGY          RMS            GMAX         NAME    NUMBER
    850      -5.8566E+04     4.1430E-01     1.2000E+01     O       14900

 BOND    =     4232.2582  ANGLE   =      283.3531  DIHED      =     1621.6990
 VDWAALS =     9544.0045  EEL     =   -81046.1729  HBOND      =        0.0000
 1-4 VDW =      527.3907  1-4 EEL =     5980.6147  RESTRAINT  =      290.3844
 EAMBER  =   -58856.8527


   NSTEP       ENERGY          RMS            GMAX         NAME    NUMBER
    855      -5.8568E+04     2.5915E-01     7.5797E+00     O       14900

 BOND    =     4226.0094  ANGLE   =      283.0094  DIHED      =     1621.6980
 VDWAALS =     9544.0963  EEL     =   -81041.1368  HBOND      =        0.0000
 1-4 VDW =      527.3833  1-4 EEL =     5980.5868  RESTRAINT  =      290.3718
 EAMBER  =   -58858.3536


   NSTEP       ENERGY          RMS            GMAX         NAME    NUMBER
    860      -5.8574E+04     3.9055E-01     1.8648E+01     CG       1188

 BOND    =     4230.2449  ANGLE   =      281.2824  DIHED      =     1622.1890
 VDWAALS =     9549.8665  EEL     =   -81055.6486  HBOND      =        0.0000
 1-4 VDW =      527.0321  1-4 EEL =     5980.6247  RESTRAINT  =      290.4363
 EAMBER  =   -58864.4090


   NSTEP       ENERGY          RMS            GMAX         NAME    NUMBER
    865      -5.8588E+04     3.3597E-01     7.7244E+00     O       14900

 BOND    =     4229.0895  ANGLE   =      284.1238  DIHED      =     1622.2736
 VDWAALS =     9565.8038  EEL     =   -81087.1972  HBOND      =        0.0000
 1-4 VDW =      527.0933  1-4 EEL =     5980.0842  RESTRAINT  =      290.8806
 EAMBER  =   -58878.7291


   NSTEP       ENERGY          RMS            GMAX         NAME    NUMBER
    870      -5.8598E+04     5.0141E-01     2.3870E+01     CD       1348

 BOND    =     4242.0405  ANGLE   =      284.8252  DIHED      =     1622.4295
 VDWAALS =     9585.4862  EEL     =   -81131.7477  HBOND      =        0.0000
 1-4 VDW =      526.9305  1-4 EEL =     5980.9534  RESTRAINT  =      290.9352
 EAMBER  =   -58889.0823


   NSTEP       ENERGY          RMS            GMAX         NAME    NUMBER
    875      -5.8627E+04     5.7306E-01     1.4939E+01     CG2      1877

 BOND    =     4252.7723  ANGLE   =      284.9773  DIHED      =     1623.5815
 VDWAALS =     9629.9590  EEL     =   -81217.7995  HBOND      =        0.0000
 1-4 VDW =      526.3899  1-4 EEL =     5981.8610  RESTRAINT  =      291.2244
 EAMBER  =   -58918.2584


   NSTEP       ENERGY          RMS            GMAX         NAME    NUMBER
    880      -5.8629E+04     5.0996E-01     1.2077E+01     CG2      1877

 BOND    =     4249.4549  ANGLE   =      284.7223  DIHED      =     1623.4609
 VDWAALS =     9629.6329  EEL     =   -81215.3761  HBOND      =        0.0000
 1-4 VDW =      526.4096  1-4 EEL =     5981.8061  RESTRAINT  =      291.1765
 EAMBER  =   -58919.8894


   NSTEP       ENERGY          RMS            GMAX         NAME    NUMBER
    885      -5.8648E+04     3.6765E-01     9.4791E+00     CE2        78

 BOND    =     4241.9855  ANGLE   =      285.6884  DIHED      =     1622.3327
 VDWAALS =     9620.6318  EEL     =   -81216.9112  HBOND      =        0.0000
 1-4 VDW =      527.0331  1-4 EEL =     5980.4356  RESTRAINT  =      290.5649
 EAMBER  =   -58938.8041


   NSTEP       ENERGY          RMS            GMAX         NAME    NUMBER
    890      -5.8657E+04     3.8883E-01     1.2517E+01     O       14900

 BOND    =     4251.1446  ANGLE   =      283.3877  DIHED      =     1622.5604
 VDWAALS =     9620.4852  EEL     =   -81232.4117  HBOND      =        0.0000
 1-4 VDW =      527.1368  1-4 EEL =     5980.4827  RESTRAINT  =      290.2398
 EAMBER  =   -58947.2143


   NSTEP       ENERGY          RMS            GMAX         NAME    NUMBER
    895      -5.8668E+04     3.8521E-01     2.0342E+01     C        2111

 BOND    =     4246.2637  ANGLE   =      282.1321  DIHED      =     1622.0075
 VDWAALS =     9623.6567  EEL     =   -81239.5772  HBOND      =        0.0000
 1-4 VDW =      527.3638  1-4 EEL =     5980.4766  RESTRAINT  =      289.5827
 EAMBER  =   -58957.6769


   NSTEP       ENERGY          RMS            GMAX         NAME    NUMBER
    900      -5.8672E+04     3.6180E-01     9.6816E+00     O       14900

 BOND    =     4249.2220  ANGLE   =      283.2150  DIHED      =     1621.8135
 VDWAALS =     9626.6313  EEL     =   -81250.2691  HBOND      =        0.0000
 1-4 VDW =      527.4793  1-4 EEL =     5980.4990  RESTRAINT  =      289.5135
 EAMBER  =   -58961.4089


   NSTEP       ENERGY          RMS            GMAX         NAME    NUMBER
    905      -5.8673E+04     2.1554E-01     5.4337E+00     O       14900

 BOND    =     4243.7547  ANGLE   =      282.8548  DIHED      =     1621.8179
 VDWAALS =     9626.7636  EEL     =   -81245.9078  HBOND      =        0.0000
 1-4 VDW =      527.4487  1-4 EEL =     5980.4844  RESTRAINT  =      289.5100
 EAMBER  =   -58962.7838


   NSTEP       ENERGY          RMS            GMAX         NAME    NUMBER
    910      -5.8679E+04     4.0030E-01     2.1340E+01     C        2111

 BOND    =     4247.1037  ANGLE   =      281.1898  DIHED      =     1622.4276
 VDWAALS =     9632.1225  EEL     =   -81259.2550  HBOND      =        0.0000
 1-4 VDW =      527.1514  1-4 EEL =     5980.6602  RESTRAINT  =      289.6014
 EAMBER  =   -58968.5998


   NSTEP       ENERGY          RMS            GMAX         NAME    NUMBER
    915      -5.8691E+04     3.3889E-01     9.4616E+00     CE2        78

 BOND    =     4245.1324  ANGLE   =      284.0208  DIHED      =     1622.3986
 VDWAALS =     9646.4697  EEL     =   -81286.8357  HBOND      =        0.0000
 1-4 VDW =      527.1852  1-4 EEL =     5980.1483  RESTRAINT  =      290.0020
 EAMBER  =   -58981.4808


   NSTEP       ENERGY          RMS            GMAX         NAME    NUMBER
    920      -5.8701E+04     4.9350E-01     1.8029E+01     CG2      1877

 BOND    =     4258.1818  ANGLE   =      284.6472  DIHED      =     1622.4480
 VDWAALS =     9662.9187  EEL     =   -81326.6859  HBOND      =        0.0000
 1-4 VDW =      526.9683  1-4 EEL =     5980.8901  RESTRAINT  =      290.0434
 EAMBER  =   -58990.6320


   NSTEP       ENERGY          RMS            GMAX         NAME    NUMBER
    925      -5.8730E+04     5.8568E-01     1.4818E+01     CG2      1877

 BOND    =     4271.3539  ANGLE   =      285.6387  DIHED      =     1623.6696
 VDWAALS =     9705.2986  EEL     =   -81415.0945  HBOND      =        0.0000
 1-4 VDW =      526.5649  1-4 EEL =     5981.8102  RESTRAINT  =      290.4241
 EAMBER  =   -59020.7586


   NSTEP       ENERGY          RMS            GMAX         NAME    NUMBER
    930      -5.8732E+04     5.2284E-01     1.2858E+01     HZ3      1499

 BOND    =     4268.2352  ANGLE   =      285.3599  DIHED      =     1623.5568
 VDWAALS =     9704.9365  EEL     =   -81412.7978  HBOND      =        0.0000
 1-4 VDW =      526.5803  1-4 EEL =     5981.7589  RESTRAINT  =      290.3761
 EAMBER  =   -59022.3701


   NSTEP       ENERGY          RMS            GMAX         NAME    NUMBER
    935      -5.8751E+04     3.5958E-01     1.0649E+01     C        2111

 BOND    =     4258.9032  ANGLE   =      285.3495  DIHED      =     1622.4639
 VDWAALS =     9696.3995  EEL     =   -81411.7522  HBOND      =        0.0000
 1-4 VDW =      527.1348  1-4 EEL =     5980.5078  RESTRAINT  =      289.7697
 EAMBER  =   -59040.9936


   NSTEP       ENERGY          RMS            GMAX         NAME    NUMBER
    940      -5.8758E+04     3.8083E-01     1.6570E+01     C        2111

 BOND    =     4268.3054  ANGLE   =      283.2651  DIHED      =     1622.6298
 VDWAALS =     9696.0257  EEL     =   -81425.7881  HBOND      =        0.0000
 1-4 VDW =      527.2057  1-4 EEL =     5980.4893  RESTRAINT  =      289.5560
 EAMBER  =   -59047.8673


   NSTEP       ENERGY          RMS            GMAX         NAME    NUMBER
    945      -5.8769E+04     4.0511E-01     1.5097E+01     CG       1188

 BOND    =     4266.4955  ANGLE   =      282.2083  DIHED      =     1622.1177
 VDWAALS =     9698.7130  EEL     =   -81435.2588  HBOND      =        0.0000
 1-4 VDW =      527.4640  1-4 EEL =     5980.4172  RESTRAINT  =      288.9919
 EAMBER  =   -59057.8430


   NSTEP       ENERGY          RMS            GMAX         NAME    NUMBER
    950      -5.8772E+04     3.0297E-01     8.5219E+00     O       14900

 BOND    =     4264.3737  ANGLE   =      283.0427  DIHED      =     1621.9472
 VDWAALS =     9700.9834  EEL     =   -81439.7575  HBOND      =        0.0000
 1-4 VDW =      527.5940  1-4 EEL =     5980.4866  RESTRAINT  =      288.9627
 EAMBER  =   -59061.3300


   NSTEP       ENERGY          RMS            GMAX         NAME    NUMBER
    955      -5.8774E+04     1.8176E-01     3.8251E+00     O       14900

 BOND    =     4260.1088  ANGLE   =      282.6933  DIHED      =     1621.9622
 VDWAALS =     9701.0793  EEL     =   -81436.4304  HBOND      =        0.0000
 1-4 VDW =      527.5444  1-4 EEL =     5980.4805  RESTRAINT  =      288.9674
 EAMBER  =   -59062.5618


   NSTEP       ENERGY          RMS            GMAX         NAME    NUMBER
    960      -5.8779E+04     3.9665E-01     2.1799E+01     CG       1188

 BOND    =     4262.9925  ANGLE   =      281.0591  DIHED      =     1622.6051
 VDWAALS =     9706.4243  EEL     =   -81449.1260  HBOND      =        0.0000
 1-4 VDW =      527.2696  1-4 EEL =     5980.7593  RESTRAINT  =      289.0998
 EAMBER  =   -59068.0162


   NSTEP       ENERGY          RMS            GMAX         NAME    NUMBER
    965      -5.8790E+04     3.3505E-01     1.0692E+01     CG       1188

 BOND    =     4261.5252  ANGLE   =      283.8961  DIHED      =     1622.4478
 VDWAALS =     9719.7560  EEL     =   -81474.6072  HBOND      =        0.0000
 1-4 VDW =      527.2920  1-4 EEL =     5980.1503  RESTRAINT  =      289.4738
 EAMBER  =   -59079.5399


   NSTEP       ENERGY          RMS            GMAX         NAME    NUMBER
    970      -5.8798E+04     5.0416E-01     1.9694E+01     CG2      1877

 BOND    =     4274.8293  ANGLE   =      284.5682  DIHED      =     1622.5396
 VDWAALS =     9733.6776  EEL     =   -81511.2924  HBOND      =        0.0000
 1-4 VDW =      527.1127  1-4 EEL =     5980.8080  RESTRAINT  =      289.5359
 EAMBER  =   -59087.7569


   NSTEP       ENERGY          RMS            GMAX         NAME    NUMBER
    975      -5.8830E+04     6.0272E-01     1.5411E+01     CG2      1877

 BOND    =     4290.0102  ANGLE   =      286.6364  DIHED      =     1623.7394
 VDWAALS =     9775.2386  EEL     =   -81603.7268  HBOND      =        0.0000
 1-4 VDW =      526.7920  1-4 EEL =     5981.6128  RESTRAINT  =      290.1007
 EAMBER  =   -59119.6975


   NSTEP       ENERGY          RMS            GMAX         NAME    NUMBER
    980      -5.8831E+04     5.3762E-01     1.2712E+01     CG2      1877

 BOND    =     4286.8449  ANGLE   =      286.2843  DIHED      =     1623.6376
 VDWAALS =     9774.9012  EEL     =   -81601.3722  HBOND      =        0.0000
 1-4 VDW =      526.8043  1-4 EEL =     5981.5673  RESTRAINT  =      290.0515
 EAMBER  =   -59121.3326


   NSTEP       ENERGY          RMS            GMAX         NAME    NUMBER
    985      -5.8850E+04     3.4872E-01     1.1615E+01     CE2        78

 BOND    =     4275.4546  ANGLE   =      284.9504  DIHED      =     1622.5130
 VDWAALS =     9766.6997  EEL     =   -81597.0380  HBOND      =        0.0000
 1-4 VDW =      527.3042  1-4 EEL =     5980.4105  RESTRAINT  =      289.4435
 EAMBER  =   -59139.7056


   NSTEP       ENERGY          RMS            GMAX         NAME    NUMBER
    990      -5.8856E+04     3.6256E-01     1.4128E+01     CG       1188

 BOND    =     4285.6376  ANGLE   =      283.1031  DIHED      =     1622.6806
 VDWAALS =     9766.3000  EEL     =   -81610.8801  HBOND      =        0.0000
 1-4 VDW =      527.3390  1-4 EEL =     5980.4075  RESTRAINT  =      289.2958
 EAMBER  =   -59145.4123


   NSTEP       ENERGY          RMS            GMAX         NAME    NUMBER
    995      -5.8866E+04     4.3218E-01     2.7072E+01     CG       1188

 BOND    =     4282.0239  ANGLE   =      282.2310  DIHED      =     1622.2163
 VDWAALS =     9768.2750  EEL     =   -81617.3141  HBOND      =        0.0000
 1-4 VDW =      527.5824  1-4 EEL =     5980.2655  RESTRAINT  =      288.8177
 EAMBER  =   -59154.7200


   NSTEP       ENERGY          RMS            GMAX         NAME    NUMBER
   1000      -5.8869E+04     2.6604E-01     6.7993E+00     O       14900

 BOND    =     4280.7589  ANGLE   =      283.0410  DIHED      =     1622.0653
 VDWAALS =     9769.4023  EEL     =   -81621.4244  HBOND      =        0.0000
 1-4 VDW =      527.7616  1-4 EEL =     5980.3513  RESTRAINT  =      288.8179
 EAMBER  =   -59158.0440


  Maximum number of minimization cycles reached.


                    FINAL RESULTS



   NSTEP       ENERGY          RMS            GMAX         NAME    NUMBER
   1000      -5.8869E+04     2.6604E-01     6.7993E+00     O       14900

 BOND    =     4280.7589  ANGLE   =      283.0410  DIHED      =     1622.0653
 VDWAALS =     9769.4023  EEL     =   -81621.4244  HBOND      =        0.0000
 1-4 VDW =      527.7616  1-4 EEL =     5980.3513  RESTRAINT  =      288.8179
 EAMBER  =   -59158.0440
--------------------------------------------------------------------------------
   5.  TIMINGS
--------------------------------------------------------------------------------

|  NonSetup CPU Time in Major Routines:
|
|     Routine           Sec        %
|     ------------------------------
|     Nonbond          52.26   95.86
|     Bond              0.16    0.29
|     Angle             0.27    0.50
|     Dihedral          1.58    2.90
|     Shake             0.00    0.00
|     Other             0.25    0.45
|     ------------------------------
|     Total            54.51

|  PME Nonbond Pairlist CPU Time:
|
|     Routine              Sec        %
|     ---------------------------------
|     Set Up Cit           0.01    0.02
|     Build List           0.75    1.37
|     ---------------------------------
|     Total                0.76    1.39

|  PME Direct Force CPU Time:
|
|     Routine              Sec        %
|     ---------------------------------
|     NonBonded Calc      35.10   64.38
|     Exclude Masked       0.78    1.43
|     Other                0.12    0.22
|     ---------------------------------
|     Total               36.00   66.03

|  PME Reciprocal Force CPU Time:
|
|     Routine              Sec        %
|     ---------------------------------
|     1D bspline           0.55    1.01
|     Grid Charges         0.98    1.79
|     Scalar Sum           5.95   10.92
|     Gradient Sum         1.91    3.51
|     FFT                  6.06   11.11
|     ---------------------------------
|     Total               15.45   28.34

|  Setup CPU time:            0.12 seconds
|  NonSetup CPU time:        54.51 seconds
|  Total CPU time:           54.63 seconds     0.02 hours

|  Setup wall time:           0    seconds
|  NonSetup wall time:       54    seconds
|  Total wall time:          54    seconds     0.01 hours
