
          -------------------------------------------------------
          Amber 16 PMEMD                              2016
          -------------------------------------------------------

| PMEMD implementation of SANDER, Release 16

| Run on 12/21/2018 at 17:20:37

|   Executable path: pmemd
| Working directory: /home/german/lbp/run/wat1ifb/mhe/m
|          Hostname: Unknown
  [-O]verwriting output

File Assignments:
|   MDIN: mmin.in                                                               
|  MDOUT: mmin.out                                                              
| INPCRD: mwat1ifb.rst7                                                         
|   PARM: /home/german/lbp/top_files/wat1ifb.prmtop                             
| RESTRT: mmwat1ifb.rst7                                                        
|   REFC: wat1ifb.rst7                                                          
|  MDVEL: mdvel                                                                 
|   MDEN: mden                                                                  
|  MDCRD: mdcrd                                                                 
| MDINFO: mdinfo                                                                
|  MDFRC: mdfrc                                                                 


 Here is the input file:

Minimization with Cartesian restraints                                         
&cntrl                                                                         
imin=1,                                                                        
ntmin=1,                                 ! Steepest Descent, then Conjugate Gra
ncyc=200,                                ! 100 steps of Steepest Descent       
maxcyc=1000,                             ! 400 steps of Conjugate Gradient     
ntpr=5,                                                                        
&end                                                                           


Note: ig = -1. Setting random seed to   473274 based on wallclock time in 
      microseconds.
 
 
| Conditional Compilation Defines Used:
| PUBFFT
| BINTRAJ
| EMIL

| Largest sphere to fit in unit cell has radius =    25.334

| New format PARM file being parsed.
| Version =    1.000 Date = 12/21/18 Time = 16:56:56

| Note: 1-4 EEL scale factors are being read from the topology file.

| Note: 1-4 VDW scale factors are being read from the topology file.
| Duplicated    0 dihedrals

| Duplicated    0 dihedrals

--------------------------------------------------------------------------------
   1.  RESOURCE   USE: 
--------------------------------------------------------------------------------

 getting box info from netcdf restart file
 NATOM  =   15721 NTYPES =      16 NBONH =   14664 MBONA  =    1073
 NTHETH =    2406 MTHETA =    1438 NPHIH =    4850 MPHIA  =    4508
 NHPARM =       0 NPARM  =       0 NNB   =   29775 NRES   =    4667
 NBONA  =    1073 NTHETA =    1438 NPHIA =    4508 NUMBND =      65
 NUMANG =     143 NPTRA  =     183 NATYP =      34 NPHB   =       1
 IFBOX  =       2 NMXRS  =      24 IFCAP =       0 NEXTRA =       0
 NCOPY  =       0

| Coordinate Index Table dimensions:    12   12   12
| Direct force subcell size =     5.1713    5.1713    5.1713

     BOX TYPE: TRUNCATED OCTAHEDRON

--------------------------------------------------------------------------------
   2.  CONTROL  DATA  FOR  THE  RUN
--------------------------------------------------------------------------------

default_name                                                                    

General flags:
     imin    =       1, nmropt  =       0

Nature and format of input:
     ntx     =       1, irest   =       0, ntrx    =       1

Nature and format of output:
     ntxo    =       2, ntpr    =       5, ntrx    =       1, ntwr    =       1
     iwrap   =       0, ntwx    =       0, ntwv    =       0, ntwe    =       0
     ioutfm  =       1, ntwprt  =       0, idecomp =       0, rbornstat=      0

Potential function:
     ntf     =       1, ntb     =       1, igb     =       0, nsnb    =      25
     ipol    =       0, gbsa    =       0, iesp    =       0
     dielc   =   1.00000, cut     =   8.00000, intdiel =   1.00000

Frozen or restrained atoms:
     ibelly  =       0, ntr     =       0

Energy minimization:
     maxcyc  =    1000, ncyc    =     200, ntmin   =       1
     dx0     =   0.01000, drms    =   0.00010

| Intermolecular bonds treatment:
|     no_intermolecular_bonds =       1

| Energy averages sample interval:
|     ene_avg_sampling =       1

Ewald parameters:
     verbose =       0, ew_type =       0, nbflag  =       1, use_pme =       1
     vdwmeth =       1, eedmeth =       1, netfrc  =       0
     Box X =   62.055   Box Y =   62.055   Box Z =   62.055
     Alpha =  109.471   Beta  =  109.471   Gamma =  109.471
     NFFT1 =   64       NFFT2 =   64       NFFT3 =   64
     Cutoff=    8.000   Tol   =0.100E-04
     Ewald Coefficient =  0.34864
     Interpolation order =    4

--------------------------------------------------------------------------------
   3.  ATOMIC COORDINATES AND VELOCITIES
--------------------------------------------------------------------------------

default_name                                                                    
 begin time read from input coords =     0.000 ps

 
 Number of triangulated 3-point waters found:     4536

     Sum of charges from parm topology file =  -0.00000004
     Forcing neutrality...

| Dynamic Memory, Types Used:
| Reals              471080
| Integers           537547

| Nonbonded Pairs Initial Allocation:     2625800

--------------------------------------------------------------------------------
   4.  RESULTS
--------------------------------------------------------------------------------

 ---------------------------------------------------
 APPROXIMATING switch and d/dx switch using CUBIC SPLINE INTERPOLATION
 using   5000.0 points per unit in tabled values
 TESTING RELATIVE ERROR over r ranging from 0.0 to cutoff
| CHECK switch(x): max rel err =   0.2738E-14   at   2.422500
| CHECK d/dx switch(x): max rel err =   0.8332E-11   at   2.782960
 ---------------------------------------------------
|---------------------------------------------------
| APPROXIMATING direct energy using CUBIC SPLINE INTERPOLATION
|  with   50.0 points per unit in tabled values
| Relative Error Limit not exceeded for r .gt.   2.47
| APPROXIMATING direct force using CUBIC SPLINE INTERPOLATION
|  with   50.0 points per unit in tabled values
| Relative Error Limit not exceeded for r .gt.   2.89
|---------------------------------------------------


   NSTEP       ENERGY          RMS            GMAX         NAME    NUMBER
      1      -5.9158E+04     5.6216E-01     8.1568E+00     OE1      1032

 BOND    =     4280.7589  ANGLE   =      283.0410  DIHED      =     1622.0653
 VDWAALS =     9769.4023  EEL     =   -81621.4244  HBOND      =        0.0000
 1-4 VDW =      527.7616  1-4 EEL =     5980.3513  RESTRAINT  =        0.0000


   NSTEP       ENERGY          RMS            GMAX         NAME    NUMBER
      5      -5.9165E+04     5.0691E-01     7.7400E+00     OE2      1033

 BOND    =     4278.5453  ANGLE   =      283.1263  DIHED      =     1622.2875
 VDWAALS =     9766.5126  EEL     =   -81620.2197  HBOND      =        0.0000
 1-4 VDW =      526.4266  1-4 EEL =     5977.9134  RESTRAINT  =        0.0000


   NSTEP       ENERGY          RMS            GMAX         NAME    NUMBER
     10      -5.9185E+04     4.6334E-01     6.8793E+00     OE1      1032

 BOND    =     4280.2955  ANGLE   =      283.4434  DIHED      =     1622.8554
 VDWAALS =     9759.5285  EEL     =   -81624.8005  HBOND      =        0.0000
 1-4 VDW =      522.6523  1-4 EEL =     5971.2699  RESTRAINT  =        0.0000


   NSTEP       ENERGY          RMS            GMAX         NAME    NUMBER
     15      -5.9228E+04     4.0268E-01     5.9270E+00     HE22     1833

 BOND    =     4283.5763  ANGLE   =      283.4477  DIHED      =     1623.1304
 VDWAALS =     9747.3127  EEL     =   -81636.8465  HBOND      =        0.0000
 1-4 VDW =      513.7463  1-4 EEL =     5957.8492  RESTRAINT  =        0.0000


   NSTEP       ENERGY          RMS            GMAX         NAME    NUMBER
     20      -5.9281E+04     9.0003E-01     3.8473E+01     CD        709

 BOND    =     4292.7719  ANGLE   =      281.6898  DIHED      =     1621.7250
 VDWAALS =     9735.3972  EEL     =   -81656.8154  HBOND      =        0.0000
 1-4 VDW =      501.2433  1-4 EEL =     5942.5645  RESTRAINT  =        0.0000


   NSTEP       ENERGY          RMS            GMAX         NAME    NUMBER
     25      -5.9297E+04     1.1353E+00     5.1518E+01     CD        709

 BOND    =     4297.0824  ANGLE   =      280.8025  DIHED      =     1620.9474
 VDWAALS =     9732.5418  EEL     =   -81663.5875  HBOND      =        0.0000
 1-4 VDW =      497.4159  1-4 EEL =     5938.2472  RESTRAINT  =        0.0000


   NSTEP       ENERGY          RMS            GMAX         NAME    NUMBER
     30      -5.9321E+04     3.5630E-01     5.4640E+00     OD1       136

 BOND    =     4288.8917  ANGLE   =      279.7533  DIHED      =     1620.2375
 VDWAALS =     9730.1003  EEL     =   -81668.5982  HBOND      =        0.0000
 1-4 VDW =      493.9676  1-4 EEL =     5934.2323  RESTRAINT  =        0.0000


   NSTEP       ENERGY          RMS            GMAX         NAME    NUMBER
     35      -5.9329E+04     1.2324E+00     3.5691E+01     CD       1776

 BOND    =     4300.9858  ANGLE   =      279.0040  DIHED      =     1619.3326
 VDWAALS =     9728.0426  EEL     =   -81676.8864  HBOND      =        0.0000
 1-4 VDW =      490.5571  1-4 EEL =     5930.3734  RESTRAINT  =        0.0000


   NSTEP       ENERGY          RMS            GMAX         NAME    NUMBER
     40      -5.9344E+04     1.2970E+00     2.9835E+01     C        1088

 BOND    =     4303.4003  ANGLE   =      278.1817  DIHED      =     1618.4452
 VDWAALS =     9726.2051  EEL     =   -81684.1253  HBOND      =        0.0000
 1-4 VDW =      487.2538  1-4 EEL =     5926.4870  RESTRAINT  =        0.0000


   NSTEP       ENERGY          RMS            GMAX         NAME    NUMBER
     45      -5.9369E+04     4.4248E-01     8.9930E+00     C        1088

 BOND    =     4291.8384  ANGLE   =      277.0643  DIHED      =     1617.6391
 VDWAALS =     9723.9916  EEL     =   -81687.5671  HBOND      =        0.0000
 1-4 VDW =      484.4965  1-4 EEL =     5923.0865  RESTRAINT  =        0.0000


   NSTEP       ENERGY          RMS            GMAX         NAME    NUMBER
     50      -5.9382E+04     2.8645E-01     5.7704E+00     OD1       136

 BOND    =     4292.1082  ANGLE   =      276.4089  DIHED      =     1616.9443
 VDWAALS =     9722.8789  EEL     =   -81692.8910  HBOND      =        0.0000
 1-4 VDW =      482.3798  1-4 EEL =     5920.5253  RESTRAINT  =        0.0000


   NSTEP       ENERGY          RMS            GMAX         NAME    NUMBER
     55      -5.9396E+04     2.8830E-01     5.7123E+00     OD1       136

 BOND    =     4292.8928  ANGLE   =      275.6253  DIHED      =     1616.0532
 VDWAALS =     9721.4960  EEL     =   -81699.0782  HBOND      =        0.0000
 1-4 VDW =      479.8111  1-4 EEL =     5917.3353  RESTRAINT  =        0.0000


   NSTEP       ENERGY          RMS            GMAX         NAME    NUMBER
     60      -5.9408E+04     6.1114E-01     1.6394E+01     C        1088

 BOND    =     4294.9521  ANGLE   =      274.9174  DIHED      =     1615.1319
 VDWAALS =     9720.1778  EEL     =   -81704.7112  HBOND      =        0.0000
 1-4 VDW =      477.3204  1-4 EEL =     5914.1422  RESTRAINT  =        0.0000


   NSTEP       ENERGY          RMS            GMAX         NAME    NUMBER
     65      -5.9421E+04     3.5888E-01     7.9955E+00     C        1088

 BOND    =     4294.4400  ANGLE   =      274.2522  DIHED      =     1614.3601
 VDWAALS =     9719.4488  EEL     =   -81710.5945  HBOND      =        0.0000
 1-4 VDW =      475.3984  1-4 EEL =     5911.6943  RESTRAINT  =        0.0000


   NSTEP       ENERGY          RMS            GMAX         NAME    NUMBER
     70      -5.9433E+04     4.3255E-01     1.1802E+01     C        1088

 BOND    =     4295.3558  ANGLE   =      273.6170  DIHED      =     1613.5050
 VDWAALS =     9718.6842  EEL     =   -81716.2903  HBOND      =        0.0000
 1-4 VDW =      473.3627  1-4 EEL =     5909.0195  RESTRAINT  =        0.0000


   NSTEP       ENERGY          RMS            GMAX         NAME    NUMBER
     75      -5.9441E+04     6.6641E-01     2.0393E+01     C        1088

 BOND    =     4297.2480  ANGLE   =      273.1393  DIHED      =     1612.7635
 VDWAALS =     9718.0803  EEL     =   -81720.9411  HBOND      =        0.0000
 1-4 VDW =      471.6819  1-4 EEL =     5906.7631  RESTRAINT  =        0.0000


   NSTEP       ENERGY          RMS            GMAX         NAME    NUMBER
     80      -5.9452E+04     7.1921E-01     2.4070E+01     C        1088

 BOND    =     4298.1858  ANGLE   =      272.5984  DIHED      =     1611.9438
 VDWAALS =     9717.6446  EEL     =   -81726.4057  HBOND      =        0.0000
 1-4 VDW =      469.9218  1-4 EEL =     5904.3861  RESTRAINT  =        0.0000


   NSTEP       ENERGY          RMS            GMAX         NAME    NUMBER
     85      -5.9461E+04     8.0252E-01     2.8413E+01     C        1088

 BOND    =     4299.4170  ANGLE   =      272.1194  DIHED      =     1611.1630
 VDWAALS =     9717.3293  EEL     =   -81731.5748  HBOND      =        0.0000
 1-4 VDW =      468.3227  1-4 EEL =     5902.1970  RESTRAINT  =        0.0000


   NSTEP       ENERGY          RMS            GMAX         NAME    NUMBER
     90      -5.9470E+04     7.5487E-01     2.6067E+01     C        1088

 BOND    =     4299.6399  ANGLE   =      271.6573  DIHED      =     1610.5095
 VDWAALS =     9717.1601  EEL     =   -81736.3346  HBOND      =        0.0000
 1-4 VDW =      467.0433  1-4 EEL =     5900.4531  RESTRAINT  =        0.0000


   NSTEP       ENERGY          RMS            GMAX         NAME    NUMBER
     95      -5.9479E+04     7.6967E-01     2.8588E+01     C        1088

 BOND    =     4300.2411  ANGLE   =      271.1823  DIHED      =     1609.7416
 VDWAALS =     9717.1071  EEL     =   -81741.5649  HBOND      =        0.0000
 1-4 VDW =      465.5937  1-4 EEL =     5898.4321  RESTRAINT  =        0.0000


   NSTEP       ENERGY          RMS            GMAX         NAME    NUMBER
    100      -5.9491E+04     2.4117E-01     4.9031E+00     C        1088

 BOND    =     4299.4539  ANGLE   =      270.5553  DIHED      =     1609.0327
 VDWAALS =     9717.3363  EEL     =   -81748.8442  HBOND      =        0.0000
 1-4 VDW =      464.3354  1-4 EEL =     5896.8068  RESTRAINT  =        0.0000


   NSTEP       ENERGY          RMS            GMAX         NAME    NUMBER
    105      -5.9495E+04     8.4060E-01     3.2676E+01     C        1088

 BOND    =     4301.8961  ANGLE   =      270.3702  DIHED      =     1608.3726
 VDWAALS =     9717.1242  EEL     =   -81750.9985  HBOND      =        0.0000
 1-4 VDW =      463.1479  1-4 EEL =     5894.9848  RESTRAINT  =        0.0000


   NSTEP       ENERGY          RMS            GMAX         NAME    NUMBER
    110      -5.9503E+04     8.7457E-01     3.6087E+01     C        1088

 BOND    =     4302.6215  ANGLE   =      269.9791  DIHED      =     1607.6553
 VDWAALS =     9717.2295  EEL     =   -81755.8863  HBOND      =        0.0000
 1-4 VDW =      461.9325  1-4 EEL =     5893.2432  RESTRAINT  =        0.0000


   NSTEP       ENERGY          RMS            GMAX         NAME    NUMBER
    115      -5.9516E+04     2.6869E-01     8.5202E+00     C        1088

 BOND    =     4301.6534  ANGLE   =      269.2680  DIHED      =     1606.9236
 VDWAALS =     9717.6385  EEL     =   -81764.2363  HBOND      =        0.0000
 1-4 VDW =      460.7624  1-4 EEL =     5891.7543  RESTRAINT  =        0.0000


   NSTEP       ENERGY          RMS            GMAX         NAME    NUMBER
    120      -5.9523E+04     2.1282E-01     3.3683E+00     C        1088

 BOND    =     4301.5937  ANGLE   =      268.9255  DIHED      =     1606.3648
 VDWAALS =     9717.7768  EEL     =   -81767.9437  HBOND      =        0.0000
 1-4 VDW =      459.8726  1-4 EEL =     5890.4513  RESTRAINT  =        0.0000


   NSTEP       ENERGY          RMS            GMAX         NAME    NUMBER
    125      -5.9531E+04     2.0966E-01     3.4425E+00     C        1088

 BOND    =     4302.1798  ANGLE   =      268.5321  DIHED      =     1605.6967
 VDWAALS =     9718.0192  EEL     =   -81772.8473  HBOND      =        0.0000
 1-4 VDW =      458.8386  1-4 EEL =     5888.9533  RESTRAINT  =        0.0000


   NSTEP       ENERGY          RMS            GMAX         NAME    NUMBER
    130      -5.9538E+04     2.1121E-01     4.2130E+00     C        1088

 BOND    =     4302.8305  ANGLE   =      268.1451  DIHED      =     1605.0291
 VDWAALS =     9718.3136  EEL     =   -81777.8097  HBOND      =        0.0000
 1-4 VDW =      457.8357  1-4 EEL =     5887.4930  RESTRAINT  =        0.0000


   NSTEP       ENERGY          RMS            GMAX         NAME    NUMBER
    135      -5.9545E+04     4.1699E-01     1.9756E+01     C        1088

 BOND    =     4305.4558  ANGLE   =      267.8136  DIHED      =     1604.2988
 VDWAALS =     9718.7378  EEL     =   -81784.3869  HBOND      =        0.0000
 1-4 VDW =      456.7740  1-4 EEL =     5886.0046  RESTRAINT  =        0.0000


   NSTEP       ENERGY          RMS            GMAX         NAME    NUMBER
    140      -5.9552E+04     2.6120E-01     9.8428E+00     C        1088

 BOND    =     4304.5471  ANGLE   =      267.4215  DIHED      =     1603.7412
 VDWAALS =     9718.9886  EEL     =   -81787.9018  HBOND      =        0.0000
 1-4 VDW =      455.9817  1-4 EEL =     5884.7827  RESTRAINT  =        0.0000


   NSTEP       ENERGY          RMS            GMAX         NAME    NUMBER
    145      -5.9559E+04     2.6856E-01     1.0843E+01     C        1088

 BOND    =     4305.2230  ANGLE   =      267.0631  DIHED      =     1603.1039
 VDWAALS =     9719.3440  EEL     =   -81792.7865  HBOND      =        0.0000
 1-4 VDW =      455.0990  1-4 EEL =     5883.4703  RESTRAINT  =        0.0000


   NSTEP       ENERGY          RMS            GMAX         NAME    NUMBER
    150      -5.9566E+04     3.0818E-01     1.4109E+01     C        1088

 BOND    =     4306.1858  ANGLE   =      266.7256  DIHED      =     1602.4723
 VDWAALS =     9719.7966  EEL     =   -81797.8629  HBOND      =        0.0000
 1-4 VDW =      454.2469  1-4 EEL =     5882.2051  RESTRAINT  =        0.0000


   NSTEP       ENERGY          RMS            GMAX         NAME    NUMBER
    155      -5.9571E+04     4.9379E-01     2.6209E+01     C        1088

 BOND    =     4308.5734  ANGLE   =      266.5176  DIHED      =     1601.8916
 VDWAALS =     9720.2567  EEL     =   -81803.2395  HBOND      =        0.0000
 1-4 VDW =      453.4838  1-4 EEL =     5881.1077  RESTRAINT  =        0.0000


   NSTEP       ENERGY          RMS            GMAX         NAME    NUMBER
    160      -5.9578E+04     5.1058E-01     2.7944E+01     C        1088

 BOND    =     4309.3329  ANGLE   =      266.2226  DIHED      =     1601.2946
 VDWAALS =     9720.7339  EEL     =   -81808.0696  HBOND      =        0.0000
 1-4 VDW =      452.7139  1-4 EEL =     5879.9509  RESTRAINT  =        0.0000


   NSTEP       ENERGY          RMS            GMAX         NAME    NUMBER
    165      -5.9584E+04     5.4948E-01     3.1016E+01     C        1088

 BOND    =     4310.3422  ANGLE   =      265.9559  DIHED      =     1600.6992
 VDWAALS =     9721.2299  EEL     =   -81812.9971  HBOND      =        0.0000
 1-4 VDW =      451.9631  1-4 EEL =     5878.8229  RESTRAINT  =        0.0000


   NSTEP       ENERGY          RMS            GMAX         NAME    NUMBER
    170      -5.9590E+04     6.0501E-01     3.4916E+01     C        1088

 BOND    =     4311.5398  ANGLE   =      265.7236  DIHED      =     1600.1286
 VDWAALS =     9721.7627  EEL     =   -81817.8659  HBOND      =        0.0000
 1-4 VDW =      451.2603  1-4 EEL =     5877.7644  RESTRAINT  =        0.0000


   NSTEP       ENERGY          RMS            GMAX         NAME    NUMBER
    175      -5.9595E+04     5.7063E-01     3.2768E+01     C        1088

 BOND    =     4311.5819  ANGLE   =      265.4271  DIHED      =     1599.6497
 VDWAALS =     9722.2395  EEL     =   -81821.6164  HBOND      =        0.0000
 1-4 VDW =      450.6877  1-4 EEL =     5876.8631  RESTRAINT  =        0.0000


   NSTEP       ENERGY          RMS            GMAX         NAME    NUMBER
    180      -5.9601E+04     5.9317E-01     3.4607E+01     C        1088

 BOND    =     4312.3886  ANGLE   =      265.1633  DIHED      =     1599.0899
 VDWAALS =     9722.8076  EEL     =   -81826.2829  HBOND      =        0.0000
 1-4 VDW =      450.0247  1-4 EEL =     5875.8418  RESTRAINT  =        0.0000


   NSTEP       ENERGY          RMS            GMAX         NAME    NUMBER
    185      -5.9607E+04     6.0125E-01     3.5402E+01     C        1088

 BOND    =     4313.0022  ANGLE   =      264.8904  DIHED      =     1598.5356
 VDWAALS =     9723.3752  EEL     =   -81830.8707  HBOND      =        0.0000
 1-4 VDW =      449.3819  1-4 EEL =     5874.8417  RESTRAINT  =        0.0000


   NSTEP       ENERGY          RMS            GMAX         NAME    NUMBER
    190      -5.9614E+04     1.9188E-01     4.9844E+00     C        1088

 BOND    =     4308.4805  ANGLE   =      264.3170  DIHED      =     1598.0851
 VDWAALS =     9723.8178  EEL     =   -81831.7960  HBOND      =        0.0000
 1-4 VDW =      448.8909  1-4 EEL =     5873.8556  RESTRAINT  =        0.0000


   NSTEP       ENERGY          RMS            GMAX         NAME    NUMBER
    195      -5.9617E+04     6.6186E-01     3.9580E+01     C        1088

 BOND    =     4314.7056  ANGLE   =      264.4622  DIHED      =     1597.5385
 VDWAALS =     9724.5300  EEL     =   -81839.4448  HBOND      =        0.0000
 1-4 VDW =      448.2652  1-4 EEL =     5873.1022  RESTRAINT  =        0.0000


   NSTEP       ENERGY          RMS            GMAX         NAME    NUMBER
    200      -5.9622E+04     6.8354E-01     4.1088E+01     C        1088

 BOND    =     4315.4398  ANGLE   =      264.2504  DIHED      =     1597.0113
 VDWAALS =     9725.1716  EEL     =   -81843.9844  HBOND      =        0.0000
 1-4 VDW =      447.6883  1-4 EEL =     5872.2042  RESTRAINT  =        0.0000


   NSTEP       ENERGY          RMS            GMAX         NAME    NUMBER
    205      -5.9685E+04     5.8513E-01     3.0097E+01     C        1088

 BOND    =     4318.0243  ANGLE   =      261.2661  DIHED      =     1591.3937
 VDWAALS =     9734.5381  EEL     =   -81892.9871  HBOND      =        0.0000
 1-4 VDW =      441.0711  1-4 EEL =     5861.8204  RESTRAINT  =        0.0000


   NSTEP       ENERGY          RMS            GMAX         NAME    NUMBER
    210      -5.9798E+04     1.0356E+00     7.2643E+01     HZ1       491

 BOND    =     4349.3855  ANGLE   =      257.0655  DIHED      =     1580.9385
 VDWAALS =     9806.1790  EEL     =   -82042.7609  HBOND      =        0.0000
 1-4 VDW =      418.4207  1-4 EEL =     5833.1098  RESTRAINT  =        0.0000


   NSTEP       ENERGY          RMS            GMAX         NAME    NUMBER
    215      -5.9845E+04     6.4602E-01     3.8956E+01     CD        238

 BOND    =     4343.6407  ANGLE   =      284.0739  DIHED      =     1579.0984
 VDWAALS =     9804.0231  EEL     =   -82085.3995  HBOND      =        0.0000
 1-4 VDW =      414.6278  1-4 EEL =     5815.2430  RESTRAINT  =        0.0000


   NSTEP       ENERGY          RMS            GMAX         NAME    NUMBER
    220      -5.9866E+04     7.6207E-01     4.3591E+01     CD        238

 BOND    =     4355.4600  ANGLE   =      287.5212  DIHED      =     1578.4657
 VDWAALS =     9818.6849  EEL     =   -82123.0966  HBOND      =        0.0000
 1-4 VDW =      413.8703  1-4 EEL =     5802.6550  RESTRAINT  =        0.0000


   NSTEP       ENERGY          RMS            GMAX         NAME    NUMBER
    225      -5.9907E+04     8.2858E-01     3.6956E+01     OG1      1210

 BOND    =     4357.0749  ANGLE   =      278.4565  DIHED      =     1576.1600
 VDWAALS =     9866.5661  EEL     =   -82180.2691  HBOND      =        0.0000
 1-4 VDW =      408.6562  1-4 EEL =     5785.9356  RESTRAINT  =        0.0000


   NSTEP       ENERGY          RMS            GMAX         NAME    NUMBER
    230      -5.9910E+04     6.9606E-01     3.0303E+01     OG1      1210

 BOND    =     4359.8987  ANGLE   =      278.3354  DIHED      =     1576.1155
 VDWAALS =     9866.1144  EEL     =   -82184.9200  HBOND      =        0.0000
 1-4 VDW =      408.7229  1-4 EEL =     5785.9506  RESTRAINT  =        0.0000


   NSTEP       ENERGY          RMS            GMAX         NAME    NUMBER
    235      -5.9929E+04     5.0715E-01     2.8773E+01     OG1      1210

 BOND    =     4362.2831  ANGLE   =      283.6264  DIHED      =     1574.1389
 VDWAALS =     9855.4694  EEL     =   -82205.3881  HBOND      =        0.0000
 1-4 VDW =      411.7301  1-4 EEL =     5788.8991  RESTRAINT  =        0.0000


   NSTEP       ENERGY          RMS            GMAX         NAME    NUMBER
    240      -5.9960E+04     4.7743E-01     2.4894E+01     CD        238

 BOND    =     4362.0962  ANGLE   =      270.6318  DIHED      =     1568.9405
 VDWAALS =     9865.0988  EEL     =   -82242.2369  HBOND      =        0.0000
 1-4 VDW =      412.8711  1-4 EEL =     5802.8709  RESTRAINT  =        0.0000


   NSTEP       ENERGY          RMS            GMAX         NAME    NUMBER
    245      -5.9980E+04     6.1343E-01     3.0767E+01     HZ1       491

 BOND    =     4364.5855  ANGLE   =      258.7600  DIHED      =     1564.1773
 VDWAALS =     9877.3724  EEL     =   -82271.4379  HBOND      =        0.0000
 1-4 VDW =      416.0589  1-4 EEL =     5810.5607  RESTRAINT  =        0.0000


   NSTEP       ENERGY          RMS            GMAX         NAME    NUMBER
    250      -6.0014E+04     5.8491E-01     1.9836E+01     CD        238

 BOND    =     4370.5671  ANGLE   =      262.0068  DIHED      =     1556.5773
 VDWAALS =     9876.0544  EEL     =   -82317.0393  HBOND      =        0.0000
 1-4 VDW =      424.8988  1-4 EEL =     5813.3673  RESTRAINT  =        0.0000


   NSTEP       ENERGY          RMS            GMAX         NAME    NUMBER
    255      -6.0015E+04     4.6682E-01     1.6296E+01     OE1       239

 BOND    =     4365.3505  ANGLE   =      261.1797  DIHED      =     1556.5592
 VDWAALS =     9876.3625  EEL     =   -82312.9761  HBOND      =        0.0000
 1-4 VDW =      424.8148  1-4 EEL =     5813.4457  RESTRAINT  =        0.0000


   NSTEP       ENERGY          RMS            GMAX         NAME    NUMBER
    260      -6.0026E+04     3.8046E-01     1.7210E+01     OG1      1210

 BOND    =     4370.0065  ANGLE   =      248.9606  DIHED      =     1556.4681
 VDWAALS =     9880.8636  EEL     =   -82320.4033  HBOND      =        0.0000
 1-4 VDW =      422.1230  1-4 EEL =     5816.0662  RESTRAINT  =        0.0000


   NSTEP       ENERGY          RMS            GMAX         NAME    NUMBER
    265      -6.0039E+04     3.0683E-01     1.0323E+01     CD        238

 BOND    =     4360.4792  ANGLE   =      255.4447  DIHED      =     1555.1948
 VDWAALS =     9872.4845  EEL     =   -82318.8791  HBOND      =        0.0000
 1-4 VDW =      421.6411  1-4 EEL =     5814.3881  RESTRAINT  =        0.0000


   NSTEP       ENERGY          RMS            GMAX         NAME    NUMBER
    270      -6.0049E+04     4.7004E-01     1.5964E+01     CE        487

 BOND    =     4369.2359  ANGLE   =      256.3615  DIHED      =     1554.4787
 VDWAALS =     9872.9526  EEL     =   -82336.0220  HBOND      =        0.0000
 1-4 VDW =      420.4818  1-4 EEL =     5813.3738  RESTRAINT  =        0.0000


   NSTEP       ENERGY          RMS            GMAX         NAME    NUMBER
    275      -6.0065E+04     5.1612E-01     2.1978E+01     CD       1031

 BOND    =     4369.0053  ANGLE   =      255.7977  DIHED      =     1552.5337
 VDWAALS =     9882.5415  EEL     =   -82355.7541  HBOND      =        0.0000
 1-4 VDW =      418.3143  1-4 EEL =     5812.9423  RESTRAINT  =        0.0000


   NSTEP       ENERGY          RMS            GMAX         NAME    NUMBER
    280      -6.0066E+04     3.9424E-01     1.0900E+01     CD       1031

 BOND    =     4366.5495  ANGLE   =      255.3753  DIHED      =     1552.5261
 VDWAALS =     9882.4053  EEL     =   -82354.3834  HBOND      =        0.0000
 1-4 VDW =      418.3918  1-4 EEL =     5812.8848  RESTRAINT  =        0.0000


   NSTEP       ENERGY          RMS            GMAX         NAME    NUMBER
    285      -6.0074E+04     3.5079E-01     1.7207E+01     CD       1031

 BOND    =     4365.0380  ANGLE   =      254.8013  DIHED      =     1552.3192
 VDWAALS =     9882.9476  EEL     =   -82361.7724  HBOND      =        0.0000
 1-4 VDW =      419.0009  1-4 EEL =     5813.7767  RESTRAINT  =        0.0000


   NSTEP       ENERGY          RMS            GMAX         NAME    NUMBER
    290      -6.0082E+04     2.4231E-01     7.6190E+00     HZ3       493

 BOND    =     4362.0201  ANGLE   =      252.8146  DIHED      =     1551.5177
 VDWAALS =     9889.8624  EEL     =   -82373.6684  HBOND      =        0.0000
 1-4 VDW =      419.3875  1-4 EEL =     5815.7539  RESTRAINT  =        0.0000


   NSTEP       ENERGY          RMS            GMAX         NAME    NUMBER
    295      -6.0094E+04     4.0018E-01     2.0394E+01     CD        238

 BOND    =     4367.5888  ANGLE   =      247.0372  DIHED      =     1550.2074
 VDWAALS =     9909.3942  EEL     =   -82406.6711  HBOND      =        0.0000
 1-4 VDW =      420.9080  1-4 EEL =     5817.8394  RESTRAINT  =        0.0000


   NSTEP       ENERGY          RMS            GMAX         NAME    NUMBER
    300      -6.0108E+04     4.8746E-01     1.7641E+01     OE1       239

 BOND    =     4359.2817  ANGLE   =      256.5551  DIHED      =     1548.8518
 VDWAALS =     9920.0079  EEL     =   -82431.1717  HBOND      =        0.0000
 1-4 VDW =      424.1535  1-4 EEL =     5813.8750  RESTRAINT  =        0.0000


   NSTEP       ENERGY          RMS            GMAX         NAME    NUMBER
    305      -6.0110E+04     3.8645E-01     1.3159E+01     OE1       239

 BOND    =     4361.8860  ANGLE   =      255.9771  DIHED      =     1548.8145
 VDWAALS =     9920.2860  EEL     =   -82435.1436  HBOND      =        0.0000
 1-4 VDW =      424.0361  1-4 EEL =     5814.1335  RESTRAINT  =        0.0000


   NSTEP       ENERGY          RMS            GMAX         NAME    NUMBER
    310      -6.0120E+04     3.6316E-01     2.6059E+01     CD        238

 BOND    =     4368.4072  ANGLE   =      244.9109  DIHED      =     1548.1977
 VDWAALS =     9922.7617  EEL     =   -82443.1562  HBOND      =        0.0000
 1-4 VDW =      421.6243  1-4 EEL =     5817.3096  RESTRAINT  =        0.0000


   NSTEP       ENERGY          RMS            GMAX         NAME    NUMBER
    315      -6.0130E+04     4.0510E-01     2.0315E+01     CG        235

 BOND    =     4374.4678  ANGLE   =      251.0137  DIHED      =     1547.4615
 VDWAALS =     9916.5068  EEL     =   -82455.4868  HBOND      =        0.0000
 1-4 VDW =      420.5191  1-4 EEL =     5815.6978  RESTRAINT  =        0.0000


   NSTEP       ENERGY          RMS            GMAX         NAME    NUMBER
    320      -6.0136E+04     3.4312E-01     1.0610E+01     CD        238

 BOND    =     4366.4075  ANGLE   =      251.7156  DIHED      =     1547.1562
 VDWAALS =     9917.3634  EEL     =   -82453.1771  HBOND      =        0.0000
 1-4 VDW =      419.8543  1-4 EEL =     5814.5642  RESTRAINT  =        0.0000


   NSTEP       ENERGY          RMS            GMAX         NAME    NUMBER
    325      -6.0145E+04     3.7430E-01     1.6190E+01     CD       1031

 BOND    =     4374.0957  ANGLE   =      249.5283  DIHED      =     1546.2945
 VDWAALS =     9925.6655  EEL     =   -82472.5621  HBOND      =        0.0000
 1-4 VDW =      418.0946  1-4 EEL =     5814.0760  RESTRAINT  =        0.0000


   NSTEP       ENERGY          RMS            GMAX         NAME    NUMBER
    330      -6.0146E+04     2.4525E-01     6.9856E+00     O       15656

 BOND    =     4372.5948  ANGLE   =      249.4229  DIHED      =     1546.2655
 VDWAALS =     9925.2435  EEL     =   -82471.8812  HBOND      =        0.0000
 1-4 VDW =      418.2031  1-4 EEL =     5813.9916  RESTRAINT  =        0.0000


   NSTEP       ENERGY          RMS            GMAX         NAME    NUMBER
    335      -6.0152E+04     3.3698E-01     1.7354E+01     CD        238

 BOND    =     4371.7346  ANGLE   =      253.5159  DIHED      =     1545.8446
 VDWAALS =     9923.8361  EEL     =   -82480.2107  HBOND      =        0.0000
 1-4 VDW =      419.2261  1-4 EEL =     5814.0137  RESTRAINT  =        0.0000


   NSTEP       ENERGY          RMS            GMAX         NAME    NUMBER
    340      -6.0161E+04     3.3763E-01     1.9222E+01     CD        238

 BOND    =     4370.9352  ANGLE   =      247.3768  DIHED      =     1545.1976
 VDWAALS =     9935.5772  EEL     =   -82494.9476  HBOND      =        0.0000
 1-4 VDW =      419.1889  1-4 EEL =     5815.6794  RESTRAINT  =        0.0000


   NSTEP       ENERGY          RMS            GMAX         NAME    NUMBER
    345      -6.0166E+04     3.6097E-01     1.4251E+01     CG        964

 BOND    =     4376.5338  ANGLE   =      244.6748  DIHED      =     1544.7564
 VDWAALS =     9943.5146  EEL     =   -82511.8358  HBOND      =        0.0000
 1-4 VDW =      419.8182  1-4 EEL =     5816.1576  RESTRAINT  =        0.0000


   NSTEP       ENERGY          RMS            GMAX         NAME    NUMBER
    350      -6.0179E+04     5.6697E-01     2.1044E+01     CD        238

 BOND    =     4374.0634  ANGLE   =      254.2012  DIHED      =     1543.5694
 VDWAALS =     9952.7819  EEL     =   -82537.2545  HBOND      =        0.0000
 1-4 VDW =      421.8520  1-4 EEL =     5812.0656  RESTRAINT  =        0.0000


   NSTEP       ENERGY          RMS            GMAX         NAME    NUMBER
    355      -6.0180E+04     4.3201E-01     1.3726E+01     CD        238

 BOND    =     4373.6131  ANGLE   =      253.7433  DIHED      =     1543.5444
 VDWAALS =     9953.0223  EEL     =   -82538.4555  HBOND      =        0.0000
 1-4 VDW =      421.7954  1-4 EEL =     5812.2396  RESTRAINT  =        0.0000


   NSTEP       ENERGY          RMS            GMAX         NAME    NUMBER
    360      -6.0189E+04     3.2339E-01     1.6832E+01     CG        964

 BOND    =     4377.9363  ANGLE   =      244.5592  DIHED      =     1543.0349
 VDWAALS =     9956.2589  EEL     =   -82546.7986  HBOND      =        0.0000
 1-4 VDW =      420.1375  1-4 EEL =     5815.4344  RESTRAINT  =        0.0000


   NSTEP       ENERGY          RMS            GMAX         NAME    NUMBER
    365      -6.0195E+04     2.7073E-01     8.6131E+00     CG        235

 BOND    =     4377.5218  ANGLE   =      247.2164  DIHED      =     1542.3847
 VDWAALS =     9954.5271  EEL     =   -82551.2587  HBOND      =        0.0000
 1-4 VDW =      419.1939  1-4 EEL =     5815.1017  RESTRAINT  =        0.0000


   NSTEP       ENERGY          RMS            GMAX         NAME    NUMBER
    370      -6.0202E+04     3.9243E-01     1.8856E+01     CD        238

 BOND    =     4378.5598  ANGLE   =      252.6848  DIHED      =     1541.7518
 VDWAALS =     9954.9954  EEL     =   -82561.9355  HBOND      =        0.0000
 1-4 VDW =      418.2223  1-4 EEL =     5813.2972  RESTRAINT  =        0.0000


   NSTEP       ENERGY          RMS            GMAX         NAME    NUMBER
    375      -6.0211E+04     4.3747E-01     1.8719E+01     CD        238

 BOND    =     4384.2229  ANGLE   =      248.5436  DIHED      =     1540.7093
 VDWAALS =     9967.8139  EEL     =   -82581.4382  HBOND      =        0.0000
 1-4 VDW =      416.1176  1-4 EEL =     5812.9252  RESTRAINT  =        0.0000


   NSTEP       ENERGY          RMS            GMAX         NAME    NUMBER
    380      -6.0213E+04     3.0386E-01     9.9982E+00     O       15656

 BOND    =     4382.9983  ANGLE   =      248.4141  DIHED      =     1540.6686
 VDWAALS =     9967.2524  EEL     =   -82580.8661  HBOND      =        0.0000
 1-4 VDW =      416.2066  1-4 EEL =     5812.7572  RESTRAINT  =        0.0000


   NSTEP       ENERGY          RMS            GMAX         NAME    NUMBER
    385      -6.0222E+04     4.3322E-01     2.8434E+01     CD        238

 BOND    =     4379.9821  ANGLE   =      255.6841  DIHED      =     1540.2099
 VDWAALS =     9962.5863  EEL     =   -82589.8335  HBOND      =        0.0000
 1-4 VDW =      418.0067  1-4 EEL =     5811.0225  RESTRAINT  =        0.0000


   NSTEP       ENERGY          RMS            GMAX         NAME    NUMBER
    390      -6.0232E+04     4.5371E-01     2.6949E+01     CD        238

 BOND    =     4382.6426  ANGLE   =      244.2174  DIHED      =     1539.8275
 VDWAALS =     9976.8252  EEL     =   -82606.8615  HBOND      =        0.0000
 1-4 VDW =      417.7743  1-4 EEL =     5813.6399  RESTRAINT  =        0.0000


   NSTEP       ENERGY          RMS            GMAX         NAME    NUMBER
    395      -6.0236E+04     3.4392E-01     1.9443E+01     CG        964

 BOND    =     4382.4717  ANGLE   =      246.3976  DIHED      =     1539.4205
 VDWAALS =     9976.1520  EEL     =   -82612.1356  HBOND      =        0.0000
 1-4 VDW =      418.3979  1-4 EEL =     5812.9710  RESTRAINT  =        0.0000


   NSTEP       ENERGY          RMS            GMAX         NAME    NUMBER
    400      -6.0252E+04     5.5346E-01     1.8156E+01     H2      15658

 BOND    =     4391.5936  ANGLE   =      248.2961  DIHED      =     1538.1595
 VDWAALS =    10009.5909  EEL     =   -82672.5001  HBOND      =        0.0000
 1-4 VDW =      420.0027  1-4 EEL =     5812.5262  RESTRAINT  =        0.0000


   NSTEP       ENERGY          RMS            GMAX         NAME    NUMBER
    405      -6.0254E+04     4.3477E-01     1.5333E+01     OD2      1190

 BOND    =     4389.2579  ANGLE   =      248.1686  DIHED      =     1538.1231
 VDWAALS =    10009.2948  EEL     =   -82671.5137  HBOND      =        0.0000
 1-4 VDW =      420.0135  1-4 EEL =     5812.5502  RESTRAINT  =        0.0000


   NSTEP       ENERGY          RMS            GMAX         NAME    NUMBER
    410      -6.0265E+04     4.7966E-01     2.7988E+01     CG        964

 BOND    =     4388.1627  ANGLE   =      244.9651  DIHED      =     1537.1771
 VDWAALS =    10001.4546  EEL     =   -82669.5390  HBOND      =        0.0000
 1-4 VDW =      419.3366  1-4 EEL =     5813.1620  RESTRAINT  =        0.0000


   NSTEP       ENERGY          RMS            GMAX         NAME    NUMBER
    415      -6.0271E+04     2.9177E-01     1.1940E+01     O       15656

 BOND    =     4388.4201  ANGLE   =      246.4356  DIHED      =     1536.7290
 VDWAALS =     9999.7452  EEL     =   -82673.3004  HBOND      =        0.0000
 1-4 VDW =      418.6155  1-4 EEL =     5812.6169  RESTRAINT  =        0.0000


   NSTEP       ENERGY          RMS            GMAX         NAME    NUMBER
    420      -6.0280E+04     2.2681E-01     8.2585E+00     CD        238

 BOND    =     4388.2554  ANGLE   =      246.9421  DIHED      =     1536.2182
 VDWAALS =    10000.0328  EEL     =   -82679.0627  HBOND      =        0.0000
 1-4 VDW =      416.8976  1-4 EEL =     5811.1769  RESTRAINT  =        0.0000


   NSTEP       ENERGY          RMS            GMAX         NAME    NUMBER
    425      -6.0283E+04     3.1101E-01     1.5357E+01     CG        964

 BOND    =     4390.5317  ANGLE   =      246.3871  DIHED      =     1536.0026
 VDWAALS =    10002.8953  EEL     =   -82686.2867  HBOND      =        0.0000
 1-4 VDW =      416.4816  1-4 EEL =     5810.7041  RESTRAINT  =        0.0000


   NSTEP       ENERGY          RMS            GMAX         NAME    NUMBER
    430      -6.0285E+04     1.8457E-01     5.2477E+00     HZ2       492

 BOND    =     4386.9452  ANGLE   =      246.2278  DIHED      =     1535.8905
 VDWAALS =    10002.9127  EEL     =   -82684.0282  HBOND      =        0.0000
 1-4 VDW =      416.5441  1-4 EEL =     5810.7393  RESTRAINT  =        0.0000


   NSTEP       ENERGY          RMS            GMAX         NAME    NUMBER
    435      -6.0288E+04     2.2339E-01     1.0674E+01     CG        964

 BOND    =     4391.2116  ANGLE   =      246.4932  DIHED      =     1535.5295
 VDWAALS =    10003.4652  EEL     =   -82692.5528  HBOND      =        0.0000
 1-4 VDW =      416.6852  1-4 EEL =     5811.1826  RESTRAINT  =        0.0000


   NSTEP       ENERGY          RMS            GMAX         NAME    NUMBER
    440      -6.0294E+04     2.3672E-01     8.6087E+00     CB        232

 BOND    =     4390.5301  ANGLE   =      245.0590  DIHED      =     1535.1657
 VDWAALS =    10008.7000  EEL     =   -82701.8229  HBOND      =        0.0000
 1-4 VDW =      417.0204  1-4 EEL =     5811.4795  RESTRAINT  =        0.0000


   NSTEP       ENERGY          RMS            GMAX         NAME    NUMBER
    445      -6.0307E+04     6.0390E-01     2.6306E+01     CD        839

 BOND    =     4406.5939  ANGLE   =      248.2595  DIHED      =     1533.4893
 VDWAALS =    10027.6115  EEL     =   -82752.6386  HBOND      =        0.0000
 1-4 VDW =      418.3486  1-4 EEL =     5810.9872  RESTRAINT  =        0.0000


   NSTEP       ENERGY          RMS            GMAX         NAME    NUMBER
    450      -6.0327E+04     4.4991E-01     2.0325E+01     CG        235

 BOND    =     4399.7726  ANGLE   =      249.5839  DIHED      =     1532.1041
 VDWAALS =    10052.3758  EEL     =   -82789.1805  HBOND      =        0.0000
 1-4 VDW =      418.2936  1-4 EEL =     5809.8664  RESTRAINT  =        0.0000


   NSTEP       ENERGY          RMS            GMAX         NAME    NUMBER
    455      -6.0329E+04     3.6955E-01     1.3604E+01     CG        235

 BOND    =     4397.1917  ANGLE   =      249.0917  DIHED      =     1532.0812
 VDWAALS =    10051.9208  EEL     =   -82787.1409  HBOND      =        0.0000
 1-4 VDW =      418.2859  1-4 EEL =     5809.8859  RESTRAINT  =        0.0000


   NSTEP       ENERGY          RMS            GMAX         NAME    NUMBER
    460      -6.0344E+04     4.6391E-01     1.2649E+01     CB       1204

 BOND    =     4392.0106  ANGLE   =      245.3494  DIHED      =     1531.0065
 VDWAALS =    10042.2326  EEL     =   -82782.1588  HBOND      =        0.0000
 1-4 VDW =      416.9452  1-4 EEL =     5810.5259  RESTRAINT  =        0.0000


   NSTEP       ENERGY          RMS            GMAX         NAME    NUMBER
    465      -6.0354E+04     2.9241E-01     1.1374E+01     C        2111

 BOND    =     4390.0196  ANGLE   =      245.3945  DIHED      =     1529.9404
 VDWAALS =    10039.3924  EEL     =   -82783.5220  HBOND      =        0.0000
 1-4 VDW =      415.5928  1-4 EEL =     5809.5287  RESTRAINT  =        0.0000


   NSTEP       ENERGY          RMS            GMAX         NAME    NUMBER
    470      -6.0356E+04     2.0283E-01     4.6383E+00     CB       1204

 BOND    =     4396.1348  ANGLE   =      244.7687  DIHED      =     1529.8513
 VDWAALS =    10040.0823  EEL     =   -82791.1129  HBOND      =        0.0000
 1-4 VDW =      415.1240  1-4 EEL =     5808.8897  RESTRAINT  =        0.0000


   NSTEP       ENERGY          RMS            GMAX         NAME    NUMBER
    475      -6.0362E+04     3.1978E-01     1.7047E+01     CD        839

 BOND    =     4390.1504  ANGLE   =      245.5830  DIHED      =     1529.4111
 VDWAALS =    10042.0091  EEL     =   -82790.5055  HBOND      =        0.0000
 1-4 VDW =      414.3936  1-4 EEL =     5807.4432  RESTRAINT  =        0.0000


   NSTEP       ENERGY          RMS            GMAX         NAME    NUMBER
    480      -6.0363E+04     2.0079E-01     5.1735E+00     O       15656

 BOND    =     4397.5414  ANGLE   =      245.4987  DIHED      =     1529.3265
 VDWAALS =    10041.9522  EEL     =   -82799.0644  HBOND      =        0.0000
 1-4 VDW =      414.3766  1-4 EEL =     5807.5276  RESTRAINT  =        0.0000


   NSTEP       ENERGY          RMS            GMAX         NAME    NUMBER
    485      -6.0368E+04     2.7946E-01     8.7738E+00     CD        839

 BOND    =     4392.8961  ANGLE   =      245.5626  DIHED      =     1528.8957
 VDWAALS =    10042.4318  EEL     =   -82800.4959  HBOND      =        0.0000
 1-4 VDW =      414.7390  1-4 EEL =     5808.4586  RESTRAINT  =        0.0000


   NSTEP       ENERGY          RMS            GMAX         NAME    NUMBER
    490      -6.0374E+04     2.8622E-01     1.3267E+01     CG        235

 BOND    =     4405.1235  ANGLE   =      243.4202  DIHED      =     1528.5616
 VDWAALS =    10048.9791  EEL     =   -82824.7262  HBOND      =        0.0000
 1-4 VDW =      415.3590  1-4 EEL =     5809.0678  RESTRAINT  =        0.0000


   NSTEP       ENERGY          RMS            GMAX         NAME    NUMBER
    495      -6.0378E+04     2.9051E-01     1.5660E+01     CD        839

 BOND    =     4397.1979  ANGLE   =      244.4066  DIHED      =     1528.1366
 VDWAALS =    10053.7592  EEL     =   -82826.5725  HBOND      =        0.0000
 1-4 VDW =      415.9179  1-4 EEL =     5808.6556  RESTRAINT  =        0.0000


   NSTEP       ENERGY          RMS            GMAX         NAME    NUMBER
    500      -6.0386E+04     3.1503E-01     1.1794E+01     CG        235

 BOND    =     4399.8651  ANGLE   =      246.0622  DIHED      =     1527.6934
 VDWAALS =    10063.0164  EEL     =   -82846.2940  HBOND      =        0.0000
 1-4 VDW =      416.0678  1-4 EEL =     5807.8170  RESTRAINT  =        0.0000


   NSTEP       ENERGY          RMS            GMAX         NAME    NUMBER
    505      -6.0387E+04     2.3685E-01     6.7229E+00     OD2      1190

 BOND    =     4400.3279  ANGLE   =      245.6378  DIHED      =     1527.6185
 VDWAALS =    10062.6578  EEL     =   -82847.2262  HBOND      =        0.0000
 1-4 VDW =      416.0115  1-4 EEL =     5807.9304  RESTRAINT  =        0.0000


   NSTEP       ENERGY          RMS            GMAX         NAME    NUMBER
    510      -6.0393E+04     3.2352E-01     2.0838E+01     CD        839

 BOND    =     4406.3758  ANGLE   =      243.0794  DIHED      =     1527.1766
 VDWAALS =    10059.3388  EEL     =   -82853.0717  HBOND      =        0.0000
 1-4 VDW =      415.4114  1-4 EEL =     5808.5627  RESTRAINT  =        0.0000


   NSTEP       ENERGY          RMS            GMAX         NAME    NUMBER
    515      -6.0400E+04     2.8415E-01     2.0139E+01     CD        839

 BOND    =     4405.2288  ANGLE   =      244.6931  DIHED      =     1526.1130
 VDWAALS =    10057.2336  EEL     =   -82855.9061  HBOND      =        0.0000
 1-4 VDW =      414.5166  1-4 EEL =     5807.9903  RESTRAINT  =        0.0000


   NSTEP       ENERGY          RMS            GMAX         NAME    NUMBER
    520      -6.0403E+04     2.4435E-01     8.5877E+00     CD        238

 BOND    =     4404.8748  ANGLE   =      244.3555  DIHED      =     1525.9852
 VDWAALS =    10058.9620  EEL     =   -82858.7749  HBOND      =        0.0000
 1-4 VDW =      413.9228  1-4 EEL =     5807.3400  RESTRAINT  =        0.0000


   NSTEP       ENERGY          RMS            GMAX         NAME    NUMBER
    525      -6.0410E+04     2.8937E-01     9.3038E+00     CG        235

 BOND    =     4403.7362  ANGLE   =      245.0890  DIHED      =     1525.5443
 VDWAALS =    10062.9002  EEL     =   -82866.7132  HBOND      =        0.0000
 1-4 VDW =      413.4042  1-4 EEL =     5805.8866  RESTRAINT  =        0.0000


   NSTEP       ENERGY          RMS            GMAX         NAME    NUMBER
    530      -6.0411E+04     2.1444E-01     5.9725E+00     O       15656

 BOND    =     4403.8396  ANGLE   =      244.7986  DIHED      =     1525.4592
 VDWAALS =    10062.8540  EEL     =   -82867.7208  HBOND      =        0.0000
 1-4 VDW =      413.4419  1-4 EEL =     5805.9767  RESTRAINT  =        0.0000


   NSTEP       ENERGY          RMS            GMAX         NAME    NUMBER
    535      -6.0417E+04     2.6648E-01     8.1563E+00     C        2111

 BOND    =     4404.9161  ANGLE   =      245.1380  DIHED      =     1524.9695
 VDWAALS =    10062.9584  EEL     =   -82875.6496  HBOND      =        0.0000
 1-4 VDW =      413.8459  1-4 EEL =     5806.8899  RESTRAINT  =        0.0000


   NSTEP       ENERGY          RMS            GMAX         NAME    NUMBER
    540      -6.0423E+04     2.6188E-01     8.7085E+00     C        2111

 BOND    =     4405.8864  ANGLE   =      242.5472  DIHED      =     1524.7753
 VDWAALS =    10068.6409  EEL     =   -82886.9151  HBOND      =        0.0000
 1-4 VDW =      414.2813  1-4 EEL =     5807.5989  RESTRAINT  =        0.0000


   NSTEP       ENERGY          RMS            GMAX         NAME    NUMBER
    545      -6.0427E+04     2.6937E-01     8.7826E+00     C        2111

 BOND    =     4406.3333  ANGLE   =      243.0880  DIHED      =     1524.5523
 VDWAALS =    10073.4935  EEL     =   -82896.5543  HBOND      =        0.0000
 1-4 VDW =      414.6605  1-4 EEL =     5807.1129  RESTRAINT  =        0.0000


   NSTEP       ENERGY          RMS            GMAX         NAME    NUMBER
    550      -6.0434E+04     3.5024E-01     1.8272E+01     CD        839

 BOND    =     4406.5605  ANGLE   =      245.1557  DIHED      =     1524.1842
 VDWAALS =    10080.7666  EEL     =   -82911.4718  HBOND      =        0.0000
 1-4 VDW =      414.7383  1-4 EEL =     5806.2378  RESTRAINT  =        0.0000


   NSTEP       ENERGY          RMS            GMAX         NAME    NUMBER
    555      -6.0435E+04     2.4195E-01     6.7925E+00     CG        235

 BOND    =     4405.9391  ANGLE   =      244.7485  DIHED      =     1524.1183
 VDWAALS =    10080.5434  EEL     =   -82911.5415  HBOND      =        0.0000
 1-4 VDW =      414.7137  1-4 EEL =     5806.3474  RESTRAINT  =        0.0000


   NSTEP       ENERGY          RMS            GMAX         NAME    NUMBER
    560      -6.0440E+04     2.7812E-01     1.4232E+01     CD        839

 BOND    =     4408.6303  ANGLE   =      242.5152  DIHED      =     1523.6870
 VDWAALS =    10078.9416  EEL     =   -82914.8540  HBOND      =        0.0000
 1-4 VDW =      414.3454  1-4 EEL =     5807.1425  RESTRAINT  =        0.0000


   NSTEP       ENERGY          RMS            GMAX         NAME    NUMBER
    565      -6.0446E+04     2.2967E-01     9.3972E+00     C        2111

 BOND    =     4406.5317  ANGLE   =      243.5888  DIHED      =     1522.9725
 VDWAALS =    10077.7500  EEL     =   -82917.2357  HBOND      =        0.0000
 1-4 VDW =      413.8518  1-4 EEL =     5807.0176  RESTRAINT  =        0.0000


   NSTEP       ENERGY          RMS            GMAX         NAME    NUMBER
    570      -6.0450E+04     2.8252E-01     1.0994E+01     C        2111

 BOND    =     4410.1406  ANGLE   =      244.0599  DIHED      =     1522.6873
 VDWAALS =    10080.0898  EEL     =   -82926.3226  HBOND      =        0.0000
 1-4 VDW =      413.2763  1-4 EEL =     5806.2040  RESTRAINT  =        0.0000


   NSTEP       ENERGY          RMS            GMAX         NAME    NUMBER
    575      -6.0457E+04     3.2379E-01     1.0900E+01     CG        235

 BOND    =     4409.1889  ANGLE   =      244.0954  DIHED      =     1522.2426
 VDWAALS =    10085.4987  EEL     =   -82935.3496  HBOND      =        0.0000
 1-4 VDW =      412.6402  1-4 EEL =     5804.8471  RESTRAINT  =        0.0000


   NSTEP       ENERGY          RMS            GMAX         NAME    NUMBER
    580      -6.0458E+04     2.2059E-01     6.0738E+00     O       15656

 BOND    =     4409.7497  ANGLE   =      243.9402  DIHED      =     1522.1714
 VDWAALS =    10085.5531  EEL     =   -82937.1070  HBOND      =        0.0000
 1-4 VDW =      412.6654  1-4 EEL =     5804.9031  RESTRAINT  =        0.0000


   NSTEP       ENERGY          RMS            GMAX         NAME    NUMBER
    585      -6.0464E+04     2.7356E-01     1.1960E+01     CD        839

 BOND    =     4411.6752  ANGLE   =      244.6094  DIHED      =     1521.8282
 VDWAALS =    10085.8427  EEL     =   -82946.6481  HBOND      =        0.0000
 1-4 VDW =      413.1447  1-4 EEL =     5805.7787  RESTRAINT  =        0.0000


   NSTEP       ENERGY          RMS            GMAX         NAME    NUMBER
    590      -6.0470E+04     3.4171E-01     2.4293E+01     CD        839

 BOND    =     4413.7140  ANGLE   =      241.7964  DIHED      =     1521.6077
 VDWAALS =    10092.8375  EEL     =   -82959.8038  HBOND      =        0.0000
 1-4 VDW =      413.5338  1-4 EEL =     5806.5782  RESTRAINT  =        0.0000


   NSTEP       ENERGY          RMS            GMAX         NAME    NUMBER
    595      -6.0474E+04     2.5036E-01     9.2282E+00     C        2111

 BOND    =     4411.1198  ANGLE   =      242.8170  DIHED      =     1521.4032
 VDWAALS =    10097.8184  EEL     =   -82966.8025  HBOND      =        0.0000
 1-4 VDW =      413.8859  1-4 EEL =     5806.0598  RESTRAINT  =        0.0000


   NSTEP       ENERGY          RMS            GMAX         NAME    NUMBER
    600      -6.0479E+04     3.4239E-01     1.2840E+01     C        2111

 BOND    =     4412.9254  ANGLE   =      244.8524  DIHED      =     1521.2577
 VDWAALS =    10105.9903  EEL     =   -82983.6301  HBOND      =        0.0000
 1-4 VDW =      414.1187  1-4 EEL =     5805.3190  RESTRAINT  =        0.0000


   NSTEP       ENERGY          RMS            GMAX         NAME    NUMBER
    605      -6.0480E+04     2.3546E-01     6.6279E+00     CG        235

 BOND    =     4412.2694  ANGLE   =      244.3819  DIHED      =     1521.1684
 VDWAALS =    10105.7540  EEL     =   -82983.4726  HBOND      =        0.0000
 1-4 VDW =      414.0688  1-4 EEL =     5805.3887  RESTRAINT  =        0.0000


   NSTEP       ENERGY          RMS            GMAX         NAME    NUMBER
    610      -6.0485E+04     3.0087E-01     1.3382E+01     C        2111

 BOND    =     4414.7156  ANGLE   =      241.7991  DIHED      =     1520.7607
 VDWAALS =    10104.4960  EEL     =   -82986.3112  HBOND      =        0.0000
 1-4 VDW =      413.5565  1-4 EEL =     5806.0448  RESTRAINT  =        0.0000


   NSTEP       ENERGY          RMS            GMAX         NAME    NUMBER
    615      -6.0492E+04     2.7076E-01     1.0067E+01     CD        839

 BOND    =     4412.6849  ANGLE   =      243.0150  DIHED      =     1519.9022
 VDWAALS =    10103.1128  EEL     =   -82989.1528  HBOND      =        0.0000
 1-4 VDW =      412.9332  1-4 EEL =     5805.7124  RESTRAINT  =        0.0000


   NSTEP       ENERGY          RMS            GMAX         NAME    NUMBER
    620      -6.0494E+04     2.4490E-01     1.3212E+01     CD        839

 BOND    =     4415.4300  ANGLE   =      242.8217  DIHED      =     1519.8714
 VDWAALS =    10104.6462  EEL     =   -82995.0018  HBOND      =        0.0000
 1-4 VDW =      412.6568  1-4 EEL =     5805.1770  RESTRAINT  =        0.0000


   NSTEP       ENERGY          RMS            GMAX         NAME    NUMBER
    625      -6.0501E+04     3.1822E-01     1.2703E+01     CB        232

 BOND    =     4416.5504  ANGLE   =      243.4639  DIHED      =     1519.6085
 VDWAALS =    10110.9429  EEL     =   -83007.2840  HBOND      =        0.0000
 1-4 VDW =      412.1333  1-4 EEL =     5803.6519  RESTRAINT  =        0.0000


   NSTEP       ENERGY          RMS            GMAX         NAME    NUMBER
    630      -6.0502E+04     2.2041E-01     6.9301E+00     CG        235

 BOND    =     4416.0198  ANGLE   =      243.2611  DIHED      =     1519.5375
 VDWAALS =    10111.0630  EEL     =   -83008.0221  HBOND      =        0.0000
 1-4 VDW =      412.1627  1-4 EEL =     5803.7854  RESTRAINT  =        0.0000


   NSTEP       ENERGY          RMS            GMAX         NAME    NUMBER
    635      -6.0507E+04     2.0867E-01     1.2661E+01     CD        839

 BOND    =     4416.4475  ANGLE   =      242.9512  DIHED      =     1519.0621
 VDWAALS =    10111.2902  EEL     =   -83013.8833  HBOND      =        0.0000
 1-4 VDW =      412.5612  1-4 EEL =     5804.7778  RESTRAINT  =        0.0000


   NSTEP       ENERGY          RMS            GMAX         NAME    NUMBER
    640      -6.0511E+04     2.2008E-01     7.7738E+00     CB        232

 BOND    =     4417.2577  ANGLE   =      240.7441  DIHED      =     1518.9682
 VDWAALS =    10115.7970  EEL     =   -83021.6121  HBOND      =        0.0000
 1-4 VDW =      412.5734  1-4 EEL =     5805.3162  RESTRAINT  =        0.0000


   NSTEP       ENERGY          RMS            GMAX         NAME    NUMBER
    645      -6.0517E+04     2.9094E-01     9.6668E+00     CG       1892

 BOND    =     4419.0662  ANGLE   =      241.4208  DIHED      =     1518.7795
 VDWAALS =    10125.4281  EEL     =   -83039.2882  HBOND      =        0.0000
 1-4 VDW =      412.9915  1-4 EEL =     5804.9981  RESTRAINT  =        0.0000


   NSTEP       ENERGY          RMS            GMAX         NAME    NUMBER
    650      -6.0523E+04     4.0322E-01     2.6171E+01     C        2111

 BOND    =     4419.8554  ANGLE   =      244.7692  DIHED      =     1518.3839
 VDWAALS =    10133.6657  EEL     =   -83057.4264  HBOND      =        0.0000
 1-4 VDW =      413.4680  1-4 EEL =     5804.1458  RESTRAINT  =        0.0000


   NSTEP       ENERGY          RMS            GMAX         NAME    NUMBER
    655      -6.0525E+04     2.4106E-01     7.7240E+00     CG        235

 BOND    =     4418.8181  ANGLE   =      244.3447  DIHED      =     1518.3071
 VDWAALS =    10133.5537  EEL     =   -83057.2276  HBOND      =        0.0000
 1-4 VDW =      413.4087  1-4 EEL =     5804.2341  RESTRAINT  =        0.0000


   NSTEP       ENERGY          RMS            GMAX         NAME    NUMBER
    660      -6.0529E+04     2.9413E-01     1.2443E+01     C        2111

 BOND    =     4421.7787  ANGLE   =      240.5943  DIHED      =     1518.0525
 VDWAALS =    10132.9217  EEL     =   -83059.6611  HBOND      =        0.0000
 1-4 VDW =      412.7201  1-4 EEL =     5804.8781  RESTRAINT  =        0.0000


   NSTEP       ENERGY          RMS            GMAX         NAME    NUMBER
    665      -6.0535E+04     3.0128E-01     1.4532E+01     CD        839

 BOND    =     4419.5772  ANGLE   =      241.9206  DIHED      =     1517.0595
 VDWAALS =    10131.2678  EEL     =   -83061.7972  HBOND      =        0.0000
 1-4 VDW =      412.1144  1-4 EEL =     5804.4398  RESTRAINT  =        0.0000


   NSTEP       ENERGY          RMS            GMAX         NAME    NUMBER
    670      -6.0537E+04     2.2095E-01     1.4119E+01     CD        839

 BOND    =     4421.1803  ANGLE   =      242.4619  DIHED      =     1517.0211
 VDWAALS =    10132.0656  EEL     =   -83066.3177  HBOND      =        0.0000
 1-4 VDW =      412.0609  1-4 EEL =     5804.0464  RESTRAINT  =        0.0000


   NSTEP       ENERGY          RMS            GMAX         NAME    NUMBER
    675      -6.0544E+04     4.1468E-01     1.5409E+01     CB        232

 BOND    =     4423.9052  ANGLE   =      243.9247  DIHED      =     1516.7682
 VDWAALS =    10140.5195  EEL     =   -83082.7225  HBOND      =        0.0000
 1-4 VDW =      411.3603  1-4 EEL =     5802.0614  RESTRAINT  =        0.0000


   NSTEP       ENERGY          RMS            GMAX         NAME    NUMBER
    680      -6.0546E+04     2.8533E-01     1.0540E+01     CG        235

 BOND    =     4423.3587  ANGLE   =      243.5796  DIHED      =     1516.7046
 VDWAALS =    10140.5385  EEL     =   -83083.4072  HBOND      =        0.0000
 1-4 VDW =      411.3772  1-4 EEL =     5802.1528  RESTRAINT  =        0.0000


   NSTEP       ENERGY          RMS            GMAX         NAME    NUMBER
    685      -6.0552E+04     2.3619E-01     1.1692E+01     CD        839

 BOND    =     4422.7191  ANGLE   =      242.6975  DIHED      =     1516.0052
 VDWAALS =    10140.5725  EEL     =   -83089.0869  HBOND      =        0.0000
 1-4 VDW =      411.8025  1-4 EEL =     5803.4042  RESTRAINT  =        0.0000


   NSTEP       ENERGY          RMS            GMAX         NAME    NUMBER
    690      -6.0556E+04     2.0344E-01     7.2392E+00     CB        232

 BOND    =     4423.8122  ANGLE   =      240.3486  DIHED      =     1515.9544
 VDWAALS =    10144.2326  EEL     =   -83095.7082  HBOND      =        0.0000
 1-4 VDW =      411.7827  1-4 EEL =     5803.9165  RESTRAINT  =        0.0000


   NSTEP       ENERGY          RMS            GMAX         NAME    NUMBER
    695      -6.0560E+04     2.5588E-01     8.3529E+00     CD        839

 BOND    =     4424.9226  ANGLE   =      240.1598  DIHED      =     1515.9340
 VDWAALS =    10151.1011  EEL     =   -83107.9959  HBOND      =        0.0000
 1-4 VDW =      412.0541  1-4 EEL =     5803.6247  RESTRAINT  =        0.0000


   NSTEP       ENERGY          RMS            GMAX         NAME    NUMBER
    700      -6.0564E+04     2.2960E-01     7.2754E+00     CG        235

 BOND    =     4424.4912  ANGLE   =      243.4197  DIHED      =     1515.5177
 VDWAALS =    10155.4992  EEL     =   -83118.4648  HBOND      =        0.0000
 1-4 VDW =      412.5041  1-4 EEL =     5802.9857  RESTRAINT  =        0.0000


   NSTEP       ENERGY          RMS            GMAX         NAME    NUMBER
    705      -6.0565E+04     1.5003E-01     3.9637E+00     O       15656

 BOND    =     4424.2466  ANGLE   =      242.7005  DIHED      =     1515.4679
 VDWAALS =    10155.5276  EEL     =   -83118.6260  HBOND      =        0.0000
 1-4 VDW =      412.4240  1-4 EEL =     5803.1653  RESTRAINT  =        0.0000


   NSTEP       ENERGY          RMS            GMAX         NAME    NUMBER
    710      -6.0568E+04     2.7355E-01     1.3313E+01     CD        839

 BOND    =     4426.6534  ANGLE   =      239.3861  DIHED      =     1515.3938
 VDWAALS =    10155.6217  EEL     =   -83120.5813  HBOND      =        0.0000
 1-4 VDW =      411.8843  1-4 EEL =     5803.6566  RESTRAINT  =        0.0000


   NSTEP       ENERGY          RMS            GMAX         NAME    NUMBER
    715      -6.0574E+04     2.4966E-01     1.0806E+01     C        2111

 BOND    =     4425.7135  ANGLE   =      241.7468  DIHED      =     1514.3738
 VDWAALS =    10154.4096  EEL     =   -83124.4436  HBOND      =        0.0000
 1-4 VDW =      411.5189  1-4 EEL =     5803.1521  RESTRAINT  =        0.0000


   NSTEP       ENERGY          RMS            GMAX         NAME    NUMBER
    720      -6.0576E+04     2.7351E-01     1.1638E+01     CD        839

 BOND    =     4426.5485  ANGLE   =      242.3077  DIHED      =     1514.2825
 VDWAALS =    10156.1189  EEL     =   -83129.2194  HBOND      =        0.0000
 1-4 VDW =      411.3778  1-4 EEL =     5802.5871  RESTRAINT  =        0.0000


   NSTEP       ENERGY          RMS            GMAX         NAME    NUMBER
    725      -6.0584E+04     3.6620E-01     1.3795E+01     CB        232

 BOND    =     4429.2710  ANGLE   =      243.1875  DIHED      =     1513.9020
 VDWAALS =    10164.0172  EEL     =   -83146.0925  HBOND      =        0.0000
 1-4 VDW =      410.7640  1-4 EEL =     5800.7093  RESTRAINT  =        0.0000


   NSTEP       ENERGY          RMS            GMAX         NAME    NUMBER
    730      -6.0586E+04     2.5478E-01     8.9621E+00     CG        235

 BOND    =     4428.7569  ANGLE   =      242.7802  DIHED      =     1513.8290
 VDWAALS =    10164.0153  EEL     =   -83146.5820  HBOND      =        0.0000
 1-4 VDW =      410.7885  1-4 EEL =     5800.8154  RESTRAINT  =        0.0000


   NSTEP       ENERGY          RMS            GMAX         NAME    NUMBER
    735      -6.0591E+04     2.2354E-01     1.2034E+01     CD        839

 BOND    =     4428.0791  ANGLE   =      242.0801  DIHED      =     1513.1341
 VDWAALS =    10164.2651  EEL     =   -83152.0277  HBOND      =        0.0000
 1-4 VDW =      411.1930  1-4 EEL =     5802.1526  RESTRAINT  =        0.0000


   NSTEP       ENERGY          RMS            GMAX         NAME    NUMBER
    740      -6.0595E+04     1.9570E-01     8.0611E+00     CB        232

 BOND    =     4429.1812  ANGLE   =      240.0610  DIHED      =     1513.0665
 VDWAALS =    10167.8022  EEL     =   -83158.5849  HBOND      =        0.0000
 1-4 VDW =      411.2092  1-4 EEL =     5802.7374  RESTRAINT  =        0.0000


   NSTEP       ENERGY          RMS            GMAX         NAME    NUMBER
    745      -6.0599E+04     2.4219E-01     1.0103E+01     C        2111

 BOND    =     4430.4028  ANGLE   =      239.7292  DIHED      =     1513.0060
 VDWAALS =    10174.6436  EEL     =   -83170.3477  HBOND      =        0.0000
 1-4 VDW =      411.4881  1-4 EEL =     5802.4784  RESTRAINT  =        0.0000


   NSTEP       ENERGY          RMS            GMAX         NAME    NUMBER
    750      -6.0602E+04     2.3270E-01     7.4137E+00     CG        235

 BOND    =     4429.9305  ANGLE   =      242.9558  DIHED      =     1512.5610
 VDWAALS =    10178.8496  EEL     =   -83179.8886  HBOND      =        0.0000
 1-4 VDW =      411.8471  1-4 EEL =     5801.6560  RESTRAINT  =        0.0000


   NSTEP       ENERGY          RMS            GMAX         NAME    NUMBER
    755      -6.0603E+04     1.5271E-01     3.8384E+00     O       15656

 BOND    =     4429.5816  ANGLE   =      242.3148  DIHED      =     1512.5141
 VDWAALS =    10178.8383  EEL     =   -83179.9638  HBOND      =        0.0000
 1-4 VDW =      411.7624  1-4 EEL =     5801.8226  RESTRAINT  =        0.0000


   NSTEP       ENERGY          RMS            GMAX         NAME    NUMBER
    760      -6.0606E+04     2.8290E-01     1.5721E+01     C        2111

 BOND    =     4432.0234  ANGLE   =      238.6583  DIHED      =     1512.4881
 VDWAALS =    10178.1976  EEL     =   -83181.0231  HBOND      =        0.0000
 1-4 VDW =      411.2182  1-4 EEL =     5802.2479  RESTRAINT  =        0.0000


   NSTEP       ENERGY          RMS            GMAX         NAME    NUMBER
    765      -6.0611E+04     2.7418E-01     1.5097E+01     C        2111

 BOND    =     4430.7963  ANGLE   =      240.9826  DIHED      =     1511.3605
 VDWAALS =    10175.8434  EEL     =   -83182.8565  HBOND      =        0.0000
 1-4 VDW =      410.8616  1-4 EEL =     5801.6530  RESTRAINT  =        0.0000


   NSTEP       ENERGY          RMS            GMAX         NAME    NUMBER
    770      -6.0614E+04     2.5643E-01     1.3186E+01     CD        839

 BOND    =     4431.3976  ANGLE   =      241.4772  DIHED      =     1511.3094
 VDWAALS =    10177.1067  EEL     =   -83186.7172  HBOND      =        0.0000
 1-4 VDW =      410.7438  1-4 EEL =     5801.1537  RESTRAINT  =        0.0000


   NSTEP       ENERGY          RMS            GMAX         NAME    NUMBER
    775      -6.0621E+04     4.0341E-01     1.5578E+01     CB        232

 BOND    =     4434.4278  ANGLE   =      242.9036  DIHED      =     1510.9178
 VDWAALS =    10183.8175  EEL     =   -83202.6037  HBOND      =        0.0000
 1-4 VDW =      410.1217  1-4 EEL =     5799.0211  RESTRAINT  =        0.0000


   NSTEP       ENERGY          RMS            GMAX         NAME    NUMBER
    780      -6.0623E+04     2.8265E-01     9.7823E+00     CB        232

 BOND    =     4433.7230  ANGLE   =      242.4783  DIHED      =     1510.8425
 VDWAALS =    10183.8164  EEL     =   -83202.9756  HBOND      =        0.0000
 1-4 VDW =      410.1415  1-4 EEL =     5799.1379  RESTRAINT  =        0.0000


   NSTEP       ENERGY          RMS            GMAX         NAME    NUMBER
    785      -6.0629E+04     2.3477E-01     1.6075E+01     CD        839

 BOND    =     4432.7276  ANGLE   =      241.4878  DIHED      =     1510.0451
 VDWAALS =    10183.8723  EEL     =   -83208.0630  HBOND      =        0.0000
 1-4 VDW =      410.5407  1-4 EEL =     5800.6159  RESTRAINT  =        0.0000


   NSTEP       ENERGY          RMS            GMAX         NAME    NUMBER
    790      -6.0632E+04     1.9730E-01     7.8628E+00     CB        232

 BOND    =     4433.7781  ANGLE   =      239.9363  DIHED      =     1509.9131
 VDWAALS =    10186.7974  EEL     =   -83214.2881  HBOND      =        0.0000
 1-4 VDW =      410.5823  1-4 EEL =     5801.3016  RESTRAINT  =        0.0000


   NSTEP       ENERGY          RMS            GMAX         NAME    NUMBER
    795      -6.0636E+04     2.6553E-01     1.3681E+01     C        2111

 BOND    =     4435.4974  ANGLE   =      239.2632  DIHED      =     1509.8858
 VDWAALS =    10194.3064  EEL     =   -83227.3214  HBOND      =        0.0000
 1-4 VDW =      410.8423  1-4 EEL =     5801.2104  RESTRAINT  =        0.0000


   NSTEP       ENERGY          RMS            GMAX         NAME    NUMBER
    800      -6.0640E+04     2.6287E-01     9.8432E+00     C        2111

 BOND    =     4434.8715  ANGLE   =      242.9116  DIHED      =     1509.3567
 VDWAALS =    10199.4414  EEL     =   -83238.3508  HBOND      =        0.0000
 1-4 VDW =      411.2310  1-4 EEL =     5800.1765  RESTRAINT  =        0.0000


   NSTEP       ENERGY          RMS            GMAX         NAME    NUMBER
    805      -6.0641E+04     1.7138E-01     4.2346E+00     OD2      1190

 BOND    =     4434.4299  ANGLE   =      242.3712  DIHED      =     1509.3132
 VDWAALS =    10199.3747  EEL     =   -83238.4187  HBOND      =        0.0000
 1-4 VDW =      411.1522  1-4 EEL =     5800.2993  RESTRAINT  =        0.0000


   NSTEP       ENERGY          RMS            GMAX         NAME    NUMBER
    810      -6.0646E+04     3.1150E-01     1.8266E+01     C        2111

 BOND    =     4437.2337  ANGLE   =      237.9214  DIHED      =     1509.4042
 VDWAALS =    10197.5642  EEL     =   -83239.0271  HBOND      =        0.0000
 1-4 VDW =      410.5148  1-4 EEL =     5800.6762  RESTRAINT  =        0.0000


   NSTEP       ENERGY          RMS            GMAX         NAME    NUMBER
    815      -6.0652E+04     2.8743E-01     1.5142E+01     C        2111

 BOND    =     4435.3549  ANGLE   =      240.4187  DIHED      =     1508.1110
 VDWAALS =    10193.8207  EEL     =   -83239.5448  HBOND      =        0.0000
 1-4 VDW =      410.1465  1-4 EEL =     5799.9578  RESTRAINT  =        0.0000


   NSTEP       ENERGY          RMS            GMAX         NAME    NUMBER
    820      -6.0654E+04     2.6484E-01     1.9636E+01     CD        839

 BOND    =     4436.2039  ANGLE   =      240.7075  DIHED      =     1508.1499
 VDWAALS =    10194.9309  EEL     =   -83243.5404  HBOND      =        0.0000
 1-4 VDW =      410.0480  1-4 EEL =     5799.4700  RESTRAINT  =        0.0000


   NSTEP       ENERGY          RMS            GMAX         NAME    NUMBER
    825      -6.0664E+04     4.1735E-01     1.7245E+01     CB        232

 BOND    =     4439.6649  ANGLE   =      243.2203  DIHED      =     1507.8939
 VDWAALS =    10202.0275  EEL     =   -83262.7027  HBOND      =        0.0000
 1-4 VDW =      409.4052  1-4 EEL =     5796.8966  RESTRAINT  =        0.0000


   NSTEP       ENERGY          RMS            GMAX         NAME    NUMBER
    830      -6.0665E+04     3.1392E-01     1.0961E+01     CB        232

 BOND    =     4438.8400  ANGLE   =      242.7711  DIHED      =     1507.8073
 VDWAALS =    10202.0583  EEL     =   -83263.0478  HBOND      =        0.0000
 1-4 VDW =      409.4162  1-4 EEL =     5797.0534  RESTRAINT  =        0.0000


   NSTEP       ENERGY          RMS            GMAX         NAME    NUMBER
    835      -6.0672E+04     2.1789E-01     1.6653E+01     CD        839

 BOND    =     4437.6047  ANGLE   =      240.5847  DIHED      =     1506.8454
 VDWAALS =    10202.0093  EEL     =   -83268.0334  HBOND      =        0.0000
 1-4 VDW =      409.8052  1-4 EEL =     5798.8882  RESTRAINT  =        0.0000


   NSTEP       ENERGY          RMS            GMAX         NAME    NUMBER
    840      -6.0675E+04     1.7623E-01     6.1672E+00     O       15656

 BOND    =     4438.4925  ANGLE   =      238.9663  DIHED      =     1506.7698
 VDWAALS =    10204.4192  EEL     =   -83273.3112  HBOND      =        0.0000
 1-4 VDW =      409.7900  1-4 EEL =     5799.3742  RESTRAINT  =        0.0000


   NSTEP       ENERGY          RMS            GMAX         NAME    NUMBER
    845      -6.0681E+04     2.4889E-01     9.4268E+00     C        2111

 BOND    =     4440.0231  ANGLE   =      238.6563  DIHED      =     1506.7325
 VDWAALS =    10212.5446  EEL     =   -83288.0020  HBOND      =        0.0000
 1-4 VDW =      409.9713  1-4 EEL =     5799.3270  RESTRAINT  =        0.0000


   NSTEP       ENERGY          RMS            GMAX         NAME    NUMBER
    850      -6.0685E+04     3.2412E-01     1.4890E+01     C        2111

 BOND    =     4439.7633  ANGLE   =      242.5741  DIHED      =     1506.1416
 VDWAALS =    10216.0125  EEL     =   -83298.0017  HBOND      =        0.0000
 1-4 VDW =      410.2597  1-4 EEL =     5798.5400  RESTRAINT  =        0.0000


   NSTEP       ENERGY          RMS            GMAX         NAME    NUMBER
    855      -6.0686E+04     1.7568E-01     5.0962E+00     CG        235

 BOND    =     4439.3427  ANGLE   =      241.9126  DIHED      =     1506.1133
 VDWAALS =    10215.8297  EEL     =   -83297.8989  HBOND      =        0.0000
 1-4 VDW =      410.2052  1-4 EEL =     5798.5782  RESTRAINT  =        0.0000


   NSTEP       ENERGY          RMS            GMAX         NAME    NUMBER
    860      -6.0689E+04     2.3300E-01     8.3010E+00     C        2111

 BOND    =     4441.0081  ANGLE   =      238.2228  DIHED      =     1506.3468
 VDWAALS =    10215.1457  EEL     =   -83298.1599  HBOND      =        0.0000
 1-4 VDW =      409.8188  1-4 EEL =     5798.9189  RESTRAINT  =        0.0000


   NSTEP       ENERGY          RMS            GMAX         NAME    NUMBER
    865      -6.0695E+04     2.5897E-01     9.5095E+00     CD        839

 BOND    =     4440.3067  ANGLE   =      240.3651  DIHED      =     1505.1576
 VDWAALS =    10211.1698  EEL     =   -83299.9211  HBOND      =        0.0000
 1-4 VDW =      409.4788  1-4 EEL =     5798.4306  RESTRAINT  =        0.0000


   NSTEP       ENERGY          RMS            GMAX         NAME    NUMBER
    870      -6.0697E+04     2.3958E-01     1.5346E+01     CD        839

 BOND    =     4441.1728  ANGLE   =      240.2935  DIHED      =     1505.2812
 VDWAALS =    10211.7394  EEL     =   -83303.0080  HBOND      =        0.0000
 1-4 VDW =      409.3609  1-4 EEL =     5797.8806  RESTRAINT  =        0.0000


   NSTEP       ENERGY          RMS            GMAX         NAME    NUMBER
    875      -6.0705E+04     3.4446E-01     1.8017E+01     CB        232

 BOND    =     4443.7135  ANGLE   =      241.9059  DIHED      =     1505.3520
 VDWAALS =    10215.8664  EEL     =   -83316.2551  HBOND      =        0.0000
 1-4 VDW =      408.7550  1-4 EEL =     5795.7507  RESTRAINT  =        0.0000


   NSTEP       ENERGY          RMS            GMAX         NAME    NUMBER
    880      -6.0706E+04     2.5544E-01     9.2018E+00     CB        232

 BOND    =     4442.8484  ANGLE   =      241.5190  DIHED      =     1505.2588
 VDWAALS =    10215.8647  EEL     =   -83316.4762  HBOND      =        0.0000
 1-4 VDW =      408.7727  1-4 EEL =     5795.9333  RESTRAINT  =        0.0000


   NSTEP       ENERGY          RMS            GMAX         NAME    NUMBER
    885      -6.0712E+04     2.0061E-01     1.0501E+01     CD        839

 BOND    =     4442.0346  ANGLE   =      239.9746  DIHED      =     1504.4445
 VDWAALS =    10216.1145  EEL     =   -83320.8723  HBOND      =        0.0000
 1-4 VDW =      409.1235  1-4 EEL =     5797.4581  RESTRAINT  =        0.0000


   NSTEP       ENERGY          RMS            GMAX         NAME    NUMBER
    890      -6.0715E+04     1.7521E-01     6.1371E+00     CD        839

 BOND    =     4442.5833  ANGLE   =      238.8265  DIHED      =     1504.3833
 VDWAALS =    10218.0753  EEL     =   -83325.4542  HBOND      =        0.0000
 1-4 VDW =      409.1318  1-4 EEL =     5797.7831  RESTRAINT  =        0.0000


   NSTEP       ENERGY          RMS            GMAX         NAME    NUMBER
    895      -6.0720E+04     2.2904E-01     7.1816E+00     CG        235

 BOND    =     4444.0069  ANGLE   =      238.9498  DIHED      =     1504.4000
 VDWAALS =    10225.1728  EEL     =   -83339.3426  HBOND      =        0.0000
 1-4 VDW =      409.2519  1-4 EEL =     5797.4465  RESTRAINT  =        0.0000


   NSTEP       ENERGY          RMS            GMAX         NAME    NUMBER
    900      -6.0725E+04     2.5831E-01     1.2831E+01     CD        839

 BOND    =     4443.4435  ANGLE   =      241.9240  DIHED      =     1503.8761
 VDWAALS =    10229.0232  EEL     =   -83350.0804  HBOND      =        0.0000
 1-4 VDW =      409.5086  1-4 EEL =     5796.9987  RESTRAINT  =        0.0000


   NSTEP       ENERGY          RMS            GMAX         NAME    NUMBER
    905      -6.0726E+04     1.5690E-01     5.3658E+00     CD        839

 BOND    =     4444.5739  ANGLE   =      241.1356  DIHED      =     1503.8718
 VDWAALS =    10228.8881  EEL     =   -83351.4607  HBOND      =        0.0000
 1-4 VDW =      409.4459  1-4 EEL =     5797.0705  RESTRAINT  =        0.0000


   NSTEP       ENERGY          RMS            GMAX         NAME    NUMBER
    910      -6.0730E+04     2.6395E-01     1.1587E+01     CD        839

 BOND    =     4445.3823  ANGLE   =      237.8537  DIHED      =     1504.1429
 VDWAALS =    10227.5735  EEL     =   -83350.9044  HBOND      =        0.0000
 1-4 VDW =      409.0291  1-4 EEL =     5797.3866  RESTRAINT  =        0.0000


   NSTEP       ENERGY          RMS            GMAX         NAME    NUMBER
    915      -6.0735E+04     3.2015E-01     1.2622E+01     CG        235

 BOND    =     4447.0939  ANGLE   =      240.3533  DIHED      =     1503.0144
 VDWAALS =    10223.4069  EEL     =   -83354.3069  HBOND      =        0.0000
 1-4 VDW =      408.7420  1-4 EEL =     5796.7754  RESTRAINT  =        0.0000


   NSTEP       ENERGY          RMS            GMAX         NAME    NUMBER
    920      -6.0737E+04     2.4550E-01     1.3212E+01     CD        839

 BOND    =     4444.2531  ANGLE   =      239.9786  DIHED      =     1503.2282
 VDWAALS =    10224.2493  EEL     =   -83354.0767  HBOND      =        0.0000
 1-4 VDW =      408.5999  1-4 EEL =     5796.2985  RESTRAINT  =        0.0000


   NSTEP       ENERGY          RMS            GMAX         NAME    NUMBER
    925      -6.0744E+04     3.3335E-01     1.4661E+01     CG        235

 BOND    =     4447.0695  ANGLE   =      241.1472  DIHED      =     1503.5831
 VDWAALS =    10228.0492  EEL     =   -83366.8926  HBOND      =        0.0000
 1-4 VDW =      408.0951  1-4 EEL =     5794.4548  RESTRAINT  =        0.0000


   NSTEP       ENERGY          RMS            GMAX         NAME    NUMBER
    930      -6.0746E+04     2.3430E-01     8.6385E+00     CG        235

 BOND    =     4447.0977  ANGLE   =      240.8506  DIHED      =     1503.4706
 VDWAALS =    10228.0838  EEL     =   -83368.0489  HBOND      =        0.0000
 1-4 VDW =      408.1330  1-4 EEL =     5794.5977  RESTRAINT  =        0.0000


   NSTEP       ENERGY          RMS            GMAX         NAME    NUMBER
    935      -6.0750E+04     2.1142E-01     6.8502E+00     CD        839

 BOND    =     4447.0214  ANGLE   =      240.2181  DIHED      =     1502.5955
 VDWAALS =    10228.6963  EEL     =   -83373.0893  HBOND      =        0.0000
 1-4 VDW =      408.3736  1-4 EEL =     5795.8746  RESTRAINT  =        0.0000


   NSTEP       ENERGY          RMS            GMAX         NAME    NUMBER
    940      -6.0754E+04     1.7527E-01     6.1984E+00     O       15656

 BOND    =     4447.4119  ANGLE   =      238.7559  DIHED      =     1502.5582
 VDWAALS =    10231.0601  EEL     =   -83377.9787  HBOND      =        0.0000
 1-4 VDW =      408.4091  1-4 EEL =     5796.2163  RESTRAINT  =        0.0000


   NSTEP       ENERGY          RMS            GMAX         NAME    NUMBER
    945      -6.0758E+04     2.4592E-01     7.2908E+00     CG        235

 BOND    =     4448.7191  ANGLE   =      238.7326  DIHED      =     1502.8068
 VDWAALS =    10236.7266  EEL     =   -83389.1358  HBOND      =        0.0000
 1-4 VDW =      408.4611  1-4 EEL =     5795.7239  RESTRAINT  =        0.0000


   NSTEP       ENERGY          RMS            GMAX         NAME    NUMBER
    950      -6.0762E+04     2.9459E-01     2.3387E+01     CD        839

 BOND    =     4450.5695  ANGLE   =      241.4695  DIHED      =     1502.2852
 VDWAALS =    10240.5961  EEL     =   -83400.7089  HBOND      =        0.0000
 1-4 VDW =      408.6471  1-4 EEL =     5795.2921  RESTRAINT  =        0.0000


   NSTEP       ENERGY          RMS            GMAX         NAME    NUMBER
    955      -6.0763E+04     1.4964E-01     6.6075E+00     CD        839

 BOND    =     4448.1410  ANGLE   =      241.0456  DIHED      =     1502.2822
 VDWAALS =    10240.5054  EEL     =   -83398.8946  HBOND      =        0.0000
 1-4 VDW =      408.6154  1-4 EEL =     5795.3813  RESTRAINT  =        0.0000


   NSTEP       ENERGY          RMS            GMAX         NAME    NUMBER
    960      -6.0765E+04     2.3798E-01     7.7139E+00     CD        839

 BOND    =     4451.1112  ANGLE   =      238.2649  DIHED      =     1502.4835
 VDWAALS =    10239.1721  EEL     =   -83400.4616  HBOND      =        0.0000
 1-4 VDW =      408.3383  1-4 EEL =     5795.7012  RESTRAINT  =        0.0000


   NSTEP       ENERGY          RMS            GMAX         NAME    NUMBER
    965      -6.0771E+04     2.7752E-01     1.1018E+01     C        2111

 BOND    =     4447.0645  ANGLE   =      240.4514  DIHED      =     1501.5567
 VDWAALS =    10236.0382  EEL     =   -83399.1420  HBOND      =        0.0000
 1-4 VDW =      408.1208  1-4 EEL =     5795.3801  RESTRAINT  =        0.0000


   NSTEP       ENERGY          RMS            GMAX         NAME    NUMBER
    970      -6.0773E+04     2.3733E-01     9.5806E+00     CD        839

 BOND    =     4450.8416  ANGLE   =      240.4722  DIHED      =     1501.6773
 VDWAALS =    10236.5856  EEL     =   -83405.2877  HBOND      =        0.0000
 1-4 VDW =      407.9475  1-4 EEL =     5794.8114  RESTRAINT  =        0.0000


   NSTEP       ENERGY          RMS            GMAX         NAME    NUMBER
    975      -6.0778E+04     3.0247E-01     1.2704E+01     CG        235

 BOND    =     4451.0357  ANGLE   =      240.6648  DIHED      =     1502.1635
 VDWAALS =    10239.4586  EEL     =   -83412.3366  HBOND      =        0.0000
 1-4 VDW =      407.4453  1-4 EEL =     5793.1252  RESTRAINT  =        0.0000


   NSTEP       ENERGY          RMS            GMAX         NAME    NUMBER
    980      -6.0780E+04     2.0781E-01     6.5752E+00     CG        235

 BOND    =     4450.8529  ANGLE   =      240.4513  DIHED      =     1502.0498
 VDWAALS =    10239.4492  EEL     =   -83413.2776  HBOND      =        0.0000
 1-4 VDW =      407.5014  1-4 EEL =     5793.2681  RESTRAINT  =        0.0000


   NSTEP       ENERGY          RMS            GMAX         NAME    NUMBER
    985      -6.0784E+04     2.2763E-01     8.8991E+00     CB        232

 BOND    =     4450.4746  ANGLE   =      240.6403  DIHED      =     1501.2624
 VDWAALS =    10239.6562  EEL     =   -83417.6692  HBOND      =        0.0000
 1-4 VDW =      407.7631  1-4 EEL =     5794.2129  RESTRAINT  =        0.0000


   NSTEP       ENERGY          RMS            GMAX         NAME    NUMBER
    990      -6.0787E+04     1.9208E-01     7.2250E+00     CG        235

 BOND    =     4451.3777  ANGLE   =      238.5898  DIHED      =     1501.3199
 VDWAALS =    10242.4708  EEL     =   -83423.3765  HBOND      =        0.0000
 1-4 VDW =      407.7880  1-4 EEL =     5794.6099  RESTRAINT  =        0.0000


   NSTEP       ENERGY          RMS            GMAX         NAME    NUMBER
    995      -6.0791E+04     2.3711E-01     7.0673E+00     CG        235

 BOND    =     4452.2202  ANGLE   =      238.6991  DIHED      =     1501.4759
 VDWAALS =    10246.2863  EEL     =   -83431.4533  HBOND      =        0.0000
 1-4 VDW =      407.8207  1-4 EEL =     5794.1218  RESTRAINT  =        0.0000


   NSTEP       ENERGY          RMS            GMAX         NAME    NUMBER
   1000      -6.0794E+04     2.5616E-01     1.5956E+01     CD        839

 BOND    =     4452.7700  ANGLE   =      241.2124  DIHED      =     1501.0757
 VDWAALS =    10249.0110  EEL     =   -83439.9555  HBOND      =        0.0000
 1-4 VDW =      408.0079  1-4 EEL =     5793.5775  RESTRAINT  =        0.0000


  Maximum number of minimization cycles reached.


                    FINAL RESULTS



   NSTEP       ENERGY          RMS            GMAX         NAME    NUMBER
   1000      -6.0794E+04     2.5616E-01     1.5956E+01     CD        839

 BOND    =     4452.7700  ANGLE   =      241.2124  DIHED      =     1501.0757
 VDWAALS =    10249.0110  EEL     =   -83439.9555  HBOND      =        0.0000
 1-4 VDW =      408.0079  1-4 EEL =     5793.5775  RESTRAINT  =        0.0000
--------------------------------------------------------------------------------
   5.  TIMINGS
--------------------------------------------------------------------------------

|  NonSetup CPU Time in Major Routines:
|
|     Routine           Sec        %
|     ------------------------------
|     Nonbond          52.82   95.86
|     Bond              0.18    0.33
|     Angle             0.22    0.39
|     Dihedral          1.61    2.92
|     Shake             0.00    0.00
|     Other             0.27    0.49
|     ------------------------------
|     Total            55.10

|  PME Nonbond Pairlist CPU Time:
|
|     Routine              Sec        %
|     ---------------------------------
|     Set Up Cit           0.00    0.01
|     Build List           0.50    0.91
|     ---------------------------------
|     Total                0.50    0.91

|  PME Direct Force CPU Time:
|
|     Routine              Sec        %
|     ---------------------------------
|     NonBonded Calc      35.17   63.83
|     Exclude Masked       0.80    1.46
|     Other                0.21    0.38
|     ---------------------------------
|     Total               36.18   65.66

|  PME Reciprocal Force CPU Time:
|
|     Routine              Sec        %
|     ---------------------------------
|     1D bspline           0.50    0.90
|     Grid Charges         1.32    2.40
|     Scalar Sum           5.87   10.65
|     Gradient Sum         1.96    3.56
|     FFT                  6.44   11.69
|     ---------------------------------
|     Total               16.09   29.20

|  Setup CPU time:            0.10 seconds
|  NonSetup CPU time:        55.10 seconds
|  Total CPU time:           55.21 seconds     0.02 hours

|  Setup wall time:           1    seconds
|  NonSetup wall time:       55    seconds
|  Total wall time:          56    seconds     0.02 hours
