# 08/29/18 21:43:21
# -p ../../../top_files/dry_4uet.prmtop
# Loaded topologies:
#   ../../../top_files/dry_4uet.prmtop
trajin full_fit_4uet.nc
# 09/02/18 21:21:59
# -p ../../../top_files/dry_4uet.prmtop
# Loaded topologies:
#   ../../../top_files/dry_4uet.prmtop
trajin full_fit_4uet.nc
# 09/02/18 21:22:21
# -p ../../../top_files/dry_4uet.prmtop
# Loaded topologies:
#   ../../../top_files/dry_4uet.prmtop
trajin full_fit_4uet.nc 1 500000
trajout ffull_fit_4uet.nc
go
# 09/03/18 19:00:58
# -p ../../../top_files/dry_4uet.prmtop
# Loaded topologies:
#   ../../../top_files/dry_4uet.prmtop
trajin full_fit_4uet.nc
trajout ffull_fit_4uet.nc
# 09/03/18 19:02:26
# -p ../../../top_files/dry_4uet.prmtop
# Loaded topologies:
#   ../../../top_files/dry_4uet.prmtop
trajin full_fit_4uet.nc 1 400000
trajout ffull_fit_4uet.nc
go
# 10/09/18 17:25:44
# -p ../../../top_files/dry_4uet.prmtop
# Loaded topologies:
#   ../../../top_files/dry_4uet.prmtop
trajin full_fit_4uet.nc
go
# 10/09/18 17:26:05
# -p ../../../top_files/dry_4uet.prmtop
# Loaded topologies:
#   ../../../top_files/dry_4uet.prmtop
trajin full_fit_4uet.nc 1 300000
trajout ffull_fit_4uet.nc
go
